GAS LISTING C:\Temp/cctvrweV.s 			page 1


   1               		.file	"dencode.c"
   2               	__SREG__ = 0x3f
   3               	__SP_H__ = 0x3e
   4               	__SP_L__ = 0x3d
   5               	__CCP__  = 0x34
   6               	__tmp_reg__ = 0
   7               	__zero_reg__ = 1
   8               		.global __do_copy_data
   9               		.global __do_clear_bss
  10               		.text
  11               	.global	NutDecodeHex
  12               		.type	NutDecodeHex, @function
  13               	NutDecodeHex:
  14               	/* prologue: function */
  15               	/* frame size = 0 */
  16 0000 982F      		mov r25,r24
  17 0002 8053      		subi r24,lo8(-(-48))
  18 0004 8A30      		cpi r24,lo8(10)
  19 0006 00F4      		brsh .L2
  20 0008 292F      		mov r18,r25
  21 000a 3327      		clr r19
  22 000c 27FD      		sbrc r18,7
  23 000e 3095      		com r19
  24 0010 2053      		subi r18,lo8(-(-48))
  25 0012 3040      		sbci r19,hi8(-(-48))
  26 0014 00C0      		rjmp .L3
  27               	.L2:
  28 0016 892F      		mov r24,r25
  29 0018 8156      		subi r24,lo8(-(-97))
  30 001a 8630      		cpi r24,lo8(6)
  31 001c 00F4      		brsh .L4
  32 001e 292F      		mov r18,r25
  33 0020 3327      		clr r19
  34 0022 27FD      		sbrc r18,7
  35 0024 3095      		com r19
  36 0026 2755      		subi r18,lo8(-(-87))
  37 0028 3040      		sbci r19,hi8(-(-87))
  38 002a 00C0      		rjmp .L3
  39               	.L4:
  40 002c 892F      		mov r24,r25
  41 002e 8154      		subi r24,lo8(-(-65))
  42 0030 8630      		cpi r24,lo8(6)
  43 0032 00F0      		brlo .L5
  44 0034 2FEF      		ldi r18,lo8(-1)
  45 0036 3FEF      		ldi r19,hi8(-1)
  46 0038 00C0      		rjmp .L3
  47               	.L5:
  48 003a 292F      		mov r18,r25
  49 003c 3327      		clr r19
  50 003e 27FD      		sbrc r18,7
  51 0040 3095      		com r19
  52 0042 2753      		subi r18,lo8(-(-55))
  53 0044 3040      		sbci r19,hi8(-(-55))
  54               	.L3:
  55 0046 C901      		movw r24,r18
  56               	/* epilogue start */
  57 0048 0895      		ret
GAS LISTING C:\Temp/cctvrweV.s 			page 2


  58               		.size	NutDecodeHex, .-NutDecodeHex
  59               	.global	NutDecodePath
  60               		.type	NutDecodePath, @function
  61               	NutDecodePath:
  62 004a CF93      		push r28
  63 004c DF93      		push r29
  64               	/* prologue: function */
  65               	/* frame size = 0 */
  66 004e EC01      		movw r28,r24
  67 0050 6881      		ld r22,Y
  68 0052 6F32      		cpi r22,lo8(47)
  69 0054 01F0      		breq .L8
  70 0056 C0E0      		ldi r28,lo8(0)
  71 0058 D0E0      		ldi r29,hi8(0)
  72 005a 00C0      		rjmp .L9
  73               	.L8:
  74 005c FC01      		movw r30,r24
  75 005e AC01      		movw r20,r24
  76 0060 7FE2      		ldi r23,lo8(47)
  77 0062 00C0      		rjmp .L26
  78               	.L22:
  79 0064 8532      		cpi r24,lo8(37)
  80 0066 01F0      		breq .+2
  81 0068 00C0      		rjmp .L11
  82 006a 1196      		adiw r26,1
  83 006c 9C91      		ld r25,X
  84 006e 1197      		sbiw r26,1
  85 0070 892F      		mov r24,r25
  86 0072 8053      		subi r24,lo8(-(-48))
  87 0074 8A30      		cpi r24,lo8(10)
  88 0076 00F4      		brsh .L12
  89 0078 292F      		mov r18,r25
  90 007a 3327      		clr r19
  91 007c 27FD      		sbrc r18,7
  92 007e 3095      		com r19
  93 0080 2053      		subi r18,lo8(-(-48))
  94 0082 3040      		sbci r19,hi8(-(-48))
  95 0084 00C0      		rjmp .L13
  96               	.L12:
  97 0086 892F      		mov r24,r25
  98 0088 8156      		subi r24,lo8(-(-97))
  99 008a 8630      		cpi r24,lo8(6)
 100 008c 00F4      		brsh .L14
 101 008e 292F      		mov r18,r25
 102 0090 3327      		clr r19
 103 0092 27FD      		sbrc r18,7
 104 0094 3095      		com r19
 105 0096 2755      		subi r18,lo8(-(-87))
 106 0098 3040      		sbci r19,hi8(-(-87))
 107 009a 00C0      		rjmp .L13
 108               	.L14:
 109 009c 892F      		mov r24,r25
 110 009e 8154      		subi r24,lo8(-(-65))
 111 00a0 8630      		cpi r24,lo8(6)
 112 00a2 00F4      		brsh .L11
 113 00a4 292F      		mov r18,r25
 114 00a6 3327      		clr r19
GAS LISTING C:\Temp/cctvrweV.s 			page 3


 115 00a8 27FD      		sbrc r18,7
 116 00aa 3095      		com r19
 117 00ac 2753      		subi r18,lo8(-(-55))
 118 00ae 3040      		sbci r19,hi8(-(-55))
 119               	.L13:
 120 00b0 37FD      		sbrc r19,7
 121 00b2 00C0      		rjmp .L11
 122 00b4 FD01      		movw r30,r26
 123 00b6 3296      		adiw r30,2
 124 00b8 1296      		adiw r26,2
 125 00ba 9C91      		ld r25,X
 126 00bc 1297      		sbiw r26,2
 127 00be 892F      		mov r24,r25
 128 00c0 8053      		subi r24,lo8(-(-48))
 129 00c2 8A30      		cpi r24,lo8(10)
 130 00c4 00F4      		brsh .L15
 131 00c6 892F      		mov r24,r25
 132 00c8 9927      		clr r25
 133 00ca 87FD      		sbrc r24,7
 134 00cc 9095      		com r25
 135 00ce C097      		sbiw r24,48
 136 00d0 00C0      		rjmp .L16
 137               	.L15:
 138 00d2 892F      		mov r24,r25
 139 00d4 8156      		subi r24,lo8(-(-97))
 140 00d6 8630      		cpi r24,lo8(6)
 141 00d8 00F4      		brsh .L17
 142 00da 892F      		mov r24,r25
 143 00dc 9927      		clr r25
 144 00de 87FD      		sbrc r24,7
 145 00e0 9095      		com r25
 146 00e2 8755      		subi r24,lo8(-(-87))
 147 00e4 9040      		sbci r25,hi8(-(-87))
 148 00e6 00C0      		rjmp .L16
 149               	.L17:
 150 00e8 892F      		mov r24,r25
 151 00ea 8154      		subi r24,lo8(-(-65))
 152 00ec 8630      		cpi r24,lo8(6)
 153 00ee 00F4      		brsh .L11
 154 00f0 892F      		mov r24,r25
 155 00f2 9927      		clr r25
 156 00f4 87FD      		sbrc r24,7
 157 00f6 9095      		com r25
 158 00f8 C797      		sbiw r24,55
 159               	.L16:
 160 00fa 97FD      		sbrc r25,7
 161 00fc 00C0      		rjmp .L11
 162 00fe 94E0      		ldi r25,4
 163 0100 220F      	1:	lsl r18
 164 0102 331F      		rol r19
 165 0104 9A95      		dec r25
 166 0106 01F4      		brne 1b
 167 0108 820F      		add r24,r18
 168 010a 1296      		adiw r26,2
 169 010c 8C93      		st X,r24
 170 010e 8823      		tst r24
 171 0110 01F4      		brne .L19
GAS LISTING C:\Temp/cctvrweV.s 			page 4


 172 0112 00C0      		rjmp .L18
 173               	.L11:
 174 0114 FD01      		movw r30,r26
 175               	.L19:
 176 0116 8081      		ld r24,Z
 177 0118 8C35      		cpi r24,lo8(92)
 178 011a 01F4      		brne .L20
 179 011c 7083      		st Z,r23
 180               	.L20:
 181 011e 862F      		mov r24,r22
 182 0120 8E52      		subi r24,lo8(-(-46))
 183 0122 8230      		cpi r24,lo8(2)
 184 0124 00F4      		brsh .L21
 185 0126 8081      		ld r24,Z
 186 0128 8E52      		subi r24,lo8(-(-46))
 187 012a 8230      		cpi r24,lo8(2)
 188 012c 00F0      		brlo .L26
 189               	.L21:
 190 012e 6081      		ld r22,Z
 191 0130 DA01      		movw r26,r20
 192 0132 6D93      		st X+,r22
 193 0134 AD01      		movw r20,r26
 194               	.L26:
 195 0136 DF01      		movw r26,r30
 196 0138 1196      		adiw r26,1
 197 013a 8181      		ldd r24,Z+1
 198 013c 8823      		tst r24
 199 013e 01F0      		breq .+2
 200 0140 00C0      		rjmp .L22
 201               	.L18:
 202 0142 FA01      		movw r30,r20
 203 0144 1082      		st Z,__zero_reg__
 204               	.L9:
 205 0146 CE01      		movw r24,r28
 206               	/* epilogue start */
 207 0148 DF91      		pop r29
 208 014a CF91      		pop r28
 209 014c 0895      		ret
 210               		.size	NutDecodePath, .-NutDecodePath
GAS LISTING C:\Temp/cctvrweV.s 			page 5


DEFINED SYMBOLS
                            *ABS*:00000000 dencode.c
  C:\Temp/cctvrweV.s:2      *ABS*:0000003f __SREG__
  C:\Temp/cctvrweV.s:3      *ABS*:0000003e __SP_H__
  C:\Temp/cctvrweV.s:4      *ABS*:0000003d __SP_L__
  C:\Temp/cctvrweV.s:5      *ABS*:00000034 __CCP__
  C:\Temp/cctvrweV.s:6      *ABS*:00000000 __tmp_reg__
  C:\Temp/cctvrweV.s:7      *ABS*:00000001 __zero_reg__
  C:\Temp/cctvrweV.s:13     .text:00000000 NutDecodeHex
  C:\Temp/cctvrweV.s:61     .text:0000004a NutDecodePath

UNDEFINED SYMBOLS
__do_copy_data
__do_clear_bss
