GAS LISTING C:\Temp/cc9XQGiL.s 			page 1


   1               		.file	"snmp_api.c"
   2               	__SREG__ = 0x3f
   3               	__SP_H__ = 0x3e
   4               	__SP_L__ = 0x3d
   5               	__CCP__  = 0x34
   6               	__tmp_reg__ = 0
   7               	__zero_reg__ = 1
   8               		.global __do_copy_data
   9               		.global __do_clear_bss
  10               		.text
  11               	.global	SnmpOidLenCmp
  12               		.type	SnmpOidLenCmp, @function
  13               	SnmpOidLenCmp:
  14 0000 CF93      		push r28
  15 0002 DF93      		push r29
  16               	/* prologue: function */
  17               	/* frame size = 0 */
  18 0004 EC01      		movw r28,r24
  19 0006 FB01      		movw r30,r22
  20 0008 BA01      		movw r22,r20
  21 000a 00C0      		rjmp .L2
  22               	.L6:
  23 000c 2881      		ld r18,Y
  24 000e 3981      		ldd r19,Y+1
  25 0010 4A81      		ldd r20,Y+2
  26 0012 5B81      		ldd r21,Y+3
  27 0014 8081      		ld r24,Z
  28 0016 9181      		ldd r25,Z+1
  29 0018 A281      		ldd r26,Z+2
  30 001a B381      		ldd r27,Z+3
  31 001c 2817      		cp r18,r24
  32 001e 3907      		cpc r19,r25
  33 0020 4A07      		cpc r20,r26
  34 0022 5B07      		cpc r21,r27
  35 0024 00F4      		brsh .L3
  36 0026 2FEF      		ldi r18,lo8(-1)
  37 0028 3FEF      		ldi r19,hi8(-1)
  38 002a 00C0      		rjmp .L4
  39               	.L3:
  40 002c 6150      		subi r22,lo8(-(-1))
  41 002e 7040      		sbci r23,hi8(-(-1))
  42 0030 8217      		cp r24,r18
  43 0032 9307      		cpc r25,r19
  44 0034 A407      		cpc r26,r20
  45 0036 B507      		cpc r27,r21
  46 0038 00F4      		brsh .L5
  47 003a 21E0      		ldi r18,lo8(1)
  48 003c 30E0      		ldi r19,hi8(1)
  49 003e 00C0      		rjmp .L4
  50               	.L5:
  51 0040 2496      		adiw r28,4
  52 0042 3496      		adiw r30,4
  53               	.L2:
  54 0044 6115      		cp r22,__zero_reg__
  55 0046 7105      		cpc r23,__zero_reg__
  56 0048 01F4      		brne .L6
  57 004a 20E0      		ldi r18,lo8(0)
GAS LISTING C:\Temp/cc9XQGiL.s 			page 2


  58 004c 30E0      		ldi r19,hi8(0)
  59               	.L4:
  60 004e C901      		movw r24,r18
  61               	/* epilogue start */
  62 0050 DF91      		pop r29
  63 0052 CF91      		pop r28
  64 0054 0895      		ret
  65               		.size	SnmpOidLenCmp, .-SnmpOidLenCmp
  66               	.global	SnmpOidCmp
  67               		.type	SnmpOidCmp, @function
  68               	SnmpOidCmp:
  69 0056 EF92      		push r14
  70 0058 FF92      		push r15
  71 005a 0F93      		push r16
  72 005c 1F93      		push r17
  73 005e CF93      		push r28
  74 0060 DF93      		push r29
  75               	/* prologue: function */
  76               	/* frame size = 0 */
  77 0062 7C01      		movw r14,r24
  78 0064 8B01      		movw r16,r22
  79 0066 EA01      		movw r28,r20
  80 0068 B901      		movw r22,r18
  81 006a F901      		movw r30,r18
  82 006c 0217      		cp r16,r18
  83 006e 1307      		cpc r17,r19
  84 0070 00F4      		brsh .L19
  85 0072 F801      		movw r30,r16
  86 0074 00C0      		rjmp .L19
  87               	.L14:
  88 0076 D701      		movw r26,r14
  89 0078 2D91      		ld r18,X+
  90 007a 3D91      		ld r19,X+
  91 007c 4D91      		ld r20,X+
  92 007e 5C91      		ld r21,X
  93 0080 8881      		ld r24,Y
  94 0082 9981      		ldd r25,Y+1
  95 0084 AA81      		ldd r26,Y+2
  96 0086 BB81      		ldd r27,Y+3
  97 0088 2817      		cp r18,r24
  98 008a 3907      		cpc r19,r25
  99 008c 4A07      		cpc r20,r26
 100 008e 5B07      		cpc r21,r27
 101 0090 00F0      		brlo .L21
 102 0092 3197      		sbiw r30,1
 103 0094 8217      		cp r24,r18
 104 0096 9307      		cpc r25,r19
 105 0098 A407      		cpc r26,r20
 106 009a B507      		cpc r27,r21
 107 009c 00F0      		brlo .L22
 108               	.L12:
 109 009e 84E0      		ldi r24,lo8(4)
 110 00a0 90E0      		ldi r25,hi8(4)
 111 00a2 E80E      		add r14,r24
 112 00a4 F91E      		adc r15,r25
 113 00a6 2496      		adiw r28,4
 114               	.L19:
GAS LISTING C:\Temp/cc9XQGiL.s 			page 3


 115 00a8 3097      		sbiw r30,0
 116 00aa 01F4      		brne .L14
 117 00ac 00C0      		rjmp .L23
 118               	.L17:
 119 00ae 40E0      		ldi r20,lo8(0)
 120 00b0 50E0      		ldi r21,hi8(0)
 121 00b2 6017      		cp r22,r16
 122 00b4 7107      		cpc r23,r17
 123 00b6 00F4      		brsh .L13
 124               	.L22:
 125 00b8 41E0      		ldi r20,lo8(1)
 126 00ba 50E0      		ldi r21,hi8(1)
 127               	.L13:
 128 00bc CA01      		movw r24,r20
 129               	/* epilogue start */
 130 00be DF91      		pop r29
 131 00c0 CF91      		pop r28
 132 00c2 1F91      		pop r17
 133 00c4 0F91      		pop r16
 134 00c6 FF90      		pop r15
 135 00c8 EF90      		pop r14
 136 00ca 0895      		ret
 137               	.L23:
 138 00cc 0617      		cp r16,r22
 139 00ce 1707      		cpc r17,r23
 140 00d0 00F4      		brsh .L17
 141               	.L21:
 142 00d2 4FEF      		ldi r20,lo8(-1)
 143 00d4 5FEF      		ldi r21,hi8(-1)
 144 00d6 00C0      		rjmp .L13
 145               		.size	SnmpOidCmp, .-SnmpOidCmp
 146               	.global	SnmpOidTreeCmp
 147               		.type	SnmpOidTreeCmp, @function
 148               	SnmpOidTreeCmp:
 149 00d8 EF92      		push r14
 150 00da FF92      		push r15
 151 00dc 0F93      		push r16
 152 00de 1F93      		push r17
 153 00e0 CF93      		push r28
 154 00e2 DF93      		push r29
 155               	/* prologue: function */
 156               	/* frame size = 0 */
 157 00e4 8C01      		movw r16,r24
 158 00e6 7B01      		movw r14,r22
 159 00e8 EA01      		movw r28,r20
 160 00ea B901      		movw r22,r18
 161 00ec F901      		movw r30,r18
 162 00ee E216      		cp r14,r18
 163 00f0 F306      		cpc r15,r19
 164 00f2 00F4      		brsh .L34
 165 00f4 F701      		movw r30,r14
 166 00f6 00C0      		rjmp .L34
 167               	.L30:
 168 00f8 D801      		movw r26,r16
 169 00fa 2D91      		ld r18,X+
 170 00fc 3D91      		ld r19,X+
 171 00fe 4D91      		ld r20,X+
GAS LISTING C:\Temp/cc9XQGiL.s 			page 4


 172 0100 5C91      		ld r21,X
 173 0102 8881      		ld r24,Y
 174 0104 9981      		ldd r25,Y+1
 175 0106 AA81      		ldd r26,Y+2
 176 0108 BB81      		ldd r27,Y+3
 177 010a 2817      		cp r18,r24
 178 010c 3907      		cpc r19,r25
 179 010e 4A07      		cpc r20,r26
 180 0110 5B07      		cpc r21,r27
 181 0112 00F0      		brlo .L27
 182 0114 3197      		sbiw r30,1
 183 0116 8217      		cp r24,r18
 184 0118 9307      		cpc r25,r19
 185 011a A407      		cpc r26,r20
 186 011c B507      		cpc r27,r21
 187 011e 00F4      		brsh .L28
 188 0120 21E0      		ldi r18,lo8(1)
 189 0122 30E0      		ldi r19,hi8(1)
 190 0124 00C0      		rjmp .L29
 191               	.L28:
 192 0126 0C5F      		subi r16,lo8(-(4))
 193 0128 1F4F      		sbci r17,hi8(-(4))
 194 012a 2496      		adiw r28,4
 195               	.L34:
 196 012c 3097      		sbiw r30,0
 197 012e 01F4      		brne .L30
 198 0130 00C0      		rjmp .L36
 199               	.L27:
 200 0132 2FEF      		ldi r18,lo8(-1)
 201 0134 3FEF      		ldi r19,hi8(-1)
 202               	.L29:
 203 0136 C901      		movw r24,r18
 204               	/* epilogue start */
 205 0138 DF91      		pop r29
 206 013a CF91      		pop r28
 207 013c 1F91      		pop r17
 208 013e 0F91      		pop r16
 209 0140 FF90      		pop r15
 210 0142 EF90      		pop r14
 211 0144 0895      		ret
 212               	.L36:
 213 0146 E616      		cp r14,r22
 214 0148 F706      		cpc r15,r23
 215 014a 00F0      		brlo .L27
 216               	.L32:
 217 014c 20E0      		ldi r18,lo8(0)
 218 014e 30E0      		ldi r19,hi8(0)
 219 0150 00C0      		rjmp .L29
 220               		.size	SnmpOidTreeCmp, .-SnmpOidTreeCmp
 221               	.global	SnmpOidCmpIdx
 222               		.type	SnmpOidCmpIdx, @function
 223               	SnmpOidCmpIdx:
 224 0152 2F92      		push r2
 225 0154 3F92      		push r3
 226 0156 4F92      		push r4
 227 0158 5F92      		push r5
 228 015a 6F92      		push r6
GAS LISTING C:\Temp/cc9XQGiL.s 			page 5


 229 015c 7F92      		push r7
 230 015e 8F92      		push r8
 231 0160 9F92      		push r9
 232 0162 AF92      		push r10
 233 0164 BF92      		push r11
 234 0166 CF92      		push r12
 235 0168 DF92      		push r13
 236 016a EF92      		push r14
 237 016c FF92      		push r15
 238 016e 0F93      		push r16
 239 0170 1F93      		push r17
 240 0172 DF93      		push r29
 241 0174 CF93      		push r28
 242 0176 00D0      		rcall .
 243 0178 00D0      		rcall .
 244 017a CDB7      		in r28,__SP_L__
 245 017c DEB7      		in r29,__SP_H__
 246               	/* prologue: function */
 247               	/* frame size = 4 */
 248 017e 2C01      		movw r4,r24
 249 0180 5B01      		movw r10,r22
 250 0182 6A01      		movw r12,r20
 251 0184 B901      		movw r22,r18
 252 0186 3701      		movw r6,r14
 253 0188 4801      		movw r8,r16
 254 018a 1901      		movw r2,r18
 255 018c A216      		cp r10,r18
 256 018e B306      		cpc r11,r19
 257 0190 00F4      		brsh .L38
 258 0192 1501      		movw r2,r10
 259               	.L38:
 260 0194 8201      		movw r16,r4
 261 0196 7101      		movw r14,r2
 262 0198 00C0      		rjmp .L39
 263               	.L43:
 264 019a D801      		movw r26,r16
 265 019c 2D91      		ld r18,X+
 266 019e 3D91      		ld r19,X+
 267 01a0 4D91      		ld r20,X+
 268 01a2 5C91      		ld r21,X
 269 01a4 D601      		movw r26,r12
 270 01a6 8D91      		ld r24,X+
 271 01a8 9D91      		ld r25,X+
 272 01aa 0D90      		ld __tmp_reg__,X+
 273 01ac BC91      		ld r27,X
 274 01ae A02D      		mov r26,__tmp_reg__
 275 01b0 8983      		std Y+1,r24
 276 01b2 9A83      		std Y+2,r25
 277 01b4 AB83      		std Y+3,r26
 278 01b6 BC83      		std Y+4,r27
 279 01b8 2817      		cp r18,r24
 280 01ba 3907      		cpc r19,r25
 281 01bc 4A07      		cpc r20,r26
 282 01be 5B07      		cpc r21,r27
 283 01c0 00F0      		brlo .L46
 284 01c2 0894      		sec
 285 01c4 E108      		sbc r14,__zero_reg__
GAS LISTING C:\Temp/cc9XQGiL.s 			page 6


 286 01c6 F108      		sbc r15,__zero_reg__
 287 01c8 8217      		cp r24,r18
 288 01ca 9307      		cpc r25,r19
 289 01cc A407      		cpc r26,r20
 290 01ce B507      		cpc r27,r21
 291 01d0 00F0      		brlo .L53
 292               	.L41:
 293 01d2 0C5F      		subi r16,lo8(-(4))
 294 01d4 1F4F      		sbci r17,hi8(-(4))
 295 01d6 E4E0      		ldi r30,lo8(4)
 296 01d8 F0E0      		ldi r31,hi8(4)
 297 01da CE0E      		add r12,r30
 298 01dc DF1E      		adc r13,r31
 299               	.L39:
 300 01de E114      		cp r14,__zero_reg__
 301 01e0 F104      		cpc r15,__zero_reg__
 302 01e2 01F4      		brne .L43
 303 01e4 00C0      		rjmp .L54
 304               	.L52:
 305 01e6 6A15      		cp r22,r10
 306 01e8 7B05      		cpc r23,r11
 307 01ea 00F0      		brlo .L45
 308 01ec 40E0      		ldi r20,lo8(0)
 309 01ee 50E0      		ldi r21,hi8(0)
 310 01f0 00C0      		rjmp .L42
 311               	.L45:
 312 01f2 220C      		lsl r2
 313 01f4 331C      		rol r3
 314 01f6 220C      		lsl r2
 315 01f8 331C      		rol r3
 316 01fa 240C      		add r2,r4
 317 01fc 351C      		adc r3,r5
 318 01fe F101      		movw r30,r2
 319 0200 8081      		ld r24,Z
 320 0202 9181      		ldd r25,Z+1
 321 0204 A281      		ldd r26,Z+2
 322 0206 B381      		ldd r27,Z+3
 323 0208 8615      		cp r24,r6
 324 020a 9705      		cpc r25,r7
 325 020c A805      		cpc r26,r8
 326 020e B905      		cpc r27,r9
 327 0210 00F0      		brlo .L46
 328 0212 6816      		cp r6,r24
 329 0214 7906      		cpc r7,r25
 330 0216 8A06      		cpc r8,r26
 331 0218 9B06      		cpc r9,r27
 332 021a 00F0      		brlo .L53
 333               	.L47:
 334 021c 40E0      		ldi r20,lo8(0)
 335 021e 50E0      		ldi r21,hi8(0)
 336 0220 6F5F      		subi r22,lo8(-(1))
 337 0222 7F4F      		sbci r23,hi8(-(1))
 338 0224 6A15      		cp r22,r10
 339 0226 7B05      		cpc r23,r11
 340 0228 00F4      		brsh .L42
 341               	.L53:
 342 022a 41E0      		ldi r20,lo8(1)
GAS LISTING C:\Temp/cc9XQGiL.s 			page 7


 343 022c 50E0      		ldi r21,hi8(1)
 344 022e 00C0      		rjmp .L42
 345               	.L46:
 346 0230 4FEF      		ldi r20,lo8(-1)
 347 0232 5FEF      		ldi r21,hi8(-1)
 348               	.L42:
 349 0234 CA01      		movw r24,r20
 350               	/* epilogue start */
 351 0236 0F90      		pop __tmp_reg__
 352 0238 0F90      		pop __tmp_reg__
 353 023a 0F90      		pop __tmp_reg__
 354 023c 0F90      		pop __tmp_reg__
 355 023e CF91      		pop r28
 356 0240 DF91      		pop r29
 357 0242 1F91      		pop r17
 358 0244 0F91      		pop r16
 359 0246 FF90      		pop r15
 360 0248 EF90      		pop r14
 361 024a DF90      		pop r13
 362 024c CF90      		pop r12
 363 024e BF90      		pop r11
 364 0250 AF90      		pop r10
 365 0252 9F90      		pop r9
 366 0254 8F90      		pop r8
 367 0256 7F90      		pop r7
 368 0258 6F90      		pop r6
 369 025a 5F90      		pop r5
 370 025c 4F90      		pop r4
 371 025e 3F90      		pop r3
 372 0260 2F90      		pop r2
 373 0262 0895      		ret
 374               	.L54:
 375 0264 A616      		cp r10,r22
 376 0266 B706      		cpc r11,r23
 377 0268 00F0      		brlo .+2
 378 026a 00C0      		rjmp .L52
 379 026c 00C0      		rjmp .L46
 380               		.size	SnmpOidCmpIdx, .-SnmpOidCmpIdx
 381               	.global	SnmpStatsInc
 382               		.type	SnmpStatsInc, @function
 383               	SnmpStatsInc:
 384               	/* prologue: function */
 385               	/* frame size = 0 */
 386 026e 8C31      		cpi r24,28
 387 0270 9105      		cpc r25,__zero_reg__
 388 0272 00F4      		brsh .L57
 389 0274 FC01      		movw r30,r24
 390 0276 EE0F      		lsl r30
 391 0278 FF1F      		rol r31
 392 027a EE0F      		lsl r30
 393 027c FF1F      		rol r31
 394 027e E050      		subi r30,lo8(-(statistics))
 395 0280 F040      		sbci r31,hi8(-(statistics))
 396 0282 8081      		ld r24,Z
 397 0284 9181      		ldd r25,Z+1
 398 0286 A281      		ldd r26,Z+2
 399 0288 B381      		ldd r27,Z+3
GAS LISTING C:\Temp/cc9XQGiL.s 			page 8


 400 028a 0196      		adiw r24,1
 401 028c A11D      		adc r26,__zero_reg__
 402 028e B11D      		adc r27,__zero_reg__
 403 0290 8083      		st Z,r24
 404 0292 9183      		std Z+1,r25
 405 0294 A283      		std Z+2,r26
 406 0296 B383      		std Z+3,r27
 407               	.L57:
 408 0298 0895      		ret
 409               		.size	SnmpStatsInc, .-SnmpStatsInc
 410               	.global	SnmpStatsGet
 411               		.type	SnmpStatsGet, @function
 412               	SnmpStatsGet:
 413               	/* prologue: function */
 414               	/* frame size = 0 */
 415 029a FC01      		movw r30,r24
 416 029c 8C31      		cpi r24,28
 417 029e 9105      		cpc r25,__zero_reg__
 418 02a0 00F0      		brlo .L59
 419 02a2 20E0      		ldi r18,lo8(0)
 420 02a4 30E0      		ldi r19,hi8(0)
 421 02a6 40E0      		ldi r20,hlo8(0)
 422 02a8 50E0      		ldi r21,hhi8(0)
 423 02aa 00C0      		rjmp .L60
 424               	.L59:
 425 02ac EE0F      		lsl r30
 426 02ae FF1F      		rol r31
 427 02b0 EE0F      		lsl r30
 428 02b2 FF1F      		rol r31
 429 02b4 E050      		subi r30,lo8(-(statistics))
 430 02b6 F040      		sbci r31,hi8(-(statistics))
 431 02b8 2081      		ld r18,Z
 432 02ba 3181      		ldd r19,Z+1
 433 02bc 4281      		ldd r20,Z+2
 434 02be 5381      		ldd r21,Z+3
 435               	.L60:
 436 02c0 B901      		movw r22,r18
 437 02c2 CA01      		movw r24,r20
 438               	/* epilogue start */
 439 02c4 0895      		ret
 440               		.size	SnmpStatsGet, .-SnmpStatsGet
 441               	.global	SnmpOidEquals
 442               		.type	SnmpOidEquals, @function
 443               	SnmpOidEquals:
 444               	/* prologue: function */
 445               	/* frame size = 0 */
 446 02c6 FA01      		movw r30,r20
 447 02c8 6217      		cp r22,r18
 448 02ca 7307      		cpc r23,r19
 449 02cc 01F4      		brne .L63
 450 02ce AB01      		movw r20,r22
 451 02d0 BF01      		movw r22,r30
 452 02d2 0E94 0000 		call memcmp
 453 02d6 0097      		sbiw r24,0
 454 02d8 01F4      		brne .L63
 455 02da 20E0      		ldi r18,lo8(0)
 456 02dc 30E0      		ldi r19,hi8(0)
GAS LISTING C:\Temp/cc9XQGiL.s 			page 9


 457 02de 00C0      		rjmp .L64
 458               	.L63:
 459 02e0 2FEF      		ldi r18,lo8(-1)
 460 02e2 3FEF      		ldi r19,hi8(-1)
 461               	.L64:
 462 02e4 C901      		movw r24,r18
 463               	/* epilogue start */
 464 02e6 0895      		ret
 465               		.size	SnmpOidEquals, .-SnmpOidEquals
 466               		.lcomm statistics,112
GAS LISTING C:\Temp/cc9XQGiL.s 			page 10


DEFINED SYMBOLS
                            *ABS*:00000000 snmp_api.c
  C:\Temp/cc9XQGiL.s:2      *ABS*:0000003f __SREG__
  C:\Temp/cc9XQGiL.s:3      *ABS*:0000003e __SP_H__
  C:\Temp/cc9XQGiL.s:4      *ABS*:0000003d __SP_L__
  C:\Temp/cc9XQGiL.s:5      *ABS*:00000034 __CCP__
  C:\Temp/cc9XQGiL.s:6      *ABS*:00000000 __tmp_reg__
  C:\Temp/cc9XQGiL.s:7      *ABS*:00000001 __zero_reg__
  C:\Temp/cc9XQGiL.s:13     .text:00000000 SnmpOidLenCmp
  C:\Temp/cc9XQGiL.s:68     .text:00000056 SnmpOidCmp
  C:\Temp/cc9XQGiL.s:148    .text:000000d8 SnmpOidTreeCmp
  C:\Temp/cc9XQGiL.s:223    .text:00000152 SnmpOidCmpIdx
  C:\Temp/cc9XQGiL.s:383    .text:0000026e SnmpStatsInc
                             .bss:00000000 statistics
  C:\Temp/cc9XQGiL.s:412    .text:0000029a SnmpStatsGet
  C:\Temp/cc9XQGiL.s:443    .text:000002c6 SnmpOidEquals

UNDEFINED SYMBOLS
__do_copy_data
__do_clear_bss
memcmp
