GAS LISTING C:\Temp/cc3g8BGa.s 			page 1


   1               		.file	"snmp_mib.c"
   2               	__SREG__ = 0x3f
   3               	__SP_H__ = 0x3e
   4               	__SP_L__ = 0x3d
   5               	__CCP__  = 0x34
   6               	__tmp_reg__ = 0
   7               	__zero_reg__ = 1
   8               		.global __do_copy_data
   9               		.global __do_clear_bss
  10               		.text
  11               	.global	SnmpMibFind
  12               		.type	SnmpMibFind, @function
  13               	SnmpMibFind:
  14 0000 2F92      		push r2
  15 0002 3F92      		push r3
  16 0004 4F92      		push r4
  17 0006 5F92      		push r5
  18 0008 6F92      		push r6
  19 000a 7F92      		push r7
  20 000c 8F92      		push r8
  21 000e 9F92      		push r9
  22 0010 AF92      		push r10
  23 0012 BF92      		push r11
  24 0014 CF92      		push r12
  25 0016 DF92      		push r13
  26 0018 EF92      		push r14
  27 001a FF92      		push r15
  28 001c 0F93      		push r16
  29 001e 1F93      		push r17
  30 0020 DF93      		push r29
  31 0022 CF93      		push r28
  32 0024 CDB7      		in r28,__SP_L__
  33 0026 DEB7      		in r29,__SP_H__
  34 0028 6697      		sbiw r28,22
  35 002a 0FB6      		in __tmp_reg__,__SREG__
  36 002c F894      		cli
  37 002e DEBF      		out __SP_H__,r29
  38 0030 0FBE      		out __SREG__,__tmp_reg__
  39 0032 CDBF      		out __SP_L__,r28
  40               	/* prologue: function */
  41               	/* frame size = 22 */
  42 0034 2C01      		movw r4,r24
  43 0036 1B01      		movw r2,r22
  44 0038 5C87      		std Y+12,r21
  45 003a 4B87      		std Y+11,r20
  46 003c 3E87      		std Y+14,r19
  47 003e 2D87      		std Y+13,r18
  48 0040 188B      		std Y+16,r17
  49 0042 0F87      		std Y+15,r16
  50 0044 3701      		movw r6,r14
  51 0046 DA8A      		std Y+18,r13
  52 0048 C98A      		std Y+17,r12
  53 004a BC8A      		std Y+20,r11
  54 004c AB8A      		std Y+19,r10
  55 004e E114      		cp r14,__zero_reg__
  56 0050 F104      		cpc r15,__zero_reg__
  57 0052 01F0      		breq .L2
GAS LISTING C:\Temp/cc3g8BGa.s 			page 2


  58 0054 8824      		clr r8
  59 0056 9924      		clr r9
  60 0058 1C82      		std Y+4,__zero_reg__
  61 005a 1B82      		std Y+3,__zero_reg__
  62 005c 00C0      		rjmp .L3
  63               	.L2:
  64 005e DB01      		movw r26,r22
  65 0060 8D91      		ld r24,X+
  66 0062 9C91      		ld r25,X
  67 0064 880F      		lsl r24
  68 0066 991F      		rol r25
  69 0068 880F      		lsl r24
  70 006a 991F      		rol r25
  71 006c 0E94 0000 		call malloc
  72 0070 4C01      		movw r8,r24
  73 0072 0097      		sbiw r24,0
  74 0074 01F4      		brne .+2
  75 0076 00C0      		rjmp .L28
  76               	.L4:
  77 0078 F101      		movw r30,r2
  78 007a 8081      		ld r24,Z
  79 007c 9181      		ldd r25,Z+1
  80 007e 880F      		lsl r24
  81 0080 991F      		rol r25
  82 0082 880F      		lsl r24
  83 0084 991F      		rol r25
  84 0086 AC01      		movw r20,r24
  85 0088 B201      		movw r22,r4
  86 008a C401      		movw r24,r8
  87 008c 0E94 0000 		call memcpy
  88 0090 D101      		movw r26,r2
  89 0092 0D90      		ld __tmp_reg__,X+
  90 0094 BC91      		ld r27,X
  91 0096 A02D      		mov r26,__tmp_reg__
  92 0098 BC83      		std Y+4,r27
  93 009a AB83      		std Y+3,r26
  94               	.L3:
  95 009c E989      		ldd r30,Y+17
  96 009e FA89      		ldd r31,Y+18
  97 00a0 1182      		std Z+1,__zero_reg__
  98 00a2 1082      		st Z,__zero_reg__
  99 00a4 A090 0000 		lds r10,mibtree
 100 00a8 B090 0000 		lds r11,(mibtree)+1
 101 00ac 1A82      		std Y+2,__zero_reg__
 102 00ae 1982      		std Y+1,__zero_reg__
 103 00b0 00C0      		rjmp .L7
 104               	.L25:
 105 00b2 D501      		movw r26,r10
 106 00b4 1696      		adiw r26,6
 107 00b6 2D91      		ld r18,X+
 108 00b8 3C91      		ld r19,X
 109 00ba 1797      		sbiw r26,6+1
 110 00bc A501      		movw r20,r10
 111 00be 485F      		subi r20,lo8(-(8))
 112 00c0 5F4F      		sbci r21,hi8(-(8))
 113 00c2 F101      		movw r30,r2
 114 00c4 6081      		ld r22,Z
GAS LISTING C:\Temp/cc3g8BGa.s 			page 3


 115 00c6 7181      		ldd r23,Z+1
 116 00c8 C201      		movw r24,r4
 117 00ca 0E94 0000 		call SnmpOidTreeCmp
 118 00ce 6C01      		movw r12,r24
 119 00d0 0097      		sbiw r24,0
 120 00d2 01F0      		breq .L8
 121 00d4 97FF      		sbrs r25,7
 122 00d6 00C0      		rjmp .L9
 123 00d8 6114      		cp r6,__zero_reg__
 124 00da 7104      		cpc r7,__zero_reg__
 125 00dc 01F0      		breq .+2
 126 00de 00C0      		rjmp .L9
 127               	.L8:
 128 00e0 D501      		movw r26,r10
 129 00e2 1696      		adiw r26,6
 130 00e4 8D91      		ld r24,X+
 131 00e6 9C91      		ld r25,X
 132 00e8 1797      		sbiw r26,6+1
 133 00ea F101      		movw r30,r2
 134 00ec 0190      		ld __tmp_reg__,Z+
 135 00ee F081      		ld r31,Z
 136 00f0 E02D      		mov r30,__tmp_reg__
 137 00f2 E81B      		sub r30,r24
 138 00f4 F90B      		sbc r31,r25
 139 00f6 FE83      		std Y+6,r31
 140 00f8 ED83      		std Y+5,r30
 141 00fa 9C01      		movw r18,r24
 142 00fc 220F      		lsl r18
 143 00fe 331F      		rol r19
 144 0100 220F      		lsl r18
 145 0102 331F      		rol r19
 146 0104 240D      		add r18,r4
 147 0106 351D      		adc r19,r5
 148 0108 3887      		std Y+8,r19
 149 010a 2F83      		std Y+7,r18
 150 010c 1496      		adiw r26,4
 151 010e 8D91      		ld r24,X+
 152 0110 9C91      		ld r25,X
 153 0112 1597      		sbiw r26,4+1
 154 0114 9E8B      		std Y+22,r25
 155 0116 8D8B      		std Y+21,r24
 156 0118 1A86      		std Y+10,__zero_reg__
 157 011a 1986      		std Y+9,__zero_reg__
 158 011c 00C0      		rjmp .L10
 159               	.L22:
 160 011e AD89      		ldd r26,Y+21
 161 0120 BE89      		ldd r27,Y+22
 162 0122 1696      		adiw r26,6
 163 0124 2D91      		ld r18,X+
 164 0126 3C91      		ld r19,X
 165 0128 1797      		sbiw r26,6+1
 166 012a 2115      		cp r18,__zero_reg__
 167 012c 3105      		cpc r19,__zero_reg__
 168 012e 01F0      		breq .L11
 169 0130 6114      		cp r6,__zero_reg__
 170 0132 7104      		cpc r7,__zero_reg__
 171 0134 01F4      		brne .L12
GAS LISTING C:\Temp/cc3g8BGa.s 			page 4


 172 0136 D7FC      		sbrc r13,7
 173 0138 00C0      		rjmp .L13
 174               	.L12:
 175 013a 4D89      		ldd r20,Y+21
 176 013c 5E89      		ldd r21,Y+22
 177 013e 485F      		subi r20,lo8(-(8))
 178 0140 5F4F      		sbci r21,hi8(-(8))
 179 0142 6D81      		ldd r22,Y+5
 180 0144 7E81      		ldd r23,Y+6
 181 0146 8F81      		ldd r24,Y+7
 182 0148 9885      		ldd r25,Y+8
 183 014a 0E94 0000 		call SnmpOidTreeCmp
 184 014e 6C01      		movw r12,r24
 185               	.L11:
 186 0150 6114      		cp r6,__zero_reg__
 187 0152 7104      		cpc r7,__zero_reg__
 188 0154 01F0      		breq .L14
 189 0156 C114      		cp r12,__zero_reg__
 190 0158 D104      		cpc r13,__zero_reg__
 191 015a 01F0      		breq .L13
 192 015c 00C0      		rjmp .L15
 193               	.L14:
 194 015e 1C14      		cp __zero_reg__,r12
 195 0160 1D04      		cpc __zero_reg__,r13
 196 0162 04F4      		brge .L13
 197               	.L15:
 198 0164 ED89      		ldd r30,Y+21
 199 0166 FE89      		ldd r31,Y+22
 200 0168 8681      		ldd r24,Z+6
 201 016a 9781      		ldd r25,Z+7
 202 016c 892B      		or r24,r25
 203 016e 01F4      		brne .L16
 204               	.L13:
 205 0170 AD89      		ldd r26,Y+21
 206 0172 BE89      		ldd r27,Y+22
 207 0174 1496      		adiw r26,4
 208 0176 ED91      		ld r30,X+
 209 0178 FC91      		ld r31,X
 210 017a 1597      		sbiw r26,4+1
 211 017c E988      		ldd r14,Y+17
 212 017e FA88      		ldd r15,Y+18
 213 0180 0D85      		ldd r16,Y+13
 214 0182 1E85      		ldd r17,Y+14
 215 0184 9301      		movw r18,r6
 216 0186 A101      		movw r20,r2
 217 0188 B201      		movw r22,r4
 218 018a CD01      		movw r24,r26
 219 018c 0995      		icall
 220 018e 8C01      		movw r16,r24
 221 0190 E988      		ldd r14,Y+17
 222 0192 FA88      		ldd r15,Y+18
 223 0194 EF28      		or r14,r15
 224 0196 01F0      		breq .L17
 225 0198 ED89      		ldd r30,Y+21
 226 019a FE89      		ldd r31,Y+22
 227 019c 8281      		ldd r24,Z+2
 228 019e 9381      		ldd r25,Z+3
GAS LISTING C:\Temp/cc3g8BGa.s 			page 5


 229 01a0 AF85      		ldd r26,Y+15
 230 01a2 B889      		ldd r27,Y+16
 231 01a4 8D93      		st X+,r24
 232 01a6 9C93      		st X,r25
 233               	.L17:
 234 01a8 6114      		cp r6,__zero_reg__
 235 01aa 7104      		cpc r7,__zero_reg__
 236 01ac 01F0      		breq .L18
 237 01ae E1E0      		ldi r30,lo8(1)
 238 01b0 F0E0      		ldi r31,hi8(1)
 239 01b2 FA83      		std Y+2,r31
 240 01b4 E983      		std Y+1,r30
 241               	.L18:
 242 01b6 0115      		cp r16,__zero_reg__
 243 01b8 1105      		cpc r17,__zero_reg__
 244 01ba 01F4      		brne .L19
 245               	.L16:
 246 01bc 6114      		cp r6,__zero_reg__
 247 01be 7104      		cpc r7,__zero_reg__
 248 01c0 01F0      		breq .L20
 249 01c2 1C14      		cp __zero_reg__,r12
 250 01c4 1D04      		cpc __zero_reg__,r13
 251 01c6 04F0      		brlt .L20
 252 01c8 AD89      		ldd r26,Y+21
 253 01ca BE89      		ldd r27,Y+22
 254 01cc 1196      		adiw r26,1
 255 01ce 8C91      		ld r24,X
 256 01d0 1197      		sbiw r26,1
 257 01d2 EB85      		ldd r30,Y+11
 258 01d4 FC85      		ldd r31,Y+12
 259 01d6 8083      		st Z,r24
 260 01d8 1296      		adiw r26,2
 261 01da 8D91      		ld r24,X+
 262 01dc 9C91      		ld r25,X
 263 01de 1397      		sbiw r26,2+1
 264 01e0 AF85      		ldd r26,Y+15
 265 01e2 B889      		ldd r27,Y+16
 266 01e4 8D93      		st X+,r24
 267 01e6 9C93      		st X,r25
 268 01e8 EB89      		ldd r30,Y+19
 269 01ea FC89      		ldd r31,Y+20
 270 01ec 1182      		std Z+1,__zero_reg__
 271 01ee 1082      		st Z,__zero_reg__
 272 01f0 2981      		ldd r18,Y+1
 273 01f2 3A81      		ldd r19,Y+2
 274 01f4 232B      		or r18,r19
 275 01f6 01F0      		breq .+2
 276 01f8 00C0      		rjmp .L28
 277 01fa 81E0      		ldi r24,lo8(1)
 278 01fc 90E0      		ldi r25,hi8(1)
 279 01fe 9183      		std Z+1,r25
 280 0200 8083      		st Z,r24
 281 0202 00C0      		rjmp .L28
 282               	.L20:
 283 0204 8985      		ldd r24,Y+9
 284 0206 9A85      		ldd r25,Y+10
 285 0208 0196      		adiw r24,1
GAS LISTING C:\Temp/cc3g8BGa.s 			page 6


 286 020a 9A87      		std Y+10,r25
 287 020c 8987      		std Y+9,r24
 288 020e AD89      		ldd r26,Y+21
 289 0210 BE89      		ldd r27,Y+22
 290 0212 A857      		subi r26,lo8(-(136))
 291 0214 BF4F      		sbci r27,hi8(-(136))
 292 0216 BE8B      		std Y+22,r27
 293 0218 AD8B      		std Y+21,r26
 294               	.L10:
 295 021a F501      		movw r30,r10
 296 021c 8281      		ldd r24,Z+2
 297 021e 9381      		ldd r25,Z+3
 298 0220 2985      		ldd r18,Y+9
 299 0222 3A85      		ldd r19,Y+10
 300 0224 2817      		cp r18,r24
 301 0226 3907      		cpc r19,r25
 302 0228 04F4      		brge .+2
 303 022a 00C0      		rjmp .L22
 304 022c 00C0      		rjmp .L9
 305               	.L19:
 306 022e 8114      		cp r8,__zero_reg__
 307 0230 9104      		cpc r9,__zero_reg__
 308 0232 01F4      		brne .L23
 309 0234 00C0      		rjmp .L24
 310               	.L9:
 311 0236 D501      		movw r26,r10
 312 0238 AD90      		ld r10,X+
 313 023a BC90      		ld r11,X
 314               	.L7:
 315 023c A114      		cp r10,__zero_reg__
 316 023e B104      		cpc r11,__zero_reg__
 317 0240 01F0      		breq .+2
 318 0242 00C0      		rjmp .L25
 319 0244 00C0      		rjmp .L33
 320               	.L34:
 321 0246 8B81      		ldd r24,Y+3
 322 0248 9C81      		ldd r25,Y+4
 323 024a 880F      		lsl r24
 324 024c 991F      		rol r25
 325 024e 880F      		lsl r24
 326 0250 991F      		rol r25
 327 0252 AC01      		movw r20,r24
 328 0254 B401      		movw r22,r8
 329 0256 C201      		movw r24,r4
 330 0258 0E94 0000 		call memcpy
 331 025c 2B81      		ldd r18,Y+3
 332 025e 3C81      		ldd r19,Y+4
 333 0260 F101      		movw r30,r2
 334 0262 3183      		std Z+1,r19
 335 0264 2083      		st Z,r18
 336 0266 C401      		movw r24,r8
 337 0268 0E94 0000 		call free
 338               	.L30:
 339 026c AB89      		ldd r26,Y+19
 340 026e BC89      		ldd r27,Y+20
 341 0270 1196      		adiw r26,1
 342 0272 1C92      		st X,__zero_reg__
GAS LISTING C:\Temp/cc3g8BGa.s 			page 7


 343 0274 1E92      		st -X,__zero_reg__
 344 0276 E981      		ldd r30,Y+1
 345 0278 FA81      		ldd r31,Y+2
 346 027a EF2B      		or r30,r31
 347 027c 01F4      		brne .L28
 348 027e 81E0      		ldi r24,lo8(1)
 349 0280 90E0      		ldi r25,hi8(1)
 350 0282 8D93      		st X+,r24
 351 0284 9C93      		st X,r25
 352               	.L28:
 353 0286 00E0      		ldi r16,lo8(0)
 354 0288 10E0      		ldi r17,hi8(0)
 355 028a 00C0      		rjmp .L5
 356               	.L23:
 357 028c C401      		movw r24,r8
 358 028e 0E94 0000 		call free
 359               	.L24:
 360 0292 AD89      		ldd r26,Y+21
 361 0294 BE89      		ldd r27,Y+22
 362 0296 1196      		adiw r26,1
 363 0298 8C91      		ld r24,X
 364 029a 1197      		sbiw r26,1
 365 029c EB85      		ldd r30,Y+11
 366 029e FC85      		ldd r31,Y+12
 367 02a0 8083      		st Z,r24
 368 02a2 1296      		adiw r26,2
 369 02a4 8D91      		ld r24,X+
 370 02a6 9C91      		ld r25,X
 371 02a8 1397      		sbiw r26,2+1
 372 02aa AF85      		ldd r26,Y+15
 373 02ac B889      		ldd r27,Y+16
 374 02ae 8D93      		st X+,r24
 375 02b0 9C93      		st X,r25
 376               	.L5:
 377 02b2 C801      		movw r24,r16
 378               	/* epilogue start */
 379 02b4 6696      		adiw r28,22
 380 02b6 0FB6      		in __tmp_reg__,__SREG__
 381 02b8 F894      		cli
 382 02ba DEBF      		out __SP_H__,r29
 383 02bc 0FBE      		out __SREG__,__tmp_reg__
 384 02be CDBF      		out __SP_L__,r28
 385 02c0 CF91      		pop r28
 386 02c2 DF91      		pop r29
 387 02c4 1F91      		pop r17
 388 02c6 0F91      		pop r16
 389 02c8 FF90      		pop r15
 390 02ca EF90      		pop r14
 391 02cc DF90      		pop r13
 392 02ce CF90      		pop r12
 393 02d0 BF90      		pop r11
 394 02d2 AF90      		pop r10
 395 02d4 9F90      		pop r9
 396 02d6 8F90      		pop r8
 397 02d8 7F90      		pop r7
 398 02da 6F90      		pop r6
 399 02dc 5F90      		pop r5
GAS LISTING C:\Temp/cc3g8BGa.s 			page 8


 400 02de 4F90      		pop r4
 401 02e0 3F90      		pop r3
 402 02e2 2F90      		pop r2
 403 02e4 0895      		ret
 404               	.L33:
 405 02e6 6728      		or r6,r7
 406 02e8 01F4      		brne .L30
 407 02ea 00C0      		rjmp .L34
 408               		.size	SnmpMibFind, .-SnmpMibFind
 409               	.global	SnmpMibRegister
 410               		.type	SnmpMibRegister, @function
 411               	SnmpMibRegister:
 412 02ec AF92      		push r10
 413 02ee BF92      		push r11
 414 02f0 CF92      		push r12
 415 02f2 DF92      		push r13
 416 02f4 EF92      		push r14
 417 02f6 FF92      		push r15
 418 02f8 0F93      		push r16
 419 02fa 1F93      		push r17
 420 02fc CF93      		push r28
 421 02fe DF93      		push r29
 422               	/* prologue: function */
 423               	/* frame size = 0 */
 424 0300 B82E      		mov r11,r24
 425 0302 A92E      		mov r10,r25
 426 0304 6B01      		movw r12,r22
 427 0306 7A01      		movw r14,r20
 428 0308 8901      		movw r16,r18
 429 030a 88E8      		ldi r24,lo8(136)
 430 030c 90E0      		ldi r25,hi8(136)
 431 030e 0E94 0000 		call malloc
 432 0312 EC01      		movw r28,r24
 433 0314 0097      		sbiw r24,0
 434 0316 01F4      		brne .L36
 435 0318 2FEF      		ldi r18,lo8(-1)
 436 031a 3FEF      		ldi r19,hi8(-1)
 437 031c 00C0      		rjmp .L37
 438               	.L36:
 439 031e 1B83      		std Y+3,r17
 440 0320 0A83      		std Y+2,r16
 441 0322 FD82      		std Y+5,r15
 442 0324 EC82      		std Y+4,r14
 443 0326 DF82      		std Y+7,r13
 444 0328 CE82      		std Y+6,r12
 445 032a E8E0      		ldi r30,lo8(8)
 446 032c EE2E      		mov r14,r30
 447 032e F12C      		mov r15,__zero_reg__
 448 0330 E80E      		add r14,r24
 449 0332 F91E      		adc r15,r25
 450 0334 C601      		movw r24,r12
 451 0336 880F      		lsl r24
 452 0338 991F      		rol r25
 453 033a 880F      		lsl r24
 454 033c 991F      		rol r25
 455 033e AC01      		movw r20,r24
 456 0340 6B2D      		mov r22,r11
GAS LISTING C:\Temp/cc3g8BGa.s 			page 9


 457 0342 7A2D      		mov r23,r10
 458 0344 C701      		movw r24,r14
 459 0346 0E94 0000 		call memcpy
 460 034a 00E0      		ldi r16,lo8(mibtree)
 461 034c 10E0      		ldi r17,hi8(mibtree)
 462 034e 00C0      		rjmp .L39
 463               	.L41:
 464 0350 2E81      		ldd r18,Y+6
 465 0352 3F81      		ldd r19,Y+7
 466 0354 6681      		ldd r22,Z+6
 467 0356 7781      		ldd r23,Z+7
 468 0358 A701      		movw r20,r14
 469 035a CF01      		movw r24,r30
 470 035c 0896      		adiw r24,8
 471 035e 0E94 0000 		call SnmpOidCmp
 472 0362 1816      		cp __zero_reg__,r24
 473 0364 1906      		cpc __zero_reg__,r25
 474 0366 04F0      		brlt .L40
 475 0368 D801      		movw r26,r16
 476 036a 8C91      		ld r24,X
 477 036c 1196      		adiw r26,1
 478 036e 9C91      		ld r25,X
 479 0370 9C01      		movw r18,r24
 480 0372 8901      		movw r16,r18
 481               	.L39:
 482 0374 D801      		movw r26,r16
 483 0376 ED91      		ld r30,X+
 484 0378 FC91      		ld r31,X
 485 037a 3097      		sbiw r30,0
 486 037c 01F4      		brne .L41
 487               	.L40:
 488 037e F801      		movw r30,r16
 489 0380 8081      		ld r24,Z
 490 0382 9181      		ldd r25,Z+1
 491 0384 9983      		std Y+1,r25
 492 0386 8883      		st Y,r24
 493 0388 D183      		std Z+1,r29
 494 038a C083      		st Z,r28
 495 038c 20E0      		ldi r18,lo8(0)
 496 038e 30E0      		ldi r19,hi8(0)
 497               	.L37:
 498 0390 C901      		movw r24,r18
 499               	/* epilogue start */
 500 0392 DF91      		pop r29
 501 0394 CF91      		pop r28
 502 0396 1F91      		pop r17
 503 0398 0F91      		pop r16
 504 039a FF90      		pop r15
 505 039c EF90      		pop r14
 506 039e DF90      		pop r13
 507 03a0 CF90      		pop r12
 508 03a2 BF90      		pop r11
 509 03a4 AF90      		pop r10
 510 03a6 0895      		ret
 511               		.size	SnmpMibRegister, .-SnmpMibRegister
 512               		.lcomm mibtree,2
GAS LISTING C:\Temp/cc3g8BGa.s 			page 10


DEFINED SYMBOLS
                            *ABS*:00000000 snmp_mib.c
  C:\Temp/cc3g8BGa.s:2      *ABS*:0000003f __SREG__
  C:\Temp/cc3g8BGa.s:3      *ABS*:0000003e __SP_H__
  C:\Temp/cc3g8BGa.s:4      *ABS*:0000003d __SP_L__
  C:\Temp/cc3g8BGa.s:5      *ABS*:00000034 __CCP__
  C:\Temp/cc3g8BGa.s:6      *ABS*:00000000 __tmp_reg__
  C:\Temp/cc3g8BGa.s:7      *ABS*:00000001 __zero_reg__
  C:\Temp/cc3g8BGa.s:13     .text:00000000 SnmpMibFind
                             .bss:00000000 mibtree
  C:\Temp/cc3g8BGa.s:411    .text:000002ec SnmpMibRegister

UNDEFINED SYMBOLS
__do_copy_data
__do_clear_bss
malloc
memcpy
SnmpOidTreeCmp
free
SnmpOidCmp
