GAS LISTING C:\Temp/ccSfmnZi.s 			page 1


   1               		.file	"ahdlc1.c"
   2               	__SREG__ = 0x3f
   3               	__SP_H__ = 0x3e
   4               	__SP_L__ = 0x3d
   5               	__CCP__  = 0x34
   6               	__tmp_reg__ = 0
   7               	__zero_reg__ = 1
   8               		.global __do_copy_data
   9               		.global __do_clear_bss
  10               	.global	devAhdlc1
  11               		.data
  12               		.type	devAhdlc1, @object
  13               		.size	devAhdlc1, 35
  14               	devAhdlc1:
  15 0000 0000      		.word	0
  16 0002 75        		.byte	117
  17 0003 61        		.byte	97
  18 0004 72        		.byte	114
  19 0005 74        		.byte	116
  20 0006 31        		.byte	49
  21 0007 00        		.byte	0
  22 0008 00        		.byte	0
  23 0009 00        		.byte	0
  24 000a 00        		.byte	0
  25 000b 05        		.byte	5
  26 000c 0100      		.word	1
  27 000e 00        		.byte	0
  28 000f 0000      		.word	0
  29 0011 0000      		.word	dcb_ahdlc
  30 0013 0000      		.word	gs(AhdlcAvrInit)
  31 0015 0000      		.word	gs(AhdlcAvrIOCtl)
  32 0017 0000      		.word	gs(AhdlcAvrRead)
  33 0019 0000      		.word	gs(AhdlcAvrWrite)
  34 001b 0000      		.word	gs(AhdlcAvrWrite_P)
  35 001d 0000      		.word	gs(AhdlcAvrOpen)
  36 001f 0000      		.word	gs(AhdlcAvrClose)
  37 0021 0000      		.word	0
  38               		.lcomm dcb_ahdlc,43
GAS LISTING C:\Temp/ccSfmnZi.s 			page 2


DEFINED SYMBOLS
                            *ABS*:00000000 ahdlc1.c
  C:\Temp/ccSfmnZi.s:2      *ABS*:0000003f __SREG__
  C:\Temp/ccSfmnZi.s:3      *ABS*:0000003e __SP_H__
  C:\Temp/ccSfmnZi.s:4      *ABS*:0000003d __SP_L__
  C:\Temp/ccSfmnZi.s:5      *ABS*:00000034 __CCP__
  C:\Temp/ccSfmnZi.s:6      *ABS*:00000000 __tmp_reg__
  C:\Temp/ccSfmnZi.s:7      *ABS*:00000001 __zero_reg__
  C:\Temp/ccSfmnZi.s:14     .data:00000000 devAhdlc1
                             .bss:00000000 dcb_ahdlc

UNDEFINED SYMBOLS
__do_copy_data
__do_clear_bss
AhdlcAvrInit
AhdlcAvrIOCtl
AhdlcAvrRead
AhdlcAvrWrite
AhdlcAvrWrite_P
AhdlcAvrOpen
AhdlcAvrClose
