GAS LISTING C:\Temp/ccgG96rn.s 			page 1


   1               		.file	"ahdlcavr.c"
   2               	__SREG__ = 0x3f
   3               	__SP_H__ = 0x3e
   4               	__SP_L__ = 0x3d
   5               	__CCP__  = 0x34
   6               	__tmp_reg__ = 0
   7               	__zero_reg__ = 1
   8               		.global __do_copy_data
   9               		.global __do_clear_bss
  10               		.text
  11               		.type	Tx0Complete, @function
  12               	Tx0Complete:
  13               	/* prologue: function */
  14               	/* frame size = 0 */
  15 0000 DC01      		movw r26,r24
  16 0002 5B96      		adiw r26,27
  17 0004 9C91      		ld r25,X
  18 0006 5B97      		sbiw r26,27
  19 0008 5C96      		adiw r26,28
  20 000a 8C91      		ld r24,X
  21 000c 5C97      		sbiw r26,28
  22 000e 9817      		cp r25,r24
  23 0010 01F0      		breq .L2
  24 0012 5B96      		adiw r26,27
  25 0014 8C91      		ld r24,X
  26 0016 5B97      		sbiw r26,27
  27 0018 5996      		adiw r26,25
  28 001a ED91      		ld r30,X+
  29 001c FC91      		ld r31,X
  30 001e 5A97      		sbiw r26,25+1
  31 0020 E80F      		add r30,r24
  32 0022 F11D      		adc r31,__zero_reg__
  33 0024 8081      		ld r24,Z
  34 0026 8CB9      		out 44-32,r24
  35 0028 5B96      		adiw r26,27
  36 002a 8C91      		ld r24,X
  37 002c 5B97      		sbiw r26,27
  38 002e 8F5F      		subi r24,lo8(-(1))
  39 0030 5B96      		adiw r26,27
  40 0032 8C93      		st X,r24
  41 0034 0895      		ret
  42               	.L2:
  43 0036 5598      		cbi 42-32,5
  44 0038 5096      		adiw r26,16
  45 003a ED91      		ld r30,X+
  46 003c FC91      		ld r31,X
  47 003e 5197      		sbiw r26,16+1
  48 0040 3097      		sbiw r30,0
  49 0042 01F4      		brne .L4
  50 0044 8FEF      		ldi r24,lo8(-1)
  51 0046 9FEF      		ldi r25,hi8(-1)
  52 0048 5196      		adiw r26,16+1
  53 004a 9C93      		st X,r25
  54 004c 8E93      		st -X,r24
  55 004e 5097      		sbiw r26,16
  56 0050 0895      		ret
  57               	.L4:
GAS LISTING C:\Temp/ccgG96rn.s 			page 2


  58 0052 8FEF      		ldi r24,hi8(-1)
  59 0054 EF3F      		cpi r30,lo8(-1)
  60 0056 F807      		cpc r31,r24
  61 0058 01F0      		breq .L5
  62 005a 8481      		ldd r24,Z+4
  63 005c 9581      		ldd r25,Z+5
  64 005e 0196      		adiw r24,1
  65 0060 9583      		std Z+5,r25
  66 0062 8483      		std Z+4,r24
  67               	.L5:
  68 0064 0895      		ret
  69               		.size	Tx0Complete, .-Tx0Complete
  70               		.type	Tx1Complete, @function
  71               	Tx1Complete:
  72               	/* prologue: function */
  73               	/* frame size = 0 */
  74 0066 DC01      		movw r26,r24
  75 0068 5B96      		adiw r26,27
  76 006a 9C91      		ld r25,X
  77 006c 5B97      		sbiw r26,27
  78 006e 5C96      		adiw r26,28
  79 0070 8C91      		ld r24,X
  80 0072 5C97      		sbiw r26,28
  81 0074 9817      		cp r25,r24
  82 0076 01F0      		breq .L7
  83 0078 5B96      		adiw r26,27
  84 007a 8C91      		ld r24,X
  85 007c 5B97      		sbiw r26,27
  86 007e 5996      		adiw r26,25
  87 0080 ED91      		ld r30,X+
  88 0082 FC91      		ld r31,X
  89 0084 5A97      		sbiw r26,25+1
  90 0086 E80F      		add r30,r24
  91 0088 F11D      		adc r31,__zero_reg__
  92 008a 8081      		ld r24,Z
  93 008c 8093 9C00 		sts 156,r24
  94 0090 5B96      		adiw r26,27
  95 0092 8C91      		ld r24,X
  96 0094 5B97      		sbiw r26,27
  97 0096 8F5F      		subi r24,lo8(-(1))
  98 0098 5B96      		adiw r26,27
  99 009a 8C93      		st X,r24
 100 009c 0895      		ret
 101               	.L7:
 102 009e 8091 9A00 		lds r24,154
 103 00a2 8F7D      		andi r24,lo8(-33)
 104 00a4 8093 9A00 		sts 154,r24
 105 00a8 5096      		adiw r26,16
 106 00aa ED91      		ld r30,X+
 107 00ac FC91      		ld r31,X
 108 00ae 5197      		sbiw r26,16+1
 109 00b0 3097      		sbiw r30,0
 110 00b2 01F4      		brne .L9
 111 00b4 8FEF      		ldi r24,lo8(-1)
 112 00b6 9FEF      		ldi r25,hi8(-1)
 113 00b8 5196      		adiw r26,16+1
 114 00ba 9C93      		st X,r25
GAS LISTING C:\Temp/ccgG96rn.s 			page 3


 115 00bc 8E93      		st -X,r24
 116 00be 5097      		sbiw r26,16
 117 00c0 0895      		ret
 118               	.L9:
 119 00c2 8FEF      		ldi r24,hi8(-1)
 120 00c4 EF3F      		cpi r30,lo8(-1)
 121 00c6 F807      		cpc r31,r24
 122 00c8 01F0      		breq .L10
 123 00ca 8481      		ldd r24,Z+4
 124 00cc 9581      		ldd r25,Z+5
 125 00ce 0196      		adiw r24,1
 126 00d0 9583      		std Z+5,r25
 127 00d2 8483      		std Z+4,r24
 128               	.L10:
 129 00d4 0895      		ret
 130               		.size	Tx1Complete, .-Tx1Complete
 131               		.type	Rx0Complete, @function
 132               	Rx0Complete:
 133               	/* prologue: function */
 134               	/* frame size = 0 */
 135 00d6 DC01      		movw r26,r24
 136 00d8 5796      		adiw r26,23
 137 00da 8C91      		ld r24,X
 138 00dc 5797      		sbiw r26,23
 139 00de 5596      		adiw r26,21
 140 00e0 ED91      		ld r30,X+
 141 00e2 FC91      		ld r31,X
 142 00e4 5697      		sbiw r26,21+1
 143 00e6 E80F      		add r30,r24
 144 00e8 F11D      		adc r31,__zero_reg__
 145 00ea 8CB1      		in r24,44-32
 146 00ec 8083      		st Z,r24
 147 00ee 5796      		adiw r26,23
 148 00f0 9C91      		ld r25,X
 149 00f2 5797      		sbiw r26,23
 150 00f4 5896      		adiw r26,24
 151 00f6 8C91      		ld r24,X
 152 00f8 5897      		sbiw r26,24
 153 00fa 8917      		cp r24,r25
 154 00fc 01F4      		brne .L12
 155 00fe 5296      		adiw r26,18
 156 0100 ED91      		ld r30,X+
 157 0102 FC91      		ld r31,X
 158 0104 5397      		sbiw r26,18+1
 159 0106 3097      		sbiw r30,0
 160 0108 01F4      		brne .L13
 161 010a 8FEF      		ldi r24,lo8(-1)
 162 010c 9FEF      		ldi r25,hi8(-1)
 163 010e 5396      		adiw r26,18+1
 164 0110 9C93      		st X,r25
 165 0112 8E93      		st -X,r24
 166 0114 5297      		sbiw r26,18
 167 0116 00C0      		rjmp .L12
 168               	.L13:
 169 0118 8FEF      		ldi r24,hi8(-1)
 170 011a EF3F      		cpi r30,lo8(-1)
 171 011c F807      		cpc r31,r24
GAS LISTING C:\Temp/ccgG96rn.s 			page 4


 172 011e 01F0      		breq .L12
 173 0120 8481      		ldd r24,Z+4
 174 0122 9581      		ldd r25,Z+5
 175 0124 0196      		adiw r24,1
 176 0126 9583      		std Z+5,r25
 177 0128 8483      		std Z+4,r24
 178               	.L12:
 179 012a 5796      		adiw r26,23
 180 012c 8C91      		ld r24,X
 181 012e 5797      		sbiw r26,23
 182 0130 8F5F      		subi r24,lo8(-(1))
 183 0132 5796      		adiw r26,23
 184 0134 8C93      		st X,r24
 185               	/* epilogue start */
 186 0136 0895      		ret
 187               		.size	Rx0Complete, .-Rx0Complete
 188               		.type	Rx1Complete, @function
 189               	Rx1Complete:
 190               	/* prologue: function */
 191               	/* frame size = 0 */
 192 0138 DC01      		movw r26,r24
 193 013a 5796      		adiw r26,23
 194 013c 8C91      		ld r24,X
 195 013e 5797      		sbiw r26,23
 196 0140 5596      		adiw r26,21
 197 0142 ED91      		ld r30,X+
 198 0144 FC91      		ld r31,X
 199 0146 5697      		sbiw r26,21+1
 200 0148 E80F      		add r30,r24
 201 014a F11D      		adc r31,__zero_reg__
 202 014c 8091 9C00 		lds r24,156
 203 0150 8083      		st Z,r24
 204 0152 5796      		adiw r26,23
 205 0154 9C91      		ld r25,X
 206 0156 5797      		sbiw r26,23
 207 0158 5896      		adiw r26,24
 208 015a 8C91      		ld r24,X
 209 015c 5897      		sbiw r26,24
 210 015e 8917      		cp r24,r25
 211 0160 01F4      		brne .L16
 212 0162 5296      		adiw r26,18
 213 0164 ED91      		ld r30,X+
 214 0166 FC91      		ld r31,X
 215 0168 5397      		sbiw r26,18+1
 216 016a 3097      		sbiw r30,0
 217 016c 01F4      		brne .L17
 218 016e 8FEF      		ldi r24,lo8(-1)
 219 0170 9FEF      		ldi r25,hi8(-1)
 220 0172 5396      		adiw r26,18+1
 221 0174 9C93      		st X,r25
 222 0176 8E93      		st -X,r24
 223 0178 5297      		sbiw r26,18
 224 017a 00C0      		rjmp .L16
 225               	.L17:
 226 017c 8FEF      		ldi r24,hi8(-1)
 227 017e EF3F      		cpi r30,lo8(-1)
 228 0180 F807      		cpc r31,r24
GAS LISTING C:\Temp/ccgG96rn.s 			page 5


 229 0182 01F0      		breq .L16
 230 0184 8481      		ldd r24,Z+4
 231 0186 9581      		ldd r25,Z+5
 232 0188 0196      		adiw r24,1
 233 018a 9583      		std Z+5,r25
 234 018c 8483      		std Z+4,r24
 235               	.L16:
 236 018e 5796      		adiw r26,23
 237 0190 8C91      		ld r24,X
 238 0192 5797      		sbiw r26,23
 239 0194 8F5F      		subi r24,lo8(-(1))
 240 0196 5796      		adiw r26,23
 241 0198 8C93      		st X,r24
 242               	/* epilogue start */
 243 019a 0895      		ret
 244               		.size	Rx1Complete, .-Rx1Complete
 245               	.global	AhdlcAvrClose
 246               		.type	AhdlcAvrClose, @function
 247               	AhdlcAvrClose:
 248               	/* prologue: function */
 249               	/* frame size = 0 */
 250 019c BC01      		movw r22,r24
 251 019e 0197      		sbiw r24,1
 252 01a0 8E5F      		subi r24,lo8(-2)
 253 01a2 9F4F      		sbci r25,hi8(-2)
 254 01a4 00F0      		brlo .L20
 255 01a6 2FEF      		ldi r18,lo8(-1)
 256 01a8 3FEF      		ldi r19,hi8(-1)
 257 01aa 00C0      		rjmp .L21
 258               	.L20:
 259 01ac 80E0      		ldi r24,lo8(heapFreeList)
 260 01ae 90E0      		ldi r25,hi8(heapFreeList)
 261 01b0 0E94 0000 		call NutHeapRootFree
 262 01b4 20E0      		ldi r18,lo8(0)
 263 01b6 30E0      		ldi r19,hi8(0)
 264               	.L21:
 265 01b8 C901      		movw r24,r18
 266               	/* epilogue start */
 267 01ba 0895      		ret
 268               		.size	AhdlcAvrClose, .-AhdlcAvrClose
 269               	.global	AhdlcAvrOpen
 270               		.type	AhdlcAvrOpen, @function
 271               	AhdlcAvrOpen:
 272 01bc CF93      		push r28
 273 01be DF93      		push r29
 274               	/* prologue: function */
 275               	/* frame size = 0 */
 276 01c0 EC01      		movw r28,r24
 277 01c2 66E0      		ldi r22,lo8(6)
 278 01c4 70E0      		ldi r23,hi8(6)
 279 01c6 80E0      		ldi r24,lo8(heapFreeList)
 280 01c8 90E0      		ldi r25,hi8(heapFreeList)
 281 01ca 0E94 0000 		call NutHeapRootAlloc
 282 01ce FC01      		movw r30,r24
 283 01d0 9C01      		movw r18,r24
 284 01d2 0097      		sbiw r24,0
 285 01d4 01F4      		brne .L24
GAS LISTING C:\Temp/ccgG96rn.s 			page 6


 286 01d6 2FEF      		ldi r18,lo8(-1)
 287 01d8 3FEF      		ldi r19,hi8(-1)
 288 01da 00C0      		rjmp .L25
 289               	.L24:
 290 01dc 1182      		std Z+1,__zero_reg__
 291 01de 1082      		st Z,__zero_reg__
 292 01e0 D383      		std Z+3,r29
 293 01e2 C283      		std Z+2,r28
 294 01e4 1582      		std Z+5,__zero_reg__
 295 01e6 1482      		std Z+4,__zero_reg__
 296               	.L25:
 297 01e8 C901      		movw r24,r18
 298               	/* epilogue start */
 299 01ea DF91      		pop r29
 300 01ec CF91      		pop r28
 301 01ee 0895      		ret
 302               		.size	AhdlcAvrOpen, .-AhdlcAvrOpen
 303               		.type	SendRawByte, @function
 304               	SendRawByte:
 305 01f0 EF92      		push r14
 306 01f2 FF92      		push r15
 307 01f4 0F93      		push r16
 308 01f6 1F93      		push r17
 309 01f8 CF93      		push r28
 310 01fa DF93      		push r29
 311               	/* prologue: function */
 312               	/* frame size = 0 */
 313 01fc EC01      		movw r28,r24
 314 01fe F62E      		mov r15,r22
 315 0200 E42E      		mov r14,r20
 316 0202 8C01      		movw r16,r24
 317 0204 005F      		subi r16,lo8(-(16))
 318 0206 1F4F      		sbci r17,hi8(-(16))
 319 0208 00C0      		rjmp .L28
 320               	.L30:
 321 020a 4C85      		ldd r20,Y+12
 322 020c 5D85      		ldd r21,Y+13
 323 020e 6E85      		ldd r22,Y+14
 324 0210 7F85      		ldd r23,Y+15
 325 0212 C801      		movw r24,r16
 326 0214 0E94 0000 		call NutEventWait
 327 0218 892B      		or r24,r25
 328 021a 01F4      		brne .L29
 329               	.L28:
 330 021c 9B8D      		ldd r25,Y+27
 331 021e 8C8D      		ldd r24,Y+28
 332 0220 8F5F      		subi r24,lo8(-(1))
 333 0222 8917      		cp r24,r25
 334 0224 01F0      		breq .L30
 335               	.L29:
 336 0226 2C8D      		ldd r18,Y+28
 337 0228 9B8D      		ldd r25,Y+27
 338 022a 822F      		mov r24,r18
 339 022c 8F5F      		subi r24,lo8(-(1))
 340 022e 8917      		cp r24,r25
 341 0230 01F4      		brne .L31
 342 0232 2FEF      		ldi r18,lo8(-1)
GAS LISTING C:\Temp/ccgG96rn.s 			page 7


 343 0234 3FEF      		ldi r19,hi8(-1)
 344 0236 00C0      		rjmp .L32
 345               	.L31:
 346 0238 E98D      		ldd r30,Y+25
 347 023a FA8D      		ldd r31,Y+26
 348 023c E20F      		add r30,r18
 349 023e F11D      		adc r31,__zero_reg__
 350 0240 F082      		st Z,r15
 351 0242 9C8D      		ldd r25,Y+28
 352 0244 9F5F      		subi r25,lo8(-(1))
 353 0246 9C8F      		std Y+28,r25
 354 0248 EE20      		tst r14
 355 024a 01F4      		brne .L33
 356 024c 8B8D      		ldd r24,Y+27
 357 024e 9F5F      		subi r25,lo8(-(1))
 358 0250 9817      		cp r25,r24
 359 0252 01F4      		brne .L37
 360               	.L33:
 361               	/* #APP */
 362               	 ;  296 "../../nut/arch/avr/dev/ahdlcavr.c" 1
 363 0254 0FB6      		in  __tmp_reg__, __SREG__
 364 0256 F894      		cli
 365 0258 0F92      		push __tmp_reg__
 366               		
 367               	 ;  0 "" 2
 368               	/* #NOAPP */
 369 025a 8C89      		ldd r24,Y+20
 370 025c 8823      		tst r24
 371 025e 01F0      		breq .L34
 372 0260 8091 9A00 		lds r24,154
 373 0264 8062      		ori r24,lo8(32)
 374 0266 8093 9A00 		sts 154,r24
 375 026a 00C0      		rjmp .L35
 376               	.L34:
 377 026c 559A      		sbi 42-32,5
 378               	.L35:
 379               	/* #APP */
 380               	 ;  303 "../../nut/arch/avr/dev/ahdlcavr.c" 1
 381 026e 0F90      		pop __tmp_reg__
 382 0270 0FBE      		out __SREG__, __tmp_reg__
 383               		
 384               	 ;  0 "" 2
 385               	/* #NOAPP */
 386               	.L37:
 387 0272 20E0      		ldi r18,lo8(0)
 388 0274 30E0      		ldi r19,hi8(0)
 389               	.L32:
 390 0276 C901      		movw r24,r18
 391               	/* epilogue start */
 392 0278 DF91      		pop r29
 393 027a CF91      		pop r28
 394 027c 1F91      		pop r17
 395 027e 0F91      		pop r16
 396 0280 FF90      		pop r15
 397 0282 EF90      		pop r14
 398 0284 0895      		ret
 399               		.size	SendRawByte, .-SendRawByte
GAS LISTING C:\Temp/ccgG96rn.s 			page 8


 400               	.global	AhdlcAvrPut
 401               		.type	AhdlcAvrPut, @function
 402               	AhdlcAvrPut:
 403 0286 AF92      		push r10
 404 0288 BF92      		push r11
 405 028a CF92      		push r12
 406 028c DF92      		push r13
 407 028e EF92      		push r14
 408 0290 FF92      		push r15
 409 0292 0F93      		push r16
 410 0294 1F93      		push r17
 411 0296 CF93      		push r28
 412 0298 DF93      		push r29
 413               	/* prologue: function */
 414               	/* frame size = 0 */
 415 029a DC01      		movw r26,r24
 416 029c 5A01      		movw r10,r20
 417 029e 6901      		movw r12,r18
 418 02a0 5196      		adiw r26,17
 419 02a2 ED90      		ld r14,X+
 420 02a4 FC90      		ld r15,X
 421 02a6 5297      		sbiw r26,17+1
 422 02a8 6115      		cp r22,__zero_reg__
 423 02aa 7105      		cpc r23,__zero_reg__
 424 02ac 01F0      		breq .L39
 425 02ae 8B01      		movw r16,r22
 426 02b0 C0E0      		ldi r28,lo8(0)
 427 02b2 D0E0      		ldi r29,hi8(0)
 428 02b4 00C0      		rjmp .L40
 429               	.L44:
 430 02b6 C114      		cp r12,__zero_reg__
 431 02b8 D104      		cpc r13,__zero_reg__
 432 02ba 01F0      		breq .L41
 433 02bc F801      		movw r30,r16
 434               	/* #APP */
 435               	 ;  1219 "../../nut/arch/avr/dev/ahdlcavr.c" 1
 436 02be 6491      		lpm r22, Z
 437               		
 438               	 ;  0 "" 2
 439               	/* #NOAPP */
 440 02c0 00C0      		rjmp .L42
 441               	.L41:
 442 02c2 F801      		movw r30,r16
 443 02c4 6081      		ld r22,Z
 444               	.L42:
 445 02c6 40E0      		ldi r20,lo8(0)
 446 02c8 C701      		movw r24,r14
 447 02ca 0E94 0000 		call SendRawByte
 448 02ce 892B      		or r24,r25
 449 02d0 01F4      		brne .L43
 450 02d2 0F5F      		subi r16,lo8(-(1))
 451 02d4 1F4F      		sbci r17,hi8(-(1))
 452 02d6 2196      		adiw r28,1
 453               	.L40:
 454 02d8 CA15      		cp r28,r10
 455 02da DB05      		cpc r29,r11
 456 02dc 04F0      		brlt .L44
GAS LISTING C:\Temp/ccgG96rn.s 			page 9


 457 02de 00C0      		rjmp .L43
 458               	.L39:
 459 02e0 1C96      		adiw r26,12
 460 02e2 8D91      		ld r24,X+
 461 02e4 9C91      		ld r25,X
 462 02e6 1D97      		sbiw r26,12+1
 463 02e8 892B      		or r24,r25
 464 02ea 01F0      		breq .L45
 465 02ec 8091 9A00 		lds r24,154
 466 02f0 8062      		ori r24,lo8(32)
 467 02f2 8093 9A00 		sts 154,r24
 468 02f6 00C0      		rjmp .L47
 469               	.L45:
 470 02f8 559A      		sbi 42-32,5
 471               	.L47:
 472 02fa C0E0      		ldi r28,lo8(0)
 473 02fc D0E0      		ldi r29,hi8(0)
 474               	.L43:
 475 02fe CE01      		movw r24,r28
 476               	/* epilogue start */
 477 0300 DF91      		pop r29
 478 0302 CF91      		pop r28
 479 0304 1F91      		pop r17
 480 0306 0F91      		pop r16
 481 0308 FF90      		pop r15
 482 030a EF90      		pop r14
 483 030c DF90      		pop r13
 484 030e CF90      		pop r12
 485 0310 BF90      		pop r11
 486 0312 AF90      		pop r10
 487 0314 0895      		ret
 488               		.size	AhdlcAvrPut, .-AhdlcAvrPut
 489               	.global	AhdlcAvrWrite_P
 490               		.type	AhdlcAvrWrite_P, @function
 491               	AhdlcAvrWrite_P:
 492               	/* prologue: function */
 493               	/* frame size = 0 */
 494 0316 21E0      		ldi r18,lo8(1)
 495 0318 30E0      		ldi r19,hi8(1)
 496 031a FC01      		movw r30,r24
 497 031c 8281      		ldd r24,Z+2
 498 031e 9381      		ldd r25,Z+3
 499 0320 0E94 0000 		call AhdlcAvrPut
 500               	/* epilogue start */
 501 0324 0895      		ret
 502               		.size	AhdlcAvrWrite_P, .-AhdlcAvrWrite_P
 503               	.global	AhdlcAvrWrite
 504               		.type	AhdlcAvrWrite, @function
 505               	AhdlcAvrWrite:
 506               	/* prologue: function */
 507               	/* frame size = 0 */
 508 0326 20E0      		ldi r18,lo8(0)
 509 0328 30E0      		ldi r19,hi8(0)
 510 032a FC01      		movw r30,r24
 511 032c 8281      		ldd r24,Z+2
 512 032e 9381      		ldd r25,Z+3
 513 0330 0E94 0000 		call AhdlcAvrPut
GAS LISTING C:\Temp/ccgG96rn.s 			page 10


 514               	/* epilogue start */
 515 0334 0895      		ret
 516               		.size	AhdlcAvrWrite, .-AhdlcAvrWrite
 517               		.type	SendHdlcData, @function
 518               	SendHdlcData:
 519 0336 5F92      		push r5
 520 0338 6F92      		push r6
 521 033a 7F92      		push r7
 522 033c 8F92      		push r8
 523 033e 9F92      		push r9
 524 0340 AF92      		push r10
 525 0342 BF92      		push r11
 526 0344 CF92      		push r12
 527 0346 DF92      		push r13
 528 0348 EF92      		push r14
 529 034a FF92      		push r15
 530 034c 0F93      		push r16
 531 034e 1F93      		push r17
 532 0350 CF93      		push r28
 533 0352 DF93      		push r29
 534               	/* prologue: function */
 535               	/* frame size = 0 */
 536 0354 7C01      		movw r14,r24
 537 0356 6B01      		movw r12,r22
 538 0358 4A01      		movw r8,r20
 539 035a 5901      		movw r10,r18
 540 035c 2115      		cp r18,__zero_reg__
 541 035e 3105      		cpc r19,__zero_reg__
 542 0360 01F4      		brne .L53
 543 0362 C0E0      		ldi r28,lo8(0)
 544 0364 D0E0      		ldi r29,hi8(0)
 545 0366 00C0      		rjmp .L54
 546               	.L53:
 547 0368 F901      		movw r30,r18
 548 036a C081      		ld r28,Z
 549 036c D181      		ldd r29,Z+1
 550 036e 00C0      		rjmp .L54
 551               	.L61:
 552 0370 F601      		movw r30,r12
 553 0372 6081      		ld r22,Z
 554 0374 E62F      		mov r30,r22
 555 0376 EC27      		eor r30,r28
 556 0378 2E2F      		mov r18,r30
 557 037a 30E0      		ldi r19,lo8(0)
 558 037c 220F      		lsl r18
 559 037e 331F      		rol r19
 560 0380 C901      		movw r24,r18
 561 0382 8050      		subi r24,lo8(-(fcstab))
 562 0384 9040      		sbci r25,hi8(-(fcstab))
 563 0386 FC01      		movw r30,r24
 564               	/* #APP */
 565               	 ;  325 "../../nut/arch/avr/dev/ahdlcavr.c" 1
 566 0388 6490      		lpm r6, Z
 567               		
 568               	 ;  0 "" 2
 569               	/* #NOAPP */
 570 038a 2050      		subi r18,lo8(-(fcstab+1))
GAS LISTING C:\Temp/ccgG96rn.s 			page 11


 571 038c 3040      		sbci r19,hi8(-(fcstab+1))
 572 038e F901      		movw r30,r18
 573               	/* #APP */
 574               	 ;  325 "../../nut/arch/avr/dev/ahdlcavr.c" 1
 575 0390 7490      		lpm r7, Z
 576               		
 577               	 ;  0 "" 2
 578               	/* #NOAPP */
 579 0392 6032      		cpi r22,lo8(32)
 580 0394 00F4      		brsh .L55
 581 0396 F701      		movw r30,r14
 582 0398 83A1      		ldd r24,Z+35
 583 039a 94A1      		ldd r25,Z+36
 584 039c A5A1      		ldd r26,Z+37
 585 039e B6A1      		ldd r27,Z+38
 586 03a0 062E      		mov r0,r22
 587 03a2 00C0      		rjmp 2f
 588 03a4 B695      	1:	lsr r27
 589 03a6 A795      		ror r26
 590 03a8 9795      		ror r25
 591 03aa 8795      		ror r24
 592 03ac 0A94      	2:	dec r0
 593 03ae 02F4      		brpl 1b
 594 03b0 8170      		andi r24,lo8(1)
 595 03b2 9070      		andi r25,hi8(1)
 596 03b4 892B      		or r24,r25
 597 03b6 01F4      		brne .L56
 598 03b8 00C0      		rjmp .L57
 599               	.L55:
 600 03ba 6E37      		cpi r22,lo8(126)
 601 03bc 01F0      		breq .L56
 602               	.L57:
 603 03be 6D37      		cpi r22,lo8(125)
 604 03c0 01F4      		brne .L58
 605               	.L56:
 606 03c2 40E0      		ldi r20,lo8(0)
 607 03c4 6DE7      		ldi r22,lo8(125)
 608 03c6 C701      		movw r24,r14
 609 03c8 0E94 0000 		call SendRawByte
 610 03cc 892B      		or r24,r25
 611 03ce 01F4      		brne .L59
 612 03d0 F601      		movw r30,r12
 613 03d2 6081      		ld r22,Z
 614 03d4 6525      		eor r22,r5
 615               	.L58:
 616 03d6 40E0      		ldi r20,lo8(0)
 617 03d8 C701      		movw r24,r14
 618 03da 0E94 0000 		call SendRawByte
 619 03de 892B      		or r24,r25
 620 03e0 01F4      		brne .L59
 621 03e2 8D2F      		mov r24,r29
 622 03e4 9927      		clr r25
 623 03e6 162D      		mov r17,r6
 624 03e8 00E0      		ldi r16,lo8(0)
 625 03ea C72D      		mov r28,r7
 626 03ec D0E0      		ldi r29,lo8(0)
 627 03ee C02B      		or r28,r16
GAS LISTING C:\Temp/ccgG96rn.s 			page 12


 628 03f0 D12B      		or r29,r17
 629 03f2 C827      		eor r28,r24
 630 03f4 D927      		eor r29,r25
 631 03f6 0894      		sec
 632 03f8 C11C      		adc r12,__zero_reg__
 633 03fa D11C      		adc r13,__zero_reg__
 634 03fc 0894      		sec
 635 03fe 8108      		sbc r8,__zero_reg__
 636 0400 9108      		sbc r9,__zero_reg__
 637 0402 00C0      		rjmp .L65
 638               	.L54:
 639 0404 80E2      		ldi r24,lo8(32)
 640 0406 582E      		mov r5,r24
 641               	.L65:
 642 0408 8114      		cp r8,__zero_reg__
 643 040a 9104      		cpc r9,__zero_reg__
 644 040c 01F0      		breq .+2
 645 040e 00C0      		rjmp .L61
 646 0410 A114      		cp r10,__zero_reg__
 647 0412 B104      		cpc r11,__zero_reg__
 648 0414 01F0      		breq .L66
 649               	.L62:
 650 0416 F501      		movw r30,r10
 651 0418 D183      		std Z+1,r29
 652 041a C083      		st Z,r28
 653               	.L66:
 654 041c 20E0      		ldi r18,lo8(0)
 655 041e 30E0      		ldi r19,hi8(0)
 656 0420 00C0      		rjmp .L63
 657               	.L59:
 658 0422 2FEF      		ldi r18,lo8(-1)
 659 0424 3FEF      		ldi r19,hi8(-1)
 660               	.L63:
 661 0426 C901      		movw r24,r18
 662               	/* epilogue start */
 663 0428 DF91      		pop r29
 664 042a CF91      		pop r28
 665 042c 1F91      		pop r17
 666 042e 0F91      		pop r16
 667 0430 FF90      		pop r15
 668 0432 EF90      		pop r14
 669 0434 DF90      		pop r13
 670 0436 CF90      		pop r12
 671 0438 BF90      		pop r11
 672 043a AF90      		pop r10
 673 043c 9F90      		pop r9
 674 043e 8F90      		pop r8
 675 0440 7F90      		pop r7
 676 0442 6F90      		pop r6
 677 0444 5F90      		pop r5
 678 0446 0895      		ret
 679               		.size	SendHdlcData, .-SendHdlcData
 680               	.global	AhdlcOutput
 681               		.type	AhdlcOutput, @function
 682               	AhdlcOutput:
 683 0448 CF92      		push r12
 684 044a DF92      		push r13
GAS LISTING C:\Temp/ccgG96rn.s 			page 13


 685 044c EF92      		push r14
 686 044e FF92      		push r15
 687 0450 0F93      		push r16
 688 0452 1F93      		push r17
 689 0454 DF93      		push r29
 690 0456 CF93      		push r28
 691 0458 00D0      		rcall .
 692 045a CDB7      		in r28,__SP_L__
 693 045c DEB7      		in r29,__SP_H__
 694               	/* prologue: function */
 695               	/* frame size = 2 */
 696 045e 8B01      		movw r16,r22
 697 0460 FC01      		movw r30,r24
 698 0462 E188      		ldd r14,Z+17
 699 0464 F288      		ldd r15,Z+18
 700 0466 F701      		movw r30,r14
 701 0468 8081      		ld r24,Z
 702 046a 9181      		ldd r25,Z+1
 703 046c A281      		ldd r26,Z+2
 704 046e B381      		ldd r27,Z+3
 705 0470 A6FD      		sbrc r26,6
 706 0472 00C0      		rjmp .L72
 707               	.L68:
 708 0474 FB01      		movw r30,r22
 709 0476 8185      		ldd r24,Z+9
 710 0478 9285      		ldd r25,Z+10
 711 047a 2581      		ldd r18,Z+5
 712 047c 3681      		ldd r19,Z+6
 713 047e 820F      		add r24,r18
 714 0480 931F      		adc r25,r19
 715 0482 2585      		ldd r18,Z+13
 716 0484 3685      		ldd r19,Z+14
 717 0486 820F      		add r24,r18
 718 0488 931F      		adc r25,r19
 719 048a 2189      		ldd r18,Z+17
 720 048c 3289      		ldd r19,Z+18
 721 048e 820F      		add r24,r18
 722 0490 931F      		adc r25,r19
 723 0492 F701      		movw r30,r14
 724 0494 21A5      		ldd r18,Z+41
 725 0496 32A5      		ldd r19,Z+42
 726 0498 2817      		cp r18,r24
 727 049a 3907      		cpc r19,r25
 728 049c 00F4      		brsh .+2
 729 049e 00C0      		rjmp .L70
 730 04a0 40E0      		ldi r20,lo8(0)
 731 04a2 6EE7      		ldi r22,lo8(126)
 732 04a4 C701      		movw r24,r14
 733 04a6 0E94 0000 		call SendRawByte
 734 04aa 8FEF      		ldi r24,lo8(-1)
 735 04ac 9FEF      		ldi r25,hi8(-1)
 736 04ae 9A83      		std Y+2,r25
 737 04b0 8983      		std Y+1,r24
 738 04b2 F801      		movw r30,r16
 739 04b4 4581      		ldd r20,Z+5
 740 04b6 5681      		ldd r21,Z+6
 741 04b8 6381      		ldd r22,Z+3
GAS LISTING C:\Temp/ccgG96rn.s 			page 14


 742 04ba 7481      		ldd r23,Z+4
 743 04bc 6E01      		movw r12,r28
 744 04be 0894      		sec
 745 04c0 C11C      		adc r12,__zero_reg__
 746 04c2 D11C      		adc r13,__zero_reg__
 747 04c4 9601      		movw r18,r12
 748 04c6 C701      		movw r24,r14
 749 04c8 0E94 0000 		call SendHdlcData
 750 04cc 892B      		or r24,r25
 751 04ce 01F4      		brne .L70
 752 04d0 F801      		movw r30,r16
 753 04d2 4185      		ldd r20,Z+9
 754 04d4 5285      		ldd r21,Z+10
 755 04d6 6781      		ldd r22,Z+7
 756 04d8 7085      		ldd r23,Z+8
 757 04da 9601      		movw r18,r12
 758 04dc C701      		movw r24,r14
 759 04de 0E94 0000 		call SendHdlcData
 760 04e2 892B      		or r24,r25
 761 04e4 01F4      		brne .L70
 762 04e6 F801      		movw r30,r16
 763 04e8 4585      		ldd r20,Z+13
 764 04ea 5685      		ldd r21,Z+14
 765 04ec 6385      		ldd r22,Z+11
 766 04ee 7485      		ldd r23,Z+12
 767 04f0 9601      		movw r18,r12
 768 04f2 C701      		movw r24,r14
 769 04f4 0E94 0000 		call SendHdlcData
 770 04f8 892B      		or r24,r25
 771 04fa 01F4      		brne .L70
 772 04fc F801      		movw r30,r16
 773 04fe 4189      		ldd r20,Z+17
 774 0500 5289      		ldd r21,Z+18
 775 0502 6785      		ldd r22,Z+15
 776 0504 7089      		ldd r23,Z+16
 777 0506 9601      		movw r18,r12
 778 0508 C701      		movw r24,r14
 779 050a 0E94 0000 		call SendHdlcData
 780 050e 892B      		or r24,r25
 781 0510 01F4      		brne .L70
 782 0512 8981      		ldd r24,Y+1
 783 0514 9A81      		ldd r25,Y+2
 784 0516 8095      		com r24
 785 0518 9095      		com r25
 786 051a 9A83      		std Y+2,r25
 787 051c 8983      		std Y+1,r24
 788 051e 20E0      		ldi r18,lo8(0)
 789 0520 30E0      		ldi r19,hi8(0)
 790 0522 42E0      		ldi r20,lo8(2)
 791 0524 50E0      		ldi r21,hi8(2)
 792 0526 B601      		movw r22,r12
 793 0528 C701      		movw r24,r14
 794 052a 0E94 0000 		call SendHdlcData
 795 052e 892B      		or r24,r25
 796 0530 01F4      		brne .L70
 797 0532 41E0      		ldi r20,lo8(1)
 798 0534 6EE7      		ldi r22,lo8(126)
GAS LISTING C:\Temp/ccgG96rn.s 			page 15


 799 0536 C701      		movw r24,r14
 800 0538 0E94 0000 		call SendRawByte
 801               	.L72:
 802 053c 20E0      		ldi r18,lo8(0)
 803 053e 30E0      		ldi r19,hi8(0)
 804 0540 00C0      		rjmp .L69
 805               	.L70:
 806 0542 2FEF      		ldi r18,lo8(-1)
 807 0544 3FEF      		ldi r19,hi8(-1)
 808               	.L69:
 809 0546 C901      		movw r24,r18
 810               	/* epilogue start */
 811 0548 0F90      		pop __tmp_reg__
 812 054a 0F90      		pop __tmp_reg__
 813 054c CF91      		pop r28
 814 054e DF91      		pop r29
 815 0550 1F91      		pop r17
 816 0552 0F91      		pop r16
 817 0554 FF90      		pop r15
 818 0556 EF90      		pop r14
 819 0558 DF90      		pop r13
 820 055a CF90      		pop r12
 821 055c 0895      		ret
 822               		.size	AhdlcOutput, .-AhdlcOutput
 823               	.global	AhdlcAvrRead
 824               		.type	AhdlcAvrRead, @function
 825               	AhdlcAvrRead:
 826 055e AF92      		push r10
 827 0560 BF92      		push r11
 828 0562 CF92      		push r12
 829 0564 DF92      		push r13
 830 0566 EF92      		push r14
 831 0568 FF92      		push r15
 832 056a 0F93      		push r16
 833 056c 1F93      		push r17
 834 056e CF93      		push r28
 835 0570 DF93      		push r29
 836               	/* prologue: function */
 837               	/* frame size = 0 */
 838 0572 5A01      		movw r10,r20
 839 0574 DC01      		movw r26,r24
 840 0576 1296      		adiw r26,2
 841 0578 ED91      		ld r30,X+
 842 057a FC91      		ld r31,X
 843 057c 1397      		sbiw r26,2+1
 844 057e C189      		ldd r28,Z+17
 845 0580 D289      		ldd r29,Z+18
 846 0582 6115      		cp r22,__zero_reg__
 847 0584 7105      		cpc r23,__zero_reg__
 848 0586 01F0      		breq .L74
 849 0588 7B01      		movw r14,r22
 850 058a 52E1      		ldi r21,lo8(18)
 851 058c C52E      		mov r12,r21
 852 058e D12C      		mov r13,__zero_reg__
 853 0590 CC0E      		add r12,r28
 854 0592 DD1E      		adc r13,r29
 855 0594 00E0      		ldi r16,lo8(0)
GAS LISTING C:\Temp/ccgG96rn.s 			page 16


 856 0596 10E0      		ldi r17,hi8(0)
 857 0598 00C0      		rjmp .L80
 858               	.L78:
 859 059a 988D      		ldd r25,Y+24
 860 059c 8F89      		ldd r24,Y+23
 861 059e 9817      		cp r25,r24
 862 05a0 01F0      		breq .L76
 863 05a2 ED89      		ldd r30,Y+21
 864 05a4 FE89      		ldd r31,Y+22
 865 05a6 E90F      		add r30,r25
 866 05a8 F11D      		adc r31,__zero_reg__
 867 05aa 8081      		ld r24,Z
 868 05ac F701      		movw r30,r14
 869 05ae 8193      		st Z+,r24
 870 05b0 7F01      		movw r14,r30
 871 05b2 9F5F      		subi r25,lo8(-(1))
 872 05b4 988F      		std Y+24,r25
 873 05b6 0F5F      		subi r16,lo8(-(1))
 874 05b8 1F4F      		sbci r17,hi8(-(1))
 875 05ba 00C0      		rjmp .L80
 876               	.L76:
 877 05bc 0115      		cp r16,__zero_reg__
 878 05be 1105      		cpc r17,__zero_reg__
 879 05c0 01F4      		brne .L77
 880 05c2 4885      		ldd r20,Y+8
 881 05c4 5985      		ldd r21,Y+9
 882 05c6 6A85      		ldd r22,Y+10
 883 05c8 7B85      		ldd r23,Y+11
 884 05ca C601      		movw r24,r12
 885 05cc 0E94 0000 		call NutEventWait
 886 05d0 892B      		or r24,r25
 887 05d2 01F4      		brne .L77
 888               	.L80:
 889 05d4 0A15      		cp r16,r10
 890 05d6 1B05      		cpc r17,r11
 891 05d8 04F0      		brlt .L78
 892 05da 00C0      		rjmp .L77
 893               	.L74:
 894 05dc 8F89      		ldd r24,Y+23
 895 05de 888F      		std Y+24,r24
 896 05e0 00E0      		ldi r16,lo8(0)
 897 05e2 10E0      		ldi r17,hi8(0)
 898               	.L77:
 899 05e4 C801      		movw r24,r16
 900               	/* epilogue start */
 901 05e6 DF91      		pop r29
 902 05e8 CF91      		pop r28
 903 05ea 1F91      		pop r17
 904 05ec 0F91      		pop r16
 905 05ee FF90      		pop r15
 906 05f0 EF90      		pop r14
 907 05f2 DF90      		pop r13
 908 05f4 CF90      		pop r12
 909 05f6 BF90      		pop r11
 910 05f8 AF90      		pop r10
 911 05fa 0895      		ret
 912               		.size	AhdlcAvrRead, .-AhdlcAvrRead
GAS LISTING C:\Temp/ccgG96rn.s 			page 17


 913               		.type	AhdlcAvrDisable, @function
 914               	AhdlcAvrDisable:
 915 05fc CF93      		push r28
 916 05fe DF93      		push r29
 917               	/* prologue: function */
 918               	/* frame size = 0 */
 919 0600 EC01      		movw r28,r24
 920               	/* #APP */
 921               	 ;  708 "../../nut/arch/avr/dev/ahdlcavr.c" 1
 922 0602 0FB6      		in  __tmp_reg__, __SREG__
 923 0604 F894      		cli
 924 0606 0F92      		push __tmp_reg__
 925               		
 926               	 ;  0 "" 2
 927               	/* #NOAPP */
 928 0608 0097      		sbiw r24,0
 929 060a 01F0      		breq .L82
 930 060c 8091 9A00 		lds r24,154
 931 0610 8F75      		andi r24,lo8(95)
 932 0612 8093 9A00 		sts 154,r24
 933 0616 00C0      		rjmp .L83
 934               	.L82:
 935 0618 8AB1      		in r24,42-32
 936 061a 8F75      		andi r24,lo8(95)
 937 061c 8AB9      		out 42-32,r24
 938               	.L83:
 939               	/* #APP */
 940               	 ;  723 "../../nut/arch/avr/dev/ahdlcavr.c" 1
 941 061e 0F90      		pop __tmp_reg__
 942 0620 0FBE      		out __SREG__, __tmp_reg__
 943               		
 944               	 ;  0 "" 2
 945               	/* #NOAPP */
 946 0622 8AE0      		ldi r24,lo8(10)
 947 0624 0E94 0000 		call NutDelay
 948 0628 CD2B      		or r28,r29
 949 062a 01F0      		breq .L84
 950 062c 8091 9A00 		lds r24,154
 951 0630 877E      		andi r24,lo8(-25)
 952 0632 8093 9A00 		sts 154,r24
 953 0636 00C0      		rjmp .L86
 954               	.L84:
 955 0638 8AB1      		in r24,42-32
 956 063a 877E      		andi r24,lo8(-25)
 957 063c 8AB9      		out 42-32,r24
 958               	.L86:
 959               	/* epilogue start */
 960 063e DF91      		pop r29
 961 0640 CF91      		pop r28
 962 0642 0895      		ret
 963               		.size	AhdlcAvrDisable, .-AhdlcAvrDisable
 964               	.global	AhdlcAvrIOCtl
 965               		.type	AhdlcAvrIOCtl, @function
 966               	AhdlcAvrIOCtl:
 967 0644 FF92      		push r15
 968 0646 0F93      		push r16
 969 0648 1F93      		push r17
GAS LISTING C:\Temp/ccgG96rn.s 			page 18


 970 064a CF93      		push r28
 971 064c DF93      		push r29
 972               	/* prologue: function */
 973               	/* frame size = 0 */
 974 064e 9C01      		movw r18,r24
 975 0650 DA01      		movw r26,r20
 976 0652 8A01      		movw r16,r20
 977 0654 0097      		sbiw r24,0
 978 0656 01F4      		brne .L88
 979 0658 20E0      		ldi r18,lo8(devUart0)
 980 065a 30E0      		ldi r19,hi8(devUart0)
 981               	.L88:
 982 065c F901      		movw r30,r18
 983 065e F484      		ldd r15,Z+12
 984 0660 C189      		ldd r28,Z+17
 985 0662 D289      		ldd r29,Z+18
 986 0664 FB01      		movw r30,r22
 987 0666 E150      		subi r30,lo8(-(-257))
 988 0668 F140      		sbci r31,hi8(-(-257))
 989 066a EB32      		cpi r30,43
 990 066c F105      		cpc r31,__zero_reg__
 991 066e 00F4      		brsh .L89
 992 0670 E050      		subi r30,lo8(-(gs(.L111)))
 993 0672 F040      		sbci r31,hi8(-(gs(.L111)))
 994 0674 EE0F      		lsl r30
 995 0676 FF1F      		rol r31
 996 0678 0590      		lpm __tmp_reg__,Z+
 997 067a F491      		lpm r31,Z
 998 067c E02D      		mov r30,__tmp_reg__
 999 067e 0994      		ijmp
 1000               		.data
 1001               		.section .progmem.gcc_sw_table, "a", @progbits
 1002               		.p2align 1
 1003               	.L111:
 1004               		.data
 1005               		.section .progmem.gcc_sw_table, "a", @progbits
 1006               		.p2align 1
 1007 0000 0000      		.word gs(.L90)
 1008 0002 0000      		.word gs(.L91)
 1009 0004 0000      		.word gs(.L92)
 1010 0006 0000      		.word gs(.L93)
 1011 0008 0000      		.word gs(.L94)
 1012 000a 0000      		.word gs(.L95)
 1013 000c 0000      		.word gs(.L96)
 1014 000e 0000      		.word gs(.L97)
 1015 0010 0000      		.word gs(.L98)
 1016 0012 0000      		.word gs(.L99)
 1017 0014 0000      		.word gs(.L100)
 1018 0016 0000      		.word gs(.L101)
 1019 0018 0000      		.word gs(.L102)
 1020 001a 0000      		.word gs(.L103)
 1021 001c 0000      		.word gs(.L106)
 1022 001e 0000      		.word gs(.L105)
 1023 0020 0000      		.word gs(.L106)
 1024 0022 0000      		.word gs(.L98)
 1025 0024 0000      		.word gs(.L89)
 1026 0026 0000      		.word gs(.L89)
GAS LISTING C:\Temp/ccgG96rn.s 			page 19


 1027 0028 0000      		.word gs(.L89)
 1028 002a 0000      		.word gs(.L89)
 1029 002c 0000      		.word gs(.L107)
 1030 002e 0000      		.word gs(.L108)
 1031 0030 0000      		.word gs(.L89)
 1032 0032 0000      		.word gs(.L89)
 1033 0034 0000      		.word gs(.L89)
 1034 0036 0000      		.word gs(.L89)
 1035 0038 0000      		.word gs(.L89)
 1036 003a 0000      		.word gs(.L89)
 1037 003c 0000      		.word gs(.L89)
 1038 003e 0000      		.word gs(.L89)
 1039 0040 0000      		.word gs(.L89)
 1040 0042 0000      		.word gs(.L89)
 1041 0044 0000      		.word gs(.L89)
 1042 0046 0000      		.word gs(.L89)
 1043 0048 0000      		.word gs(.L89)
 1044 004a 0000      		.word gs(.L89)
 1045 004c 0000      		.word gs(.L89)
 1046 004e 0000      		.word gs(.L89)
 1047 0050 0000      		.word gs(.L89)
 1048 0052 0000      		.word gs(.L109)
 1049 0054 0000      		.word gs(.L110)
 1050               		.text
 1051               	.L89:
 1052 0680 2FEF      		ldi r18,lo8(-1)
 1053 0682 3FEF      		ldi r19,hi8(-1)
 1054 0684 00C0      		rjmp .L112
 1055               	.L90:
 1056 0686 8F2D      		mov r24,r15
 1057 0688 90E0      		ldi r25,lo8(0)
 1058 068a 0E94 0000 		call AhdlcAvrDisable
 1059 068e 0E94 0000 		call NutGetCpuClock
 1060 0692 660F      		lsl r22
 1061 0694 771F      		rol r23
 1062 0696 881F      		rol r24
 1063 0698 991F      		rol r25
 1064 069a F801      		movw r30,r16
 1065 069c 2081      		ld r18,Z
 1066 069e 3181      		ldd r19,Z+1
 1067 06a0 4281      		ldd r20,Z+2
 1068 06a2 5381      		ldd r21,Z+3
 1069 06a4 B4E0      		ldi r27,4
 1070 06a6 220F      	1:	lsl r18
 1071 06a8 331F      		rol r19
 1072 06aa 441F      		rol r20
 1073 06ac 551F      		rol r21
 1074 06ae BA95      		dec r27
 1075 06b0 01F4      		brne 1b
 1076 06b2 0E94 0000 		call __udivmodsi4
 1077 06b6 2F5F      		subi r18,lo8(-(1))
 1078 06b8 3F4F      		sbci r19,hi8(-(1))
 1079 06ba 4F4F      		sbci r20,hlo8(-(1))
 1080 06bc 5F4F      		sbci r21,hhi8(-(1))
 1081 06be 5695      		lsr r21
 1082 06c0 4795      		ror r20
 1083 06c2 3795      		ror r19
GAS LISTING C:\Temp/ccgG96rn.s 			page 20


 1084 06c4 2795      		ror r18
 1085 06c6 2150      		subi r18,lo8(-(-1))
 1086 06c8 3040      		sbci r19,hi8(-(-1))
 1087 06ca FF20      		tst r15
 1088 06cc 01F0      		breq .L113
 1089 06ce 2093 9900 		sts 153,r18
 1090 06d2 3093 9800 		sts 152,r19
 1091 06d6 00C0      		rjmp .L114
 1092               	.L113:
 1093 06d8 29B9      		out 41-32,r18
 1094 06da 3093 9000 		sts 144,r19
 1095               	.L114:
 1096               	/* #APP */
 1097               	 ;  681 "../../nut/arch/avr/dev/ahdlcavr.c" 1
 1098 06de 0FB6      		in  __tmp_reg__, __SREG__
 1099 06e0 F894      		cli
 1100 06e2 0F92      		push __tmp_reg__
 1101               		
 1102               	 ;  0 "" 2
 1103               	/* #NOAPP */
 1104 06e4 FF20      		tst r15
 1105 06e6 01F0      		breq .L115
 1106 06e8 88E9      		ldi r24,lo8(-104)
 1107 06ea 8093 9A00 		sts 154,r24
 1108 06ee 00C0      		rjmp .L116
 1109               	.L115:
 1110 06f0 88E9      		ldi r24,lo8(-104)
 1111 06f2 8AB9      		out 42-32,r24
 1112               	.L116:
 1113               	/* #APP */
 1114               	 ;  697 "../../nut/arch/avr/dev/ahdlcavr.c" 1
 1115 06f4 0F90      		pop __tmp_reg__
 1116 06f6 0FBE      		out __SREG__, __tmp_reg__
 1117               		
 1118               	 ;  0 "" 2
 1119               	/* #NOAPP */
 1120 06f8 00C0      		rjmp .L98
 1121               	.L91:
 1122 06fa FF20      		tst r15
 1123 06fc 01F0      		breq .L117
 1124 06fe 8091 9800 		lds r24,152
 1125 0702 9091 9900 		lds r25,153
 1126 0706 00C0      		rjmp .L153
 1127               	.L117:
 1128 0708 8091 9000 		lds r24,144
 1129 070c 99B1      		in r25,41-32
 1130               	.L153:
 1131 070e 382F      		mov r19,r24
 1132 0710 20E0      		ldi r18,lo8(0)
 1133 0712 C92F      		mov r28,r25
 1134 0714 D0E0      		ldi r29,lo8(0)
 1135 0716 C22B      		or r28,r18
 1136 0718 D32B      		or r29,r19
 1137 071a 0E94 0000 		call NutGetCpuClock
 1138 071e 2196      		adiw r28,1
 1139 0720 9E01      		movw r18,r28
 1140 0722 40E0      		ldi r20,lo8(0)
GAS LISTING C:\Temp/ccgG96rn.s 			page 21


 1141 0724 50E0      		ldi r21,hi8(0)
 1142 0726 F4E0      		ldi r31,4
 1143 0728 220F      	1:	lsl r18
 1144 072a 331F      		rol r19
 1145 072c 441F      		rol r20
 1146 072e 551F      		rol r21
 1147 0730 FA95      		dec r31
 1148 0732 01F4      		brne 1b
 1149 0734 0E94 0000 		call __udivmodsi4
 1150 0738 F801      		movw r30,r16
 1151 073a 2083      		st Z,r18
 1152 073c 3183      		std Z+1,r19
 1153 073e 4283      		std Z+2,r20
 1154 0740 5383      		std Z+3,r21
 1155 0742 00C0      		rjmp .L98
 1156               	.L92:
 1157 0744 8F2D      		mov r24,r15
 1158 0746 90E0      		ldi r25,lo8(0)
 1159 0748 0E94 0000 		call AhdlcAvrDisable
 1160 074c F801      		movw r30,r16
 1161 074e 2081      		ld r18,Z
 1162 0750 2550      		subi r18,lo8(-(-5))
 1163 0752 2430      		cpi r18,lo8(4)
 1164 0754 00F0      		brlo .+2
 1165 0756 00C0      		rjmp .L167
 1166               	.L119:
 1167 0758 220F      		lsl r18
 1168 075a FF20      		tst r15
 1169 075c 01F0      		breq .L121
 1170 075e 8091 9D00 		lds r24,157
 1171 0762 897F      		andi r24,lo8(-7)
 1172 0764 282B      		or r18,r24
 1173 0766 2093 9D00 		sts 157,r18
 1174 076a 8091 9A00 		lds r24,154
 1175 076e 8B7F      		andi r24,lo8(-5)
 1176 0770 8093 9A00 		sts 154,r24
 1177 0774 00C0      		rjmp .L156
 1178               	.L121:
 1179 0776 8091 9500 		lds r24,149
 1180 077a 897F      		andi r24,lo8(-7)
 1181 077c 282B      		or r18,r24
 1182 077e 2093 9500 		sts 149,r18
 1183 0782 5298      		cbi 42-32,2
 1184 0784 00C0      		rjmp .L156
 1185               	.L93:
 1186 0786 FF20      		tst r15
 1187 0788 01F0      		breq .L124
 1188 078a 8091 9D00 		lds r24,157
 1189 078e 00C0      		rjmp .L168
 1190               	.L124:
 1191 0790 8091 9500 		lds r24,149
 1192               	.L168:
 1193 0794 90E0      		ldi r25,lo8(0)
 1194 0796 8670      		andi r24,lo8(6)
 1195 0798 9070      		andi r25,hi8(6)
 1196 079a 9595      		asr r25
 1197 079c 8795      		ror r24
GAS LISTING C:\Temp/ccgG96rn.s 			page 22


 1198 079e 0596      		adiw r24,5
 1199 07a0 00C0      		rjmp .L165
 1200               	.L94:
 1201 07a2 8F2D      		mov r24,r15
 1202 07a4 90E0      		ldi r25,lo8(0)
 1203 07a6 0E94 0000 		call AhdlcAvrDisable
 1204 07aa F801      		movw r30,r16
 1205 07ac 2081      		ld r18,Z
 1206 07ae 2330      		cpi r18,lo8(3)
 1207 07b0 00F4      		brsh .L167
 1208 07b2 2130      		cpi r18,lo8(1)
 1209 07b4 01F4      		brne .L126
 1210 07b6 23E0      		ldi r18,lo8(3)
 1211               	.L126:
 1212 07b8 2295      		swap r18
 1213 07ba 207F      		andi r18,lo8(-16)
 1214 07bc FF20      		tst r15
 1215 07be 01F0      		breq .L127
 1216 07c0 8091 9D00 		lds r24,157
 1217 07c4 8F7C      		andi r24,lo8(-49)
 1218 07c6 822B      		or r24,r18
 1219 07c8 8093 9D00 		sts 157,r24
 1220 07cc 00C0      		rjmp .L128
 1221               	.L127:
 1222 07ce 8091 9500 		lds r24,149
 1223 07d2 8F7C      		andi r24,lo8(-49)
 1224 07d4 822B      		or r24,r18
 1225 07d6 8093 9500 		sts 149,r24
 1226               	.L128:
 1227 07da 2223      		tst r18
 1228 07dc 01F0      		breq .L156
 1229 07de 00C0      		rjmp .L167
 1230               	.L95:
 1231 07e0 FF20      		tst r15
 1232 07e2 01F0      		breq .L132
 1233 07e4 8091 9D00 		lds r24,157
 1234 07e8 00C0      		rjmp .L155
 1235               	.L132:
 1236 07ea 8091 9500 		lds r24,149
 1237               	.L155:
 1238 07ee 90E0      		ldi r25,lo8(0)
 1239 07f0 8073      		andi r24,lo8(48)
 1240 07f2 9070      		andi r25,hi8(48)
 1241 07f4 74E0      		ldi r23,4
 1242 07f6 9595      	1:	asr r25
 1243 07f8 8795      		ror r24
 1244 07fa 7A95      		dec r23
 1245 07fc 01F4      		brne 1b
 1246 07fe 8330      		cpi r24,lo8(3)
 1247 0800 01F4      		brne .L134
 1248 0802 81E0      		ldi r24,lo8(1)
 1249               	.L134:
 1250 0804 90E0      		ldi r25,lo8(0)
 1251 0806 A0E0      		ldi r26,lo8(0)
 1252 0808 B0E0      		ldi r27,hi8(0)
 1253 080a 00C0      		rjmp .L159
 1254               	.L96:
GAS LISTING C:\Temp/ccgG96rn.s 			page 23


 1255 080c 8F2D      		mov r24,r15
 1256 080e 90E0      		ldi r25,lo8(0)
 1257 0810 0E94 0000 		call AhdlcAvrDisable
 1258 0814 F801      		movw r30,r16
 1259 0816 2081      		ld r18,Z
 1260 0818 2150      		subi r18,lo8(-(-1))
 1261 081a 2230      		cpi r18,lo8(2)
 1262 081c 00F0      		brlo .L135
 1263               	.L167:
 1264 081e 2FEF      		ldi r18,lo8(-1)
 1265 0820 3FEF      		ldi r19,hi8(-1)
 1266 0822 00C0      		rjmp .L136
 1267               	.L135:
 1268 0824 220F      		lsl r18
 1269 0826 220F      		lsl r18
 1270 0828 220F      		lsl r18
 1271 082a FF20      		tst r15
 1272 082c 01F0      		breq .L137
 1273 082e 8091 9D00 		lds r24,157
 1274 0832 877F      		andi r24,lo8(-9)
 1275 0834 282B      		or r18,r24
 1276 0836 2093 9D00 		sts 157,r18
 1277 083a 00C0      		rjmp .L156
 1278               	.L137:
 1279 083c 8091 9500 		lds r24,149
 1280 0840 877F      		andi r24,lo8(-9)
 1281 0842 282B      		or r18,r24
 1282 0844 2093 9500 		sts 149,r18
 1283               	.L156:
 1284 0848 20E0      		ldi r18,lo8(0)
 1285 084a 30E0      		ldi r19,hi8(0)
 1286               	.L136:
 1287               	/* #APP */
 1288               	 ;  681 "../../nut/arch/avr/dev/ahdlcavr.c" 1
 1289 084c 0FB6      		in  __tmp_reg__, __SREG__
 1290 084e F894      		cli
 1291 0850 0F92      		push __tmp_reg__
 1292               		
 1293               	 ;  0 "" 2
 1294               	/* #NOAPP */
 1295 0852 FF20      		tst r15
 1296 0854 01F0      		breq .L138
 1297 0856 88E9      		ldi r24,lo8(-104)
 1298 0858 8093 9A00 		sts 154,r24
 1299 085c 00C0      		rjmp .L139
 1300               	.L138:
 1301 085e 88E9      		ldi r24,lo8(-104)
 1302 0860 8AB9      		out 42-32,r24
 1303               	.L139:
 1304               	/* #APP */
 1305               	 ;  697 "../../nut/arch/avr/dev/ahdlcavr.c" 1
 1306 0862 0F90      		pop __tmp_reg__
 1307 0864 0FBE      		out __SREG__, __tmp_reg__
 1308               		
 1309               	 ;  0 "" 2
 1310               	/* #NOAPP */
 1311 0866 00C0      		rjmp .L112
GAS LISTING C:\Temp/ccgG96rn.s 			page 24


 1312               	.L97:
 1313 0868 FF20      		tst r15
 1314 086a 01F0      		breq .L140
 1315 086c 8091 9D00 		lds r24,157
 1316               	.L164:
 1317 0870 90E0      		ldi r25,lo8(0)
 1318 0872 8870      		andi r24,lo8(8)
 1319 0874 9070      		andi r25,hi8(8)
 1320 0876 63E0      		ldi r22,3
 1321 0878 9595      	1:	asr r25
 1322 087a 8795      		ror r24
 1323 087c 6A95      		dec r22
 1324 087e 01F4      		brne 1b
 1325 0880 0196      		adiw r24,1
 1326               	.L165:
 1327 0882 AA27      		clr r26
 1328 0884 97FD      		sbrc r25,7
 1329 0886 A095      		com r26
 1330 0888 BA2F      		mov r27,r26
 1331               	.L159:
 1332 088a F801      		movw r30,r16
 1333               	.L161:
 1334 088c 8083      		st Z,r24
 1335 088e 9183      		std Z+1,r25
 1336 0890 A283      		std Z+2,r26
 1337 0892 B383      		std Z+3,r27
 1338 0894 00C0      		rjmp .L98
 1339               	.L140:
 1340 0896 8091 9500 		lds r24,149
 1341 089a 00C0      		rjmp .L164
 1342               	.L99:
 1343 089c F801      		movw r30,r16
 1344 089e 1082      		st Z,__zero_reg__
 1345 08a0 1182      		std Z+1,__zero_reg__
 1346 08a2 1282      		std Z+2,__zero_reg__
 1347 08a4 1382      		std Z+3,__zero_reg__
 1348 08a6 F901      		movw r30,r18
 1349 08a8 8485      		ldd r24,Z+12
 1350 08aa 9585      		ldd r25,Z+13
 1351 08ac 892B      		or r24,r25
 1352 08ae 01F0      		breq .L141
 1353 08b0 8091 9B00 		lds r24,155
 1354 08b4 00C0      		rjmp .L142
 1355               	.L141:
 1356 08b6 8BB1      		in r24,43-32
 1357               	.L142:
 1358 08b8 282F      		mov r18,r24
 1359 08ba 30E0      		ldi r19,lo8(0)
 1360 08bc 82FF      		sbrs r24,2
 1361 08be 00C0      		rjmp .L143
 1362 08c0 81E0      		ldi r24,lo8(1)
 1363 08c2 90E0      		ldi r25,hi8(1)
 1364 08c4 A0E0      		ldi r26,hlo8(1)
 1365 08c6 B0E0      		ldi r27,hhi8(1)
 1366 08c8 F801      		movw r30,r16
 1367 08ca 8083      		st Z,r24
 1368 08cc 9183      		std Z+1,r25
GAS LISTING C:\Temp/ccgG96rn.s 			page 25


 1369 08ce A283      		std Z+2,r26
 1370 08d0 B383      		std Z+3,r27
 1371               	.L143:
 1372 08d2 2370      		andi r18,lo8(3)
 1373 08d4 3070      		andi r19,hi8(3)
 1374 08d6 232B      		or r18,r19
 1375 08d8 01F0      		breq .L144
 1376 08da F801      		movw r30,r16
 1377 08dc 8081      		ld r24,Z
 1378 08de 9181      		ldd r25,Z+1
 1379 08e0 A281      		ldd r26,Z+2
 1380 08e2 B381      		ldd r27,Z+3
 1381 08e4 8260      		ori r24,lo8(2)
 1382 08e6 8083      		st Z,r24
 1383 08e8 9183      		std Z+1,r25
 1384 08ea A283      		std Z+2,r26
 1385 08ec B383      		std Z+3,r27
 1386               	.L144:
 1387 08ee 9B8D      		ldd r25,Y+27
 1388 08f0 8C8D      		ldd r24,Y+28
 1389 08f2 9817      		cp r25,r24
 1390 08f4 01F4      		brne .L145
 1391 08f6 F801      		movw r30,r16
 1392 08f8 8081      		ld r24,Z
 1393 08fa 9181      		ldd r25,Z+1
 1394 08fc A281      		ldd r26,Z+2
 1395 08fe B381      		ldd r27,Z+3
 1396 0900 8068      		ori r24,lo8(128)
 1397 0902 8083      		st Z,r24
 1398 0904 9183      		std Z+1,r25
 1399 0906 A283      		std Z+2,r26
 1400 0908 B383      		std Z+3,r27
 1401               	.L145:
 1402 090a 9F89      		ldd r25,Y+23
 1403 090c 888D      		ldd r24,Y+24
 1404 090e 8917      		cp r24,r25
 1405 0910 01F0      		breq .+2
 1406 0912 00C0      		rjmp .L98
 1407 0914 F801      		movw r30,r16
 1408 0916 8081      		ld r24,Z
 1409 0918 9181      		ldd r25,Z+1
 1410 091a A281      		ldd r26,Z+2
 1411 091c B381      		ldd r27,Z+3
 1412 091e 8064      		ori r24,lo8(64)
 1413 0920 00C0      		rjmp .L161
 1414               	.L100:
 1415 0922 F801      		movw r30,r16
 1416 0924 8081      		ld r24,Z
 1417 0926 9181      		ldd r25,Z+1
 1418 0928 A281      		ldd r26,Z+2
 1419 092a B381      		ldd r27,Z+3
 1420 092c 8887      		std Y+8,r24
 1421 092e 9987      		std Y+9,r25
 1422 0930 AA87      		std Y+10,r26
 1423 0932 BB87      		std Y+11,r27
 1424 0934 00C0      		rjmp .L98
 1425               	.L101:
GAS LISTING C:\Temp/ccgG96rn.s 			page 26


 1426 0936 8885      		ldd r24,Y+8
 1427 0938 9985      		ldd r25,Y+9
 1428 093a AA85      		ldd r26,Y+10
 1429 093c BB85      		ldd r27,Y+11
 1430 093e 00C0      		rjmp .L159
 1431               	.L102:
 1432 0940 F801      		movw r30,r16
 1433 0942 8081      		ld r24,Z
 1434 0944 9181      		ldd r25,Z+1
 1435 0946 A281      		ldd r26,Z+2
 1436 0948 B381      		ldd r27,Z+3
 1437 094a 8C87      		std Y+12,r24
 1438 094c 9D87      		std Y+13,r25
 1439 094e AE87      		std Y+14,r26
 1440 0950 BF87      		std Y+15,r27
 1441 0952 00C0      		rjmp .L98
 1442               	.L103:
 1443 0954 8C85      		ldd r24,Y+12
 1444 0956 9D85      		ldd r25,Y+13
 1445 0958 AE85      		ldd r26,Y+14
 1446 095a BF85      		ldd r27,Y+15
 1447 095c 00C0      		rjmp .L159
 1448               	.L105:
 1449 095e 8881      		ld r24,Y
 1450 0960 9981      		ldd r25,Y+1
 1451 0962 AA81      		ldd r26,Y+2
 1452 0964 BB81      		ldd r27,Y+3
 1453 0966 A0FF      		sbrs r26,0
 1454 0968 00C0      		rjmp .L150
 1455 096a 00C0      		rjmp .L169
 1456               	.L106:
 1457 096c F801      		movw r30,r16
 1458 096e 8081      		ld r24,Z
 1459 0970 2881      		ld r18,Y
 1460 0972 3981      		ldd r19,Y+1
 1461 0974 4A81      		ldd r20,Y+2
 1462 0976 5B81      		ldd r21,Y+3
 1463 0978 8823      		tst r24
 1464 097a 01F0      		breq .L148
 1465 097c 4160      		ori r20,hlo8(65536)
 1466 097e 00C0      		rjmp .L160
 1467               	.L148:
 1468 0980 4E7F      		andi r20,hlo8(-65537)
 1469 0982 00C0      		rjmp .L160
 1470               	.L109:
 1471 0984 F801      		movw r30,r16
 1472 0986 8081      		ld r24,Z
 1473 0988 2881      		ld r18,Y
 1474 098a 3981      		ldd r19,Y+1
 1475 098c 4A81      		ldd r20,Y+2
 1476 098e 5B81      		ldd r21,Y+3
 1477 0990 8823      		tst r24
 1478 0992 01F0      		breq .L149
 1479 0994 4064      		ori r20,hlo8(4194304)
 1480 0996 00C0      		rjmp .L160
 1481               	.L149:
 1482 0998 4F7B      		andi r20,hlo8(-4194305)
GAS LISTING C:\Temp/ccgG96rn.s 			page 27


 1483               	.L160:
 1484 099a 2883      		st Y,r18
 1485 099c 3983      		std Y+1,r19
 1486 099e 4A83      		std Y+2,r20
 1487 09a0 5B83      		std Y+3,r21
 1488 09a2 00C0      		rjmp .L98
 1489               	.L110:
 1490 09a4 8881      		ld r24,Y
 1491 09a6 9981      		ldd r25,Y+1
 1492 09a8 AA81      		ldd r26,Y+2
 1493 09aa BB81      		ldd r27,Y+3
 1494 09ac A6FF      		sbrs r26,6
 1495 09ae 00C0      		rjmp .L150
 1496               	.L169:
 1497 09b0 81E0      		ldi r24,lo8(1)
 1498 09b2 90E0      		ldi r25,hi8(1)
 1499 09b4 A0E0      		ldi r26,hlo8(1)
 1500 09b6 B0E0      		ldi r27,hhi8(1)
 1501 09b8 00C0      		rjmp .L159
 1502               	.L150:
 1503 09ba F801      		movw r30,r16
 1504 09bc 1082      		st Z,__zero_reg__
 1505 09be 1182      		std Z+1,__zero_reg__
 1506 09c0 1282      		std Z+2,__zero_reg__
 1507 09c2 1382      		std Z+3,__zero_reg__
 1508 09c4 00C0      		rjmp .L98
 1509               	.L107:
 1510 09c6 1097      		sbiw r26,0
 1511 09c8 01F0      		breq .L151
 1512 09ca 4D91      		ld r20,X+
 1513 09cc 5C91      		ld r21,X
 1514 09ce 4115      		cp r20,__zero_reg__
 1515 09d0 5105      		cpc r21,__zero_reg__
 1516 09d2 01F0      		breq .L151
 1517 09d4 F901      		movw r30,r18
 1518 09d6 508B      		std Z+16,r21
 1519 09d8 4787      		std Z+15,r20
 1520 09da 83E0      		ldi r24,lo8(3)
 1521 09dc 8387      		std Z+11,r24
 1522 09de CE01      		movw r24,r28
 1523 09e0 4D96      		adiw r24,29
 1524 09e2 00C0      		rjmp .L158
 1525               	.L151:
 1526 09e4 85E0      		ldi r24,lo8(5)
 1527 09e6 F901      		movw r30,r18
 1528 09e8 8387      		std Z+11,r24
 1529 09ea 8785      		ldd r24,Z+15
 1530 09ec 9089      		ldd r25,Z+16
 1531 09ee 892B      		or r24,r25
 1532 09f0 01F0      		breq .L98
 1533 09f2 108A      		std Z+16,__zero_reg__
 1534 09f4 1786      		std Z+15,__zero_reg__
 1535 09f6 CE01      		movw r24,r28
 1536 09f8 4296      		adiw r24,18
 1537               	.L158:
 1538 09fa 0E94 0000 		call NutEventPost
 1539 09fe 00C0      		rjmp .L98
GAS LISTING C:\Temp/ccgG96rn.s 			page 28


 1540               	.L108:
 1541 0a00 F901      		movw r30,r18
 1542 0a02 8785      		ldd r24,Z+15
 1543 0a04 9089      		ldd r25,Z+16
 1544 0a06 8D93      		st X+,r24
 1545 0a08 9C93      		st X,r25
 1546               	.L98:
 1547 0a0a 20E0      		ldi r18,lo8(0)
 1548 0a0c 30E0      		ldi r19,hi8(0)
 1549               	.L112:
 1550 0a0e C901      		movw r24,r18
 1551               	/* epilogue start */
 1552 0a10 DF91      		pop r29
 1553 0a12 CF91      		pop r28
 1554 0a14 1F91      		pop r17
 1555 0a16 0F91      		pop r16
 1556 0a18 FF90      		pop r15
 1557 0a1a 0895      		ret
 1558               		.size	AhdlcAvrIOCtl, .-AhdlcAvrIOCtl
 1559               		.data
 1560               	.LC0:
 1561 0000 6168 646C 		.string	"ahdlcrx"
 1561      6372 7800 
 1562               		.text
 1563               	.global	AhdlcAvrInit
 1564               		.type	AhdlcAvrInit, @function
 1565               	AhdlcAvrInit:
 1566 0a1c EF92      		push r14
 1567 0a1e FF92      		push r15
 1568 0a20 0F93      		push r16
 1569 0a22 1F93      		push r17
 1570 0a24 DF93      		push r29
 1571 0a26 CF93      		push r28
 1572 0a28 00D0      		rcall .
 1573 0a2a 00D0      		rcall .
 1574 0a2c CDB7      		in r28,__SP_L__
 1575 0a2e DEB7      		in r29,__SP_H__
 1576               	/* prologue: function */
 1577               	/* frame size = 4 */
 1578 0a30 7C01      		movw r14,r24
 1579 0a32 80E8      		ldi r24,lo8(9600)
 1580 0a34 95E2      		ldi r25,hi8(9600)
 1581 0a36 A0E0      		ldi r26,hlo8(9600)
 1582 0a38 B0E0      		ldi r27,hhi8(9600)
 1583 0a3a 8983      		std Y+1,r24
 1584 0a3c 9A83      		std Y+2,r25
 1585 0a3e AB83      		std Y+3,r26
 1586 0a40 BC83      		std Y+4,r27
 1587 0a42 F701      		movw r30,r14
 1588 0a44 8485      		ldd r24,Z+12
 1589 0a46 9585      		ldd r25,Z+13
 1590 0a48 0E94 0000 		call AhdlcAvrDisable
 1591 0a4c F701      		movw r30,r14
 1592 0a4e 0189      		ldd r16,Z+17
 1593 0a50 1289      		ldd r17,Z+18
 1594 0a52 8BE2      		ldi r24,lo8(43)
 1595 0a54 F801      		movw r30,r16
GAS LISTING C:\Temp/ccgG96rn.s 			page 29


 1596 0a56 1192      		st Z+,__zero_reg__
 1597 0a58 8A95      	        dec r24
 1598 0a5a 01F4      		brne .-6
 1599 0a5c F701      		movw r30,r14
 1600 0a5e 8485      		ldd r24,Z+12
 1601 0a60 F801      		movw r30,r16
 1602 0a62 848B      		std Z+20,r24
 1603 0a64 60E0      		ldi r22,lo8(256)
 1604 0a66 71E0      		ldi r23,hi8(256)
 1605 0a68 80E0      		ldi r24,lo8(heapFreeList)
 1606 0a6a 90E0      		ldi r25,hi8(heapFreeList)
 1607 0a6c 0E94 0000 		call NutHeapRootAlloc
 1608 0a70 F801      		movw r30,r16
 1609 0a72 968B      		std Z+22,r25
 1610 0a74 858B      		std Z+21,r24
 1611 0a76 60E0      		ldi r22,lo8(256)
 1612 0a78 71E0      		ldi r23,hi8(256)
 1613 0a7a 80E0      		ldi r24,lo8(heapFreeList)
 1614 0a7c 90E0      		ldi r25,hi8(heapFreeList)
 1615 0a7e 0E94 0000 		call NutHeapRootAlloc
 1616 0a82 F801      		movw r30,r16
 1617 0a84 928F      		std Z+26,r25
 1618 0a86 818F      		std Z+25,r24
 1619 0a88 8CED      		ldi r24,lo8(1500)
 1620 0a8a 95E0      		ldi r25,hi8(1500)
 1621 0a8c 90A7      		std Z+40,r25
 1622 0a8e 87A3      		std Z+39,r24
 1623 0a90 92A7      		std Z+42,r25
 1624 0a92 81A7      		std Z+41,r24
 1625 0a94 8FEF      		ldi r24,lo8(-1)
 1626 0a96 9FEF      		ldi r25,hi8(-1)
 1627 0a98 AFEF      		ldi r26,hlo8(-1)
 1628 0a9a BFEF      		ldi r27,hhi8(-1)
 1629 0a9c 83A3      		std Z+35,r24
 1630 0a9e 94A3      		std Z+36,r25
 1631 0aa0 A5A3      		std Z+37,r26
 1632 0aa2 B6A3      		std Z+38,r27
 1633 0aa4 F701      		movw r30,r14
 1634 0aa6 8485      		ldd r24,Z+12
 1635 0aa8 9585      		ldd r25,Z+13
 1636 0aaa 892B      		or r24,r25
 1637 0aac 01F0      		breq .L172
 1638 0aae A801      		movw r20,r16
 1639 0ab0 60E0      		ldi r22,lo8(gs(Rx1Complete))
 1640 0ab2 70E0      		ldi r23,hi8(gs(Rx1Complete))
 1641 0ab4 80E0      		ldi r24,lo8(sig_UART1_RECV)
 1642 0ab6 90E0      		ldi r25,hi8(sig_UART1_RECV)
 1643 0ab8 0E94 0000 		call NutRegisterIrqHandler
 1644 0abc 892B      		or r24,r25
 1645 0abe 01F4      		brne .L173
 1646 0ac0 A801      		movw r20,r16
 1647 0ac2 60E0      		ldi r22,lo8(gs(Tx1Complete))
 1648 0ac4 70E0      		ldi r23,hi8(gs(Tx1Complete))
 1649 0ac6 80E0      		ldi r24,lo8(sig_UART1_DATA)
 1650 0ac8 90E0      		ldi r25,hi8(sig_UART1_DATA)
 1651 0aca 00C0      		rjmp .L180
 1652               	.L172:
GAS LISTING C:\Temp/ccgG96rn.s 			page 30


 1653 0acc A801      		movw r20,r16
 1654 0ace 60E0      		ldi r22,lo8(gs(Rx0Complete))
 1655 0ad0 70E0      		ldi r23,hi8(gs(Rx0Complete))
 1656 0ad2 80E0      		ldi r24,lo8(sig_UART0_RECV)
 1657 0ad4 90E0      		ldi r25,hi8(sig_UART0_RECV)
 1658 0ad6 0E94 0000 		call NutRegisterIrqHandler
 1659 0ada 892B      		or r24,r25
 1660 0adc 01F4      		brne .L173
 1661 0ade A801      		movw r20,r16
 1662 0ae0 60E0      		ldi r22,lo8(gs(Tx0Complete))
 1663 0ae2 70E0      		ldi r23,hi8(gs(Tx0Complete))
 1664 0ae4 80E0      		ldi r24,lo8(sig_UART0_DATA)
 1665 0ae6 90E0      		ldi r25,hi8(sig_UART0_DATA)
 1666               	.L180:
 1667 0ae8 0E94 0000 		call NutRegisterIrqHandler
 1668 0aec 892B      		or r24,r25
 1669 0aee 01F4      		brne .L173
 1670 0af0 20E0      		ldi r18,lo8(512)
 1671 0af2 32E0      		ldi r19,hi8(512)
 1672 0af4 A701      		movw r20,r14
 1673 0af6 60E0      		ldi r22,lo8(gs(AhdlcRx))
 1674 0af8 70E0      		ldi r23,hi8(gs(AhdlcRx))
 1675 0afa 80E0      		ldi r24,lo8(.LC0)
 1676 0afc 90E0      		ldi r25,hi8(.LC0)
 1677 0afe 0E94 0000 		call NutThreadCreate
 1678 0b02 892B      		or r24,r25
 1679 0b04 01F0      		breq .L173
 1680 0b06 AE01      		movw r20,r28
 1681 0b08 4F5F      		subi r20,lo8(-(1))
 1682 0b0a 5F4F      		sbci r21,hi8(-(1))
 1683 0b0c 61E0      		ldi r22,lo8(257)
 1684 0b0e 71E0      		ldi r23,hi8(257)
 1685 0b10 C701      		movw r24,r14
 1686 0b12 0E94 0000 		call AhdlcAvrIOCtl
 1687 0b16 20E0      		ldi r18,lo8(0)
 1688 0b18 30E0      		ldi r19,hi8(0)
 1689 0b1a 00C0      		rjmp .L175
 1690               	.L173:
 1691 0b1c F801      		movw r30,r16
 1692 0b1e 6589      		ldd r22,Z+21
 1693 0b20 7689      		ldd r23,Z+22
 1694 0b22 6115      		cp r22,__zero_reg__
 1695 0b24 7105      		cpc r23,__zero_reg__
 1696 0b26 01F0      		breq .L176
 1697 0b28 80E0      		ldi r24,lo8(heapFreeList)
 1698 0b2a 90E0      		ldi r25,hi8(heapFreeList)
 1699 0b2c 0E94 0000 		call NutHeapRootFree
 1700               	.L176:
 1701 0b30 F801      		movw r30,r16
 1702 0b32 618D      		ldd r22,Z+25
 1703 0b34 728D      		ldd r23,Z+26
 1704 0b36 6115      		cp r22,__zero_reg__
 1705 0b38 7105      		cpc r23,__zero_reg__
 1706 0b3a 01F0      		breq .L181
 1707               	.L177:
 1708 0b3c 80E0      		ldi r24,lo8(heapFreeList)
 1709 0b3e 90E0      		ldi r25,hi8(heapFreeList)
GAS LISTING C:\Temp/ccgG96rn.s 			page 31


 1710 0b40 0E94 0000 		call NutHeapRootFree
 1711               	.L181:
 1712 0b44 2FEF      		ldi r18,lo8(-1)
 1713 0b46 3FEF      		ldi r19,hi8(-1)
 1714               	.L175:
 1715 0b48 C901      		movw r24,r18
 1716               	/* epilogue start */
 1717 0b4a 0F90      		pop __tmp_reg__
 1718 0b4c 0F90      		pop __tmp_reg__
 1719 0b4e 0F90      		pop __tmp_reg__
 1720 0b50 0F90      		pop __tmp_reg__
 1721 0b52 CF91      		pop r28
 1722 0b54 DF91      		pop r29
 1723 0b56 1F91      		pop r17
 1724 0b58 0F91      		pop r16
 1725 0b5a FF90      		pop r15
 1726 0b5c EF90      		pop r14
 1727 0b5e 0895      		ret
 1728               		.size	AhdlcAvrInit, .-AhdlcAvrInit
 1729               	.global	AhdlcRx
 1730               		.type	AhdlcRx, @function
 1731               	AhdlcRx:
 1732 0b60 DF93      		push r29
 1733 0b62 CF93      		push r28
 1734 0b64 CDB7      		in r28,__SP_L__
 1735 0b66 DEB7      		in r29,__SP_H__
 1736 0b68 2897      		sbiw r28,8
 1737 0b6a 0FB6      		in __tmp_reg__,__SREG__
 1738 0b6c F894      		cli
 1739 0b6e DEBF      		out __SP_H__,r29
 1740 0b70 0FBE      		out __SREG__,__tmp_reg__
 1741 0b72 CDBF      		out __SP_L__,r28
 1742               	/* prologue: function */
 1743               	/* frame size = 8 */
 1744 0b74 4C01      		movw r8,r24
 1745 0b76 DC01      		movw r26,r24
 1746 0b78 5196      		adiw r26,17
 1747 0b7a CD90      		ld r12,X+
 1748 0b7c DC90      		ld r13,X
 1749 0b7e 5297      		sbiw r26,17+1
 1750 0b80 89E0      		ldi r24,lo8(9)
 1751 0b82 0E94 0000 		call NutThreadSetPriority
 1752 0b86 F601      		movw r30,r12
 1753 0b88 7D96      		adiw r30,29
 1754 0b8a FE83      		std Y+6,r31
 1755 0b8c ED83      		std Y+5,r30
 1756 0b8e 9601      		movw r18,r12
 1757 0b90 2E5E      		subi r18,lo8(-(18))
 1758 0b92 3F4F      		sbci r19,hi8(-(18))
 1759 0b94 3C83      		std Y+4,r19
 1760 0b96 2B83      		std Y+3,r18
 1761 0b98 00C0      		rjmp .L200
 1762               	.L184:
 1763 0b9a 48EE      		ldi r20,lo8(1000)
 1764 0b9c 53E0      		ldi r21,hi8(1000)
 1765 0b9e 60E0      		ldi r22,hlo8(1000)
 1766 0ba0 70E0      		ldi r23,hhi8(1000)
GAS LISTING C:\Temp/ccgG96rn.s 			page 32


 1767 0ba2 8D81      		ldd r24,Y+5
 1768 0ba4 9E81      		ldd r25,Y+6
 1769 0ba6 0E94 0000 		call NutEventWait
 1770               	.L200:
 1771 0baa D401      		movw r26,r8
 1772 0bac 1F96      		adiw r26,15
 1773 0bae AD90      		ld r10,X+
 1774 0bb0 BC90      		ld r11,X
 1775 0bb2 5097      		sbiw r26,15+1
 1776 0bb4 A114      		cp r10,__zero_reg__
 1777 0bb6 B104      		cpc r11,__zero_reg__
 1778 0bb8 01F0      		breq .L184
 1779 0bba F501      		movw r30,r10
 1780 0bbc 0784      		ldd __tmp_reg__,Z+15
 1781 0bbe F089      		ldd r31,Z+16
 1782 0bc0 E02D      		mov r30,__tmp_reg__
 1783 0bc2 FA83      		std Y+2,r31
 1784 0bc4 E983      		std Y+1,r30
 1785 0bc6 88EE      		ldi r24,lo8(1000)
 1786 0bc8 93E0      		ldi r25,hi8(1000)
 1787 0bca A0E0      		ldi r26,hlo8(1000)
 1788 0bcc B0E0      		ldi r27,hhi8(1000)
 1789 0bce F601      		movw r30,r12
 1790 0bd0 8087      		std Z+8,r24
 1791 0bd2 9187      		std Z+9,r25
 1792 0bd4 A287      		std Z+10,r26
 1793 0bd6 B387      		std Z+11,r27
 1794 0bd8 67A1      		ldd r22,Z+39
 1795 0bda 70A5      		ldd r23,Z+40
 1796 0bdc 80E0      		ldi r24,lo8(heapFreeList)
 1797 0bde 90E0      		ldi r25,hi8(heapFreeList)
 1798 0be0 0E94 0000 		call NutHeapRootAlloc
 1799 0be4 7C01      		movw r14,r24
 1800 0be6 0097      		sbiw r24,0
 1801 0be8 01F4      		brne .L185
 1802 0bea 68EE      		ldi r22,lo8(1000)
 1803 0bec 73E0      		ldi r23,hi8(1000)
 1804 0bee 80E0      		ldi r24,hlo8(1000)
 1805 0bf0 90E0      		ldi r25,hhi8(1000)
 1806 0bf2 0E94 0000 		call NutSleep
 1807 0bf6 00C0      		rjmp .L200
 1808               	.L185:
 1809 0bf8 E0E0      		ldi r30,lo8(gs(AhdlcOutput))
 1810 0bfa F0E0      		ldi r31,hi8(gs(AhdlcOutput))
 1811 0bfc A981      		ldd r26,Y+1
 1812 0bfe BA81      		ldd r27,Y+2
 1813 0c00 9296      		adiw r26,33+1
 1814 0c02 FC93      		st X,r31
 1815 0c04 EE93      		st -X,r30
 1816 0c06 9197      		sbiw r26,33
 1817 0c08 D501      		movw r26,r10
 1818 0c0a 5596      		adiw r26,21
 1819 0c0c ED91      		ld r30,X+
 1820 0c0e FC91      		ld r31,X
 1821 0c10 5697      		sbiw r26,21+1
 1822 0c12 40E0      		ldi r20,lo8(0)
 1823 0c14 50E0      		ldi r21,hi8(0)
GAS LISTING C:\Temp/ccgG96rn.s 			page 33


 1824 0c16 63E0      		ldi r22,lo8(3)
 1825 0c18 70E0      		ldi r23,hi8(3)
 1826 0c1a C501      		movw r24,r10
 1827 0c1c 0995      		icall
 1828 0c1e 4424      		clr r4
 1829 0c20 5524      		clr r5
 1830 0c22 1886      		std Y+8,__zero_reg__
 1831 0c24 1F82      		std Y+7,__zero_reg__
 1832 0c26 6624      		clr r6
 1833 0c28 7724      		clr r7
 1834 0c2a 0FEF      		ldi r16,lo8(-1)
 1835 0c2c 1FEF      		ldi r17,hi8(-1)
 1836 0c2e 00C0      		rjmp .L186
 1837               	.L188:
 1838 0c30 F401      		movw r30,r8
 1839 0c32 8785      		ldd r24,Z+15
 1840 0c34 9089      		ldd r25,Z+16
 1841 0c36 892B      		or r24,r25
 1842 0c38 01F0      		breq .L187
 1843 0c3a D601      		movw r26,r12
 1844 0c3c 1896      		adiw r26,8
 1845 0c3e 4D91      		ld r20,X+
 1846 0c40 5D91      		ld r21,X+
 1847 0c42 6D91      		ld r22,X+
 1848 0c44 7C91      		ld r23,X
 1849 0c46 1B97      		sbiw r26,8+3
 1850 0c48 8B81      		ldd r24,Y+3
 1851 0c4a 9C81      		ldd r25,Y+4
 1852 0c4c 0E94 0000 		call NutEventWait
 1853               	.L201:
 1854 0c50 4F81      		ldd r20,Y+7
 1855 0c52 5885      		ldd r21,Y+8
 1856               	.L191:
 1857 0c54 5887      		std Y+8,r21
 1858 0c56 4F83      		std Y+7,r20
 1859               	.L186:
 1860 0c58 F601      		movw r30,r12
 1861 0c5a 208D      		ldd r18,Z+24
 1862 0c5c 8789      		ldd r24,Z+23
 1863 0c5e 2817      		cp r18,r24
 1864 0c60 01F0      		breq .L188
 1865               	.L187:
 1866 0c62 D401      		movw r26,r8
 1867 0c64 1F96      		adiw r26,15
 1868 0c66 8D91      		ld r24,X+
 1869 0c68 9C91      		ld r25,X
 1870 0c6a 5097      		sbiw r26,15+1
 1871 0c6c 892B      		or r24,r25
 1872 0c6e 01F4      		brne .+2
 1873 0c70 00C0      		rjmp .L189
 1874 0c72 F601      		movw r30,r12
 1875 0c74 8081      		ld r24,Z
 1876 0c76 9181      		ldd r25,Z+1
 1877 0c78 A281      		ldd r26,Z+2
 1878 0c7a B381      		ldd r27,Z+3
 1879 0c7c A6FF      		sbrs r26,6
 1880 0c7e 00C0      		rjmp .L190
GAS LISTING C:\Temp/ccgG96rn.s 			page 34


 1881 0c80 64E6      		ldi r22,lo8(100)
 1882 0c82 70E0      		ldi r23,hi8(100)
 1883 0c84 80E0      		ldi r24,hlo8(100)
 1884 0c86 90E0      		ldi r25,hhi8(100)
 1885 0c88 0E94 0000 		call NutSleep
 1886 0c8c 00C0      		rjmp .L201
 1887               	.L190:
 1888 0c8e D601      		movw r26,r12
 1889 0c90 5596      		adiw r26,21
 1890 0c92 ED91      		ld r30,X+
 1891 0c94 FC91      		ld r31,X
 1892 0c96 5697      		sbiw r26,21+1
 1893 0c98 E20F      		add r30,r18
 1894 0c9a F11D      		adc r31,__zero_reg__
 1895 0c9c 6081      		ld r22,Z
 1896 0c9e 2F5F      		subi r18,lo8(-(1))
 1897 0ca0 5896      		adiw r26,24
 1898 0ca2 2C93      		st X,r18
 1899 0ca4 6620      		tst r6
 1900 0ca6 01F4      		brne .+2
 1901 0ca8 00C0      		rjmp .L192
 1902 0caa 6E37      		cpi r22,lo8(126)
 1903 0cac 01F0      		breq .L193
 1904 0cae 6D37      		cpi r22,lo8(125)
 1905 0cb0 01F4      		brne .L194
 1906 0cb2 4F81      		ldd r20,Y+7
 1907 0cb4 5885      		ldd r21,Y+8
 1908 0cb6 7724      		clr r7
 1909 0cb8 7394      		inc r7
 1910 0cba 00C0      		rjmp .L191
 1911               	.L194:
 1912 0cbc 7720      		tst r7
 1913 0cbe 01F0      		breq .L195
 1914 0cc0 B0E2      		ldi r27,lo8(32)
 1915 0cc2 6B27      		eor r22,r27
 1916               	.L195:
 1917 0cc4 4F81      		ldd r20,Y+7
 1918 0cc6 5885      		ldd r21,Y+8
 1919 0cc8 4F5F      		subi r20,lo8(-(1))
 1920 0cca 5F4F      		sbci r21,hi8(-(1))
 1921 0ccc F601      		movw r30,r12
 1922 0cce 87A1      		ldd r24,Z+39
 1923 0cd0 90A5      		ldd r25,Z+40
 1924 0cd2 2F81      		ldd r18,Y+7
 1925 0cd4 3885      		ldd r19,Y+8
 1926 0cd6 2817      		cp r18,r24
 1927 0cd8 3907      		cpc r19,r25
 1928 0cda 00F0      		brlo .L196
 1929 0cdc 6624      		clr r6
 1930 0cde 00C0      		rjmp .L202
 1931               	.L196:
 1932 0ce0 E62F      		mov r30,r22
 1933 0ce2 E027      		eor r30,r16
 1934 0ce4 AE2F      		mov r26,r30
 1935 0ce6 B0E0      		ldi r27,lo8(0)
 1936 0ce8 AA0F      		lsl r26
 1937 0cea BB1F      		rol r27
GAS LISTING C:\Temp/ccgG96rn.s 			page 35


 1938 0cec 812F      		mov r24,r17
 1939 0cee 9927      		clr r25
 1940 0cf0 9D01      		movw r18,r26
 1941 0cf2 2050      		subi r18,lo8(-(fcstab))
 1942 0cf4 3040      		sbci r19,hi8(-(fcstab))
 1943 0cf6 F901      		movw r30,r18
 1944               	/* #APP */
 1945               	 ;  525 "../../nut/arch/avr/dev/ahdlcavr.c" 1
 1946 0cf8 2491      		lpm r18, Z
 1947               		
 1948               	 ;  0 "" 2
 1949               	/* #NOAPP */
 1950 0cfa A050      		subi r26,lo8(-(fcstab+1))
 1951 0cfc B040      		sbci r27,hi8(-(fcstab+1))
 1952 0cfe FD01      		movw r30,r26
 1953               	/* #APP */
 1954               	 ;  525 "../../nut/arch/avr/dev/ahdlcavr.c" 1
 1955 0d00 3491      		lpm r19, Z
 1956               		
 1957               	 ;  0 "" 2
 1958               	/* #NOAPP */
 1959 0d02 322E      		mov r3,r18
 1960 0d04 2224      		clr r2
 1961 0d06 032F      		mov r16,r19
 1962 0d08 10E0      		ldi r17,lo8(0)
 1963 0d0a 0229      		or r16,r2
 1964 0d0c 1329      		or r17,r3
 1965 0d0e 0827      		eor r16,r24
 1966 0d10 1927      		eor r17,r25
 1967 0d12 D201      		movw r26,r4
 1968 0d14 6D93      		st X+,r22
 1969 0d16 2D01      		movw r4,r26
 1970               	.L202:
 1971 0d18 7724      		clr r7
 1972 0d1a 00C0      		rjmp .L191
 1973               	.L193:
 1974 0d1c EF81      		ldd r30,Y+7
 1975 0d1e F885      		ldd r31,Y+8
 1976 0d20 3797      		sbiw r30,7
 1977 0d22 00F0      		brlo .L197
 1978 0d24 085B      		subi r16,lo8(-3912)
 1979 0d26 104F      		sbci r17,hi8(-3912)
 1980 0d28 01F4      		brne .L197
 1981 0d2a 0F81      		ldd r16,Y+7
 1982 0d2c 1885      		ldd r17,Y+8
 1983 0d2e 0250      		subi r16,lo8(-(-2))
 1984 0d30 1040      		sbci r17,hi8(-(-2))
 1985 0d32 A801      		movw r20,r16
 1986 0d34 60E1      		ldi r22,lo8(16)
 1987 0d36 80E0      		ldi r24,lo8(0)
 1988 0d38 90E0      		ldi r25,hi8(0)
 1989 0d3a 0E94 0000 		call NutNetBufAlloc
 1990 0d3e 3C01      		movw r6,r24
 1991 0d40 0097      		sbiw r24,0
 1992 0d42 01F0      		breq .L197
 1993 0d44 A801      		movw r20,r16
 1994 0d46 B701      		movw r22,r14
GAS LISTING C:\Temp/ccgG96rn.s 			page 36


 1995 0d48 DC01      		movw r26,r24
 1996 0d4a 1396      		adiw r26,3
 1997 0d4c 8C91      		ld r24,X
 1998 0d4e 1397      		sbiw r26,3
 1999 0d50 1496      		adiw r26,4
 2000 0d52 9C91      		ld r25,X
 2001 0d54 0E94 0000 		call memcpy
 2002 0d58 E981      		ldd r30,Y+1
 2003 0d5a FA81      		ldd r31,Y+2
 2004 0d5c 278D      		ldd r18,Z+31
 2005 0d5e 30A1      		ldd r19,Z+32
 2006 0d60 B301      		movw r22,r6
 2007 0d62 C501      		movw r24,r10
 2008 0d64 F901      		movw r30,r18
 2009 0d66 0995      		icall
 2010 0d68 00C0      		rjmp .L197
 2011               	.L192:
 2012 0d6a 6E37      		cpi r22,lo8(126)
 2013 0d6c 01F0      		breq .+2
 2014 0d6e 00C0      		rjmp .L201
 2015               	.L197:
 2016 0d70 2701      		movw r4,r14
 2017 0d72 40E0      		ldi r20,lo8(0)
 2018 0d74 50E0      		ldi r21,hi8(0)
 2019 0d76 6624      		clr r6
 2020 0d78 6394      		inc r6
 2021 0d7a 7724      		clr r7
 2022 0d7c 0FEF      		ldi r16,lo8(-1)
 2023 0d7e 1FEF      		ldi r17,hi8(-1)
 2024 0d80 00C0      		rjmp .L191
 2025               	.L189:
 2026 0d82 D501      		movw r26,r10
 2027 0d84 5596      		adiw r26,21
 2028 0d86 ED91      		ld r30,X+
 2029 0d88 FC91      		ld r31,X
 2030 0d8a 5697      		sbiw r26,21+1
 2031 0d8c 40E0      		ldi r20,lo8(0)
 2032 0d8e 50E0      		ldi r21,hi8(0)
 2033 0d90 64E0      		ldi r22,lo8(4)
 2034 0d92 70E0      		ldi r23,hi8(4)
 2035 0d94 C501      		movw r24,r10
 2036 0d96 0995      		icall
 2037 0d98 B701      		movw r22,r14
 2038 0d9a 80E0      		ldi r24,lo8(heapFreeList)
 2039 0d9c 90E0      		ldi r25,hi8(heapFreeList)
 2040 0d9e 0E94 0000 		call NutHeapRootFree
 2041 0da2 00C0      		rjmp .L200
 2042               		.size	AhdlcRx, .-AhdlcRx
 2043               		.section	.progmem.data,"a",@progbits
 2044               		.type	fcstab, @object
 2045               		.size	fcstab, 512
 2046               	fcstab:
 2047 0000 00        		.byte	0
 2048 0001 00        		.byte	0
 2049 0002 11        		.byte	17
 2050 0003 89        		.byte	-119
 2051 0004 23        		.byte	35
GAS LISTING C:\Temp/ccgG96rn.s 			page 37


 2052 0005 12        		.byte	18
 2053 0006 32        		.byte	50
 2054 0007 9B        		.byte	-101
 2055 0008 46        		.byte	70
 2056 0009 24        		.byte	36
 2057 000a 57        		.byte	87
 2058 000b AD        		.byte	-83
 2059 000c 65        		.byte	101
 2060 000d 36        		.byte	54
 2061 000e 74        		.byte	116
 2062 000f BF        		.byte	-65
 2063 0010 8C        		.byte	-116
 2064 0011 48        		.byte	72
 2065 0012 9D        		.byte	-99
 2066 0013 C1        		.byte	-63
 2067 0014 AF        		.byte	-81
 2068 0015 5A        		.byte	90
 2069 0016 BE        		.byte	-66
 2070 0017 D3        		.byte	-45
 2071 0018 CA        		.byte	-54
 2072 0019 6C        		.byte	108
 2073 001a DB        		.byte	-37
 2074 001b E5        		.byte	-27
 2075 001c E9        		.byte	-23
 2076 001d 7E        		.byte	126
 2077 001e F8        		.byte	-8
 2078 001f F7        		.byte	-9
 2079 0020 10        		.byte	16
 2080 0021 81        		.byte	-127
 2081 0022 01        		.byte	1
 2082 0023 08        		.byte	8
 2083 0024 33        		.byte	51
 2084 0025 93        		.byte	-109
 2085 0026 22        		.byte	34
 2086 0027 1A        		.byte	26
 2087 0028 56        		.byte	86
 2088 0029 A5        		.byte	-91
 2089 002a 47        		.byte	71
 2090 002b 2C        		.byte	44
 2091 002c 75        		.byte	117
 2092 002d B7        		.byte	-73
 2093 002e 64        		.byte	100
 2094 002f 3E        		.byte	62
 2095 0030 9C        		.byte	-100
 2096 0031 C9        		.byte	-55
 2097 0032 8D        		.byte	-115
 2098 0033 40        		.byte	64
 2099 0034 BF        		.byte	-65
 2100 0035 DB        		.byte	-37
 2101 0036 AE        		.byte	-82
 2102 0037 52        		.byte	82
 2103 0038 DA        		.byte	-38
 2104 0039 ED        		.byte	-19
 2105 003a CB        		.byte	-53
 2106 003b 64        		.byte	100
 2107 003c F9        		.byte	-7
 2108 003d FF        		.byte	-1
GAS LISTING C:\Temp/ccgG96rn.s 			page 38


 2109 003e E8        		.byte	-24
 2110 003f 76        		.byte	118
 2111 0040 21        		.byte	33
 2112 0041 02        		.byte	2
 2113 0042 30        		.byte	48
 2114 0043 8B        		.byte	-117
 2115 0044 02        		.byte	2
 2116 0045 10        		.byte	16
 2117 0046 13        		.byte	19
 2118 0047 99        		.byte	-103
 2119 0048 67        		.byte	103
 2120 0049 26        		.byte	38
 2121 004a 76        		.byte	118
 2122 004b AF        		.byte	-81
 2123 004c 44        		.byte	68
 2124 004d 34        		.byte	52
 2125 004e 55        		.byte	85
 2126 004f BD        		.byte	-67
 2127 0050 AD        		.byte	-83
 2128 0051 4A        		.byte	74
 2129 0052 BC        		.byte	-68
 2130 0053 C3        		.byte	-61
 2131 0054 8E        		.byte	-114
 2132 0055 58        		.byte	88
 2133 0056 9F        		.byte	-97
 2134 0057 D1        		.byte	-47
 2135 0058 EB        		.byte	-21
 2136 0059 6E        		.byte	110
 2137 005a FA        		.byte	-6
 2138 005b E7        		.byte	-25
 2139 005c C8        		.byte	-56
 2140 005d 7C        		.byte	124
 2141 005e D9        		.byte	-39
 2142 005f F5        		.byte	-11
 2143 0060 31        		.byte	49
 2144 0061 83        		.byte	-125
 2145 0062 20        		.byte	32
 2146 0063 0A        		.byte	10
 2147 0064 12        		.byte	18
 2148 0065 91        		.byte	-111
 2149 0066 03        		.byte	3
 2150 0067 18        		.byte	24
 2151 0068 77        		.byte	119
 2152 0069 A7        		.byte	-89
 2153 006a 66        		.byte	102
 2154 006b 2E        		.byte	46
 2155 006c 54        		.byte	84
 2156 006d B5        		.byte	-75
 2157 006e 45        		.byte	69
 2158 006f 3C        		.byte	60
 2159 0070 BD        		.byte	-67
 2160 0071 CB        		.byte	-53
 2161 0072 AC        		.byte	-84
 2162 0073 42        		.byte	66
 2163 0074 9E        		.byte	-98
 2164 0075 D9        		.byte	-39
 2165 0076 8F        		.byte	-113
GAS LISTING C:\Temp/ccgG96rn.s 			page 39


 2166 0077 50        		.byte	80
 2167 0078 FB        		.byte	-5
 2168 0079 EF        		.byte	-17
 2169 007a EA        		.byte	-22
 2170 007b 66        		.byte	102
 2171 007c D8        		.byte	-40
 2172 007d FD        		.byte	-3
 2173 007e C9        		.byte	-55
 2174 007f 74        		.byte	116
 2175 0080 42        		.byte	66
 2176 0081 04        		.byte	4
 2177 0082 53        		.byte	83
 2178 0083 8D        		.byte	-115
 2179 0084 61        		.byte	97
 2180 0085 16        		.byte	22
 2181 0086 70        		.byte	112
 2182 0087 9F        		.byte	-97
 2183 0088 04        		.byte	4
 2184 0089 20        		.byte	32
 2185 008a 15        		.byte	21
 2186 008b A9        		.byte	-87
 2187 008c 27        		.byte	39
 2188 008d 32        		.byte	50
 2189 008e 36        		.byte	54
 2190 008f BB        		.byte	-69
 2191 0090 CE        		.byte	-50
 2192 0091 4C        		.byte	76
 2193 0092 DF        		.byte	-33
 2194 0093 C5        		.byte	-59
 2195 0094 ED        		.byte	-19
 2196 0095 5E        		.byte	94
 2197 0096 FC        		.byte	-4
 2198 0097 D7        		.byte	-41
 2199 0098 88        		.byte	-120
 2200 0099 68        		.byte	104
 2201 009a 99        		.byte	-103
 2202 009b E1        		.byte	-31
 2203 009c AB        		.byte	-85
 2204 009d 7A        		.byte	122
 2205 009e BA        		.byte	-70
 2206 009f F3        		.byte	-13
 2207 00a0 52        		.byte	82
 2208 00a1 85        		.byte	-123
 2209 00a2 43        		.byte	67
 2210 00a3 0C        		.byte	12
 2211 00a4 71        		.byte	113
 2212 00a5 97        		.byte	-105
 2213 00a6 60        		.byte	96
 2214 00a7 1E        		.byte	30
 2215 00a8 14        		.byte	20
 2216 00a9 A1        		.byte	-95
 2217 00aa 05        		.byte	5
 2218 00ab 28        		.byte	40
 2219 00ac 37        		.byte	55
 2220 00ad B3        		.byte	-77
 2221 00ae 26        		.byte	38
 2222 00af 3A        		.byte	58
GAS LISTING C:\Temp/ccgG96rn.s 			page 40


 2223 00b0 DE        		.byte	-34
 2224 00b1 CD        		.byte	-51
 2225 00b2 CF        		.byte	-49
 2226 00b3 44        		.byte	68
 2227 00b4 FD        		.byte	-3
 2228 00b5 DF        		.byte	-33
 2229 00b6 EC        		.byte	-20
 2230 00b7 56        		.byte	86
 2231 00b8 98        		.byte	-104
 2232 00b9 E9        		.byte	-23
 2233 00ba 89        		.byte	-119
 2234 00bb 60        		.byte	96
 2235 00bc BB        		.byte	-69
 2236 00bd FB        		.byte	-5
 2237 00be AA        		.byte	-86
 2238 00bf 72        		.byte	114
 2239 00c0 63        		.byte	99
 2240 00c1 06        		.byte	6
 2241 00c2 72        		.byte	114
 2242 00c3 8F        		.byte	-113
 2243 00c4 40        		.byte	64
 2244 00c5 14        		.byte	20
 2245 00c6 51        		.byte	81
 2246 00c7 9D        		.byte	-99
 2247 00c8 25        		.byte	37
 2248 00c9 22        		.byte	34
 2249 00ca 34        		.byte	52
 2250 00cb AB        		.byte	-85
 2251 00cc 06        		.byte	6
 2252 00cd 30        		.byte	48
 2253 00ce 17        		.byte	23
 2254 00cf B9        		.byte	-71
 2255 00d0 EF        		.byte	-17
 2256 00d1 4E        		.byte	78
 2257 00d2 FE        		.byte	-2
 2258 00d3 C7        		.byte	-57
 2259 00d4 CC        		.byte	-52
 2260 00d5 5C        		.byte	92
 2261 00d6 DD        		.byte	-35
 2262 00d7 D5        		.byte	-43
 2263 00d8 A9        		.byte	-87
 2264 00d9 6A        		.byte	106
 2265 00da B8        		.byte	-72
 2266 00db E3        		.byte	-29
 2267 00dc 8A        		.byte	-118
 2268 00dd 78        		.byte	120
 2269 00de 9B        		.byte	-101
 2270 00df F1        		.byte	-15
 2271 00e0 73        		.byte	115
 2272 00e1 87        		.byte	-121
 2273 00e2 62        		.byte	98
 2274 00e3 0E        		.byte	14
 2275 00e4 50        		.byte	80
 2276 00e5 95        		.byte	-107
 2277 00e6 41        		.byte	65
 2278 00e7 1C        		.byte	28
 2279 00e8 35        		.byte	53
GAS LISTING C:\Temp/ccgG96rn.s 			page 41


 2280 00e9 A3        		.byte	-93
 2281 00ea 24        		.byte	36
 2282 00eb 2A        		.byte	42
 2283 00ec 16        		.byte	22
 2284 00ed B1        		.byte	-79
 2285 00ee 07        		.byte	7
 2286 00ef 38        		.byte	56
 2287 00f0 FF        		.byte	-1
 2288 00f1 CF        		.byte	-49
 2289 00f2 EE        		.byte	-18
 2290 00f3 46        		.byte	70
 2291 00f4 DC        		.byte	-36
 2292 00f5 DD        		.byte	-35
 2293 00f6 CD        		.byte	-51
 2294 00f7 54        		.byte	84
 2295 00f8 B9        		.byte	-71
 2296 00f9 EB        		.byte	-21
 2297 00fa A8        		.byte	-88
 2298 00fb 62        		.byte	98
 2299 00fc 9A        		.byte	-102
 2300 00fd F9        		.byte	-7
 2301 00fe 8B        		.byte	-117
 2302 00ff 70        		.byte	112
 2303 0100 84        		.byte	-124
 2304 0101 08        		.byte	8
 2305 0102 95        		.byte	-107
 2306 0103 81        		.byte	-127
 2307 0104 A7        		.byte	-89
 2308 0105 1A        		.byte	26
 2309 0106 B6        		.byte	-74
 2310 0107 93        		.byte	-109
 2311 0108 C2        		.byte	-62
 2312 0109 2C        		.byte	44
 2313 010a D3        		.byte	-45
 2314 010b A5        		.byte	-91
 2315 010c E1        		.byte	-31
 2316 010d 3E        		.byte	62
 2317 010e F0        		.byte	-16
 2318 010f B7        		.byte	-73
 2319 0110 08        		.byte	8
 2320 0111 40        		.byte	64
 2321 0112 19        		.byte	25
 2322 0113 C9        		.byte	-55
 2323 0114 2B        		.byte	43
 2324 0115 52        		.byte	82
 2325 0116 3A        		.byte	58
 2326 0117 DB        		.byte	-37
 2327 0118 4E        		.byte	78
 2328 0119 64        		.byte	100
 2329 011a 5F        		.byte	95
 2330 011b ED        		.byte	-19
 2331 011c 6D        		.byte	109
 2332 011d 76        		.byte	118
 2333 011e 7C        		.byte	124
 2334 011f FF        		.byte	-1
 2335 0120 94        		.byte	-108
 2336 0121 89        		.byte	-119
GAS LISTING C:\Temp/ccgG96rn.s 			page 42


 2337 0122 85        		.byte	-123
 2338 0123 00        		.byte	0
 2339 0124 B7        		.byte	-73
 2340 0125 9B        		.byte	-101
 2341 0126 A6        		.byte	-90
 2342 0127 12        		.byte	18
 2343 0128 D2        		.byte	-46
 2344 0129 AD        		.byte	-83
 2345 012a C3        		.byte	-61
 2346 012b 24        		.byte	36
 2347 012c F1        		.byte	-15
 2348 012d BF        		.byte	-65
 2349 012e E0        		.byte	-32
 2350 012f 36        		.byte	54
 2351 0130 18        		.byte	24
 2352 0131 C1        		.byte	-63
 2353 0132 09        		.byte	9
 2354 0133 48        		.byte	72
 2355 0134 3B        		.byte	59
 2356 0135 D3        		.byte	-45
 2357 0136 2A        		.byte	42
 2358 0137 5A        		.byte	90
 2359 0138 5E        		.byte	94
 2360 0139 E5        		.byte	-27
 2361 013a 4F        		.byte	79
 2362 013b 6C        		.byte	108
 2363 013c 7D        		.byte	125
 2364 013d F7        		.byte	-9
 2365 013e 6C        		.byte	108
 2366 013f 7E        		.byte	126
 2367 0140 A5        		.byte	-91
 2368 0141 0A        		.byte	10
 2369 0142 B4        		.byte	-76
 2370 0143 83        		.byte	-125
 2371 0144 86        		.byte	-122
 2372 0145 18        		.byte	24
 2373 0146 97        		.byte	-105
 2374 0147 91        		.byte	-111
 2375 0148 E3        		.byte	-29
 2376 0149 2E        		.byte	46
 2377 014a F2        		.byte	-14
 2378 014b A7        		.byte	-89
 2379 014c C0        		.byte	-64
 2380 014d 3C        		.byte	60
 2381 014e D1        		.byte	-47
 2382 014f B5        		.byte	-75
 2383 0150 29        		.byte	41
 2384 0151 42        		.byte	66
 2385 0152 38        		.byte	56
 2386 0153 CB        		.byte	-53
 2387 0154 0A        		.byte	10
 2388 0155 50        		.byte	80
 2389 0156 1B        		.byte	27
 2390 0157 D9        		.byte	-39
 2391 0158 6F        		.byte	111
 2392 0159 66        		.byte	102
 2393 015a 7E        		.byte	126
GAS LISTING C:\Temp/ccgG96rn.s 			page 43


 2394 015b EF        		.byte	-17
 2395 015c 4C        		.byte	76
 2396 015d 74        		.byte	116
 2397 015e 5D        		.byte	93
 2398 015f FD        		.byte	-3
 2399 0160 B5        		.byte	-75
 2400 0161 8B        		.byte	-117
 2401 0162 A4        		.byte	-92
 2402 0163 02        		.byte	2
 2403 0164 96        		.byte	-106
 2404 0165 99        		.byte	-103
 2405 0166 87        		.byte	-121
 2406 0167 10        		.byte	16
 2407 0168 F3        		.byte	-13
 2408 0169 AF        		.byte	-81
 2409 016a E2        		.byte	-30
 2410 016b 26        		.byte	38
 2411 016c D0        		.byte	-48
 2412 016d BD        		.byte	-67
 2413 016e C1        		.byte	-63
 2414 016f 34        		.byte	52
 2415 0170 39        		.byte	57
 2416 0171 C3        		.byte	-61
 2417 0172 28        		.byte	40
 2418 0173 4A        		.byte	74
 2419 0174 1A        		.byte	26
 2420 0175 D1        		.byte	-47
 2421 0176 0B        		.byte	11
 2422 0177 58        		.byte	88
 2423 0178 7F        		.byte	127
 2424 0179 E7        		.byte	-25
 2425 017a 6E        		.byte	110
 2426 017b 6E        		.byte	110
 2427 017c 5C        		.byte	92
 2428 017d F5        		.byte	-11
 2429 017e 4D        		.byte	77
 2430 017f 7C        		.byte	124
 2431 0180 C6        		.byte	-58
 2432 0181 0C        		.byte	12
 2433 0182 D7        		.byte	-41
 2434 0183 85        		.byte	-123
 2435 0184 E5        		.byte	-27
 2436 0185 1E        		.byte	30
 2437 0186 F4        		.byte	-12
 2438 0187 97        		.byte	-105
 2439 0188 80        		.byte	-128
 2440 0189 28        		.byte	40
 2441 018a 91        		.byte	-111
 2442 018b A1        		.byte	-95
 2443 018c A3        		.byte	-93
 2444 018d 3A        		.byte	58
 2445 018e B2        		.byte	-78
 2446 018f B3        		.byte	-77
 2447 0190 4A        		.byte	74
 2448 0191 44        		.byte	68
 2449 0192 5B        		.byte	91
 2450 0193 CD        		.byte	-51
GAS LISTING C:\Temp/ccgG96rn.s 			page 44


 2451 0194 69        		.byte	105
 2452 0195 56        		.byte	86
 2453 0196 78        		.byte	120
 2454 0197 DF        		.byte	-33
 2455 0198 0C        		.byte	12
 2456 0199 60        		.byte	96
 2457 019a 1D        		.byte	29
 2458 019b E9        		.byte	-23
 2459 019c 2F        		.byte	47
 2460 019d 72        		.byte	114
 2461 019e 3E        		.byte	62
 2462 019f FB        		.byte	-5
 2463 01a0 D6        		.byte	-42
 2464 01a1 8D        		.byte	-115
 2465 01a2 C7        		.byte	-57
 2466 01a3 04        		.byte	4
 2467 01a4 F5        		.byte	-11
 2468 01a5 9F        		.byte	-97
 2469 01a6 E4        		.byte	-28
 2470 01a7 16        		.byte	22
 2471 01a8 90        		.byte	-112
 2472 01a9 A9        		.byte	-87
 2473 01aa 81        		.byte	-127
 2474 01ab 20        		.byte	32
 2475 01ac B3        		.byte	-77
 2476 01ad BB        		.byte	-69
 2477 01ae A2        		.byte	-94
 2478 01af 32        		.byte	50
 2479 01b0 5A        		.byte	90
 2480 01b1 C5        		.byte	-59
 2481 01b2 4B        		.byte	75
 2482 01b3 4C        		.byte	76
 2483 01b4 79        		.byte	121
 2484 01b5 D7        		.byte	-41
 2485 01b6 68        		.byte	104
 2486 01b7 5E        		.byte	94
 2487 01b8 1C        		.byte	28
 2488 01b9 E1        		.byte	-31
 2489 01ba 0D        		.byte	13
 2490 01bb 68        		.byte	104
 2491 01bc 3F        		.byte	63
 2492 01bd F3        		.byte	-13
 2493 01be 2E        		.byte	46
 2494 01bf 7A        		.byte	122
 2495 01c0 E7        		.byte	-25
 2496 01c1 0E        		.byte	14
 2497 01c2 F6        		.byte	-10
 2498 01c3 87        		.byte	-121
 2499 01c4 C4        		.byte	-60
 2500 01c5 1C        		.byte	28
 2501 01c6 D5        		.byte	-43
 2502 01c7 95        		.byte	-107
 2503 01c8 A1        		.byte	-95
 2504 01c9 2A        		.byte	42
 2505 01ca B0        		.byte	-80
 2506 01cb A3        		.byte	-93
 2507 01cc 82        		.byte	-126
GAS LISTING C:\Temp/ccgG96rn.s 			page 45


 2508 01cd 38        		.byte	56
 2509 01ce 93        		.byte	-109
 2510 01cf B1        		.byte	-79
 2511 01d0 6B        		.byte	107
 2512 01d1 46        		.byte	70
 2513 01d2 7A        		.byte	122
 2514 01d3 CF        		.byte	-49
 2515 01d4 48        		.byte	72
 2516 01d5 54        		.byte	84
 2517 01d6 59        		.byte	89
 2518 01d7 DD        		.byte	-35
 2519 01d8 2D        		.byte	45
 2520 01d9 62        		.byte	98
 2521 01da 3C        		.byte	60
 2522 01db EB        		.byte	-21
 2523 01dc 0E        		.byte	14
 2524 01dd 70        		.byte	112
 2525 01de 1F        		.byte	31
 2526 01df F9        		.byte	-7
 2527 01e0 F7        		.byte	-9
 2528 01e1 8F        		.byte	-113
 2529 01e2 E6        		.byte	-26
 2530 01e3 06        		.byte	6
 2531 01e4 D4        		.byte	-44
 2532 01e5 9D        		.byte	-99
 2533 01e6 C5        		.byte	-59
 2534 01e7 14        		.byte	20
 2535 01e8 B1        		.byte	-79
 2536 01e9 AB        		.byte	-85
 2537 01ea A0        		.byte	-96
 2538 01eb 22        		.byte	34
 2539 01ec 92        		.byte	-110
 2540 01ed B9        		.byte	-71
 2541 01ee 83        		.byte	-125
 2542 01ef 30        		.byte	48
 2543 01f0 7B        		.byte	123
 2544 01f1 C7        		.byte	-57
 2545 01f2 6A        		.byte	106
 2546 01f3 4E        		.byte	78
 2547 01f4 58        		.byte	88
 2548 01f5 D5        		.byte	-43
 2549 01f6 49        		.byte	73
 2550 01f7 5C        		.byte	92
 2551 01f8 3D        		.byte	61
 2552 01f9 E3        		.byte	-29
 2553 01fa 2C        		.byte	44
 2554 01fb 6A        		.byte	106
 2555 01fc 1E        		.byte	30
 2556 01fd F1        		.byte	-15
 2557 01fe 0F        		.byte	15
 2558 01ff 78        		.byte	120
GAS LISTING C:\Temp/ccgG96rn.s 			page 46


DEFINED SYMBOLS
                            *ABS*:00000000 ahdlcavr.c
  C:\Temp/ccgG96rn.s:2      *ABS*:0000003f __SREG__
  C:\Temp/ccgG96rn.s:3      *ABS*:0000003e __SP_H__
  C:\Temp/ccgG96rn.s:4      *ABS*:0000003d __SP_L__
  C:\Temp/ccgG96rn.s:5      *ABS*:00000034 __CCP__
  C:\Temp/ccgG96rn.s:6      *ABS*:00000000 __tmp_reg__
  C:\Temp/ccgG96rn.s:7      *ABS*:00000001 __zero_reg__
  C:\Temp/ccgG96rn.s:12     .text:00000000 Tx0Complete
  C:\Temp/ccgG96rn.s:71     .text:00000066 Tx1Complete
  C:\Temp/ccgG96rn.s:132    .text:000000d6 Rx0Complete
  C:\Temp/ccgG96rn.s:189    .text:00000138 Rx1Complete
  C:\Temp/ccgG96rn.s:247    .text:0000019c AhdlcAvrClose
  C:\Temp/ccgG96rn.s:271    .text:000001bc AhdlcAvrOpen
  C:\Temp/ccgG96rn.s:304    .text:000001f0 SendRawByte
  C:\Temp/ccgG96rn.s:402    .text:00000286 AhdlcAvrPut
  C:\Temp/ccgG96rn.s:491    .text:00000316 AhdlcAvrWrite_P
  C:\Temp/ccgG96rn.s:505    .text:00000326 AhdlcAvrWrite
  C:\Temp/ccgG96rn.s:518    .text:00000336 SendHdlcData
  C:\Temp/ccgG96rn.s:2046   .progmem.data:00000000 fcstab
  C:\Temp/ccgG96rn.s:682    .text:00000448 AhdlcOutput
  C:\Temp/ccgG96rn.s:825    .text:0000055e AhdlcAvrRead
  C:\Temp/ccgG96rn.s:914    .text:000005fc AhdlcAvrDisable
  C:\Temp/ccgG96rn.s:966    .text:00000644 AhdlcAvrIOCtl
  C:\Temp/ccgG96rn.s:1565   .text:00000a1c AhdlcAvrInit
  C:\Temp/ccgG96rn.s:1731   .text:00000b60 AhdlcRx

UNDEFINED SYMBOLS
__do_copy_data
__do_clear_bss
heapFreeList
NutHeapRootFree
NutHeapRootAlloc
NutEventWait
NutDelay
devUart0
NutGetCpuClock
__udivmodsi4
NutEventPost
sig_UART1_RECV
NutRegisterIrqHandler
sig_UART1_DATA
sig_UART0_RECV
sig_UART0_DATA
NutThreadCreate
NutThreadSetPriority
NutSleep
NutNetBufAlloc
memcpy
