GAS LISTING C:\Temp/cc1iGvoW.s 			page 1


   1               		.file	"gpio_avr.c"
   2               	__SREG__ = 0x3f
   3               	__SP_H__ = 0x3e
   4               	__SP_L__ = 0x3d
   5               	__CCP__  = 0x34
   6               	__tmp_reg__ = 0
   7               	__zero_reg__ = 1
   8               		.global __do_copy_data
   9               		.global __do_clear_bss
  10               		.text
  11               	.global	GpioPinGet
  12               		.type	GpioPinGet, @function
  13               	GpioPinGet:
  14               	/* prologue: function */
  15               	/* frame size = 0 */
  16 0000 8430      		cpi r24,4
  17 0002 9105      		cpc r25,__zero_reg__
  18 0004 01F0      		breq .L6
  19 0006 8530      		cpi r24,5
  20 0008 9105      		cpc r25,__zero_reg__
  21 000a 04F4      		brge .L10
  22 000c 8230      		cpi r24,2
  23 000e 9105      		cpc r25,__zero_reg__
  24 0010 01F0      		breq .L4
  25 0012 8330      		cpi r24,3
  26 0014 9105      		cpc r25,__zero_reg__
  27 0016 04F4      		brge .L5
  28 0018 0197      		sbiw r24,1
  29 001a 01F4      		brne .L2
  30 001c 00C0      		rjmp .L14
  31               	.L10:
  32 001e 8630      		cpi r24,6
  33 0020 9105      		cpc r25,__zero_reg__
  34 0022 01F0      		breq .L8
  35 0024 8630      		cpi r24,6
  36 0026 9105      		cpc r25,__zero_reg__
  37 0028 04F0      		brlt .L7
  38 002a 0797      		sbiw r24,7
  39 002c 01F0      		breq .L9
  40               	.L2:
  41 002e 20E0      		ldi r18,lo8(0)
  42 0030 30E0      		ldi r19,hi8(0)
  43 0032 00C0      		rjmp .L11
  44               	.L14:
  45 0034 89B3      		in r24,57-32
  46 0036 00C0      		rjmp .L13
  47               	.L4:
  48 0038 86B3      		in r24,54-32
  49 003a 00C0      		rjmp .L13
  50               	.L5:
  51 003c 83B3      		in r24,51-32
  52 003e 00C0      		rjmp .L13
  53               	.L6:
  54 0040 80B3      		in r24,48-32
  55 0042 00C0      		rjmp .L13
  56               	.L7:
  57 0044 81B1      		in r24,33-32
GAS LISTING C:\Temp/cc1iGvoW.s 			page 2


  58 0046 00C0      		rjmp .L13
  59               	.L8:
  60 0048 80B1      		in r24,32-32
  61 004a 00C0      		rjmp .L13
  62               	.L9:
  63 004c 8091 6300 		lds r24,99
  64               	.L13:
  65 0050 282F      		mov r18,r24
  66 0052 30E0      		ldi r19,lo8(0)
  67 0054 00C0      		rjmp 2f
  68 0056 3595      	1:	asr r19
  69 0058 2795      		ror r18
  70 005a 6A95      	2:	dec r22
  71 005c 02F4      		brpl 1b
  72 005e 2170      		andi r18,lo8(1)
  73 0060 3070      		andi r19,hi8(1)
  74               	.L11:
  75 0062 C901      		movw r24,r18
  76               	/* epilogue start */
  77 0064 0895      		ret
  78               		.size	GpioPinGet, .-GpioPinGet
  79               	.global	GpioPinSetLow
  80               		.type	GpioPinSetLow, @function
  81               	GpioPinSetLow:
  82               	/* prologue: function */
  83               	/* frame size = 0 */
  84 0066 9C01      		movw r18,r24
  85 0068 8430      		cpi r24,4
  86 006a 9105      		cpc r25,__zero_reg__
  87 006c 01F4      		brne .+2
  88 006e 00C0      		rjmp .L20
  89 0070 8530      		cpi r24,5
  90 0072 9105      		cpc r25,__zero_reg__
  91 0074 04F4      		brge .L24
  92 0076 8230      		cpi r24,2
  93 0078 9105      		cpc r25,__zero_reg__
  94 007a 01F0      		breq .L18
  95 007c 8330      		cpi r24,3
  96 007e 9105      		cpc r25,__zero_reg__
  97 0080 04F4      		brge .L19
  98 0082 8130      		cpi r24,1
  99 0084 9105      		cpc r25,__zero_reg__
 100 0086 01F0      		breq .+2
 101 0088 00C0      		rjmp .L25
 102 008a 00C0      		rjmp .L26
 103               	.L24:
 104 008c 8630      		cpi r24,6
 105 008e 9105      		cpc r25,__zero_reg__
 106 0090 01F4      		brne .+2
 107 0092 00C0      		rjmp .L22
 108 0094 8630      		cpi r24,6
 109 0096 9105      		cpc r25,__zero_reg__
 110 0098 04F0      		brlt .L21
 111 009a 8730      		cpi r24,7
 112 009c 9105      		cpc r25,__zero_reg__
 113 009e 01F0      		breq .+2
 114 00a0 00C0      		rjmp .L25
GAS LISTING C:\Temp/cc1iGvoW.s 			page 3


 115 00a2 00C0      		rjmp .L27
 116               	.L26:
 117 00a4 9BB3      		in r25,59-32
 118 00a6 00C0      		rjmp 2f
 119 00a8 220F      	1:	lsl r18
 120 00aa 331F      		rol r19
 121 00ac 6A95      	2:	dec r22
 122 00ae 02F4      		brpl 1b
 123 00b0 822F      		mov r24,r18
 124 00b2 8095      		com r24
 125 00b4 8923      		and r24,r25
 126 00b6 8BBB      		out 59-32,r24
 127 00b8 0895      		ret
 128               	.L18:
 129 00ba 28B3      		in r18,56-32
 130 00bc 81E0      		ldi r24,lo8(1)
 131 00be 90E0      		ldi r25,hi8(1)
 132 00c0 00C0      		rjmp 2f
 133 00c2 880F      	1:	lsl r24
 134 00c4 991F      		rol r25
 135 00c6 6A95      	2:	dec r22
 136 00c8 02F4      		brpl 1b
 137 00ca 8095      		com r24
 138 00cc 8223      		and r24,r18
 139 00ce 88BB      		out 56-32,r24
 140 00d0 0895      		ret
 141               	.L19:
 142 00d2 25B3      		in r18,53-32
 143 00d4 81E0      		ldi r24,lo8(1)
 144 00d6 90E0      		ldi r25,hi8(1)
 145 00d8 00C0      		rjmp 2f
 146 00da 880F      	1:	lsl r24
 147 00dc 991F      		rol r25
 148 00de 6A95      	2:	dec r22
 149 00e0 02F4      		brpl 1b
 150 00e2 8095      		com r24
 151 00e4 8223      		and r24,r18
 152 00e6 85BB      		out 53-32,r24
 153 00e8 0895      		ret
 154               	.L20:
 155 00ea 22B3      		in r18,50-32
 156 00ec 81E0      		ldi r24,lo8(1)
 157 00ee 90E0      		ldi r25,hi8(1)
 158 00f0 00C0      		rjmp 2f
 159 00f2 880F      	1:	lsl r24
 160 00f4 991F      		rol r25
 161 00f6 6A95      	2:	dec r22
 162 00f8 02F4      		brpl 1b
 163 00fa 8095      		com r24
 164 00fc 8223      		and r24,r18
 165 00fe 82BB      		out 50-32,r24
 166 0100 0895      		ret
 167               	.L21:
 168 0102 23B1      		in r18,35-32
 169 0104 81E0      		ldi r24,lo8(1)
 170 0106 90E0      		ldi r25,hi8(1)
 171 0108 00C0      		rjmp 2f
GAS LISTING C:\Temp/cc1iGvoW.s 			page 4


 172 010a 880F      	1:	lsl r24
 173 010c 991F      		rol r25
 174 010e 6A95      	2:	dec r22
 175 0110 02F4      		brpl 1b
 176 0112 8095      		com r24
 177 0114 8223      		and r24,r18
 178 0116 83B9      		out 35-32,r24
 179 0118 0895      		ret
 180               	.L22:
 181 011a 2091 6200 		lds r18,98
 182 011e 81E0      		ldi r24,lo8(1)
 183 0120 90E0      		ldi r25,hi8(1)
 184 0122 00C0      		rjmp 2f
 185 0124 880F      	1:	lsl r24
 186 0126 991F      		rol r25
 187 0128 6A95      	2:	dec r22
 188 012a 02F4      		brpl 1b
 189 012c 8095      		com r24
 190 012e 8223      		and r24,r18
 191 0130 8093 6200 		sts 98,r24
 192 0134 0895      		ret
 193               	.L27:
 194 0136 2091 6500 		lds r18,101
 195 013a 81E0      		ldi r24,lo8(1)
 196 013c 90E0      		ldi r25,hi8(1)
 197 013e 00C0      		rjmp 2f
 198 0140 880F      	1:	lsl r24
 199 0142 991F      		rol r25
 200 0144 6A95      	2:	dec r22
 201 0146 02F4      		brpl 1b
 202 0148 8095      		com r24
 203 014a 8223      		and r24,r18
 204 014c 8093 6500 		sts 101,r24
 205               	.L25:
 206 0150 0895      		ret
 207               		.size	GpioPinSetLow, .-GpioPinSetLow
 208               	.global	GpioPinSetHigh
 209               		.type	GpioPinSetHigh, @function
 210               	GpioPinSetHigh:
 211               	/* prologue: function */
 212               	/* frame size = 0 */
 213 0152 9C01      		movw r18,r24
 214 0154 8430      		cpi r24,4
 215 0156 9105      		cpc r25,__zero_reg__
 216 0158 01F0      		breq .L33
 217 015a 8530      		cpi r24,5
 218 015c 9105      		cpc r25,__zero_reg__
 219 015e 04F4      		brge .L37
 220 0160 8230      		cpi r24,2
 221 0162 9105      		cpc r25,__zero_reg__
 222 0164 01F0      		breq .L31
 223 0166 8330      		cpi r24,3
 224 0168 9105      		cpc r25,__zero_reg__
 225 016a 04F4      		brge .L32
 226 016c 8130      		cpi r24,1
 227 016e 9105      		cpc r25,__zero_reg__
 228 0170 01F0      		breq .+2
GAS LISTING C:\Temp/cc1iGvoW.s 			page 5


 229 0172 00C0      		rjmp .L38
 230 0174 00C0      		rjmp .L39
 231               	.L37:
 232 0176 8630      		cpi r24,6
 233 0178 9105      		cpc r25,__zero_reg__
 234 017a 01F4      		brne .+2
 235 017c 00C0      		rjmp .L35
 236 017e 8630      		cpi r24,6
 237 0180 9105      		cpc r25,__zero_reg__
 238 0182 04F0      		brlt .L34
 239 0184 8730      		cpi r24,7
 240 0186 9105      		cpc r25,__zero_reg__
 241 0188 01F0      		breq .+2
 242 018a 00C0      		rjmp .L38
 243 018c 00C0      		rjmp .L40
 244               	.L39:
 245 018e 8BB3      		in r24,59-32
 246 0190 00C0      		rjmp 2f
 247 0192 220F      	1:	lsl r18
 248 0194 331F      		rol r19
 249 0196 6A95      	2:	dec r22
 250 0198 02F4      		brpl 1b
 251 019a 822B      		or r24,r18
 252 019c 8BBB      		out 59-32,r24
 253 019e 0895      		ret
 254               	.L31:
 255 01a0 28B3      		in r18,56-32
 256 01a2 81E0      		ldi r24,lo8(1)
 257 01a4 90E0      		ldi r25,hi8(1)
 258 01a6 00C0      		rjmp 2f
 259 01a8 880F      	1:	lsl r24
 260 01aa 991F      		rol r25
 261 01ac 6A95      	2:	dec r22
 262 01ae 02F4      		brpl 1b
 263 01b0 282B      		or r18,r24
 264 01b2 28BB      		out 56-32,r18
 265 01b4 0895      		ret
 266               	.L32:
 267 01b6 25B3      		in r18,53-32
 268 01b8 81E0      		ldi r24,lo8(1)
 269 01ba 90E0      		ldi r25,hi8(1)
 270 01bc 00C0      		rjmp 2f
 271 01be 880F      	1:	lsl r24
 272 01c0 991F      		rol r25
 273 01c2 6A95      	2:	dec r22
 274 01c4 02F4      		brpl 1b
 275 01c6 282B      		or r18,r24
 276 01c8 25BB      		out 53-32,r18
 277 01ca 0895      		ret
 278               	.L33:
 279 01cc 22B3      		in r18,50-32
 280 01ce 81E0      		ldi r24,lo8(1)
 281 01d0 90E0      		ldi r25,hi8(1)
 282 01d2 00C0      		rjmp 2f
 283 01d4 880F      	1:	lsl r24
 284 01d6 991F      		rol r25
 285 01d8 6A95      	2:	dec r22
GAS LISTING C:\Temp/cc1iGvoW.s 			page 6


 286 01da 02F4      		brpl 1b
 287 01dc 282B      		or r18,r24
 288 01de 22BB      		out 50-32,r18
 289 01e0 0895      		ret
 290               	.L34:
 291 01e2 23B1      		in r18,35-32
 292 01e4 81E0      		ldi r24,lo8(1)
 293 01e6 90E0      		ldi r25,hi8(1)
 294 01e8 00C0      		rjmp 2f
 295 01ea 880F      	1:	lsl r24
 296 01ec 991F      		rol r25
 297 01ee 6A95      	2:	dec r22
 298 01f0 02F4      		brpl 1b
 299 01f2 282B      		or r18,r24
 300 01f4 23B9      		out 35-32,r18
 301 01f6 0895      		ret
 302               	.L35:
 303 01f8 2091 6200 		lds r18,98
 304 01fc 81E0      		ldi r24,lo8(1)
 305 01fe 90E0      		ldi r25,hi8(1)
 306 0200 00C0      		rjmp 2f
 307 0202 880F      	1:	lsl r24
 308 0204 991F      		rol r25
 309 0206 6A95      	2:	dec r22
 310 0208 02F4      		brpl 1b
 311 020a 282B      		or r18,r24
 312 020c 2093 6200 		sts 98,r18
 313 0210 0895      		ret
 314               	.L40:
 315 0212 2091 6500 		lds r18,101
 316 0216 81E0      		ldi r24,lo8(1)
 317 0218 90E0      		ldi r25,hi8(1)
 318 021a 00C0      		rjmp 2f
 319 021c 880F      	1:	lsl r24
 320 021e 991F      		rol r25
 321 0220 6A95      	2:	dec r22
 322 0222 02F4      		brpl 1b
 323 0224 282B      		or r18,r24
 324 0226 2093 6500 		sts 101,r18
 325               	.L38:
 326 022a 0895      		ret
 327               		.size	GpioPinSetHigh, .-GpioPinSetHigh
 328               	.global	GpioPinSet
 329               		.type	GpioPinSet, @function
 330               	GpioPinSet:
 331               	/* prologue: function */
 332               	/* frame size = 0 */
 333 022c 452B      		or r20,r21
 334 022e 01F0      		breq .L42
 335 0230 0E94 0000 		call GpioPinSetHigh
 336 0234 0895      		ret
 337               	.L42:
 338 0236 0E94 0000 		call GpioPinSetLow
 339 023a 0895      		ret
 340               		.size	GpioPinSet, .-GpioPinSet
 341               	.global	GpioPortGet
 342               		.type	GpioPortGet, @function
GAS LISTING C:\Temp/cc1iGvoW.s 			page 7


 343               	GpioPortGet:
 344               	/* prologue: function */
 345               	/* frame size = 0 */
 346 023c 8430      		cpi r24,4
 347 023e 9105      		cpc r25,__zero_reg__
 348 0240 01F0      		breq .L50
 349 0242 8530      		cpi r24,5
 350 0244 9105      		cpc r25,__zero_reg__
 351 0246 04F4      		brge .L54
 352 0248 8230      		cpi r24,2
 353 024a 9105      		cpc r25,__zero_reg__
 354 024c 01F0      		breq .L48
 355 024e 8330      		cpi r24,3
 356 0250 9105      		cpc r25,__zero_reg__
 357 0252 04F4      		brge .L49
 358 0254 0197      		sbiw r24,1
 359 0256 01F4      		brne .L46
 360 0258 00C0      		rjmp .L58
 361               	.L54:
 362 025a 8630      		cpi r24,6
 363 025c 9105      		cpc r25,__zero_reg__
 364 025e 01F0      		breq .L52
 365 0260 8630      		cpi r24,6
 366 0262 9105      		cpc r25,__zero_reg__
 367 0264 04F0      		brlt .L51
 368 0266 0797      		sbiw r24,7
 369 0268 01F0      		breq .L53
 370               	.L46:
 371 026a 20E0      		ldi r18,lo8(0)
 372 026c 30E0      		ldi r19,hi8(0)
 373 026e 00C0      		rjmp .L55
 374               	.L58:
 375 0270 89B3      		in r24,57-32
 376 0272 00C0      		rjmp .L57
 377               	.L48:
 378 0274 86B3      		in r24,54-32
 379 0276 00C0      		rjmp .L57
 380               	.L49:
 381 0278 83B3      		in r24,51-32
 382 027a 00C0      		rjmp .L57
 383               	.L50:
 384 027c 80B3      		in r24,48-32
 385 027e 00C0      		rjmp .L57
 386               	.L51:
 387 0280 81B1      		in r24,33-32
 388 0282 00C0      		rjmp .L57
 389               	.L52:
 390 0284 80B1      		in r24,32-32
 391 0286 00C0      		rjmp .L57
 392               	.L53:
 393 0288 8091 6300 		lds r24,99
 394               	.L57:
 395 028c 282F      		mov r18,r24
 396 028e 30E0      		ldi r19,lo8(0)
 397               	.L55:
 398 0290 C901      		movw r24,r18
 399               	/* epilogue start */
GAS LISTING C:\Temp/cc1iGvoW.s 			page 8


 400 0292 0895      		ret
 401               		.size	GpioPortGet, .-GpioPortGet
 402               	.global	GpioPortSet
 403               		.type	GpioPortSet, @function
 404               	GpioPortSet:
 405               	/* prologue: function */
 406               	/* frame size = 0 */
 407 0294 8430      		cpi r24,4
 408 0296 9105      		cpc r25,__zero_reg__
 409 0298 01F0      		breq .L64
 410 029a 8530      		cpi r24,5
 411 029c 9105      		cpc r25,__zero_reg__
 412 029e 04F4      		brge .L68
 413 02a0 8230      		cpi r24,2
 414 02a2 9105      		cpc r25,__zero_reg__
 415 02a4 01F0      		breq .L62
 416 02a6 8330      		cpi r24,3
 417 02a8 9105      		cpc r25,__zero_reg__
 418 02aa 04F4      		brge .L63
 419 02ac 0197      		sbiw r24,1
 420 02ae 01F4      		brne .L69
 421 02b0 00C0      		rjmp .L70
 422               	.L68:
 423 02b2 8630      		cpi r24,6
 424 02b4 9105      		cpc r25,__zero_reg__
 425 02b6 01F0      		breq .L66
 426 02b8 8630      		cpi r24,6
 427 02ba 9105      		cpc r25,__zero_reg__
 428 02bc 04F0      		brlt .L65
 429 02be 0797      		sbiw r24,7
 430 02c0 01F4      		brne .L69
 431 02c2 00C0      		rjmp .L71
 432               	.L70:
 433 02c4 6BBB      		out 59-32,r22
 434 02c6 0895      		ret
 435               	.L62:
 436 02c8 68BB      		out 56-32,r22
 437 02ca 0895      		ret
 438               	.L63:
 439 02cc 65BB      		out 53-32,r22
 440 02ce 0895      		ret
 441               	.L64:
 442 02d0 62BB      		out 50-32,r22
 443 02d2 0895      		ret
 444               	.L65:
 445 02d4 63B9      		out 35-32,r22
 446 02d6 0895      		ret
 447               	.L66:
 448 02d8 6093 6200 		sts 98,r22
 449 02dc 0895      		ret
 450               	.L71:
 451 02de 6093 6500 		sts 101,r22
 452               	.L69:
 453 02e2 0895      		ret
 454               		.size	GpioPortSet, .-GpioPortSet
 455               	.global	GpioPortSetLow
 456               		.type	GpioPortSetLow, @function
GAS LISTING C:\Temp/cc1iGvoW.s 			page 9


 457               	GpioPortSetLow:
 458 02e4 EF92      		push r14
 459 02e6 FF92      		push r15
 460 02e8 0F93      		push r16
 461 02ea 1F93      		push r17
 462               	/* prologue: function */
 463               	/* frame size = 0 */
 464 02ec 7C01      		movw r14,r24
 465 02ee 8B01      		movw r16,r22
 466 02f0 0E94 0000 		call GpioPortGet
 467 02f4 0095      		com r16
 468 02f6 1095      		com r17
 469 02f8 0823      		and r16,r24
 470 02fa 1923      		and r17,r25
 471 02fc B801      		movw r22,r16
 472 02fe C701      		movw r24,r14
 473 0300 0E94 0000 		call GpioPortSet
 474               	/* epilogue start */
 475 0304 1F91      		pop r17
 476 0306 0F91      		pop r16
 477 0308 FF90      		pop r15
 478 030a EF90      		pop r14
 479 030c 0895      		ret
 480               		.size	GpioPortSetLow, .-GpioPortSetLow
 481               	.global	GpioPortSetHigh
 482               		.type	GpioPortSetHigh, @function
 483               	GpioPortSetHigh:
 484 030e EF92      		push r14
 485 0310 FF92      		push r15
 486 0312 0F93      		push r16
 487 0314 1F93      		push r17
 488               	/* prologue: function */
 489               	/* frame size = 0 */
 490 0316 7C01      		movw r14,r24
 491 0318 8B01      		movw r16,r22
 492 031a 0E94 0000 		call GpioPortGet
 493 031e 082B      		or r16,r24
 494 0320 192B      		or r17,r25
 495 0322 B801      		movw r22,r16
 496 0324 C701      		movw r24,r14
 497 0326 0E94 0000 		call GpioPortSet
 498               	/* epilogue start */
 499 032a 1F91      		pop r17
 500 032c 0F91      		pop r16
 501 032e FF90      		pop r15
 502 0330 EF90      		pop r14
 503 0332 0895      		ret
 504               		.size	GpioPortSetHigh, .-GpioPortSetHigh
 505               	.global	GpioPinConfigGet
 506               		.type	GpioPinConfigGet, @function
 507               	GpioPinConfigGet:
 508               	/* prologue: function */
 509               	/* frame size = 0 */
 510 0334 8430      		cpi r24,4
 511 0336 9105      		cpc r25,__zero_reg__
 512 0338 01F0      		breq .L81
 513 033a 8530      		cpi r24,5
GAS LISTING C:\Temp/cc1iGvoW.s 			page 10


 514 033c 9105      		cpc r25,__zero_reg__
 515 033e 04F4      		brge .L85
 516 0340 8230      		cpi r24,2
 517 0342 9105      		cpc r25,__zero_reg__
 518 0344 01F0      		breq .L79
 519 0346 8330      		cpi r24,3
 520 0348 9105      		cpc r25,__zero_reg__
 521 034a 04F4      		brge .L80
 522 034c 0197      		sbiw r24,1
 523 034e 01F0      		breq .+2
 524 0350 00C0      		rjmp .L77
 525 0352 00C0      		rjmp .L97
 526               	.L85:
 527 0354 8630      		cpi r24,6
 528 0356 9105      		cpc r25,__zero_reg__
 529 0358 01F4      		brne .+2
 530 035a 00C0      		rjmp .L83
 531 035c 8630      		cpi r24,6
 532 035e 9105      		cpc r25,__zero_reg__
 533 0360 04F0      		brlt .L82
 534 0362 0797      		sbiw r24,7
 535 0364 01F0      		breq .+2
 536 0366 00C0      		rjmp .L77
 537 0368 00C0      		rjmp .L98
 538               	.L97:
 539 036a 8AB3      		in r24,58-32
 540 036c 90E0      		ldi r25,lo8(0)
 541 036e 062E      		mov r0,r22
 542 0370 00C0      		rjmp 2f
 543 0372 9595      	1:	asr r25
 544 0374 8795      		ror r24
 545 0376 0A94      	2:	dec r0
 546 0378 02F4      		brpl 1b
 547 037a 80FD      		sbrc r24,0
 548 037c 00C0      		rjmp .L86
 549 037e 8BB3      		in r24,59-32
 550 0380 00C0      		rjmp .L91
 551               	.L79:
 552 0382 87B3      		in r24,55-32
 553 0384 90E0      		ldi r25,lo8(0)
 554 0386 062E      		mov r0,r22
 555 0388 00C0      		rjmp 2f
 556 038a 9595      	1:	asr r25
 557 038c 8795      		ror r24
 558 038e 0A94      	2:	dec r0
 559 0390 02F4      		brpl 1b
 560 0392 80FD      		sbrc r24,0
 561 0394 00C0      		rjmp .L86
 562 0396 88B3      		in r24,56-32
 563 0398 00C0      		rjmp .L91
 564               	.L80:
 565 039a 84B3      		in r24,52-32
 566 039c 90E0      		ldi r25,lo8(0)
 567 039e 062E      		mov r0,r22
 568 03a0 00C0      		rjmp 2f
 569 03a2 9595      	1:	asr r25
 570 03a4 8795      		ror r24
GAS LISTING C:\Temp/cc1iGvoW.s 			page 11


 571 03a6 0A94      	2:	dec r0
 572 03a8 02F4      		brpl 1b
 573 03aa 80FD      		sbrc r24,0
 574 03ac 00C0      		rjmp .L86
 575 03ae 85B3      		in r24,53-32
 576 03b0 00C0      		rjmp .L91
 577               	.L81:
 578 03b2 81B3      		in r24,49-32
 579 03b4 90E0      		ldi r25,lo8(0)
 580 03b6 062E      		mov r0,r22
 581 03b8 00C0      		rjmp 2f
 582 03ba 9595      	1:	asr r25
 583 03bc 8795      		ror r24
 584 03be 0A94      	2:	dec r0
 585 03c0 02F4      		brpl 1b
 586 03c2 80FD      		sbrc r24,0
 587 03c4 00C0      		rjmp .L86
 588 03c6 82B3      		in r24,50-32
 589 03c8 00C0      		rjmp .L91
 590               	.L82:
 591 03ca 82B1      		in r24,34-32
 592 03cc 90E0      		ldi r25,lo8(0)
 593 03ce 062E      		mov r0,r22
 594 03d0 00C0      		rjmp 2f
 595 03d2 9595      	1:	asr r25
 596 03d4 8795      		ror r24
 597 03d6 0A94      	2:	dec r0
 598 03d8 02F4      		brpl 1b
 599 03da 80FD      		sbrc r24,0
 600 03dc 00C0      		rjmp .L86
 601 03de 83B1      		in r24,35-32
 602 03e0 00C0      		rjmp .L91
 603               	.L83:
 604 03e2 8091 6100 		lds r24,97
 605 03e6 90E0      		ldi r25,lo8(0)
 606 03e8 062E      		mov r0,r22
 607 03ea 00C0      		rjmp 2f
 608 03ec 9595      	1:	asr r25
 609 03ee 8795      		ror r24
 610 03f0 0A94      	2:	dec r0
 611 03f2 02F4      		brpl 1b
 612 03f4 80FD      		sbrc r24,0
 613 03f6 00C0      		rjmp .L86
 614 03f8 8091 6200 		lds r24,98
 615 03fc 00C0      		rjmp .L91
 616               	.L98:
 617 03fe 8091 6400 		lds r24,100
 618 0402 90E0      		ldi r25,lo8(0)
 619 0404 062E      		mov r0,r22
 620 0406 00C0      		rjmp 2f
 621 0408 9595      	1:	asr r25
 622 040a 8795      		ror r24
 623 040c 0A94      	2:	dec r0
 624 040e 02F4      		brpl 1b
 625 0410 80FD      		sbrc r24,0
 626 0412 00C0      		rjmp .L86
 627 0414 8091 6500 		lds r24,101
GAS LISTING C:\Temp/cc1iGvoW.s 			page 12


 628               	.L91:
 629 0418 90E0      		ldi r25,lo8(0)
 630 041a 00C0      		rjmp 2f
 631 041c 9595      	1:	asr r25
 632 041e 8795      		ror r24
 633 0420 6A95      	2:	dec r22
 634 0422 02F4      		brpl 1b
 635 0424 80FD      		sbrc r24,0
 636 0426 00C0      		rjmp .L87
 637               	.L77:
 638 0428 20E0      		ldi r18,lo8(0)
 639 042a 30E0      		ldi r19,hi8(0)
 640 042c 40E0      		ldi r20,hlo8(0)
 641 042e 50E0      		ldi r21,hhi8(0)
 642 0430 00C0      		rjmp .L88
 643               	.L86:
 644 0432 22E0      		ldi r18,lo8(2)
 645 0434 30E0      		ldi r19,hi8(2)
 646 0436 40E0      		ldi r20,hlo8(2)
 647 0438 50E0      		ldi r21,hhi8(2)
 648 043a 00C0      		rjmp .L88
 649               	.L87:
 650 043c 24E0      		ldi r18,lo8(4)
 651 043e 30E0      		ldi r19,hi8(4)
 652 0440 40E0      		ldi r20,hlo8(4)
 653 0442 50E0      		ldi r21,hhi8(4)
 654               	.L88:
 655 0444 B901      		movw r22,r18
 656 0446 CA01      		movw r24,r20
 657               	/* epilogue start */
 658 0448 0895      		ret
 659               		.size	GpioPinConfigGet, .-GpioPinConfigGet
 660               	.global	GpioPortConfigSet
 661               		.type	GpioPortConfigSet, @function
 662               	GpioPortConfigSet:
 663               	/* prologue: function */
 664               	/* frame size = 0 */
 665 044a 8430      		cpi r24,4
 666 044c 9105      		cpc r25,__zero_reg__
 667 044e 01F4      		brne .+2
 668 0450 00C0      		rjmp .L104
 669 0452 8530      		cpi r24,5
 670 0454 9105      		cpc r25,__zero_reg__
 671 0456 04F4      		brge .L108
 672 0458 8230      		cpi r24,2
 673 045a 9105      		cpc r25,__zero_reg__
 674 045c 01F0      		breq .L102
 675 045e 8330      		cpi r24,3
 676 0460 9105      		cpc r25,__zero_reg__
 677 0462 04F4      		brge .L103
 678 0464 0197      		sbiw r24,1
 679 0466 01F0      		breq .+2
 680 0468 00C0      		rjmp .L100
 681 046a 00C0      		rjmp .L145
 682               	.L108:
 683 046c 8630      		cpi r24,6
 684 046e 9105      		cpc r25,__zero_reg__
GAS LISTING C:\Temp/cc1iGvoW.s 			page 13


 685 0470 01F4      		brne .+2
 686 0472 00C0      		rjmp .L106
 687 0474 8630      		cpi r24,6
 688 0476 9105      		cpc r25,__zero_reg__
 689 0478 04F4      		brge .+2
 690 047a 00C0      		rjmp .L105
 691 047c 0797      		sbiw r24,7
 692 047e 01F0      		breq .+2
 693 0480 00C0      		rjmp .L100
 694 0482 00C0      		rjmp .L146
 695               	.L145:
 696 0484 22FF      		sbrs r18,2
 697 0486 00C0      		rjmp .L109
 698 0488 8BB3      		in r24,59-32
 699 048a 862B      		or r24,r22
 700 048c 00C0      		rjmp .L131
 701               	.L109:
 702 048e 9BB3      		in r25,59-32
 703 0490 862F      		mov r24,r22
 704 0492 8095      		com r24
 705 0494 8923      		and r24,r25
 706               	.L131:
 707 0496 8BBB      		out 59-32,r24
 708 0498 21FF      		sbrs r18,1
 709 049a 00C0      		rjmp .L111
 710 049c 8AB3      		in r24,58-32
 711 049e 862B      		or r24,r22
 712 04a0 00C0      		rjmp .L138
 713               	.L111:
 714 04a2 8AB3      		in r24,58-32
 715 04a4 6095      		com r22
 716 04a6 8623      		and r24,r22
 717               	.L138:
 718 04a8 8ABB      		out 58-32,r24
 719 04aa 00C0      		rjmp .L100
 720               	.L102:
 721 04ac 22FF      		sbrs r18,2
 722 04ae 00C0      		rjmp .L112
 723 04b0 88B3      		in r24,56-32
 724 04b2 862B      		or r24,r22
 725 04b4 00C0      		rjmp .L132
 726               	.L112:
 727 04b6 98B3      		in r25,56-32
 728 04b8 862F      		mov r24,r22
 729 04ba 8095      		com r24
 730 04bc 8923      		and r24,r25
 731               	.L132:
 732 04be 88BB      		out 56-32,r24
 733 04c0 21FF      		sbrs r18,1
 734 04c2 00C0      		rjmp .L114
 735 04c4 87B3      		in r24,55-32
 736 04c6 862B      		or r24,r22
 737 04c8 00C0      		rjmp .L140
 738               	.L114:
 739 04ca 87B3      		in r24,55-32
 740 04cc 6095      		com r22
 741 04ce 8623      		and r24,r22
GAS LISTING C:\Temp/cc1iGvoW.s 			page 14


 742               	.L140:
 743 04d0 87BB      		out 55-32,r24
 744 04d2 00C0      		rjmp .L100
 745               	.L103:
 746 04d4 22FF      		sbrs r18,2
 747 04d6 00C0      		rjmp .L115
 748 04d8 85B3      		in r24,53-32
 749 04da 862B      		or r24,r22
 750 04dc 00C0      		rjmp .L133
 751               	.L115:
 752 04de 95B3      		in r25,53-32
 753 04e0 862F      		mov r24,r22
 754 04e2 8095      		com r24
 755 04e4 8923      		and r24,r25
 756               	.L133:
 757 04e6 85BB      		out 53-32,r24
 758 04e8 21FF      		sbrs r18,1
 759 04ea 00C0      		rjmp .L117
 760 04ec 84B3      		in r24,52-32
 761 04ee 862B      		or r24,r22
 762 04f0 00C0      		rjmp .L141
 763               	.L117:
 764 04f2 84B3      		in r24,52-32
 765 04f4 6095      		com r22
 766 04f6 8623      		and r24,r22
 767               	.L141:
 768 04f8 84BB      		out 52-32,r24
 769 04fa 00C0      		rjmp .L100
 770               	.L104:
 771 04fc 22FF      		sbrs r18,2
 772 04fe 00C0      		rjmp .L118
 773 0500 82B3      		in r24,50-32
 774 0502 862B      		or r24,r22
 775 0504 00C0      		rjmp .L134
 776               	.L118:
 777 0506 92B3      		in r25,50-32
 778 0508 862F      		mov r24,r22
 779 050a 8095      		com r24
 780 050c 8923      		and r24,r25
 781               	.L134:
 782 050e 82BB      		out 50-32,r24
 783 0510 21FF      		sbrs r18,1
 784 0512 00C0      		rjmp .L120
 785 0514 81B3      		in r24,49-32
 786 0516 862B      		or r24,r22
 787 0518 00C0      		rjmp .L142
 788               	.L120:
 789 051a 81B3      		in r24,49-32
 790 051c 6095      		com r22
 791 051e 8623      		and r24,r22
 792               	.L142:
 793 0520 81BB      		out 49-32,r24
 794 0522 00C0      		rjmp .L100
 795               	.L105:
 796 0524 22FF      		sbrs r18,2
 797 0526 00C0      		rjmp .L121
 798 0528 83B1      		in r24,35-32
GAS LISTING C:\Temp/cc1iGvoW.s 			page 15


 799 052a 862B      		or r24,r22
 800 052c 00C0      		rjmp .L135
 801               	.L121:
 802 052e 93B1      		in r25,35-32
 803 0530 862F      		mov r24,r22
 804 0532 8095      		com r24
 805 0534 8923      		and r24,r25
 806               	.L135:
 807 0536 83B9      		out 35-32,r24
 808 0538 21FF      		sbrs r18,1
 809 053a 00C0      		rjmp .L123
 810 053c 82B1      		in r24,34-32
 811 053e 862B      		or r24,r22
 812 0540 00C0      		rjmp .L143
 813               	.L123:
 814 0542 82B1      		in r24,34-32
 815 0544 6095      		com r22
 816 0546 8623      		and r24,r22
 817               	.L143:
 818 0548 82B9      		out 34-32,r24
 819 054a 00C0      		rjmp .L100
 820               	.L106:
 821 054c 22FF      		sbrs r18,2
 822 054e 00C0      		rjmp .L124
 823 0550 8091 6200 		lds r24,98
 824 0554 862B      		or r24,r22
 825 0556 00C0      		rjmp .L136
 826               	.L124:
 827 0558 9091 6200 		lds r25,98
 828 055c 862F      		mov r24,r22
 829 055e 8095      		com r24
 830 0560 8923      		and r24,r25
 831               	.L136:
 832 0562 8093 6200 		sts 98,r24
 833 0566 21FF      		sbrs r18,1
 834 0568 00C0      		rjmp .L126
 835 056a 8091 6100 		lds r24,97
 836 056e 862B      		or r24,r22
 837 0570 00C0      		rjmp .L144
 838               	.L126:
 839 0572 8091 6100 		lds r24,97
 840 0576 6095      		com r22
 841 0578 8623      		and r24,r22
 842               	.L144:
 843 057a 8093 6100 		sts 97,r24
 844 057e 00C0      		rjmp .L100
 845               	.L146:
 846 0580 22FF      		sbrs r18,2
 847 0582 00C0      		rjmp .L127
 848 0584 8091 6500 		lds r24,101
 849 0588 862B      		or r24,r22
 850 058a 00C0      		rjmp .L137
 851               	.L127:
 852 058c 9091 6500 		lds r25,101
 853 0590 862F      		mov r24,r22
 854 0592 8095      		com r24
 855 0594 8923      		and r24,r25
GAS LISTING C:\Temp/cc1iGvoW.s 			page 16


 856               	.L137:
 857 0596 8093 6500 		sts 101,r24
 858 059a 21FF      		sbrs r18,1
 859 059c 00C0      		rjmp .L129
 860 059e 8091 6400 		lds r24,100
 861 05a2 862B      		or r24,r22
 862 05a4 00C0      		rjmp .L139
 863               	.L129:
 864 05a6 8091 6400 		lds r24,100
 865 05aa 6095      		com r22
 866 05ac 8623      		and r24,r22
 867               	.L139:
 868 05ae 8093 6400 		sts 100,r24
 869               	.L100:
 870 05b2 80E0      		ldi r24,lo8(0)
 871 05b4 90E0      		ldi r25,hi8(0)
 872               	/* epilogue start */
 873 05b6 0895      		ret
 874               		.size	GpioPortConfigSet, .-GpioPortConfigSet
 875               	.global	GpioPinConfigSet
 876               		.type	GpioPinConfigSet, @function
 877               	GpioPinConfigSet:
 878 05b8 CF92      		push r12
 879 05ba DF92      		push r13
 880 05bc EF92      		push r14
 881 05be FF92      		push r15
 882 05c0 0F93      		push r16
 883 05c2 1F93      		push r17
 884 05c4 CF93      		push r28
 885 05c6 DF93      		push r29
 886               	/* prologue: function */
 887               	/* frame size = 0 */
 888 05c8 EC01      		movw r28,r24
 889 05ca D62E      		mov r13,r22
 890 05cc C72E      		mov r12,r23
 891 05ce 7901      		movw r14,r18
 892 05d0 8A01      		movw r16,r20
 893 05d2 8330      		cpi r24,3
 894 05d4 9105      		cpc r25,__zero_reg__
 895 05d6 01F4      		brne .+2
 896 05d8 00C0      		rjmp .L151
 897 05da 8430      		cpi r24,4
 898 05dc 9105      		cpc r25,__zero_reg__
 899 05de 04F4      		brge .L155
 900 05e0 8130      		cpi r24,1
 901 05e2 9105      		cpc r25,__zero_reg__
 902 05e4 01F0      		breq .L149
 903 05e6 8230      		cpi r24,2
 904 05e8 9105      		cpc r25,__zero_reg__
 905 05ea 01F0      		breq .+2
 906 05ec 00C0      		rjmp .L148
 907 05ee 00C0      		rjmp .L179
 908               	.L155:
 909 05f0 8530      		cpi r24,5
 910 05f2 9105      		cpc r25,__zero_reg__
 911 05f4 01F4      		brne .+2
 912 05f6 00C0      		rjmp .L153
GAS LISTING C:\Temp/cc1iGvoW.s 			page 17


 913 05f8 8530      		cpi r24,5
 914 05fa 9105      		cpc r25,__zero_reg__
 915 05fc 04F4      		brge .+2
 916 05fe 00C0      		rjmp .L152
 917 0600 8630      		cpi r24,6
 918 0602 9105      		cpc r25,__zero_reg__
 919 0604 01F0      		breq .+2
 920 0606 00C0      		rjmp .L148
 921 0608 00C0      		rjmp .L180
 922               	.L149:
 923 060a 9C01      		movw r18,r24
 924 060c 062E      		mov r0,r22
 925 060e 00C0      		rjmp 2f
 926 0610 220F      	1:	lsl r18
 927 0612 331F      		rol r19
 928 0614 0A94      	2:	dec r0
 929 0616 02F4      		brpl 1b
 930 0618 E2FE      		sbrs r14,2
 931 061a 00C0      		rjmp .L156
 932 061c 8BB3      		in r24,59-32
 933 061e 822B      		or r24,r18
 934 0620 00C0      		rjmp .L178
 935               	.L156:
 936 0622 9BB3      		in r25,59-32
 937 0624 822F      		mov r24,r18
 938 0626 8095      		com r24
 939 0628 8923      		and r24,r25
 940               	.L178:
 941 062a 8BBB      		out 59-32,r24
 942 062c E1FE      		sbrs r14,1
 943 062e 00C0      		rjmp .L158
 944 0630 2AB3      		in r18,58-32
 945 0632 81E0      		ldi r24,lo8(1)
 946 0634 90E0      		ldi r25,hi8(1)
 947 0636 0D2C      		mov r0,r13
 948 0638 00C0      		rjmp 2f
 949 063a 880F      	1:	lsl r24
 950 063c 991F      		rol r25
 951 063e 0A94      	2:	dec r0
 952 0640 02F4      		brpl 1b
 953 0642 282B      		or r18,r24
 954 0644 2ABB      		out 58-32,r18
 955 0646 00C0      		rjmp .L159
 956               	.L158:
 957 0648 2AB3      		in r18,58-32
 958 064a 81E0      		ldi r24,lo8(1)
 959 064c 90E0      		ldi r25,hi8(1)
 960 064e 0D2C      		mov r0,r13
 961 0650 00C0      		rjmp 2f
 962 0652 880F      	1:	lsl r24
 963 0654 991F      		rol r25
 964 0656 0A94      	2:	dec r0
 965 0658 02F4      		brpl 1b
 966 065a 8095      		com r24
 967 065c 8223      		and r24,r18
 968 065e 8ABB      		out 58-32,r24
 969 0660 00C0      		rjmp .L159
GAS LISTING C:\Temp/cc1iGvoW.s 			page 18


 970               	.L179:
 971 0662 22FF      		sbrs r18,2
 972 0664 00C0      		rjmp .L160
 973 0666 28B3      		in r18,56-32
 974 0668 81E0      		ldi r24,lo8(1)
 975 066a 90E0      		ldi r25,hi8(1)
 976 066c 062E      		mov r0,r22
 977 066e 00C0      		rjmp 2f
 978 0670 880F      	1:	lsl r24
 979 0672 991F      		rol r25
 980 0674 0A94      	2:	dec r0
 981 0676 02F4      		brpl 1b
 982 0678 282B      		or r18,r24
 983 067a 28BB      		out 56-32,r18
 984 067c 00C0      		rjmp .L161
 985               	.L160:
 986 067e 28B3      		in r18,56-32
 987 0680 81E0      		ldi r24,lo8(1)
 988 0682 90E0      		ldi r25,hi8(1)
 989 0684 062E      		mov r0,r22
 990 0686 00C0      		rjmp 2f
 991 0688 880F      	1:	lsl r24
 992 068a 991F      		rol r25
 993 068c 0A94      	2:	dec r0
 994 068e 02F4      		brpl 1b
 995 0690 8095      		com r24
 996 0692 8223      		and r24,r18
 997 0694 88BB      		out 56-32,r24
 998               	.L161:
 999 0696 E1FE      		sbrs r14,1
 1000 0698 00C0      		rjmp .L162
 1001 069a 27B3      		in r18,55-32
 1002 069c 81E0      		ldi r24,lo8(1)
 1003 069e 90E0      		ldi r25,hi8(1)
 1004 06a0 0D2C      		mov r0,r13
 1005 06a2 00C0      		rjmp 2f
 1006 06a4 880F      	1:	lsl r24
 1007 06a6 991F      		rol r25
 1008 06a8 0A94      	2:	dec r0
 1009 06aa 02F4      		brpl 1b
 1010 06ac 282B      		or r18,r24
 1011 06ae 27BB      		out 55-32,r18
 1012 06b0 00C0      		rjmp .L159
 1013               	.L162:
 1014 06b2 27B3      		in r18,55-32
 1015 06b4 81E0      		ldi r24,lo8(1)
 1016 06b6 90E0      		ldi r25,hi8(1)
 1017 06b8 0D2C      		mov r0,r13
 1018 06ba 00C0      		rjmp 2f
 1019 06bc 880F      	1:	lsl r24
 1020 06be 991F      		rol r25
 1021 06c0 0A94      	2:	dec r0
 1022 06c2 02F4      		brpl 1b
 1023 06c4 8095      		com r24
 1024 06c6 8223      		and r24,r18
 1025 06c8 87BB      		out 55-32,r24
 1026 06ca 00C0      		rjmp .L159
GAS LISTING C:\Temp/cc1iGvoW.s 			page 19


 1027               	.L151:
 1028 06cc 22FF      		sbrs r18,2
 1029 06ce 00C0      		rjmp .L163
 1030 06d0 25B3      		in r18,53-32
 1031 06d2 81E0      		ldi r24,lo8(1)
 1032 06d4 90E0      		ldi r25,hi8(1)
 1033 06d6 062E      		mov r0,r22
 1034 06d8 00C0      		rjmp 2f
 1035 06da 880F      	1:	lsl r24
 1036 06dc 991F      		rol r25
 1037 06de 0A94      	2:	dec r0
 1038 06e0 02F4      		brpl 1b
 1039 06e2 282B      		or r18,r24
 1040 06e4 25BB      		out 53-32,r18
 1041 06e6 00C0      		rjmp .L164
 1042               	.L163:
 1043 06e8 25B3      		in r18,53-32
 1044 06ea 81E0      		ldi r24,lo8(1)
 1045 06ec 90E0      		ldi r25,hi8(1)
 1046 06ee 062E      		mov r0,r22
 1047 06f0 00C0      		rjmp 2f
 1048 06f2 880F      	1:	lsl r24
 1049 06f4 991F      		rol r25
 1050 06f6 0A94      	2:	dec r0
 1051 06f8 02F4      		brpl 1b
 1052 06fa 8095      		com r24
 1053 06fc 8223      		and r24,r18
 1054 06fe 85BB      		out 53-32,r24
 1055               	.L164:
 1056 0700 E1FE      		sbrs r14,1
 1057 0702 00C0      		rjmp .L165
 1058 0704 24B3      		in r18,52-32
 1059 0706 81E0      		ldi r24,lo8(1)
 1060 0708 90E0      		ldi r25,hi8(1)
 1061 070a 0D2C      		mov r0,r13
 1062 070c 00C0      		rjmp 2f
 1063 070e 880F      	1:	lsl r24
 1064 0710 991F      		rol r25
 1065 0712 0A94      	2:	dec r0
 1066 0714 02F4      		brpl 1b
 1067 0716 282B      		or r18,r24
 1068 0718 24BB      		out 52-32,r18
 1069 071a 00C0      		rjmp .L159
 1070               	.L165:
 1071 071c 24B3      		in r18,52-32
 1072 071e 81E0      		ldi r24,lo8(1)
 1073 0720 90E0      		ldi r25,hi8(1)
 1074 0722 0D2C      		mov r0,r13
 1075 0724 00C0      		rjmp 2f
 1076 0726 880F      	1:	lsl r24
 1077 0728 991F      		rol r25
 1078 072a 0A94      	2:	dec r0
 1079 072c 02F4      		brpl 1b
 1080 072e 8095      		com r24
 1081 0730 8223      		and r24,r18
 1082 0732 84BB      		out 52-32,r24
 1083 0734 00C0      		rjmp .L159
GAS LISTING C:\Temp/cc1iGvoW.s 			page 20


 1084               	.L152:
 1085 0736 22FF      		sbrs r18,2
 1086 0738 00C0      		rjmp .L166
 1087 073a 22B3      		in r18,50-32
 1088 073c 81E0      		ldi r24,lo8(1)
 1089 073e 90E0      		ldi r25,hi8(1)
 1090 0740 062E      		mov r0,r22
 1091 0742 00C0      		rjmp 2f
 1092 0744 880F      	1:	lsl r24
 1093 0746 991F      		rol r25
 1094 0748 0A94      	2:	dec r0
 1095 074a 02F4      		brpl 1b
 1096 074c 282B      		or r18,r24
 1097 074e 22BB      		out 50-32,r18
 1098 0750 00C0      		rjmp .L167
 1099               	.L166:
 1100 0752 22B3      		in r18,50-32
 1101 0754 81E0      		ldi r24,lo8(1)
 1102 0756 90E0      		ldi r25,hi8(1)
 1103 0758 062E      		mov r0,r22
 1104 075a 00C0      		rjmp 2f
 1105 075c 880F      	1:	lsl r24
 1106 075e 991F      		rol r25
 1107 0760 0A94      	2:	dec r0
 1108 0762 02F4      		brpl 1b
 1109 0764 8095      		com r24
 1110 0766 8223      		and r24,r18
 1111 0768 82BB      		out 50-32,r24
 1112               	.L167:
 1113 076a E1FE      		sbrs r14,1
 1114 076c 00C0      		rjmp .L168
 1115 076e 21B3      		in r18,49-32
 1116 0770 81E0      		ldi r24,lo8(1)
 1117 0772 90E0      		ldi r25,hi8(1)
 1118 0774 0D2C      		mov r0,r13
 1119 0776 00C0      		rjmp 2f
 1120 0778 880F      	1:	lsl r24
 1121 077a 991F      		rol r25
 1122 077c 0A94      	2:	dec r0
 1123 077e 02F4      		brpl 1b
 1124 0780 282B      		or r18,r24
 1125 0782 21BB      		out 49-32,r18
 1126 0784 00C0      		rjmp .L159
 1127               	.L168:
 1128 0786 21B3      		in r18,49-32
 1129 0788 81E0      		ldi r24,lo8(1)
 1130 078a 90E0      		ldi r25,hi8(1)
 1131 078c 0D2C      		mov r0,r13
 1132 078e 00C0      		rjmp 2f
 1133 0790 880F      	1:	lsl r24
 1134 0792 991F      		rol r25
 1135 0794 0A94      	2:	dec r0
 1136 0796 02F4      		brpl 1b
 1137 0798 8095      		com r24
 1138 079a 8223      		and r24,r18
 1139 079c 81BB      		out 49-32,r24
 1140 079e 00C0      		rjmp .L159
GAS LISTING C:\Temp/cc1iGvoW.s 			page 21


 1141               	.L153:
 1142 07a0 22FF      		sbrs r18,2
 1143 07a2 00C0      		rjmp .L169
 1144 07a4 23B1      		in r18,35-32
 1145 07a6 81E0      		ldi r24,lo8(1)
 1146 07a8 90E0      		ldi r25,hi8(1)
 1147 07aa 062E      		mov r0,r22
 1148 07ac 00C0      		rjmp 2f
 1149 07ae 880F      	1:	lsl r24
 1150 07b0 991F      		rol r25
 1151 07b2 0A94      	2:	dec r0
 1152 07b4 02F4      		brpl 1b
 1153 07b6 282B      		or r18,r24
 1154 07b8 23B9      		out 35-32,r18
 1155 07ba 00C0      		rjmp .L170
 1156               	.L169:
 1157 07bc 23B1      		in r18,35-32
 1158 07be 81E0      		ldi r24,lo8(1)
 1159 07c0 90E0      		ldi r25,hi8(1)
 1160 07c2 062E      		mov r0,r22
 1161 07c4 00C0      		rjmp 2f
 1162 07c6 880F      	1:	lsl r24
 1163 07c8 991F      		rol r25
 1164 07ca 0A94      	2:	dec r0
 1165 07cc 02F4      		brpl 1b
 1166 07ce 8095      		com r24
 1167 07d0 8223      		and r24,r18
 1168 07d2 83B9      		out 35-32,r24
 1169               	.L170:
 1170 07d4 E1FE      		sbrs r14,1
 1171 07d6 00C0      		rjmp .L171
 1172 07d8 22B1      		in r18,34-32
 1173 07da 81E0      		ldi r24,lo8(1)
 1174 07dc 90E0      		ldi r25,hi8(1)
 1175 07de 0D2C      		mov r0,r13
 1176 07e0 00C0      		rjmp 2f
 1177 07e2 880F      	1:	lsl r24
 1178 07e4 991F      		rol r25
 1179 07e6 0A94      	2:	dec r0
 1180 07e8 02F4      		brpl 1b
 1181 07ea 282B      		or r18,r24
 1182 07ec 22B9      		out 34-32,r18
 1183 07ee 00C0      		rjmp .L159
 1184               	.L171:
 1185 07f0 22B1      		in r18,34-32
 1186 07f2 81E0      		ldi r24,lo8(1)
 1187 07f4 90E0      		ldi r25,hi8(1)
 1188 07f6 0D2C      		mov r0,r13
 1189 07f8 00C0      		rjmp 2f
 1190 07fa 880F      	1:	lsl r24
 1191 07fc 991F      		rol r25
 1192 07fe 0A94      	2:	dec r0
 1193 0800 02F4      		brpl 1b
 1194 0802 8095      		com r24
 1195 0804 8223      		and r24,r18
 1196 0806 82B9      		out 34-32,r24
 1197 0808 00C0      		rjmp .L159
GAS LISTING C:\Temp/cc1iGvoW.s 			page 22


 1198               	.L180:
 1199 080a 22FF      		sbrs r18,2
 1200 080c 00C0      		rjmp .L172
 1201 080e 2091 6200 		lds r18,98
 1202 0812 81E0      		ldi r24,lo8(1)
 1203 0814 90E0      		ldi r25,hi8(1)
 1204 0816 062E      		mov r0,r22
 1205 0818 00C0      		rjmp 2f
 1206 081a 880F      	1:	lsl r24
 1207 081c 991F      		rol r25
 1208 081e 0A94      	2:	dec r0
 1209 0820 02F4      		brpl 1b
 1210 0822 282B      		or r18,r24
 1211 0824 2093 6200 		sts 98,r18
 1212 0828 00C0      		rjmp .L173
 1213               	.L172:
 1214 082a 2091 6200 		lds r18,98
 1215 082e 81E0      		ldi r24,lo8(1)
 1216 0830 90E0      		ldi r25,hi8(1)
 1217 0832 062E      		mov r0,r22
 1218 0834 00C0      		rjmp 2f
 1219 0836 880F      	1:	lsl r24
 1220 0838 991F      		rol r25
 1221 083a 0A94      	2:	dec r0
 1222 083c 02F4      		brpl 1b
 1223 083e 8095      		com r24
 1224 0840 8223      		and r24,r18
 1225 0842 8093 6200 		sts 98,r24
 1226               	.L173:
 1227 0846 E1FE      		sbrs r14,1
 1228 0848 00C0      		rjmp .L174
 1229 084a 2091 6100 		lds r18,97
 1230 084e 81E0      		ldi r24,lo8(1)
 1231 0850 90E0      		ldi r25,hi8(1)
 1232 0852 0D2C      		mov r0,r13
 1233 0854 00C0      		rjmp 2f
 1234 0856 880F      	1:	lsl r24
 1235 0858 991F      		rol r25
 1236 085a 0A94      	2:	dec r0
 1237 085c 02F4      		brpl 1b
 1238 085e 282B      		or r18,r24
 1239 0860 2093 6100 		sts 97,r18
 1240 0864 00C0      		rjmp .L159
 1241               	.L174:
 1242 0866 2091 6100 		lds r18,97
 1243 086a 81E0      		ldi r24,lo8(1)
 1244 086c 90E0      		ldi r25,hi8(1)
 1245 086e 0D2C      		mov r0,r13
 1246 0870 00C0      		rjmp 2f
 1247 0872 880F      	1:	lsl r24
 1248 0874 991F      		rol r25
 1249 0876 0A94      	2:	dec r0
 1250 0878 02F4      		brpl 1b
 1251 087a 8095      		com r24
 1252 087c 8223      		and r24,r18
 1253 087e 8093 6100 		sts 97,r24
 1254 0882 00C0      		rjmp .L159
GAS LISTING C:\Temp/cc1iGvoW.s 			page 23


 1255               	.L148:
 1256 0884 61E0      		ldi r22,lo8(1)
 1257 0886 70E0      		ldi r23,hi8(1)
 1258 0888 0D2C      		mov r0,r13
 1259 088a 00C0      		rjmp 2f
 1260 088c 660F      	1:	lsl r22
 1261 088e 771F      		rol r23
 1262 0890 0A94      	2:	dec r0
 1263 0892 02F4      		brpl 1b
 1264 0894 A801      		movw r20,r16
 1265 0896 9701      		movw r18,r14
 1266 0898 CE01      		movw r24,r28
 1267 089a 0E94 0000 		call GpioPortConfigSet
 1268               	.L159:
 1269 089e 6D2D      		mov r22,r13
 1270 08a0 7C2D      		mov r23,r12
 1271 08a2 CE01      		movw r24,r28
 1272 08a4 0E94 0000 		call GpioPinConfigGet
 1273 08a8 6E15      		cp r22,r14
 1274 08aa 7F05      		cpc r23,r15
 1275 08ac 8007      		cpc r24,r16
 1276 08ae 9107      		cpc r25,r17
 1277 08b0 01F4      		brne .L175
 1278 08b2 20E0      		ldi r18,lo8(0)
 1279 08b4 30E0      		ldi r19,hi8(0)
 1280 08b6 00C0      		rjmp .L176
 1281               	.L175:
 1282 08b8 2FEF      		ldi r18,lo8(-1)
 1283 08ba 3FEF      		ldi r19,hi8(-1)
 1284               	.L176:
 1285 08bc C901      		movw r24,r18
 1286               	/* epilogue start */
 1287 08be DF91      		pop r29
 1288 08c0 CF91      		pop r28
 1289 08c2 1F91      		pop r17
 1290 08c4 0F91      		pop r16
 1291 08c6 FF90      		pop r15
 1292 08c8 EF90      		pop r14
 1293 08ca DF90      		pop r13
 1294 08cc CF90      		pop r12
 1295 08ce 0895      		ret
 1296               		.size	GpioPinConfigSet, .-GpioPinConfigSet
 1297               	.global	GpioRegisterIrqHandler
 1298               		.type	GpioRegisterIrqHandler, @function
 1299               	GpioRegisterIrqHandler:
 1300               	/* prologue: function */
 1301               	/* frame size = 0 */
 1302 08d0 8FEF      		ldi r24,lo8(-1)
 1303 08d2 9FEF      		ldi r25,hi8(-1)
 1304               	/* epilogue start */
 1305 08d4 0895      		ret
 1306               		.size	GpioRegisterIrqHandler, .-GpioRegisterIrqHandler
 1307               	.global	GpioIrqEnable
 1308               		.type	GpioIrqEnable, @function
 1309               	GpioIrqEnable:
 1310               	/* prologue: function */
 1311               	/* frame size = 0 */
GAS LISTING C:\Temp/cc1iGvoW.s 			page 24


 1312 08d6 8FEF      		ldi r24,lo8(-1)
 1313 08d8 9FEF      		ldi r25,hi8(-1)
 1314               	/* epilogue start */
 1315 08da 0895      		ret
 1316               		.size	GpioIrqEnable, .-GpioIrqEnable
 1317               	.global	GpioIrqDisable
 1318               		.type	GpioIrqDisable, @function
 1319               	GpioIrqDisable:
 1320               	/* prologue: function */
 1321               	/* frame size = 0 */
 1322 08dc 8FEF      		ldi r24,lo8(-1)
 1323 08de 9FEF      		ldi r25,hi8(-1)
 1324               	/* epilogue start */
 1325 08e0 0895      		ret
 1326               		.size	GpioIrqDisable, .-GpioIrqDisable
GAS LISTING C:\Temp/cc1iGvoW.s 			page 25


DEFINED SYMBOLS
                            *ABS*:00000000 gpio_avr.c
  C:\Temp/cc1iGvoW.s:2      *ABS*:0000003f __SREG__
  C:\Temp/cc1iGvoW.s:3      *ABS*:0000003e __SP_H__
  C:\Temp/cc1iGvoW.s:4      *ABS*:0000003d __SP_L__
  C:\Temp/cc1iGvoW.s:5      *ABS*:00000034 __CCP__
  C:\Temp/cc1iGvoW.s:6      *ABS*:00000000 __tmp_reg__
  C:\Temp/cc1iGvoW.s:7      *ABS*:00000001 __zero_reg__
  C:\Temp/cc1iGvoW.s:13     .text:00000000 GpioPinGet
  C:\Temp/cc1iGvoW.s:81     .text:00000066 GpioPinSetLow
  C:\Temp/cc1iGvoW.s:210    .text:00000152 GpioPinSetHigh
  C:\Temp/cc1iGvoW.s:330    .text:0000022c GpioPinSet
  C:\Temp/cc1iGvoW.s:343    .text:0000023c GpioPortGet
  C:\Temp/cc1iGvoW.s:404    .text:00000294 GpioPortSet
  C:\Temp/cc1iGvoW.s:457    .text:000002e4 GpioPortSetLow
  C:\Temp/cc1iGvoW.s:483    .text:0000030e GpioPortSetHigh
  C:\Temp/cc1iGvoW.s:507    .text:00000334 GpioPinConfigGet
  C:\Temp/cc1iGvoW.s:662    .text:0000044a GpioPortConfigSet
  C:\Temp/cc1iGvoW.s:877    .text:000005b8 GpioPinConfigSet
  C:\Temp/cc1iGvoW.s:1299   .text:000008d0 GpioRegisterIrqHandler
  C:\Temp/cc1iGvoW.s:1309   .text:000008d6 GpioIrqEnable
  C:\Temp/cc1iGvoW.s:1319   .text:000008dc GpioIrqDisable

UNDEFINED SYMBOLS
__do_copy_data
__do_clear_bss
