GAS LISTING C:\Temp/ccXHuScs.s 			page 1


   1               		.file	"ih_int0.c"
   2               	__SREG__ = 0x3f
   3               	__SP_H__ = 0x3e
   4               	__SP_L__ = 0x3d
   5               	__CCP__  = 0x34
   6               	__tmp_reg__ = 0
   7               	__zero_reg__ = 1
   8               		.global __do_copy_data
   9               		.global __do_clear_bss
  10               		.text
  11               		.type	AvrInterrupt0Ctl, @function
  12               	AvrInterrupt0Ctl:
  13               	/* prologue: function */
  14               	/* frame size = 0 */
  15 0000 9C01      		movw r18,r24
  16 0002 FB01      		movw r30,r22
  17 0004 49B7      		in r20,89-32
  18 0006 4170      		andi r20,lo8(1)
  19 0008 89B7      		in r24,89-32
  20 000a 8E7F      		andi r24,lo8(-2)
  21 000c 89BF      		out 89-32,r24
  22 000e 2131      		cpi r18,17
  23 0010 3105      		cpc r19,__zero_reg__
  24 0012 01F0      		breq .L26
  25 0014 2231      		cpi r18,18
  26 0016 3105      		cpc r19,__zero_reg__
  27 0018 04F4      		brge .L11
  28 001a 2130      		cpi r18,1
  29 001c 3105      		cpc r19,__zero_reg__
  30 001e 01F0      		breq .L4
  31 0020 2031      		cpi r18,16
  32 0022 3105      		cpc r19,__zero_reg__
  33 0024 01F0      		breq .L5
  34 0026 232B      		or r18,r19
  35 0028 01F0      		breq .L3
  36 002a 00C0      		rjmp .L2
  37               	.L11:
  38 002c 2831      		cpi r18,24
  39 002e 3105      		cpc r19,__zero_reg__
  40 0030 01F0      		breq .L8
  41 0032 2931      		cpi r18,25
  42 0034 3105      		cpc r19,__zero_reg__
  43 0036 04F4      		brge .L12
  44 0038 2231      		cpi r18,18
  45 003a 3105      		cpc r19,__zero_reg__
  46 003c 01F0      		breq .+2
  47 003e 00C0      		rjmp .L2
  48 0040 00C0      		rjmp .L7
  49               	.L12:
  50 0042 2931      		cpi r18,25
  51 0044 3105      		cpc r19,__zero_reg__
  52 0046 01F0      		breq .L9
  53 0048 2032      		cpi r18,32
  54 004a 3105      		cpc r19,__zero_reg__
  55 004c 01F0      		breq .+2
  56 004e 00C0      		rjmp .L2
  57 0050 00C0      		rjmp .L29
GAS LISTING C:\Temp/ccXHuScs.s 			page 2


  58               	.L3:
  59 0052 8091 6A00 		lds r24,106
  60 0056 8E7F      		andi r24,lo8(-2)
  61 0058 8093 6A00 		sts 106,r24
  62 005c 8091 6A00 		lds r24,106
  63 0060 8D7F      		andi r24,lo8(-3)
  64 0062 8093 6A00 		sts 106,r24
  65               	.L4:
  66 0066 81E0      		ldi r24,lo8(1)
  67 0068 88BF      		out 88-32,r24
  68 006a 00C0      		rjmp .L25
  69               	.L5:
  70 006c 08B6      		in __tmp_reg__,88-32
  71 006e 00FE      		sbrs __tmp_reg__,0
  72 0070 00C0      		rjmp .L15
  73 0072 81E0      		ldi r24,lo8(1)
  74 0074 90E0      		ldi r25,hi8(1)
  75 0076 9183      		std Z+1,r25
  76 0078 8083      		st Z,r24
  77 007a 00C0      		rjmp .L16
  78               	.L15:
  79 007c 1182      		std Z+1,__zero_reg__
  80 007e 1082      		st Z,__zero_reg__
  81               	.L16:
  82 0080 4423      		tst r20
  83 0082 01F4      		brne .+2
  84 0084 00C0      		rjmp .L7
  85 0086 8081      		ld r24,Z
  86 0088 9181      		ldd r25,Z+1
  87 008a 8068      		ori r24,lo8(128)
  88 008c 9183      		std Z+1,r25
  89 008e 8083      		st Z,r24
  90               	.L26:
  91 0090 20E0      		ldi r18,lo8(0)
  92 0092 30E0      		ldi r19,hi8(0)
  93 0094 00C0      		rjmp .L13
  94               	.L8:
  95 0096 8091 6A00 		lds r24,106
  96 009a 8370      		andi r24,lo8(3)
  97 009c 01F4      		brne .L17
  98 009e 81E0      		ldi r24,lo8(1)
  99 00a0 90E0      		ldi r25,hi8(1)
 100 00a2 00C0      		rjmp .L24
 101               	.L17:
 102 00a4 8330      		cpi r24,lo8(3)
 103 00a6 01F4      		brne .L18
 104 00a8 86E0      		ldi r24,lo8(6)
 105 00aa 90E0      		ldi r25,hi8(6)
 106               	.L24:
 107 00ac 9183      		std Z+1,r25
 108 00ae 8083      		st Z,r24
 109               	.L25:
 110 00b0 20E0      		ldi r18,lo8(0)
 111 00b2 30E0      		ldi r19,hi8(0)
 112 00b4 00C0      		rjmp .L14
 113               	.L18:
 114 00b6 85E0      		ldi r24,lo8(5)
GAS LISTING C:\Temp/ccXHuScs.s 			page 3


 115 00b8 90E0      		ldi r25,hi8(5)
 116 00ba 00C0      		rjmp .L24
 117               	.L9:
 118 00bc 6081      		ld r22,Z
 119 00be 7181      		ldd r23,Z+1
 120 00c0 6130      		cpi r22,1
 121 00c2 7105      		cpc r23,__zero_reg__
 122 00c4 01F4      		brne .L19
 123 00c6 8091 6A00 		lds r24,106
 124 00ca 8E7F      		andi r24,lo8(-2)
 125 00cc 8093 6A00 		sts 106,r24
 126 00d0 8091 6A00 		lds r24,106
 127 00d4 8D7F      		andi r24,lo8(-3)
 128 00d6 00C0      		rjmp .L27
 129               	.L19:
 130 00d8 6530      		cpi r22,5
 131 00da 7105      		cpc r23,__zero_reg__
 132 00dc 01F4      		brne .L20
 133 00de 8091 6A00 		lds r24,106
 134 00e2 8E7F      		andi r24,lo8(-2)
 135 00e4 00C0      		rjmp .L28
 136               	.L20:
 137 00e6 6630      		cpi r22,6
 138 00e8 7105      		cpc r23,__zero_reg__
 139 00ea 01F4      		brne .L2
 140 00ec 8091 6A00 		lds r24,106
 141 00f0 8160      		ori r24,lo8(1)
 142               	.L28:
 143 00f2 8093 6A00 		sts 106,r24
 144 00f6 8091 6A00 		lds r24,106
 145 00fa 8260      		ori r24,lo8(2)
 146               	.L27:
 147 00fc 8093 6A00 		sts 106,r24
 148 0100 00C0      		rjmp .L25
 149               	.L29:
 150 0102 1182      		std Z+1,__zero_reg__
 151 0104 1082      		st Z,__zero_reg__
 152 0106 00C0      		rjmp .L25
 153               	.L2:
 154 0108 2FEF      		ldi r18,lo8(-1)
 155 010a 3FEF      		ldi r19,hi8(-1)
 156               	.L14:
 157 010c 4423      		tst r20
 158 010e 01F0      		breq .L21
 159               	.L13:
 160 0110 89B7      		in r24,89-32
 161 0112 8160      		ori r24,lo8(1)
 162 0114 89BF      		out 89-32,r24
 163 0116 00C0      		rjmp .L21
 164               	.L7:
 165 0118 20E0      		ldi r18,lo8(0)
 166 011a 30E0      		ldi r19,hi8(0)
 167               	.L21:
 168 011c C901      		movw r24,r18
 169               	/* epilogue start */
 170 011e 0895      		ret
 171               		.size	AvrInterrupt0Ctl, .-AvrInterrupt0Ctl
GAS LISTING C:\Temp/ccXHuScs.s 			page 4


 172               	.global	__vector_1
 173               		.type	__vector_1, @function
 174               	__vector_1:
 175 0120 1F92      		push __zero_reg__
 176 0122 0F92      		push r0
 177 0124 0FB6      		in r0,__SREG__
 178 0126 0F92      		push r0
 179 0128 0BB6      		in r0,91-32
 180 012a 0F92      		push r0
 181 012c 1124      		clr __zero_reg__
 182 012e 2F93      		push r18
 183 0130 3F93      		push r19
 184 0132 4F93      		push r20
 185 0134 5F93      		push r21
 186 0136 6F93      		push r22
 187 0138 7F93      		push r23
 188 013a 8F93      		push r24
 189 013c 9F93      		push r25
 190 013e AF93      		push r26
 191 0140 BF93      		push r27
 192 0142 EF93      		push r30
 193 0144 FF93      		push r31
 194               	/* prologue: Signal */
 195               	/* frame size = 0 */
 196 0146 80E0      		ldi r24,lo8(sig_INTERRUPT0)
 197 0148 90E0      		ldi r25,hi8(sig_INTERRUPT0)
 198 014a 0E94 0000 		call CallHandler
 199               	/* epilogue start */
 200 014e FF91      		pop r31
 201 0150 EF91      		pop r30
 202 0152 BF91      		pop r27
 203 0154 AF91      		pop r26
 204 0156 9F91      		pop r25
 205 0158 8F91      		pop r24
 206 015a 7F91      		pop r23
 207 015c 6F91      		pop r22
 208 015e 5F91      		pop r21
 209 0160 4F91      		pop r20
 210 0162 3F91      		pop r19
 211 0164 2F91      		pop r18
 212 0166 0F90      		pop r0
 213 0168 0BBE      		out 91-32,r0
 214 016a 0F90      		pop r0
 215 016c 0FBE      		out __SREG__,r0
 216 016e 0F90      		pop r0
 217 0170 1F90      		pop __zero_reg__
 218 0172 1895      		reti
 219               		.size	__vector_1, .-__vector_1
 220               	.global	sig_INTERRUPT0
 221               		.data
 222               		.type	sig_INTERRUPT0, @object
 223               		.size	sig_INTERRUPT0, 6
 224               	sig_INTERRUPT0:
 225 0000 0000      		.word	0
 226 0002 0000      		.word	0
 227 0004 0000      		.word	gs(AvrInterrupt0Ctl)
GAS LISTING C:\Temp/ccXHuScs.s 			page 5


DEFINED SYMBOLS
                            *ABS*:00000000 ih_int0.c
  C:\Temp/ccXHuScs.s:2      *ABS*:0000003f __SREG__
  C:\Temp/ccXHuScs.s:3      *ABS*:0000003e __SP_H__
  C:\Temp/ccXHuScs.s:4      *ABS*:0000003d __SP_L__
  C:\Temp/ccXHuScs.s:5      *ABS*:00000034 __CCP__
  C:\Temp/ccXHuScs.s:6      *ABS*:00000000 __tmp_reg__
  C:\Temp/ccXHuScs.s:7      *ABS*:00000001 __zero_reg__
  C:\Temp/ccXHuScs.s:12     .text:00000000 AvrInterrupt0Ctl
  C:\Temp/ccXHuScs.s:174    .text:00000120 __vector_1
  C:\Temp/ccXHuScs.s:224    .data:00000000 sig_INTERRUPT0

UNDEFINED SYMBOLS
__do_copy_data
__do_clear_bss
CallHandler
