GAS LISTING C:\Temp/cc9nwSHJ.s 			page 1


   1               		.file	"ih_int3.c"
   2               	__SREG__ = 0x3f
   3               	__SP_H__ = 0x3e
   4               	__SP_L__ = 0x3d
   5               	__CCP__  = 0x34
   6               	__tmp_reg__ = 0
   7               	__zero_reg__ = 1
   8               		.global __do_copy_data
   9               		.global __do_clear_bss
  10               		.text
  11               		.type	AvrInterrupt3Ctl, @function
  12               	AvrInterrupt3Ctl:
  13               	/* prologue: function */
  14               	/* frame size = 0 */
  15 0000 9C01      		movw r18,r24
  16 0002 FB01      		movw r30,r22
  17 0004 49B7      		in r20,89-32
  18 0006 4870      		andi r20,lo8(8)
  19 0008 89B7      		in r24,89-32
  20 000a 877F      		andi r24,lo8(-9)
  21 000c 89BF      		out 89-32,r24
  22 000e 2131      		cpi r18,17
  23 0010 3105      		cpc r19,__zero_reg__
  24 0012 01F0      		breq .L24
  25 0014 2231      		cpi r18,18
  26 0016 3105      		cpc r19,__zero_reg__
  27 0018 04F4      		brge .L11
  28 001a 2130      		cpi r18,1
  29 001c 3105      		cpc r19,__zero_reg__
  30 001e 01F0      		breq .L4
  31 0020 2031      		cpi r18,16
  32 0022 3105      		cpc r19,__zero_reg__
  33 0024 01F0      		breq .L5
  34 0026 232B      		or r18,r19
  35 0028 01F0      		breq .L3
  36 002a 00C0      		rjmp .L2
  37               	.L11:
  38 002c 2831      		cpi r18,24
  39 002e 3105      		cpc r19,__zero_reg__
  40 0030 01F0      		breq .L8
  41 0032 2931      		cpi r18,25
  42 0034 3105      		cpc r19,__zero_reg__
  43 0036 04F4      		brge .L12
  44 0038 2231      		cpi r18,18
  45 003a 3105      		cpc r19,__zero_reg__
  46 003c 01F0      		breq .+2
  47 003e 00C0      		rjmp .L2
  48 0040 00C0      		rjmp .L7
  49               	.L12:
  50 0042 2931      		cpi r18,25
  51 0044 3105      		cpc r19,__zero_reg__
  52 0046 01F0      		breq .L9
  53 0048 2032      		cpi r18,32
  54 004a 3105      		cpc r19,__zero_reg__
  55 004c 01F0      		breq .+2
  56 004e 00C0      		rjmp .L2
  57 0050 00C0      		rjmp .L28
GAS LISTING C:\Temp/cc9nwSHJ.s 			page 2


  58               	.L3:
  59 0052 8091 6A00 		lds r24,106
  60 0056 8F7B      		andi r24,lo8(-65)
  61 0058 8093 6A00 		sts 106,r24
  62 005c 8091 6A00 		lds r24,106
  63 0060 8F77      		andi r24,lo8(127)
  64 0062 8093 6A00 		sts 106,r24
  65               	.L4:
  66 0066 88E0      		ldi r24,lo8(8)
  67 0068 88BF      		out 88-32,r24
  68 006a 00C0      		rjmp .L23
  69               	.L5:
  70 006c 08B6      		in __tmp_reg__,88-32
  71 006e 03FE      		sbrs __tmp_reg__,3
  72 0070 00C0      		rjmp .L15
  73 0072 81E0      		ldi r24,lo8(1)
  74 0074 90E0      		ldi r25,hi8(1)
  75 0076 9183      		std Z+1,r25
  76 0078 8083      		st Z,r24
  77 007a 00C0      		rjmp .L16
  78               	.L15:
  79 007c 1182      		std Z+1,__zero_reg__
  80 007e 1082      		st Z,__zero_reg__
  81               	.L16:
  82 0080 4423      		tst r20
  83 0082 01F4      		brne .+2
  84 0084 00C0      		rjmp .L7
  85 0086 8081      		ld r24,Z
  86 0088 9181      		ldd r25,Z+1
  87 008a 8068      		ori r24,lo8(128)
  88 008c 9183      		std Z+1,r25
  89 008e 8083      		st Z,r24
  90               	.L24:
  91 0090 20E0      		ldi r18,lo8(0)
  92 0092 30E0      		ldi r19,hi8(0)
  93 0094 00C0      		rjmp .L13
  94               	.L8:
  95 0096 8091 6A00 		lds r24,106
  96 009a 807C      		andi r24,lo8(-64)
  97 009c 8038      		cpi r24,lo8(-128)
  98 009e 01F4      		brne .L17
  99 00a0 85E0      		ldi r24,lo8(5)
 100 00a2 90E0      		ldi r25,hi8(5)
 101               	.L26:
 102 00a4 9183      		std Z+1,r25
 103 00a6 8083      		st Z,r24
 104               	.L23:
 105 00a8 20E0      		ldi r18,lo8(0)
 106 00aa 30E0      		ldi r19,hi8(0)
 107 00ac 00C0      		rjmp .L14
 108               	.L17:
 109 00ae 81E0      		ldi r24,lo8(1)
 110 00b0 90E0      		ldi r25,hi8(1)
 111 00b2 00C0      		rjmp .L26
 112               	.L9:
 113 00b4 6081      		ld r22,Z
 114 00b6 7181      		ldd r23,Z+1
GAS LISTING C:\Temp/cc9nwSHJ.s 			page 3


 115 00b8 6130      		cpi r22,1
 116 00ba 7105      		cpc r23,__zero_reg__
 117 00bc 01F4      		brne .L18
 118 00be 8091 6A00 		lds r24,106
 119 00c2 8F7B      		andi r24,lo8(-65)
 120 00c4 8093 6A00 		sts 106,r24
 121 00c8 8091 6A00 		lds r24,106
 122 00cc 8F77      		andi r24,lo8(127)
 123 00ce 00C0      		rjmp .L25
 124               	.L18:
 125 00d0 6530      		cpi r22,5
 126 00d2 7105      		cpc r23,__zero_reg__
 127 00d4 01F4      		brne .L19
 128 00d6 8091 6A00 		lds r24,106
 129 00da 8F7B      		andi r24,lo8(-65)
 130 00dc 00C0      		rjmp .L27
 131               	.L19:
 132 00de 6630      		cpi r22,6
 133 00e0 7105      		cpc r23,__zero_reg__
 134 00e2 01F4      		brne .L2
 135 00e4 8091 6A00 		lds r24,106
 136 00e8 8064      		ori r24,lo8(64)
 137               	.L27:
 138 00ea 8093 6A00 		sts 106,r24
 139 00ee 8091 6A00 		lds r24,106
 140 00f2 8068      		ori r24,lo8(-128)
 141               	.L25:
 142 00f4 8093 6A00 		sts 106,r24
 143 00f8 00C0      		rjmp .L23
 144               	.L28:
 145 00fa 83E0      		ldi r24,lo8(3)
 146 00fc 90E0      		ldi r25,hi8(3)
 147 00fe 00C0      		rjmp .L26
 148               	.L2:
 149 0100 2FEF      		ldi r18,lo8(-1)
 150 0102 3FEF      		ldi r19,hi8(-1)
 151               	.L14:
 152 0104 4423      		tst r20
 153 0106 01F0      		breq .L20
 154               	.L13:
 155 0108 89B7      		in r24,89-32
 156 010a 8860      		ori r24,lo8(8)
 157 010c 89BF      		out 89-32,r24
 158 010e 00C0      		rjmp .L20
 159               	.L7:
 160 0110 20E0      		ldi r18,lo8(0)
 161 0112 30E0      		ldi r19,hi8(0)
 162               	.L20:
 163 0114 C901      		movw r24,r18
 164               	/* epilogue start */
 165 0116 0895      		ret
 166               		.size	AvrInterrupt3Ctl, .-AvrInterrupt3Ctl
 167               	.global	__vector_4
 168               		.type	__vector_4, @function
 169               	__vector_4:
 170 0118 1F92      		push __zero_reg__
 171 011a 0F92      		push r0
GAS LISTING C:\Temp/cc9nwSHJ.s 			page 4


 172 011c 0FB6      		in r0,__SREG__
 173 011e 0F92      		push r0
 174 0120 0BB6      		in r0,91-32
 175 0122 0F92      		push r0
 176 0124 1124      		clr __zero_reg__
 177 0126 2F93      		push r18
 178 0128 3F93      		push r19
 179 012a 4F93      		push r20
 180 012c 5F93      		push r21
 181 012e 6F93      		push r22
 182 0130 7F93      		push r23
 183 0132 8F93      		push r24
 184 0134 9F93      		push r25
 185 0136 AF93      		push r26
 186 0138 BF93      		push r27
 187 013a EF93      		push r30
 188 013c FF93      		push r31
 189               	/* prologue: Signal */
 190               	/* frame size = 0 */
 191 013e 80E0      		ldi r24,lo8(sig_INTERRUPT3)
 192 0140 90E0      		ldi r25,hi8(sig_INTERRUPT3)
 193 0142 0E94 0000 		call CallHandler
 194               	/* epilogue start */
 195 0146 FF91      		pop r31
 196 0148 EF91      		pop r30
 197 014a BF91      		pop r27
 198 014c AF91      		pop r26
 199 014e 9F91      		pop r25
 200 0150 8F91      		pop r24
 201 0152 7F91      		pop r23
 202 0154 6F91      		pop r22
 203 0156 5F91      		pop r21
 204 0158 4F91      		pop r20
 205 015a 3F91      		pop r19
 206 015c 2F91      		pop r18
 207 015e 0F90      		pop r0
 208 0160 0BBE      		out 91-32,r0
 209 0162 0F90      		pop r0
 210 0164 0FBE      		out __SREG__,r0
 211 0166 0F90      		pop r0
 212 0168 1F90      		pop __zero_reg__
 213 016a 1895      		reti
 214               		.size	__vector_4, .-__vector_4
 215               	.global	sig_INTERRUPT3
 216               		.data
 217               		.type	sig_INTERRUPT3, @object
 218               		.size	sig_INTERRUPT3, 6
 219               	sig_INTERRUPT3:
 220 0000 0000      		.word	0
 221 0002 0000      		.word	0
 222 0004 0000      		.word	gs(AvrInterrupt3Ctl)
GAS LISTING C:\Temp/cc9nwSHJ.s 			page 5


DEFINED SYMBOLS
                            *ABS*:00000000 ih_int3.c
  C:\Temp/cc9nwSHJ.s:2      *ABS*:0000003f __SREG__
  C:\Temp/cc9nwSHJ.s:3      *ABS*:0000003e __SP_H__
  C:\Temp/cc9nwSHJ.s:4      *ABS*:0000003d __SP_L__
  C:\Temp/cc9nwSHJ.s:5      *ABS*:00000034 __CCP__
  C:\Temp/cc9nwSHJ.s:6      *ABS*:00000000 __tmp_reg__
  C:\Temp/cc9nwSHJ.s:7      *ABS*:00000001 __zero_reg__
  C:\Temp/cc9nwSHJ.s:12     .text:00000000 AvrInterrupt3Ctl
  C:\Temp/cc9nwSHJ.s:169    .text:00000118 __vector_4
  C:\Temp/cc9nwSHJ.s:219    .data:00000000 sig_INTERRUPT3

UNDEFINED SYMBOLS
__do_copy_data
__do_clear_bss
CallHandler
