GAS LISTING C:\Temp/ccSCVlPh.s 			page 1


   1               		.file	"ih_spi_stc.c"
   2               	__SREG__ = 0x3f
   3               	__SP_H__ = 0x3e
   4               	__SP_L__ = 0x3d
   5               	__CCP__  = 0x34
   6               	__tmp_reg__ = 0
   7               	__zero_reg__ = 1
   8               		.global __do_copy_data
   9               		.global __do_clear_bss
  10               		.text
  11               		.type	AvrSpiIrqCtl, @function
  12               	AvrSpiIrqCtl:
  13               	/* prologue: function */
  14               	/* frame size = 0 */
  15 0000 FB01      		movw r30,r22
  16 0002 4DB1      		in r20,45-32
  17 0004 4078      		andi r20,lo8(-128)
  18 0006 6F98      		cbi 45-32,7
  19 0008 8031      		cpi r24,16
  20 000a 9105      		cpc r25,__zero_reg__
  21 000c 01F0      		breq .L5
  22 000e 8131      		cpi r24,17
  23 0010 9105      		cpc r25,__zero_reg__
  24 0012 04F4      		brge .L9
  25 0014 0097      		sbiw r24,0
  26 0016 01F0      		breq .L3
  27 0018 0197      		sbiw r24,1
  28 001a 01F4      		brne .L2
  29 001c 00C0      		rjmp .L4
  30               	.L9:
  31 001e 8231      		cpi r24,18
  32 0020 9105      		cpc r25,__zero_reg__
  33 0022 01F0      		breq .L7
  34 0024 8231      		cpi r24,18
  35 0026 9105      		cpc r25,__zero_reg__
  36 0028 04F0      		brlt .L18
  37 002a 8097      		sbiw r24,32
  38 002c 01F0      		breq .L19
  39               	.L2:
  40 002e 2FEF      		ldi r18,lo8(-1)
  41 0030 3FEF      		ldi r19,hi8(-1)
  42 0032 00C0      		rjmp .L11
  43               	.L3:
  44 0034 40E0      		ldi r20,lo8(0)
  45               	.L4:
  46 0036 779B      		sbis 46-32,7
  47 0038 00C0      		rjmp .L17
  48               	.L12:
  49 003a 8FB1      		in r24,47-32
  50 003c 00C0      		rjmp .L17
  51               	.L5:
  52 003e 779B      		sbis 46-32,7
  53 0040 00C0      		rjmp .L13
  54 0042 81E0      		ldi r24,lo8(1)
  55 0044 90E0      		ldi r25,hi8(1)
  56 0046 9183      		std Z+1,r25
  57 0048 8083      		st Z,r24
GAS LISTING C:\Temp/ccSCVlPh.s 			page 2


  58 004a 00C0      		rjmp .L14
  59               	.L13:
  60 004c 1182      		std Z+1,__zero_reg__
  61 004e 1082      		st Z,__zero_reg__
  62               	.L14:
  63 0050 4423      		tst r20
  64 0052 01F0      		breq .L7
  65 0054 8081      		ld r24,Z
  66 0056 9181      		ldd r25,Z+1
  67 0058 8068      		ori r24,lo8(128)
  68 005a 9183      		std Z+1,r25
  69 005c 8083      		st Z,r24
  70               	.L18:
  71 005e 20E0      		ldi r18,lo8(0)
  72 0060 30E0      		ldi r19,hi8(0)
  73 0062 00C0      		rjmp .L10
  74               	.L19:
  75 0064 80E1      		ldi r24,lo8(16)
  76 0066 90E0      		ldi r25,hi8(16)
  77 0068 9183      		std Z+1,r25
  78 006a 8083      		st Z,r24
  79               	.L17:
  80 006c 20E0      		ldi r18,lo8(0)
  81 006e 30E0      		ldi r19,hi8(0)
  82               	.L11:
  83 0070 4423      		tst r20
  84 0072 01F0      		breq .L15
  85               	.L10:
  86 0074 6F9A      		sbi 45-32,7
  87 0076 00C0      		rjmp .L15
  88               	.L7:
  89 0078 20E0      		ldi r18,lo8(0)
  90 007a 30E0      		ldi r19,hi8(0)
  91               	.L15:
  92 007c C901      		movw r24,r18
  93               	/* epilogue start */
  94 007e 0895      		ret
  95               		.size	AvrSpiIrqCtl, .-AvrSpiIrqCtl
  96               	.global	__vector_17
  97               		.type	__vector_17, @function
  98               	__vector_17:
  99 0080 1F92      		push __zero_reg__
 100 0082 0F92      		push r0
 101 0084 0FB6      		in r0,__SREG__
 102 0086 0F92      		push r0
 103 0088 0BB6      		in r0,91-32
 104 008a 0F92      		push r0
 105 008c 1124      		clr __zero_reg__
 106 008e 2F93      		push r18
 107 0090 3F93      		push r19
 108 0092 4F93      		push r20
 109 0094 5F93      		push r21
 110 0096 6F93      		push r22
 111 0098 7F93      		push r23
 112 009a 8F93      		push r24
 113 009c 9F93      		push r25
 114 009e AF93      		push r26
GAS LISTING C:\Temp/ccSCVlPh.s 			page 3


 115 00a0 BF93      		push r27
 116 00a2 EF93      		push r30
 117 00a4 FF93      		push r31
 118               	/* prologue: Signal */
 119               	/* frame size = 0 */
 120 00a6 80E0      		ldi r24,lo8(sig_SPI)
 121 00a8 90E0      		ldi r25,hi8(sig_SPI)
 122 00aa 0E94 0000 		call CallHandler
 123               	/* epilogue start */
 124 00ae FF91      		pop r31
 125 00b0 EF91      		pop r30
 126 00b2 BF91      		pop r27
 127 00b4 AF91      		pop r26
 128 00b6 9F91      		pop r25
 129 00b8 8F91      		pop r24
 130 00ba 7F91      		pop r23
 131 00bc 6F91      		pop r22
 132 00be 5F91      		pop r21
 133 00c0 4F91      		pop r20
 134 00c2 3F91      		pop r19
 135 00c4 2F91      		pop r18
 136 00c6 0F90      		pop r0
 137 00c8 0BBE      		out 91-32,r0
 138 00ca 0F90      		pop r0
 139 00cc 0FBE      		out __SREG__,r0
 140 00ce 0F90      		pop r0
 141 00d0 1F90      		pop __zero_reg__
 142 00d2 1895      		reti
 143               		.size	__vector_17, .-__vector_17
 144               	.global	sig_SPI
 145               		.data
 146               		.type	sig_SPI, @object
 147               		.size	sig_SPI, 6
 148               	sig_SPI:
 149 0000 0000      		.word	0
 150 0002 0000      		.word	0
 151 0004 0000      		.word	gs(AvrSpiIrqCtl)
GAS LISTING C:\Temp/ccSCVlPh.s 			page 4


DEFINED SYMBOLS
                            *ABS*:00000000 ih_spi_stc.c
  C:\Temp/ccSCVlPh.s:2      *ABS*:0000003f __SREG__
  C:\Temp/ccSCVlPh.s:3      *ABS*:0000003e __SP_H__
  C:\Temp/ccSCVlPh.s:4      *ABS*:0000003d __SP_L__
  C:\Temp/ccSCVlPh.s:5      *ABS*:00000034 __CCP__
  C:\Temp/ccSCVlPh.s:6      *ABS*:00000000 __tmp_reg__
  C:\Temp/ccSCVlPh.s:7      *ABS*:00000001 __zero_reg__
  C:\Temp/ccSCVlPh.s:12     .text:00000000 AvrSpiIrqCtl
  C:\Temp/ccSCVlPh.s:98     .text:00000080 __vector_17
  C:\Temp/ccSCVlPh.s:148    .data:00000000 sig_SPI

UNDEFINED SYMBOLS
__do_copy_data
__do_clear_bss
CallHandler
