GAS LISTING C:\Temp/ccFXx9lc.s 			page 1


   1               		.file	"ih_timer3_capt.c"
   2               	__SREG__ = 0x3f
   3               	__SP_H__ = 0x3e
   4               	__SP_L__ = 0x3d
   5               	__CCP__  = 0x34
   6               	__tmp_reg__ = 0
   7               	__zero_reg__ = 1
   8               		.global __do_copy_data
   9               		.global __do_clear_bss
  10               		.text
  11               		.type	AvrTimer3InCaptIrqCtl, @function
  12               	AvrTimer3InCaptIrqCtl:
  13               	/* prologue: function */
  14               	/* frame size = 0 */
  15 0000 9C01      		movw r18,r24
  16 0002 FB01      		movw r30,r22
  17 0004 4091 7D00 		lds r20,125
  18 0008 4072      		andi r20,lo8(32)
  19 000a 8091 7D00 		lds r24,125
  20 000e 8F7D      		andi r24,lo8(-33)
  21 0010 8093 7D00 		sts 125,r24
  22 0014 2031      		cpi r18,16
  23 0016 3105      		cpc r19,__zero_reg__
  24 0018 01F0      		breq .L4
  25 001a 2131      		cpi r18,17
  26 001c 3105      		cpc r19,__zero_reg__
  27 001e 04F4      		brge .L8
  28 0020 2230      		cpi r18,2
  29 0022 3105      		cpc r19,__zero_reg__
  30 0024 00F4      		brsh .L2
  31 0026 00C0      		rjmp .L18
  32               	.L8:
  33 0028 2231      		cpi r18,18
  34 002a 3105      		cpc r19,__zero_reg__
  35 002c 01F0      		breq .L6
  36 002e 2231      		cpi r18,18
  37 0030 3105      		cpc r19,__zero_reg__
  38 0032 04F0      		brlt .L17
  39 0034 2032      		cpi r18,32
  40 0036 3105      		cpc r19,__zero_reg__
  41 0038 01F0      		breq .L19
  42               	.L2:
  43 003a 2FEF      		ldi r18,lo8(-1)
  44 003c 3FEF      		ldi r19,hi8(-1)
  45 003e 00C0      		rjmp .L10
  46               	.L18:
  47 0040 80E2      		ldi r24,lo8(32)
  48 0042 8093 7C00 		sts 124,r24
  49 0046 00C0      		rjmp .L16
  50               	.L4:
  51 0048 8091 7C00 		lds r24,124
  52 004c 85FF      		sbrs r24,5
  53 004e 00C0      		rjmp .L11
  54 0050 81E0      		ldi r24,lo8(1)
  55 0052 90E0      		ldi r25,hi8(1)
  56 0054 9183      		std Z+1,r25
  57 0056 8083      		st Z,r24
GAS LISTING C:\Temp/ccFXx9lc.s 			page 2


  58 0058 00C0      		rjmp .L12
  59               	.L11:
  60 005a 1182      		std Z+1,__zero_reg__
  61 005c 1082      		st Z,__zero_reg__
  62               	.L12:
  63 005e 4423      		tst r20
  64 0060 01F0      		breq .L6
  65 0062 8081      		ld r24,Z
  66 0064 9181      		ldd r25,Z+1
  67 0066 8068      		ori r24,lo8(128)
  68 0068 9183      		std Z+1,r25
  69 006a 8083      		st Z,r24
  70               	.L17:
  71 006c 20E0      		ldi r18,lo8(0)
  72 006e 30E0      		ldi r19,hi8(0)
  73 0070 00C0      		rjmp .L9
  74               	.L19:
  75 0072 1182      		std Z+1,__zero_reg__
  76 0074 1082      		st Z,__zero_reg__
  77               	.L16:
  78 0076 20E0      		ldi r18,lo8(0)
  79 0078 30E0      		ldi r19,hi8(0)
  80               	.L10:
  81 007a 4423      		tst r20
  82 007c 01F0      		breq .L13
  83               	.L9:
  84 007e 8091 7D00 		lds r24,125
  85 0082 8062      		ori r24,lo8(32)
  86 0084 8093 7D00 		sts 125,r24
  87 0088 00C0      		rjmp .L13
  88               	.L6:
  89 008a 20E0      		ldi r18,lo8(0)
  90 008c 30E0      		ldi r19,hi8(0)
  91               	.L13:
  92 008e C901      		movw r24,r18
  93               	/* epilogue start */
  94 0090 0895      		ret
  95               		.size	AvrTimer3InCaptIrqCtl, .-AvrTimer3InCaptIrqCtl
  96               	.global	__vector_25
  97               		.type	__vector_25, @function
  98               	__vector_25:
  99 0092 1F92      		push __zero_reg__
 100 0094 0F92      		push r0
 101 0096 0FB6      		in r0,__SREG__
 102 0098 0F92      		push r0
 103 009a 0BB6      		in r0,91-32
 104 009c 0F92      		push r0
 105 009e 1124      		clr __zero_reg__
 106 00a0 2F93      		push r18
 107 00a2 3F93      		push r19
 108 00a4 4F93      		push r20
 109 00a6 5F93      		push r21
 110 00a8 6F93      		push r22
 111 00aa 7F93      		push r23
 112 00ac 8F93      		push r24
 113 00ae 9F93      		push r25
 114 00b0 AF93      		push r26
GAS LISTING C:\Temp/ccFXx9lc.s 			page 3


 115 00b2 BF93      		push r27
 116 00b4 EF93      		push r30
 117 00b6 FF93      		push r31
 118               	/* prologue: Signal */
 119               	/* frame size = 0 */
 120 00b8 80E0      		ldi r24,lo8(sig_INPUT_CAPTURE3)
 121 00ba 90E0      		ldi r25,hi8(sig_INPUT_CAPTURE3)
 122 00bc 0E94 0000 		call CallHandler
 123               	/* epilogue start */
 124 00c0 FF91      		pop r31
 125 00c2 EF91      		pop r30
 126 00c4 BF91      		pop r27
 127 00c6 AF91      		pop r26
 128 00c8 9F91      		pop r25
 129 00ca 8F91      		pop r24
 130 00cc 7F91      		pop r23
 131 00ce 6F91      		pop r22
 132 00d0 5F91      		pop r21
 133 00d2 4F91      		pop r20
 134 00d4 3F91      		pop r19
 135 00d6 2F91      		pop r18
 136 00d8 0F90      		pop r0
 137 00da 0BBE      		out 91-32,r0
 138 00dc 0F90      		pop r0
 139 00de 0FBE      		out __SREG__,r0
 140 00e0 0F90      		pop r0
 141 00e2 1F90      		pop __zero_reg__
 142 00e4 1895      		reti
 143               		.size	__vector_25, .-__vector_25
 144               	.global	sig_INPUT_CAPTURE3
 145               		.data
 146               		.type	sig_INPUT_CAPTURE3, @object
 147               		.size	sig_INPUT_CAPTURE3, 6
 148               	sig_INPUT_CAPTURE3:
 149 0000 0000      		.word	0
 150 0002 0000      		.word	0
 151 0004 0000      		.word	gs(AvrTimer3InCaptIrqCtl)
GAS LISTING C:\Temp/ccFXx9lc.s 			page 4


DEFINED SYMBOLS
                            *ABS*:00000000 ih_timer3_capt.c
  C:\Temp/ccFXx9lc.s:2      *ABS*:0000003f __SREG__
  C:\Temp/ccFXx9lc.s:3      *ABS*:0000003e __SP_H__
  C:\Temp/ccFXx9lc.s:4      *ABS*:0000003d __SP_L__
  C:\Temp/ccFXx9lc.s:5      *ABS*:00000034 __CCP__
  C:\Temp/ccFXx9lc.s:6      *ABS*:00000000 __tmp_reg__
  C:\Temp/ccFXx9lc.s:7      *ABS*:00000001 __zero_reg__
  C:\Temp/ccFXx9lc.s:12     .text:00000000 AvrTimer3InCaptIrqCtl
  C:\Temp/ccFXx9lc.s:98     .text:00000092 __vector_25
  C:\Temp/ccFXx9lc.s:148    .data:00000000 sig_INPUT_CAPTURE3

UNDEFINED SYMBOLS
__do_copy_data
__do_clear_bss
CallHandler
