GAS LISTING C:\Temp/ccJhfq3q.s 			page 1


   1               		.file	"ih_timer3_compc.c"
   2               	__SREG__ = 0x3f
   3               	__SP_H__ = 0x3e
   4               	__SP_L__ = 0x3d
   5               	__CCP__  = 0x34
   6               	__tmp_reg__ = 0
   7               	__zero_reg__ = 1
   8               		.global __do_copy_data
   9               		.global __do_clear_bss
  10               		.text
  11               		.type	AvrTimer3CompCIrqCtl, @function
  12               	AvrTimer3CompCIrqCtl:
  13               	/* prologue: function */
  14               	/* frame size = 0 */
  15 0000 9C01      		movw r18,r24
  16 0002 FB01      		movw r30,r22
  17 0004 4091 7D00 		lds r20,125
  18 0008 4270      		andi r20,lo8(2)
  19 000a 8091 7D00 		lds r24,125
  20 000e 8D7F      		andi r24,lo8(-3)
  21 0010 8093 7D00 		sts 125,r24
  22 0014 2031      		cpi r18,16
  23 0016 3105      		cpc r19,__zero_reg__
  24 0018 01F0      		breq .L5
  25 001a 2131      		cpi r18,17
  26 001c 3105      		cpc r19,__zero_reg__
  27 001e 04F4      		brge .L9
  28 0020 2115      		cp r18,__zero_reg__
  29 0022 3105      		cpc r19,__zero_reg__
  30 0024 01F0      		breq .L3
  31 0026 2130      		cpi r18,1
  32 0028 3105      		cpc r19,__zero_reg__
  33 002a 01F4      		brne .L2
  34 002c 00C0      		rjmp .L4
  35               	.L9:
  36 002e 2231      		cpi r18,18
  37 0030 3105      		cpc r19,__zero_reg__
  38 0032 01F0      		breq .L7
  39 0034 2231      		cpi r18,18
  40 0036 3105      		cpc r19,__zero_reg__
  41 0038 04F0      		brlt .L17
  42 003a 2032      		cpi r18,32
  43 003c 3105      		cpc r19,__zero_reg__
  44 003e 01F0      		breq .L18
  45               	.L2:
  46 0040 2FEF      		ldi r18,lo8(-1)
  47 0042 3FEF      		ldi r19,hi8(-1)
  48 0044 00C0      		rjmp .L11
  49               	.L3:
  50 0046 40E0      		ldi r20,lo8(0)
  51               	.L4:
  52 0048 82E0      		ldi r24,lo8(2)
  53 004a 8093 7C00 		sts 124,r24
  54 004e 00C0      		rjmp .L16
  55               	.L5:
  56 0050 8091 7C00 		lds r24,124
  57 0054 81FF      		sbrs r24,1
GAS LISTING C:\Temp/ccJhfq3q.s 			page 2


  58 0056 00C0      		rjmp .L12
  59 0058 81E0      		ldi r24,lo8(1)
  60 005a 90E0      		ldi r25,hi8(1)
  61 005c 9183      		std Z+1,r25
  62 005e 8083      		st Z,r24
  63 0060 00C0      		rjmp .L13
  64               	.L12:
  65 0062 1182      		std Z+1,__zero_reg__
  66 0064 1082      		st Z,__zero_reg__
  67               	.L13:
  68 0066 4423      		tst r20
  69 0068 01F0      		breq .L7
  70 006a 8081      		ld r24,Z
  71 006c 9181      		ldd r25,Z+1
  72 006e 8068      		ori r24,lo8(128)
  73 0070 9183      		std Z+1,r25
  74 0072 8083      		st Z,r24
  75               	.L17:
  76 0074 20E0      		ldi r18,lo8(0)
  77 0076 30E0      		ldi r19,hi8(0)
  78 0078 00C0      		rjmp .L10
  79               	.L18:
  80 007a 8BE0      		ldi r24,lo8(11)
  81 007c 90E0      		ldi r25,hi8(11)
  82 007e 9183      		std Z+1,r25
  83 0080 8083      		st Z,r24
  84               	.L16:
  85 0082 20E0      		ldi r18,lo8(0)
  86 0084 30E0      		ldi r19,hi8(0)
  87               	.L11:
  88 0086 4423      		tst r20
  89 0088 01F0      		breq .L14
  90               	.L10:
  91 008a 8091 7D00 		lds r24,125
  92 008e 8260      		ori r24,lo8(2)
  93 0090 8093 7D00 		sts 125,r24
  94 0094 00C0      		rjmp .L14
  95               	.L7:
  96 0096 20E0      		ldi r18,lo8(0)
  97 0098 30E0      		ldi r19,hi8(0)
  98               	.L14:
  99 009a C901      		movw r24,r18
 100               	/* epilogue start */
 101 009c 0895      		ret
 102               		.size	AvrTimer3CompCIrqCtl, .-AvrTimer3CompCIrqCtl
 103               	.global	__vector_28
 104               		.type	__vector_28, @function
 105               	__vector_28:
 106 009e 1F92      		push __zero_reg__
 107 00a0 0F92      		push r0
 108 00a2 0FB6      		in r0,__SREG__
 109 00a4 0F92      		push r0
 110 00a6 0BB6      		in r0,91-32
 111 00a8 0F92      		push r0
 112 00aa 1124      		clr __zero_reg__
 113 00ac 2F93      		push r18
 114 00ae 3F93      		push r19
GAS LISTING C:\Temp/ccJhfq3q.s 			page 3


 115 00b0 4F93      		push r20
 116 00b2 5F93      		push r21
 117 00b4 6F93      		push r22
 118 00b6 7F93      		push r23
 119 00b8 8F93      		push r24
 120 00ba 9F93      		push r25
 121 00bc AF93      		push r26
 122 00be BF93      		push r27
 123 00c0 EF93      		push r30
 124 00c2 FF93      		push r31
 125               	/* prologue: Signal */
 126               	/* frame size = 0 */
 127 00c4 80E0      		ldi r24,lo8(sig_OUTPUT_COMPARE3C)
 128 00c6 90E0      		ldi r25,hi8(sig_OUTPUT_COMPARE3C)
 129 00c8 0E94 0000 		call CallHandler
 130               	/* epilogue start */
 131 00cc FF91      		pop r31
 132 00ce EF91      		pop r30
 133 00d0 BF91      		pop r27
 134 00d2 AF91      		pop r26
 135 00d4 9F91      		pop r25
 136 00d6 8F91      		pop r24
 137 00d8 7F91      		pop r23
 138 00da 6F91      		pop r22
 139 00dc 5F91      		pop r21
 140 00de 4F91      		pop r20
 141 00e0 3F91      		pop r19
 142 00e2 2F91      		pop r18
 143 00e4 0F90      		pop r0
 144 00e6 0BBE      		out 91-32,r0
 145 00e8 0F90      		pop r0
 146 00ea 0FBE      		out __SREG__,r0
 147 00ec 0F90      		pop r0
 148 00ee 1F90      		pop __zero_reg__
 149 00f0 1895      		reti
 150               		.size	__vector_28, .-__vector_28
 151               	.global	sig_OUTPUT_COMPARE3C
 152               		.data
 153               		.type	sig_OUTPUT_COMPARE3C, @object
 154               		.size	sig_OUTPUT_COMPARE3C, 6
 155               	sig_OUTPUT_COMPARE3C:
 156 0000 0000      		.word	0
 157 0002 0000      		.word	0
 158 0004 0000      		.word	gs(AvrTimer3CompCIrqCtl)
GAS LISTING C:\Temp/ccJhfq3q.s 			page 4


DEFINED SYMBOLS
                            *ABS*:00000000 ih_timer3_compc.c
  C:\Temp/ccJhfq3q.s:2      *ABS*:0000003f __SREG__
  C:\Temp/ccJhfq3q.s:3      *ABS*:0000003e __SP_H__
  C:\Temp/ccJhfq3q.s:4      *ABS*:0000003d __SP_L__
  C:\Temp/ccJhfq3q.s:5      *ABS*:00000034 __CCP__
  C:\Temp/ccJhfq3q.s:6      *ABS*:00000000 __tmp_reg__
  C:\Temp/ccJhfq3q.s:7      *ABS*:00000001 __zero_reg__
  C:\Temp/ccJhfq3q.s:12     .text:00000000 AvrTimer3CompCIrqCtl
  C:\Temp/ccJhfq3q.s:105    .text:0000009e __vector_28
  C:\Temp/ccJhfq3q.s:155    .data:00000000 sig_OUTPUT_COMPARE3C

UNDEFINED SYMBOLS
__do_copy_data
__do_clear_bss
CallHandler
