GAS LISTING C:\Temp/ccvur1O0.s 			page 1


   1               		.file	"ih_usart1_rx.c"
   2               	__SREG__ = 0x3f
   3               	__SP_H__ = 0x3e
   4               	__SP_L__ = 0x3d
   5               	__CCP__  = 0x34
   6               	__tmp_reg__ = 0
   7               	__zero_reg__ = 1
   8               		.global __do_copy_data
   9               		.global __do_clear_bss
  10               		.text
  11               		.type	AvrUart1RxIrqCtl, @function
  12               	AvrUart1RxIrqCtl:
  13               	/* prologue: function */
  14               	/* frame size = 0 */
  15 0000 9C01      		movw r18,r24
  16 0002 FB01      		movw r30,r22
  17 0004 4091 9A00 		lds r20,154
  18 0008 4078      		andi r20,lo8(-128)
  19 000a 8091 9A00 		lds r24,154
  20 000e 8F77      		andi r24,lo8(127)
  21 0010 8093 9A00 		sts 154,r24
  22 0014 2031      		cpi r18,16
  23 0016 3105      		cpc r19,__zero_reg__
  24 0018 01F0      		breq .L5
  25 001a 2131      		cpi r18,17
  26 001c 3105      		cpc r19,__zero_reg__
  27 001e 04F4      		brge .L9
  28 0020 2115      		cp r18,__zero_reg__
  29 0022 3105      		cpc r19,__zero_reg__
  30 0024 01F0      		breq .L3
  31 0026 2130      		cpi r18,1
  32 0028 3105      		cpc r19,__zero_reg__
  33 002a 01F4      		brne .L2
  34 002c 00C0      		rjmp .L4
  35               	.L9:
  36 002e 2231      		cpi r18,18
  37 0030 3105      		cpc r19,__zero_reg__
  38 0032 01F0      		breq .L7
  39 0034 2231      		cpi r18,18
  40 0036 3105      		cpc r19,__zero_reg__
  41 0038 04F0      		brlt .L17
  42 003a 2032      		cpi r18,32
  43 003c 3105      		cpc r19,__zero_reg__
  44 003e 01F0      		breq .L18
  45               	.L2:
  46 0040 2FEF      		ldi r18,lo8(-1)
  47 0042 3FEF      		ldi r19,hi8(-1)
  48 0044 00C0      		rjmp .L11
  49               	.L3:
  50 0046 40E0      		ldi r20,lo8(0)
  51               	.L4:
  52 0048 8091 9C00 		lds r24,156
  53 004c 8091 9C00 		lds r24,156
  54 0050 00C0      		rjmp .L16
  55               	.L5:
  56 0052 8091 9B00 		lds r24,155
  57 0056 87FF      		sbrs r24,7
GAS LISTING C:\Temp/ccvur1O0.s 			page 2


  58 0058 00C0      		rjmp .L12
  59 005a 81E0      		ldi r24,lo8(1)
  60 005c 90E0      		ldi r25,hi8(1)
  61 005e 9183      		std Z+1,r25
  62 0060 8083      		st Z,r24
  63 0062 00C0      		rjmp .L13
  64               	.L12:
  65 0064 1182      		std Z+1,__zero_reg__
  66 0066 1082      		st Z,__zero_reg__
  67               	.L13:
  68 0068 4423      		tst r20
  69 006a 01F0      		breq .L7
  70 006c 8081      		ld r24,Z
  71 006e 9181      		ldd r25,Z+1
  72 0070 8068      		ori r24,lo8(128)
  73 0072 9183      		std Z+1,r25
  74 0074 8083      		st Z,r24
  75               	.L17:
  76 0076 20E0      		ldi r18,lo8(0)
  77 0078 30E0      		ldi r19,hi8(0)
  78 007a 00C0      		rjmp .L10
  79               	.L18:
  80 007c 80E1      		ldi r24,lo8(16)
  81 007e 90E0      		ldi r25,hi8(16)
  82 0080 9183      		std Z+1,r25
  83 0082 8083      		st Z,r24
  84               	.L16:
  85 0084 20E0      		ldi r18,lo8(0)
  86 0086 30E0      		ldi r19,hi8(0)
  87               	.L11:
  88 0088 4423      		tst r20
  89 008a 01F0      		breq .L14
  90               	.L10:
  91 008c 8091 9A00 		lds r24,154
  92 0090 8068      		ori r24,lo8(-128)
  93 0092 8093 9A00 		sts 154,r24
  94 0096 00C0      		rjmp .L14
  95               	.L7:
  96 0098 20E0      		ldi r18,lo8(0)
  97 009a 30E0      		ldi r19,hi8(0)
  98               	.L14:
  99 009c C901      		movw r24,r18
 100               	/* epilogue start */
 101 009e 0895      		ret
 102               		.size	AvrUart1RxIrqCtl, .-AvrUart1RxIrqCtl
 103               	.global	__vector_30
 104               		.type	__vector_30, @function
 105               	__vector_30:
 106 00a0 1F92      		push __zero_reg__
 107 00a2 0F92      		push r0
 108 00a4 0FB6      		in r0,__SREG__
 109 00a6 0F92      		push r0
 110 00a8 0BB6      		in r0,91-32
 111 00aa 0F92      		push r0
 112 00ac 1124      		clr __zero_reg__
 113 00ae 2F93      		push r18
 114 00b0 3F93      		push r19
GAS LISTING C:\Temp/ccvur1O0.s 			page 3


 115 00b2 4F93      		push r20
 116 00b4 5F93      		push r21
 117 00b6 6F93      		push r22
 118 00b8 7F93      		push r23
 119 00ba 8F93      		push r24
 120 00bc 9F93      		push r25
 121 00be AF93      		push r26
 122 00c0 BF93      		push r27
 123 00c2 EF93      		push r30
 124 00c4 FF93      		push r31
 125               	/* prologue: Signal */
 126               	/* frame size = 0 */
 127 00c6 80E0      		ldi r24,lo8(sig_UART1_RECV)
 128 00c8 90E0      		ldi r25,hi8(sig_UART1_RECV)
 129 00ca 0E94 0000 		call CallHandler
 130               	/* epilogue start */
 131 00ce FF91      		pop r31
 132 00d0 EF91      		pop r30
 133 00d2 BF91      		pop r27
 134 00d4 AF91      		pop r26
 135 00d6 9F91      		pop r25
 136 00d8 8F91      		pop r24
 137 00da 7F91      		pop r23
 138 00dc 6F91      		pop r22
 139 00de 5F91      		pop r21
 140 00e0 4F91      		pop r20
 141 00e2 3F91      		pop r19
 142 00e4 2F91      		pop r18
 143 00e6 0F90      		pop r0
 144 00e8 0BBE      		out 91-32,r0
 145 00ea 0F90      		pop r0
 146 00ec 0FBE      		out __SREG__,r0
 147 00ee 0F90      		pop r0
 148 00f0 1F90      		pop __zero_reg__
 149 00f2 1895      		reti
 150               		.size	__vector_30, .-__vector_30
 151               	.global	sig_UART1_RECV
 152               		.data
 153               		.type	sig_UART1_RECV, @object
 154               		.size	sig_UART1_RECV, 6
 155               	sig_UART1_RECV:
 156 0000 0000      		.word	0
 157 0002 0000      		.word	0
 158 0004 0000      		.word	gs(AvrUart1RxIrqCtl)
GAS LISTING C:\Temp/ccvur1O0.s 			page 4


DEFINED SYMBOLS
                            *ABS*:00000000 ih_usart1_rx.c
  C:\Temp/ccvur1O0.s:2      *ABS*:0000003f __SREG__
  C:\Temp/ccvur1O0.s:3      *ABS*:0000003e __SP_H__
  C:\Temp/ccvur1O0.s:4      *ABS*:0000003d __SP_L__
  C:\Temp/ccvur1O0.s:5      *ABS*:00000034 __CCP__
  C:\Temp/ccvur1O0.s:6      *ABS*:00000000 __tmp_reg__
  C:\Temp/ccvur1O0.s:7      *ABS*:00000001 __zero_reg__
  C:\Temp/ccvur1O0.s:12     .text:00000000 AvrUart1RxIrqCtl
  C:\Temp/ccvur1O0.s:105    .text:000000a0 __vector_30
  C:\Temp/ccvur1O0.s:155    .data:00000000 sig_UART1_RECV

UNDEFINED SYMBOLS
__do_copy_data
__do_clear_bss
CallHandler
