GAS LISTING C:\Temp/ccGLmnZi.s 			page 1


   1               		.file	"ir.c"
   2               	__SREG__ = 0x3f
   3               	__SP_H__ = 0x3e
   4               	__SP_L__ = 0x3d
   5               	__CCP__  = 0x34
   6               	__tmp_reg__ = 0
   7               	__zero_reg__ = 1
   8               		.global __do_copy_data
   9               		.global __do_clear_bss
  10               		.text
  11               	.global	NutIrGet
  12               		.type	NutIrGet, @function
  13               	NutIrGet:
  14               	/* prologue: function */
  15               	/* frame size = 0 */
  16 0000 AB01      		movw r20,r22
  17 0002 BC01      		movw r22,r24
  18 0004 80E0      		ldi r24,lo8(nut_irqueue)
  19 0006 90E0      		ldi r25,hi8(nut_irqueue)
  20 0008 0E94 0000 		call NutEventWait
  21 000c 892B      		or r24,r25
  22 000e 01F0      		breq .L2
  23 0010 2FEF      		ldi r18,lo8(-1)
  24 0012 3FEF      		ldi r19,hi8(-1)
  25 0014 4FEF      		ldi r20,hlo8(-1)
  26 0016 5FEF      		ldi r21,hhi8(-1)
  27 0018 00C0      		rjmp .L3
  28               	.L2:
  29 001a 2091 0000 		lds r18,nut_ircode
  30 001e 3091 0000 		lds r19,(nut_ircode)+1
  31 0022 4091 0000 		lds r20,(nut_ircode)+2
  32 0026 5091 0000 		lds r21,(nut_ircode)+3
  33               	.L3:
  34 002a B901      		movw r22,r18
  35 002c CA01      		movw r24,r20
  36               	/* epilogue start */
  37 002e 0895      		ret
  38               		.size	NutIrGet, .-NutIrGet
GAS LISTING C:\Temp/ccGLmnZi.s 			page 2


DEFINED SYMBOLS
                            *ABS*:00000000 ir.c
  C:\Temp/ccGLmnZi.s:2      *ABS*:0000003f __SREG__
  C:\Temp/ccGLmnZi.s:3      *ABS*:0000003e __SP_H__
  C:\Temp/ccGLmnZi.s:4      *ABS*:0000003d __SP_L__
  C:\Temp/ccGLmnZi.s:5      *ABS*:00000034 __CCP__
  C:\Temp/ccGLmnZi.s:6      *ABS*:00000000 __tmp_reg__
  C:\Temp/ccGLmnZi.s:7      *ABS*:00000001 __zero_reg__
  C:\Temp/ccGLmnZi.s:13     .text:00000000 NutIrGet

UNDEFINED SYMBOLS
__do_copy_data
__do_clear_bss
nut_irqueue
NutEventWait
nut_ircode
