GAS LISTING C:\Temp/cc2txjVs.s 			page 1


   1               		.file	"lanc111.c"
   2               	__SREG__ = 0x3f
   3               	__SP_H__ = 0x3e
   4               	__SP_L__ = 0x3d
   5               	__CCP__  = 0x34
   6               	__tmp_reg__ = 0
   7               	__zero_reg__ = 1
   8               		.global __do_copy_data
   9               		.global __do_clear_bss
  10               		.text
  11               		.type	NicPhyRegSelect, @function
  12               	NicPhyRegSelect:
  13               	/* prologue: function */
  14               	/* frame size = 0 */
  15 0000 F82F      		mov r31,r24
  16 0002 83E0      		ldi r24,lo8(3)
  17 0004 8093 0EC0 		sts -16370,r24
  18 0008 8091 08C0 		lds r24,-16376
  19 000c 827F      		andi r24,lo8(-14)
  20 000e 482F      		mov r20,r24
  21 0010 4860      		ori r20,lo8(8)
  22 0012 90E0      		ldi r25,lo8(0)
  23 0014 E82F      		mov r30,r24
  24 0016 E960      		ori r30,lo8(9)
  25 0018 782F      		mov r23,r24
  26 001a 7D60      		ori r23,lo8(13)
  27               	.L2:
  28 001c E093 08C0 		sts -16376,r30
  29 0020 7093 08C0 		sts -16376,r23
  30 0024 9F5F      		subi r25,lo8(-(1))
  31 0026 9132      		cpi r25,lo8(33)
  32 0028 01F4      		brne .L2
  33 002a 4093 08C0 		sts -16376,r20
  34 002e 542F      		mov r21,r20
  35 0030 5460      		ori r21,lo8(4)
  36 0032 5093 08C0 		sts -16376,r21
  37 0036 E093 08C0 		sts -16376,r30
  38 003a 7093 08C0 		sts -16376,r23
  39 003e 6623      		tst r22
  40 0040 01F0      		breq .L3
  41 0042 4093 08C0 		sts -16376,r20
  42 0046 5093 08C0 		sts -16376,r21
  43 004a E093 08C0 		sts -16376,r30
  44 004e 7093 08C0 		sts -16376,r23
  45 0052 00C0      		rjmp .L13
  46               	.L3:
  47 0054 E093 08C0 		sts -16376,r30
  48 0058 7093 08C0 		sts -16376,r23
  49 005c 4093 08C0 		sts -16376,r20
  50 0060 5093 08C0 		sts -16376,r21
  51               	.L13:
  52 0064 80E0      		ldi r24,lo8(0)
  53               	.L9:
  54 0066 4093 08C0 		sts -16376,r20
  55 006a 5093 08C0 		sts -16376,r21
  56 006e 8F5F      		subi r24,lo8(-(1))
  57 0070 8530      		cpi r24,lo8(5)
GAS LISTING C:\Temp/cc2txjVs.s 			page 2


  58 0072 01F4      		brne .L9
  59 0074 90E1      		ldi r25,lo8(16)
  60 0076 25E0      		ldi r18,lo8(5)
  61 0078 30E0      		ldi r19,hi8(5)
  62               	.L7:
  63 007a 892F      		mov r24,r25
  64 007c 8F23      		and r24,r31
  65 007e 01F0      		breq .L5
  66 0080 E093 08C0 		sts -16376,r30
  67 0084 7093 08C0 		sts -16376,r23
  68 0088 00C0      		rjmp .L6
  69               	.L5:
  70 008a 4093 08C0 		sts -16376,r20
  71 008e 5093 08C0 		sts -16376,r21
  72               	.L6:
  73 0092 9695      		lsr r25
  74 0094 2150      		subi r18,lo8(-(-1))
  75 0096 3040      		sbci r19,hi8(-(-1))
  76 0098 01F4      		brne .L7
  77 009a 4093 08C0 		sts -16376,r20
  78 009e 842F      		mov r24,r20
  79               	/* epilogue start */
  80 00a0 0895      		ret
  81               		.size	NicPhyRegSelect, .-NicPhyRegSelect
  82               		.type	NicPhyRead, @function
  83               	NicPhyRead:
  84               	/* prologue: function */
  85               	/* frame size = 0 */
  86 00a2 60E0      		ldi r22,lo8(0)
  87 00a4 0E94 0000 		call NicPhyRegSelect
  88 00a8 582F      		mov r21,r24
  89 00aa 577F      		andi r21,lo8(-9)
  90 00ac 5093 08C0 		sts -16376,r21
  91 00b0 652F      		mov r22,r21
  92 00b2 6460      		ori r22,lo8(4)
  93 00b4 6093 08C0 		sts -16376,r22
  94 00b8 20E0      		ldi r18,lo8(0)
  95 00ba 30E0      		ldi r19,hi8(0)
  96 00bc 40E0      		ldi r20,lo8(0)
  97               	.L15:
  98 00be 5093 08C0 		sts -16376,r21
  99 00c2 6093 08C0 		sts -16376,r22
 100 00c6 220F      		lsl r18
 101 00c8 331F      		rol r19
 102 00ca 8091 08C0 		lds r24,-16376
 103 00ce 90E0      		ldi r25,lo8(0)
 104 00d0 9695      		lsr r25
 105 00d2 8795      		ror r24
 106 00d4 8170      		andi r24,lo8(1)
 107 00d6 9070      		andi r25,hi8(1)
 108 00d8 282B      		or r18,r24
 109 00da 392B      		or r19,r25
 110 00dc 4F5F      		subi r20,lo8(-(1))
 111 00de 4031      		cpi r20,lo8(16)
 112 00e0 01F4      		brne .L15
 113 00e2 5093 08C0 		sts -16376,r21
 114 00e6 C901      		movw r24,r18
GAS LISTING C:\Temp/cc2txjVs.s 			page 3


 115               	/* epilogue start */
 116 00e8 0895      		ret
 117               		.size	NicPhyRead, .-NicPhyRead
 118               		.type	NicPhyWrite, @function
 119               	NicPhyWrite:
 120 00ea CF93      		push r28
 121 00ec DF93      		push r29
 122               	/* prologue: function */
 123               	/* frame size = 0 */
 124 00ee EB01      		movw r28,r22
 125 00f0 61E0      		ldi r22,lo8(1)
 126 00f2 0E94 0000 		call NicPhyRegSelect
 127 00f6 482F      		mov r20,r24
 128 00f8 F82F      		mov r31,r24
 129 00fa F160      		ori r31,lo8(1)
 130 00fc F093 08C0 		sts -16376,r31
 131 0100 E82F      		mov r30,r24
 132 0102 E560      		ori r30,lo8(5)
 133 0104 E093 08C0 		sts -16376,r30
 134 0108 8093 08C0 		sts -16376,r24
 135 010c 582F      		mov r21,r24
 136 010e 5460      		ori r21,lo8(4)
 137 0110 5093 08C0 		sts -16376,r21
 138 0114 60E0      		ldi r22,lo8(-32768)
 139 0116 70E8      		ldi r23,hi8(-32768)
 140 0118 20E1      		ldi r18,lo8(16)
 141 011a 30E0      		ldi r19,hi8(16)
 142               	.L21:
 143 011c CB01      		movw r24,r22
 144 011e 8C23      		and r24,r28
 145 0120 9D23      		and r25,r29
 146 0122 892B      		or r24,r25
 147 0124 01F0      		breq .L19
 148 0126 F093 08C0 		sts -16376,r31
 149 012a E093 08C0 		sts -16376,r30
 150 012e 00C0      		rjmp .L20
 151               	.L19:
 152 0130 4093 08C0 		sts -16376,r20
 153 0134 5093 08C0 		sts -16376,r21
 154               	.L20:
 155 0138 7695      		lsr r23
 156 013a 6795      		ror r22
 157 013c 2150      		subi r18,lo8(-(-1))
 158 013e 3040      		sbci r19,hi8(-(-1))
 159 0140 01F4      		brne .L21
 160 0142 477F      		andi r20,lo8(-9)
 161 0144 4093 08C0 		sts -16376,r20
 162               	/* epilogue start */
 163 0148 DF91      		pop r29
 164 014a CF91      		pop r28
 165 014c 0895      		ret
 166               		.size	NicPhyWrite, .-NicPhyWrite
 167               		.type	NicInterrupt, @function
 168               	NicInterrupt:
 169 014e CF93      		push r28
 170 0150 DF93      		push r29
 171               	/* prologue: function */
GAS LISTING C:\Temp/cc2txjVs.s 			page 4


 172               	/* frame size = 0 */
 173 0152 FC01      		movw r30,r24
 174 0154 C189      		ldd r28,Z+17
 175 0156 D289      		ldd r29,Z+18
 176 0158 8C85      		ldd r24,Y+12
 177 015a 9D85      		ldd r25,Y+13
 178 015c AE85      		ldd r26,Y+14
 179 015e BF85      		ldd r27,Y+15
 180 0160 0196      		adiw r24,1
 181 0162 A11D      		adc r26,__zero_reg__
 182 0164 B11D      		adc r27,__zero_reg__
 183 0166 8C87      		std Y+12,r24
 184 0168 9D87      		std Y+13,r25
 185 016a AE87      		std Y+14,r26
 186 016c BF87      		std Y+15,r27
 187 016e 92E0      		ldi r25,lo8(2)
 188 0170 9093 0EC0 		sts -16370,r25
 189 0174 2091 0DC0 		lds r18,-16371
 190 0178 1092 0DC0 		sts -16371,__zero_reg__
 191 017c 8091 0CC0 		lds r24,-16372
 192 0180 8223      		and r24,r18
 193 0182 382F      		mov r19,r24
 194 0184 82FF      		sbrs r24,2
 195 0186 00C0      		rjmp .L25
 196 0188 84E0      		ldi r24,lo8(4)
 197 018a 8093 0CC0 		sts -16372,r24
 198 018e 2B7F      		andi r18,lo8(-5)
 199 0190 00C0      		rjmp .L26
 200               	.L25:
 201 0192 81FF      		sbrs r24,1
 202 0194 00C0      		rjmp .L26
 203 0196 1092 0EC0 		sts -16370,__zero_reg__
 204 019a 8091 00C0 		lds r24,-16384
 205 019e 8160      		ori r24,lo8(1)
 206 01a0 8093 00C0 		sts -16384,r24
 207 01a4 8091 00C0 		lds r24,-16384
 208 01a8 1092 01C0 		sts -16383,__zero_reg__
 209 01ac 9093 0EC0 		sts -16370,r25
 210 01b0 9093 0CC0 		sts -16372,r25
 211 01b4 80EA      		ldi r24,lo8(-96)
 212 01b6 8093 00C0 		sts -16384,r24
 213               	.L26:
 214 01ba 34FF      		sbrs r19,4
 215 01bc 00C0      		rjmp .L27
 216 01be 80E1      		ldi r24,lo8(16)
 217 01c0 8093 0CC0 		sts -16372,r24
 218 01c4 8881      		ld r24,Y
 219 01c6 9981      		ldd r25,Y+1
 220 01c8 892B      		or r24,r25
 221 01ca 01F4      		brne .L28
 222 01cc 8FEF      		ldi r24,lo8(-1)
 223 01ce 9FEF      		ldi r25,hi8(-1)
 224 01d0 9983      		std Y+1,r25
 225 01d2 8883      		st Y,r24
 226 01d4 00C0      		rjmp .L27
 227               	.L28:
 228 01d6 8881      		ld r24,Y
GAS LISTING C:\Temp/cc2txjVs.s 			page 5


 229 01d8 9981      		ldd r25,Y+1
 230 01da 8F5F      		subi r24,lo8(-1)
 231 01dc 9F4F      		sbci r25,hi8(-1)
 232 01de 01F0      		breq .L27
 233 01e0 E881      		ld r30,Y
 234 01e2 F981      		ldd r31,Y+1
 235 01e4 8481      		ldd r24,Z+4
 236 01e6 9581      		ldd r25,Z+5
 237 01e8 0196      		adiw r24,1
 238 01ea 9583      		std Z+5,r25
 239 01ec 8483      		std Z+4,r24
 240               	.L27:
 241 01ee 36FF      		sbrs r19,6
 242 01f0 00C0      		rjmp .L29
 243 01f2 80E4      		ldi r24,lo8(64)
 244 01f4 8093 0CC0 		sts -16372,r24
 245 01f8 8881      		ld r24,Y
 246 01fa 9981      		ldd r25,Y+1
 247 01fc 892B      		or r24,r25
 248 01fe 01F4      		brne .L30
 249 0200 8FEF      		ldi r24,lo8(-1)
 250 0202 9FEF      		ldi r25,hi8(-1)
 251 0204 9983      		std Y+1,r25
 252 0206 8883      		st Y,r24
 253 0208 00C0      		rjmp .L29
 254               	.L30:
 255 020a 8881      		ld r24,Y
 256 020c 9981      		ldd r25,Y+1
 257 020e 8F5F      		subi r24,lo8(-1)
 258 0210 9F4F      		sbci r25,hi8(-1)
 259 0212 01F0      		breq .L29
 260 0214 E881      		ld r30,Y
 261 0216 F981      		ldd r31,Y+1
 262 0218 8481      		ldd r24,Z+4
 263 021a 9581      		ldd r25,Z+5
 264 021c 0196      		adiw r24,1
 265 021e 9583      		std Z+5,r25
 266 0220 8483      		std Z+4,r24
 267               	.L29:
 268 0222 30FF      		sbrs r19,0
 269 0224 00C0      		rjmp .L31
 270 0226 81E0      		ldi r24,lo8(1)
 271 0228 8093 0CC0 		sts -16372,r24
 272 022c 2E7F      		andi r18,lo8(-2)
 273 022e 8881      		ld r24,Y
 274 0230 9981      		ldd r25,Y+1
 275 0232 892B      		or r24,r25
 276 0234 01F4      		brne .L32
 277 0236 8FEF      		ldi r24,lo8(-1)
 278 0238 9FEF      		ldi r25,hi8(-1)
 279 023a 9983      		std Y+1,r25
 280 023c 8883      		st Y,r24
 281 023e 00C0      		rjmp .L31
 282               	.L32:
 283 0240 8881      		ld r24,Y
 284 0242 9981      		ldd r25,Y+1
 285 0244 8F5F      		subi r24,lo8(-1)
GAS LISTING C:\Temp/cc2txjVs.s 			page 6


 286 0246 9F4F      		sbci r25,hi8(-1)
 287 0248 01F0      		breq .L31
 288 024a E881      		ld r30,Y
 289 024c F981      		ldd r31,Y+1
 290 024e 8481      		ldd r24,Z+4
 291 0250 9581      		ldd r25,Z+5
 292 0252 0196      		adiw r24,1
 293 0254 9583      		std Z+5,r25
 294 0256 8483      		std Z+4,r24
 295               	.L31:
 296 0258 33FF      		sbrs r19,3
 297 025a 00C0      		rjmp .L33
 298 025c 277F      		andi r18,lo8(-9)
 299 025e E091 0000 		lds r30,maq
 300 0262 F091 0000 		lds r31,(maq)+1
 301 0266 3097      		sbiw r30,0
 302 0268 01F4      		brne .L34
 303 026a 8FEF      		ldi r24,lo8(-1)
 304 026c 9FEF      		ldi r25,hi8(-1)
 305 026e 9093 0000 		sts (maq)+1,r25
 306 0272 8093 0000 		sts maq,r24
 307 0276 00C0      		rjmp .L33
 308               	.L34:
 309 0278 4FEF      		ldi r20,hi8(-1)
 310 027a EF3F      		cpi r30,lo8(-1)
 311 027c F407      		cpc r31,r20
 312 027e 01F0      		breq .L33
 313 0280 8481      		ldd r24,Z+4
 314 0282 9581      		ldd r25,Z+5
 315 0284 0196      		adiw r24,1
 316 0286 9583      		std Z+5,r25
 317 0288 8483      		std Z+4,r24
 318               	.L33:
 319 028a 2093 0DC0 		sts -16371,r18
 320               	/* epilogue start */
 321 028e DF91      		pop r29
 322 0290 CF91      		pop r28
 323 0292 0895      		ret
 324               		.size	NicInterrupt, .-NicInterrupt
 325               		.data
 326               	.LC0:
 327 0000 7278 6935 		.string	"rxi5"
 327      00
 328               		.text
 329               	.global	LancInit
 330               		.type	LancInit, @function
 331               	LancInit:
 332 0294 CF93      		push r28
 333 0296 DF93      		push r29
 334               	/* prologue: function */
 335               	/* frame size = 0 */
 336 0298 EC01      		movw r28,r24
 337 029a 89B7      		in r24,89-32
 338 029c 8F7D      		andi r24,lo8(-33)
 339 029e 89BF      		out 89-32,r24
 340 02a0 E989      		ldd r30,Y+17
 341 02a2 FA89      		ldd r31,Y+18
GAS LISTING C:\Temp/cc2txjVs.s 			page 7


 342 02a4 80E2      		ldi r24,lo8(32)
 343 02a6 DF01      		movw r26,r30
 344 02a8 1D92      		st X+,__zero_reg__
 345 02aa 8A95      	        dec r24
 346 02ac 01F4      		brne .-6
 347 02ae AE01      		movw r20,r28
 348 02b0 60E0      		ldi r22,lo8(gs(NicInterrupt))
 349 02b2 70E0      		ldi r23,hi8(gs(NicInterrupt))
 350 02b4 80E0      		ldi r24,lo8(sig_INTERRUPT5)
 351 02b6 90E0      		ldi r25,hi8(sig_INTERRUPT5)
 352 02b8 0E94 0000 		call NutRegisterIrqHandler
 353 02bc 892B      		or r24,r25
 354 02be 01F0      		breq .L37
 355 02c0 2FEF      		ldi r18,lo8(-1)
 356 02c2 3FEF      		ldi r19,hi8(-1)
 357 02c4 00C0      		rjmp .L38
 358               	.L37:
 359 02c6 20E8      		ldi r18,lo8(128)
 360 02c8 30E0      		ldi r19,hi8(128)
 361 02ca AE01      		movw r20,r28
 362 02cc 60E0      		ldi r22,lo8(gs(NicRxLanc))
 363 02ce 70E0      		ldi r23,hi8(gs(NicRxLanc))
 364 02d0 80E0      		ldi r24,lo8(.LC0)
 365 02d2 90E0      		ldi r25,hi8(.LC0)
 366 02d4 0E94 0000 		call NutThreadCreate
 367 02d8 20E0      		ldi r18,lo8(0)
 368 02da 30E0      		ldi r19,hi8(0)
 369               	.L38:
 370 02dc C901      		movw r24,r18
 371               	/* epilogue start */
 372 02de DF91      		pop r29
 373 02e0 CF91      		pop r28
 374 02e2 0895      		ret
 375               		.size	LancInit, .-LancInit
 376               		.type	NicMmuWait, @function
 377               	NicMmuWait:
 378 02e4 CF93      		push r28
 379 02e6 DF93      		push r29
 380               	/* prologue: function */
 381               	/* frame size = 0 */
 382 02e8 EC01      		movw r28,r24
 383 02ea 00C0      		rjmp .L41
 384               	.L43:
 385 02ec 8091 00C0 		lds r24,-16384
 386 02f0 80FF      		sbrs r24,0
 387 02f2 00C0      		rjmp .L42
 388 02f4 81E0      		ldi r24,lo8(1)
 389 02f6 0E94 0000 		call NutDelay
 390               	.L41:
 391 02fa 2197      		sbiw r28,1
 392 02fc 8FEF      		ldi r24,hi8(-1)
 393 02fe CF3F      		cpi r28,lo8(-1)
 394 0300 D807      		cpc r29,r24
 395 0302 01F4      		brne .L43
 396               	.L42:
 397 0304 CD2B      		or r28,r29
 398 0306 01F4      		brne .L44
GAS LISTING C:\Temp/cc2txjVs.s 			page 8


 399 0308 2FEF      		ldi r18,lo8(-1)
 400 030a 3FEF      		ldi r19,hi8(-1)
 401 030c 00C0      		rjmp .L45
 402               	.L44:
 403 030e 20E0      		ldi r18,lo8(0)
 404 0310 30E0      		ldi r19,hi8(0)
 405               	.L45:
 406 0312 C901      		movw r24,r18
 407               	/* epilogue start */
 408 0314 DF91      		pop r29
 409 0316 CF91      		pop r28
 410 0318 0895      		ret
 411               		.size	NicMmuWait, .-NicMmuWait
 412               	.global	LancOutput
 413               		.type	LancOutput, @function
 414               	LancOutput:
 415 031a BF92      		push r11
 416 031c CF92      		push r12
 417 031e DF92      		push r13
 418 0320 EF92      		push r14
 419 0322 FF92      		push r15
 420 0324 0F93      		push r16
 421 0326 1F93      		push r17
 422 0328 CF93      		push r28
 423 032a DF93      		push r29
 424               	/* prologue: function */
 425               	/* frame size = 0 */
 426 032c EC01      		movw r28,r24
 427 032e 7B01      		movw r14,r22
 428 0330 4091 0000 		lds r20,mx_wait.2463
 429 0334 5091 0000 		lds r21,(mx_wait.2463)+1
 430 0338 6091 0000 		lds r22,(mx_wait.2463)+2
 431 033c 7091 0000 		lds r23,(mx_wait.2463)+3
 432 0340 80E0      		ldi r24,lo8(mutex)
 433 0342 90E0      		ldi r25,hi8(mutex)
 434 0344 0E94 0000 		call NutEventWait
 435 0348 892B      		or r24,r25
 436 034a 01F0      		breq .+2
 437 034c 00C0      		rjmp .L48
 438 034e C988      		ldd r12,Y+17
 439 0350 BA88      		ldd r11,Y+18
 440 0352 F701      		movw r30,r14
 441 0354 0585      		ldd r16,Z+13
 442 0356 1685      		ldd r17,Z+14
 443 0358 8185      		ldd r24,Z+9
 444 035a 9285      		ldd r25,Z+10
 445 035c 080F      		add r16,r24
 446 035e 191F      		adc r17,r25
 447 0360 8189      		ldd r24,Z+17
 448 0362 9289      		ldd r25,Z+18
 449 0364 080F      		add r16,r24
 450 0366 191F      		adc r17,r25
 451 0368 F5E0      		ldi r31,hi8(1501)
 452 036a 0D3D      		cpi r16,lo8(1501)
 453 036c 1F07      		cpc r17,r31
 454 036e 00F0      		brlo .+2
 455 0370 00C0      		rjmp .L49
GAS LISTING C:\Temp/cc2txjVs.s 			page 9


 456 0372 D090 0DC0 		lds r13,-16371
 457 0376 1092 0DC0 		sts -16371,__zero_reg__
 458 037a 82E0      		ldi r24,lo8(2)
 459 037c 8093 0EC0 		sts -16370,r24
 460 0380 80E2      		ldi r24,lo8(32)
 461 0382 8093 00C0 		sts -16384,r24
 462 0386 84E6      		ldi r24,lo8(100)
 463 0388 90E0      		ldi r25,hi8(100)
 464 038a 0E94 0000 		call NicMmuWait
 465 038e 892B      		or r24,r25
 466 0390 01F0      		breq .+2
 467 0392 00C0      		rjmp .L49
 468 0394 88E0      		ldi r24,lo8(8)
 469 0396 D82A      		or r13,r24
 470 0398 D092 0DC0 		sts -16371,r13
 471 039c F701      		movw r30,r14
 472 039e C581      		ldd r28,Z+5
 473 03a0 D681      		ldd r29,Z+6
 474 03a2 2696      		adiw r28,6
 475 03a4 C00F      		add r28,r16
 476 03a6 D11F      		adc r29,r17
 477 03a8 C0FD      		sbrc r28,0
 478 03aa 00C0      		rjmp .L50
 479 03ac DD24      		clr r13
 480 03ae 00C0      		rjmp .L81
 481               	.L50:
 482 03b0 2196      		adiw r28,1
 483 03b2 DD24      		clr r13
 484 03b4 D394      		inc r13
 485 03b6 00C0      		rjmp .L81
 486               	.L53:
 487 03b8 4DE7      		ldi r20,lo8(125)
 488 03ba 50E0      		ldi r21,hi8(125)
 489 03bc 60E0      		ldi r22,hlo8(125)
 490 03be 70E0      		ldi r23,hhi8(125)
 491 03c0 80E0      		ldi r24,lo8(maq)
 492 03c2 90E0      		ldi r25,hi8(maq)
 493 03c4 0E94 0000 		call NutEventWait
 494 03c8 892B      		or r24,r25
 495 03ca 01F0      		breq .L76
 496 03cc 0093 00C0 		sts -16384,r16
 497 03d0 88EE      		ldi r24,lo8(1000)
 498 03d2 93E0      		ldi r25,hi8(1000)
 499 03d4 0E94 0000 		call NicMmuWait
 500 03d8 1093 00C0 		sts -16384,r17
 501 03dc 84E6      		ldi r24,lo8(100)
 502 03de 90E0      		ldi r25,hi8(100)
 503 03e0 0E94 0000 		call NicMmuWait
 504 03e4 892B      		or r24,r25
 505 03e6 01F4      		brne .L52
 506 03e8 8091 0CC0 		lds r24,-16372
 507 03ec 83FD      		sbrc r24,3
 508 03ee 00C0      		rjmp .L76
 509               	.L52:
 510 03f0 4DE7      		ldi r20,lo8(125)
 511 03f2 50E0      		ldi r21,hi8(125)
 512 03f4 60E0      		ldi r22,hlo8(125)
GAS LISTING C:\Temp/cc2txjVs.s 			page 10


 513 03f6 70E0      		ldi r23,hhi8(125)
 514 03f8 80E0      		ldi r24,lo8(maq)
 515 03fa 90E0      		ldi r25,hi8(maq)
 516 03fc 0E94 0000 		call NutEventWait
 517 0400 892B      		or r24,r25
 518 0402 01F0      		breq .L76
 519 0404 00C0      		rjmp .L49
 520               	.L81:
 521 0406 00E4      		ldi r16,lo8(64)
 522 0408 10E2      		ldi r17,lo8(32)
 523               	.L76:
 524 040a 8091 0CC0 		lds r24,-16372
 525 040e 83FF      		sbrs r24,3
 526 0410 00C0      		rjmp .L53
 527 0412 1091 0DC0 		lds r17,-16371
 528 0416 1092 0DC0 		sts -16371,__zero_reg__
 529 041a 8091 03C0 		lds r24,-16381
 530 041e 8093 02C0 		sts -16382,r24
 531 0422 1092 06C0 		sts -16378,__zero_reg__
 532 0426 80E4      		ldi r24,lo8(64)
 533 0428 8093 07C0 		sts -16377,r24
 534 042c 1092 08C0 		sts -16376,__zero_reg__
 535 0430 1092 08C0 		sts -16376,__zero_reg__
 536 0434 C093 08C0 		sts -16376,r28
 537 0438 D093 09C0 		sts -16375,r29
 538 043c F701      		movw r30,r14
 539 043e 7581      		ldd r23,Z+5
 540 0440 472F      		mov r20,r23
 541 0442 5681      		ldd r21,Z+6
 542 0444 6381      		ldd r22,Z+3
 543 0446 2481      		ldd r18,Z+4
 544 0448 4115      		cp r20,__zero_reg__
 545 044a 5105      		cpc r21,__zero_reg__
 546 044c 01F0      		breq .L54
 547 044e 862F      		mov r24,r22
 548 0450 922F      		mov r25,r18
 549 0452 9C01      		movw r18,r24
 550 0454 F901      		movw r30,r18
 551 0456 4150      		subi r20,lo8(-(-1))
 552 0458 5040      		sbci r21,hi8(-(-1))
 553 045a 952F      		mov r25,r21
 554 045c 272F      		mov r18,r23
 555 045e 260F      		add r18,r22
 556               	.L77:
 557 0460 8191      		ld r24,Z+
 558 0462 8093 08C0 		sts -16376,r24
 559 0466 2E17      		cp r18,r30
 560 0468 01F4      		brne .L77
 561 046a 9923      		tst r25
 562 046c 01F0      		breq .L54
 563 046e 9150      		subi r25,lo8(-(-1))
 564 0470 00C0      		rjmp .L77
 565               	.L54:
 566 0472 F701      		movw r30,r14
 567 0474 7185      		ldd r23,Z+9
 568 0476 472F      		mov r20,r23
 569 0478 5285      		ldd r21,Z+10
GAS LISTING C:\Temp/cc2txjVs.s 			page 11


 570 047a 6781      		ldd r22,Z+7
 571 047c 2085      		ldd r18,Z+8
 572 047e 4115      		cp r20,__zero_reg__
 573 0480 5105      		cpc r21,__zero_reg__
 574 0482 01F0      		breq .L56
 575 0484 862F      		mov r24,r22
 576 0486 922F      		mov r25,r18
 577 0488 9C01      		movw r18,r24
 578 048a F901      		movw r30,r18
 579 048c 4150      		subi r20,lo8(-(-1))
 580 048e 5040      		sbci r21,hi8(-(-1))
 581 0490 952F      		mov r25,r21
 582 0492 272F      		mov r18,r23
 583 0494 260F      		add r18,r22
 584               	.L78:
 585 0496 8191      		ld r24,Z+
 586 0498 8093 08C0 		sts -16376,r24
 587 049c 2E17      		cp r18,r30
 588 049e 01F4      		brne .L78
 589 04a0 9923      		tst r25
 590 04a2 01F0      		breq .L56
 591 04a4 9150      		subi r25,lo8(-(-1))
 592 04a6 00C0      		rjmp .L78
 593               	.L56:
 594 04a8 F701      		movw r30,r14
 595 04aa 7585      		ldd r23,Z+13
 596 04ac 472F      		mov r20,r23
 597 04ae 5685      		ldd r21,Z+14
 598 04b0 6385      		ldd r22,Z+11
 599 04b2 2485      		ldd r18,Z+12
 600 04b4 4115      		cp r20,__zero_reg__
 601 04b6 5105      		cpc r21,__zero_reg__
 602 04b8 01F0      		breq .L58
 603 04ba 862F      		mov r24,r22
 604 04bc 922F      		mov r25,r18
 605 04be 9C01      		movw r18,r24
 606 04c0 F901      		movw r30,r18
 607 04c2 4150      		subi r20,lo8(-(-1))
 608 04c4 5040      		sbci r21,hi8(-(-1))
 609 04c6 952F      		mov r25,r21
 610 04c8 272F      		mov r18,r23
 611 04ca 260F      		add r18,r22
 612               	.L79:
 613 04cc 8191      		ld r24,Z+
 614 04ce 8093 08C0 		sts -16376,r24
 615 04d2 2E17      		cp r18,r30
 616 04d4 01F4      		brne .L79
 617 04d6 9923      		tst r25
 618 04d8 01F0      		breq .L58
 619 04da 9150      		subi r25,lo8(-(-1))
 620 04dc 00C0      		rjmp .L79
 621               	.L58:
 622 04de F701      		movw r30,r14
 623 04e0 A189      		ldd r26,Z+17
 624 04e2 4A2F      		mov r20,r26
 625 04e4 5289      		ldd r21,Z+18
 626 04e6 7785      		ldd r23,Z+15
GAS LISTING C:\Temp/cc2txjVs.s 			page 12


 627 04e8 6089      		ldd r22,Z+16
 628 04ea 4115      		cp r20,__zero_reg__
 629 04ec 5105      		cpc r21,__zero_reg__
 630 04ee 01F0      		breq .L60
 631 04f0 872F      		mov r24,r23
 632 04f2 962F      		mov r25,r22
 633 04f4 9C01      		movw r18,r24
 634 04f6 F901      		movw r30,r18
 635 04f8 4150      		subi r20,lo8(-(-1))
 636 04fa 5040      		sbci r21,hi8(-(-1))
 637 04fc 952F      		mov r25,r21
 638 04fe 2A0F      		add r18,r26
 639               	.L80:
 640 0500 8191      		ld r24,Z+
 641 0502 8093 08C0 		sts -16376,r24
 642 0506 2E17      		cp r18,r30
 643 0508 01F4      		brne .L80
 644 050a 9923      		tst r25
 645 050c 01F0      		breq .L60
 646 050e 9150      		subi r25,lo8(-(-1))
 647 0510 00C0      		rjmp .L80
 648               	.L60:
 649 0512 DD20      		tst r13
 650 0514 01F0      		breq .L62
 651 0516 1092 08C0 		sts -16376,__zero_reg__
 652               	.L62:
 653 051a 1092 08C0 		sts -16376,__zero_reg__
 654 051e 1092 09C0 		sts -16375,__zero_reg__
 655 0522 84E6      		ldi r24,lo8(100)
 656 0524 90E0      		ldi r25,hi8(100)
 657 0526 0E94 0000 		call NicMmuWait
 658 052a 892B      		or r24,r25
 659 052c 01F4      		brne .L49
 660 052e EC2D      		mov r30,r12
 661 0530 FB2D      		mov r31,r11
 662 0532 80EC      		ldi r24,lo8(-64)
 663 0534 8093 00C0 		sts -16384,r24
 664 0538 1660      		ori r17,lo8(6)
 665 053a 1093 0DC0 		sts -16371,r17
 666 053e 8085      		ldd r24,Z+8
 667 0540 9185      		ldd r25,Z+9
 668 0542 A285      		ldd r26,Z+10
 669 0544 B385      		ldd r27,Z+11
 670 0546 0196      		adiw r24,1
 671 0548 A11D      		adc r26,__zero_reg__
 672 054a B11D      		adc r27,__zero_reg__
 673 054c 8087      		std Z+8,r24
 674 054e 9187      		std Z+9,r25
 675 0550 A287      		std Z+10,r26
 676 0552 B387      		std Z+11,r27
 677 0554 88E8      		ldi r24,lo8(5000)
 678 0556 93E1      		ldi r25,hi8(5000)
 679 0558 A0E0      		ldi r26,hlo8(5000)
 680 055a B0E0      		ldi r27,hhi8(5000)
 681 055c 8093 0000 		sts mx_wait.2463,r24
 682 0560 9093 0000 		sts (mx_wait.2463)+1,r25
 683 0564 A093 0000 		sts (mx_wait.2463)+2,r26
GAS LISTING C:\Temp/cc2txjVs.s 			page 13


 684 0568 B093 0000 		sts (mx_wait.2463)+3,r27
 685 056c C0E0      		ldi r28,lo8(0)
 686 056e D0E0      		ldi r29,hi8(0)
 687 0570 00C0      		rjmp .L63
 688               	.L49:
 689 0572 CFEF      		ldi r28,lo8(-1)
 690 0574 DFEF      		ldi r29,hi8(-1)
 691               	.L63:
 692 0576 80E0      		ldi r24,lo8(mutex)
 693 0578 90E0      		ldi r25,hi8(mutex)
 694 057a 0E94 0000 		call NutEventPost
 695 057e 00C0      		rjmp .L64
 696               	.L48:
 697 0580 84EF      		ldi r24,lo8(500)
 698 0582 91E0      		ldi r25,hi8(500)
 699 0584 A0E0      		ldi r26,hlo8(500)
 700 0586 B0E0      		ldi r27,hhi8(500)
 701 0588 8093 0000 		sts mx_wait.2463,r24
 702 058c 9093 0000 		sts (mx_wait.2463)+1,r25
 703 0590 A093 0000 		sts (mx_wait.2463)+2,r26
 704 0594 B093 0000 		sts (mx_wait.2463)+3,r27
 705 0598 CFEF      		ldi r28,lo8(-1)
 706 059a DFEF      		ldi r29,hi8(-1)
 707               	.L64:
 708 059c CE01      		movw r24,r28
 709               	/* epilogue start */
 710 059e DF91      		pop r29
 711 05a0 CF91      		pop r28
 712 05a2 1F91      		pop r17
 713 05a4 0F91      		pop r16
 714 05a6 FF90      		pop r15
 715 05a8 EF90      		pop r14
 716 05aa DF90      		pop r13
 717 05ac CF90      		pop r12
 718 05ae BF90      		pop r11
 719 05b0 0895      		ret
 720               		.size	LancOutput, .-LancOutput
 721               	.global	NicRxLanc
 722               		.type	NicRxLanc, @function
 723               	NicRxLanc:
 724               	/* prologue: function */
 725               	/* frame size = 0 */
 726 05b2 6C01      		movw r12,r24
 727 05b4 DC01      		movw r26,r24
 728 05b6 1F96      		adiw r26,15
 729 05b8 6D90      		ld r6,X+
 730 05ba 7C90      		ld r7,X
 731 05bc 5097      		sbiw r26,15+1
 732 05be 5196      		adiw r26,17
 733 05c0 8D90      		ld r8,X+
 734 05c2 9C90      		ld r9,X
 735 05c4 5297      		sbiw r26,17+1
 736 05c6 E301      		movw r28,r6
 737 05c8 2596      		adiw r28,5
 738               	.L84:
 739 05ca 8881      		ld r24,Y
 740 05cc 9981      		ldd r25,Y+1
GAS LISTING C:\Temp/cc2txjVs.s 			page 14


 741 05ce AA81      		ldd r26,Y+2
 742 05d0 BB81      		ldd r27,Y+3
 743 05d2 0197      		sbiw r24,1
 744 05d4 A109      		sbc r26,__zero_reg__
 745 05d6 B109      		sbc r27,__zero_reg__
 746 05d8 8E5F      		subi r24,lo8(-2)
 747 05da 9F4F      		sbci r25,hi8(-2)
 748 05dc AF4F      		sbci r26,hlo8(-2)
 749 05de BF4F      		sbci r27,hhi8(-2)
 750 05e0 00F0      		brlo .L83
 751 05e2 6FE3      		ldi r22,lo8(63)
 752 05e4 70E0      		ldi r23,hi8(63)
 753 05e6 80E0      		ldi r24,hlo8(63)
 754 05e8 90E0      		ldi r25,hhi8(63)
 755 05ea 0E94 0000 		call NutSleep
 756 05ee 00C0      		rjmp .L84
 757               	.L83:
 758 05f0 70E8      		ldi r23,lo8(-128)
 759 05f2 F72E      		mov r15,r23
 760 05f4 11E0      		ldi r17,lo8(1)
 761 05f6 08E0      		ldi r16,lo8(8)
 762 05f8 62E0      		ldi r22,lo8(2)
 763 05fa 362E      		mov r3,r22
 764 05fc 50E4      		ldi r21,lo8(64)
 765 05fe 452E      		mov r4,r21
 766 0600 43E0      		ldi r20,lo8(3)
 767 0602 542E      		mov r5,r20
 768 0604 37E0      		ldi r19,lo8(7)
 769 0606 A32E      		mov r10,r19
 770 0608 21E8      		ldi r18,lo8(-127)
 771 060a B22E      		mov r11,r18
 772 060c 90E1      		ldi r25,lo8(16)
 773 060e E92E      		mov r14,r25
 774               	.L107:
 775 0610 1092 0DC0 		sts -16371,__zero_reg__
 776 0614 1092 0EC0 		sts -16370,__zero_reg__
 777 0618 1092 04C0 		sts -16380,__zero_reg__
 778 061c F092 05C0 		sts -16379,r15
 779 0620 1093 0EC0 		sts -16370,r17
 780 0624 1092 00C0 		sts -16384,__zero_reg__
 781 0628 F092 01C0 		sts -16383,r15
 782 062c 8AE0      		ldi r24,lo8(10)
 783 062e 0E94 0000 		call NutDelay
 784 0632 1092 0EC0 		sts -16370,__zero_reg__
 785 0636 1092 04C0 		sts -16380,__zero_reg__
 786 063a 1092 05C0 		sts -16379,__zero_reg__
 787 063e 1092 00C0 		sts -16384,__zero_reg__
 788 0642 1092 01C0 		sts -16383,__zero_reg__
 789 0646 1093 0EC0 		sts -16370,r17
 790 064a 1092 0CC0 		sts -16372,__zero_reg__
 791 064e 0093 0DC0 		sts -16371,r16
 792 0652 3092 0EC0 		sts -16370,r3
 793 0656 4092 00C0 		sts -16384,r4
 794 065a 88EE      		ldi r24,lo8(1000)
 795 065c 93E0      		ldi r25,hi8(1000)
 796 065e 0E94 0000 		call NicMmuWait
 797 0662 892B      		or r24,r25
GAS LISTING C:\Temp/cc2txjVs.s 			page 15


 798 0664 01F0      		breq .+2
 799 0666 00C0      		rjmp .L85
 800 0668 00C0      		rjmp .L108
 801               	.L88:
 802 066a 6FE3      		ldi r22,lo8(63)
 803 066c 70E0      		ldi r23,hi8(63)
 804 066e 80E0      		ldi r24,hlo8(63)
 805 0670 90E0      		ldi r25,hhi8(63)
 806 0672 0E94 0000 		call NutSleep
 807 0676 80E0      		ldi r24,lo8(0)
 808 0678 0E94 0000 		call NicPhyRead
 809 067c 97FF      		sbrs r25,7
 810 067e 00C0      		rjmp .L87
 811 0680 C430      		cpi r28,4
 812 0682 D105      		cpc r29,__zero_reg__
 813 0684 01F4      		brne .+2
 814 0686 00C0      		rjmp .L85
 815 0688 2196      		adiw r28,1
 816 068a 00C0      		rjmp .L88
 817               	.L87:
 818 068c 82E1      		ldi r24,lo8(18)
 819 068e 0E94 0000 		call NicPhyRead
 820 0692 60EC      		ldi r22,lo8(16320)
 821 0694 7FE3      		ldi r23,hi8(16320)
 822 0696 83E1      		ldi r24,lo8(19)
 823 0698 0E94 0000 		call NicPhyWrite
 824 069c 1092 0EC0 		sts -16370,__zero_reg__
 825 06a0 E092 0AC0 		sts -16374,r14
 826 06a4 0093 0BC0 		sts -16373,r16
 827 06a8 61EE      		ldi r22,lo8(481)
 828 06aa 71E0      		ldi r23,hi8(481)
 829 06ac 84E0      		ldi r24,lo8(4)
 830 06ae 0E94 0000 		call NicPhyWrite
 831 06b2 6FE3      		ldi r22,lo8(63)
 832 06b4 70E0      		ldi r23,hi8(63)
 833 06b6 80E0      		ldi r24,hlo8(63)
 834 06b8 90E0      		ldi r25,hhi8(63)
 835 06ba 0E94 0000 		call NutSleep
 836 06be C0E0      		ldi r28,lo8(0)
 837 06c0 D0E0      		ldi r29,hi8(0)
 838               	.L91:
 839 06c2 CE01      		movw r24,r28
 840 06c4 8F77      		andi r24,lo8(127)
 841 06c6 9070      		andi r25,hi8(127)
 842 06c8 892B      		or r24,r25
 843 06ca 01F4      		brne .L89
 844 06cc 60E0      		ldi r22,lo8(4608)
 845 06ce 72E1      		ldi r23,hi8(4608)
 846 06d0 80E0      		ldi r24,lo8(0)
 847 06d2 0E94 0000 		call NicPhyWrite
 848 06d6 6FE3      		ldi r22,lo8(63)
 849 06d8 70E0      		ldi r23,hi8(63)
 850 06da 80E0      		ldi r24,hlo8(63)
 851 06dc 90E0      		ldi r25,hhi8(63)
 852 06de 0E94 0000 		call NutSleep
 853               	.L89:
 854 06e2 81E0      		ldi r24,lo8(1)
GAS LISTING C:\Temp/cc2txjVs.s 			page 16


 855 06e4 0E94 0000 		call NicPhyRead
 856 06e8 85FD      		sbrc r24,5
 857 06ea 00C0      		rjmp .L90
 858 06ec 6FE3      		ldi r22,lo8(63)
 859 06ee 70E0      		ldi r23,hi8(63)
 860 06f0 80E0      		ldi r24,hlo8(63)
 861 06f2 90E0      		ldi r25,hhi8(63)
 862 06f4 0E94 0000 		call NutSleep
 863 06f8 2196      		adiw r28,1
 864 06fa F4E0      		ldi r31,hi8(1024)
 865 06fc C030      		cpi r28,lo8(1024)
 866 06fe DF07      		cpc r29,r31
 867 0700 01F4      		brne .L91
 868 0702 00C0      		rjmp .L85
 869               	.L92:
 870 0704 1596      		adiw r26,5
 871 0706 8C91      		ld r24,X
 872 0708 1597      		sbiw r26,5
 873 070a 8193      		st Z+,r24
 874 070c 1196      		adiw r26,1
 875 070e 20EC      		ldi r18,hi8(-16374)
 876 0710 EA30      		cpi r30,lo8(-16374)
 877 0712 F207      		cpc r31,r18
 878 0714 01F4      		brne .L92
 879 0716 82E0      		ldi r24,lo8(2)
 880 0718 8093 0EC0 		sts -16370,r24
 881 071c 81E5      		ldi r24,lo8(81)
 882 071e 8093 0DC0 		sts -16371,r24
 883 0722 8AB7      		in r24,90-32
 884 0724 8460      		ori r24,lo8(4)
 885 0726 8ABF      		out 90-32,r24
 886 0728 8AB7      		in r24,90-32
 887 072a 8860      		ori r24,lo8(8)
 888 072c 8ABF      		out 90-32,r24
 889 072e 89B7      		in r24,89-32
 890 0730 8062      		ori r24,lo8(32)
 891 0732 89BF      		out 89-32,r24
 892 0734 80E0      		ldi r24,lo8(mutex)
 893 0736 90E0      		ldi r25,hi8(mutex)
 894 0738 0E94 0000 		call NutEventPost
 895 073c 89E0      		ldi r24,lo8(9)
 896 073e 0E94 0000 		call NutThreadSetPriority
 897 0742 82E0      		ldi r24,lo8(2)
 898 0744 482E      		mov r4,r24
 899 0746 00EE      		ldi r16,lo8(-32)
 900 0748 502E      		mov r5,r16
 901 074a 10E8      		ldi r17,lo8(-128)
 902 074c A12E      		mov r10,r17
 903 074e 00C0      		rjmp .L93
 904               	.L85:
 905 0750 68EE      		ldi r22,lo8(1000)
 906 0752 73E0      		ldi r23,hi8(1000)
 907 0754 80E0      		ldi r24,hlo8(1000)
 908 0756 90E0      		ldi r25,hhi8(1000)
 909 0758 0E94 0000 		call NutSleep
 910 075c 00C0      		rjmp .L107
 911               	.L93:
GAS LISTING C:\Temp/cc2txjVs.s 			page 17


 912 075e 40ED      		ldi r20,lo8(2000)
 913 0760 57E0      		ldi r21,hi8(2000)
 914 0762 60E0      		ldi r22,hlo8(2000)
 915 0764 70E0      		ldi r23,hhi8(2000)
 916 0766 C401      		movw r24,r8
 917 0768 0E94 0000 		call NutEventWait
 918 076c B090 0DC0 		lds r11,-16371
 919 0770 1092 0DC0 		sts -16371,__zero_reg__
 920 0774 00C0      		rjmp .L105
 921               	.L100:
 922 0776 8FEF      		ldi r24,hi8(-1)
 923 0778 CF3F      		cpi r28,lo8(-1)
 924 077a D807      		cpc r29,r24
 925 077c 01F0      		breq .L105
 926 077e F401      		movw r30,r8
 927 0780 8481      		ldd r24,Z+4
 928 0782 9581      		ldd r25,Z+5
 929 0784 A681      		ldd r26,Z+6
 930 0786 B781      		ldd r27,Z+7
 931 0788 0196      		adiw r24,1
 932 078a A11D      		adc r26,__zero_reg__
 933 078c B11D      		adc r27,__zero_reg__
 934 078e 8483      		std Z+4,r24
 935 0790 9583      		std Z+5,r25
 936 0792 A683      		std Z+6,r26
 937 0794 B783      		std Z+7,r27
 938 0796 D301      		movw r26,r6
 939 0798 5F96      		adiw r26,31
 940 079a ED91      		ld r30,X+
 941 079c FC91      		ld r31,X
 942 079e 9097      		sbiw r26,31+1
 943 07a0 BE01      		movw r22,r28
 944 07a2 C601      		movw r24,r12
 945 07a4 0995      		icall
 946               	.L105:
 947 07a6 4092 0EC0 		sts -16370,r4
 948 07aa 8091 04C0 		lds r24,-16380
 949 07ae 9091 05C0 		lds r25,(-16380)+1
 950 07b2 97FD      		sbrc r25,7
 951 07b4 00C0      		rjmp .L95
 952 07b6 1092 06C0 		sts -16378,__zero_reg__
 953 07ba 5092 07C0 		sts -16377,r5
 954               	/* #APP */
 955               	 ;  1040 "../../nut/arch/avr/dev/lanc111.c" 1
 956 07be 0000      		nop
 957               	 ;  0 "" 2
 958               	 ;  1041 "../../nut/arch/avr/dev/lanc111.c" 1
 959 07c0 0000      		nop
 960               	 ;  0 "" 2
 961               	 ;  1042 "../../nut/arch/avr/dev/lanc111.c" 1
 962 07c2 0000      		nop
 963               	 ;  0 "" 2
 964               	 ;  1043 "../../nut/arch/avr/dev/lanc111.c" 1
 965 07c4 0000      		nop
 966               	 ;  0 "" 2
 967               	/* #NOAPP */
 968 07c6 8091 08C0 		lds r24,-16376
GAS LISTING C:\Temp/cc2txjVs.s 			page 18


 969 07ca 9091 09C0 		lds r25,(-16376)+1
 970 07ce 0091 08C0 		lds r16,-16376
 971 07d2 1091 09C0 		lds r17,(-16376)+1
 972 07d6 8070      		andi r24,lo8(-21504)
 973 07d8 9C7A      		andi r25,hi8(-21504)
 974 07da 892B      		or r24,r25
 975 07dc 01F4      		brne .L96
 976 07de C801      		movw r24,r16
 977 07e0 8254      		subi r24,lo8(-(-66))
 978 07e2 9040      		sbci r25,hi8(-(-66))
 979 07e4 835B      		subi r24,lo8(1459)
 980 07e6 9540      		sbci r25,hi8(1459)
 981 07e8 00F4      		brsh .L96
 982 07ea BDEF      		ldi r27,lo8(-3)
 983 07ec EB2E      		mov r14,r27
 984 07ee BFEF      		ldi r27,hi8(-3)
 985 07f0 FB2E      		mov r15,r27
 986 07f2 E00E      		add r14,r16
 987 07f4 F11E      		adc r15,r17
 988 07f6 A701      		movw r20,r14
 989 07f8 60E1      		ldi r22,lo8(16)
 990 07fa 80E0      		ldi r24,lo8(0)
 991 07fc 90E0      		ldi r25,hi8(0)
 992 07fe 0E94 0000 		call NutNetBufAlloc
 993 0802 EC01      		movw r28,r24
 994 0804 0097      		sbiw r24,0
 995 0806 01F0      		breq .L97
 996 0808 8B81      		ldd r24,Y+3
 997 080a 9C81      		ldd r25,Y+4
 998 080c EF28      		or r14,r15
 999 080e 01F0      		breq .L97
 1000 0810 FC01      		movw r30,r24
 1001 0812 C801      		movw r24,r16
 1002 0814 0497      		sbiw r24,4
 1003 0816 292F      		mov r18,r25
 1004 0818 982F      		mov r25,r24
 1005 081a 00C0      		rjmp .L98
 1006               	.L99:
 1007 081c 9150      		subi r25,lo8(-(-1))
 1008               	.L98:
 1009 081e 8091 08C0 		lds r24,-16376
 1010 0822 8193      		st Z+,r24
 1011 0824 9923      		tst r25
 1012 0826 01F4      		brne .L99
 1013 0828 2223      		tst r18
 1014 082a 01F0      		breq .L97
 1015 082c 2150      		subi r18,lo8(-(-1))
 1016 082e 00C0      		rjmp .L99
 1017               	.L96:
 1018 0830 CFEF      		ldi r28,lo8(-1)
 1019 0832 DFEF      		ldi r29,hi8(-1)
 1020               	.L97:
 1021 0834 A092 00C0 		sts -16384,r10
 1022 0838 2097      		sbiw r28,0
 1023 083a 01F0      		breq .+2
 1024 083c 00C0      		rjmp .L100
 1025               	.L95:
GAS LISTING C:\Temp/cc2txjVs.s 			page 19


 1026 083e E1E4      		ldi r30,lo8(65)
 1027 0840 BE2A      		or r11,r30
 1028 0842 B092 0DC0 		sts -16371,r11
 1029 0846 00C0      		rjmp .L93
 1030               	.L108:
 1031 0848 5092 0EC0 		sts -16370,r5
 1032 084c A092 0CC0 		sts -16372,r10
 1033 0850 1092 0EC0 		sts -16370,__zero_reg__
 1034 0854 1092 04C0 		sts -16380,__zero_reg__
 1035 0858 1093 05C0 		sts -16379,r17
 1036 085c B092 00C0 		sts -16384,r11
 1037 0860 1092 01C0 		sts -16383,__zero_reg__
 1038 0864 60E0      		ldi r22,lo8(-32768)
 1039 0866 70E8      		ldi r23,hi8(-32768)
 1040 0868 80E0      		ldi r24,lo8(0)
 1041 086a 0E94 0000 		call NicPhyWrite
 1042 086e C0E0      		ldi r28,lo8(0)
 1043 0870 D0E0      		ldi r29,hi8(0)
 1044 0872 00C0      		rjmp .L88
 1045               	.L90:
 1046 0874 81E0      		ldi r24,lo8(1)
 1047 0876 8093 0EC0 		sts -16370,r24
 1048 087a D301      		movw r26,r6
 1049 087c E4E0      		ldi r30,lo8(-16380)
 1050 087e F0EC      		ldi r31,hi8(-16380)
 1051 0880 00C0      		rjmp .L92
 1052               		.size	NicRxLanc, .-NicRxLanc
 1053               	.global	devSmsc111
 1054               		.data
 1055               		.type	devSmsc111, @object
 1056               		.size	devSmsc111, 35
 1057               	devSmsc111:
 1058 0005 0000      		.word	0
 1059 0007 65        		.byte	101
 1060 0008 74        		.byte	116
 1061 0009 68        		.byte	104
 1062 000a 30        		.byte	48
 1063 000b 00        		.byte	0
 1064 000c 00        		.byte	0
 1065 000d 00        		.byte	0
 1066 000e 00        		.byte	0
 1067 000f 00        		.byte	0
 1068 0010 03        		.byte	3
 1069 0011 0000      		.word	0
 1070 0013 00        		.byte	0
 1071 0014 0000      		.word	ifn_eth0
 1072 0016 0000      		.word	dcb_eth0
 1073 0018 0000      		.word	gs(LancInit)
 1074 001a 0000      		.word	0
 1075 001c 0000      		.word	0
 1076 001e 0000      		.word	0
 1077 0020 0000      		.word	0
 1078 0022 0000      		.word	0
 1079 0024 0000      		.word	0
 1080 0026 0000      		.word	0
 1081               		.type	mx_wait.2463, @object
 1082               		.size	mx_wait.2463, 4
GAS LISTING C:\Temp/cc2txjVs.s 			page 20


 1083               	mx_wait.2463:
 1084 0028 88        		.byte	-120
 1085 0029 13        		.byte	19
 1086 002a 00        		.byte	0
 1087 002b 00        		.byte	0
 1088               		.lcomm mutex,2
 1089               		.lcomm maq,2
 1090               		.type	ifn_eth0, @object
 1091               		.size	ifn_eth0, 39
 1092               	ifn_eth0:
 1093 002c 06        		.byte	6
 1094 002d 00        		.byte	0
 1095 002e 00        		.byte	0
 1096 002f 00        		.byte	0
 1097 0030 00        		.byte	0
 1098 0031 00        		.byte	0
 1099 0032 00        		.byte	0
 1100 0033 00        		.byte	0
 1101 0034 00        		.byte	0
 1102 0035 00        		.byte	0
 1103 0036 00        		.byte	0
 1104 0037 00        		.byte	0
 1105 0038 00        		.byte	0
 1106 0039 00        		.byte	0
 1107 003a 00        		.byte	0
 1108 003b 00        		.byte	0
 1109 003c 00        		.byte	0
 1110 003d 00        		.byte	0
 1111 003e 00        		.byte	0
 1112 003f 00        		.byte	0
 1113 0040 00        		.byte	0
 1114 0041 00        		.byte	0
 1115 0042 00        		.byte	0
 1116 0043 DC05      		.word	1500
 1117 0045 0000      		.word	0
 1118 0047 0000      		.word	0
 1119 0049 0000      		.word	0
 1120 004b 0000      		.word	gs(NutEtherInput)
 1121 004d 0000      		.word	gs(LancOutput)
 1122 004f 0000      		.word	gs(NutEtherOutput)
 1123 0051 0000      		.skip 2,0
 1124               		.lcomm dcb_eth0,32
GAS LISTING C:\Temp/cc2txjVs.s 			page 21


DEFINED SYMBOLS
                            *ABS*:00000000 lanc111.c
  C:\Temp/cc2txjVs.s:2      *ABS*:0000003f __SREG__
  C:\Temp/cc2txjVs.s:3      *ABS*:0000003e __SP_H__
  C:\Temp/cc2txjVs.s:4      *ABS*:0000003d __SP_L__
  C:\Temp/cc2txjVs.s:5      *ABS*:00000034 __CCP__
  C:\Temp/cc2txjVs.s:6      *ABS*:00000000 __tmp_reg__
  C:\Temp/cc2txjVs.s:7      *ABS*:00000001 __zero_reg__
  C:\Temp/cc2txjVs.s:12     .text:00000000 NicPhyRegSelect
  C:\Temp/cc2txjVs.s:83     .text:000000a2 NicPhyRead
  C:\Temp/cc2txjVs.s:119    .text:000000ea NicPhyWrite
  C:\Temp/cc2txjVs.s:168    .text:0000014e NicInterrupt
  C:\Temp/cc2txjVs.s:1088   .bss:00000002 maq
  C:\Temp/cc2txjVs.s:331    .text:00000294 LancInit
  C:\Temp/cc2txjVs.s:723    .text:000005b2 NicRxLanc
  C:\Temp/cc2txjVs.s:377    .text:000002e4 NicMmuWait
  C:\Temp/cc2txjVs.s:414    .text:0000031a LancOutput
  C:\Temp/cc2txjVs.s:1083   .data:00000028 mx_wait.2463
                             .bss:00000000 mutex
  C:\Temp/cc2txjVs.s:1057   .data:00000005 devSmsc111
  C:\Temp/cc2txjVs.s:1092   .data:0000002c ifn_eth0
  C:\Temp/cc2txjVs.s:1089   .bss:00000004 dcb_eth0

UNDEFINED SYMBOLS
__do_copy_data
__do_clear_bss
sig_INTERRUPT5
NutRegisterIrqHandler
NutThreadCreate
NutDelay
NutEventWait
NutEventPost
NutSleep
NutThreadSetPriority
NutNetBufAlloc
NutEtherInput
NutEtherOutput
