GAS LISTING C:\Temp/cc4CRDsO.s 			page 1


   1               		.file	"nicrtl.c"
   2               	__SREG__ = 0x3f
   3               	__SP_H__ = 0x3e
   4               	__SP_L__ = 0x3d
   5               	__CCP__  = 0x34
   6               	__tmp_reg__ = 0
   7               	__zero_reg__ = 1
   8               		.global __do_copy_data
   9               		.global __do_clear_bss
  10               		.text
  11               		.type	NicInterrupt, @function
  12               	NicInterrupt:
  13 0000 CF93      		push r28
  14 0002 DF93      		push r29
  15               	/* prologue: function */
  16               	/* frame size = 0 */
  17 0004 FC01      		movw r30,r24
  18 0006 C189      		ldd r28,Z+17
  19 0008 D289      		ldd r29,Z+18
  20 000a 8A85      		ldd r24,Y+10
  21 000c 9B85      		ldd r25,Y+11
  22 000e AC85      		ldd r26,Y+12
  23 0010 BD85      		ldd r27,Y+13
  24 0012 0196      		adiw r24,1
  25 0014 A11D      		adc r26,__zero_reg__
  26 0016 B11D      		adc r27,__zero_reg__
  27 0018 8A87      		std Y+10,r24
  28 001a 9B87      		std Y+11,r25
  29 001c AC87      		std Y+12,r26
  30 001e BD87      		std Y+13,r27
  31 0020 8091 0783 		lds r24,-31993
  32 0024 8093 0783 		sts -31993,r24
  33 0028 282F      		mov r18,r24
  34 002a 84FF      		sbrs r24,4
  35 002c 00C0      		rjmp .L2
  36               	.L14:
  37 002e 8091 0083 		lds r24,-32000
  38 0032 82FD      		sbrc r24,2
  39 0034 00C0      		rjmp .L14
  40 0036 8091 0083 		lds r24,-32000
  41 003a 91E6      		ldi r25,lo8(97)
  42 003c 9093 0083 		sts -32000,r25
  43 0040 2091 0783 		lds r18,-31993
  44 0044 91E2      		ldi r25,lo8(33)
  45 0046 9093 0083 		sts -32000,r25
  46 004a 1092 0A83 		sts -31990,__zero_reg__
  47 004e 1092 0B83 		sts -31989,__zero_reg__
  48 0052 82FD      		sbrc r24,2
  49 0054 00C0      		rjmp .L4
  50 0056 90E0      		ldi r25,lo8(0)
  51 0058 00C0      		rjmp .L5
  52               	.L4:
  53 005a 8091 0783 		lds r24,-31993
  54 005e 90E0      		ldi r25,lo8(0)
  55 0060 8A70      		andi r24,lo8(10)
  56 0062 01F4      		brne .L5
  57 0064 91E0      		ldi r25,lo8(1)
GAS LISTING C:\Temp/cc4CRDsO.s 			page 2


  58               	.L5:
  59 0066 82E0      		ldi r24,lo8(2)
  60 0068 8093 0D83 		sts -31987,r24
  61 006c 82E2      		ldi r24,lo8(34)
  62 006e 8093 0083 		sts -32000,r24
  63 0072 822F      		mov r24,r18
  64 0074 8150      		subi r24,lo8(-(-1))
  65 0076 8634      		cpi r24,lo8(70)
  66 0078 00F4      		brsh .L7
  67 007a 8FE5      		ldi r24,lo8(95)
  68               	.L7:
  69 007c 8093 0383 		sts -31997,r24
  70 0080 1092 0D83 		sts -31987,__zero_reg__
  71 0084 9923      		tst r25
  72 0086 01F0      		breq .L8
  73 0088 86E2      		ldi r24,lo8(38)
  74 008a 8093 0083 		sts -32000,r24
  75               	.L8:
  76 008e 80E1      		ldi r24,lo8(16)
  77 0090 8093 0783 		sts -31993,r24
  78 0094 8E85      		ldd r24,Y+14
  79 0096 9F85      		ldd r25,Y+15
  80 0098 A889      		ldd r26,Y+16
  81 009a B989      		ldd r27,Y+17
  82 009c 0196      		adiw r24,1
  83 009e A11D      		adc r26,__zero_reg__
  84 00a0 B11D      		adc r27,__zero_reg__
  85 00a2 8E87      		std Y+14,r24
  86 00a4 9F87      		std Y+15,r25
  87 00a6 A88B      		std Y+16,r26
  88 00a8 B98B      		std Y+17,r27
  89 00aa 00C0      		rjmp .L13
  90               	.L2:
  91 00ac 83FF      		sbrs r24,3
  92 00ae 00C0      		rjmp .L10
  93 00b0 8AA1      		ldd r24,Y+34
  94 00b2 9BA1      		ldd r25,Y+35
  95 00b4 ACA1      		ldd r26,Y+36
  96 00b6 BDA1      		ldd r27,Y+37
  97 00b8 0196      		adiw r24,1
  98 00ba A11D      		adc r26,__zero_reg__
  99 00bc B11D      		adc r27,__zero_reg__
 100 00be 8AA3      		std Y+34,r24
 101 00c0 9BA3      		std Y+35,r25
 102 00c2 ACA3      		std Y+36,r26
 103 00c4 BDA3      		std Y+37,r27
 104               	.L10:
 105 00c6 20FF      		sbrs r18,0
 106 00c8 00C0      		rjmp .L11
 107 00ca 8881      		ld r24,Y
 108 00cc 9981      		ldd r25,Y+1
 109 00ce 892B      		or r24,r25
 110 00d0 01F4      		brne .L12
 111 00d2 8FEF      		ldi r24,lo8(-1)
 112 00d4 9FEF      		ldi r25,hi8(-1)
 113 00d6 9983      		std Y+1,r25
 114 00d8 8883      		st Y,r24
GAS LISTING C:\Temp/cc4CRDsO.s 			page 3


 115 00da 00C0      		rjmp .L11
 116               	.L12:
 117 00dc 8881      		ld r24,Y
 118 00de 9981      		ldd r25,Y+1
 119 00e0 8F5F      		subi r24,lo8(-1)
 120 00e2 9F4F      		sbci r25,hi8(-1)
 121 00e4 01F0      		breq .L11
 122 00e6 E881      		ld r30,Y
 123 00e8 F981      		ldd r31,Y+1
 124 00ea 8481      		ldd r24,Z+4
 125 00ec 9581      		ldd r25,Z+5
 126 00ee 0196      		adiw r24,1
 127 00f0 9583      		std Z+5,r25
 128 00f2 8483      		std Z+4,r24
 129               	.L11:
 130 00f4 22FF      		sbrs r18,2
 131 00f6 00C0      		rjmp .L13
 132 00f8 2091 0D83 		lds r18,-31987
 133 00fc 8A89      		ldd r24,Y+18
 134 00fe 9B89      		ldd r25,Y+19
 135 0100 AC89      		ldd r26,Y+20
 136 0102 BD89      		ldd r27,Y+21
 137 0104 820F      		add r24,r18
 138 0106 911D      		adc r25,__zero_reg__
 139 0108 A11D      		adc r26,__zero_reg__
 140 010a B11D      		adc r27,__zero_reg__
 141 010c 8A8B      		std Y+18,r24
 142 010e 9B8B      		std Y+19,r25
 143 0110 AC8B      		std Y+20,r26
 144 0112 BD8B      		std Y+21,r27
 145 0114 2091 0E83 		lds r18,-31986
 146 0118 8E89      		ldd r24,Y+22
 147 011a 9F89      		ldd r25,Y+23
 148 011c A88D      		ldd r26,Y+24
 149 011e B98D      		ldd r27,Y+25
 150 0120 820F      		add r24,r18
 151 0122 911D      		adc r25,__zero_reg__
 152 0124 A11D      		adc r26,__zero_reg__
 153 0126 B11D      		adc r27,__zero_reg__
 154 0128 8E8B      		std Y+22,r24
 155 012a 9F8B      		std Y+23,r25
 156 012c A88F      		std Y+24,r26
 157 012e B98F      		std Y+25,r27
 158 0130 2091 0F83 		lds r18,-31985
 159 0134 8A8D      		ldd r24,Y+26
 160 0136 9B8D      		ldd r25,Y+27
 161 0138 AC8D      		ldd r26,Y+28
 162 013a BD8D      		ldd r27,Y+29
 163 013c 820F      		add r24,r18
 164 013e 911D      		adc r25,__zero_reg__
 165 0140 A11D      		adc r26,__zero_reg__
 166 0142 B11D      		adc r27,__zero_reg__
 167 0144 8A8F      		std Y+26,r24
 168 0146 9B8F      		std Y+27,r25
 169 0148 AC8F      		std Y+28,r26
 170 014a BD8F      		std Y+29,r27
 171               	.L13:
GAS LISTING C:\Temp/cc4CRDsO.s 			page 4


 172               	/* epilogue start */
 173 014c DF91      		pop r29
 174 014e CF91      		pop r28
 175 0150 0895      		ret
 176               		.size	NicInterrupt, .-NicInterrupt
 177               		.type	NicStart, @function
 178               	NicStart:
 179 0152 EF92      		push r14
 180 0154 FF92      		push r15
 181 0156 0F93      		push r16
 182 0158 1F93      		push r17
 183               	/* prologue: function */
 184               	/* frame size = 0 */
 185 015a F82E      		mov r15,r24
 186 015c E92E      		mov r14,r25
 187 015e 00E0      		ldi r16,lo8(0)
 188               	.L20:
 189 0160 1091 1F83 		lds r17,-31969
 190 0164 85E0      		ldi r24,lo8(5)
 191 0166 0E94 0000 		call NutDelay
 192 016a 1093 1F83 		sts -31969,r17
 193 016e 10E0      		ldi r17,lo8(0)
 194               	.L19:
 195 0170 82E3      		ldi r24,lo8(50)
 196 0172 0E94 0000 		call NutDelay
 197 0176 8091 0783 		lds r24,-31993
 198 017a 87FF      		sbrs r24,7
 199 017c 00C0      		rjmp .L17
 200 017e 8091 0A83 		lds r24,-31990
 201 0182 8035      		cpi r24,lo8(80)
 202 0184 01F4      		brne .L17
 203 0186 8091 0B83 		lds r24,-31989
 204 018a 8037      		cpi r24,lo8(112)
 205 018c 01F0      		breq .L18
 206               	.L17:
 207 018e 1F5F      		subi r17,lo8(-(1))
 208 0190 1431      		cpi r17,lo8(20)
 209 0192 01F4      		brne .L19
 210 0194 0F5F      		subi r16,lo8(-(1))
 211 0196 0431      		cpi r16,lo8(20)
 212 0198 01F4      		brne .L20
 213 019a 2FEF      		ldi r18,lo8(-1)
 214 019c 3FEF      		ldi r19,hi8(-1)
 215 019e 00C0      		rjmp .L21
 216               	.L18:
 217 01a0 1092 0F83 		sts -31985,__zero_reg__
 218 01a4 0FEF      		ldi r16,lo8(-1)
 219 01a6 0093 0783 		sts -31993,r16
 220 01aa 81EE      		ldi r24,lo8(-31)
 221 01ac 8093 0083 		sts -32000,r24
 222 01b0 80EC      		ldi r24,lo8(-64)
 223 01b2 8093 0183 		sts -31999,r24
 224 01b6 10E2      		ldi r17,lo8(32)
 225 01b8 1093 0583 		sts -31995,r17
 226 01bc 1093 0683 		sts -31994,r17
 227 01c0 1092 0183 		sts -31999,__zero_reg__
 228 01c4 8FEF      		ldi r24,lo8(-1)
GAS LISTING C:\Temp/cc4CRDsO.s 			page 5


 229 01c6 0E94 0000 		call NutDelay
 230 01ca 81E2      		ldi r24,lo8(33)
 231 01cc 8093 0083 		sts -32000,r24
 232 01d0 88E4      		ldi r24,lo8(72)
 233 01d2 8093 0E83 		sts -31986,r24
 234 01d6 1092 0A83 		sts -31990,__zero_reg__
 235 01da 1092 0B83 		sts -31989,__zero_reg__
 236 01de 1093 0C83 		sts -31988,r17
 237 01e2 82E0      		ldi r24,lo8(2)
 238 01e4 8093 0D83 		sts -31987,r24
 239 01e8 80E4      		ldi r24,lo8(64)
 240 01ea 8093 0483 		sts -31996,r24
 241 01ee 8FE5      		ldi r24,lo8(95)
 242 01f0 8093 0383 		sts -31997,r24
 243 01f4 86E4      		ldi r24,lo8(70)
 244 01f6 8093 0183 		sts -31999,r24
 245 01fa 80E6      		ldi r24,lo8(96)
 246 01fc 8093 0283 		sts -31998,r24
 247 0200 0093 0783 		sts -31993,r16
 248 0204 81E6      		ldi r24,lo8(97)
 249 0206 8093 0083 		sts -32000,r24
 250 020a 2F2D      		mov r18,r15
 251 020c 3E2D      		mov r19,r14
 252 020e C901      		movw r24,r18
 253 0210 DC01      		movw r26,r24
 254 0212 E1E0      		ldi r30,lo8(-31999)
 255 0214 F3E8      		ldi r31,hi8(-31999)
 256               	.L22:
 257 0216 8D91      		ld r24,X+
 258 0218 8193      		st Z+,r24
 259 021a 83E8      		ldi r24,hi8(-31993)
 260 021c E730      		cpi r30,lo8(-31993)
 261 021e F807      		cpc r31,r24
 262 0220 01F4      		brne .L22
 263 0222 E8E0      		ldi r30,lo8(-31992)
 264 0224 F3E8      		ldi r31,hi8(-31992)
 265               	.L23:
 266 0226 1192      		st Z+,__zero_reg__
 267 0228 83E8      		ldi r24,hi8(-31984)
 268 022a E031      		cpi r30,lo8(-31984)
 269 022c F807      		cpc r31,r24
 270 022e 01F4      		brne .L23
 271 0230 86E4      		ldi r24,lo8(70)
 272 0232 8093 0783 		sts -31993,r24
 273 0236 81E2      		ldi r24,lo8(33)
 274 0238 8093 0083 		sts -32000,r24
 275 023c 84E0      		ldi r24,lo8(4)
 276 023e 8093 0C83 		sts -31988,r24
 277 0242 8FEF      		ldi r24,lo8(-1)
 278 0244 8093 0783 		sts -31993,r24
 279 0248 8DE1      		ldi r24,lo8(29)
 280 024a 8093 0F83 		sts -31985,r24
 281 024e 82E2      		ldi r24,lo8(34)
 282 0250 8093 0083 		sts -32000,r24
 283 0254 1092 0D83 		sts -31987,__zero_reg__
 284 0258 8FEF      		ldi r24,lo8(-1)
 285 025a 0E94 0000 		call NutDelay
GAS LISTING C:\Temp/cc4CRDsO.s 			page 6


 286 025e 20E0      		ldi r18,lo8(0)
 287 0260 30E0      		ldi r19,hi8(0)
 288               	.L21:
 289 0262 C901      		movw r24,r18
 290               	/* epilogue start */
 291 0264 1F91      		pop r17
 292 0266 0F91      		pop r16
 293 0268 FF90      		pop r15
 294 026a EF90      		pop r14
 295 026c 0895      		ret
 296               		.size	NicStart, .-NicStart
 297               		.data
 298               	.LC0:
 299 0000 7278 6935 		.string	"rxi5"
 299      00
 300               		.text
 301               	.global	NicInit
 302               		.type	NicInit, @function
 303               	NicInit:
 304 026e EF92      		push r14
 305 0270 FF92      		push r15
 306 0272 0F93      		push r16
 307 0274 1F93      		push r17
 308 0276 CF93      		push r28
 309 0278 DF93      		push r29
 310               	/* prologue: function */
 311               	/* frame size = 0 */
 312 027a EC01      		movw r28,r24
 313 027c 8091 0000 		lds r24,confnet
 314 0280 8823      		tst r24
 315 0282 01F4      		brne .L30
 316 0284 CE01      		movw r24,r28
 317 0286 0296      		adiw r24,2
 318 0288 0E94 0000 		call NutNetLoadConfig
 319               	.L30:
 320 028c 0F85      		ldd r16,Y+15
 321 028e 1889      		ldd r17,Y+16
 322 0290 85E0      		ldi r24,lo8(5)
 323 0292 E82E      		mov r14,r24
 324 0294 F12C      		mov r15,__zero_reg__
 325 0296 E00E      		add r14,r16
 326 0298 F11E      		adc r15,r17
 327 029a D701      		movw r26,r14
 328 029c E0E0      		ldi r30,lo8(confnet+10)
 329 029e F0E0      		ldi r31,hi8(confnet+10)
 330 02a0 86E0      		ldi r24,lo8(6)
 331               	.L31:
 332 02a2 0190      		ld r0,Z+
 333 02a4 0D92      		st X+,r0
 334 02a6 8150      		subi r24,lo8(-(-1))
 335 02a8 01F4      		brne .L31
 336 02aa E989      		ldd r30,Y+17
 337 02ac FA89      		ldd r31,Y+18
 338 02ae 86E2      		ldi r24,lo8(38)
 339 02b0 DF01      		movw r26,r30
 340 02b2 1D92      		st X+,__zero_reg__
 341 02b4 8A95      	        dec r24
GAS LISTING C:\Temp/cc4CRDsO.s 			page 7


 342 02b6 01F4      		brne .-6
 343 02b8 20E8      		ldi r18,lo8(640)
 344 02ba 32E0      		ldi r19,hi8(640)
 345 02bc AE01      		movw r20,r28
 346 02be 60E0      		ldi r22,lo8(gs(NicRx))
 347 02c0 70E0      		ldi r23,hi8(gs(NicRx))
 348 02c2 80E0      		ldi r24,lo8(.LC0)
 349 02c4 90E0      		ldi r25,hi8(.LC0)
 350 02c6 0E94 0000 		call NutThreadCreate
 351 02ca 64EF      		ldi r22,lo8(500)
 352 02cc 71E0      		ldi r23,hi8(500)
 353 02ce 80E0      		ldi r24,hlo8(500)
 354 02d0 90E0      		ldi r25,hhi8(500)
 355 02d2 0E94 0000 		call NutSleep
 356 02d6 AE01      		movw r20,r28
 357 02d8 60E0      		ldi r22,lo8(gs(NicInterrupt))
 358 02da 70E0      		ldi r23,hi8(gs(NicInterrupt))
 359 02dc 80E0      		ldi r24,lo8(sig_INTERRUPT5)
 360 02de 90E0      		ldi r25,hi8(sig_INTERRUPT5)
 361 02e0 0E94 0000 		call NutRegisterIrqHandler
 362 02e4 892B      		or r24,r25
 363 02e6 01F4      		brne .L32
 364 02e8 89B7      		in r24,89-32
 365 02ea 8F7D      		andi r24,lo8(-33)
 366 02ec 89BF      		out 89-32,r24
 367 02ee F801      		movw r30,r16
 368 02f0 8681      		ldd r24,Z+6
 369 02f2 9581      		ldd r25,Z+5
 370 02f4 892B      		or r24,r25
 371 02f6 9781      		ldd r25,Z+7
 372 02f8 892B      		or r24,r25
 373 02fa 01F0      		breq .L33
 374 02fc C701      		movw r24,r14
 375 02fe 0E94 0000 		call NicStart
 376 0302 892B      		or r24,r25
 377 0304 01F4      		brne .L32
 378               	.L33:
 379 0306 89B7      		in r24,89-32
 380 0308 8062      		ori r24,lo8(32)
 381 030a 89BF      		out 89-32,r24
 382 030c 20E0      		ldi r18,lo8(0)
 383 030e 30E0      		ldi r19,hi8(0)
 384 0310 00C0      		rjmp .L34
 385               	.L32:
 386 0312 2FEF      		ldi r18,lo8(-1)
 387 0314 3FEF      		ldi r19,hi8(-1)
 388               	.L34:
 389 0316 C901      		movw r24,r18
 390               	/* epilogue start */
 391 0318 DF91      		pop r29
 392 031a CF91      		pop r28
 393 031c 1F91      		pop r17
 394 031e 0F91      		pop r16
 395 0320 FF90      		pop r15
 396 0322 EF90      		pop r14
 397 0324 0895      		ret
 398               		.size	NicInit, .-NicInit
GAS LISTING C:\Temp/cc4CRDsO.s 			page 8


 399               	.global	NicOutput
 400               		.type	NicOutput, @function
 401               	NicOutput:
 402 0326 CF92      		push r12
 403 0328 DF92      		push r13
 404 032a EF92      		push r14
 405 032c FF92      		push r15
 406 032e 0F93      		push r16
 407 0330 1F93      		push r17
 408 0332 CF93      		push r28
 409 0334 DF93      		push r29
 410               	/* prologue: function */
 411               	/* frame size = 0 */
 412 0336 FC01      		movw r30,r24
 413 0338 8B01      		movw r16,r22
 414 033a D188      		ldd r13,Z+17
 415 033c C288      		ldd r12,Z+18
 416 033e FB01      		movw r30,r22
 417 0340 C185      		ldd r28,Z+9
 418 0342 D285      		ldd r29,Z+10
 419 0344 8581      		ldd r24,Z+5
 420 0346 9681      		ldd r25,Z+6
 421 0348 C80F      		add r28,r24
 422 034a D91F      		adc r29,r25
 423 034c 8585      		ldd r24,Z+13
 424 034e 9685      		ldd r25,Z+14
 425 0350 C80F      		add r28,r24
 426 0352 D91F      		adc r29,r25
 427 0354 8189      		ldd r24,Z+17
 428 0356 9289      		ldd r25,Z+18
 429 0358 C80F      		add r28,r24
 430 035a D91F      		adc r29,r25
 431 035c F5E0      		ldi r31,hi8(1515)
 432 035e CB3E      		cpi r28,lo8(1515)
 433 0360 DF07      		cpc r29,r31
 434 0362 00F0      		brlo .L38
 435 0364 2FEF      		ldi r18,lo8(-1)
 436 0366 3FEF      		ldi r19,hi8(-1)
 437 0368 00C0      		rjmp .L39
 438               	.L38:
 439 036a CC33      		cpi r28,60
 440 036c D105      		cpc r29,__zero_reg__
 441 036e 00F0      		brlo .L40
 442 0370 FF24      		clr r15
 443 0372 00C0      		rjmp .L69
 444               	.L40:
 445 0374 9CE3      		ldi r25,lo8(60)
 446 0376 F92E      		mov r15,r25
 447 0378 FC1A      		sub r15,r28
 448 037a CCE3      		ldi r28,lo8(60)
 449 037c D0E0      		ldi r29,hi8(60)
 450 037e 00C0      		rjmp .L69
 451               	.L42:
 452 0380 0E94 0000 		call NutThreadYield
 453               	.L69:
 454 0384 8091 0083 		lds r24,-32000
 455 0388 82FD      		sbrc r24,2
GAS LISTING C:\Temp/cc4CRDsO.s 			page 9


 456 038a 00C0      		rjmp .L42
 457 038c 89B7      		in r24,89-32
 458 038e 8F7D      		andi r24,lo8(-33)
 459 0390 89BF      		out 89-32,r24
 460 0392 EC2E      		mov r14,r28
 461 0394 C093 0A83 		sts -31990,r28
 462 0398 BD2F      		mov r27,r29
 463 039a D093 0B83 		sts -31989,r29
 464 039e 1092 0883 		sts -31992,__zero_reg__
 465 03a2 80E4      		ldi r24,lo8(64)
 466 03a4 8093 0983 		sts -31991,r24
 467 03a8 82E1      		ldi r24,lo8(18)
 468 03aa 8093 0083 		sts -32000,r24
 469 03ae F801      		movw r30,r16
 470 03b0 7581      		ldd r23,Z+5
 471 03b2 472F      		mov r20,r23
 472 03b4 5681      		ldd r21,Z+6
 473 03b6 6381      		ldd r22,Z+3
 474 03b8 2481      		ldd r18,Z+4
 475 03ba 4115      		cp r20,__zero_reg__
 476 03bc 5105      		cpc r21,__zero_reg__
 477 03be 01F0      		breq .L43
 478 03c0 862F      		mov r24,r22
 479 03c2 922F      		mov r25,r18
 480 03c4 9C01      		movw r18,r24
 481 03c6 F901      		movw r30,r18
 482 03c8 4150      		subi r20,lo8(-(-1))
 483 03ca 5040      		sbci r21,hi8(-(-1))
 484 03cc 952F      		mov r25,r21
 485 03ce 272F      		mov r18,r23
 486 03d0 260F      		add r18,r22
 487               	.L65:
 488 03d2 8191      		ld r24,Z+
 489 03d4 8093 1083 		sts -31984,r24
 490 03d8 2E17      		cp r18,r30
 491 03da 01F4      		brne .L65
 492 03dc 9923      		tst r25
 493 03de 01F0      		breq .L43
 494 03e0 9150      		subi r25,lo8(-(-1))
 495 03e2 00C0      		rjmp .L65
 496               	.L43:
 497 03e4 F801      		movw r30,r16
 498 03e6 7185      		ldd r23,Z+9
 499 03e8 472F      		mov r20,r23
 500 03ea 5285      		ldd r21,Z+10
 501 03ec 6781      		ldd r22,Z+7
 502 03ee 2085      		ldd r18,Z+8
 503 03f0 4115      		cp r20,__zero_reg__
 504 03f2 5105      		cpc r21,__zero_reg__
 505 03f4 01F0      		breq .L45
 506 03f6 862F      		mov r24,r22
 507 03f8 922F      		mov r25,r18
 508 03fa 9C01      		movw r18,r24
 509 03fc F901      		movw r30,r18
 510 03fe 4150      		subi r20,lo8(-(-1))
 511 0400 5040      		sbci r21,hi8(-(-1))
 512 0402 952F      		mov r25,r21
GAS LISTING C:\Temp/cc4CRDsO.s 			page 10


 513 0404 272F      		mov r18,r23
 514 0406 260F      		add r18,r22
 515               	.L66:
 516 0408 8191      		ld r24,Z+
 517 040a 8093 1083 		sts -31984,r24
 518 040e 2E17      		cp r18,r30
 519 0410 01F4      		brne .L66
 520 0412 9923      		tst r25
 521 0414 01F0      		breq .L45
 522 0416 9150      		subi r25,lo8(-(-1))
 523 0418 00C0      		rjmp .L66
 524               	.L45:
 525 041a F801      		movw r30,r16
 526 041c 7585      		ldd r23,Z+13
 527 041e 472F      		mov r20,r23
 528 0420 5685      		ldd r21,Z+14
 529 0422 6385      		ldd r22,Z+11
 530 0424 2485      		ldd r18,Z+12
 531 0426 4115      		cp r20,__zero_reg__
 532 0428 5105      		cpc r21,__zero_reg__
 533 042a 01F0      		breq .L47
 534 042c 862F      		mov r24,r22
 535 042e 922F      		mov r25,r18
 536 0430 9C01      		movw r18,r24
 537 0432 F901      		movw r30,r18
 538 0434 4150      		subi r20,lo8(-(-1))
 539 0436 5040      		sbci r21,hi8(-(-1))
 540 0438 952F      		mov r25,r21
 541 043a 272F      		mov r18,r23
 542 043c 260F      		add r18,r22
 543               	.L67:
 544 043e 8191      		ld r24,Z+
 545 0440 8093 1083 		sts -31984,r24
 546 0444 2E17      		cp r18,r30
 547 0446 01F4      		brne .L67
 548 0448 9923      		tst r25
 549 044a 01F0      		breq .L47
 550 044c 9150      		subi r25,lo8(-(-1))
 551 044e 00C0      		rjmp .L67
 552               	.L47:
 553 0450 F801      		movw r30,r16
 554 0452 A189      		ldd r26,Z+17
 555 0454 4A2F      		mov r20,r26
 556 0456 5289      		ldd r21,Z+18
 557 0458 7785      		ldd r23,Z+15
 558 045a 6089      		ldd r22,Z+16
 559 045c 4115      		cp r20,__zero_reg__
 560 045e 5105      		cpc r21,__zero_reg__
 561 0460 01F0      		breq .L49
 562 0462 872F      		mov r24,r23
 563 0464 962F      		mov r25,r22
 564 0466 9C01      		movw r18,r24
 565 0468 F901      		movw r30,r18
 566 046a 4150      		subi r20,lo8(-(-1))
 567 046c 5040      		sbci r21,hi8(-(-1))
 568 046e 952F      		mov r25,r21
 569 0470 2A2F      		mov r18,r26
GAS LISTING C:\Temp/cc4CRDsO.s 			page 11


 570 0472 270F      		add r18,r23
 571               	.L68:
 572 0474 8191      		ld r24,Z+
 573 0476 8093 1083 		sts -31984,r24
 574 047a 2E17      		cp r18,r30
 575 047c 01F4      		brne .L68
 576 047e 9923      		tst r25
 577 0480 01F0      		breq .L49
 578 0482 9150      		subi r25,lo8(-(-1))
 579 0484 00C0      		rjmp .L68
 580               	.L52:
 581 0486 1092 1083 		sts -31984,__zero_reg__
 582 048a 0196      		adiw r24,1
 583 048c 00C0      		rjmp .L51
 584               	.L49:
 585 048e 80E0      		ldi r24,lo8(0)
 586 0490 90E0      		ldi r25,hi8(0)
 587 0492 2F2D      		mov r18,r15
 588 0494 30E0      		ldi r19,lo8(0)
 589               	.L51:
 590 0496 8217      		cp r24,r18
 591 0498 9307      		cpc r25,r19
 592 049a 00F0      		brlo .L52
 593 049c 82E2      		ldi r24,lo8(34)
 594 049e 8093 0083 		sts -32000,r24
 595 04a2 90E0      		ldi r25,lo8(0)
 596               	.L54:
 597 04a4 8091 0783 		lds r24,-31993
 598 04a8 86FD      		sbrc r24,6
 599 04aa 00C0      		rjmp .L53
 600 04ac 9F5F      		subi r25,lo8(-(1))
 601 04ae 9531      		cpi r25,lo8(21)
 602 04b0 01F4      		brne .L54
 603               	.L53:
 604 04b2 ED2D      		mov r30,r13
 605 04b4 FC2D      		mov r31,r12
 606 04b6 80E4      		ldi r24,lo8(64)
 607 04b8 8093 0783 		sts -31993,r24
 608 04bc E092 0583 		sts -31995,r14
 609 04c0 B093 0683 		sts -31994,r27
 610 04c4 8093 0483 		sts -31996,r24
 611 04c8 86E2      		ldi r24,lo8(38)
 612 04ca 8093 0083 		sts -32000,r24
 613 04ce 89B7      		in r24,89-32
 614 04d0 8062      		ori r24,lo8(32)
 615 04d2 89BF      		out 89-32,r24
 616 04d4 8681      		ldd r24,Z+6
 617 04d6 9781      		ldd r25,Z+7
 618 04d8 A085      		ldd r26,Z+8
 619 04da B185      		ldd r27,Z+9
 620 04dc 0196      		adiw r24,1
 621 04de A11D      		adc r26,__zero_reg__
 622 04e0 B11D      		adc r27,__zero_reg__
 623 04e2 8683      		std Z+6,r24
 624 04e4 9783      		std Z+7,r25
 625 04e6 A087      		std Z+8,r26
 626 04e8 B187      		std Z+9,r27
GAS LISTING C:\Temp/cc4CRDsO.s 			page 12


 627 04ea 20E0      		ldi r18,lo8(0)
 628 04ec 30E0      		ldi r19,hi8(0)
 629               	.L39:
 630 04ee C901      		movw r24,r18
 631               	/* epilogue start */
 632 04f0 DF91      		pop r29
 633 04f2 CF91      		pop r28
 634 04f4 1F91      		pop r17
 635 04f6 0F91      		pop r16
 636 04f8 FF90      		pop r15
 637 04fa EF90      		pop r14
 638 04fc DF90      		pop r13
 639 04fe CF90      		pop r12
 640 0500 0895      		ret
 641               		.size	NicOutput, .-NicOutput
 642               	.global	NicRx
 643               		.type	NicRx, @function
 644               	NicRx:
 645 0502 DF93      		push r29
 646 0504 CF93      		push r28
 647 0506 00D0      		rcall .
 648 0508 00D0      		rcall .
 649 050a 00D0      		rcall .
 650 050c CDB7      		in r28,__SP_L__
 651 050e DEB7      		in r29,__SP_H__
 652               	/* prologue: function */
 653               	/* frame size = 6 */
 654 0510 4C01      		movw r8,r24
 655 0512 DC01      		movw r26,r24
 656 0514 1F96      		adiw r26,15
 657 0516 AD90      		ld r10,X+
 658 0518 BC90      		ld r11,X
 659 051a 5097      		sbiw r26,15+1
 660 051c 5196      		adiw r26,17
 661 051e 6D90      		ld r6,X+
 662 0520 7C90      		ld r7,X
 663 0522 5297      		sbiw r26,17+1
 664 0524 89E0      		ldi r24,lo8(9)
 665 0526 0E94 0000 		call NutThreadSetPriority
 666 052a F501      		movw r30,r10
 667 052c 8681      		ldd r24,Z+6
 668 052e 9581      		ldd r25,Z+5
 669 0530 8923      		and r24,r25
 670 0532 9781      		ldd r25,Z+7
 671 0534 8923      		and r24,r25
 672 0536 8F3F      		cpi r24,lo8(-1)
 673 0538 01F4      		brne .L72
 674 053a 00C0      		rjmp .L100
 675               	.L73:
 676 053c 6DE7      		ldi r22,lo8(125)
 677 053e 70E0      		ldi r23,hi8(125)
 678 0540 80E0      		ldi r24,hlo8(125)
 679 0542 90E0      		ldi r25,hhi8(125)
 680 0544 0E94 0000 		call NutSleep
 681               	.L100:
 682 0548 D501      		movw r26,r10
 683 054a 1696      		adiw r26,6
GAS LISTING C:\Temp/cc4CRDsO.s 			page 13


 684 054c 8C91      		ld r24,X
 685 054e 1697      		sbiw r26,6
 686 0550 1596      		adiw r26,5
 687 0552 9C91      		ld r25,X
 688 0554 1597      		sbiw r26,5
 689 0556 8923      		and r24,r25
 690 0558 1796      		adiw r26,7
 691 055a 9C91      		ld r25,X
 692 055c 8923      		and r24,r25
 693 055e 8F3F      		cpi r24,lo8(-1)
 694 0560 01F0      		breq .L73
 695 0562 89B7      		in r24,89-32
 696 0564 8F7D      		andi r24,lo8(-33)
 697 0566 89BF      		out 89-32,r24
 698 0568 C501      		movw r24,r10
 699 056a 0596      		adiw r24,5
 700 056c 0E94 0000 		call NicStart
 701 0570 89B7      		in r24,89-32
 702 0572 8062      		ori r24,lo8(32)
 703 0574 89BF      		out 89-32,r24
 704               	.L72:
 705 0576 55E0      		ldi r21,lo8(5)
 706 0578 252E      		mov r2,r21
 707 057a 312C      		mov r3,__zero_reg__
 708 057c 2A0C      		add r2,r10
 709 057e 3B1C      		adc r3,r11
 710 0580 42E2      		ldi r20,lo8(34)
 711 0582 542E      		mov r5,r20
 712 0584 FE01      		movw r30,r28
 713 0586 3596      		adiw r30,5
 714 0588 FE83      		std Y+6,r31
 715 058a ED83      		std Y+5,r30
 716 058c 30E4      		ldi r19,lo8(64)
 717 058e 432E      		mov r4,r19
 718               	.L102:
 719 0590 40E0      		ldi r20,lo8(0)
 720 0592 50E0      		ldi r21,hi8(0)
 721 0594 60E0      		ldi r22,hlo8(0)
 722 0596 70E0      		ldi r23,hhi8(0)
 723 0598 C301      		movw r24,r6
 724 059a 0E94 0000 		call NutEventWait
 725               	.L103:
 726 059e 89B7      		in r24,89-32
 727 05a0 8F7D      		andi r24,lo8(-33)
 728 05a2 89BF      		out 89-32,r24
 729 05a4 F2E6      		ldi r31,lo8(98)
 730 05a6 F093 0083 		sts -32000,r31
 731               	/* #APP */
 732               	 ;  356 "../../nut/arch/avr/dev/nicrtl.c" 1
 733 05aa 0000      		nop
 734               	 ;  0 "" 2
 735               	 ;  357 "../../nut/arch/avr/dev/nicrtl.c" 1
 736 05ac 0000      		nop
 737               	 ;  0 "" 2
 738               	 ;  358 "../../nut/arch/avr/dev/nicrtl.c" 1
 739 05ae 0000      		nop
 740               	 ;  0 "" 2
GAS LISTING C:\Temp/cc4CRDsO.s 			page 14


 741               	 ;  359 "../../nut/arch/avr/dev/nicrtl.c" 1
 742 05b0 0000      		nop
 743               	 ;  0 "" 2
 744               	 ;  360 "../../nut/arch/avr/dev/nicrtl.c" 1
 745 05b2 0000      		nop
 746               	 ;  0 "" 2
 747               	 ;  361 "../../nut/arch/avr/dev/nicrtl.c" 1
 748 05b4 0000      		nop
 749               	 ;  0 "" 2
 750               	 ;  362 "../../nut/arch/avr/dev/nicrtl.c" 1
 751 05b6 0000      		nop
 752               	 ;  0 "" 2
 753               	 ;  363 "../../nut/arch/avr/dev/nicrtl.c" 1
 754 05b8 0000      		nop
 755               	 ;  0 "" 2
 756               	 ;  364 "../../nut/arch/avr/dev/nicrtl.c" 1
 757 05ba 0000      		nop
 758               	 ;  0 "" 2
 759               	 ;  365 "../../nut/arch/avr/dev/nicrtl.c" 1
 760 05bc 0000      		nop
 761               	 ;  0 "" 2
 762               	 ;  366 "../../nut/arch/avr/dev/nicrtl.c" 1
 763 05be 0000      		nop
 764               	 ;  0 "" 2
 765               	 ;  367 "../../nut/arch/avr/dev/nicrtl.c" 1
 766 05c0 0000      		nop
 767               	 ;  0 "" 2
 768               	 ;  368 "../../nut/arch/avr/dev/nicrtl.c" 1
 769 05c2 0000      		nop
 770               	 ;  0 "" 2
 771               	 ;  369 "../../nut/arch/avr/dev/nicrtl.c" 1
 772 05c4 0000      		nop
 773               	 ;  0 "" 2
 774               	 ;  370 "../../nut/arch/avr/dev/nicrtl.c" 1
 775 05c6 0000      		nop
 776               	 ;  0 "" 2
 777               	 ;  371 "../../nut/arch/avr/dev/nicrtl.c" 1
 778 05c8 0000      		nop
 779               	 ;  0 "" 2
 780               	/* #NOAPP */
 781 05ca 8091 0783 		lds r24,-31993
 782 05ce 5092 0083 		sts -32000,r5
 783 05d2 E090 0383 		lds r14,-31997
 784 05d6 E394      		inc r14
 785 05d8 2FE5      		ldi r18,lo8(95)
 786 05da 2E15      		cp r18,r14
 787 05dc 00F4      		brsh .L74
 788 05de 26E4      		ldi r18,lo8(70)
 789 05e0 E22E      		mov r14,r18
 790               	.L74:
 791 05e2 E816      		cp r14,r24
 792 05e4 01F4      		brne .L75
 793 05e6 89B7      		in r24,89-32
 794 05e8 8062      		ori r24,lo8(32)
 795 05ea 89BF      		out 89-32,r24
 796 05ec 00C0      		rjmp .L102
 797               	.L75:
GAS LISTING C:\Temp/cc4CRDsO.s 			page 15


 798 05ee 84E0      		ldi r24,lo8(4)
 799 05f0 8093 0A83 		sts -31990,r24
 800 05f4 1092 0B83 		sts -31989,__zero_reg__
 801 05f8 1092 0883 		sts -31992,__zero_reg__
 802 05fc E092 0983 		sts -31991,r14
 803 0600 9AE0      		ldi r25,lo8(10)
 804 0602 9093 0083 		sts -32000,r25
 805               	/* #APP */
 806               	 ;  356 "../../nut/arch/avr/dev/nicrtl.c" 1
 807 0606 0000      		nop
 808               	 ;  0 "" 2
 809               	 ;  357 "../../nut/arch/avr/dev/nicrtl.c" 1
 810 0608 0000      		nop
 811               	 ;  0 "" 2
 812               	 ;  358 "../../nut/arch/avr/dev/nicrtl.c" 1
 813 060a 0000      		nop
 814               	 ;  0 "" 2
 815               	 ;  359 "../../nut/arch/avr/dev/nicrtl.c" 1
 816 060c 0000      		nop
 817               	 ;  0 "" 2
 818               	 ;  360 "../../nut/arch/avr/dev/nicrtl.c" 1
 819 060e 0000      		nop
 820               	 ;  0 "" 2
 821               	 ;  361 "../../nut/arch/avr/dev/nicrtl.c" 1
 822 0610 0000      		nop
 823               	 ;  0 "" 2
 824               	 ;  362 "../../nut/arch/avr/dev/nicrtl.c" 1
 825 0612 0000      		nop
 826               	 ;  0 "" 2
 827               	 ;  363 "../../nut/arch/avr/dev/nicrtl.c" 1
 828 0614 0000      		nop
 829               	 ;  0 "" 2
 830               	 ;  364 "../../nut/arch/avr/dev/nicrtl.c" 1
 831 0616 0000      		nop
 832               	 ;  0 "" 2
 833               	 ;  365 "../../nut/arch/avr/dev/nicrtl.c" 1
 834 0618 0000      		nop
 835               	 ;  0 "" 2
 836               	 ;  366 "../../nut/arch/avr/dev/nicrtl.c" 1
 837 061a 0000      		nop
 838               	 ;  0 "" 2
 839               	 ;  367 "../../nut/arch/avr/dev/nicrtl.c" 1
 840 061c 0000      		nop
 841               	 ;  0 "" 2
 842               	 ;  368 "../../nut/arch/avr/dev/nicrtl.c" 1
 843 061e 0000      		nop
 844               	 ;  0 "" 2
 845               	 ;  369 "../../nut/arch/avr/dev/nicrtl.c" 1
 846 0620 0000      		nop
 847               	 ;  0 "" 2
 848               	 ;  370 "../../nut/arch/avr/dev/nicrtl.c" 1
 849 0622 0000      		nop
 850               	 ;  0 "" 2
 851               	 ;  371 "../../nut/arch/avr/dev/nicrtl.c" 1
 852 0624 0000      		nop
 853               	 ;  0 "" 2
 854               	/* #NOAPP */
GAS LISTING C:\Temp/cc4CRDsO.s 			page 16


 855 0626 FE01      		movw r30,r28
 856 0628 3196      		adiw r30,1
 857               	.L77:
 858 062a 8091 1083 		lds r24,-31984
 859 062e 8193      		st Z+,r24
 860 0630 AD81      		ldd r26,Y+5
 861 0632 BE81      		ldd r27,Y+6
 862 0634 EA17      		cp r30,r26
 863 0636 FB07      		cpc r31,r27
 864 0638 01F4      		brne .L77
 865 063a 5092 0083 		sts -32000,r5
 866 063e 90E0      		ldi r25,lo8(0)
 867               	.L79:
 868 0640 8091 0783 		lds r24,-31993
 869 0644 86FD      		sbrc r24,6
 870 0646 00C0      		rjmp .L78
 871 0648 9F5F      		subi r25,lo8(-(1))
 872 064a 9531      		cpi r25,lo8(21)
 873 064c 01F4      		brne .L79
 874               	.L78:
 875 064e 4092 0783 		sts -31993,r4
 876 0652 CB80      		ldd r12,Y+3
 877 0654 DC80      		ldd r13,Y+4
 878 0656 80E0      		ldi r24,lo8(0)
 879 0658 C110      		cpse r12,__zero_reg__
 880 065a 81E0      		ldi r24,lo8(1)
 881               	.L80:
 882 065c F82E      		mov r15,r24
 883 065e FD0C      		add r15,r13
 884 0660 FE0C      		add r15,r14
 885 0662 BFE5      		ldi r27,lo8(95)
 886 0664 BF15      		cp r27,r15
 887 0666 00F4      		brsh .L81
 888 0668 E6EE      		ldi r30,lo8(-26)
 889 066a FE0E      		add r15,r30
 890               	.L81:
 891 066c 8A81      		ldd r24,Y+2
 892 066e F816      		cp r15,r24
 893 0670 01F0      		breq .L82
 894 0672 F394      		inc r15
 895 0674 FFE5      		ldi r31,lo8(95)
 896 0676 FF15      		cp r31,r15
 897 0678 00F4      		brsh .L83
 898 067a 26EE      		ldi r18,lo8(-26)
 899 067c F20E      		add r15,r18
 900               	.L83:
 901 067e F816      		cp r15,r24
 902 0680 01F0      		breq .L82
 903 0682 89B7      		in r24,89-32
 904 0684 8062      		ori r24,lo8(32)
 905 0686 89BF      		out 89-32,r24
 906 0688 00C0      		rjmp .L84
 907               	.L82:
 908 068a C601      		movw r24,r12
 909 068c 8054      		subi r24,lo8(-(-64))
 910 068e 9040      		sbci r25,hi8(-(-64))
 911 0690 8F5A      		subi r24,lo8(1455)
GAS LISTING C:\Temp/cc4CRDsO.s 			page 17


 912 0692 9540      		sbci r25,hi8(1455)
 913 0694 00F0      		brlo .+2
 914 0696 00C0      		rjmp .L85
 915 0698 8981      		ldd r24,Y+1
 916 069a 8E70      		andi r24,lo8(14)
 917 069c 01F0      		breq .+2
 918 069e 00C0      		rjmp .L85
 919 06a0 8601      		movw r16,r12
 920 06a2 0450      		subi r16,lo8(-(-4))
 921 06a4 1040      		sbci r17,hi8(-(-4))
 922 06a6 A801      		movw r20,r16
 923 06a8 60E1      		ldi r22,lo8(16)
 924 06aa 80E0      		ldi r24,lo8(0)
 925 06ac 90E0      		ldi r25,hi8(0)
 926 06ae 0E94 0000 		call NutNetBufAlloc
 927 06b2 AC01      		movw r20,r24
 928 06b4 0097      		sbiw r24,0
 929 06b6 01F4      		brne .+2
 930 06b8 00C0      		rjmp .L86
 931 06ba 0093 0A83 		sts -31990,r16
 932 06be 1093 0B83 		sts -31989,r17
 933 06c2 B4E0      		ldi r27,lo8(4)
 934 06c4 B093 0883 		sts -31992,r27
 935 06c8 E092 0983 		sts -31991,r14
 936 06cc EAE0      		ldi r30,lo8(10)
 937 06ce E093 0083 		sts -32000,r30
 938               	/* #APP */
 939               	 ;  356 "../../nut/arch/avr/dev/nicrtl.c" 1
 940 06d2 0000      		nop
 941               	 ;  0 "" 2
 942               	 ;  357 "../../nut/arch/avr/dev/nicrtl.c" 1
 943 06d4 0000      		nop
 944               	 ;  0 "" 2
 945               	 ;  358 "../../nut/arch/avr/dev/nicrtl.c" 1
 946 06d6 0000      		nop
 947               	 ;  0 "" 2
 948               	 ;  359 "../../nut/arch/avr/dev/nicrtl.c" 1
 949 06d8 0000      		nop
 950               	 ;  0 "" 2
 951               	 ;  360 "../../nut/arch/avr/dev/nicrtl.c" 1
 952 06da 0000      		nop
 953               	 ;  0 "" 2
 954               	 ;  361 "../../nut/arch/avr/dev/nicrtl.c" 1
 955 06dc 0000      		nop
 956               	 ;  0 "" 2
 957               	 ;  362 "../../nut/arch/avr/dev/nicrtl.c" 1
 958 06de 0000      		nop
 959               	 ;  0 "" 2
 960               	 ;  363 "../../nut/arch/avr/dev/nicrtl.c" 1
 961 06e0 0000      		nop
 962               	 ;  0 "" 2
 963               	 ;  364 "../../nut/arch/avr/dev/nicrtl.c" 1
 964 06e2 0000      		nop
 965               	 ;  0 "" 2
 966               	 ;  365 "../../nut/arch/avr/dev/nicrtl.c" 1
 967 06e4 0000      		nop
 968               	 ;  0 "" 2
GAS LISTING C:\Temp/cc4CRDsO.s 			page 18


 969               	 ;  366 "../../nut/arch/avr/dev/nicrtl.c" 1
 970 06e6 0000      		nop
 971               	 ;  0 "" 2
 972               	 ;  367 "../../nut/arch/avr/dev/nicrtl.c" 1
 973 06e8 0000      		nop
 974               	 ;  0 "" 2
 975               	 ;  368 "../../nut/arch/avr/dev/nicrtl.c" 1
 976 06ea 0000      		nop
 977               	 ;  0 "" 2
 978               	 ;  369 "../../nut/arch/avr/dev/nicrtl.c" 1
 979 06ec 0000      		nop
 980               	 ;  0 "" 2
 981               	 ;  370 "../../nut/arch/avr/dev/nicrtl.c" 1
 982 06ee 0000      		nop
 983               	 ;  0 "" 2
 984               	 ;  371 "../../nut/arch/avr/dev/nicrtl.c" 1
 985 06f0 0000      		nop
 986               	 ;  0 "" 2
 987               	/* #NOAPP */
 988 06f2 DC01      		movw r26,r24
 989 06f4 1396      		adiw r26,3
 990 06f6 8C91      		ld r24,X
 991 06f8 1397      		sbiw r26,3
 992 06fa 1496      		adiw r26,4
 993 06fc 9C91      		ld r25,X
 994 06fe 012B      		or r16,r17
 995 0700 01F0      		breq .L87
 996 0702 FC01      		movw r30,r24
 997 0704 C601      		movw r24,r12
 998 0706 0597      		sbiw r24,5
 999 0708 292F      		mov r18,r25
 1000 070a 982F      		mov r25,r24
 1001 070c 00C0      		rjmp .L88
 1002               	.L89:
 1003 070e 9150      		subi r25,lo8(-(-1))
 1004               	.L88:
 1005 0710 8091 1083 		lds r24,-31984
 1006 0714 8193      		st Z+,r24
 1007 0716 9923      		tst r25
 1008 0718 01F4      		brne .L89
 1009 071a 2223      		tst r18
 1010 071c 01F0      		breq .L87
 1011 071e 2150      		subi r18,lo8(-(-1))
 1012 0720 00C0      		rjmp .L89
 1013               	.L87:
 1014 0722 5092 0083 		sts -32000,r5
 1015 0726 90E0      		ldi r25,lo8(0)
 1016               	.L91:
 1017 0728 8091 0783 		lds r24,-31993
 1018 072c 86FD      		sbrc r24,6
 1019 072e 00C0      		rjmp .L90
 1020 0730 9F5F      		subi r25,lo8(-(1))
 1021 0732 9531      		cpi r25,lo8(21)
 1022 0734 01F4      		brne .L91
 1023               	.L90:
 1024 0736 4092 0783 		sts -31993,r4
 1025 073a 00C0      		rjmp .L86
GAS LISTING C:\Temp/cc4CRDsO.s 			page 19


 1026               	.L85:
 1027 073c 40E0      		ldi r20,lo8(0)
 1028 073e 50E0      		ldi r21,hi8(0)
 1029               	.L86:
 1030 0740 8F2D      		mov r24,r15
 1031 0742 8150      		subi r24,lo8(-(-1))
 1032 0744 8634      		cpi r24,lo8(70)
 1033 0746 00F4      		brsh .L92
 1034 0748 8FE5      		ldi r24,lo8(95)
 1035               	.L92:
 1036 074a 8093 0383 		sts -31997,r24
 1037 074e 89B7      		in r24,89-32
 1038 0750 8062      		ori r24,lo8(32)
 1039 0752 89BF      		out 89-32,r24
 1040 0754 BFEF      		ldi r27,hi8(-1)
 1041 0756 4F3F      		cpi r20,lo8(-1)
 1042 0758 5B07      		cpc r21,r27
 1043 075a 01F4      		brne .L93
 1044               	.L84:
 1045 075c C101      		movw r24,r2
 1046 075e 0E94 0000 		call NicStart
 1047 0762 F301      		movw r30,r6
 1048 0764 868D      		ldd r24,Z+30
 1049 0766 978D      		ldd r25,Z+31
 1050 0768 A0A1      		ldd r26,Z+32
 1051 076a B1A1      		ldd r27,Z+33
 1052 076c 0196      		adiw r24,1
 1053 076e A11D      		adc r26,__zero_reg__
 1054 0770 B11D      		adc r27,__zero_reg__
 1055 0772 868F      		std Z+30,r24
 1056 0774 978F      		std Z+31,r25
 1057 0776 A0A3      		std Z+32,r26
 1058 0778 B1A3      		std Z+33,r27
 1059 077a 00C0      		rjmp .L103
 1060               	.L93:
 1061 077c 4115      		cp r20,__zero_reg__
 1062 077e 5105      		cpc r21,__zero_reg__
 1063 0780 01F4      		brne .+2
 1064 0782 00C0      		rjmp .L102
 1065 0784 F301      		movw r30,r6
 1066 0786 8281      		ldd r24,Z+2
 1067 0788 9381      		ldd r25,Z+3
 1068 078a A481      		ldd r26,Z+4
 1069 078c B581      		ldd r27,Z+5
 1070 078e 0196      		adiw r24,1
 1071 0790 A11D      		adc r26,__zero_reg__
 1072 0792 B11D      		adc r27,__zero_reg__
 1073 0794 8283      		std Z+2,r24
 1074 0796 9383      		std Z+3,r25
 1075 0798 A483      		std Z+4,r26
 1076 079a B583      		std Z+5,r27
 1077 079c D501      		movw r26,r10
 1078 079e 5F96      		adiw r26,31
 1079 07a0 ED91      		ld r30,X+
 1080 07a2 FC91      		ld r31,X
 1081 07a4 9097      		sbiw r26,31+1
 1082 07a6 BA01      		movw r22,r20
GAS LISTING C:\Temp/cc4CRDsO.s 			page 20


 1083 07a8 C401      		movw r24,r8
 1084 07aa 0995      		icall
 1085 07ac 00C0      		rjmp .L103
 1086               		.size	NicRx, .-NicRx
GAS LISTING C:\Temp/cc4CRDsO.s 			page 21


DEFINED SYMBOLS
                            *ABS*:00000000 nicrtl.c
  C:\Temp/cc4CRDsO.s:2      *ABS*:0000003f __SREG__
  C:\Temp/cc4CRDsO.s:3      *ABS*:0000003e __SP_H__
  C:\Temp/cc4CRDsO.s:4      *ABS*:0000003d __SP_L__
  C:\Temp/cc4CRDsO.s:5      *ABS*:00000034 __CCP__
  C:\Temp/cc4CRDsO.s:6      *ABS*:00000000 __tmp_reg__
  C:\Temp/cc4CRDsO.s:7      *ABS*:00000001 __zero_reg__
  C:\Temp/cc4CRDsO.s:12     .text:00000000 NicInterrupt
  C:\Temp/cc4CRDsO.s:178    .text:00000152 NicStart
  C:\Temp/cc4CRDsO.s:303    .text:0000026e NicInit
  C:\Temp/cc4CRDsO.s:644    .text:00000502 NicRx
  C:\Temp/cc4CRDsO.s:401    .text:00000326 NicOutput

UNDEFINED SYMBOLS
__do_copy_data
__do_clear_bss
NutDelay
confnet
NutNetLoadConfig
NutThreadCreate
NutSleep
sig_INTERRUPT5
NutRegisterIrqHandler
NutThreadYield
NutThreadSetPriority
NutEventWait
NutNetBufAlloc
