GAS LISTING C:\Temp/ccXj9aDR.s 			page 1


   1               		.file	"pcmcia.c"
   2               	__SREG__ = 0x3f
   3               	__SP_H__ = 0x3e
   4               	__SP_L__ = 0x3d
   5               	__CCP__  = 0x34
   6               	__tmp_reg__ = 0
   7               	__zero_reg__ = 1
   8               		.global __do_copy_data
   9               		.global __do_clear_bss
  10               		.text
  11               	.global	pcmcia_WriteMem
  12               		.type	pcmcia_WriteMem, @function
  13               	pcmcia_WriteMem:
  14               	/* prologue: function */
  15               	/* frame size = 0 */
  16               	/* #APP */
  17               	 ;  117 "../../nut/arch/avr/dev/pcmcia.c" 1
  18 0000 F894      		cli
  19               	 ;  0 "" 2
  20               	/* #NOAPP */
  21 0002 8093 0288 		sts -30718,r24
  22 0006 9093 0388 		sts -30717,r25
  23 000a 6093 0088 		sts -30720,r22
  24 000e 7093 0188 		sts -30719,r23
  25 0012 E4E0      		ldi r30,lo8(-30716)
  26 0014 F8E8      		ldi r31,hi8(-30716)
  27 0016 9FEB      		ldi r25,lo8(-65)
  28 0018 9083      		st Z,r25
  29 001a 87EB      		ldi r24,lo8(-73)
  30 001c 8083      		st Z,r24
  31 001e 9083      		st Z,r25
  32 0020 8CE3      		ldi r24,lo8(60)
  33 0022 8083      		st Z,r24
  34               	/* #APP */
  35               	 ;  165 "../../nut/arch/avr/dev/pcmcia.c" 1
  36 0024 7894      		sei
  37               	 ;  0 "" 2
  38               	/* epilogue start */
  39               	/* #NOAPP */
  40 0026 0895      		ret
  41               		.size	pcmcia_WriteMem, .-pcmcia_WriteMem
  42               	.global	pcmcia_WriteReg
  43               		.type	pcmcia_WriteReg, @function
  44               	pcmcia_WriteReg:
  45               	/* prologue: function */
  46               	/* frame size = 0 */
  47               	/* #APP */
  48               	 ;  117 "../../nut/arch/avr/dev/pcmcia.c" 1
  49 0028 F894      		cli
  50               	 ;  0 "" 2
  51               	/* #NOAPP */
  52 002a 8093 0288 		sts -30718,r24
  53 002e 9093 0388 		sts -30717,r25
  54 0032 6093 0088 		sts -30720,r22
  55 0036 7093 0188 		sts -30719,r23
  56 003a E4E0      		ldi r30,lo8(-30716)
  57 003c F8E8      		ldi r31,hi8(-30716)
GAS LISTING C:\Temp/ccXj9aDR.s 			page 2


  58 003e 9FEB      		ldi r25,lo8(-65)
  59 0040 9083      		st Z,r25
  60 0042 8FE9      		ldi r24,lo8(-97)
  61 0044 8083      		st Z,r24
  62 0046 9083      		st Z,r25
  63 0048 8CE3      		ldi r24,lo8(60)
  64 004a 8083      		st Z,r24
  65               	/* #APP */
  66               	 ;  165 "../../nut/arch/avr/dev/pcmcia.c" 1
  67 004c 7894      		sei
  68               	 ;  0 "" 2
  69               	/* epilogue start */
  70               	/* #NOAPP */
  71 004e 0895      		ret
  72               		.size	pcmcia_WriteReg, .-pcmcia_WriteReg
  73               	.global	pcmcia_ReadMem
  74               		.type	pcmcia_ReadMem, @function
  75               	pcmcia_ReadMem:
  76               	/* prologue: function */
  77               	/* frame size = 0 */
  78               	/* #APP */
  79               	 ;  177 "../../nut/arch/avr/dev/pcmcia.c" 1
  80 0050 F894      		cli
  81               	 ;  0 "" 2
  82               	/* #NOAPP */
  83 0052 8093 0288 		sts -30718,r24
  84 0056 9093 0388 		sts -30717,r25
  85 005a E4E0      		ldi r30,lo8(-30716)
  86 005c F8E8      		ldi r31,hi8(-30716)
  87 005e 8FE3      		ldi r24,lo8(63)
  88 0060 8083      		st Z,r24
  89 0062 8BE3      		ldi r24,lo8(59)
  90 0064 8083      		st Z,r24
  91               	/* #APP */
  92               	 ;  201 "../../nut/arch/avr/dev/pcmcia.c" 1
  93 0066 0000      		nop
  94               	 ;  0 "" 2
  95               	 ;  201 "../../nut/arch/avr/dev/pcmcia.c" 1
  96 0068 0000      		nop
  97               	 ;  0 "" 2
  98               	 ;  201 "../../nut/arch/avr/dev/pcmcia.c" 1
  99 006a 0000      		nop
 100               	 ;  0 "" 2
 101               	 ;  201 "../../nut/arch/avr/dev/pcmcia.c" 1
 102 006c 0000      		nop
 103               	 ;  0 "" 2
 104               	/* #NOAPP */
 105 006e 2091 0088 		lds r18,-30720
 106 0072 4091 0188 		lds r20,-30719
 107 0076 8FEB      		ldi r24,lo8(-65)
 108 0078 8083      		st Z,r24
 109 007a 8CE3      		ldi r24,lo8(60)
 110 007c 8083      		st Z,r24
 111 007e 942F      		mov r25,r20
 112 0080 80E0      		ldi r24,lo8(0)
 113               	/* #APP */
 114               	 ;  224 "../../nut/arch/avr/dev/pcmcia.c" 1
GAS LISTING C:\Temp/ccXj9aDR.s 			page 3


 115 0082 7894      		sei
 116               	 ;  0 "" 2
 117               	/* #NOAPP */
 118 0084 30E0      		ldi r19,lo8(0)
 119 0086 282B      		or r18,r24
 120 0088 392B      		or r19,r25
 121 008a C901      		movw r24,r18
 122               	/* epilogue start */
 123 008c 0895      		ret
 124               		.size	pcmcia_ReadMem, .-pcmcia_ReadMem
 125               	.global	pcmcia_ReadReg
 126               		.type	pcmcia_ReadReg, @function
 127               	pcmcia_ReadReg:
 128               	/* prologue: function */
 129               	/* frame size = 0 */
 130               	/* #APP */
 131               	 ;  177 "../../nut/arch/avr/dev/pcmcia.c" 1
 132 008e F894      		cli
 133               	 ;  0 "" 2
 134               	/* #NOAPP */
 135 0090 8093 0288 		sts -30718,r24
 136 0094 9093 0388 		sts -30717,r25
 137 0098 E4E0      		ldi r30,lo8(-30716)
 138 009a F8E8      		ldi r31,hi8(-30716)
 139 009c 8FE3      		ldi r24,lo8(63)
 140 009e 8083      		st Z,r24
 141 00a0 8FE2      		ldi r24,lo8(47)
 142 00a2 8083      		st Z,r24
 143               	/* #APP */
 144               	 ;  201 "../../nut/arch/avr/dev/pcmcia.c" 1
 145 00a4 0000      		nop
 146               	 ;  0 "" 2
 147               	 ;  201 "../../nut/arch/avr/dev/pcmcia.c" 1
 148 00a6 0000      		nop
 149               	 ;  0 "" 2
 150               	 ;  201 "../../nut/arch/avr/dev/pcmcia.c" 1
 151 00a8 0000      		nop
 152               	 ;  0 "" 2
 153               	 ;  201 "../../nut/arch/avr/dev/pcmcia.c" 1
 154 00aa 0000      		nop
 155               	 ;  0 "" 2
 156               	/* #NOAPP */
 157 00ac 2091 0088 		lds r18,-30720
 158 00b0 4091 0188 		lds r20,-30719
 159 00b4 8FEB      		ldi r24,lo8(-65)
 160 00b6 8083      		st Z,r24
 161 00b8 8CE3      		ldi r24,lo8(60)
 162 00ba 8083      		st Z,r24
 163 00bc 942F      		mov r25,r20
 164 00be 80E0      		ldi r24,lo8(0)
 165               	/* #APP */
 166               	 ;  224 "../../nut/arch/avr/dev/pcmcia.c" 1
 167 00c0 7894      		sei
 168               	 ;  0 "" 2
 169               	/* #NOAPP */
 170 00c2 30E0      		ldi r19,lo8(0)
 171 00c4 282B      		or r18,r24
GAS LISTING C:\Temp/ccXj9aDR.s 			page 4


 172 00c6 392B      		or r19,r25
 173 00c8 C901      		movw r24,r18
 174               	/* epilogue start */
 175 00ca 0895      		ret
 176               		.size	pcmcia_ReadReg, .-pcmcia_ReadReg
GAS LISTING C:\Temp/ccXj9aDR.s 			page 5


DEFINED SYMBOLS
                            *ABS*:00000000 pcmcia.c
  C:\Temp/ccXj9aDR.s:2      *ABS*:0000003f __SREG__
  C:\Temp/ccXj9aDR.s:3      *ABS*:0000003e __SP_H__
  C:\Temp/ccXj9aDR.s:4      *ABS*:0000003d __SP_L__
  C:\Temp/ccXj9aDR.s:5      *ABS*:00000034 __CCP__
  C:\Temp/ccXj9aDR.s:6      *ABS*:00000000 __tmp_reg__
  C:\Temp/ccXj9aDR.s:7      *ABS*:00000001 __zero_reg__
  C:\Temp/ccXj9aDR.s:13     .text:00000000 pcmcia_WriteMem
  C:\Temp/ccXj9aDR.s:44     .text:00000028 pcmcia_WriteReg
  C:\Temp/ccXj9aDR.s:75     .text:00000050 pcmcia_ReadMem
  C:\Temp/ccXj9aDR.s:127    .text:0000008e pcmcia_ReadReg

UNDEFINED SYMBOLS
__do_copy_data
__do_clear_bss
