GAS LISTING C:\DOCUME~1\ADMINI~1\LOCALS~1\Temp/ccqOfqpt.s 			page 1


   1               		.file	"confdns.c"
   2               	__SREG__ = 0x3f
   3               	__SP_H__ = 0x3e
   4               	__SP_L__ = 0x3d
   5               	__CCP__  = 0x34
   6               	__tmp_reg__ = 0
   7               	__zero_reg__ = 1
   8               		.text
   9               	.global	NutDnsConfig2
  10               		.type	NutDnsConfig2, @function
  11               	NutDnsConfig2:
  12 0000 8F92      		push r8
  13 0002 9F92      		push r9
  14 0004 AF92      		push r10
  15 0006 BF92      		push r11
  16 0008 CF92      		push r12
  17 000a DF92      		push r13
  18 000c EF92      		push r14
  19 000e FF92      		push r15
  20 0010 0F93      		push r16
  21 0012 1F93      		push r17
  22 0014 CF93      		push r28
  23 0016 DF93      		push r29
  24               	/* prologue: function */
  25               	/* frame size = 0 */
  26 0018 EC01      		movw r28,r24
  27 001a 4B01      		movw r8,r22
  28 001c 5901      		movw r10,r18
  29 001e 6A01      		movw r12,r20
  30 0020 8091 0000 		lds r24,confdns
  31 0024 9091 0000 		lds r25,(confdns)+1
  32 0028 0097      		sbiw r24,0
  33 002a 01F0      		breq .L2
  34 002c 0E94 0000 		call free
  35 0030 1092 0000 		sts (confdns)+1,__zero_reg__
  36 0034 1092 0000 		sts confdns,__zero_reg__
  37               	.L2:
  38 0038 8091 0000 		lds r24,confdns+2
  39 003c 9091 0000 		lds r25,(confdns+2)+1
  40 0040 0097      		sbiw r24,0
  41 0042 01F0      		breq .L3
  42 0044 0E94 0000 		call free
  43 0048 1092 0000 		sts (confdns+2)+1,__zero_reg__
  44 004c 1092 0000 		sts confdns+2,__zero_reg__
  45               	.L3:
  46 0050 2097      		sbiw r28,0
  47 0052 01F0      		breq .L4
  48 0054 CE01      		movw r24,r28
  49 0056 0E94 0000 		call strdup
  50 005a 8093 0000 		sts confdns,r24
  51 005e 9093 0000 		sts confdns+1,r25
  52               	.L4:
  53 0062 8114      		cp r8,__zero_reg__
  54 0064 9104      		cpc r9,__zero_reg__
  55 0066 01F0      		breq .L5
  56 0068 C401      		movw r24,r8
  57 006a 0E94 0000 		call strdup
GAS LISTING C:\DOCUME~1\ADMINI~1\LOCALS~1\Temp/ccqOfqpt.s 			page 2


  58 006e 8093 0000 		sts confdns+2,r24
  59 0072 9093 0000 		sts confdns+3,r25
  60               	.L5:
  61 0076 A092 0000 		sts confdns+4,r10
  62 007a B092 0000 		sts (confdns+4)+1,r11
  63 007e C092 0000 		sts (confdns+4)+2,r12
  64 0082 D092 0000 		sts (confdns+4)+3,r13
  65 0086 E092 0000 		sts confdns+8,r14
  66 008a F092 0000 		sts (confdns+8)+1,r15
  67 008e 0093 0000 		sts (confdns+8)+2,r16
  68 0092 1093 0000 		sts (confdns+8)+3,r17
  69               	/* epilogue start */
  70 0096 DF91      		pop r29
  71 0098 CF91      		pop r28
  72 009a 1F91      		pop r17
  73 009c 0F91      		pop r16
  74 009e FF90      		pop r15
  75 00a0 EF90      		pop r14
  76 00a2 DF90      		pop r13
  77 00a4 CF90      		pop r12
  78 00a6 BF90      		pop r11
  79 00a8 AF90      		pop r10
  80 00aa 9F90      		pop r9
  81 00ac 8F90      		pop r8
  82 00ae 0895      		ret
  83               		.size	NutDnsConfig2, .-NutDnsConfig2
  84               		.comm confdns,12,1
  85               	.global __do_clear_bss
GAS LISTING C:\DOCUME~1\ADMINI~1\LOCALS~1\Temp/ccqOfqpt.s 			page 3


DEFINED SYMBOLS
                            *ABS*:00000000 confdns.c
C:\DOCUME~1\ADMINI~1\LOCALS~1\Temp/ccqOfqpt.s:2      *ABS*:0000003f __SREG__
C:\DOCUME~1\ADMINI~1\LOCALS~1\Temp/ccqOfqpt.s:3      *ABS*:0000003e __SP_H__
C:\DOCUME~1\ADMINI~1\LOCALS~1\Temp/ccqOfqpt.s:4      *ABS*:0000003d __SP_L__
C:\DOCUME~1\ADMINI~1\LOCALS~1\Temp/ccqOfqpt.s:5      *ABS*:00000034 __CCP__
C:\DOCUME~1\ADMINI~1\LOCALS~1\Temp/ccqOfqpt.s:6      *ABS*:00000000 __tmp_reg__
C:\DOCUME~1\ADMINI~1\LOCALS~1\Temp/ccqOfqpt.s:7      *ABS*:00000001 __zero_reg__
C:\DOCUME~1\ADMINI~1\LOCALS~1\Temp/ccqOfqpt.s:11     .text:00000000 NutDnsConfig2
                            *COM*:0000000c confdns

UNDEFINED SYMBOLS
free
strdup
__do_clear_bss
