GAS LISTING C:\DOCUME~1\ADMINI~1\LOCALS~1\Temp/ccqUSvDg.s 			page 1


   1               		.file	"rfctime.c"
   2               	__SREG__ = 0x3f
   3               	__SP_H__ = 0x3e
   4               	__SP_L__ = 0x3d
   5               	__CCP__  = 0x34
   6               	__tmp_reg__ = 0
   7               	__zero_reg__ = 1
   8               		.text
   9               		.type	parse_digits, @function
  10               	parse_digits:
  11               	/* prologue: function */
  12               	/* frame size = 0 */
  13 0000 DC01      		movw r26,r24
  14 0002 FB01      		movw r30,r22
  15 0004 1182      		std Z+1,__zero_reg__
  16 0006 1082      		st Z,__zero_reg__
  17 0008 00C0      		rjmp .L2
  18               	.L3:
  19 000a 8081      		ld r24,Z
  20 000c 9181      		ldd r25,Z+1
  21 000e 9C01      		movw r18,r24
  22 0010 53E0      		ldi r21,3
  23 0012 220F      	1:	lsl r18
  24 0014 331F      		rol r19
  25 0016 5A95      		dec r21
  26 0018 01F4      		brne 1b
  27 001a 880F      		lsl r24
  28 001c 991F      		rol r25
  29 001e 280F      		add r18,r24
  30 0020 391F      		adc r19,r25
  31 0022 3183      		std Z+1,r19
  32 0024 2083      		st Z,r18
  33 0026 8D91      		ld r24,X+
  34 0028 9927      		clr r25
  35 002a 87FD      		sbrc r24,7
  36 002c 9095      		com r25
  37 002e C097      		sbiw r24,48
  38 0030 820F      		add r24,r18
  39 0032 931F      		adc r25,r19
  40 0034 9183      		std Z+1,r25
  41 0036 8083      		st Z,r24
  42               	.L2:
  43 0038 8C91      		ld r24,X
  44 003a 90E0      		ldi r25,lo8(0)
  45 003c C097      		sbiw r24,48
  46 003e 0A97      		sbiw r24,10
  47 0040 00F0      		brlo .L3
  48 0042 CD01      		movw r24,r26
  49               	/* epilogue start */
  50 0044 0895      		ret
  51               		.size	parse_digits, .-parse_digits
  52               	.global	TimeParseYear
  53               		.type	TimeParseYear, @function
  54               	TimeParseYear:
  55 0046 CF93      		push r28
  56 0048 DF93      		push r29
  57               	/* prologue: function */
GAS LISTING C:\DOCUME~1\ADMINI~1\LOCALS~1\Temp/ccqUSvDg.s 			page 2


  58               	/* frame size = 0 */
  59 004a EB01      		movw r28,r22
  60 004c 0E94 0000 		call parse_digits
  61 0050 2881      		ld r18,Y
  62 0052 3981      		ldd r19,Y+1
  63 0054 2634      		cpi r18,70
  64 0056 3105      		cpc r19,__zero_reg__
  65 0058 04F4      		brge .L6
  66 005a 2C59      		subi r18,lo8(-(100))
  67 005c 3F4F      		sbci r19,hi8(-(100))
  68 005e 00C0      		rjmp .L9
  69               	.L6:
  70 0060 47E0      		ldi r20,hi8(1901)
  71 0062 2D36      		cpi r18,lo8(1901)
  72 0064 3407      		cpc r19,r20
  73 0066 04F0      		brlt .L7
  74 0068 2C56      		subi r18,lo8(-(-1900))
  75 006a 3740      		sbci r19,hi8(-(-1900))
  76               	.L9:
  77 006c 3983      		std Y+1,r19
  78 006e 2883      		st Y,r18
  79               	.L7:
  80               	/* epilogue start */
  81 0070 DF91      		pop r29
  82 0072 CF91      		pop r28
  83 0074 0895      		ret
  84               		.size	TimeParseYear, .-TimeParseYear
  85               	.global	TimeParseHms
  86               		.type	TimeParseHms, @function
  87               	TimeParseHms:
  88 0076 0F93      		push r16
  89 0078 1F93      		push r17
  90 007a CF93      		push r28
  91 007c DF93      		push r29
  92               	/* prologue: function */
  93               	/* frame size = 0 */
  94 007e EA01      		movw r28,r20
  95 0080 8901      		movw r16,r18
  96 0082 0E94 0000 		call parse_digits
  97 0086 FC01      		movw r30,r24
  98 0088 8081      		ld r24,Z
  99 008a 8A33      		cpi r24,lo8(58)
 100 008c 01F4      		brne .L11
 101 008e CF01      		movw r24,r30
 102 0090 0196      		adiw r24,1
 103 0092 BE01      		movw r22,r28
 104 0094 0E94 0000 		call parse_digits
 105 0098 FC01      		movw r30,r24
 106 009a 8081      		ld r24,Z
 107 009c 8A33      		cpi r24,lo8(58)
 108 009e 01F4      		brne .L12
 109 00a0 CF01      		movw r24,r30
 110 00a2 0196      		adiw r24,1
 111 00a4 B801      		movw r22,r16
 112 00a6 0E94 0000 		call parse_digits
 113 00aa 00C0      		rjmp .L13
 114               	.L12:
GAS LISTING C:\DOCUME~1\ADMINI~1\LOCALS~1\Temp/ccqUSvDg.s 			page 3


 115 00ac D801      		movw r26,r16
 116 00ae 1D92      		st X+,__zero_reg__
 117 00b0 1C92      		st X,__zero_reg__
 118 00b2 00C0      		rjmp .L15
 119               	.L11:
 120 00b4 1982      		std Y+1,__zero_reg__
 121 00b6 1882      		st Y,__zero_reg__
 122               	.L15:
 123 00b8 CF01      		movw r24,r30
 124               	.L13:
 125               	/* epilogue start */
 126 00ba DF91      		pop r29
 127 00bc CF91      		pop r28
 128 00be 1F91      		pop r17
 129 00c0 0F91      		pop r16
 130 00c2 0895      		ret
 131               		.size	TimeParseHms, .-TimeParseHms
 132               		.data
 133               	.LC0:
 134 0000 2573 2C20 		.string	"%s, %02d %s %04d %02d:%02d:%02d"
 134      2530 3264 
 134      2025 7320 
 134      2530 3464 
 134      2025 3032 
 135               		.text
 136               	.global	Rfc1123TimeString
 137               		.type	Rfc1123TimeString, @function
 138               	Rfc1123TimeString:
 139 00c4 0F93      		push r16
 140 00c6 1F93      		push r17
 141 00c8 CF93      		push r28
 142 00ca DF93      		push r29
 143               	/* prologue: function */
 144               	/* frame size = 0 */
 145 00cc 9C01      		movw r18,r24
 146 00ce 8DB7      		in r24,__SP_L__
 147 00d0 9EB7      		in r25,__SP_H__
 148 00d2 4297      		sbiw r24,18
 149 00d4 0FB6      		in __tmp_reg__,__SREG__
 150 00d6 F894      		cli
 151 00d8 9EBF      		out __SP_H__,r25
 152 00da 0FBE      		out __SREG__,__tmp_reg__
 153 00dc 8DBF      		out __SP_L__,r24
 154 00de ADB7      		in r26,__SP_L__
 155 00e0 BEB7      		in r27,__SP_H__
 156 00e2 1196      		adiw r26,1
 157 00e4 00E0      		ldi r16,lo8(rfc1123_buf)
 158 00e6 10E0      		ldi r17,hi8(rfc1123_buf)
 159 00e8 CDB7      		in r28,__SP_L__
 160 00ea DEB7      		in r29,__SP_H__
 161 00ec 1A83      		std Y+2,r17
 162 00ee 0983      		std Y+1,r16
 163 00f0 80E0      		ldi r24,lo8(.LC0)
 164 00f2 90E0      		ldi r25,hi8(.LC0)
 165 00f4 1396      		adiw r26,2+1
 166 00f6 9C93      		st X,r25
 167 00f8 8E93      		st -X,r24
GAS LISTING C:\DOCUME~1\ADMINI~1\LOCALS~1\Temp/ccqUSvDg.s 			page 4


 168 00fa 1297      		sbiw r26,2
 169 00fc E901      		movw r28,r18
 170 00fe EC85      		ldd r30,Y+12
 171 0100 FD85      		ldd r31,Y+13
 172 0102 EE0F      		lsl r30
 173 0104 FF1F      		rol r31
 174 0106 E050      		subi r30,lo8(-(wkdays))
 175 0108 F040      		sbci r31,hi8(-(wkdays))
 176 010a 8081      		ld r24,Z
 177 010c 9181      		ldd r25,Z+1
 178 010e 1596      		adiw r26,4+1
 179 0110 9C93      		st X,r25
 180 0112 8E93      		st -X,r24
 181 0114 1497      		sbiw r26,4
 182 0116 8E81      		ldd r24,Y+6
 183 0118 9F81      		ldd r25,Y+7
 184 011a 1796      		adiw r26,6+1
 185 011c 9C93      		st X,r25
 186 011e 8E93      		st -X,r24
 187 0120 1697      		sbiw r26,6
 188 0122 E885      		ldd r30,Y+8
 189 0124 F985      		ldd r31,Y+9
 190 0126 EE0F      		lsl r30
 191 0128 FF1F      		rol r31
 192 012a E050      		subi r30,lo8(-(months))
 193 012c F040      		sbci r31,hi8(-(months))
 194 012e 8081      		ld r24,Z
 195 0130 9181      		ldd r25,Z+1
 196 0132 1996      		adiw r26,8+1
 197 0134 9C93      		st X,r25
 198 0136 8E93      		st -X,r24
 199 0138 1897      		sbiw r26,8
 200 013a 8A85      		ldd r24,Y+10
 201 013c 9B85      		ldd r25,Y+11
 202 013e 8459      		subi r24,lo8(-(1900))
 203 0140 984F      		sbci r25,hi8(-(1900))
 204 0142 1B96      		adiw r26,10+1
 205 0144 9C93      		st X,r25
 206 0146 8E93      		st -X,r24
 207 0148 1A97      		sbiw r26,10
 208 014a 8C81      		ldd r24,Y+4
 209 014c 9D81      		ldd r25,Y+5
 210 014e 1D96      		adiw r26,12+1
 211 0150 9C93      		st X,r25
 212 0152 8E93      		st -X,r24
 213 0154 1C97      		sbiw r26,12
 214 0156 8A81      		ldd r24,Y+2
 215 0158 9B81      		ldd r25,Y+3
 216 015a 1F96      		adiw r26,14+1
 217 015c 9C93      		st X,r25
 218 015e 8E93      		st -X,r24
 219 0160 1E97      		sbiw r26,14
 220 0162 8881      		ld r24,Y
 221 0164 9981      		ldd r25,Y+1
 222 0166 5196      		adiw r26,16+1
 223 0168 9C93      		st X,r25
 224 016a 8E93      		st -X,r24
GAS LISTING C:\DOCUME~1\ADMINI~1\LOCALS~1\Temp/ccqUSvDg.s 			page 5


 225 016c 5097      		sbiw r26,16
 226 016e 0E94 0000 		call sprintf
 227 0172 EDB7      		in r30,__SP_L__
 228 0174 FEB7      		in r31,__SP_H__
 229 0176 7296      		adiw r30,18
 230 0178 0FB6      		in __tmp_reg__,__SREG__
 231 017a F894      		cli
 232 017c FEBF      		out __SP_H__,r31
 233 017e 0FBE      		out __SREG__,__tmp_reg__
 234 0180 EDBF      		out __SP_L__,r30
 235 0182 C801      		movw r24,r16
 236               	/* epilogue start */
 237 0184 DF91      		pop r29
 238 0186 CF91      		pop r28
 239 0188 1F91      		pop r17
 240 018a 0F91      		pop r16
 241 018c 0895      		ret
 242               		.size	Rfc1123TimeString, .-Rfc1123TimeString
 243               	.global	TimeParseMonth
 244               		.type	TimeParseMonth, @function
 245               	TimeParseMonth:
 246 018e CF93      		push r28
 247 0190 DF93      		push r29
 248               	/* prologue: function */
 249               	/* frame size = 0 */
 250 0192 EC01      		movw r28,r24
 251 0194 FB01      		movw r30,r22
 252 0196 8881      		ld r24,Y
 253 0198 8134      		cpi r24,lo8(65)
 254 019a 01F4      		brne .L19
 255 019c 2196      		adiw r28,1
 256 019e 8881      		ld r24,Y
 257 01a0 8037      		cpi r24,lo8(112)
 258 01a2 01F0      		breq .L20
 259 01a4 8035      		cpi r24,lo8(80)
 260 01a6 01F4      		brne .L21
 261               	.L20:
 262 01a8 83E0      		ldi r24,lo8(3)
 263 01aa 90E0      		ldi r25,hi8(3)
 264 01ac 00C0      		rjmp .L38
 265               	.L21:
 266 01ae 87E0      		ldi r24,lo8(7)
 267 01b0 90E0      		ldi r25,hi8(7)
 268 01b2 00C0      		rjmp .L38
 269               	.L19:
 270 01b4 8434      		cpi r24,lo8(68)
 271 01b6 01F4      		brne .L23
 272 01b8 8BE0      		ldi r24,lo8(11)
 273 01ba 90E0      		ldi r25,hi8(11)
 274 01bc 00C0      		rjmp .L38
 275               	.L23:
 276 01be 8634      		cpi r24,lo8(70)
 277 01c0 01F4      		brne .L24
 278 01c2 81E0      		ldi r24,lo8(1)
 279 01c4 90E0      		ldi r25,hi8(1)
 280 01c6 00C0      		rjmp .L38
 281               	.L24:
GAS LISTING C:\DOCUME~1\ADMINI~1\LOCALS~1\Temp/ccqUSvDg.s 			page 6


 282 01c8 8A34      		cpi r24,lo8(74)
 283 01ca 01F4      		brne .L25
 284 01cc 2196      		adiw r28,1
 285 01ce 8881      		ld r24,Y
 286 01d0 8136      		cpi r24,lo8(97)
 287 01d2 01F0      		breq .L26
 288 01d4 8134      		cpi r24,lo8(65)
 289 01d6 01F4      		brne .L27
 290               	.L26:
 291 01d8 1182      		std Z+1,__zero_reg__
 292 01da 1082      		st Z,__zero_reg__
 293 01dc 00C0      		rjmp .L37
 294               	.L27:
 295 01de 8823      		tst r24
 296 01e0 01F0      		breq .L28
 297 01e2 2196      		adiw r28,1
 298 01e4 8881      		ld r24,Y
 299 01e6 8C36      		cpi r24,lo8(108)
 300 01e8 01F0      		breq .L29
 301 01ea 8C34      		cpi r24,lo8(76)
 302 01ec 01F4      		brne .L28
 303               	.L29:
 304 01ee 86E0      		ldi r24,lo8(6)
 305 01f0 90E0      		ldi r25,hi8(6)
 306 01f2 00C0      		rjmp .L38
 307               	.L28:
 308 01f4 85E0      		ldi r24,lo8(5)
 309 01f6 90E0      		ldi r25,hi8(5)
 310 01f8 00C0      		rjmp .L38
 311               	.L25:
 312 01fa 8D34      		cpi r24,lo8(77)
 313 01fc 01F4      		brne .L30
 314 01fe 2196      		adiw r28,1
 315 0200 8881      		ld r24,Y
 316 0202 8136      		cpi r24,lo8(97)
 317 0204 01F4      		brne .L31
 318 0206 2196      		adiw r28,1
 319 0208 8881      		ld r24,Y
 320 020a 8237      		cpi r24,lo8(114)
 321 020c 01F0      		breq .L32
 322 020e 8235      		cpi r24,lo8(82)
 323 0210 01F4      		brne .L31
 324               	.L32:
 325 0212 82E0      		ldi r24,lo8(2)
 326 0214 90E0      		ldi r25,hi8(2)
 327 0216 00C0      		rjmp .L38
 328               	.L31:
 329 0218 84E0      		ldi r24,lo8(4)
 330 021a 90E0      		ldi r25,hi8(4)
 331 021c 00C0      		rjmp .L38
 332               	.L30:
 333 021e 8E34      		cpi r24,lo8(78)
 334 0220 01F4      		brne .L33
 335 0222 8AE0      		ldi r24,lo8(10)
 336 0224 90E0      		ldi r25,hi8(10)
 337 0226 00C0      		rjmp .L38
 338               	.L33:
GAS LISTING C:\DOCUME~1\ADMINI~1\LOCALS~1\Temp/ccqUSvDg.s 			page 7


 339 0228 8F34      		cpi r24,lo8(79)
 340 022a 01F4      		brne .L34
 341 022c 89E0      		ldi r24,lo8(9)
 342 022e 90E0      		ldi r25,hi8(9)
 343 0230 00C0      		rjmp .L38
 344               	.L34:
 345 0232 88E0      		ldi r24,lo8(8)
 346 0234 90E0      		ldi r25,hi8(8)
 347               	.L38:
 348 0236 9183      		std Z+1,r25
 349 0238 8083      		st Z,r24
 350 023a 00C0      		rjmp .L37
 351               	.L35:
 352 023c 2196      		adiw r28,1
 353               	.L37:
 354 023e 8881      		ld r24,Y
 355 0240 90E0      		ldi r25,lo8(0)
 356 0242 0E94 0000 		call isalpha
 357 0246 892B      		or r24,r25
 358 0248 01F4      		brne .L35
 359 024a CE01      		movw r24,r28
 360               	/* epilogue start */
 361 024c DF91      		pop r29
 362 024e CF91      		pop r28
 363 0250 0895      		ret
 364               		.size	TimeParseMonth, .-TimeParseMonth
 365               	.global	TimeParseDmy
 366               		.type	TimeParseDmy, @function
 367               	TimeParseDmy:
 368 0252 EF92      		push r14
 369 0254 FF92      		push r15
 370 0256 0F93      		push r16
 371 0258 1F93      		push r17
 372 025a CF93      		push r28
 373 025c DF93      		push r29
 374               	/* prologue: function */
 375               	/* frame size = 0 */
 376 025e 8A01      		movw r16,r20
 377 0260 7901      		movw r14,r18
 378 0262 0E94 0000 		call parse_digits
 379 0266 EC01      		movw r28,r24
 380 0268 00C0      		rjmp .L40
 381               	.L42:
 382 026a 2196      		adiw r28,1
 383               	.L40:
 384 026c 8881      		ld r24,Y
 385 026e 8823      		tst r24
 386 0270 01F0      		breq .L41
 387 0272 90E0      		ldi r25,lo8(0)
 388 0274 0E94 0000 		call isalpha
 389 0278 892B      		or r24,r25
 390 027a 01F0      		breq .L42
 391               	.L41:
 392 027c CE01      		movw r24,r28
 393 027e B801      		movw r22,r16
 394 0280 0E94 0000 		call TimeParseMonth
 395 0284 FC01      		movw r30,r24
GAS LISTING C:\DOCUME~1\ADMINI~1\LOCALS~1\Temp/ccqUSvDg.s 			page 8


 396 0286 00C0      		rjmp .L43
 397               	.L45:
 398 0288 3196      		adiw r30,1
 399               	.L43:
 400 028a 8081      		ld r24,Z
 401 028c 8823      		tst r24
 402 028e 01F0      		breq .L44
 403 0290 90E0      		ldi r25,lo8(0)
 404 0292 C097      		sbiw r24,48
 405 0294 0A97      		sbiw r24,10
 406 0296 00F4      		brsh .L45
 407               	.L44:
 408 0298 CF01      		movw r24,r30
 409 029a B701      		movw r22,r14
 410 029c 0E94 0000 		call TimeParseYear
 411               	/* epilogue start */
 412 02a0 DF91      		pop r29
 413 02a2 CF91      		pop r28
 414 02a4 1F91      		pop r17
 415 02a6 0F91      		pop r16
 416 02a8 FF90      		pop r15
 417 02aa EF90      		pop r14
 418 02ac 0895      		ret
 419               		.size	TimeParseDmy, .-TimeParseDmy
 420               		.data
 421               	.LC1:
 422 0020 474D 5400 		.string	"GMT"
 423               		.text
 424               	.global	RfcTimeParse
 425               		.type	RfcTimeParse, @function
 426               	RfcTimeParse:
 427 02ae FF92      		push r15
 428 02b0 0F93      		push r16
 429 02b2 1F93      		push r17
 430 02b4 DF93      		push r29
 431 02b6 CF93      		push r28
 432 02b8 CDB7      		in r28,__SP_L__
 433 02ba DEB7      		in r29,__SP_H__
 434 02bc 6297      		sbiw r28,18
 435 02be 0FB6      		in __tmp_reg__,__SREG__
 436 02c0 F894      		cli
 437 02c2 DEBF      		out __SP_H__,r29
 438 02c4 0FBE      		out __SREG__,__tmp_reg__
 439 02c6 CDBF      		out __SP_L__,r28
 440               	/* prologue: function */
 441               	/* frame size = 18 */
 442 02c8 8C01      		movw r16,r24
 443 02ca FE01      		movw r30,r28
 444 02cc 3196      		adiw r30,1
 445 02ce 82E1      		ldi r24,lo8(18)
 446 02d0 DF01      		movw r26,r30
 447 02d2 1D92      		st X+,__zero_reg__
 448 02d4 8A95      	        dec r24
 449 02d6 01F4      		brne .-6
 450 02d8 81E0      		ldi r24,lo8(1)
 451 02da 90E0      		ldi r25,hi8(1)
 452 02dc 9887      		std Y+8,r25
GAS LISTING C:\DOCUME~1\ADMINI~1\LOCALS~1\Temp/ccqUSvDg.s 			page 9


 453 02de 8F83      		std Y+7,r24
 454 02e0 00C0      		rjmp .L48
 455               	.L49:
 456 02e2 0F5F      		subi r16,lo8(-(1))
 457 02e4 1F4F      		sbci r17,hi8(-(1))
 458               	.L48:
 459 02e6 F801      		movw r30,r16
 460 02e8 8081      		ld r24,Z
 461 02ea 8032      		cpi r24,lo8(32)
 462 02ec 01F0      		breq .L49
 463 02ee 8930      		cpi r24,lo8(9)
 464 02f0 01F0      		breq .L49
 465 02f2 90E0      		ldi r25,lo8(0)
 466 02f4 0E94 0000 		call isalpha
 467 02f8 892B      		or r24,r25
 468 02fa 01F0      		breq .L51
 469 02fc F801      		movw r30,r16
 470 02fe 00C0      		rjmp .L52
 471               	.L54:
 472 0300 3196      		adiw r30,1
 473               	.L52:
 474 0302 8081      		ld r24,Z
 475 0304 8823      		tst r24
 476 0306 01F0      		breq .L70
 477 0308 8032      		cpi r24,lo8(32)
 478 030a 01F0      		breq .L70
 479 030c 8930      		cpi r24,lo8(9)
 480 030e 01F4      		brne .L54
 481 0310 00C0      		rjmp .L70
 482               	.L55:
 483 0312 3196      		adiw r30,1
 484               	.L70:
 485 0314 8081      		ld r24,Z
 486 0316 8032      		cpi r24,lo8(32)
 487 0318 01F0      		breq .L55
 488 031a 8930      		cpi r24,lo8(9)
 489 031c 01F0      		breq .L55
 490 031e 8F01      		movw r16,r30
 491               	.L51:
 492 0320 D801      		movw r26,r16
 493 0322 FC90      		ld r15,X
 494 0324 8F2D      		mov r24,r15
 495 0326 90E0      		ldi r25,lo8(0)
 496 0328 0E94 0000 		call isalpha
 497 032c 892B      		or r24,r25
 498 032e 01F0      		breq .L56
 499 0330 C801      		movw r24,r16
 500 0332 BE01      		movw r22,r28
 501 0334 675F      		subi r22,lo8(-(9))
 502 0336 7F4F      		sbci r23,hi8(-(9))
 503 0338 0E94 0000 		call TimeParseMonth
 504 033c FC01      		movw r30,r24
 505 033e 00C0      		rjmp .L57
 506               	.L58:
 507 0340 3196      		adiw r30,1
 508               	.L57:
 509 0342 8081      		ld r24,Z
GAS LISTING C:\DOCUME~1\ADMINI~1\LOCALS~1\Temp/ccqUSvDg.s 			page 10


 510 0344 8032      		cpi r24,lo8(32)
 511 0346 01F0      		breq .L58
 512 0348 8930      		cpi r24,lo8(9)
 513 034a 01F0      		breq .L58
 514 034c CF01      		movw r24,r30
 515 034e BE01      		movw r22,r28
 516 0350 695F      		subi r22,lo8(-(7))
 517 0352 7F4F      		sbci r23,hi8(-(7))
 518 0354 0E94 0000 		call parse_digits
 519 0358 FC01      		movw r30,r24
 520 035a 00C0      		rjmp .L59
 521               	.L60:
 522 035c 3196      		adiw r30,1
 523               	.L59:
 524 035e 8081      		ld r24,Z
 525 0360 8032      		cpi r24,lo8(32)
 526 0362 01F0      		breq .L60
 527 0364 8930      		cpi r24,lo8(9)
 528 0366 01F0      		breq .L60
 529 0368 CF01      		movw r24,r30
 530 036a BE01      		movw r22,r28
 531 036c 655F      		subi r22,lo8(-(11))
 532 036e 7F4F      		sbci r23,hi8(-(11))
 533 0370 0E94 0000 		call TimeParseYear
 534 0374 FC01      		movw r30,r24
 535 0376 00C0      		rjmp .L61
 536               	.L62:
 537 0378 3196      		adiw r30,1
 538               	.L61:
 539 037a 8081      		ld r24,Z
 540 037c 8032      		cpi r24,lo8(32)
 541 037e 01F0      		breq .L62
 542 0380 8930      		cpi r24,lo8(9)
 543 0382 01F0      		breq .L62
 544 0384 00C0      		rjmp .L72
 545               	.L56:
 546 0386 FF20      		tst r15
 547 0388 01F0      		breq .L71
 548 038a C801      		movw r24,r16
 549 038c BE01      		movw r22,r28
 550 038e 695F      		subi r22,lo8(-(7))
 551 0390 7F4F      		sbci r23,hi8(-(7))
 552 0392 AE01      		movw r20,r28
 553 0394 475F      		subi r20,lo8(-(9))
 554 0396 5F4F      		sbci r21,hi8(-(9))
 555 0398 9E01      		movw r18,r28
 556 039a 255F      		subi r18,lo8(-(11))
 557 039c 3F4F      		sbci r19,hi8(-(11))
 558 039e 0E94 0000 		call TimeParseDmy
 559 03a2 FC01      		movw r30,r24
 560 03a4 00C0      		rjmp .L64
 561               	.L65:
 562 03a6 3196      		adiw r30,1
 563               	.L64:
 564 03a8 8081      		ld r24,Z
 565 03aa 8032      		cpi r24,lo8(32)
 566 03ac 01F0      		breq .L65
GAS LISTING C:\DOCUME~1\ADMINI~1\LOCALS~1\Temp/ccqUSvDg.s 			page 11


 567 03ae 8930      		cpi r24,lo8(9)
 568 03b0 01F0      		breq .L65
 569               	.L72:
 570 03b2 CF01      		movw r24,r30
 571 03b4 BE01      		movw r22,r28
 572 03b6 6B5F      		subi r22,lo8(-(5))
 573 03b8 7F4F      		sbci r23,hi8(-(5))
 574 03ba AE01      		movw r20,r28
 575 03bc 4D5F      		subi r20,lo8(-(3))
 576 03be 5F4F      		sbci r21,hi8(-(3))
 577 03c0 9E01      		movw r18,r28
 578 03c2 2F5F      		subi r18,lo8(-(1))
 579 03c4 3F4F      		sbci r19,hi8(-(1))
 580 03c6 0E94 0000 		call TimeParseHms
 581 03ca 8C01      		movw r16,r24
 582 03cc 00C0      		rjmp .L71
 583               	.L66:
 584 03ce 0F5F      		subi r16,lo8(-(1))
 585 03d0 1F4F      		sbci r17,hi8(-(1))
 586               	.L71:
 587 03d2 F801      		movw r30,r16
 588 03d4 8081      		ld r24,Z
 589 03d6 8032      		cpi r24,lo8(32)
 590 03d8 01F0      		breq .L66
 591 03da 8930      		cpi r24,lo8(9)
 592 03dc 01F0      		breq .L66
 593 03de C801      		movw r24,r16
 594 03e0 60E0      		ldi r22,lo8(.LC1)
 595 03e2 70E0      		ldi r23,hi8(.LC1)
 596 03e4 0E94 0000 		call strcmp
 597 03e8 9C01      		movw r18,r24
 598 03ea CE01      		movw r24,r28
 599 03ec 0196      		adiw r24,1
 600 03ee 232B      		or r18,r19
 601 03f0 01F4      		brne .L67
 602 03f2 0E94 0000 		call mktime
 603 03f6 00C0      		rjmp .L68
 604               	.L67:
 605 03f8 0E94 0000 		call _mkgmtime
 606               	.L68:
 607               	/* epilogue start */
 608 03fc 6296      		adiw r28,18
 609 03fe 0FB6      		in __tmp_reg__,__SREG__
 610 0400 F894      		cli
 611 0402 DEBF      		out __SP_H__,r29
 612 0404 0FBE      		out __SREG__,__tmp_reg__
 613 0406 CDBF      		out __SP_L__,r28
 614 0408 CF91      		pop r28
 615 040a DF91      		pop r29
 616 040c 1F91      		pop r17
 617 040e 0F91      		pop r16
 618 0410 FF90      		pop r15
 619 0412 0895      		ret
 620               		.size	RfcTimeParse, .-RfcTimeParse
 621               		.data
 622               	.LC2:
 623 0024 5375 6E00 		.string	"Sun"
GAS LISTING C:\DOCUME~1\ADMINI~1\LOCALS~1\Temp/ccqUSvDg.s 			page 12


 624               	.LC3:
 625 0028 4D6F 6E00 		.string	"Mon"
 626               	.LC4:
 627 002c 5475 6500 		.string	"Tue"
 628               	.LC5:
 629 0030 5765 6400 		.string	"Wed"
 630               	.LC6:
 631 0034 5468 7500 		.string	"Thu"
 632               	.LC7:
 633 0038 4672 6900 		.string	"Fri"
 634               	.LC8:
 635 003c 5361 7400 		.string	"Sat"
 636               		.type	wkdays, @object
 637               		.size	wkdays, 14
 638               	wkdays:
 639 0040 0000      		.word	.LC2
 640 0042 0000      		.word	.LC3
 641 0044 0000      		.word	.LC4
 642 0046 0000      		.word	.LC5
 643 0048 0000      		.word	.LC6
 644 004a 0000      		.word	.LC7
 645 004c 0000      		.word	.LC8
 646               	.LC9:
 647 004e 4A61 6E00 		.string	"Jan"
 648               	.LC10:
 649 0052 4665 6200 		.string	"Feb"
 650               	.LC11:
 651 0056 4D61 7200 		.string	"Mar"
 652               	.LC12:
 653 005a 4170 7200 		.string	"Apr"
 654               	.LC13:
 655 005e 4D61 7900 		.string	"May"
 656               	.LC14:
 657 0062 4A75 6E00 		.string	"Jun"
 658               	.LC15:
 659 0066 4A75 6C00 		.string	"Jul"
 660               	.LC16:
 661 006a 4175 6700 		.string	"Aug"
 662               	.LC17:
 663 006e 5365 7000 		.string	"Sep"
 664               	.LC18:
 665 0072 4F63 7400 		.string	"Oct"
 666               	.LC19:
 667 0076 4E6F 7600 		.string	"Nov"
 668               	.LC20:
 669 007a 4465 6300 		.string	"Dec"
 670               		.type	months, @object
 671               		.size	months, 24
 672               	months:
 673 007e 0000      		.word	.LC9
 674 0080 0000      		.word	.LC10
 675 0082 0000      		.word	.LC11
 676 0084 0000      		.word	.LC12
 677 0086 0000      		.word	.LC13
 678 0088 0000      		.word	.LC14
 679 008a 0000      		.word	.LC15
 680 008c 0000      		.word	.LC16
GAS LISTING C:\DOCUME~1\ADMINI~1\LOCALS~1\Temp/ccqUSvDg.s 			page 13


 681 008e 0000      		.word	.LC17
 682 0090 0000      		.word	.LC18
 683 0092 0000      		.word	.LC19
 684 0094 0000      		.word	.LC20
 685               		.lcomm rfc1123_buf,32
 686               	.global __do_copy_data
 687               	.global __do_clear_bss
GAS LISTING C:\DOCUME~1\ADMINI~1\LOCALS~1\Temp/ccqUSvDg.s 			page 14


DEFINED SYMBOLS
                            *ABS*:00000000 rfctime.c
C:\DOCUME~1\ADMINI~1\LOCALS~1\Temp/ccqUSvDg.s:2      *ABS*:0000003f __SREG__
C:\DOCUME~1\ADMINI~1\LOCALS~1\Temp/ccqUSvDg.s:3      *ABS*:0000003e __SP_H__
C:\DOCUME~1\ADMINI~1\LOCALS~1\Temp/ccqUSvDg.s:4      *ABS*:0000003d __SP_L__
C:\DOCUME~1\ADMINI~1\LOCALS~1\Temp/ccqUSvDg.s:5      *ABS*:00000034 __CCP__
C:\DOCUME~1\ADMINI~1\LOCALS~1\Temp/ccqUSvDg.s:6      *ABS*:00000000 __tmp_reg__
C:\DOCUME~1\ADMINI~1\LOCALS~1\Temp/ccqUSvDg.s:7      *ABS*:00000001 __zero_reg__
C:\DOCUME~1\ADMINI~1\LOCALS~1\Temp/ccqUSvDg.s:10     .text:00000000 parse_digits
C:\DOCUME~1\ADMINI~1\LOCALS~1\Temp/ccqUSvDg.s:54     .text:00000046 TimeParseYear
C:\DOCUME~1\ADMINI~1\LOCALS~1\Temp/ccqUSvDg.s:87     .text:00000076 TimeParseHms
C:\DOCUME~1\ADMINI~1\LOCALS~1\Temp/ccqUSvDg.s:138    .text:000000c4 Rfc1123TimeString
                             .bss:00000000 rfc1123_buf
C:\DOCUME~1\ADMINI~1\LOCALS~1\Temp/ccqUSvDg.s:638    .data:00000040 wkdays
C:\DOCUME~1\ADMINI~1\LOCALS~1\Temp/ccqUSvDg.s:672    .data:0000007e months
C:\DOCUME~1\ADMINI~1\LOCALS~1\Temp/ccqUSvDg.s:245    .text:0000018e TimeParseMonth
C:\DOCUME~1\ADMINI~1\LOCALS~1\Temp/ccqUSvDg.s:367    .text:00000252 TimeParseDmy
C:\DOCUME~1\ADMINI~1\LOCALS~1\Temp/ccqUSvDg.s:426    .text:000002ae RfcTimeParse

UNDEFINED SYMBOLS
sprintf
isalpha
strcmp
mktime
_mkgmtime
__do_copy_data
__do_clear_bss
