GAS LISTING C:\DOCUME~1\ADMINI~1\LOCALS~1\Temp/ccPKSvDg.s 			page 1


   1               		.file	"snmp_auth.c"
   2               	__SREG__ = 0x3f
   3               	__SP_H__ = 0x3e
   4               	__SP_L__ = 0x3d
   5               	__CCP__  = 0x34
   6               	__tmp_reg__ = 0
   7               	__zero_reg__ = 1
   8               		.text
   9               	.global	SnmpAuthBuild
  10               		.type	SnmpAuthBuild, @function
  11               	SnmpAuthBuild:
  12 0000 EF92      		push r14
  13 0002 FF92      		push r15
  14 0004 0F93      		push r16
  15 0006 1F93      		push r17
  16 0008 CF93      		push r28
  17 000a DF93      		push r29
  18               	/* prologue: function */
  19               	/* frame size = 0 */
  20 000c EC01      		movw r28,r24
  21 000e CB01      		movw r24,r22
  22 0010 7A01      		movw r14,r20
  23 0012 A901      		movw r20,r18
  24 0014 2C81      		ldd r18,Y+4
  25 0016 3D81      		ldd r19,Y+5
  26 0018 2B5F      		subi r18,lo8(-(5))
  27 001a 3F4F      		sbci r19,hi8(-(5))
  28 001c 240F      		add r18,r20
  29 001e 351F      		adc r19,r21
  30 0020 B701      		movw r22,r14
  31 0022 40E3      		ldi r20,lo8(48)
  32 0024 0E94 0000 		call AsnSequenceBuild
  33 0028 9C01      		movw r18,r24
  34 002a 0097      		sbiw r24,0
  35 002c 01F0      		breq .L2
  36 002e B701      		movw r22,r14
  37 0030 42E0      		ldi r20,lo8(2)
  38 0032 9E01      		movw r18,r28
  39 0034 0E94 0000 		call AsnIntegerBuild
  40 0038 9C01      		movw r18,r24
  41 003a 0097      		sbiw r24,0
  42 003c 01F0      		breq .L2
  43 003e 0C81      		ldd r16,Y+4
  44 0040 1D81      		ldd r17,Y+5
  45 0042 B701      		movw r22,r14
  46 0044 44E0      		ldi r20,lo8(4)
  47 0046 2696      		adiw r28,6
  48 0048 9E01      		movw r18,r28
  49 004a 0E94 0000 		call AsnOctetStringBuild
  50 004e 9C01      		movw r18,r24
  51               	.L2:
  52 0050 C901      		movw r24,r18
  53               	/* epilogue start */
  54 0052 DF91      		pop r29
  55 0054 CF91      		pop r28
  56 0056 1F91      		pop r17
  57 0058 0F91      		pop r16
GAS LISTING C:\DOCUME~1\ADMINI~1\LOCALS~1\Temp/ccPKSvDg.s 			page 2


  58 005a FF90      		pop r15
  59 005c EF90      		pop r14
  60 005e 0895      		ret
  61               		.size	SnmpAuthBuild, .-SnmpAuthBuild
  62               	.global	SnmpAuthParse
  63               		.type	SnmpAuthParse, @function
  64               	SnmpAuthParse:
  65 0060 8F92      		push r8
  66 0062 9F92      		push r9
  67 0064 AF92      		push r10
  68 0066 BF92      		push r11
  69 0068 CF92      		push r12
  70 006a DF92      		push r13
  71 006c EF92      		push r14
  72 006e FF92      		push r15
  73 0070 0F93      		push r16
  74 0072 1F93      		push r17
  75 0074 DF93      		push r29
  76 0076 CF93      		push r28
  77 0078 0F92      		push __tmp_reg__
  78 007a CDB7      		in r28,__SP_L__
  79 007c DEB7      		in r29,__SP_H__
  80               	/* prologue: function */
  81               	/* frame size = 1 */
  82 007e 7B01      		movw r14,r22
  83 0080 4A01      		movw r8,r20
  84 0082 5901      		movw r10,r18
  85 0084 6801      		movw r12,r16
  86 0086 20E3      		ldi r18,lo8(48)
  87 0088 2983      		std Y+1,r18
  88 008a 40E3      		ldi r20,lo8(48)
  89 008c 0E94 0000 		call AsnSequenceParse
  90 0090 9C01      		movw r18,r24
  91 0092 0097      		sbiw r24,0
  92 0094 01F0      		breq .L5
  93 0096 B701      		movw r22,r14
  94 0098 8E01      		movw r16,r28
  95 009a 0F5F      		subi r16,lo8(-(1))
  96 009c 1F4F      		sbci r17,hi8(-(1))
  97 009e A801      		movw r20,r16
  98 00a0 9601      		movw r18,r12
  99 00a2 0E94 0000 		call AsnIntegerParse
 100 00a6 9C01      		movw r18,r24
 101 00a8 0097      		sbiw r24,0
 102 00aa 01F0      		breq .L5
 103 00ac B701      		movw r22,r14
 104 00ae A801      		movw r20,r16
 105 00b0 9401      		movw r18,r8
 106 00b2 8501      		movw r16,r10
 107 00b4 0E94 0000 		call AsnOctetStringParse
 108 00b8 9C01      		movw r18,r24
 109 00ba 0097      		sbiw r24,0
 110 00bc 01F0      		breq .L5
 111 00be F601      		movw r30,r12
 112 00c0 8081      		ld r24,Z
 113 00c2 9181      		ldd r25,Z+1
 114 00c4 A281      		ldd r26,Z+2
GAS LISTING C:\DOCUME~1\ADMINI~1\LOCALS~1\Temp/ccPKSvDg.s 			page 3


 115 00c6 B381      		ldd r27,Z+3
 116 00c8 0097      		sbiw r24,0
 117 00ca A105      		cpc r26,__zero_reg__
 118 00cc B105      		cpc r27,__zero_reg__
 119 00ce 01F4      		brne .L5
 120 00d0 D501      		movw r26,r10
 121 00d2 ED91      		ld r30,X+
 122 00d4 FC91      		ld r31,X
 123 00d6 E80D      		add r30,r8
 124 00d8 F91D      		adc r31,r9
 125 00da 1082      		st Z,__zero_reg__
 126               	.L5:
 127 00dc C901      		movw r24,r18
 128               	/* epilogue start */
 129 00de 0F90      		pop __tmp_reg__
 130 00e0 CF91      		pop r28
 131 00e2 DF91      		pop r29
 132 00e4 1F91      		pop r17
 133 00e6 0F91      		pop r16
 134 00e8 FF90      		pop r15
 135 00ea EF90      		pop r14
 136 00ec DF90      		pop r13
 137 00ee CF90      		pop r12
 138 00f0 BF90      		pop r11
 139 00f2 AF90      		pop r10
 140 00f4 9F90      		pop r9
 141 00f6 8F90      		pop r8
 142 00f8 0895      		ret
 143               		.size	SnmpAuthParse, .-SnmpAuthParse
GAS LISTING C:\DOCUME~1\ADMINI~1\LOCALS~1\Temp/ccPKSvDg.s 			page 4


DEFINED SYMBOLS
                            *ABS*:00000000 snmp_auth.c
C:\DOCUME~1\ADMINI~1\LOCALS~1\Temp/ccPKSvDg.s:2      *ABS*:0000003f __SREG__
C:\DOCUME~1\ADMINI~1\LOCALS~1\Temp/ccPKSvDg.s:3      *ABS*:0000003e __SP_H__
C:\DOCUME~1\ADMINI~1\LOCALS~1\Temp/ccPKSvDg.s:4      *ABS*:0000003d __SP_L__
C:\DOCUME~1\ADMINI~1\LOCALS~1\Temp/ccPKSvDg.s:5      *ABS*:00000034 __CCP__
C:\DOCUME~1\ADMINI~1\LOCALS~1\Temp/ccPKSvDg.s:6      *ABS*:00000000 __tmp_reg__
C:\DOCUME~1\ADMINI~1\LOCALS~1\Temp/ccPKSvDg.s:7      *ABS*:00000001 __zero_reg__
C:\DOCUME~1\ADMINI~1\LOCALS~1\Temp/ccPKSvDg.s:11     .text:00000000 SnmpAuthBuild
C:\DOCUME~1\ADMINI~1\LOCALS~1\Temp/ccPKSvDg.s:64     .text:00000060 SnmpAuthParse

UNDEFINED SYMBOLS
AsnSequenceBuild
AsnIntegerBuild
AsnOctetStringBuild
AsnSequenceParse
AsnIntegerParse
AsnOctetStringParse
