GAS LISTING C:\DOCUME~1\ADMINI~1\LOCALS~1\Temp/ccanszZe.s 			page 1


   1               		.file	"snmp_session.c"
   2               	__SREG__ = 0x3f
   3               	__SP_H__ = 0x3e
   4               	__SP_L__ = 0x3d
   5               	__CCP__  = 0x34
   6               	__tmp_reg__ = 0
   7               	__zero_reg__ = 1
   8               		.text
   9               	.global	SnmpSessionSendPdu
  10               		.type	SnmpSessionSendPdu, @function
  11               	SnmpSessionSendPdu:
  12 0000 2F92      		push r2
  13 0002 3F92      		push r3
  14 0004 4F92      		push r4
  15 0006 5F92      		push r5
  16 0008 6F92      		push r6
  17 000a 7F92      		push r7
  18 000c 8F92      		push r8
  19 000e 9F92      		push r9
  20 0010 AF92      		push r10
  21 0012 BF92      		push r11
  22 0014 CF92      		push r12
  23 0016 DF92      		push r13
  24 0018 EF92      		push r14
  25 001a FF92      		push r15
  26 001c 0F93      		push r16
  27 001e 1F93      		push r17
  28 0020 DF93      		push r29
  29 0022 CF93      		push r28
  30 0024 CDB7      		in r28,__SP_L__
  31 0026 DEB7      		in r29,__SP_H__
  32 0028 2897      		sbiw r28,8
  33 002a 0FB6      		in __tmp_reg__,__SREG__
  34 002c F894      		cli
  35 002e DEBF      		out __SP_H__,r29
  36 0030 0FBE      		out __SREG__,__tmp_reg__
  37 0032 CDBF      		out __SP_L__,r28
  38               	/* prologue: function */
  39               	/* frame size = 8 */
  40 0034 9887      		std Y+8,r25
  41 0036 8F83      		std Y+7,r24
  42 0038 3B01      		movw r6,r22
  43 003a FB01      		movw r30,r22
  44 003c 8081      		ld r24,Z
  45 003e 9181      		ldd r25,Z+1
  46 0040 843A      		cpi r24,164
  47 0042 9105      		cpc r25,__zero_reg__
  48 0044 01F4      		brne .L2
  49 0046 81E0      		ldi r24,lo8(1)
  50 0048 90E0      		ldi r25,hi8(1)
  51 004a A0E0      		ldi r26,hlo8(1)
  52 004c B0E0      		ldi r27,hhi8(1)
  53 004e 00C0      		rjmp .L17
  54               	.L2:
  55 0050 FB01      		movw r30,r22
  56 0052 8281      		ldd r24,Z+2
  57 0054 9381      		ldd r25,Z+3
GAS LISTING C:\DOCUME~1\ADMINI~1\LOCALS~1\Temp/ccanszZe.s 			page 2


  58 0056 A481      		ldd r26,Z+4
  59 0058 B581      		ldd r27,Z+5
  60 005a 0097      		sbiw r24,0
  61 005c A105      		cpc r26,__zero_reg__
  62 005e B105      		cpc r27,__zero_reg__
  63 0060 01F4      		brne .L3
  64 0062 8091 0000 		lds r24,snmp_reqid
  65 0066 9091 0000 		lds r25,(snmp_reqid)+1
  66 006a A091 0000 		lds r26,(snmp_reqid)+2
  67 006e B091 0000 		lds r27,(snmp_reqid)+3
  68 0072 0196      		adiw r24,1
  69 0074 A11D      		adc r26,__zero_reg__
  70 0076 B11D      		adc r27,__zero_reg__
  71 0078 8093 0000 		sts snmp_reqid,r24
  72 007c 9093 0000 		sts (snmp_reqid)+1,r25
  73 0080 A093 0000 		sts (snmp_reqid)+2,r26
  74 0084 B093 0000 		sts (snmp_reqid)+3,r27
  75               	.L17:
  76 0088 8283      		std Z+2,r24
  77 008a 9383      		std Z+3,r25
  78 008c A483      		std Z+4,r26
  79 008e B583      		std Z+5,r27
  80               	.L3:
  81 0090 84EF      		ldi r24,lo8(500)
  82 0092 91E0      		ldi r25,hi8(500)
  83 0094 0E94 0000 		call malloc
  84 0098 4C01      		movw r8,r24
  85 009a 0097      		sbiw r24,0
  86 009c 01F4      		brne .L4
  87 009e 0FEF      		ldi r16,lo8(-1)
  88 00a0 1FEF      		ldi r17,hi8(-1)
  89 00a2 00C0      		rjmp .L5
  90               	.L4:
  91 00a4 84EF      		ldi r24,lo8(500)
  92 00a6 91E0      		ldi r25,hi8(500)
  93 00a8 9A83      		std Y+2,r25
  94 00aa 8983      		std Y+1,r24
  95 00ac F301      		movw r30,r6
  96 00ae A68C      		ldd r10,Z+30
  97 00b0 B78C      		ldd r11,Z+31
  98 00b2 C401      		movw r24,r8
  99 00b4 2E01      		movw r4,r28
 100 00b6 0894      		sec
 101 00b8 411C      		adc r4,__zero_reg__
 102 00ba 511C      		adc r5,__zero_reg__
 103 00bc 00C0      		rjmp .L6
 104               	.L8:
 105 00be F501      		movw r30,r10
 106 00c0 4281      		ldd r20,Z+2
 107 00c2 5381      		ldd r21,Z+3
 108 00c4 2481      		ldd r18,Z+4
 109 00c6 3581      		ldd r19,Z+5
 110 00c8 E384      		ldd r14,Z+11
 111 00ca F484      		ldd r15,Z+12
 112 00cc C584      		ldd r12,Z+13
 113 00ce D684      		ldd r13,Z+14
 114 00d0 B201      		movw r22,r4
GAS LISTING C:\DOCUME~1\ADMINI~1\LOCALS~1\Temp/ccanszZe.s 			page 3


 115 00d2 0681      		ldd r16,Z+6
 116 00d4 0E94 0000 		call SnmpVarBuild
 117 00d8 0097      		sbiw r24,0
 118 00da 01F4      		brne .+2
 119 00dc 00C0      		rjmp .L7
 120 00de F501      		movw r30,r10
 121 00e0 A080      		ld r10,Z
 122 00e2 B180      		ldd r11,Z+1
 123               	.L6:
 124 00e4 A114      		cp r10,__zero_reg__
 125 00e6 B104      		cpc r11,__zero_reg__
 126 00e8 01F4      		brne .L8
 127 00ea 6C01      		movw r12,r24
 128 00ec C818      		sub r12,r8
 129 00ee D908      		sbc r13,r9
 130 00f0 04EF      		ldi r16,lo8(500)
 131 00f2 11E0      		ldi r17,hi8(500)
 132 00f4 1A83      		std Y+2,r17
 133 00f6 0983      		std Y+1,r16
 134 00f8 80E0      		ldi r24,lo8(temp_buffer)
 135 00fa 90E0      		ldi r25,hi8(temp_buffer)
 136 00fc B201      		movw r22,r4
 137 00fe 40E3      		ldi r20,lo8(48)
 138 0100 9601      		movw r18,r12
 139 0102 0E94 0000 		call AsnHeaderBuild
 140 0106 1C01      		movw r2,r24
 141 0108 0097      		sbiw r24,0
 142 010a 01F4      		brne .+2
 143 010c 00C0      		rjmp .L7
 144 010e B401      		movw r22,r8
 145 0110 A601      		movw r20,r12
 146 0112 0E94 0000 		call memcpy
 147 0116 1A83      		std Y+2,r17
 148 0118 0983      		std Y+1,r16
 149 011a F301      		movw r30,r6
 150 011c 8081      		ld r24,Z
 151 011e 9181      		ldd r25,Z+1
 152 0120 843A      		cpi r24,164
 153 0122 9105      		cpc r25,__zero_reg__
 154 0124 01F0      		breq .+2
 155 0126 00C0      		rjmp .L10
 156 0128 2685      		ldd r18,Z+14
 157 012a 3785      		ldd r19,Z+15
 158 012c 0089      		ldd r16,Z+16
 159 012e 1189      		ldd r17,Z+17
 160 0130 C401      		movw r24,r8
 161 0132 B201      		movw r22,r4
 162 0134 46E0      		ldi r20,lo8(6)
 163 0136 0E94 0000 		call AsnOidBuild
 164 013a 0097      		sbiw r24,0
 165 013c 01F4      		brne .+2
 166 013e 00C0      		rjmp .L7
 167 0140 B201      		movw r22,r4
 168 0142 40E4      		ldi r20,lo8(64)
 169 0144 20E0      		ldi r18,lo8(confnet+16)
 170 0146 30E0      		ldi r19,hi8(confnet+16)
 171 0148 04E0      		ldi r16,lo8(4)
GAS LISTING C:\DOCUME~1\ADMINI~1\LOCALS~1\Temp/ccanszZe.s 			page 4


 172 014a 10E0      		ldi r17,hi8(4)
 173 014c 0E94 0000 		call AsnOctetStringBuild
 174 0150 9C01      		movw r18,r24
 175 0152 0097      		sbiw r24,0
 176 0154 01F4      		brne .+2
 177 0156 00C0      		rjmp .L7
 178 0158 F301      		movw r30,r6
 179 015a 8689      		ldd r24,Z+22
 180 015c 9789      		ldd r25,Z+23
 181 015e AA27      		clr r26
 182 0160 97FD      		sbrc r25,7
 183 0162 A095      		com r26
 184 0164 BA2F      		mov r27,r26
 185 0166 8B83      		std Y+3,r24
 186 0168 9C83      		std Y+4,r25
 187 016a AD83      		std Y+5,r26
 188 016c BE83      		std Y+6,r27
 189 016e 8E01      		movw r16,r28
 190 0170 0D5F      		subi r16,lo8(-(3))
 191 0172 1F4F      		sbci r17,hi8(-(3))
 192 0174 C901      		movw r24,r18
 193 0176 B201      		movw r22,r4
 194 0178 42E0      		ldi r20,lo8(2)
 195 017a 9801      		movw r18,r16
 196 017c 0E94 0000 		call AsnIntegerBuild
 197 0180 9C01      		movw r18,r24
 198 0182 0097      		sbiw r24,0
 199 0184 01F4      		brne .+2
 200 0186 00C0      		rjmp .L7
 201 0188 F301      		movw r30,r6
 202 018a 808D      		ldd r24,Z+24
 203 018c 918D      		ldd r25,Z+25
 204 018e AA27      		clr r26
 205 0190 97FD      		sbrc r25,7
 206 0192 A095      		com r26
 207 0194 BA2F      		mov r27,r26
 208 0196 8B83      		std Y+3,r24
 209 0198 9C83      		std Y+4,r25
 210 019a AD83      		std Y+5,r26
 211 019c BE83      		std Y+6,r27
 212 019e C901      		movw r24,r18
 213 01a0 B201      		movw r22,r4
 214 01a2 42E0      		ldi r20,lo8(2)
 215 01a4 9801      		movw r18,r16
 216 01a6 0E94 0000 		call AsnIntegerBuild
 217 01aa 0097      		sbiw r24,0
 218 01ac 01F4      		brne .+2
 219 01ae 00C0      		rjmp .L7
 220 01b0 9301      		movw r18,r6
 221 01b2 265E      		subi r18,lo8(-(26))
 222 01b4 3F4F      		sbci r19,hi8(-(26))
 223 01b6 B201      		movw r22,r4
 224 01b8 43E4      		ldi r20,lo8(67)
 225 01ba 00C0      		rjmp .L18
 226               	.L10:
 227 01bc 9301      		movw r18,r6
 228 01be 2E5F      		subi r18,lo8(-(2))
GAS LISTING C:\DOCUME~1\ADMINI~1\LOCALS~1\Temp/ccanszZe.s 			page 5


 229 01c0 3F4F      		sbci r19,hi8(-(2))
 230 01c2 C401      		movw r24,r8
 231 01c4 B201      		movw r22,r4
 232 01c6 42E0      		ldi r20,lo8(2)
 233 01c8 0E94 0000 		call AsnIntegerBuild
 234 01cc 0097      		sbiw r24,0
 235 01ce 01F4      		brne .+2
 236 01d0 00C0      		rjmp .L7
 237 01d2 9301      		movw r18,r6
 238 01d4 2A5F      		subi r18,lo8(-(6))
 239 01d6 3F4F      		sbci r19,hi8(-(6))
 240 01d8 B201      		movw r22,r4
 241 01da 42E0      		ldi r20,lo8(2)
 242 01dc 0E94 0000 		call AsnIntegerBuild
 243 01e0 0097      		sbiw r24,0
 244 01e2 01F4      		brne .+2
 245 01e4 00C0      		rjmp .L7
 246 01e6 9301      		movw r18,r6
 247 01e8 265F      		subi r18,lo8(-(10))
 248 01ea 3F4F      		sbci r19,hi8(-(10))
 249 01ec B201      		movw r22,r4
 250 01ee 42E0      		ldi r20,lo8(2)
 251               	.L18:
 252 01f0 0E94 0000 		call AsnIntegerBuild
 253 01f4 7C01      		movw r14,r24
 254 01f6 0097      		sbiw r24,0
 255 01f8 01F4      		brne .+2
 256 01fa 00C0      		rjmp .L7
 257 01fc 90E0      		ldi r25,lo8(temp_buffer)
 258 01fe A92E      		mov r10,r25
 259 0200 90E0      		ldi r25,hi8(temp_buffer)
 260 0202 B92E      		mov r11,r25
 261 0204 8101      		movw r16,r2
 262 0206 0A19      		sub r16,r10
 263 0208 1B09      		sbc r17,r11
 264 020a 0C0D      		add r16,r12
 265 020c 1D1D      		adc r17,r13
 266 020e 8981      		ldd r24,Y+1
 267 0210 9A81      		ldd r25,Y+2
 268 0212 8017      		cp r24,r16
 269 0214 9107      		cpc r25,r17
 270 0216 00F4      		brsh .+2
 271 0218 00C0      		rjmp .L7
 272 021a C701      		movw r24,r14
 273 021c B501      		movw r22,r10
 274 021e A801      		movw r20,r16
 275 0220 0E94 0000 		call memcpy
 276 0224 0819      		sub r16,r8
 277 0226 1909      		sbc r17,r9
 278 0228 0E0D      		add r16,r14
 279 022a 1F1D      		adc r17,r15
 280 022c 84EF      		ldi r24,lo8(500)
 281 022e 482E      		mov r4,r24
 282 0230 81E0      		ldi r24,hi8(500)
 283 0232 582E      		mov r5,r24
 284 0234 5A82      		std Y+2,r5
 285 0236 4982      		std Y+1,r4
GAS LISTING C:\DOCUME~1\ADMINI~1\LOCALS~1\Temp/ccanszZe.s 			page 6


 286 0238 C501      		movw r24,r10
 287 023a 1E01      		movw r2,r28
 288 023c 0894      		sec
 289 023e 211C      		adc r2,__zero_reg__
 290 0240 311C      		adc r3,__zero_reg__
 291 0242 B101      		movw r22,r2
 292 0244 F301      		movw r30,r6
 293 0246 4081      		ld r20,Z
 294 0248 9801      		movw r18,r16
 295 024a 0E94 0000 		call AsnHeaderBuild
 296 024e 6C01      		movw r12,r24
 297 0250 0097      		sbiw r24,0
 298 0252 01F0      		breq .L7
 299 0254 8981      		ldd r24,Y+1
 300 0256 9A81      		ldd r25,Y+2
 301 0258 8017      		cp r24,r16
 302 025a 9107      		cpc r25,r17
 303 025c 00F0      		brlo .L7
 304 025e C601      		movw r24,r12
 305 0260 B401      		movw r22,r8
 306 0262 A801      		movw r20,r16
 307 0264 0E94 0000 		call memcpy
 308 0268 7801      		movw r14,r16
 309 026a EA18      		sub r14,r10
 310 026c FB08      		sbc r15,r11
 311 026e EC0C      		add r14,r12
 312 0270 FD1C      		adc r15,r13
 313 0272 5A82      		std Y+2,r5
 314 0274 4982      		std Y+1,r4
 315 0276 8F81      		ldd r24,Y+7
 316 0278 9885      		ldd r25,Y+8
 317 027a B401      		movw r22,r8
 318 027c A101      		movw r20,r2
 319 027e 9701      		movw r18,r14
 320 0280 0E94 0000 		call SnmpAuthBuild
 321 0284 8C01      		movw r16,r24
 322 0286 0097      		sbiw r24,0
 323 0288 01F0      		breq .L7
 324 028a C401      		movw r24,r8
 325 028c 801B      		sub r24,r16
 326 028e 910B      		sbc r25,r17
 327 0290 8C50      		subi r24,lo8(-(500))
 328 0292 9E4F      		sbci r25,hi8(-(500))
 329 0294 8E15      		cp r24,r14
 330 0296 9F05      		cpc r25,r15
 331 0298 00F0      		brlo .L7
 332 029a C801      		movw r24,r16
 333 029c B501      		movw r22,r10
 334 029e A701      		movw r20,r14
 335 02a0 0E94 0000 		call memcpy
 336 02a4 E818      		sub r14,r8
 337 02a6 F908      		sbc r15,r9
 338 02a8 EF81      		ldd r30,Y+7
 339 02aa F885      		ldd r31,Y+8
 340 02ac 45A5      		ldd r20,Z+45
 341 02ae 56A5      		ldd r21,Z+46
 342 02b0 67A5      		ldd r22,Z+47
GAS LISTING C:\DOCUME~1\ADMINI~1\LOCALS~1\Temp/ccanszZe.s 			page 7


 343 02b2 70A9      		ldd r23,Z+48
 344 02b4 21A9      		ldd r18,Z+49
 345 02b6 32A9      		ldd r19,Z+50
 346 02b8 E00E      		add r14,r16
 347 02ba F11E      		adc r15,r17
 348 02bc 83A5      		ldd r24,Z+43
 349 02be 94A5      		ldd r25,Z+44
 350 02c0 8401      		movw r16,r8
 351 02c2 0E94 0000 		call NutUdpSendTo
 352 02c6 8C01      		movw r16,r24
 353 02c8 00C0      		rjmp .L15
 354               	.L7:
 355 02ca 0FEF      		ldi r16,lo8(-1)
 356 02cc 1FEF      		ldi r17,hi8(-1)
 357               	.L15:
 358 02ce C401      		movw r24,r8
 359 02d0 0E94 0000 		call free
 360               	.L5:
 361 02d4 C801      		movw r24,r16
 362               	/* epilogue start */
 363 02d6 2896      		adiw r28,8
 364 02d8 0FB6      		in __tmp_reg__,__SREG__
 365 02da F894      		cli
 366 02dc DEBF      		out __SP_H__,r29
 367 02de 0FBE      		out __SREG__,__tmp_reg__
 368 02e0 CDBF      		out __SP_L__,r28
 369 02e2 CF91      		pop r28
 370 02e4 DF91      		pop r29
 371 02e6 1F91      		pop r17
 372 02e8 0F91      		pop r16
 373 02ea FF90      		pop r15
 374 02ec EF90      		pop r14
 375 02ee DF90      		pop r13
 376 02f0 CF90      		pop r12
 377 02f2 BF90      		pop r11
 378 02f4 AF90      		pop r10
 379 02f6 9F90      		pop r9
 380 02f8 8F90      		pop r8
 381 02fa 7F90      		pop r7
 382 02fc 6F90      		pop r6
 383 02fe 5F90      		pop r5
 384 0300 4F90      		pop r4
 385 0302 3F90      		pop r3
 386 0304 2F90      		pop r2
 387 0306 0895      		ret
 388               		.size	SnmpSessionSendPdu, .-SnmpSessionSendPdu
 389               	.global	SnmpSessionClose
 390               		.type	SnmpSessionClose, @function
 391               	SnmpSessionClose:
 392 0308 CF93      		push r28
 393 030a DF93      		push r29
 394               	/* prologue: function */
 395               	/* frame size = 0 */
 396 030c EC01      		movw r28,r24
 397 030e 8BA5      		ldd r24,Y+43
 398 0310 9CA5      		ldd r25,Y+44
 399 0312 0097      		sbiw r24,0
GAS LISTING C:\DOCUME~1\ADMINI~1\LOCALS~1\Temp/ccanszZe.s 			page 8


 400 0314 01F0      		breq .L20
 401 0316 0E94 0000 		call NutUdpDestroySocket
 402               	.L20:
 403 031a CE01      		movw r24,r28
 404 031c 0E94 0000 		call free
 405               	/* epilogue start */
 406 0320 DF91      		pop r29
 407 0322 CF91      		pop r28
 408 0324 0895      		ret
 409               		.size	SnmpSessionClose, .-SnmpSessionClose
 410               	.global	SnmpSessionOpen
 411               		.type	SnmpSessionOpen, @function
 412               	SnmpSessionOpen:
 413 0326 6F92      		push r6
 414 0328 7F92      		push r7
 415 032a 8F92      		push r8
 416 032c 9F92      		push r9
 417 032e AF92      		push r10
 418 0330 BF92      		push r11
 419 0332 CF92      		push r12
 420 0334 DF92      		push r13
 421 0336 EF92      		push r14
 422 0338 FF92      		push r15
 423 033a 0F93      		push r16
 424 033c 1F93      		push r17
 425 033e CF93      		push r28
 426 0340 DF93      		push r29
 427               	/* prologue: function */
 428               	/* frame size = 0 */
 429 0342 6B01      		movw r12,r22
 430 0344 7C01      		movw r14,r24
 431 0346 5A01      		movw r10,r20
 432 0348 722E      		mov r7,r18
 433 034a 632E      		mov r6,r19
 434 034c 902E      		mov r9,r16
 435 034e 812E      		mov r8,r17
 436 0350 81E0      		ldi r24,lo8(1)
 437 0352 90E0      		ldi r25,hi8(1)
 438 0354 63E3      		ldi r22,lo8(51)
 439 0356 70E0      		ldi r23,hi8(51)
 440 0358 0E94 0000 		call calloc
 441 035c EC01      		movw r28,r24
 442 035e 8C01      		movw r16,r24
 443 0360 0097      		sbiw r24,0
 444 0362 01F0      		breq .L23
 445 0364 80E0      		ldi r24,lo8(0)
 446 0366 90E0      		ldi r25,hi8(0)
 447 0368 0E94 0000 		call NutUdpCreateSocket
 448 036c 9CA7      		std Y+44,r25
 449 036e 8BA7      		std Y+43,r24
 450 0370 892B      		or r24,r25
 451 0372 01F4      		brne .L24
 452 0374 CE01      		movw r24,r28
 453 0376 0E94 0000 		call free
 454 037a 00E0      		ldi r16,lo8(0)
 455 037c 10E0      		ldi r17,hi8(0)
 456 037e 00C0      		rjmp .L23
GAS LISTING C:\DOCUME~1\ADMINI~1\LOCALS~1\Temp/ccanszZe.s 			page 9


 457               	.L24:
 458 0380 CDA6      		std Y+45,r12
 459 0382 DEA6      		std Y+46,r13
 460 0384 EFA6      		std Y+47,r14
 461 0386 F8AA      		std Y+48,r15
 462 0388 BAAA      		std Y+50,r11
 463 038a A9AA      		std Y+49,r10
 464 038c 9E01      		movw r18,r28
 465 038e 2A5F      		subi r18,lo8(-(6))
 466 0390 3F4F      		sbci r19,hi8(-(6))
 467 0392 C901      		movw r24,r18
 468 0394 672D      		mov r22,r7
 469 0396 762D      		mov r23,r6
 470 0398 492D      		mov r20,r9
 471 039a 582D      		mov r21,r8
 472 039c 0E94 0000 		call memcpy
 473 03a0 9C82      		std Y+4,r9
 474 03a2 8D82      		std Y+5,r8
 475               	.L23:
 476 03a4 C801      		movw r24,r16
 477               	/* epilogue start */
 478 03a6 DF91      		pop r29
 479 03a8 CF91      		pop r28
 480 03aa 1F91      		pop r17
 481 03ac 0F91      		pop r16
 482 03ae FF90      		pop r15
 483 03b0 EF90      		pop r14
 484 03b2 DF90      		pop r13
 485 03b4 CF90      		pop r12
 486 03b6 BF90      		pop r11
 487 03b8 AF90      		pop r10
 488 03ba 9F90      		pop r9
 489 03bc 8F90      		pop r8
 490 03be 7F90      		pop r7
 491 03c0 6F90      		pop r6
 492 03c2 0895      		ret
 493               		.size	SnmpSessionOpen, .-SnmpSessionOpen
 494               		.lcomm snmp_reqid,4
 495               		.lcomm temp_buffer,500
 496               	.global __do_clear_bss
GAS LISTING C:\DOCUME~1\ADMINI~1\LOCALS~1\Temp/ccanszZe.s 			page 10


DEFINED SYMBOLS
                            *ABS*:00000000 snmp_session.c
C:\DOCUME~1\ADMINI~1\LOCALS~1\Temp/ccanszZe.s:2      *ABS*:0000003f __SREG__
C:\DOCUME~1\ADMINI~1\LOCALS~1\Temp/ccanszZe.s:3      *ABS*:0000003e __SP_H__
C:\DOCUME~1\ADMINI~1\LOCALS~1\Temp/ccanszZe.s:4      *ABS*:0000003d __SP_L__
C:\DOCUME~1\ADMINI~1\LOCALS~1\Temp/ccanszZe.s:5      *ABS*:00000034 __CCP__
C:\DOCUME~1\ADMINI~1\LOCALS~1\Temp/ccanszZe.s:6      *ABS*:00000000 __tmp_reg__
C:\DOCUME~1\ADMINI~1\LOCALS~1\Temp/ccanszZe.s:7      *ABS*:00000001 __zero_reg__
C:\DOCUME~1\ADMINI~1\LOCALS~1\Temp/ccanszZe.s:11     .text:00000000 SnmpSessionSendPdu
                             .bss:00000000 snmp_reqid
C:\DOCUME~1\ADMINI~1\LOCALS~1\Temp/ccanszZe.s:494    .bss:00000004 temp_buffer
C:\DOCUME~1\ADMINI~1\LOCALS~1\Temp/ccanszZe.s:391    .text:00000308 SnmpSessionClose
C:\DOCUME~1\ADMINI~1\LOCALS~1\Temp/ccanszZe.s:412    .text:00000326 SnmpSessionOpen

UNDEFINED SYMBOLS
malloc
SnmpVarBuild
AsnHeaderBuild
memcpy
AsnOidBuild
confnet
AsnOctetStringBuild
AsnIntegerBuild
SnmpAuthBuild
NutUdpSendTo
free
NutUdpDestroySocket
calloc
NutUdpCreateSocket
__do_clear_bss
