GAS LISTING C:\DOCUME~1\ADMINI~1\LOCALS~1\Temp/ccWU2zAJ.s 			page 1


   1               		.file	"snmp.c"
   2               	__SREG__ = 0x3f
   3               	__SP_H__ = 0x3e
   4               	__SP_L__ = 0x3d
   5               	__CCP__  = 0x34
   6               	__tmp_reg__ = 0
   7               	__zero_reg__ = 1
   8               		.text
   9               	.global	SnmpVarBuild
  10               		.type	SnmpVarBuild, @function
  11               	SnmpVarBuild:
  12 0000 4F92      		push r4
  13 0002 5F92      		push r5
  14 0004 6F92      		push r6
  15 0006 7F92      		push r7
  16 0008 8F92      		push r8
  17 000a 9F92      		push r9
  18 000c BF92      		push r11
  19 000e CF92      		push r12
  20 0010 DF92      		push r13
  21 0012 EF92      		push r14
  22 0014 FF92      		push r15
  23 0016 0F93      		push r16
  24 0018 1F93      		push r17
  25 001a DF93      		push r29
  26 001c CF93      		push r28
  27 001e 00D0      		rcall .
  28 0020 CDB7      		in r28,__SP_L__
  29 0022 DEB7      		in r29,__SP_H__
  30               	/* prologue: function */
  31               	/* frame size = 2 */
  32 0024 3C01      		movw r6,r24
  33 0026 4B01      		movw r8,r22
  34 0028 2A01      		movw r4,r20
  35 002a D901      		movw r26,r18
  36 002c B02E      		mov r11,r16
  37 002e FB01      		movw r30,r22
  38 0030 8081      		ld r24,Z
  39 0032 9181      		ldd r25,Z+1
  40 0034 8430      		cpi r24,4
  41 0036 9105      		cpc r25,__zero_reg__
  42 0038 00F4      		brsh .L2
  43 003a 82E1      		ldi r24,lo8(18)
  44 003c 90E0      		ldi r25,hi8(18)
  45 003e 00C0      		rjmp .L21
  46               	.L2:
  47 0040 0497      		sbiw r24,4
  48 0042 FB01      		movw r30,r22
  49 0044 9183      		std Z+1,r25
  50 0046 8083      		st Z,r24
  51 0048 C301      		movw r24,r6
  52 004a 0496      		adiw r24,4
  53 004c 46E0      		ldi r20,lo8(6)
  54 004e 9201      		movw r18,r4
  55 0050 8D01      		movw r16,r26
  56 0052 0E94 0000 		call AsnOidBuild
  57 0056 8C01      		movw r16,r24
GAS LISTING C:\DOCUME~1\ADMINI~1\LOCALS~1\Temp/ccWU2zAJ.s 			page 2


  58 0058 0097      		sbiw r24,0
  59 005a 01F4      		brne .+2
  60 005c 00C0      		rjmp .L17
  61               	.L4:
  62 005e F3E4      		ldi r31,lo8(67)
  63 0060 FB15      		cp r31,r11
  64 0062 00F0      		brlo .L14
  65 0064 81E4      		ldi r24,lo8(65)
  66 0066 B816      		cp r11,r24
  67 0068 00F4      		brsh .L11
  68 006a E4E0      		ldi r30,lo8(4)
  69 006c BE16      		cp r11,r30
  70 006e 01F0      		breq .L8
  71 0070 EB15      		cp r30,r11
  72 0072 00F0      		brlo .L15
  73 0074 F2E0      		ldi r31,lo8(2)
  74 0076 BF16      		cp r11,r31
  75 0078 01F0      		breq .L6
  76 007a 83E0      		ldi r24,lo8(3)
  77 007c B816      		cp r11,r24
  78 007e 01F0      		breq .+2
  79 0080 00C0      		rjmp .L5
  80 0082 00C0      		rjmp .L23
  81               	.L15:
  82 0084 E6E0      		ldi r30,lo8(6)
  83 0086 BE16      		cp r11,r30
  84 0088 01F0      		breq .L10
  85 008a BE16      		cp r11,r30
  86 008c 00F0      		brlo .L9
  87 008e F0E4      		ldi r31,lo8(64)
  88 0090 BF16      		cp r11,r31
  89 0092 01F0      		breq .+2
  90 0094 00C0      		rjmp .L5
  91 0096 00C0      		rjmp .L8
  92               	.L14:
  93 0098 86E4      		ldi r24,lo8(70)
  94 009a B816      		cp r11,r24
  95 009c 01F0      		breq .L12
  96 009e B816      		cp r11,r24
  97 00a0 00F0      		brlo .L8
  98 00a2 E7E4      		ldi r30,lo8(71)
  99 00a4 BE16      		cp r11,r30
 100 00a6 01F0      		breq .L11
 101 00a8 8B2D      		mov r24,r11
 102 00aa 8058      		subi r24,lo8(-(-128))
 103 00ac 8330      		cpi r24,lo8(3)
 104 00ae 00F0      		brlo .+2
 105 00b0 00C0      		rjmp .L5
 106 00b2 00C0      		rjmp .L24
 107               	.L6:
 108 00b4 C801      		movw r24,r16
 109 00b6 B401      		movw r22,r8
 110 00b8 42E0      		ldi r20,lo8(2)
 111 00ba 9701      		movw r18,r14
 112 00bc 0E94 0000 		call AsnIntegerBuild
 113 00c0 00C0      		rjmp .L20
 114               	.L11:
GAS LISTING C:\DOCUME~1\ADMINI~1\LOCALS~1\Temp/ccWU2zAJ.s 			page 3


 115 00c2 C801      		movw r24,r16
 116 00c4 B401      		movw r22,r8
 117 00c6 4B2D      		mov r20,r11
 118 00c8 9701      		movw r18,r14
 119 00ca 0E94 0000 		call AsnUnsignedBuild
 120 00ce 00C0      		rjmp .L20
 121               	.L12:
 122 00d0 C801      		movw r24,r16
 123 00d2 B401      		movw r22,r8
 124 00d4 46E4      		ldi r20,lo8(70)
 125 00d6 9701      		movw r18,r14
 126 00d8 0E94 0000 		call AsnUnsigned64Build
 127 00dc 00C0      		rjmp .L20
 128               	.L8:
 129 00de C801      		movw r24,r16
 130 00e0 B401      		movw r22,r8
 131 00e2 4B2D      		mov r20,r11
 132 00e4 9701      		movw r18,r14
 133 00e6 8601      		movw r16,r12
 134 00e8 0E94 0000 		call AsnOctetStringBuild
 135 00ec 00C0      		rjmp .L20
 136               	.L10:
 137 00ee D694      		lsr r13
 138 00f0 C794      		ror r12
 139 00f2 D694      		lsr r13
 140 00f4 C794      		ror r12
 141 00f6 C801      		movw r24,r16
 142 00f8 B401      		movw r22,r8
 143 00fa 46E0      		ldi r20,lo8(6)
 144 00fc 9701      		movw r18,r14
 145 00fe 8601      		movw r16,r12
 146 0100 0E94 0000 		call AsnOidBuild
 147 0104 00C0      		rjmp .L20
 148               	.L9:
 149 0106 C801      		movw r24,r16
 150 0108 B401      		movw r22,r8
 151 010a 45E0      		ldi r20,lo8(5)
 152 010c 00C0      		rjmp .L22
 153               	.L23:
 154 010e C801      		movw r24,r16
 155 0110 B401      		movw r22,r8
 156 0112 43E0      		ldi r20,lo8(3)
 157 0114 9701      		movw r18,r14
 158 0116 8601      		movw r16,r12
 159 0118 0E94 0000 		call AsnBitStringBuild
 160 011c 00C0      		rjmp .L20
 161               	.L24:
 162 011e C801      		movw r24,r16
 163 0120 B401      		movw r22,r8
 164 0122 4B2D      		mov r20,r11
 165               	.L22:
 166 0124 0E94 0000 		call AsnNullBuild
 167               	.L20:
 168 0128 8C01      		movw r16,r24
 169 012a 0097      		sbiw r24,0
 170 012c 01F4      		brne .L25
 171 012e 00C0      		rjmp .L17
GAS LISTING C:\DOCUME~1\ADMINI~1\LOCALS~1\Temp/ccWU2zAJ.s 			page 4


 172               	.L5:
 173 0130 84E1      		ldi r24,lo8(20)
 174 0132 90E0      		ldi r25,hi8(20)
 175               	.L21:
 176 0134 0E94 0000 		call SnmpStatsInc
 177 0138 00E0      		ldi r16,lo8(0)
 178 013a 10E0      		ldi r17,hi8(0)
 179 013c 00C0      		rjmp .L3
 180               	.L25:
 181 013e 9C01      		movw r18,r24
 182 0140 2619      		sub r18,r6
 183 0142 3709      		sbc r19,r7
 184 0144 2450      		subi r18,lo8(-(-4))
 185 0146 3040      		sbci r19,hi8(-(-4))
 186 0148 3A83      		std Y+2,r19
 187 014a 2983      		std Y+1,r18
 188 014c C301      		movw r24,r6
 189 014e BE01      		movw r22,r28
 190 0150 6F5F      		subi r22,lo8(-(1))
 191 0152 7F4F      		sbci r23,hi8(-(1))
 192 0154 40E3      		ldi r20,lo8(48)
 193 0156 0E94 0000 		call AsnSequenceBuild
 194 015a 00C0      		rjmp .L3
 195               	.L17:
 196 015c 82E1      		ldi r24,lo8(18)
 197 015e 90E0      		ldi r25,hi8(18)
 198 0160 0E94 0000 		call SnmpStatsInc
 199               	.L3:
 200 0164 C801      		movw r24,r16
 201               	/* epilogue start */
 202 0166 0F90      		pop __tmp_reg__
 203 0168 0F90      		pop __tmp_reg__
 204 016a CF91      		pop r28
 205 016c DF91      		pop r29
 206 016e 1F91      		pop r17
 207 0170 0F91      		pop r16
 208 0172 FF90      		pop r15
 209 0174 EF90      		pop r14
 210 0176 DF90      		pop r13
 211 0178 CF90      		pop r12
 212 017a BF90      		pop r11
 213 017c 9F90      		pop r9
 214 017e 8F90      		pop r8
 215 0180 7F90      		pop r7
 216 0182 6F90      		pop r6
 217 0184 5F90      		pop r5
 218 0186 4F90      		pop r4
 219 0188 0895      		ret
 220               		.size	SnmpVarBuild, .-SnmpVarBuild
 221               	.global	SnmpVarParse
 222               		.type	SnmpVarParse, @function
 223               	SnmpVarParse:
 224 018a 2F92      		push r2
 225 018c 3F92      		push r3
 226 018e 4F92      		push r4
 227 0190 5F92      		push r5
 228 0192 6F92      		push r6
GAS LISTING C:\DOCUME~1\ADMINI~1\LOCALS~1\Temp/ccWU2zAJ.s 			page 5


 229 0194 7F92      		push r7
 230 0196 8F92      		push r8
 231 0198 9F92      		push r9
 232 019a AF92      		push r10
 233 019c BF92      		push r11
 234 019e CF92      		push r12
 235 01a0 DF92      		push r13
 236 01a2 EF92      		push r14
 237 01a4 FF92      		push r15
 238 01a6 0F93      		push r16
 239 01a8 1F93      		push r17
 240 01aa DF93      		push r29
 241 01ac CF93      		push r28
 242 01ae 00D0      		rcall .
 243 01b0 00D0      		rcall .
 244 01b2 0F92      		push __tmp_reg__
 245 01b4 CDB7      		in r28,__SP_L__
 246 01b6 DEB7      		in r29,__SP_H__
 247               	/* prologue: function */
 248               	/* frame size = 5 */
 249 01b8 5C01      		movw r10,r24
 250 01ba 4B01      		movw r8,r22
 251 01bc 3A01      		movw r6,r20
 252 01be 2901      		movw r4,r18
 253 01c0 1D83      		std Y+5,r17
 254 01c2 0C83      		std Y+4,r16
 255 01c4 1701      		movw r2,r14
 256 01c6 80E3      		ldi r24,lo8(48)
 257 01c8 8983      		std Y+1,r24
 258 01ca FB01      		movw r30,r22
 259 01cc 8081      		ld r24,Z
 260 01ce 9181      		ldd r25,Z+1
 261 01d0 9B83      		std Y+3,r25
 262 01d2 8A83      		std Y+2,r24
 263 01d4 92E0      		ldi r25,lo8(2)
 264 01d6 E92E      		mov r14,r25
 265 01d8 F12C      		mov r15,__zero_reg__
 266 01da EC0E      		add r14,r28
 267 01dc FD1E      		adc r15,r29
 268 01de C501      		movw r24,r10
 269 01e0 B701      		movw r22,r14
 270 01e2 40E3      		ldi r20,lo8(48)
 271 01e4 0E94 0000 		call AsnSequenceParse
 272 01e8 9C01      		movw r18,r24
 273 01ea 0097      		sbiw r24,0
 274 01ec 01F0      		breq .L27
 275 01ee B701      		movw r22,r14
 276 01f0 AE01      		movw r20,r28
 277 01f2 4F5F      		subi r20,lo8(-(1))
 278 01f4 5F4F      		sbci r21,hi8(-(1))
 279 01f6 9301      		movw r18,r6
 280 01f8 8201      		movw r16,r4
 281 01fa 0E94 0000 		call AsnOidParse
 282 01fe 9C01      		movw r18,r24
 283 0200 0097      		sbiw r24,0
 284 0202 01F0      		breq .L27
 285 0204 8981      		ldd r24,Y+1
GAS LISTING C:\DOCUME~1\ADMINI~1\LOCALS~1\Temp/ccWU2zAJ.s 			page 6


 286 0206 8630      		cpi r24,lo8(6)
 287 0208 01F0      		breq .L28
 288 020a 20E0      		ldi r18,lo8(0)
 289 020c 30E0      		ldi r19,hi8(0)
 290 020e 00C0      		rjmp .L27
 291               	.L28:
 292 0210 F101      		movw r30,r2
 293 0212 3183      		std Z+1,r19
 294 0214 2083      		st Z,r18
 295 0216 C901      		movw r24,r18
 296 0218 B701      		movw r22,r14
 297 021a 4C81      		ldd r20,Y+4
 298 021c 5D81      		ldd r21,Y+5
 299 021e 0E94 0000 		call AsnHeaderParse
 300 0222 9C01      		movw r18,r24
 301 0224 0097      		sbiw r24,0
 302 0226 01F0      		breq .L27
 303 0228 8A81      		ldd r24,Y+2
 304 022a 9B81      		ldd r25,Y+3
 305 022c F601      		movw r30,r12
 306 022e 9183      		std Z+1,r25
 307 0230 8083      		st Z,r24
 308 0232 280F      		add r18,r24
 309 0234 391F      		adc r19,r25
 310 0236 A21A      		sub r10,r18
 311 0238 B30A      		sbc r11,r19
 312 023a F401      		movw r30,r8
 313 023c 8081      		ld r24,Z
 314 023e 9181      		ldd r25,Z+1
 315 0240 8A0D      		add r24,r10
 316 0242 9B1D      		adc r25,r11
 317 0244 9183      		std Z+1,r25
 318 0246 8083      		st Z,r24
 319               	.L27:
 320 0248 C901      		movw r24,r18
 321               	/* epilogue start */
 322 024a 0F90      		pop __tmp_reg__
 323 024c 0F90      		pop __tmp_reg__
 324 024e 0F90      		pop __tmp_reg__
 325 0250 0F90      		pop __tmp_reg__
 326 0252 0F90      		pop __tmp_reg__
 327 0254 CF91      		pop r28
 328 0256 DF91      		pop r29
 329 0258 1F91      		pop r17
 330 025a 0F91      		pop r16
 331 025c FF90      		pop r15
 332 025e EF90      		pop r14
 333 0260 DF90      		pop r13
 334 0262 CF90      		pop r12
 335 0264 BF90      		pop r11
 336 0266 AF90      		pop r10
 337 0268 9F90      		pop r9
 338 026a 8F90      		pop r8
 339 026c 7F90      		pop r7
 340 026e 6F90      		pop r6
 341 0270 5F90      		pop r5
 342 0272 4F90      		pop r4
GAS LISTING C:\DOCUME~1\ADMINI~1\LOCALS~1\Temp/ccWU2zAJ.s 			page 7


 343 0274 3F90      		pop r3
 344 0276 2F90      		pop r2
 345 0278 0895      		ret
 346               		.size	SnmpVarParse, .-SnmpVarParse
GAS LISTING C:\DOCUME~1\ADMINI~1\LOCALS~1\Temp/ccWU2zAJ.s 			page 8


DEFINED SYMBOLS
                            *ABS*:00000000 snmp.c
C:\DOCUME~1\ADMINI~1\LOCALS~1\Temp/ccWU2zAJ.s:2      *ABS*:0000003f __SREG__
C:\DOCUME~1\ADMINI~1\LOCALS~1\Temp/ccWU2zAJ.s:3      *ABS*:0000003e __SP_H__
C:\DOCUME~1\ADMINI~1\LOCALS~1\Temp/ccWU2zAJ.s:4      *ABS*:0000003d __SP_L__
C:\DOCUME~1\ADMINI~1\LOCALS~1\Temp/ccWU2zAJ.s:5      *ABS*:00000034 __CCP__
C:\DOCUME~1\ADMINI~1\LOCALS~1\Temp/ccWU2zAJ.s:6      *ABS*:00000000 __tmp_reg__
C:\DOCUME~1\ADMINI~1\LOCALS~1\Temp/ccWU2zAJ.s:7      *ABS*:00000001 __zero_reg__
C:\DOCUME~1\ADMINI~1\LOCALS~1\Temp/ccWU2zAJ.s:11     .text:00000000 SnmpVarBuild
C:\DOCUME~1\ADMINI~1\LOCALS~1\Temp/ccWU2zAJ.s:223    .text:0000018a SnmpVarParse

UNDEFINED SYMBOLS
AsnOidBuild
AsnIntegerBuild
AsnUnsignedBuild
AsnUnsigned64Build
AsnOctetStringBuild
AsnBitStringBuild
AsnNullBuild
SnmpStatsInc
AsnSequenceBuild
AsnSequenceParse
AsnOidParse
AsnHeaderParse
