GAS LISTING C:\DOCUME~1\ADMINI~1\LOCALS~1\Temp/ccDhjxR8.s 			page 1


   1               		.file	"uxmlparse.c"
   2               	__SREG__ = 0x3f
   3               	__SP_H__ = 0x3e
   4               	__SP_L__ = 0x3d
   5               	__CCP__  = 0x34
   6               	__tmp_reg__ = 0
   7               	__zero_reg__ = 1
   8               		.text
   9               	.global	UxmlFilterMatch
  10               		.type	UxmlFilterMatch, @function
  11               	UxmlFilterMatch:
  12 0000 0F93      		push r16
  13 0002 1F93      		push r17
  14 0004 CF93      		push r28
  15 0006 DF93      		push r29
  16               	/* prologue: function */
  17               	/* frame size = 0 */
  18 0008 8C01      		movw r16,r24
  19 000a EB01      		movw r28,r22
  20 000c 6115      		cp r22,__zero_reg__
  21 000e 7105      		cpc r23,__zero_reg__
  22 0010 01F4      		brne .L7
  23 0012 00C0      		rjmp .L2
  24               	.L4:
  25 0014 C801      		movw r24,r16
  26 0016 0E94 0000 		call strcasecmp
  27 001a 892B      		or r24,r25
  28 001c 01F0      		breq .L2
  29 001e 2296      		adiw r28,2
  30               	.L7:
  31 0020 6881      		ld r22,Y
  32 0022 7981      		ldd r23,Y+1
  33 0024 6115      		cp r22,__zero_reg__
  34 0026 7105      		cpc r23,__zero_reg__
  35 0028 01F4      		brne .L4
  36 002a 20E0      		ldi r18,lo8(0)
  37 002c 30E0      		ldi r19,hi8(0)
  38 002e 00C0      		rjmp .L5
  39               	.L2:
  40 0030 21E0      		ldi r18,lo8(1)
  41 0032 30E0      		ldi r19,hi8(1)
  42               	.L5:
  43 0034 C901      		movw r24,r18
  44               	/* epilogue start */
  45 0036 DF91      		pop r29
  46 0038 CF91      		pop r28
  47 003a 1F91      		pop r17
  48 003c 0F91      		pop r16
  49 003e 0895      		ret
  50               		.size	UxmlFilterMatch, .-UxmlFilterMatch
  51               	.global	UxmlParseTag
  52               		.type	UxmlParseTag, @function
  53               	UxmlParseTag:
  54 0040 CF92      		push r12
  55 0042 DF92      		push r13
  56 0044 FF92      		push r15
  57 0046 0F93      		push r16
GAS LISTING C:\DOCUME~1\ADMINI~1\LOCALS~1\Temp/ccDhjxR8.s 			page 2


  58 0048 1F93      		push r17
  59 004a CF93      		push r28
  60 004c DF93      		push r29
  61               	/* prologue: function */
  62               	/* frame size = 0 */
  63 004e EC01      		movw r28,r24
  64 0050 8B01      		movw r16,r22
  65 0052 6A01      		movw r12,r20
  66 0054 00C0      		rjmp .L9
  67               	.L10:
  68 0056 2196      		adiw r28,1
  69               	.L9:
  70 0058 F880      		ld r15,Y
  71 005a 8F2D      		mov r24,r15
  72 005c 90E0      		ldi r25,lo8(0)
  73 005e 0E94 0000 		call isspace
  74 0062 892B      		or r24,r25
  75 0064 01F4      		brne .L10
  76 0066 FF20      		tst r15
  77 0068 01F4      		brne .L11
  78 006a C0E0      		ldi r28,lo8(0)
  79 006c D0E0      		ldi r29,hi8(0)
  80 006e 00C0      		rjmp .L12
  81               	.L11:
  82 0070 8F2D      		mov r24,r15
  83 0072 90E0      		ldi r25,lo8(0)
  84 0074 0E94 0000 		call isalnum
  85 0078 892B      		or r24,r25
  86 007a 01F0      		breq .L13
  87 007c 00C0      		rjmp .L14
  88               	.L16:
  89 007e 82E0      		ldi r24,lo8(2)
  90 0080 C816      		cp r12,r24
  91 0082 D104      		cpc r13,__zero_reg__
  92 0084 00F0      		brlo .L15
  93 0086 0894      		sec
  94 0088 C108      		sbc r12,__zero_reg__
  95 008a D108      		sbc r13,__zero_reg__
  96 008c D801      		movw r26,r16
  97 008e FD92      		st X+,r15
  98 0090 8D01      		movw r16,r26
  99               	.L15:
 100 0092 2196      		adiw r28,1
 101               	.L14:
 102 0094 F880      		ld r15,Y
 103 0096 8F2D      		mov r24,r15
 104 0098 90E0      		ldi r25,lo8(0)
 105 009a 0E94 0000 		call isalnum
 106 009e 892B      		or r24,r25
 107 00a0 01F4      		brne .L16
 108 00a2 BDE2      		ldi r27,lo8(45)
 109 00a4 FB16      		cp r15,r27
 110 00a6 01F0      		breq .L16
 111 00a8 EAE3      		ldi r30,lo8(58)
 112 00aa FE16      		cp r15,r30
 113 00ac 01F0      		breq .L16
 114 00ae FFE5      		ldi r31,lo8(95)
GAS LISTING C:\DOCUME~1\ADMINI~1\LOCALS~1\Temp/ccDhjxR8.s 			page 3


 115 00b0 FF16      		cp r15,r31
 116 00b2 01F0      		breq .L16
 117 00b4 00C0      		rjmp .L17
 118               	.L13:
 119 00b6 82E2      		ldi r24,lo8(34)
 120 00b8 F816      		cp r15,r24
 121 00ba 01F0      		breq .L18
 122 00bc A7E2      		ldi r26,lo8(39)
 123 00be FA16      		cp r15,r26
 124 00c0 01F4      		brne .L19
 125               	.L18:
 126 00c2 FE01      		movw r30,r28
 127 00c4 00C0      		rjmp .L21
 128               	.L22:
 129 00c6 B2E0      		ldi r27,lo8(2)
 130 00c8 CB16      		cp r12,r27
 131 00ca D104      		cpc r13,__zero_reg__
 132 00cc 00F0      		brlo .L21
 133 00ce 0894      		sec
 134 00d0 C108      		sbc r12,__zero_reg__
 135 00d2 D108      		sbc r13,__zero_reg__
 136 00d4 D801      		movw r26,r16
 137 00d6 9D93      		st X+,r25
 138 00d8 8D01      		movw r16,r26
 139               	.L21:
 140 00da 3196      		adiw r30,1
 141 00dc 9081      		ld r25,Z
 142 00de 8881      		ld r24,Y
 143 00e0 9817      		cp r25,r24
 144 00e2 01F4      		brne .L22
 145 00e4 EF01      		movw r28,r30
 146 00e6 00C0      		rjmp .L24
 147               	.L19:
 148 00e8 F801      		movw r30,r16
 149 00ea F192      		st Z+,r15
 150 00ec 8F01      		movw r16,r30
 151               	.L24:
 152 00ee 2196      		adiw r28,1
 153               	.L17:
 154 00f0 D801      		movw r26,r16
 155 00f2 1C92      		st X,__zero_reg__
 156               	.L12:
 157 00f4 CE01      		movw r24,r28
 158               	/* epilogue start */
 159 00f6 DF91      		pop r29
 160 00f8 CF91      		pop r28
 161 00fa 1F91      		pop r17
 162 00fc 0F91      		pop r16
 163 00fe FF90      		pop r15
 164 0100 DF90      		pop r13
 165 0102 CF90      		pop r12
 166 0104 0895      		ret
 167               		.size	UxmlParseTag, .-UxmlParseTag
GAS LISTING C:\DOCUME~1\ADMINI~1\LOCALS~1\Temp/ccDhjxR8.s 			page 4


DEFINED SYMBOLS
                            *ABS*:00000000 uxmlparse.c
C:\DOCUME~1\ADMINI~1\LOCALS~1\Temp/ccDhjxR8.s:2      *ABS*:0000003f __SREG__
C:\DOCUME~1\ADMINI~1\LOCALS~1\Temp/ccDhjxR8.s:3      *ABS*:0000003e __SP_H__
C:\DOCUME~1\ADMINI~1\LOCALS~1\Temp/ccDhjxR8.s:4      *ABS*:0000003d __SP_L__
C:\DOCUME~1\ADMINI~1\LOCALS~1\Temp/ccDhjxR8.s:5      *ABS*:00000034 __CCP__
C:\DOCUME~1\ADMINI~1\LOCALS~1\Temp/ccDhjxR8.s:6      *ABS*:00000000 __tmp_reg__
C:\DOCUME~1\ADMINI~1\LOCALS~1\Temp/ccDhjxR8.s:7      *ABS*:00000001 __zero_reg__
C:\DOCUME~1\ADMINI~1\LOCALS~1\Temp/ccDhjxR8.s:11     .text:00000000 UxmlFilterMatch
C:\DOCUME~1\ADMINI~1\LOCALS~1\Temp/ccDhjxR8.s:53     .text:00000040 UxmlParseTag

UNDEFINED SYMBOLS
strcasecmp
isspace
isalnum
