GAS LISTING C:\DOCUME~1\ADMINI~1\LOCALS~1\Temp/ccmoNI6l.s 			page 1


   1               		.file	"uxmltree.c"
   2               	__SREG__ = 0x3f
   3               	__SP_H__ = 0x3e
   4               	__SP_L__ = 0x3d
   5               	__CCP__  = 0x34
   6               	__tmp_reg__ = 0
   7               	__zero_reg__ = 1
   8               		.text
   9               	.global	UxmlTreeAddSibling
  10               		.type	UxmlTreeAddSibling, @function
  11               	UxmlTreeAddSibling:
  12               	/* prologue: function */
  13               	/* frame size = 0 */
  14 0000 FC01      		movw r30,r24
  15 0002 DB01      		movw r26,r22
  16               	.L2:
  17 0004 CF01      		movw r24,r30
  18 0006 0190      		ld __tmp_reg__,Z+
  19 0008 F081      		ld r31,Z
  20 000a E02D      		mov r30,__tmp_reg__
  21 000c 3097      		sbiw r30,0
  22 000e 01F4      		brne .L2
  23 0010 FC01      		movw r30,r24
  24 0012 B183      		std Z+1,r27
  25 0014 A083      		st Z,r26
  26 0016 8481      		ldd r24,Z+4
  27 0018 9581      		ldd r25,Z+5
  28 001a 1596      		adiw r26,4+1
  29 001c 9C93      		st X,r25
  30 001e 8E93      		st -X,r24
  31 0020 1497      		sbiw r26,4
  32 0022 CD01      		movw r24,r26
  33               	/* epilogue start */
  34 0024 0895      		ret
  35               		.size	UxmlTreeAddSibling, .-UxmlTreeAddSibling
  36               	.global	UxmlTreeAddChild
  37               		.type	UxmlTreeAddChild, @function
  38               	UxmlTreeAddChild:
  39 0026 CF93      		push r28
  40 0028 DF93      		push r29
  41               	/* prologue: function */
  42               	/* frame size = 0 */
  43 002a DC01      		movw r26,r24
  44 002c EB01      		movw r28,r22
  45 002e 1296      		adiw r26,2
  46 0030 ED91      		ld r30,X+
  47 0032 FC91      		ld r31,X
  48 0034 1397      		sbiw r26,2+1
  49 0036 3097      		sbiw r30,0
  50 0038 01F4      		brne .L9
  51 003a 1396      		adiw r26,2+1
  52 003c 7C93      		st X,r23
  53 003e 6E93      		st -X,r22
  54 0040 1297      		sbiw r26,2
  55 0042 9D83      		std Y+5,r25
  56 0044 8C83      		std Y+4,r24
  57 0046 00C0      		rjmp .L7
GAS LISTING C:\DOCUME~1\ADMINI~1\LOCALS~1\Temp/ccmoNI6l.s 			page 2


  58               	.L9:
  59 0048 CF01      		movw r24,r30
  60 004a 0190      		ld __tmp_reg__,Z+
  61 004c F081      		ld r31,Z
  62 004e E02D      		mov r30,__tmp_reg__
  63 0050 3097      		sbiw r30,0
  64 0052 01F4      		brne .L9
  65 0054 FC01      		movw r30,r24
  66 0056 D183      		std Z+1,r29
  67 0058 C083      		st Z,r28
  68 005a 8481      		ldd r24,Z+4
  69 005c 9581      		ldd r25,Z+5
  70 005e 9D83      		std Y+5,r25
  71 0060 8C83      		std Y+4,r24
  72               	.L7:
  73 0062 CE01      		movw r24,r28
  74               	/* epilogue start */
  75 0064 DF91      		pop r29
  76 0066 CF91      		pop r28
  77 0068 0895      		ret
  78               		.size	UxmlTreeAddChild, .-UxmlTreeAddChild
  79               	.global	UxmlTreeDestroy
  80               		.type	UxmlTreeDestroy, @function
  81               	UxmlTreeDestroy:
  82 006a CF92      		push r12
  83 006c DF92      		push r13
  84 006e EF92      		push r14
  85 0070 FF92      		push r15
  86 0072 0F93      		push r16
  87 0074 1F93      		push r17
  88 0076 CF93      		push r28
  89 0078 DF93      		push r29
  90               	/* prologue: function */
  91               	/* frame size = 0 */
  92 007a 8C01      		movw r16,r24
  93 007c 00C0      		rjmp .L12
  94               	.L19:
  95 007e F801      		movw r30,r16
  96 0080 D080      		ld r13,Z
  97 0082 C180      		ldd r12,Z+1
  98 0084 8281      		ldd r24,Z+2
  99 0086 9381      		ldd r25,Z+3
 100 0088 0097      		sbiw r24,0
 101 008a 01F0      		breq .L13
 102 008c 0E94 0000 		call UxmlTreeDestroy
 103               	.L13:
 104 0090 F801      		movw r30,r16
 105 0092 8681      		ldd r24,Z+6
 106 0094 9781      		ldd r25,Z+7
 107 0096 0097      		sbiw r24,0
 108 0098 01F0      		breq .L14
 109 009a 0E94 0000 		call free
 110               	.L14:
 111 009e F801      		movw r30,r16
 112 00a0 C085      		ldd r28,Z+8
 113 00a2 D185      		ldd r29,Z+9
 114 00a4 00C0      		rjmp .L15
GAS LISTING C:\DOCUME~1\ADMINI~1\LOCALS~1\Temp/ccmoNI6l.s 			page 3


 115               	.L18:
 116 00a6 F880      		ld r15,Y
 117 00a8 E980      		ldd r14,Y+1
 118 00aa 8A81      		ldd r24,Y+2
 119 00ac 9B81      		ldd r25,Y+3
 120 00ae 0097      		sbiw r24,0
 121 00b0 01F0      		breq .L16
 122 00b2 0E94 0000 		call free
 123               	.L16:
 124 00b6 8C81      		ldd r24,Y+4
 125 00b8 9D81      		ldd r25,Y+5
 126 00ba 0097      		sbiw r24,0
 127 00bc 01F0      		breq .L17
 128 00be 0E94 0000 		call free
 129               	.L17:
 130 00c2 CE01      		movw r24,r28
 131 00c4 0E94 0000 		call free
 132 00c8 8F2D      		mov r24,r15
 133 00ca 9E2D      		mov r25,r14
 134 00cc 9C01      		movw r18,r24
 135 00ce E901      		movw r28,r18
 136               	.L15:
 137 00d0 2097      		sbiw r28,0
 138 00d2 01F4      		brne .L18
 139 00d4 C801      		movw r24,r16
 140 00d6 0E94 0000 		call free
 141 00da 8D2D      		mov r24,r13
 142 00dc 9C2D      		mov r25,r12
 143 00de 9C01      		movw r18,r24
 144 00e0 8901      		movw r16,r18
 145               	.L12:
 146 00e2 0115      		cp r16,__zero_reg__
 147 00e4 1105      		cpc r17,__zero_reg__
 148 00e6 01F4      		brne .L19
 149               	/* epilogue start */
 150 00e8 DF91      		pop r29
 151 00ea CF91      		pop r28
 152 00ec 1F91      		pop r17
 153 00ee 0F91      		pop r16
 154 00f0 FF90      		pop r15
 155 00f2 EF90      		pop r14
 156 00f4 DF90      		pop r13
 157 00f6 CF90      		pop r12
 158 00f8 0895      		ret
 159               		.size	UxmlTreeDestroy, .-UxmlTreeDestroy
 160               	.global	UxmlNodeAddAttrib
 161               		.type	UxmlNodeAddAttrib, @function
 162               	UxmlNodeAddAttrib:
 163 00fa CF92      		push r12
 164 00fc DF92      		push r13
 165 00fe EF92      		push r14
 166 0100 FF92      		push r15
 167 0102 0F93      		push r16
 168 0104 1F93      		push r17
 169 0106 CF93      		push r28
 170 0108 DF93      		push r29
 171               	/* prologue: function */
GAS LISTING C:\DOCUME~1\ADMINI~1\LOCALS~1\Temp/ccmoNI6l.s 			page 4


 172               	/* frame size = 0 */
 173 010a 6C01      		movw r12,r24
 174 010c 8B01      		movw r16,r22
 175 010e 7A01      		movw r14,r20
 176 0110 86E0      		ldi r24,lo8(6)
 177 0112 90E0      		ldi r25,hi8(6)
 178 0114 0E94 0000 		call malloc
 179 0118 EC01      		movw r28,r24
 180 011a 0097      		sbiw r24,0
 181 011c 01F0      		breq .L31
 182               	.L22:
 183 011e 1982      		std Y+1,__zero_reg__
 184 0120 1882      		st Y,__zero_reg__
 185 0122 C801      		movw r24,r16
 186 0124 0E94 0000 		call strdup
 187 0128 9B83      		std Y+3,r25
 188 012a 8A83      		std Y+2,r24
 189 012c 0097      		sbiw r24,0
 190 012e 01F0      		breq .L24
 191 0130 C701      		movw r24,r14
 192 0132 0E94 0000 		call strdup
 193 0136 9D83      		std Y+5,r25
 194 0138 8C83      		std Y+4,r24
 195 013a 0097      		sbiw r24,0
 196 013c 01F0      		breq .L25
 197 013e D601      		movw r26,r12
 198 0140 1896      		adiw r26,8
 199 0142 ED91      		ld r30,X+
 200 0144 FC91      		ld r31,X
 201 0146 1997      		sbiw r26,8+1
 202 0148 3097      		sbiw r30,0
 203 014a 01F4      		brne .L28
 204 014c 1996      		adiw r26,8+1
 205 014e DC93      		st X,r29
 206 0150 CE93      		st -X,r28
 207 0152 1897      		sbiw r26,8
 208 0154 00C0      		rjmp .L30
 209               	.L28:
 210 0156 CF01      		movw r24,r30
 211 0158 0190      		ld __tmp_reg__,Z+
 212 015a F081      		ld r31,Z
 213 015c E02D      		mov r30,__tmp_reg__
 214 015e 3097      		sbiw r30,0
 215 0160 01F4      		brne .L28
 216 0162 FC01      		movw r30,r24
 217 0164 D183      		std Z+1,r29
 218 0166 C083      		st Z,r28
 219               	.L30:
 220 0168 20E0      		ldi r18,lo8(0)
 221 016a 30E0      		ldi r19,hi8(0)
 222 016c 00C0      		rjmp .L23
 223               	.L25:
 224 016e 8A81      		ldd r24,Y+2
 225 0170 9B81      		ldd r25,Y+3
 226 0172 0E94 0000 		call free
 227               	.L24:
 228 0176 CE01      		movw r24,r28
GAS LISTING C:\DOCUME~1\ADMINI~1\LOCALS~1\Temp/ccmoNI6l.s 			page 5


 229 0178 0E94 0000 		call free
 230               	.L31:
 231 017c 2FEF      		ldi r18,lo8(-1)
 232 017e 3FEF      		ldi r19,hi8(-1)
 233               	.L23:
 234 0180 C901      		movw r24,r18
 235               	/* epilogue start */
 236 0182 DF91      		pop r29
 237 0184 CF91      		pop r28
 238 0186 1F91      		pop r17
 239 0188 0F91      		pop r16
 240 018a FF90      		pop r15
 241 018c EF90      		pop r14
 242 018e DF90      		pop r13
 243 0190 CF90      		pop r12
 244 0192 0895      		ret
 245               		.size	UxmlNodeAddAttrib, .-UxmlNodeAddAttrib
 246               	.global	UxmlNodeCreate
 247               		.type	UxmlNodeCreate, @function
 248               	UxmlNodeCreate:
 249 0194 EF92      		push r14
 250 0196 FF92      		push r15
 251 0198 0F93      		push r16
 252 019a 1F93      		push r17
 253 019c CF93      		push r28
 254 019e DF93      		push r29
 255               	/* prologue: function */
 256               	/* frame size = 0 */
 257 01a0 F82E      		mov r15,r24
 258 01a2 E92E      		mov r14,r25
 259 01a4 8AE0      		ldi r24,lo8(10)
 260 01a6 90E0      		ldi r25,hi8(10)
 261 01a8 0E94 0000 		call malloc
 262 01ac EC01      		movw r28,r24
 263 01ae 0097      		sbiw r24,0
 264 01b0 01F0      		breq .L33
 265 01b2 8AE0      		ldi r24,lo8(10)
 266 01b4 DE01      		movw r26,r28
 267 01b6 1D92      		st X+,__zero_reg__
 268 01b8 8A95      	        dec r24
 269 01ba 01F4      		brne .-6
 270 01bc EF2D      		mov r30,r15
 271 01be FE2D      		mov r31,r14
 272 01c0 DF01      		movw r26,r30
 273 01c2 0D90      		ld __tmp_reg__,X+
 274 01c4 0020      		tst __tmp_reg__
 275 01c6 01F4      		brne .-6
 276 01c8 8D01      		movw r16,r26
 277 01ca 0E1B      		sub r16,r30
 278 01cc 1F0B      		sbc r17,r31
 279 01ce C801      		movw r24,r16
 280 01d0 0E94 0000 		call malloc
 281 01d4 9F83      		std Y+7,r25
 282 01d6 8E83      		std Y+6,r24
 283 01d8 0097      		sbiw r24,0
 284 01da 01F0      		breq .L33
 285 01dc 6F2D      		mov r22,r15
GAS LISTING C:\DOCUME~1\ADMINI~1\LOCALS~1\Temp/ccmoNI6l.s 			page 6


 286 01de 7E2D      		mov r23,r14
 287 01e0 A801      		movw r20,r16
 288 01e2 0E94 0000 		call memcpy
 289               	.L33:
 290 01e6 CE01      		movw r24,r28
 291               	/* epilogue start */
 292 01e8 DF91      		pop r29
 293 01ea CF91      		pop r28
 294 01ec 1F91      		pop r17
 295 01ee 0F91      		pop r16
 296 01f0 FF90      		pop r15
 297 01f2 EF90      		pop r14
 298 01f4 0895      		ret
 299               		.size	UxmlNodeCreate, .-UxmlNodeCreate
GAS LISTING C:\DOCUME~1\ADMINI~1\LOCALS~1\Temp/ccmoNI6l.s 			page 7


DEFINED SYMBOLS
                            *ABS*:00000000 uxmltree.c
C:\DOCUME~1\ADMINI~1\LOCALS~1\Temp/ccmoNI6l.s:2      *ABS*:0000003f __SREG__
C:\DOCUME~1\ADMINI~1\LOCALS~1\Temp/ccmoNI6l.s:3      *ABS*:0000003e __SP_H__
C:\DOCUME~1\ADMINI~1\LOCALS~1\Temp/ccmoNI6l.s:4      *ABS*:0000003d __SP_L__
C:\DOCUME~1\ADMINI~1\LOCALS~1\Temp/ccmoNI6l.s:5      *ABS*:00000034 __CCP__
C:\DOCUME~1\ADMINI~1\LOCALS~1\Temp/ccmoNI6l.s:6      *ABS*:00000000 __tmp_reg__
C:\DOCUME~1\ADMINI~1\LOCALS~1\Temp/ccmoNI6l.s:7      *ABS*:00000001 __zero_reg__
C:\DOCUME~1\ADMINI~1\LOCALS~1\Temp/ccmoNI6l.s:11     .text:00000000 UxmlTreeAddSibling
C:\DOCUME~1\ADMINI~1\LOCALS~1\Temp/ccmoNI6l.s:38     .text:00000026 UxmlTreeAddChild
C:\DOCUME~1\ADMINI~1\LOCALS~1\Temp/ccmoNI6l.s:81     .text:0000006a UxmlTreeDestroy
C:\DOCUME~1\ADMINI~1\LOCALS~1\Temp/ccmoNI6l.s:162    .text:000000fa UxmlNodeAddAttrib
C:\DOCUME~1\ADMINI~1\LOCALS~1\Temp/ccmoNI6l.s:248    .text:00000194 UxmlNodeCreate

UNDEFINED SYMBOLS
free
malloc
strdup
memcpy
