GAS LISTING C:\DOCUME~1\ADMINI~1\LOCALS~1\Temp/cczA36Kc.s 			page 1


   1               		.file	"ldump.c"
   2               	__SREG__ = 0x3f
   3               	__SP_H__ = 0x3e
   4               	__SP_L__ = 0x3d
   5               	__CCP__  = 0x34
   6               	__tmp_reg__ = 0
   7               	__zero_reg__ = 1
   8               		.text
   9               		.type	DumpBlock, @function
  10               	DumpBlock:
  11 0000 0F93      		push r16
  12 0002 1F93      		push r17
  13 0004 CF93      		push r28
  14 0006 DF93      		push r29
  15               	/* prologue: function */
  16               	/* frame size = 0 */
  17 0008 DC01      		movw r26,r24
  18 000a 8B01      		movw r16,r22
  19 000c EA01      		movw r28,r20
  20 000e 8885      		ldd r24,Y+8
  21 0010 9985      		ldd r25,Y+9
  22 0012 892B      		or r24,r25
  23 0014 01F4      		brne .L3
  24 0016 2C81      		ldd r18,Y+4
  25 0018 3D81      		ldd r19,Y+5
  26 001a EA81      		ldd r30,Y+2
  27 001c FB81      		ldd r31,Y+3
  28 001e 8881      		ld r24,Y
  29 0020 9981      		ldd r25,Y+1
  30 0022 BD01      		movw r22,r26
  31 0024 A801      		movw r20,r16
  32 0026 0995      		icall
  33 0028 9987      		std Y+9,r25
  34 002a 8887      		std Y+8,r24
  35               	.L3:
  36               	/* epilogue start */
  37 002c DF91      		pop r29
  38 002e CF91      		pop r28
  39 0030 1F91      		pop r17
  40 0032 0F91      		pop r16
  41 0034 0895      		ret
  42               		.size	DumpBlock, .-DumpBlock
  43               		.type	DumpChar, @function
  44               	DumpChar:
  45 0036 DF93      		push r29
  46 0038 CF93      		push r28
  47 003a 0F92      		push __tmp_reg__
  48 003c CDB7      		in r28,__SP_L__
  49 003e DEB7      		in r29,__SP_H__
  50               	/* prologue: function */
  51               	/* frame size = 1 */
  52 0040 AB01      		movw r20,r22
  53 0042 8983      		std Y+1,r24
  54 0044 CE01      		movw r24,r28
  55 0046 0196      		adiw r24,1
  56 0048 61E0      		ldi r22,lo8(1)
  57 004a 70E0      		ldi r23,hi8(1)
GAS LISTING C:\DOCUME~1\ADMINI~1\LOCALS~1\Temp/cczA36Kc.s 			page 2


  58 004c 0E94 0000 		call DumpBlock
  59               	/* epilogue start */
  60 0050 0F90      		pop __tmp_reg__
  61 0052 CF91      		pop r28
  62 0054 DF91      		pop r29
  63 0056 0895      		ret
  64               		.size	DumpChar, .-DumpChar
  65               		.type	DumpInt, @function
  66               	DumpInt:
  67 0058 DF93      		push r29
  68 005a CF93      		push r28
  69 005c 00D0      		rcall .
  70 005e CDB7      		in r28,__SP_L__
  71 0060 DEB7      		in r29,__SP_H__
  72               	/* prologue: function */
  73               	/* frame size = 2 */
  74 0062 9A83      		std Y+2,r25
  75 0064 8983      		std Y+1,r24
  76 0066 AB01      		movw r20,r22
  77 0068 CE01      		movw r24,r28
  78 006a 0196      		adiw r24,1
  79 006c 62E0      		ldi r22,lo8(2)
  80 006e 70E0      		ldi r23,hi8(2)
  81 0070 0E94 0000 		call DumpBlock
  82               	/* epilogue start */
  83 0074 0F90      		pop __tmp_reg__
  84 0076 0F90      		pop __tmp_reg__
  85 0078 CF91      		pop r28
  86 007a DF91      		pop r29
  87 007c 0895      		ret
  88               		.size	DumpInt, .-DumpInt
  89               		.type	DumpString, @function
  90               	DumpString:
  91 007e EF92      		push r14
  92 0080 FF92      		push r15
  93 0082 0F93      		push r16
  94 0084 1F93      		push r17
  95 0086 DF93      		push r29
  96 0088 CF93      		push r28
  97 008a 00D0      		rcall .
  98 008c CDB7      		in r28,__SP_L__
  99 008e DEB7      		in r29,__SP_H__
 100               	/* prologue: function */
 101               	/* frame size = 2 */
 102 0090 FC01      		movw r30,r24
 103 0092 8B01      		movw r16,r22
 104 0094 0097      		sbiw r24,0
 105 0096 01F0      		breq .L9
 106 0098 89E0      		ldi r24,lo8(9)
 107 009a E82E      		mov r14,r24
 108 009c F12C      		mov r15,__zero_reg__
 109 009e EE0E      		add r14,r30
 110 00a0 FF1E      		adc r15,r31
 111 00a2 E114      		cp r14,__zero_reg__
 112 00a4 F104      		cpc r15,__zero_reg__
 113 00a6 01F4      		brne .L10
 114               	.L9:
GAS LISTING C:\DOCUME~1\ADMINI~1\LOCALS~1\Temp/cczA36Kc.s 			page 3


 115 00a8 1A82      		std Y+2,__zero_reg__
 116 00aa 1982      		std Y+1,__zero_reg__
 117 00ac CE01      		movw r24,r28
 118 00ae 0196      		adiw r24,1
 119 00b0 62E0      		ldi r22,lo8(2)
 120 00b2 70E0      		ldi r23,hi8(2)
 121 00b4 00C0      		rjmp .L13
 122               	.L10:
 123 00b6 8781      		ldd r24,Z+7
 124 00b8 9085      		ldd r25,Z+8
 125 00ba 0196      		adiw r24,1
 126 00bc 9A83      		std Y+2,r25
 127 00be 8983      		std Y+1,r24
 128 00c0 CE01      		movw r24,r28
 129 00c2 0196      		adiw r24,1
 130 00c4 62E0      		ldi r22,lo8(2)
 131 00c6 70E0      		ldi r23,hi8(2)
 132 00c8 A801      		movw r20,r16
 133 00ca 0E94 0000 		call DumpBlock
 134 00ce 6981      		ldd r22,Y+1
 135 00d0 7A81      		ldd r23,Y+2
 136 00d2 C701      		movw r24,r14
 137               	.L13:
 138 00d4 A801      		movw r20,r16
 139 00d6 0E94 0000 		call DumpBlock
 140               	/* epilogue start */
 141 00da 0F90      		pop __tmp_reg__
 142 00dc 0F90      		pop __tmp_reg__
 143 00de CF91      		pop r28
 144 00e0 DF91      		pop r29
 145 00e2 1F91      		pop r17
 146 00e4 0F91      		pop r16
 147 00e6 FF90      		pop r15
 148 00e8 EF90      		pop r14
 149 00ea 0895      		ret
 150               		.size	DumpString, .-DumpString
 151               		.type	DumpFunction, @function
 152               	DumpFunction:
 153 00ec 4F92      		push r4
 154 00ee 5F92      		push r5
 155 00f0 6F92      		push r6
 156 00f2 7F92      		push r7
 157 00f4 8F92      		push r8
 158 00f6 9F92      		push r9
 159 00f8 AF92      		push r10
 160 00fa BF92      		push r11
 161 00fc CF92      		push r12
 162 00fe DF92      		push r13
 163 0100 EF92      		push r14
 164 0102 FF92      		push r15
 165 0104 0F93      		push r16
 166 0106 1F93      		push r17
 167 0108 DF93      		push r29
 168 010a CF93      		push r28
 169 010c 00D0      		rcall .
 170 010e 00D0      		rcall .
 171 0110 CDB7      		in r28,__SP_L__
GAS LISTING C:\DOCUME~1\ADMINI~1\LOCALS~1\Temp/cczA36Kc.s 			page 4


 172 0112 DEB7      		in r29,__SP_H__
 173               	/* prologue: function */
 174               	/* frame size = 4 */
 175 0114 5C01      		movw r10,r24
 176 0116 6A01      		movw r12,r20
 177 0118 DC01      		movw r26,r24
 178 011a 5096      		adiw r26,16
 179 011c 2D91      		ld r18,X+
 180 011e 3C91      		ld r19,X
 181 0120 5197      		sbiw r26,16+1
 182 0122 2617      		cp r18,r22
 183 0124 3707      		cpc r19,r23
 184 0126 01F0      		breq .L15
 185 0128 FA01      		movw r30,r20
 186 012a 8681      		ldd r24,Z+6
 187 012c 9781      		ldd r25,Z+7
 188 012e 892B      		or r24,r25
 189 0130 01F4      		brne .L15
 190 0132 C901      		movw r24,r18
 191 0134 00C0      		rjmp .L16
 192               	.L15:
 193 0136 80E0      		ldi r24,lo8(0)
 194 0138 90E0      		ldi r25,hi8(0)
 195               	.L16:
 196 013a B601      		movw r22,r12
 197 013c 0E94 0000 		call DumpString
 198 0140 D501      		movw r26,r10
 199 0142 5E96      		adiw r26,30
 200 0144 8D91      		ld r24,X+
 201 0146 9C91      		ld r25,X
 202 0148 5F97      		sbiw r26,30+1
 203 014a B601      		movw r22,r12
 204 014c 0E94 0000 		call DumpInt
 205 0150 F501      		movw r30,r10
 206 0152 80A1      		ldd r24,Z+32
 207 0154 91A1      		ldd r25,Z+33
 208 0156 B601      		movw r22,r12
 209 0158 0E94 0000 		call DumpInt
 210 015c D501      		movw r26,r10
 211 015e 9496      		adiw r26,36
 212 0160 8C91      		ld r24,X
 213 0162 90E0      		ldi r25,lo8(0)
 214 0164 B601      		movw r22,r12
 215 0166 0E94 0000 		call DumpChar
 216 016a F501      		movw r30,r10
 217 016c 85A1      		ldd r24,Z+37
 218 016e 90E0      		ldi r25,lo8(0)
 219 0170 B601      		movw r22,r12
 220 0172 0E94 0000 		call DumpChar
 221 0176 D501      		movw r26,r10
 222 0178 9696      		adiw r26,38
 223 017a 8C91      		ld r24,X
 224 017c 90E0      		ldi r25,lo8(0)
 225 017e B601      		movw r22,r12
 226 0180 0E94 0000 		call DumpChar
 227 0184 F501      		movw r30,r10
 228 0186 87A1      		ldd r24,Z+39
GAS LISTING C:\DOCUME~1\ADMINI~1\LOCALS~1\Temp/cczA36Kc.s 			page 5


 229 0188 90E0      		ldi r25,lo8(0)
 230 018a B601      		movw r22,r12
 231 018c 0E94 0000 		call DumpChar
 232 0190 D501      		movw r26,r10
 233 0192 1696      		adiw r26,6
 234 0194 ED90      		ld r14,X+
 235 0196 FC90      		ld r15,X
 236 0198 1797      		sbiw r26,6+1
 237 019a 5696      		adiw r26,22
 238 019c 0D91      		ld r16,X+
 239 019e 1C91      		ld r17,X
 240 01a0 5797      		sbiw r26,22+1
 241 01a2 C801      		movw r24,r16
 242 01a4 B601      		movw r22,r12
 243 01a6 0E94 0000 		call DumpInt
 244 01aa 000F      		lsl r16
 245 01ac 111F      		rol r17
 246 01ae 000F      		lsl r16
 247 01b0 111F      		rol r17
 248 01b2 C701      		movw r24,r14
 249 01b4 B801      		movw r22,r16
 250 01b6 A601      		movw r20,r12
 251 01b8 0E94 0000 		call DumpBlock
 252 01bc F501      		movw r30,r10
 253 01be 6488      		ldd r6,Z+20
 254 01c0 7588      		ldd r7,Z+21
 255 01c2 C301      		movw r24,r6
 256 01c4 B601      		movw r22,r12
 257 01c6 0E94 0000 		call DumpInt
 258 01ca 8824      		clr r8
 259 01cc 9924      		clr r9
 260 01ce EE24      		clr r14
 261 01d0 FF24      		clr r15
 262 01d2 2E01      		movw r4,r28
 263 01d4 0894      		sec
 264 01d6 411C      		adc r4,__zero_reg__
 265 01d8 511C      		adc r5,__zero_reg__
 266 01da 00C0      		rjmp .L17
 267               	.L22:
 268 01dc D501      		movw r26,r10
 269 01de 1496      		adiw r26,4
 270 01e0 0D91      		ld r16,X+
 271 01e2 1C91      		ld r17,X
 272 01e4 1597      		sbiw r26,4+1
 273 01e6 0E0D      		add r16,r14
 274 01e8 1F1D      		adc r17,r15
 275 01ea F801      		movw r30,r16
 276 01ec 8481      		ldd r24,Z+4
 277 01ee 9581      		ldd r25,Z+5
 278 01f0 B601      		movw r22,r12
 279 01f2 0E94 0000 		call DumpChar
 280 01f6 D801      		movw r26,r16
 281 01f8 1496      		adiw r26,4
 282 01fa 8D91      		ld r24,X+
 283 01fc 9C91      		ld r25,X
 284 01fe 1597      		sbiw r26,4+1
 285 0200 8530      		cpi r24,5
GAS LISTING C:\DOCUME~1\ADMINI~1\LOCALS~1\Temp/cczA36Kc.s 			page 6


 286 0202 9105      		cpc r25,__zero_reg__
 287 0204 01F0      		breq .L20
 288 0206 8630      		cpi r24,6
 289 0208 9105      		cpc r25,__zero_reg__
 290 020a 01F0      		breq .L21
 291 020c 0197      		sbiw r24,1
 292 020e 01F4      		brne .L18
 293 0210 F801      		movw r30,r16
 294 0212 8081      		ld r24,Z
 295 0214 9181      		ldd r25,Z+1
 296 0216 B601      		movw r22,r12
 297 0218 0E94 0000 		call DumpChar
 298 021c 00C0      		rjmp .L18
 299               	.L20:
 300 021e F801      		movw r30,r16
 301 0220 8081      		ld r24,Z
 302 0222 9181      		ldd r25,Z+1
 303 0224 A281      		ldd r26,Z+2
 304 0226 B381      		ldd r27,Z+3
 305 0228 8983      		std Y+1,r24
 306 022a 9A83      		std Y+2,r25
 307 022c AB83      		std Y+3,r26
 308 022e BC83      		std Y+4,r27
 309 0230 C201      		movw r24,r4
 310 0232 64E0      		ldi r22,lo8(4)
 311 0234 70E0      		ldi r23,hi8(4)
 312 0236 A601      		movw r20,r12
 313 0238 0E94 0000 		call DumpBlock
 314 023c 00C0      		rjmp .L18
 315               	.L21:
 316 023e D801      		movw r26,r16
 317 0240 8D91      		ld r24,X+
 318 0242 9C91      		ld r25,X
 319 0244 B601      		movw r22,r12
 320 0246 0E94 0000 		call DumpString
 321               	.L18:
 322 024a 0894      		sec
 323 024c 811C      		adc r8,__zero_reg__
 324 024e 911C      		adc r9,__zero_reg__
 325 0250 E6E0      		ldi r30,lo8(6)
 326 0252 F0E0      		ldi r31,hi8(6)
 327 0254 EE0E      		add r14,r30
 328 0256 FF1E      		adc r15,r31
 329               	.L17:
 330 0258 8614      		cp r8,r6
 331 025a 9704      		cpc r9,r7
 332 025c 04F4      		brge .+2
 333 025e 00C0      		rjmp .L22
 334 0260 D501      		movw r26,r10
 335 0262 5A96      		adiw r26,26
 336 0264 ED90      		ld r14,X+
 337 0266 FC90      		ld r15,X
 338 0268 5B97      		sbiw r26,26+1
 339 026a C701      		movw r24,r14
 340 026c B601      		movw r22,r12
 341 026e 0E94 0000 		call DumpInt
 342 0272 00E0      		ldi r16,lo8(0)
GAS LISTING C:\DOCUME~1\ADMINI~1\LOCALS~1\Temp/cczA36Kc.s 			page 7


 343 0274 10E0      		ldi r17,hi8(0)
 344 0276 00C0      		rjmp .L23
 345               	.L24:
 346 0278 C801      		movw r24,r16
 347 027a 880F      		lsl r24
 348 027c 991F      		rol r25
 349 027e D501      		movw r26,r10
 350 0280 1896      		adiw r26,8
 351 0282 ED91      		ld r30,X+
 352 0284 FC91      		ld r31,X
 353 0286 1997      		sbiw r26,8+1
 354 0288 E80F      		add r30,r24
 355 028a F91F      		adc r31,r25
 356 028c 5096      		adiw r26,16
 357 028e 6D91      		ld r22,X+
 358 0290 7C91      		ld r23,X
 359 0292 5197      		sbiw r26,16+1
 360 0294 8081      		ld r24,Z
 361 0296 9181      		ldd r25,Z+1
 362 0298 A601      		movw r20,r12
 363 029a 0E94 0000 		call DumpFunction
 364 029e 0F5F      		subi r16,lo8(-(1))
 365 02a0 1F4F      		sbci r17,hi8(-(1))
 366               	.L23:
 367 02a2 0E15      		cp r16,r14
 368 02a4 1F05      		cpc r17,r15
 369 02a6 04F0      		brlt .L24
 370 02a8 F601      		movw r30,r12
 371 02aa 8681      		ldd r24,Z+6
 372 02ac 9781      		ldd r25,Z+7
 373 02ae 892B      		or r24,r25
 374 02b0 01F0      		breq .L25
 375 02b2 EE24      		clr r14
 376 02b4 FF24      		clr r15
 377 02b6 00C0      		rjmp .L26
 378               	.L25:
 379 02b8 D501      		movw r26,r10
 380 02ba 5896      		adiw r26,24
 381 02bc ED90      		ld r14,X+
 382 02be FC90      		ld r15,X
 383 02c0 5997      		sbiw r26,24+1
 384               	.L26:
 385 02c2 F501      		movw r30,r10
 386 02c4 0285      		ldd r16,Z+10
 387 02c6 1385      		ldd r17,Z+11
 388 02c8 C701      		movw r24,r14
 389 02ca B601      		movw r22,r12
 390 02cc 0E94 0000 		call DumpInt
 391 02d0 EE0C      		lsl r14
 392 02d2 FF1C      		rol r15
 393 02d4 C801      		movw r24,r16
 394 02d6 B701      		movw r22,r14
 395 02d8 A601      		movw r20,r12
 396 02da 0E94 0000 		call DumpBlock
 397 02de D601      		movw r26,r12
 398 02e0 1696      		adiw r26,6
 399 02e2 8D91      		ld r24,X+
GAS LISTING C:\DOCUME~1\ADMINI~1\LOCALS~1\Temp/cczA36Kc.s 			page 8


 400 02e4 9C91      		ld r25,X
 401 02e6 1797      		sbiw r26,6+1
 402 02e8 892B      		or r24,r25
 403 02ea 01F0      		breq .L27
 404 02ec 8824      		clr r8
 405 02ee 9924      		clr r9
 406 02f0 00C0      		rjmp .L28
 407               	.L27:
 408 02f2 F501      		movw r30,r10
 409 02f4 848C      		ldd r8,Z+28
 410 02f6 958C      		ldd r9,Z+29
 411               	.L28:
 412 02f8 C401      		movw r24,r8
 413 02fa B601      		movw r22,r12
 414 02fc 0E94 0000 		call DumpInt
 415 0300 EE24      		clr r14
 416 0302 FF24      		clr r15
 417 0304 00E0      		ldi r16,lo8(0)
 418 0306 10E0      		ldi r17,hi8(0)
 419 0308 00C0      		rjmp .L29
 420               	.L30:
 421 030a D501      		movw r26,r10
 422 030c 1C96      		adiw r26,12
 423 030e ED91      		ld r30,X+
 424 0310 FC91      		ld r31,X
 425 0312 1D97      		sbiw r26,12+1
 426 0314 E00F      		add r30,r16
 427 0316 F11F      		adc r31,r17
 428 0318 8081      		ld r24,Z
 429 031a 9181      		ldd r25,Z+1
 430 031c B601      		movw r22,r12
 431 031e 0E94 0000 		call DumpString
 432 0322 D501      		movw r26,r10
 433 0324 1C96      		adiw r26,12
 434 0326 ED91      		ld r30,X+
 435 0328 FC91      		ld r31,X
 436 032a 1D97      		sbiw r26,12+1
 437 032c E00F      		add r30,r16
 438 032e F11F      		adc r31,r17
 439 0330 8281      		ldd r24,Z+2
 440 0332 9381      		ldd r25,Z+3
 441 0334 B601      		movw r22,r12
 442 0336 0E94 0000 		call DumpInt
 443 033a D501      		movw r26,r10
 444 033c 1C96      		adiw r26,12
 445 033e ED91      		ld r30,X+
 446 0340 FC91      		ld r31,X
 447 0342 1D97      		sbiw r26,12+1
 448 0344 E00F      		add r30,r16
 449 0346 F11F      		adc r31,r17
 450 0348 8481      		ldd r24,Z+4
 451 034a 9581      		ldd r25,Z+5
 452 034c B601      		movw r22,r12
 453 034e 0E94 0000 		call DumpInt
 454 0352 0894      		sec
 455 0354 E11C      		adc r14,__zero_reg__
 456 0356 F11C      		adc r15,__zero_reg__
GAS LISTING C:\DOCUME~1\ADMINI~1\LOCALS~1\Temp/cczA36Kc.s 			page 9


 457 0358 0A5F      		subi r16,lo8(-(6))
 458 035a 1F4F      		sbci r17,hi8(-(6))
 459               	.L29:
 460 035c E814      		cp r14,r8
 461 035e F904      		cpc r15,r9
 462 0360 04F0      		brlt .L30
 463 0362 F601      		movw r30,r12
 464 0364 8681      		ldd r24,Z+6
 465 0366 9781      		ldd r25,Z+7
 466 0368 892B      		or r24,r25
 467 036a 01F0      		breq .L31
 468 036c EE24      		clr r14
 469 036e FF24      		clr r15
 470 0370 00C0      		rjmp .L32
 471               	.L31:
 472 0372 D501      		movw r26,r10
 473 0374 5296      		adiw r26,18
 474 0376 ED90      		ld r14,X+
 475 0378 FC90      		ld r15,X
 476 037a 5397      		sbiw r26,18+1
 477               	.L32:
 478 037c C701      		movw r24,r14
 479 037e B601      		movw r22,r12
 480 0380 0E94 0000 		call DumpInt
 481 0384 00E0      		ldi r16,lo8(0)
 482 0386 10E0      		ldi r17,hi8(0)
 483 0388 00C0      		rjmp .L33
 484               	.L34:
 485 038a C801      		movw r24,r16
 486 038c 880F      		lsl r24
 487 038e 991F      		rol r25
 488 0390 D501      		movw r26,r10
 489 0392 1E96      		adiw r26,14
 490 0394 ED91      		ld r30,X+
 491 0396 FC91      		ld r31,X
 492 0398 1F97      		sbiw r26,14+1
 493 039a E80F      		add r30,r24
 494 039c F91F      		adc r31,r25
 495 039e 8081      		ld r24,Z
 496 03a0 9181      		ldd r25,Z+1
 497 03a2 B601      		movw r22,r12
 498 03a4 0E94 0000 		call DumpString
 499 03a8 0F5F      		subi r16,lo8(-(1))
 500 03aa 1F4F      		sbci r17,hi8(-(1))
 501               	.L33:
 502 03ac 0E15      		cp r16,r14
 503 03ae 1F05      		cpc r17,r15
 504 03b0 04F0      		brlt .L34
 505               	/* epilogue start */
 506 03b2 0F90      		pop __tmp_reg__
 507 03b4 0F90      		pop __tmp_reg__
 508 03b6 0F90      		pop __tmp_reg__
 509 03b8 0F90      		pop __tmp_reg__
 510 03ba CF91      		pop r28
 511 03bc DF91      		pop r29
 512 03be 1F91      		pop r17
 513 03c0 0F91      		pop r16
GAS LISTING C:\DOCUME~1\ADMINI~1\LOCALS~1\Temp/cczA36Kc.s 			page 10


 514 03c2 FF90      		pop r15
 515 03c4 EF90      		pop r14
 516 03c6 DF90      		pop r13
 517 03c8 CF90      		pop r12
 518 03ca BF90      		pop r11
 519 03cc AF90      		pop r10
 520 03ce 9F90      		pop r9
 521 03d0 8F90      		pop r8
 522 03d2 7F90      		pop r7
 523 03d4 6F90      		pop r6
 524 03d6 5F90      		pop r5
 525 03d8 4F90      		pop r4
 526 03da 0895      		ret
 527               		.size	DumpFunction, .-DumpFunction
 528               	.global	luaU_dump
 529               		.type	luaU_dump, @function
 530               	luaU_dump:
 531 03dc EF92      		push r14
 532 03de FF92      		push r15
 533 03e0 0F93      		push r16
 534 03e2 1F93      		push r17
 535 03e4 DF93      		push r29
 536 03e6 CF93      		push r28
 537 03e8 CDB7      		in r28,__SP_L__
 538 03ea DEB7      		in r29,__SP_H__
 539 03ec 6697      		sbiw r28,22
 540 03ee 0FB6      		in __tmp_reg__,__SREG__
 541 03f0 F894      		cli
 542 03f2 DEBF      		out __SP_H__,r29
 543 03f4 0FBE      		out __SREG__,__tmp_reg__
 544 03f6 CDBF      		out __SP_L__,r28
 545               	/* prologue: function */
 546               	/* frame size = 22 */
 547 03f8 7B01      		movw r14,r22
 548 03fa 9A83      		std Y+2,r25
 549 03fc 8983      		std Y+1,r24
 550 03fe 5C83      		std Y+4,r21
 551 0400 4B83      		std Y+3,r20
 552 0402 3E83      		std Y+6,r19
 553 0404 2D83      		std Y+5,r18
 554 0406 1887      		std Y+8,r17
 555 0408 0F83      		std Y+7,r16
 556 040a 1A86      		std Y+10,__zero_reg__
 557 040c 1986      		std Y+9,__zero_reg__
 558 040e 8E01      		movw r16,r28
 559 0410 055F      		subi r16,lo8(-(11))
 560 0412 1F4F      		sbci r17,hi8(-(11))
 561 0414 C801      		movw r24,r16
 562 0416 0E94 0000 		call luaU_header
 563 041a C801      		movw r24,r16
 564 041c 6CE0      		ldi r22,lo8(12)
 565 041e 70E0      		ldi r23,hi8(12)
 566 0420 8E01      		movw r16,r28
 567 0422 0F5F      		subi r16,lo8(-(1))
 568 0424 1F4F      		sbci r17,hi8(-(1))
 569 0426 A801      		movw r20,r16
 570 0428 0E94 0000 		call DumpBlock
GAS LISTING C:\DOCUME~1\ADMINI~1\LOCALS~1\Temp/cczA36Kc.s 			page 11


 571 042c C701      		movw r24,r14
 572 042e 60E0      		ldi r22,lo8(0)
 573 0430 70E0      		ldi r23,hi8(0)
 574 0432 A801      		movw r20,r16
 575 0434 0E94 0000 		call DumpFunction
 576 0438 8985      		ldd r24,Y+9
 577 043a 9A85      		ldd r25,Y+10
 578               	/* epilogue start */
 579 043c 6696      		adiw r28,22
 580 043e 0FB6      		in __tmp_reg__,__SREG__
 581 0440 F894      		cli
 582 0442 DEBF      		out __SP_H__,r29
 583 0444 0FBE      		out __SREG__,__tmp_reg__
 584 0446 CDBF      		out __SP_L__,r28
 585 0448 CF91      		pop r28
 586 044a DF91      		pop r29
 587 044c 1F91      		pop r17
 588 044e 0F91      		pop r16
 589 0450 FF90      		pop r15
 590 0452 EF90      		pop r14
 591 0454 0895      		ret
 592               		.size	luaU_dump, .-luaU_dump
GAS LISTING C:\DOCUME~1\ADMINI~1\LOCALS~1\Temp/cczA36Kc.s 			page 12


DEFINED SYMBOLS
                            *ABS*:00000000 ldump.c
C:\DOCUME~1\ADMINI~1\LOCALS~1\Temp/cczA36Kc.s:2      *ABS*:0000003f __SREG__
C:\DOCUME~1\ADMINI~1\LOCALS~1\Temp/cczA36Kc.s:3      *ABS*:0000003e __SP_H__
C:\DOCUME~1\ADMINI~1\LOCALS~1\Temp/cczA36Kc.s:4      *ABS*:0000003d __SP_L__
C:\DOCUME~1\ADMINI~1\LOCALS~1\Temp/cczA36Kc.s:5      *ABS*:00000034 __CCP__
C:\DOCUME~1\ADMINI~1\LOCALS~1\Temp/cczA36Kc.s:6      *ABS*:00000000 __tmp_reg__
C:\DOCUME~1\ADMINI~1\LOCALS~1\Temp/cczA36Kc.s:7      *ABS*:00000001 __zero_reg__
C:\DOCUME~1\ADMINI~1\LOCALS~1\Temp/cczA36Kc.s:10     .text:00000000 DumpBlock
C:\DOCUME~1\ADMINI~1\LOCALS~1\Temp/cczA36Kc.s:44     .text:00000036 DumpChar
C:\DOCUME~1\ADMINI~1\LOCALS~1\Temp/cczA36Kc.s:66     .text:00000058 DumpInt
C:\DOCUME~1\ADMINI~1\LOCALS~1\Temp/cczA36Kc.s:90     .text:0000007e DumpString
C:\DOCUME~1\ADMINI~1\LOCALS~1\Temp/cczA36Kc.s:152    .text:000000ec DumpFunction
C:\DOCUME~1\ADMINI~1\LOCALS~1\Temp/cczA36Kc.s:530    .text:000003dc luaU_dump

UNDEFINED SYMBOLS
luaU_header
