GAS LISTING C:\DOCUME~1\ADMINI~1\LOCALS~1\Temp/ccZwAl7X.s 			page 1


   1               		.file	"linit.c"
   2               	__SREG__ = 0x3f
   3               	__SP_H__ = 0x3e
   4               	__SP_L__ = 0x3d
   5               	__CCP__  = 0x34
   6               	__tmp_reg__ = 0
   7               	__zero_reg__ = 1
   8               		.text
   9               	.global	luaL_openlibs
  10               		.type	luaL_openlibs, @function
  11               	luaL_openlibs:
  12 0000 0F93      		push r16
  13 0002 1F93      		push r17
  14 0004 CF93      		push r28
  15 0006 DF93      		push r29
  16               	/* prologue: function */
  17               	/* frame size = 0 */
  18 0008 8C01      		movw r16,r24
  19 000a C0E0      		ldi r28,lo8(lualibs)
  20 000c D0E0      		ldi r29,hi8(lualibs)
  21 000e 00C0      		rjmp .L2
  22               	.L3:
  23 0010 C801      		movw r24,r16
  24 0012 40E0      		ldi r20,lo8(0)
  25 0014 50E0      		ldi r21,hi8(0)
  26 0016 0E94 0000 		call lua_pushcclosure
  27 001a 6881      		ld r22,Y
  28 001c 7981      		ldd r23,Y+1
  29 001e C801      		movw r24,r16
  30 0020 0E94 0000 		call lua_pushstring
  31 0024 C801      		movw r24,r16
  32 0026 61E0      		ldi r22,lo8(1)
  33 0028 70E0      		ldi r23,hi8(1)
  34 002a 40E0      		ldi r20,lo8(0)
  35 002c 50E0      		ldi r21,hi8(0)
  36 002e 0E94 0000 		call lua_call
  37 0032 2496      		adiw r28,4
  38               	.L2:
  39 0034 6A81      		ldd r22,Y+2
  40 0036 7B81      		ldd r23,Y+3
  41 0038 6115      		cp r22,__zero_reg__
  42 003a 7105      		cpc r23,__zero_reg__
  43 003c 01F4      		brne .L3
  44               	/* epilogue start */
  45 003e DF91      		pop r29
  46 0040 CF91      		pop r28
  47 0042 1F91      		pop r17
  48 0044 0F91      		pop r16
  49 0046 0895      		ret
  50               		.size	luaL_openlibs, .-luaL_openlibs
  51               	.global	lua_rotable
  52               		.data
  53               		.type	lua_rotable, @object
  54               		.size	lua_rotable, 6
  55               	lua_rotable:
  56 0000 0000 0000 		.skip 6,0
  56      0000 
GAS LISTING C:\DOCUME~1\ADMINI~1\LOCALS~1\Temp/ccZwAl7X.s 			page 2


  57               	.LC0:
  58 0006 00        		.string	""
  59               		.type	lualibs, @object
  60               		.size	lualibs, 8
  61               	lualibs:
  62 0007 0000      		.word	.LC0
  63 0009 0000      		.word	gs(luaopen_base)
  64 000b 0000      		.word	0
  65 000d 0000      		.word	0
  66               	.global __do_copy_data
GAS LISTING C:\DOCUME~1\ADMINI~1\LOCALS~1\Temp/ccZwAl7X.s 			page 3


DEFINED SYMBOLS
                            *ABS*:00000000 linit.c
C:\DOCUME~1\ADMINI~1\LOCALS~1\Temp/ccZwAl7X.s:2      *ABS*:0000003f __SREG__
C:\DOCUME~1\ADMINI~1\LOCALS~1\Temp/ccZwAl7X.s:3      *ABS*:0000003e __SP_H__
C:\DOCUME~1\ADMINI~1\LOCALS~1\Temp/ccZwAl7X.s:4      *ABS*:0000003d __SP_L__
C:\DOCUME~1\ADMINI~1\LOCALS~1\Temp/ccZwAl7X.s:5      *ABS*:00000034 __CCP__
C:\DOCUME~1\ADMINI~1\LOCALS~1\Temp/ccZwAl7X.s:6      *ABS*:00000000 __tmp_reg__
C:\DOCUME~1\ADMINI~1\LOCALS~1\Temp/ccZwAl7X.s:7      *ABS*:00000001 __zero_reg__
C:\DOCUME~1\ADMINI~1\LOCALS~1\Temp/ccZwAl7X.s:11     .text:00000000 luaL_openlibs
C:\DOCUME~1\ADMINI~1\LOCALS~1\Temp/ccZwAl7X.s:61     .data:00000007 lualibs
C:\DOCUME~1\ADMINI~1\LOCALS~1\Temp/ccZwAl7X.s:55     .data:00000000 lua_rotable

UNDEFINED SYMBOLS
lua_pushcclosure
lua_pushstring
lua_call
luaopen_base
__do_copy_data
