GAS LISTING C:\DOCUME~1\ADMINI~1\LOCALS~1\Temp/ccP3fqpt.s 			page 1


   1               		.file	"lmem.c"
   2               	__SREG__ = 0x3f
   3               	__SP_H__ = 0x3e
   4               	__SP_L__ = 0x3d
   5               	__CCP__  = 0x34
   6               	__tmp_reg__ = 0
   7               	__zero_reg__ = 1
   8               		.text
   9               	.global	luaM_realloc_
  10               		.type	luaM_realloc_, @function
  11               	luaM_realloc_:
  12 0000 AF92      		push r10
  13 0002 BF92      		push r11
  14 0004 CF92      		push r12
  15 0006 DF92      		push r13
  16 0008 EF92      		push r14
  17 000a FF92      		push r15
  18 000c 0F93      		push r16
  19 000e 1F93      		push r17
  20 0010 CF93      		push r28
  21 0012 DF93      		push r29
  22               	/* prologue: function */
  23               	/* frame size = 0 */
  24 0014 6C01      		movw r12,r24
  25 0016 5A01      		movw r10,r20
  26 0018 7901      		movw r14,r18
  27 001a DC01      		movw r26,r24
  28 001c 1996      		adiw r26,9
  29 001e 0D91      		ld r16,X+
  30 0020 1C91      		ld r17,X
  31 0022 1A97      		sbiw r26,9+1
  32 0024 D801      		movw r26,r16
  33 0026 1896      		adiw r26,8
  34 0028 ED91      		ld r30,X+
  35 002a FC91      		ld r31,X
  36 002c 1997      		sbiw r26,8+1
  37 002e 1A96      		adiw r26,10
  38 0030 8D91      		ld r24,X+
  39 0032 9C91      		ld r25,X
  40 0034 1B97      		sbiw r26,10+1
  41 0036 0995      		icall
  42 0038 EC01      		movw r28,r24
  43 003a 0097      		sbiw r24,0
  44 003c 01F4      		brne .L2
  45 003e E114      		cp r14,__zero_reg__
  46 0040 F104      		cpc r15,__zero_reg__
  47 0042 01F0      		breq .L2
  48 0044 C601      		movw r24,r12
  49 0046 64E0      		ldi r22,lo8(4)
  50 0048 70E0      		ldi r23,hi8(4)
  51 004a 0E94 0000 		call luaD_throw
  52               	.L2:
  53 004e C701      		movw r24,r14
  54 0050 A0E0      		ldi r26,lo8(0)
  55 0052 B0E0      		ldi r27,hi8(0)
  56 0054 9501      		movw r18,r10
  57 0056 40E0      		ldi r20,lo8(0)
GAS LISTING C:\DOCUME~1\ADMINI~1\LOCALS~1\Temp/ccP3fqpt.s 			page 2


  58 0058 50E0      		ldi r21,hi8(0)
  59 005a 821B      		sub r24,r18
  60 005c 930B      		sbc r25,r19
  61 005e A40B      		sbc r26,r20
  62 0060 B50B      		sbc r27,r21
  63 0062 F801      		movw r30,r16
  64 0064 26A1      		ldd r18,Z+38
  65 0066 37A1      		ldd r19,Z+39
  66 0068 40A5      		ldd r20,Z+40
  67 006a 51A5      		ldd r21,Z+41
  68 006c 280F      		add r18,r24
  69 006e 391F      		adc r19,r25
  70 0070 4A1F      		adc r20,r26
  71 0072 5B1F      		adc r21,r27
  72 0074 D801      		movw r26,r16
  73 0076 9696      		adiw r26,38
  74 0078 2D93      		st X+,r18
  75 007a 3D93      		st X+,r19
  76 007c 4D93      		st X+,r20
  77 007e 5C93      		st X,r21
  78 0080 9997      		sbiw r26,38+3
  79 0082 CE01      		movw r24,r28
  80               	/* epilogue start */
  81 0084 DF91      		pop r29
  82 0086 CF91      		pop r28
  83 0088 1F91      		pop r17
  84 008a 0F91      		pop r16
  85 008c FF90      		pop r15
  86 008e EF90      		pop r14
  87 0090 DF90      		pop r13
  88 0092 CF90      		pop r12
  89 0094 BF90      		pop r11
  90 0096 AF90      		pop r10
  91 0098 0895      		ret
  92               		.size	luaM_realloc_, .-luaM_realloc_
  93               		.data
  94               	.LC0:
  95 0000 6D65 6D6F 		.string	"memory allocation error: block too big"
  95      7279 2061 
  95      6C6C 6F63 
  95      6174 696F 
  95      6E20 6572 
  96               		.text
  97               	.global	luaM_toobig
  98               		.type	luaM_toobig, @function
  99               	luaM_toobig:
 100               	/* prologue: function */
 101               	/* frame size = 0 */
 102 009a 00D0      		rcall .
 103 009c 00D0      		rcall .
 104 009e EDB7      		in r30,__SP_L__
 105 00a0 FEB7      		in r31,__SP_H__
 106 00a2 9283      		std Z+2,r25
 107 00a4 8183      		std Z+1,r24
 108 00a6 80E0      		ldi r24,lo8(.LC0)
 109 00a8 90E0      		ldi r25,hi8(.LC0)
 110 00aa 9483      		std Z+4,r25
GAS LISTING C:\DOCUME~1\ADMINI~1\LOCALS~1\Temp/ccP3fqpt.s 			page 3


 111 00ac 8383      		std Z+3,r24
 112 00ae 0E94 0000 		call luaG_runerror
 113 00b2 0F90      		pop __tmp_reg__
 114 00b4 0F90      		pop __tmp_reg__
 115 00b6 0F90      		pop __tmp_reg__
 116 00b8 0F90      		pop __tmp_reg__
 117 00ba 80E0      		ldi r24,lo8(0)
 118 00bc 90E0      		ldi r25,hi8(0)
 119               	/* epilogue start */
 120 00be 0895      		ret
 121               		.size	luaM_toobig, .-luaM_toobig
 122               	.global	luaM_growaux_
 123               		.type	luaM_growaux_, @function
 124               	luaM_growaux_:
 125 00c0 6F92      		push r6
 126 00c2 7F92      		push r7
 127 00c4 8F92      		push r8
 128 00c6 9F92      		push r9
 129 00c8 AF92      		push r10
 130 00ca BF92      		push r11
 131 00cc CF92      		push r12
 132 00ce DF92      		push r13
 133 00d0 EF92      		push r14
 134 00d2 FF92      		push r15
 135 00d4 0F93      		push r16
 136 00d6 1F93      		push r17
 137 00d8 CF93      		push r28
 138 00da DF93      		push r29
 139               	/* prologue: function */
 140               	/* frame size = 0 */
 141 00dc 5C01      		movw r10,r24
 142 00de 3B01      		movw r6,r22
 143 00e0 4A01      		movw r8,r20
 144 00e2 6901      		movw r12,r18
 145 00e4 E801      		movw r28,r16
 146 00e6 FA01      		movw r30,r20
 147 00e8 0081      		ld r16,Z
 148 00ea 1181      		ldd r17,Z+1
 149 00ec CE01      		movw r24,r28
 150 00ee 62E0      		ldi r22,lo8(2)
 151 00f0 70E0      		ldi r23,hi8(2)
 152 00f2 0E94 0000 		call __divmodhi4
 153 00f6 0617      		cp r16,r22
 154 00f8 1707      		cpc r17,r23
 155 00fa 04F0      		brlt .L7
 156 00fc 0C17      		cp r16,r28
 157 00fe 1D07      		cpc r17,r29
 158 0100 04F4      		brge .L8
 159 0102 8E01      		movw r16,r28
 160 0104 00C0      		rjmp .L9
 161               	.L8:
 162 0106 00D0      		rcall .
 163 0108 00D0      		rcall .
 164 010a EDB7      		in r30,__SP_L__
 165 010c FEB7      		in r31,__SP_H__
 166 010e B282      		std Z+2,r11
 167 0110 A182      		std Z+1,r10
GAS LISTING C:\DOCUME~1\ADMINI~1\LOCALS~1\Temp/ccP3fqpt.s 			page 4


 168 0112 F482      		std Z+4,r15
 169 0114 E382      		std Z+3,r14
 170 0116 0E94 0000 		call luaG_runerror
 171 011a 8E01      		movw r16,r28
 172 011c 0F90      		pop __tmp_reg__
 173 011e 0F90      		pop __tmp_reg__
 174 0120 0F90      		pop __tmp_reg__
 175 0122 0F90      		pop __tmp_reg__
 176 0124 00C0      		rjmp .L9
 177               	.L7:
 178 0126 000F      		lsl r16
 179 0128 111F      		rol r17
 180 012a 0430      		cpi r16,4
 181 012c 1105      		cpc r17,__zero_reg__
 182 012e 04F4      		brge .L9
 183 0130 04E0      		ldi r16,lo8(4)
 184 0132 10E0      		ldi r17,hi8(4)
 185               	.L9:
 186 0134 9801      		movw r18,r16
 187 0136 2F5F      		subi r18,lo8(-(1))
 188 0138 3F4F      		sbci r19,hi8(-(1))
 189 013a 8DEF      		ldi r24,lo8(-3)
 190 013c 9FEF      		ldi r25,hi8(-3)
 191 013e B601      		movw r22,r12
 192 0140 0E94 0000 		call __udivmodhi4
 193 0144 6217      		cp r22,r18
 194 0146 7307      		cpc r23,r19
 195 0148 00F0      		brlo .L10
 196 014a F401      		movw r30,r8
 197 014c 8081      		ld r24,Z
 198 014e 9181      		ldd r25,Z+1
 199 0150 C89E      		mul r12,r24
 200 0152 A001      		movw r20,r0
 201 0154 C99E      		mul r12,r25
 202 0156 500D      		add r21,r0
 203 0158 D89E      		mul r13,r24
 204 015a 500D      		add r21,r0
 205 015c 1124      		clr r1
 206 015e 0C9D      		mul r16,r12
 207 0160 9001      		movw r18,r0
 208 0162 0D9D      		mul r16,r13
 209 0164 300D      		add r19,r0
 210 0166 1C9D      		mul r17,r12
 211 0168 300D      		add r19,r0
 212 016a 1124      		clr r1
 213 016c C501      		movw r24,r10
 214 016e B301      		movw r22,r6
 215 0170 0E94 0000 		call luaM_realloc_
 216 0174 9C01      		movw r18,r24
 217 0176 00C0      		rjmp .L11
 218               	.L10:
 219 0178 00D0      		rcall .
 220 017a 00D0      		rcall .
 221 017c EDB7      		in r30,__SP_L__
 222 017e FEB7      		in r31,__SP_H__
 223 0180 B282      		std Z+2,r11
 224 0182 A182      		std Z+1,r10
GAS LISTING C:\DOCUME~1\ADMINI~1\LOCALS~1\Temp/ccP3fqpt.s 			page 5


 225 0184 80E0      		ldi r24,lo8(.LC0)
 226 0186 90E0      		ldi r25,hi8(.LC0)
 227 0188 9483      		std Z+4,r25
 228 018a 8383      		std Z+3,r24
 229 018c 0E94 0000 		call luaG_runerror
 230 0190 20E0      		ldi r18,lo8(0)
 231 0192 30E0      		ldi r19,hi8(0)
 232 0194 0F90      		pop __tmp_reg__
 233 0196 0F90      		pop __tmp_reg__
 234 0198 0F90      		pop __tmp_reg__
 235 019a 0F90      		pop __tmp_reg__
 236               	.L11:
 237 019c F401      		movw r30,r8
 238 019e 1183      		std Z+1,r17
 239 01a0 0083      		st Z,r16
 240 01a2 C901      		movw r24,r18
 241               	/* epilogue start */
 242 01a4 DF91      		pop r29
 243 01a6 CF91      		pop r28
 244 01a8 1F91      		pop r17
 245 01aa 0F91      		pop r16
 246 01ac FF90      		pop r15
 247 01ae EF90      		pop r14
 248 01b0 DF90      		pop r13
 249 01b2 CF90      		pop r12
 250 01b4 BF90      		pop r11
 251 01b6 AF90      		pop r10
 252 01b8 9F90      		pop r9
 253 01ba 8F90      		pop r8
 254 01bc 7F90      		pop r7
 255 01be 6F90      		pop r6
 256 01c0 0895      		ret
 257               		.size	luaM_growaux_, .-luaM_growaux_
 258               	.global __do_copy_data
GAS LISTING C:\DOCUME~1\ADMINI~1\LOCALS~1\Temp/ccP3fqpt.s 			page 6


DEFINED SYMBOLS
                            *ABS*:00000000 lmem.c
C:\DOCUME~1\ADMINI~1\LOCALS~1\Temp/ccP3fqpt.s:2      *ABS*:0000003f __SREG__
C:\DOCUME~1\ADMINI~1\LOCALS~1\Temp/ccP3fqpt.s:3      *ABS*:0000003e __SP_H__
C:\DOCUME~1\ADMINI~1\LOCALS~1\Temp/ccP3fqpt.s:4      *ABS*:0000003d __SP_L__
C:\DOCUME~1\ADMINI~1\LOCALS~1\Temp/ccP3fqpt.s:5      *ABS*:00000034 __CCP__
C:\DOCUME~1\ADMINI~1\LOCALS~1\Temp/ccP3fqpt.s:6      *ABS*:00000000 __tmp_reg__
C:\DOCUME~1\ADMINI~1\LOCALS~1\Temp/ccP3fqpt.s:7      *ABS*:00000001 __zero_reg__
C:\DOCUME~1\ADMINI~1\LOCALS~1\Temp/ccP3fqpt.s:11     .text:00000000 luaM_realloc_
C:\DOCUME~1\ADMINI~1\LOCALS~1\Temp/ccP3fqpt.s:99     .text:0000009a luaM_toobig
C:\DOCUME~1\ADMINI~1\LOCALS~1\Temp/ccP3fqpt.s:124    .text:000000c0 luaM_growaux_

UNDEFINED SYMBOLS
luaD_throw
luaG_runerror
__divmodhi4
__udivmodhi4
__do_copy_data
