GAS LISTING C:\DOCUME~1\ADMINI~1\LOCALS~1\Temp/ccrk5lDb.s 			page 1


   1               		.file	"ltable.c"
   2               	__SREG__ = 0x3f
   3               	__SP_H__ = 0x3e
   4               	__SP_L__ = 0x3d
   5               	__CCP__  = 0x34
   6               	__tmp_reg__ = 0
   7               	__zero_reg__ = 1
   8               		.text
   9               	.global	luaH_getstr
  10               		.type	luaH_getstr, @function
  11               	luaH_getstr:
  12               	/* prologue: function */
  13               	/* frame size = 0 */
  14 0000 FC01      		movw r30,r24
  15 0002 DB01      		movw r26,r22
  16 0004 81E0      		ldi r24,lo8(1)
  17 0006 90E0      		ldi r25,hi8(1)
  18 0008 0580      		ldd r0,Z+5
  19 000a 00C0      		rjmp 2f
  20 000c 880F      	1:	lsl r24
  21 000e 991F      		rol r25
  22 0010 0A94      	2:	dec r0
  23 0012 02F4      		brpl 1b
  24 0014 0197      		sbiw r24,1
  25 0016 1596      		adiw r26,5
  26 0018 2D91      		ld r18,X+
  27 001a 3C91      		ld r19,X
  28 001c 1697      		sbiw r26,5+1
  29 001e 8223      		and r24,r18
  30 0020 9323      		and r25,r19
  31 0022 880F      		lsl r24
  32 0024 991F      		rol r25
  33 0026 9C01      		movw r18,r24
  34 0028 43E0      		ldi r20,3
  35 002a 220F      	1:	lsl r18
  36 002c 331F      		rol r19
  37 002e 4A95      		dec r20
  38 0030 01F4      		brne 1b
  39 0032 281B      		sub r18,r24
  40 0034 390B      		sbc r19,r25
  41 0036 0284      		ldd __tmp_reg__,Z+10
  42 0038 F385      		ldd r31,Z+11
  43 003a E02D      		mov r30,__tmp_reg__
  44 003c E20F      		add r30,r18
  45 003e F31F      		adc r31,r19
  46               	.L4:
  47 0040 8285      		ldd r24,Z+10
  48 0042 9385      		ldd r25,Z+11
  49 0044 0697      		sbiw r24,6
  50 0046 01F4      		brne .L2
  51 0048 8681      		ldd r24,Z+6
  52 004a 9781      		ldd r25,Z+7
  53 004c 8A17      		cp r24,r26
  54 004e 9B07      		cpc r25,r27
  55 0050 01F4      		brne .L2
  56 0052 9F01      		movw r18,r30
  57 0054 00C0      		rjmp .L3
GAS LISTING C:\DOCUME~1\ADMINI~1\LOCALS~1\Temp/ccrk5lDb.s 			page 2


  58               	.L2:
  59 0056 0484      		ldd __tmp_reg__,Z+12
  60 0058 F585      		ldd r31,Z+13
  61 005a E02D      		mov r30,__tmp_reg__
  62 005c 3097      		sbiw r30,0
  63 005e 01F4      		brne .L4
  64 0060 20E0      		ldi r18,lo8(luaO_nilobject_)
  65 0062 30E0      		ldi r19,hi8(luaO_nilobject_)
  66               	.L3:
  67 0064 C901      		movw r24,r18
  68               	/* epilogue start */
  69 0066 0895      		ret
  70               		.size	luaH_getstr, .-luaH_getstr
  71               		.type	countint, @function
  72               	countint:
  73 0068 CF93      		push r28
  74 006a DF93      		push r29
  75               	/* prologue: function */
  76               	/* frame size = 0 */
  77 006c FC01      		movw r30,r24
  78 006e EB01      		movw r28,r22
  79 0070 8481      		ldd r24,Z+4
  80 0072 9581      		ldd r25,Z+5
  81 0074 0597      		sbiw r24,5
  82 0076 01F4      		brne .L8
  83 0078 2081      		ld r18,Z
  84 007a 3181      		ldd r19,Z+1
  85 007c 4281      		ldd r20,Z+2
  86 007e 5381      		ldd r21,Z+3
  87 0080 B901      		movw r22,r18
  88 0082 C901      		movw r24,r18
  89 0084 AA27      		clr r26
  90 0086 97FD      		sbrc r25,7
  91 0088 A095      		com r26
  92 008a BA2F      		mov r27,r26
  93 008c 8217      		cp r24,r18
  94 008e 9307      		cpc r25,r19
  95 0090 A407      		cpc r26,r20
  96 0092 B507      		cpc r27,r21
  97 0094 01F0      		breq .L9
  98               	.L8:
  99 0096 6FEF      		ldi r22,lo8(-1)
 100 0098 7FEF      		ldi r23,hi8(-1)
 101               	.L9:
 102 009a CB01      		movw r24,r22
 103 009c 0197      		sbiw r24,1
 104 009e 20E4      		ldi r18,hi8(16384)
 105 00a0 8030      		cpi r24,lo8(16384)
 106 00a2 9207      		cpc r25,r18
 107 00a4 00F0      		brlo .L10
 108 00a6 20E0      		ldi r18,lo8(0)
 109 00a8 30E0      		ldi r19,hi8(0)
 110 00aa 00C0      		rjmp .L11
 111               	.L10:
 112 00ac 0E94 0000 		call luaO_log2
 113 00b0 FC01      		movw r30,r24
 114 00b2 3196      		adiw r30,1
GAS LISTING C:\DOCUME~1\ADMINI~1\LOCALS~1\Temp/ccrk5lDb.s 			page 3


 115 00b4 EE0F      		lsl r30
 116 00b6 FF1F      		rol r31
 117 00b8 EC0F      		add r30,r28
 118 00ba FD1F      		adc r31,r29
 119 00bc 8081      		ld r24,Z
 120 00be 9181      		ldd r25,Z+1
 121 00c0 0196      		adiw r24,1
 122 00c2 9183      		std Z+1,r25
 123 00c4 8083      		st Z,r24
 124 00c6 21E0      		ldi r18,lo8(1)
 125 00c8 30E0      		ldi r19,hi8(1)
 126               	.L11:
 127 00ca C901      		movw r24,r18
 128               	/* epilogue start */
 129 00cc DF91      		pop r29
 130 00ce CF91      		pop r28
 131 00d0 0895      		ret
 132               		.size	countint, .-countint
 133               	.global	luaH_free
 134               		.type	luaH_free, @function
 135               	luaH_free:
 136 00d2 0F93      		push r16
 137 00d4 1F93      		push r17
 138 00d6 CF93      		push r28
 139 00d8 DF93      		push r29
 140               	/* prologue: function */
 141               	/* frame size = 0 */
 142 00da 8C01      		movw r16,r24
 143 00dc EB01      		movw r28,r22
 144 00de 6A85      		ldd r22,Y+10
 145 00e0 7B85      		ldd r23,Y+11
 146 00e2 80E0      		ldi r24,hi8(dummynode_)
 147 00e4 6030      		cpi r22,lo8(dummynode_)
 148 00e6 7807      		cpc r23,r24
 149 00e8 01F0      		breq .L14
 150 00ea 4EE0      		ldi r20,lo8(14)
 151 00ec 50E0      		ldi r21,hi8(14)
 152 00ee 0D80      		ldd r0,Y+5
 153 00f0 00C0      		rjmp 2f
 154 00f2 440F      	1:	lsl r20
 155 00f4 551F      		rol r21
 156 00f6 0A94      	2:	dec r0
 157 00f8 02F4      		brpl 1b
 158 00fa C801      		movw r24,r16
 159 00fc 20E0      		ldi r18,lo8(0)
 160 00fe 30E0      		ldi r19,hi8(0)
 161 0100 0E94 0000 		call luaM_realloc_
 162               	.L14:
 163 0104 6885      		ldd r22,Y+8
 164 0106 7985      		ldd r23,Y+9
 165 0108 8889      		ldd r24,Y+16
 166 010a 9989      		ldd r25,Y+17
 167 010c AC01      		movw r20,r24
 168 010e 440F      		lsl r20
 169 0110 551F      		rol r21
 170 0112 480F      		add r20,r24
 171 0114 591F      		adc r21,r25
GAS LISTING C:\DOCUME~1\ADMINI~1\LOCALS~1\Temp/ccrk5lDb.s 			page 4


 172 0116 440F      		lsl r20
 173 0118 551F      		rol r21
 174 011a C801      		movw r24,r16
 175 011c 20E0      		ldi r18,lo8(0)
 176 011e 30E0      		ldi r19,hi8(0)
 177 0120 0E94 0000 		call luaM_realloc_
 178 0124 C801      		movw r24,r16
 179 0126 BE01      		movw r22,r28
 180 0128 42E1      		ldi r20,lo8(18)
 181 012a 50E0      		ldi r21,hi8(18)
 182 012c 20E0      		ldi r18,lo8(0)
 183 012e 30E0      		ldi r19,hi8(0)
 184 0130 0E94 0000 		call luaM_realloc_
 185               	/* epilogue start */
 186 0134 DF91      		pop r29
 187 0136 CF91      		pop r28
 188 0138 1F91      		pop r17
 189 013a 0F91      		pop r16
 190 013c 0895      		ret
 191               		.size	luaH_free, .-luaH_free
 192               		.type	setarrayvector, @function
 193               	setarrayvector:
 194 013e 0F93      		push r16
 195 0140 1F93      		push r17
 196 0142 CF93      		push r28
 197 0144 DF93      		push r29
 198               	/* prologue: function */
 199               	/* frame size = 0 */
 200 0146 FC01      		movw r30,r24
 201 0148 EB01      		movw r28,r22
 202 014a 8A01      		movw r16,r20
 203 014c CA01      		movw r24,r20
 204 014e 0196      		adiw r24,1
 205 0150 8B5A      		subi r24,lo8(10923)
 206 0152 9A42      		sbci r25,hi8(10923)
 207 0154 00F4      		brsh .L17
 208 0156 6885      		ldd r22,Y+8
 209 0158 7985      		ldd r23,Y+9
 210 015a 8889      		ldd r24,Y+16
 211 015c 9989      		ldd r25,Y+17
 212 015e AC01      		movw r20,r24
 213 0160 440F      		lsl r20
 214 0162 551F      		rol r21
 215 0164 480F      		add r20,r24
 216 0166 591F      		adc r21,r25
 217 0168 440F      		lsl r20
 218 016a 551F      		rol r21
 219 016c 9801      		movw r18,r16
 220 016e 220F      		lsl r18
 221 0170 331F      		rol r19
 222 0172 200F      		add r18,r16
 223 0174 311F      		adc r19,r17
 224 0176 220F      		lsl r18
 225 0178 331F      		rol r19
 226 017a CF01      		movw r24,r30
 227 017c 0E94 0000 		call luaM_realloc_
 228 0180 00C0      		rjmp .L18
GAS LISTING C:\DOCUME~1\ADMINI~1\LOCALS~1\Temp/ccrk5lDb.s 			page 5


 229               	.L17:
 230 0182 CF01      		movw r24,r30
 231 0184 0E94 0000 		call luaM_toobig
 232               	.L18:
 233 0188 9987      		std Y+9,r25
 234 018a 8887      		std Y+8,r24
 235 018c 2889      		ldd r18,Y+16
 236 018e 3989      		ldd r19,Y+17
 237 0190 C901      		movw r24,r18
 238 0192 880F      		lsl r24
 239 0194 991F      		rol r25
 240 0196 820F      		add r24,r18
 241 0198 931F      		adc r25,r19
 242 019a 880F      		lsl r24
 243 019c 991F      		rol r25
 244 019e 00C0      		rjmp .L19
 245               	.L20:
 246 01a0 E885      		ldd r30,Y+8
 247 01a2 F985      		ldd r31,Y+9
 248 01a4 E80F      		add r30,r24
 249 01a6 F91F      		adc r31,r25
 250 01a8 1582      		std Z+5,__zero_reg__
 251 01aa 1482      		std Z+4,__zero_reg__
 252 01ac 2F5F      		subi r18,lo8(-(1))
 253 01ae 3F4F      		sbci r19,hi8(-(1))
 254 01b0 0696      		adiw r24,6
 255               	.L19:
 256 01b2 2017      		cp r18,r16
 257 01b4 3107      		cpc r19,r17
 258 01b6 04F0      		brlt .L20
 259 01b8 198B      		std Y+17,r17
 260 01ba 088B      		std Y+16,r16
 261               	/* epilogue start */
 262 01bc DF91      		pop r29
 263 01be CF91      		pop r28
 264 01c0 1F91      		pop r17
 265 01c2 0F91      		pop r16
 266 01c4 0895      		ret
 267               		.size	setarrayvector, .-setarrayvector
 268               		.data
 269               	.LC0:
 270 0000 7461 626C 		.string	"table overflow"
 270      6520 6F76 
 270      6572 666C 
 270      6F77 00
 271               		.text
 272               		.type	setnodevector, @function
 273               	setnodevector:
 274 01c6 CF92      		push r12
 275 01c8 DF92      		push r13
 276 01ca EF92      		push r14
 277 01cc FF92      		push r15
 278 01ce 0F93      		push r16
 279 01d0 1F93      		push r17
 280 01d2 CF93      		push r28
 281 01d4 DF93      		push r29
 282               	/* prologue: function */
GAS LISTING C:\DOCUME~1\ADMINI~1\LOCALS~1\Temp/ccrk5lDb.s 			page 6


 283               	/* frame size = 0 */
 284 01d6 8C01      		movw r16,r24
 285 01d8 7B01      		movw r14,r22
 286 01da EA01      		movw r28,r20
 287 01dc 4115      		cp r20,__zero_reg__
 288 01de 5105      		cpc r21,__zero_reg__
 289 01e0 01F4      		brne .L23
 290 01e2 80E0      		ldi r24,lo8(dummynode_)
 291 01e4 90E0      		ldi r25,hi8(dummynode_)
 292 01e6 DB01      		movw r26,r22
 293 01e8 1B96      		adiw r26,10+1
 294 01ea 9C93      		st X,r25
 295 01ec 8E93      		st -X,r24
 296 01ee 1A97      		sbiw r26,10
 297 01f0 CC24      		clr r12
 298 01f2 DD24      		clr r13
 299 01f4 00C0      		rjmp .L24
 300               	.L23:
 301 01f6 CA01      		movw r24,r20
 302 01f8 0197      		sbiw r24,1
 303 01fa 0E94 0000 		call luaO_log2
 304 01fe 6C01      		movw r12,r24
 305 0200 0894      		sec
 306 0202 C11C      		adc r12,__zero_reg__
 307 0204 D11C      		adc r13,__zero_reg__
 308 0206 BFE0      		ldi r27,lo8(15)
 309 0208 CB16      		cp r12,r27
 310 020a D104      		cpc r13,__zero_reg__
 311 020c 04F0      		brlt .L25
 312 020e 00D0      		rcall .
 313 0210 00D0      		rcall .
 314 0212 EDB7      		in r30,__SP_L__
 315 0214 FEB7      		in r31,__SP_H__
 316 0216 1283      		std Z+2,r17
 317 0218 0183      		std Z+1,r16
 318 021a 80E0      		ldi r24,lo8(.LC0)
 319 021c 90E0      		ldi r25,hi8(.LC0)
 320 021e 9483      		std Z+4,r25
 321 0220 8383      		std Z+3,r24
 322 0222 0E94 0000 		call luaG_runerror
 323 0226 0F90      		pop __tmp_reg__
 324 0228 0F90      		pop __tmp_reg__
 325 022a 0F90      		pop __tmp_reg__
 326 022c 0F90      		pop __tmp_reg__
 327               	.L25:
 328 022e C1E0      		ldi r28,lo8(1)
 329 0230 D0E0      		ldi r29,hi8(1)
 330 0232 0C2C      		mov r0,r12
 331 0234 00C0      		rjmp 2f
 332 0236 CC0F      	1:	lsl r28
 333 0238 DD1F      		rol r29
 334 023a 0A94      	2:	dec r0
 335 023c 02F4      		brpl 1b
 336 023e CE01      		movw r24,r28
 337 0240 0196      		adiw r24,1
 338 0242 8954      		subi r24,lo8(4681)
 339 0244 9241      		sbci r25,hi8(4681)
GAS LISTING C:\DOCUME~1\ADMINI~1\LOCALS~1\Temp/ccrk5lDb.s 			page 7


 340 0246 00F4      		brsh .L26
 341 0248 CE01      		movw r24,r28
 342 024a 880F      		lsl r24
 343 024c 991F      		rol r25
 344 024e 9C01      		movw r18,r24
 345 0250 63E0      		ldi r22,3
 346 0252 220F      	1:	lsl r18
 347 0254 331F      		rol r19
 348 0256 6A95      		dec r22
 349 0258 01F4      		brne 1b
 350 025a 281B      		sub r18,r24
 351 025c 390B      		sbc r19,r25
 352 025e C801      		movw r24,r16
 353 0260 60E0      		ldi r22,lo8(0)
 354 0262 70E0      		ldi r23,hi8(0)
 355 0264 40E0      		ldi r20,lo8(0)
 356 0266 50E0      		ldi r21,hi8(0)
 357 0268 0E94 0000 		call luaM_realloc_
 358 026c 00C0      		rjmp .L27
 359               	.L26:
 360 026e C801      		movw r24,r16
 361 0270 0E94 0000 		call luaM_toobig
 362               	.L27:
 363 0274 D701      		movw r26,r14
 364 0276 1B96      		adiw r26,10+1
 365 0278 9C93      		st X,r25
 366 027a 8E93      		st -X,r24
 367 027c 1A97      		sbiw r26,10
 368 027e 20E0      		ldi r18,lo8(0)
 369 0280 30E0      		ldi r19,hi8(0)
 370 0282 80E0      		ldi r24,lo8(0)
 371 0284 90E0      		ldi r25,hi8(0)
 372 0286 00C0      		rjmp .L28
 373               	.L29:
 374 0288 D701      		movw r26,r14
 375 028a 1A96      		adiw r26,10
 376 028c ED91      		ld r30,X+
 377 028e FC91      		ld r31,X
 378 0290 1B97      		sbiw r26,10+1
 379 0292 E80F      		add r30,r24
 380 0294 F91F      		adc r31,r25
 381 0296 1586      		std Z+13,__zero_reg__
 382 0298 1486      		std Z+12,__zero_reg__
 383 029a 1386      		std Z+11,__zero_reg__
 384 029c 1286      		std Z+10,__zero_reg__
 385 029e 1582      		std Z+5,__zero_reg__
 386 02a0 1482      		std Z+4,__zero_reg__
 387 02a2 2F5F      		subi r18,lo8(-(1))
 388 02a4 3F4F      		sbci r19,hi8(-(1))
 389 02a6 0E96      		adiw r24,14
 390               	.L28:
 391 02a8 2C17      		cp r18,r28
 392 02aa 3D07      		cpc r19,r29
 393 02ac 04F0      		brlt .L29
 394               	.L24:
 395 02ae F701      		movw r30,r14
 396 02b0 C582      		std Z+5,r12
GAS LISTING C:\DOCUME~1\ADMINI~1\LOCALS~1\Temp/ccrk5lDb.s 			page 8


 397 02b2 CE01      		movw r24,r28
 398 02b4 880F      		lsl r24
 399 02b6 991F      		rol r25
 400 02b8 9C01      		movw r18,r24
 401 02ba 43E0      		ldi r20,3
 402 02bc 220F      	1:	lsl r18
 403 02be 331F      		rol r19
 404 02c0 4A95      		dec r20
 405 02c2 01F4      		brne 1b
 406 02c4 281B      		sub r18,r24
 407 02c6 390B      		sbc r19,r25
 408 02c8 8285      		ldd r24,Z+10
 409 02ca 9385      		ldd r25,Z+11
 410 02cc 820F      		add r24,r18
 411 02ce 931F      		adc r25,r19
 412 02d0 9587      		std Z+13,r25
 413 02d2 8487      		std Z+12,r24
 414               	/* epilogue start */
 415 02d4 DF91      		pop r29
 416 02d6 CF91      		pop r28
 417 02d8 1F91      		pop r17
 418 02da 0F91      		pop r16
 419 02dc FF90      		pop r15
 420 02de EF90      		pop r14
 421 02e0 DF90      		pop r13
 422 02e2 CF90      		pop r12
 423 02e4 0895      		ret
 424               		.size	setnodevector, .-setnodevector
 425               		.type	hashnum, @function
 426               	hashnum:
 427 02e6 0F93      		push r16
 428 02e8 1F93      		push r17
 429 02ea DF93      		push r29
 430 02ec CF93      		push r28
 431 02ee CDB7      		in r28,__SP_L__
 432 02f0 DEB7      		in r29,__SP_H__
 433 02f2 2897      		sbiw r28,8
 434 02f4 0FB6      		in __tmp_reg__,__SREG__
 435 02f6 F894      		cli
 436 02f8 DEBF      		out __SP_H__,r29
 437 02fa 0FBE      		out __SREG__,__tmp_reg__
 438 02fc CDBF      		out __SP_L__,r28
 439               	/* prologue: function */
 440               	/* frame size = 8 */
 441 02fe FC01      		movw r30,r24
 442 0300 4D83      		std Y+5,r20
 443 0302 5E83      		std Y+6,r21
 444 0304 6F83      		std Y+7,r22
 445 0306 7887      		std Y+8,r23
 446 0308 0285      		ldd r16,Z+10
 447 030a 1385      		ldd r17,Z+11
 448 030c 4115      		cp r20,__zero_reg__
 449 030e 5105      		cpc r21,__zero_reg__
 450 0310 6105      		cpc r22,__zero_reg__
 451 0312 7105      		cpc r23,__zero_reg__
 452 0314 01F4      		brne .L32
 453 0316 A801      		movw r20,r16
GAS LISTING C:\DOCUME~1\ADMINI~1\LOCALS~1\Temp/ccrk5lDb.s 			page 9


 454 0318 00C0      		rjmp .L33
 455               	.L32:
 456 031a 2D81      		ldd r18,Y+5
 457 031c 3E81      		ldd r19,Y+6
 458 031e 4F81      		ldd r20,Y+7
 459 0320 5885      		ldd r21,Y+8
 460 0322 C901      		movw r24,r18
 461 0324 2983      		std Y+1,r18
 462 0326 3A83      		std Y+2,r19
 463 0328 4B83      		std Y+3,r20
 464 032a 5C83      		std Y+4,r21
 465 032c 2B81      		ldd r18,Y+3
 466 032e 3C81      		ldd r19,Y+4
 467 0330 61E0      		ldi r22,lo8(1)
 468 0332 70E0      		ldi r23,hi8(1)
 469 0334 0580      		ldd r0,Z+5
 470 0336 00C0      		rjmp 2f
 471 0338 660F      	1:	lsl r22
 472 033a 771F      		rol r23
 473 033c 0A94      	2:	dec r0
 474 033e 02F4      		brpl 1b
 475 0340 6150      		subi r22,lo8(-(-1))
 476 0342 7040      		sbci r23,hi8(-(-1))
 477 0344 6160      		ori r22,lo8(1)
 478 0346 820F      		add r24,r18
 479 0348 931F      		adc r25,r19
 480 034a 0E94 0000 		call __udivmodhi4
 481 034e 9C01      		movw r18,r24
 482 0350 220F      		lsl r18
 483 0352 331F      		rol r19
 484 0354 A901      		movw r20,r18
 485 0356 E3E0      		ldi r30,3
 486 0358 440F      	1:	lsl r20
 487 035a 551F      		rol r21
 488 035c EA95      		dec r30
 489 035e 01F4      		brne 1b
 490 0360 421B      		sub r20,r18
 491 0362 530B      		sbc r21,r19
 492 0364 400F      		add r20,r16
 493 0366 511F      		adc r21,r17
 494               	.L33:
 495 0368 CA01      		movw r24,r20
 496               	/* epilogue start */
 497 036a 2896      		adiw r28,8
 498 036c 0FB6      		in __tmp_reg__,__SREG__
 499 036e F894      		cli
 500 0370 DEBF      		out __SP_H__,r29
 501 0372 0FBE      		out __SREG__,__tmp_reg__
 502 0374 CDBF      		out __SP_L__,r28
 503 0376 CF91      		pop r28
 504 0378 DF91      		pop r29
 505 037a 1F91      		pop r17
 506 037c 0F91      		pop r16
 507 037e 0895      		ret
 508               		.size	hashnum, .-hashnum
 509               		.type	mainposition, @function
 510               	mainposition:
GAS LISTING C:\DOCUME~1\ADMINI~1\LOCALS~1\Temp/ccrk5lDb.s 			page 10


 511 0380 CF93      		push r28
 512 0382 DF93      		push r29
 513               	/* prologue: function */
 514               	/* frame size = 0 */
 515 0384 EC01      		movw r28,r24
 516 0386 FB01      		movw r30,r22
 517 0388 8481      		ldd r24,Z+4
 518 038a 9581      		ldd r25,Z+5
 519 038c 8530      		cpi r24,5
 520 038e 9105      		cpc r25,__zero_reg__
 521 0390 04F4      		brge .L41
 522 0392 8230      		cpi r24,2
 523 0394 9105      		cpc r25,__zero_reg__
 524 0396 04F4      		brge .L36
 525 0398 8130      		cpi r24,1
 526 039a 9105      		cpc r25,__zero_reg__
 527 039c 01F4      		brne .L36
 528 039e 00C0      		rjmp .L45
 529               	.L41:
 530 03a0 8530      		cpi r24,5
 531 03a2 9105      		cpc r25,__zero_reg__
 532 03a4 01F0      		breq .L39
 533 03a6 0697      		sbiw r24,6
 534 03a8 01F4      		brne .L36
 535 03aa 00C0      		rjmp .L46
 536               	.L39:
 537 03ac 4081      		ld r20,Z
 538 03ae 5181      		ldd r21,Z+1
 539 03b0 6281      		ldd r22,Z+2
 540 03b2 7381      		ldd r23,Z+3
 541 03b4 CE01      		movw r24,r28
 542 03b6 0E94 0000 		call hashnum
 543 03ba AC01      		movw r20,r24
 544 03bc 00C0      		rjmp .L42
 545               	.L46:
 546 03be 81E0      		ldi r24,lo8(1)
 547 03c0 90E0      		ldi r25,hi8(1)
 548 03c2 0D80      		ldd r0,Y+5
 549 03c4 00C0      		rjmp 2f
 550 03c6 880F      	1:	lsl r24
 551 03c8 991F      		rol r25
 552 03ca 0A94      	2:	dec r0
 553 03cc 02F4      		brpl 1b
 554 03ce 0197      		sbiw r24,1
 555 03d0 0190      		ld __tmp_reg__,Z+
 556 03d2 F081      		ld r31,Z
 557 03d4 E02D      		mov r30,__tmp_reg__
 558 03d6 2581      		ldd r18,Z+5
 559 03d8 3681      		ldd r19,Z+6
 560 03da 00C0      		rjmp .L44
 561               	.L45:
 562 03dc 0D80      		ldd r0,Y+5
 563 03de 00C0      		rjmp 2f
 564 03e0 880F      	1:	lsl r24
 565 03e2 991F      		rol r25
 566 03e4 0A94      	2:	dec r0
 567 03e6 02F4      		brpl 1b
GAS LISTING C:\DOCUME~1\ADMINI~1\LOCALS~1\Temp/ccrk5lDb.s 			page 11


 568 03e8 0197      		sbiw r24,1
 569 03ea 2081      		ld r18,Z
 570 03ec 3181      		ldd r19,Z+1
 571               	.L44:
 572 03ee 8223      		and r24,r18
 573 03f0 9323      		and r25,r19
 574 03f2 880F      		lsl r24
 575 03f4 991F      		rol r25
 576 03f6 9C01      		movw r18,r24
 577 03f8 43E0      		ldi r20,3
 578 03fa 220F      	1:	lsl r18
 579 03fc 331F      		rol r19
 580 03fe 4A95      		dec r20
 581 0400 01F4      		brne 1b
 582 0402 281B      		sub r18,r24
 583 0404 390B      		sbc r19,r25
 584 0406 4A85      		ldd r20,Y+10
 585 0408 5B85      		ldd r21,Y+11
 586 040a 420F      		add r20,r18
 587 040c 531F      		adc r21,r19
 588 040e 00C0      		rjmp .L42
 589               	.L36:
 590 0410 61E0      		ldi r22,lo8(1)
 591 0412 70E0      		ldi r23,hi8(1)
 592 0414 0D80      		ldd r0,Y+5
 593 0416 00C0      		rjmp 2f
 594 0418 660F      	1:	lsl r22
 595 041a 771F      		rol r23
 596 041c 0A94      	2:	dec r0
 597 041e 02F4      		brpl 1b
 598 0420 6150      		subi r22,lo8(-(-1))
 599 0422 7040      		sbci r23,hi8(-(-1))
 600 0424 6160      		ori r22,lo8(1)
 601 0426 8081      		ld r24,Z
 602 0428 9181      		ldd r25,Z+1
 603 042a 0E94 0000 		call __udivmodhi4
 604 042e 9C01      		movw r18,r24
 605 0430 220F      		lsl r18
 606 0432 331F      		rol r19
 607 0434 C901      		movw r24,r18
 608 0436 A3E0      		ldi r26,3
 609 0438 880F      	1:	lsl r24
 610 043a 991F      		rol r25
 611 043c AA95      		dec r26
 612 043e 01F4      		brne 1b
 613 0440 821B      		sub r24,r18
 614 0442 930B      		sbc r25,r19
 615 0444 4A85      		ldd r20,Y+10
 616 0446 5B85      		ldd r21,Y+11
 617 0448 480F      		add r20,r24
 618 044a 591F      		adc r21,r25
 619               	.L42:
 620 044c CA01      		movw r24,r20
 621               	/* epilogue start */
 622 044e DF91      		pop r29
 623 0450 CF91      		pop r28
 624 0452 0895      		ret
GAS LISTING C:\DOCUME~1\ADMINI~1\LOCALS~1\Temp/ccrk5lDb.s 			page 12


 625               		.size	mainposition, .-mainposition
 626               	.global	luaH_getnum
 627               		.type	luaH_getnum, @function
 628               	luaH_getnum:
 629 0454 EF92      		push r14
 630 0456 FF92      		push r15
 631 0458 0F93      		push r16
 632 045a 1F93      		push r17
 633               	/* prologue: function */
 634               	/* frame size = 0 */
 635 045c FC01      		movw r30,r24
 636 045e 9B01      		movw r18,r22
 637 0460 2150      		subi r18,lo8(-(-1))
 638 0462 3040      		sbci r19,hi8(-(-1))
 639 0464 8089      		ldd r24,Z+16
 640 0466 9189      		ldd r25,Z+17
 641 0468 2817      		cp r18,r24
 642 046a 3907      		cpc r19,r25
 643 046c 00F4      		brsh .L48
 644 046e CB01      		movw r24,r22
 645 0470 880F      		lsl r24
 646 0472 991F      		rol r25
 647 0474 860F      		add r24,r22
 648 0476 971F      		adc r25,r23
 649 0478 880F      		lsl r24
 650 047a 991F      		rol r25
 651 047c 0697      		sbiw r24,6
 652 047e 2085      		ldd r18,Z+8
 653 0480 3185      		ldd r19,Z+9
 654 0482 280F      		add r18,r24
 655 0484 391F      		adc r19,r25
 656 0486 00C0      		rjmp .L49
 657               	.L48:
 658 0488 7B01      		movw r14,r22
 659 048a 0027      		clr r16
 660 048c F7FC      		sbrc r15,7
 661 048e 0095      		com r16
 662 0490 102F      		mov r17,r16
 663 0492 CF01      		movw r24,r30
 664 0494 B801      		movw r22,r16
 665 0496 A701      		movw r20,r14
 666 0498 0E94 0000 		call hashnum
 667 049c FC01      		movw r30,r24
 668               	.L51:
 669 049e 8285      		ldd r24,Z+10
 670 04a0 9385      		ldd r25,Z+11
 671 04a2 0597      		sbiw r24,5
 672 04a4 01F4      		brne .L50
 673 04a6 8681      		ldd r24,Z+6
 674 04a8 9781      		ldd r25,Z+7
 675 04aa A085      		ldd r26,Z+8
 676 04ac B185      		ldd r27,Z+9
 677 04ae 8E15      		cp r24,r14
 678 04b0 9F05      		cpc r25,r15
 679 04b2 A007      		cpc r26,r16
 680 04b4 B107      		cpc r27,r17
 681 04b6 01F4      		brne .L50
GAS LISTING C:\DOCUME~1\ADMINI~1\LOCALS~1\Temp/ccrk5lDb.s 			page 13


 682 04b8 9F01      		movw r18,r30
 683 04ba 00C0      		rjmp .L49
 684               	.L50:
 685 04bc 0484      		ldd __tmp_reg__,Z+12
 686 04be F585      		ldd r31,Z+13
 687 04c0 E02D      		mov r30,__tmp_reg__
 688 04c2 3097      		sbiw r30,0
 689 04c4 01F4      		brne .L51
 690 04c6 20E0      		ldi r18,lo8(luaO_nilobject_)
 691 04c8 30E0      		ldi r19,hi8(luaO_nilobject_)
 692               	.L49:
 693 04ca C901      		movw r24,r18
 694               	/* epilogue start */
 695 04cc 1F91      		pop r17
 696 04ce 0F91      		pop r16
 697 04d0 FF90      		pop r15
 698 04d2 EF90      		pop r14
 699 04d4 0895      		ret
 700               		.size	luaH_getnum, .-luaH_getnum
 701               	.global	luaH_getn
 702               		.type	luaH_getn, @function
 703               	luaH_getn:
 704 04d6 CF92      		push r12
 705 04d8 DF92      		push r13
 706 04da EF92      		push r14
 707 04dc FF92      		push r15
 708 04de 0F93      		push r16
 709 04e0 1F93      		push r17
 710 04e2 CF93      		push r28
 711 04e4 DF93      		push r29
 712               	/* prologue: function */
 713               	/* frame size = 0 */
 714 04e6 6C01      		movw r12,r24
 715 04e8 FC01      		movw r30,r24
 716 04ea E088      		ldd r14,Z+16
 717 04ec F188      		ldd r15,Z+17
 718 04ee 9701      		movw r18,r14
 719 04f0 E114      		cp r14,__zero_reg__
 720 04f2 F104      		cpc r15,__zero_reg__
 721 04f4 01F0      		breq .L55
 722 04f6 6085      		ldd r22,Z+8
 723 04f8 7185      		ldd r23,Z+9
 724 04fa F701      		movw r30,r14
 725 04fc EE0F      		lsl r30
 726 04fe FF1F      		rol r31
 727 0500 EE0D      		add r30,r14
 728 0502 FF1D      		adc r31,r15
 729 0504 EE0F      		lsl r30
 730 0506 FF1F      		rol r31
 731 0508 E60F      		add r30,r22
 732 050a F71F      		adc r31,r23
 733 050c 3697      		sbiw r30,6
 734 050e 8481      		ldd r24,Z+4
 735 0510 9581      		ldd r25,Z+5
 736 0512 892B      		or r24,r25
 737 0514 01F4      		brne .L55
 738 0516 40E0      		ldi r20,lo8(0)
GAS LISTING C:\DOCUME~1\ADMINI~1\LOCALS~1\Temp/ccrk5lDb.s 			page 14


 739 0518 50E0      		ldi r21,hi8(0)
 740 051a 00C0      		rjmp .L69
 741               	.L58:
 742 051c 9701      		movw r18,r14
 743 051e 240F      		add r18,r20
 744 0520 351F      		adc r19,r21
 745 0522 3695      		lsr r19
 746 0524 2795      		ror r18
 747 0526 F901      		movw r30,r18
 748 0528 EE0F      		lsl r30
 749 052a FF1F      		rol r31
 750 052c E20F      		add r30,r18
 751 052e F31F      		adc r31,r19
 752 0530 EE0F      		lsl r30
 753 0532 FF1F      		rol r31
 754 0534 E60F      		add r30,r22
 755 0536 F71F      		adc r31,r23
 756 0538 3697      		sbiw r30,6
 757 053a 8481      		ldd r24,Z+4
 758 053c 9581      		ldd r25,Z+5
 759 053e 892B      		or r24,r25
 760 0540 01F4      		brne .L57
 761 0542 7901      		movw r14,r18
 762 0544 00C0      		rjmp .L69
 763               	.L57:
 764 0546 A901      		movw r20,r18
 765               	.L69:
 766 0548 C701      		movw r24,r14
 767 054a 841B      		sub r24,r20
 768 054c 950B      		sbc r25,r21
 769 054e 0297      		sbiw r24,2
 770 0550 00F4      		brsh .L58
 771 0552 9A01      		movw r18,r20
 772 0554 00C0      		rjmp .L59
 773               	.L55:
 774 0556 F601      		movw r30,r12
 775 0558 8285      		ldd r24,Z+10
 776 055a 9385      		ldd r25,Z+11
 777 055c 8050      		subi r24,lo8(dummynode_)
 778 055e 9040      		sbci r25,hi8(dummynode_)
 779 0560 01F4      		brne .+2
 780 0562 00C0      		rjmp .L59
 781 0564 8701      		movw r16,r14
 782 0566 0F5F      		subi r16,lo8(-(1))
 783 0568 1F4F      		sbci r17,hi8(-(1))
 784 056a 00C0      		rjmp .L60
 785               	.L64:
 786 056c C801      		movw r24,r16
 787 056e 880F      		lsl r24
 788 0570 991F      		rol r25
 789 0572 2FE7      		ldi r18,hi8(32766)
 790 0574 8E3F      		cpi r24,lo8(32766)
 791 0576 9207      		cpc r25,r18
 792 0578 00F0      		brlo .L61
 793 057a C1E0      		ldi r28,lo8(1)
 794 057c D0E0      		ldi r29,hi8(1)
 795 057e 00C0      		rjmp .L62
GAS LISTING C:\DOCUME~1\ADMINI~1\LOCALS~1\Temp/ccrk5lDb.s 			page 15


 796               	.L63:
 797 0580 2196      		adiw r28,1
 798               	.L62:
 799 0582 C601      		movw r24,r12
 800 0584 BE01      		movw r22,r28
 801 0586 0E94 0000 		call luaH_getnum
 802 058a FC01      		movw r30,r24
 803 058c 8481      		ldd r24,Z+4
 804 058e 9581      		ldd r25,Z+5
 805 0590 892B      		or r24,r25
 806 0592 01F4      		brne .L63
 807 0594 9E01      		movw r18,r28
 808 0596 2150      		subi r18,lo8(-(-1))
 809 0598 3040      		sbci r19,hi8(-(-1))
 810 059a 00C0      		rjmp .L59
 811               	.L61:
 812 059c 7801      		movw r14,r16
 813 059e 8C01      		movw r16,r24
 814               	.L60:
 815 05a0 C601      		movw r24,r12
 816 05a2 B801      		movw r22,r16
 817 05a4 0E94 0000 		call luaH_getnum
 818 05a8 FC01      		movw r30,r24
 819 05aa 8481      		ldd r24,Z+4
 820 05ac 9581      		ldd r25,Z+5
 821 05ae 892B      		or r24,r25
 822 05b0 01F4      		brne .L64
 823 05b2 00C0      		rjmp .L70
 824               	.L67:
 825 05b4 E801      		movw r28,r16
 826 05b6 CE0D      		add r28,r14
 827 05b8 DF1D      		adc r29,r15
 828 05ba D695      		lsr r29
 829 05bc C795      		ror r28
 830 05be C601      		movw r24,r12
 831 05c0 BE01      		movw r22,r28
 832 05c2 0E94 0000 		call luaH_getnum
 833 05c6 FC01      		movw r30,r24
 834 05c8 8481      		ldd r24,Z+4
 835 05ca 9581      		ldd r25,Z+5
 836 05cc 892B      		or r24,r25
 837 05ce 01F4      		brne .L66
 838 05d0 8E01      		movw r16,r28
 839 05d2 00C0      		rjmp .L70
 840               	.L66:
 841 05d4 7E01      		movw r14,r28
 842               	.L70:
 843 05d6 C801      		movw r24,r16
 844 05d8 8E19      		sub r24,r14
 845 05da 9F09      		sbc r25,r15
 846 05dc 0297      		sbiw r24,2
 847 05de 00F4      		brsh .L67
 848 05e0 9701      		movw r18,r14
 849               	.L59:
 850 05e2 C901      		movw r24,r18
 851               	/* epilogue start */
 852 05e4 DF91      		pop r29
GAS LISTING C:\DOCUME~1\ADMINI~1\LOCALS~1\Temp/ccrk5lDb.s 			page 16


 853 05e6 CF91      		pop r28
 854 05e8 1F91      		pop r17
 855 05ea 0F91      		pop r16
 856 05ec FF90      		pop r15
 857 05ee EF90      		pop r14
 858 05f0 DF90      		pop r13
 859 05f2 CF90      		pop r12
 860 05f4 0895      		ret
 861               		.size	luaH_getn, .-luaH_getn
 862               	.global	luaH_get
 863               		.type	luaH_get, @function
 864               	luaH_get:
 865 05f6 0F93      		push r16
 866 05f8 1F93      		push r17
 867 05fa CF93      		push r28
 868 05fc DF93      		push r29
 869               	/* prologue: function */
 870               	/* frame size = 0 */
 871 05fe FC01      		movw r30,r24
 872 0600 8B01      		movw r16,r22
 873 0602 DB01      		movw r26,r22
 874 0604 1496      		adiw r26,4
 875 0606 8D91      		ld r24,X+
 876 0608 9C91      		ld r25,X
 877 060a 1597      		sbiw r26,4+1
 878 060c 8530      		cpi r24,5
 879 060e 9105      		cpc r25,__zero_reg__
 880 0610 01F0      		breq .L74
 881 0612 8630      		cpi r24,6
 882 0614 9105      		cpc r25,__zero_reg__
 883 0616 01F0      		breq .L75
 884 0618 892B      		or r24,r25
 885 061a 01F4      		brne .L72
 886 061c 00C0      		rjmp .L81
 887               	.L75:
 888 061e EB01      		movw r28,r22
 889 0620 6881      		ld r22,Y
 890 0622 7981      		ldd r23,Y+1
 891 0624 CF01      		movw r24,r30
 892 0626 0E94 0000 		call luaH_getstr
 893 062a 00C0      		rjmp .L82
 894               	.L74:
 895 062c EB01      		movw r28,r22
 896 062e 8881      		ld r24,Y
 897 0630 9981      		ldd r25,Y+1
 898 0632 AA81      		ldd r26,Y+2
 899 0634 BB81      		ldd r27,Y+3
 900 0636 9C01      		movw r18,r24
 901 0638 4427      		clr r20
 902 063a 37FD      		sbrc r19,7
 903 063c 4095      		com r20
 904 063e 542F      		mov r21,r20
 905 0640 2817      		cp r18,r24
 906 0642 3907      		cpc r19,r25
 907 0644 4A07      		cpc r20,r26
 908 0646 5B07      		cpc r21,r27
 909 0648 01F4      		brne .L72
GAS LISTING C:\DOCUME~1\ADMINI~1\LOCALS~1\Temp/ccrk5lDb.s 			page 17


 910 064a CF01      		movw r24,r30
 911 064c B901      		movw r22,r18
 912 064e 0E94 0000 		call luaH_getnum
 913               	.L82:
 914 0652 9C01      		movw r18,r24
 915 0654 00C0      		rjmp .L76
 916               	.L72:
 917 0656 CF01      		movw r24,r30
 918 0658 B801      		movw r22,r16
 919 065a 0E94 0000 		call mainposition
 920 065e EC01      		movw r28,r24
 921               	.L78:
 922 0660 CE01      		movw r24,r28
 923 0662 0696      		adiw r24,6
 924 0664 B801      		movw r22,r16
 925 0666 0E94 0000 		call luaO_rawequalObj
 926 066a 892B      		or r24,r25
 927 066c 01F0      		breq .L77
 928 066e 9E01      		movw r18,r28
 929 0670 00C0      		rjmp .L76
 930               	.L77:
 931 0672 0C84      		ldd __tmp_reg__,Y+12
 932 0674 DD85      		ldd r29,Y+13
 933 0676 C02D      		mov r28,__tmp_reg__
 934 0678 2097      		sbiw r28,0
 935 067a 01F4      		brne .L78
 936               	.L81:
 937 067c 20E0      		ldi r18,lo8(luaO_nilobject_)
 938 067e 30E0      		ldi r19,hi8(luaO_nilobject_)
 939               	.L76:
 940 0680 C901      		movw r24,r18
 941               	/* epilogue start */
 942 0682 DF91      		pop r29
 943 0684 CF91      		pop r28
 944 0686 1F91      		pop r17
 945 0688 0F91      		pop r16
 946 068a 0895      		ret
 947               		.size	luaH_get, .-luaH_get
 948               		.data
 949               	.LC1:
 950 000f 7461 626C 		.string	"table index is nil"
 950      6520 696E 
 950      6465 7820 
 950      6973 206E 
 950      696C 00
 951               		.text
 952               	.global	luaH_set
 953               		.type	luaH_set, @function
 954               	luaH_set:
 955 068c EF92      		push r14
 956 068e FF92      		push r15
 957 0690 0F93      		push r16
 958 0692 1F93      		push r17
 959 0694 CF93      		push r28
 960 0696 DF93      		push r29
 961               	/* prologue: function */
 962               	/* frame size = 0 */
GAS LISTING C:\DOCUME~1\ADMINI~1\LOCALS~1\Temp/ccrk5lDb.s 			page 18


 963 0698 7C01      		movw r14,r24
 964 069a EB01      		movw r28,r22
 965 069c 8A01      		movw r16,r20
 966 069e CB01      		movw r24,r22
 967 06a0 BA01      		movw r22,r20
 968 06a2 0E94 0000 		call luaH_get
 969 06a6 1C82      		std Y+4,__zero_reg__
 970 06a8 20E0      		ldi r18,hi8(luaO_nilobject_)
 971 06aa 8030      		cpi r24,lo8(luaO_nilobject_)
 972 06ac 9207      		cpc r25,r18
 973 06ae 01F4      		brne .L88
 974               	.L84:
 975 06b0 F801      		movw r30,r16
 976 06b2 8481      		ldd r24,Z+4
 977 06b4 9581      		ldd r25,Z+5
 978 06b6 892B      		or r24,r25
 979 06b8 01F4      		brne .L86
 980 06ba 00D0      		rcall .
 981 06bc 00D0      		rcall .
 982 06be EDB7      		in r30,__SP_L__
 983 06c0 FEB7      		in r31,__SP_H__
 984 06c2 F282      		std Z+2,r15
 985 06c4 E182      		std Z+1,r14
 986 06c6 80E0      		ldi r24,lo8(.LC1)
 987 06c8 90E0      		ldi r25,hi8(.LC1)
 988 06ca 9483      		std Z+4,r25
 989 06cc 8383      		std Z+3,r24
 990 06ce 0E94 0000 		call luaG_runerror
 991 06d2 0F90      		pop __tmp_reg__
 992 06d4 0F90      		pop __tmp_reg__
 993 06d6 0F90      		pop __tmp_reg__
 994 06d8 0F90      		pop __tmp_reg__
 995               	.L86:
 996 06da C701      		movw r24,r14
 997 06dc BE01      		movw r22,r28
 998 06de A801      		movw r20,r16
 999 06e0 0E94 0000 		call newkey
 1000               	.L88:
 1001               	/* epilogue start */
 1002 06e4 DF91      		pop r29
 1003 06e6 CF91      		pop r28
 1004 06e8 1F91      		pop r17
 1005 06ea 0F91      		pop r16
 1006 06ec FF90      		pop r15
 1007 06ee EF90      		pop r14
 1008 06f0 0895      		ret
 1009               		.size	luaH_set, .-luaH_set
 1010               		.type	newkey, @function
 1011               	newkey:
 1012 06f2 2F92      		push r2
 1013 06f4 3F92      		push r3
 1014 06f6 4F92      		push r4
 1015 06f8 5F92      		push r5
 1016 06fa 6F92      		push r6
 1017 06fc 7F92      		push r7
 1018 06fe 8F92      		push r8
 1019 0700 9F92      		push r9
GAS LISTING C:\DOCUME~1\ADMINI~1\LOCALS~1\Temp/ccrk5lDb.s 			page 19


 1020 0702 AF92      		push r10
 1021 0704 BF92      		push r11
 1022 0706 CF92      		push r12
 1023 0708 DF92      		push r13
 1024 070a EF92      		push r14
 1025 070c FF92      		push r15
 1026 070e 0F93      		push r16
 1027 0710 1F93      		push r17
 1028 0712 DF93      		push r29
 1029 0714 CF93      		push r28
 1030 0716 CDB7      		in r28,__SP_L__
 1031 0718 DEB7      		in r29,__SP_H__
 1032 071a A097      		sbiw r28,32
 1033 071c 0FB6      		in __tmp_reg__,__SREG__
 1034 071e F894      		cli
 1035 0720 DEBF      		out __SP_H__,r29
 1036 0722 0FBE      		out __SREG__,__tmp_reg__
 1037 0724 CDBF      		out __SP_L__,r28
 1038               	/* prologue: function */
 1039               	/* frame size = 32 */
 1040 0726 98A3      		std Y+32,r25
 1041 0728 8F8F      		std Y+31,r24
 1042 072a 4B01      		movw r8,r22
 1043 072c 2A01      		movw r4,r20
 1044 072e CB01      		movw r24,r22
 1045 0730 BA01      		movw r22,r20
 1046 0732 0E94 0000 		call mainposition
 1047 0736 8C01      		movw r16,r24
 1048 0738 DC01      		movw r26,r24
 1049 073a 1496      		adiw r26,4
 1050 073c 8D91      		ld r24,X+
 1051 073e 9C91      		ld r25,X
 1052 0740 1597      		sbiw r26,4+1
 1053 0742 892B      		or r24,r25
 1054 0744 01F4      		brne .L123
 1055 0746 B0E0      		ldi r27,hi8(dummynode_)
 1056 0748 0030      		cpi r16,lo8(dummynode_)
 1057 074a 1B07      		cpc r17,r27
 1058 074c 01F0      		breq .+2
 1059 074e 00C0      		rjmp .L91
 1060 0750 00C0      		rjmp .L123
 1061               	.L93:
 1062 0752 F701      		movw r30,r14
 1063 0754 8285      		ldd r24,Z+10
 1064 0756 9385      		ldd r25,Z+11
 1065 0758 892B      		or r24,r25
 1066 075a 01F0      		breq .L92
 1067               	.L123:
 1068 075c D401      		movw r26,r8
 1069 075e 1C96      		adiw r26,12
 1070 0760 8D91      		ld r24,X+
 1071 0762 9C91      		ld r25,X
 1072 0764 1D97      		sbiw r26,12+1
 1073 0766 1A96      		adiw r26,10
 1074 0768 2D91      		ld r18,X+
 1075 076a 3C91      		ld r19,X
 1076 076c 1B97      		sbiw r26,10+1
GAS LISTING C:\DOCUME~1\ADMINI~1\LOCALS~1\Temp/ccrk5lDb.s 			page 20


 1077 076e 42EF      		ldi r20,lo8(-14)
 1078 0770 E42E      		mov r14,r20
 1079 0772 4FEF      		ldi r20,hi8(-14)
 1080 0774 F42E      		mov r15,r20
 1081 0776 E80E      		add r14,r24
 1082 0778 F91E      		adc r15,r25
 1083 077a 1D96      		adiw r26,12+1
 1084 077c FC92      		st X,r15
 1085 077e EE92      		st -X,r14
 1086 0780 1C97      		sbiw r26,12
 1087 0782 2817      		cp r18,r24
 1088 0784 3907      		cpc r19,r25
 1089 0786 00F0      		brlo .L93
 1090 0788 00C0      		rjmp .L94
 1091               	.L92:
 1092 078a E114      		cp r14,__zero_reg__
 1093 078c F104      		cpc r15,__zero_reg__
 1094 078e 01F0      		breq .+2
 1095 0790 00C0      		rjmp .L95
 1096               	.L94:
 1097 0792 6E01      		movw r12,r28
 1098 0794 0894      		sec
 1099 0796 C11C      		adc r12,__zero_reg__
 1100 0798 D11C      		adc r13,__zero_reg__
 1101 079a CE01      		movw r24,r28
 1102 079c 4F96      		adiw r24,31
 1103               	.L96:
 1104 079e F601      		movw r30,r12
 1105 07a0 1192      		st Z+,__zero_reg__
 1106 07a2 1192      		st Z+,__zero_reg__
 1107 07a4 6F01      		movw r12,r30
 1108 07a6 E817      		cp r30,r24
 1109 07a8 F907      		cpc r31,r25
 1110 07aa 01F4      		brne .L96
 1111 07ac 1E01      		movw r2,r28
 1112 07ae 0894      		sec
 1113 07b0 211C      		adc r2,__zero_reg__
 1114 07b2 311C      		adc r3,__zero_reg__
 1115 07b4 7101      		movw r14,r2
 1116 07b6 01E0      		ldi r16,lo8(1)
 1117 07b8 10E0      		ldi r17,hi8(1)
 1118 07ba A1E0      		ldi r26,lo8(1)
 1119 07bc B0E0      		ldi r27,hi8(1)
 1120 07be AA24      		clr r10
 1121 07c0 BB24      		clr r11
 1122               	.L103:
 1123 07c2 F401      		movw r30,r8
 1124 07c4 6089      		ldd r22,Z+16
 1125 07c6 7189      		ldd r23,Z+17
 1126 07c8 6017      		cp r22,r16
 1127 07ca 7107      		cpc r23,r17
 1128 07cc 04F0      		brlt .L97
 1129 07ce B801      		movw r22,r16
 1130 07d0 00C0      		rjmp .L98
 1131               	.L97:
 1132 07d2 6A17      		cp r22,r26
 1133 07d4 7B07      		cpc r23,r27
GAS LISTING C:\DOCUME~1\ADMINI~1\LOCALS~1\Temp/ccrk5lDb.s 			page 21


 1134 07d6 04F0      		brlt .L99
 1135               	.L98:
 1136 07d8 9D01      		movw r18,r26
 1137 07da 220F      		lsl r18
 1138 07dc 331F      		rol r19
 1139 07de 2A0F      		add r18,r26
 1140 07e0 3B1F      		adc r19,r27
 1141 07e2 220F      		lsl r18
 1142 07e4 331F      		rol r19
 1143 07e6 2650      		subi r18,lo8(-(-6))
 1144 07e8 3040      		sbci r19,hi8(-(-6))
 1145 07ea 40E0      		ldi r20,lo8(0)
 1146 07ec 50E0      		ldi r21,hi8(0)
 1147 07ee 00C0      		rjmp .L100
 1148               	.L102:
 1149 07f0 F401      		movw r30,r8
 1150 07f2 8085      		ldd r24,Z+8
 1151 07f4 9185      		ldd r25,Z+9
 1152 07f6 820F      		add r24,r18
 1153 07f8 931F      		adc r25,r19
 1154 07fa FC01      		movw r30,r24
 1155 07fc 8481      		ldd r24,Z+4
 1156 07fe 9581      		ldd r25,Z+5
 1157 0800 892B      		or r24,r25
 1158 0802 01F0      		breq .L101
 1159 0804 4F5F      		subi r20,lo8(-(1))
 1160 0806 5F4F      		sbci r21,hi8(-(1))
 1161               	.L101:
 1162 0808 1196      		adiw r26,1
 1163 080a 2A5F      		subi r18,lo8(-(6))
 1164 080c 3F4F      		sbci r19,hi8(-(6))
 1165               	.L100:
 1166 080e 6A17      		cp r22,r26
 1167 0810 7B07      		cpc r23,r27
 1168 0812 04F4      		brge .L102
 1169 0814 F701      		movw r30,r14
 1170 0816 8081      		ld r24,Z
 1171 0818 9181      		ldd r25,Z+1
 1172 081a 840F      		add r24,r20
 1173 081c 951F      		adc r25,r21
 1174 081e 8193      		st Z+,r24
 1175 0820 9193      		st Z+,r25
 1176 0822 7F01      		movw r14,r30
 1177 0824 A40E      		add r10,r20
 1178 0826 B51E      		adc r11,r21
 1179 0828 EC15      		cp r30,r12
 1180 082a FD05      		cpc r31,r13
 1181 082c 01F0      		breq .L99
 1182 082e 000F      		lsl r16
 1183 0830 111F      		rol r17
 1184 0832 00C0      		rjmp .L103
 1185               	.L99:
 1186 0834 01E0      		ldi r16,lo8(1)
 1187 0836 10E0      		ldi r17,hi8(1)
 1188 0838 D401      		movw r26,r8
 1189 083a 1596      		adiw r26,5
 1190 083c 0C90      		ld r0,X
GAS LISTING C:\DOCUME~1\ADMINI~1\LOCALS~1\Temp/ccrk5lDb.s 			page 22


 1191 083e 00C0      		rjmp 2f
 1192 0840 000F      	1:	lsl r16
 1193 0842 111F      		rol r17
 1194 0844 0A94      	2:	dec r0
 1195 0846 02F4      		brpl 1b
 1196 0848 0150      		subi r16,lo8(-(-1))
 1197 084a 1040      		sbci r17,hi8(-(-1))
 1198 084c C801      		movw r24,r16
 1199 084e 880F      		lsl r24
 1200 0850 991F      		rol r25
 1201 0852 0F5F      		subi r16,lo8(-(1))
 1202 0854 1F4F      		sbci r17,hi8(-(1))
 1203 0856 7C01      		movw r14,r24
 1204 0858 73E0      		ldi r23,3
 1205 085a EE0C      	1:	lsl r14
 1206 085c FF1C      		rol r15
 1207 085e 7A95      		dec r23
 1208 0860 01F4      		brne 1b
 1209 0862 E81A      		sub r14,r24
 1210 0864 F90A      		sbc r15,r25
 1211 0866 6624      		clr r6
 1212 0868 7724      		clr r7
 1213 086a CC24      		clr r12
 1214 086c DD24      		clr r13
 1215 086e 00C0      		rjmp .L104
 1216               	.L106:
 1217 0870 0150      		subi r16,lo8(-(-1))
 1218 0872 1040      		sbci r17,hi8(-(-1))
 1219 0874 D401      		movw r26,r8
 1220 0876 1A96      		adiw r26,10
 1221 0878 ED91      		ld r30,X+
 1222 087a FC91      		ld r31,X
 1223 087c 1B97      		sbiw r26,10+1
 1224 087e EE0D      		add r30,r14
 1225 0880 FF1D      		adc r31,r15
 1226 0882 8481      		ldd r24,Z+4
 1227 0884 9581      		ldd r25,Z+5
 1228 0886 892B      		or r24,r25
 1229 0888 01F0      		breq .L105
 1230 088a CF01      		movw r24,r30
 1231 088c 0696      		adiw r24,6
 1232 088e BE01      		movw r22,r28
 1233 0890 6F5F      		subi r22,lo8(-(1))
 1234 0892 7F4F      		sbci r23,hi8(-(1))
 1235 0894 0E94 0000 		call countint
 1236 0898 C80E      		add r12,r24
 1237 089a D91E      		adc r13,r25
 1238 089c 0894      		sec
 1239 089e 611C      		adc r6,__zero_reg__
 1240 08a0 711C      		adc r7,__zero_reg__
 1241               	.L105:
 1242 08a2 E2EF      		ldi r30,lo8(-14)
 1243 08a4 FFEF      		ldi r31,hi8(-14)
 1244 08a6 EE0E      		add r14,r30
 1245 08a8 FF1E      		adc r15,r31
 1246               	.L104:
 1247 08aa 0115      		cp r16,__zero_reg__
GAS LISTING C:\DOCUME~1\ADMINI~1\LOCALS~1\Temp/ccrk5lDb.s 			page 23


 1248 08ac 1105      		cpc r17,__zero_reg__
 1249 08ae 01F4      		brne .L106
 1250 08b0 C201      		movw r24,r4
 1251 08b2 BE01      		movw r22,r28
 1252 08b4 6F5F      		subi r22,lo8(-(1))
 1253 08b6 7F4F      		sbci r23,hi8(-(1))
 1254 08b8 0E94 0000 		call countint
 1255 08bc 8C0D      		add r24,r12
 1256 08be 9D1D      		adc r25,r13
 1257 08c0 8A0D      		add r24,r10
 1258 08c2 9B1D      		adc r25,r11
 1259 08c4 01E0      		ldi r16,lo8(1)
 1260 08c6 10E0      		ldi r17,hi8(1)
 1261 08c8 E0E0      		ldi r30,lo8(0)
 1262 08ca F0E0      		ldi r31,hi8(0)
 1263 08cc 60E0      		ldi r22,lo8(0)
 1264 08ce 70E0      		ldi r23,hi8(0)
 1265 08d0 40E0      		ldi r20,lo8(0)
 1266 08d2 50E0      		ldi r21,hi8(0)
 1267 08d4 00C0      		rjmp .L107
 1268               	.L112:
 1269 08d6 D101      		movw r26,r2
 1270 08d8 2D91      		ld r18,X+
 1271 08da 3C91      		ld r19,X
 1272 08dc 1216      		cp __zero_reg__,r18
 1273 08de 1306      		cpc __zero_reg__,r19
 1274 08e0 04F4      		brge .L124
 1275               	.L108:
 1276 08e2 2E0F      		add r18,r30
 1277 08e4 3F1F      		adc r19,r31
 1278 08e6 E216      		cp r14,r18
 1279 08e8 F306      		cpc r15,r19
 1280 08ea 04F4      		brge .L110
 1281 08ec F901      		movw r30,r18
 1282 08ee A801      		movw r20,r16
 1283 08f0 00C0      		rjmp .L109
 1284               	.L110:
 1285 08f2 F901      		movw r30,r18
 1286               	.L124:
 1287 08f4 9B01      		movw r18,r22
 1288               	.L109:
 1289 08f6 62E0      		ldi r22,lo8(2)
 1290 08f8 70E0      		ldi r23,hi8(2)
 1291 08fa 260E      		add r2,r22
 1292 08fc 371E      		adc r3,r23
 1293 08fe E817      		cp r30,r24
 1294 0900 F907      		cpc r31,r25
 1295 0902 01F0      		breq .L111
 1296 0904 000F      		lsl r16
 1297 0906 111F      		rol r17
 1298 0908 B901      		movw r22,r18
 1299               	.L107:
 1300 090a 7801      		movw r14,r16
 1301 090c F594      		asr r15
 1302 090e E794      		ror r14
 1303 0910 E816      		cp r14,r24
 1304 0912 F906      		cpc r15,r25
GAS LISTING C:\DOCUME~1\ADMINI~1\LOCALS~1\Temp/ccrk5lDb.s 			page 24


 1305 0914 04F0      		brlt .L112
 1306 0916 9B01      		movw r18,r22
 1307               	.L111:
 1308 0918 0894      		sec
 1309 091a A11C      		adc r10,__zero_reg__
 1310 091c B11C      		adc r11,__zero_reg__
 1311 091e A60C      		add r10,r6
 1312 0920 B71C      		adc r11,r7
 1313 0922 A21A      		sub r10,r18
 1314 0924 B30A      		sbc r11,r19
 1315 0926 8F8D      		ldd r24,Y+31
 1316 0928 98A1      		ldd r25,Y+32
 1317 092a B401      		movw r22,r8
 1318 092c 9501      		movw r18,r10
 1319 092e 0E94 0000 		call resize
 1320 0932 8F8D      		ldd r24,Y+31
 1321 0934 98A1      		ldd r25,Y+32
 1322 0936 B401      		movw r22,r8
 1323 0938 A201      		movw r20,r4
 1324 093a 0E94 0000 		call luaH_set
 1325 093e 00C0      		rjmp .L113
 1326               	.L95:
 1327 0940 B801      		movw r22,r16
 1328 0942 6A5F      		subi r22,lo8(-(6))
 1329 0944 7F4F      		sbci r23,hi8(-(6))
 1330 0946 C401      		movw r24,r8
 1331 0948 0E94 0000 		call mainposition
 1332 094c FC01      		movw r30,r24
 1333 094e 8017      		cp r24,r16
 1334 0950 9107      		cpc r25,r17
 1335 0952 01F0      		breq .L114
 1336               	.L119:
 1337 0954 CF01      		movw r24,r30
 1338 0956 0484      		ldd __tmp_reg__,Z+12
 1339 0958 F585      		ldd r31,Z+13
 1340 095a E02D      		mov r30,__tmp_reg__
 1341 095c E017      		cp r30,r16
 1342 095e F107      		cpc r31,r17
 1343 0960 01F4      		brne .L119
 1344 0962 FC01      		movw r30,r24
 1345 0964 F586      		std Z+13,r15
 1346 0966 E486      		std Z+12,r14
 1347 0968 D701      		movw r26,r14
 1348 096a F801      		movw r30,r16
 1349 096c 8EE0      		ldi r24,lo8(14)
 1350               	.L116:
 1351 096e 0190      		ld r0,Z+
 1352 0970 0D92      		st X+,r0
 1353 0972 8150      		subi r24,lo8(-(-1))
 1354 0974 01F4      		brne .L116
 1355 0976 D801      		movw r26,r16
 1356 0978 1D96      		adiw r26,12+1
 1357 097a 1C92      		st X,__zero_reg__
 1358 097c 1E92      		st -X,__zero_reg__
 1359 097e 1C97      		sbiw r26,12
 1360 0980 1596      		adiw r26,4+1
 1361 0982 1C92      		st X,__zero_reg__
GAS LISTING C:\DOCUME~1\ADMINI~1\LOCALS~1\Temp/ccrk5lDb.s 			page 25


 1362 0984 1E92      		st -X,__zero_reg__
 1363 0986 1497      		sbiw r26,4
 1364 0988 00C0      		rjmp .L91
 1365               	.L114:
 1366 098a F801      		movw r30,r16
 1367 098c 8485      		ldd r24,Z+12
 1368 098e 9585      		ldd r25,Z+13
 1369 0990 D701      		movw r26,r14
 1370 0992 1D96      		adiw r26,12+1
 1371 0994 9C93      		st X,r25
 1372 0996 8E93      		st -X,r24
 1373 0998 1C97      		sbiw r26,12
 1374 099a F586      		std Z+13,r15
 1375 099c E486      		std Z+12,r14
 1376 099e 8701      		movw r16,r14
 1377               	.L91:
 1378 09a0 F201      		movw r30,r4
 1379 09a2 8081      		ld r24,Z
 1380 09a4 9181      		ldd r25,Z+1
 1381 09a6 A281      		ldd r26,Z+2
 1382 09a8 B381      		ldd r27,Z+3
 1383 09aa F801      		movw r30,r16
 1384 09ac 8683      		std Z+6,r24
 1385 09ae 9783      		std Z+7,r25
 1386 09b0 A087      		std Z+8,r26
 1387 09b2 B187      		std Z+9,r27
 1388 09b4 D201      		movw r26,r4
 1389 09b6 1496      		adiw r26,4
 1390 09b8 8D91      		ld r24,X+
 1391 09ba 9C91      		ld r25,X
 1392 09bc 1597      		sbiw r26,4+1
 1393 09be 9387      		std Z+11,r25
 1394 09c0 8287      		std Z+10,r24
 1395 09c2 1496      		adiw r26,4
 1396 09c4 8D91      		ld r24,X+
 1397 09c6 9C91      		ld r25,X
 1398 09c8 1597      		sbiw r26,4+1
 1399 09ca 0697      		sbiw r24,6
 1400 09cc 04F0      		brlt .L117
 1401 09ce ED91      		ld r30,X+
 1402 09d0 FC91      		ld r31,X
 1403 09d2 8381      		ldd r24,Z+3
 1404 09d4 90E0      		ldi r25,lo8(0)
 1405 09d6 8370      		andi r24,lo8(3)
 1406 09d8 9070      		andi r25,hi8(3)
 1407 09da 892B      		or r24,r25
 1408 09dc 01F0      		breq .L117
 1409 09de F401      		movw r30,r8
 1410 09e0 8381      		ldd r24,Z+3
 1411 09e2 82FF      		sbrs r24,2
 1412 09e4 00C0      		rjmp .L117
 1413 09e6 8F8D      		ldd r24,Y+31
 1414 09e8 98A1      		ldd r25,Y+32
 1415 09ea B401      		movw r22,r8
 1416 09ec 0E94 0000 		call luaC_barrierback
 1417               	.L117:
 1418 09f0 C801      		movw r24,r16
GAS LISTING C:\DOCUME~1\ADMINI~1\LOCALS~1\Temp/ccrk5lDb.s 			page 26


 1419               	.L113:
 1420               	/* epilogue start */
 1421 09f2 A096      		adiw r28,32
 1422 09f4 0FB6      		in __tmp_reg__,__SREG__
 1423 09f6 F894      		cli
 1424 09f8 DEBF      		out __SP_H__,r29
 1425 09fa 0FBE      		out __SREG__,__tmp_reg__
 1426 09fc CDBF      		out __SP_L__,r28
 1427 09fe CF91      		pop r28
 1428 0a00 DF91      		pop r29
 1429 0a02 1F91      		pop r17
 1430 0a04 0F91      		pop r16
 1431 0a06 FF90      		pop r15
 1432 0a08 EF90      		pop r14
 1433 0a0a DF90      		pop r13
 1434 0a0c CF90      		pop r12
 1435 0a0e BF90      		pop r11
 1436 0a10 AF90      		pop r10
 1437 0a12 9F90      		pop r9
 1438 0a14 8F90      		pop r8
 1439 0a16 7F90      		pop r7
 1440 0a18 6F90      		pop r6
 1441 0a1a 5F90      		pop r5
 1442 0a1c 4F90      		pop r4
 1443 0a1e 3F90      		pop r3
 1444 0a20 2F90      		pop r2
 1445 0a22 0895      		ret
 1446               		.size	newkey, .-newkey
 1447               	.global	luaH_setstr
 1448               		.type	luaH_setstr, @function
 1449               	luaH_setstr:
 1450 0a24 CF92      		push r12
 1451 0a26 DF92      		push r13
 1452 0a28 EF92      		push r14
 1453 0a2a FF92      		push r15
 1454 0a2c 0F93      		push r16
 1455 0a2e 1F93      		push r17
 1456 0a30 DF93      		push r29
 1457 0a32 CF93      		push r28
 1458 0a34 00D0      		rcall .
 1459 0a36 00D0      		rcall .
 1460 0a38 00D0      		rcall .
 1461 0a3a CDB7      		in r28,__SP_L__
 1462 0a3c DEB7      		in r29,__SP_H__
 1463               	/* prologue: function */
 1464               	/* frame size = 6 */
 1465 0a3e 6C01      		movw r12,r24
 1466 0a40 7B01      		movw r14,r22
 1467 0a42 8A01      		movw r16,r20
 1468 0a44 CB01      		movw r24,r22
 1469 0a46 BA01      		movw r22,r20
 1470 0a48 0E94 0000 		call luaH_getstr
 1471 0a4c 20E0      		ldi r18,hi8(luaO_nilobject_)
 1472 0a4e 8030      		cpi r24,lo8(luaO_nilobject_)
 1473 0a50 9207      		cpc r25,r18
 1474 0a52 01F4      		brne .L129
 1475               	.L126:
GAS LISTING C:\DOCUME~1\ADMINI~1\LOCALS~1\Temp/ccrk5lDb.s 			page 27


 1476 0a54 1A83      		std Y+2,r17
 1477 0a56 0983      		std Y+1,r16
 1478 0a58 86E0      		ldi r24,lo8(6)
 1479 0a5a 90E0      		ldi r25,hi8(6)
 1480 0a5c 9E83      		std Y+6,r25
 1481 0a5e 8D83      		std Y+5,r24
 1482 0a60 C601      		movw r24,r12
 1483 0a62 B701      		movw r22,r14
 1484 0a64 AE01      		movw r20,r28
 1485 0a66 4F5F      		subi r20,lo8(-(1))
 1486 0a68 5F4F      		sbci r21,hi8(-(1))
 1487 0a6a 0E94 0000 		call newkey
 1488               	.L129:
 1489               	/* epilogue start */
 1490 0a6e 2696      		adiw r28,6
 1491 0a70 0FB6      		in __tmp_reg__,__SREG__
 1492 0a72 F894      		cli
 1493 0a74 DEBF      		out __SP_H__,r29
 1494 0a76 0FBE      		out __SREG__,__tmp_reg__
 1495 0a78 CDBF      		out __SP_L__,r28
 1496 0a7a CF91      		pop r28
 1497 0a7c DF91      		pop r29
 1498 0a7e 1F91      		pop r17
 1499 0a80 0F91      		pop r16
 1500 0a82 FF90      		pop r15
 1501 0a84 EF90      		pop r14
 1502 0a86 DF90      		pop r13
 1503 0a88 CF90      		pop r12
 1504 0a8a 0895      		ret
 1505               		.size	luaH_setstr, .-luaH_setstr
 1506               	.global	luaH_setnum
 1507               		.type	luaH_setnum, @function
 1508               	luaH_setnum:
 1509 0a8c CF92      		push r12
 1510 0a8e DF92      		push r13
 1511 0a90 EF92      		push r14
 1512 0a92 FF92      		push r15
 1513 0a94 0F93      		push r16
 1514 0a96 1F93      		push r17
 1515 0a98 DF93      		push r29
 1516 0a9a CF93      		push r28
 1517 0a9c 00D0      		rcall .
 1518 0a9e 00D0      		rcall .
 1519 0aa0 00D0      		rcall .
 1520 0aa2 CDB7      		in r28,__SP_L__
 1521 0aa4 DEB7      		in r29,__SP_H__
 1522               	/* prologue: function */
 1523               	/* frame size = 6 */
 1524 0aa6 6C01      		movw r12,r24
 1525 0aa8 7B01      		movw r14,r22
 1526 0aaa 8A01      		movw r16,r20
 1527 0aac CB01      		movw r24,r22
 1528 0aae BA01      		movw r22,r20
 1529 0ab0 0E94 0000 		call luaH_getnum
 1530 0ab4 20E0      		ldi r18,hi8(luaO_nilobject_)
 1531 0ab6 8030      		cpi r24,lo8(luaO_nilobject_)
 1532 0ab8 9207      		cpc r25,r18
GAS LISTING C:\DOCUME~1\ADMINI~1\LOCALS~1\Temp/ccrk5lDb.s 			page 28


 1533 0aba 01F4      		brne .L134
 1534               	.L131:
 1535 0abc C801      		movw r24,r16
 1536 0abe AA27      		clr r26
 1537 0ac0 97FD      		sbrc r25,7
 1538 0ac2 A095      		com r26
 1539 0ac4 BA2F      		mov r27,r26
 1540 0ac6 8983      		std Y+1,r24
 1541 0ac8 9A83      		std Y+2,r25
 1542 0aca AB83      		std Y+3,r26
 1543 0acc BC83      		std Y+4,r27
 1544 0ace 85E0      		ldi r24,lo8(5)
 1545 0ad0 90E0      		ldi r25,hi8(5)
 1546 0ad2 9E83      		std Y+6,r25
 1547 0ad4 8D83      		std Y+5,r24
 1548 0ad6 C601      		movw r24,r12
 1549 0ad8 B701      		movw r22,r14
 1550 0ada AE01      		movw r20,r28
 1551 0adc 4F5F      		subi r20,lo8(-(1))
 1552 0ade 5F4F      		sbci r21,hi8(-(1))
 1553 0ae0 0E94 0000 		call newkey
 1554               	.L134:
 1555               	/* epilogue start */
 1556 0ae4 2696      		adiw r28,6
 1557 0ae6 0FB6      		in __tmp_reg__,__SREG__
 1558 0ae8 F894      		cli
 1559 0aea DEBF      		out __SP_H__,r29
 1560 0aec 0FBE      		out __SREG__,__tmp_reg__
 1561 0aee CDBF      		out __SP_L__,r28
 1562 0af0 CF91      		pop r28
 1563 0af2 DF91      		pop r29
 1564 0af4 1F91      		pop r17
 1565 0af6 0F91      		pop r16
 1566 0af8 FF90      		pop r15
 1567 0afa EF90      		pop r14
 1568 0afc DF90      		pop r13
 1569 0afe CF90      		pop r12
 1570 0b00 0895      		ret
 1571               		.size	luaH_setnum, .-luaH_setnum
 1572               		.type	resize, @function
 1573               	resize:
 1574 0b02 2F92      		push r2
 1575 0b04 3F92      		push r3
 1576 0b06 4F92      		push r4
 1577 0b08 5F92      		push r5
 1578 0b0a 6F92      		push r6
 1579 0b0c 7F92      		push r7
 1580 0b0e 8F92      		push r8
 1581 0b10 9F92      		push r9
 1582 0b12 AF92      		push r10
 1583 0b14 BF92      		push r11
 1584 0b16 CF92      		push r12
 1585 0b18 DF92      		push r13
 1586 0b1a EF92      		push r14
 1587 0b1c FF92      		push r15
 1588 0b1e 0F93      		push r16
 1589 0b20 1F93      		push r17
GAS LISTING C:\DOCUME~1\ADMINI~1\LOCALS~1\Temp/ccrk5lDb.s 			page 29


 1590 0b22 DF93      		push r29
 1591 0b24 CF93      		push r28
 1592 0b26 00D0      		rcall .
 1593 0b28 0F92      		push __tmp_reg__
 1594 0b2a CDB7      		in r28,__SP_L__
 1595 0b2c DEB7      		in r29,__SP_H__
 1596               	/* prologue: function */
 1597               	/* frame size = 3 */
 1598 0b2e 4C01      		movw r8,r24
 1599 0b30 6B01      		movw r12,r22
 1600 0b32 8A01      		movw r16,r20
 1601 0b34 7901      		movw r14,r18
 1602 0b36 DB01      		movw r26,r22
 1603 0b38 5096      		adiw r26,16
 1604 0b3a 6D90      		ld r6,X+
 1605 0b3c 7C90      		ld r7,X
 1606 0b3e 5197      		sbiw r26,16+1
 1607 0b40 1596      		adiw r26,5
 1608 0b42 BC91      		ld r27,X
 1609 0b44 B983      		std Y+1,r27
 1610 0b46 FB01      		movw r30,r22
 1611 0b48 4284      		ldd r4,Z+10
 1612 0b4a 5384      		ldd r5,Z+11
 1613 0b4c 6416      		cp r6,r20
 1614 0b4e 7506      		cpc r7,r21
 1615 0b50 04F4      		brge .L136
 1616 0b52 0E94 0000 		call setarrayvector
 1617               	.L136:
 1618 0b56 C401      		movw r24,r8
 1619 0b58 B601      		movw r22,r12
 1620 0b5a A701      		movw r20,r14
 1621 0b5c 0E94 0000 		call setnodevector
 1622 0b60 0615      		cp r16,r6
 1623 0b62 1705      		cpc r17,r7
 1624 0b64 04F0      		brlt .+2
 1625 0b66 00C0      		rjmp .L137
 1626 0b68 D601      		movw r26,r12
 1627 0b6a 5196      		adiw r26,16+1
 1628 0b6c 1C93      		st X,r17
 1629 0b6e 0E93      		st -X,r16
 1630 0b70 5097      		sbiw r26,16
 1631 0b72 C801      		movw r24,r16
 1632 0b74 880F      		lsl r24
 1633 0b76 991F      		rol r25
 1634 0b78 800F      		add r24,r16
 1635 0b7a 911F      		adc r25,r17
 1636 0b7c 880F      		lsl r24
 1637 0b7e 991F      		rol r25
 1638 0b80 382E      		mov r3,r24
 1639 0b82 292E      		mov r2,r25
 1640 0b84 5801      		movw r10,r16
 1641 0b86 7C01      		movw r14,r24
 1642               	.L139:
 1643 0b88 F601      		movw r30,r12
 1644 0b8a 0084      		ldd __tmp_reg__,Z+8
 1645 0b8c F185      		ldd r31,Z+9
 1646 0b8e E02D      		mov r30,__tmp_reg__
GAS LISTING C:\DOCUME~1\ADMINI~1\LOCALS~1\Temp/ccrk5lDb.s 			page 30


 1647 0b90 EE0D      		add r30,r14
 1648 0b92 FF1D      		adc r31,r15
 1649 0b94 FB83      		std Y+3,r31
 1650 0b96 EA83      		std Y+2,r30
 1651 0b98 8481      		ldd r24,Z+4
 1652 0b9a 9581      		ldd r25,Z+5
 1653 0b9c 892B      		or r24,r25
 1654 0b9e 01F0      		breq .L138
 1655 0ba0 A501      		movw r20,r10
 1656 0ba2 4F5F      		subi r20,lo8(-(1))
 1657 0ba4 5F4F      		sbci r21,hi8(-(1))
 1658 0ba6 C401      		movw r24,r8
 1659 0ba8 B601      		movw r22,r12
 1660 0baa 0E94 0000 		call luaH_setnum
 1661 0bae FC01      		movw r30,r24
 1662 0bb0 AA81      		ldd r26,Y+2
 1663 0bb2 BB81      		ldd r27,Y+3
 1664 0bb4 2D91      		ld r18,X+
 1665 0bb6 3D91      		ld r19,X+
 1666 0bb8 4D91      		ld r20,X+
 1667 0bba 5C91      		ld r21,X
 1668 0bbc 1397      		sbiw r26,3
 1669 0bbe 2083      		st Z,r18
 1670 0bc0 3183      		std Z+1,r19
 1671 0bc2 4283      		std Z+2,r20
 1672 0bc4 5383      		std Z+3,r21
 1673 0bc6 1496      		adiw r26,4
 1674 0bc8 8D91      		ld r24,X+
 1675 0bca 9C91      		ld r25,X
 1676 0bcc 1597      		sbiw r26,4+1
 1677 0bce 9583      		std Z+5,r25
 1678 0bd0 8483      		std Z+4,r24
 1679               	.L138:
 1680 0bd2 0894      		sec
 1681 0bd4 A11C      		adc r10,__zero_reg__
 1682 0bd6 B11C      		adc r11,__zero_reg__
 1683 0bd8 E6E0      		ldi r30,lo8(6)
 1684 0bda F0E0      		ldi r31,hi8(6)
 1685 0bdc EE0E      		add r14,r30
 1686 0bde FF1E      		adc r15,r31
 1687 0be0 A614      		cp r10,r6
 1688 0be2 B704      		cpc r11,r7
 1689 0be4 04F0      		brlt .L139
 1690 0be6 0F5F      		subi r16,lo8(-(1))
 1691 0be8 1F4F      		sbci r17,hi8(-(1))
 1692 0bea 0B5A      		subi r16,lo8(10923)
 1693 0bec 1A42      		sbci r17,hi8(10923)
 1694 0bee 00F4      		brsh .L140
 1695 0bf0 D601      		movw r26,r12
 1696 0bf2 1896      		adiw r26,8
 1697 0bf4 6D91      		ld r22,X+
 1698 0bf6 7C91      		ld r23,X
 1699 0bf8 1997      		sbiw r26,8+1
 1700 0bfa A301      		movw r20,r6
 1701 0bfc 440F      		lsl r20
 1702 0bfe 551F      		rol r21
 1703 0c00 460D      		add r20,r6
GAS LISTING C:\DOCUME~1\ADMINI~1\LOCALS~1\Temp/ccrk5lDb.s 			page 31


 1704 0c02 571D      		adc r21,r7
 1705 0c04 440F      		lsl r20
 1706 0c06 551F      		rol r21
 1707 0c08 C401      		movw r24,r8
 1708 0c0a 232D      		mov r18,r3
 1709 0c0c 322D      		mov r19,r2
 1710 0c0e 0E94 0000 		call luaM_realloc_
 1711 0c12 00C0      		rjmp .L141
 1712               	.L140:
 1713 0c14 C401      		movw r24,r8
 1714 0c16 0E94 0000 		call luaM_toobig
 1715               	.L141:
 1716 0c1a F601      		movw r30,r12
 1717 0c1c 9187      		std Z+9,r25
 1718 0c1e 8087      		std Z+8,r24
 1719               	.L137:
 1720 0c20 01E0      		ldi r16,lo8(1)
 1721 0c22 10E0      		ldi r17,hi8(1)
 1722 0c24 0980      		ldd r0,Y+1
 1723 0c26 00C0      		rjmp 2f
 1724 0c28 000F      	1:	lsl r16
 1725 0c2a 111F      		rol r17
 1726 0c2c 0A94      	2:	dec r0
 1727 0c2e 02F4      		brpl 1b
 1728 0c30 0150      		subi r16,lo8(-(-1))
 1729 0c32 1040      		sbci r17,hi8(-(-1))
 1730 0c34 C801      		movw r24,r16
 1731 0c36 880F      		lsl r24
 1732 0c38 991F      		rol r25
 1733 0c3a 7C01      		movw r14,r24
 1734 0c3c 53E0      		ldi r21,3
 1735 0c3e EE0C      	1:	lsl r14
 1736 0c40 FF1C      		rol r15
 1737 0c42 5A95      		dec r21
 1738 0c44 01F4      		brne 1b
 1739 0c46 E81A      		sub r14,r24
 1740 0c48 F90A      		sbc r15,r25
 1741 0c4a E40C      		add r14,r4
 1742 0c4c F51C      		adc r15,r5
 1743 0c4e 00C0      		rjmp .L142
 1744               	.L144:
 1745 0c50 D701      		movw r26,r14
 1746 0c52 1496      		adiw r26,4
 1747 0c54 8D91      		ld r24,X+
 1748 0c56 9C91      		ld r25,X
 1749 0c58 1597      		sbiw r26,4+1
 1750 0c5a 892B      		or r24,r25
 1751 0c5c 01F0      		breq .L143
 1752 0c5e A701      		movw r20,r14
 1753 0c60 4A5F      		subi r20,lo8(-(6))
 1754 0c62 5F4F      		sbci r21,hi8(-(6))
 1755 0c64 C401      		movw r24,r8
 1756 0c66 B601      		movw r22,r12
 1757 0c68 0E94 0000 		call luaH_set
 1758 0c6c FC01      		movw r30,r24
 1759 0c6e D701      		movw r26,r14
 1760 0c70 2D91      		ld r18,X+
GAS LISTING C:\DOCUME~1\ADMINI~1\LOCALS~1\Temp/ccrk5lDb.s 			page 32


 1761 0c72 3D91      		ld r19,X+
 1762 0c74 4D91      		ld r20,X+
 1763 0c76 5C91      		ld r21,X
 1764 0c78 1397      		sbiw r26,3
 1765 0c7a 2083      		st Z,r18
 1766 0c7c 3183      		std Z+1,r19
 1767 0c7e 4283      		std Z+2,r20
 1768 0c80 5383      		std Z+3,r21
 1769 0c82 1496      		adiw r26,4
 1770 0c84 8D91      		ld r24,X+
 1771 0c86 9C91      		ld r25,X
 1772 0c88 1597      		sbiw r26,4+1
 1773 0c8a 9583      		std Z+5,r25
 1774 0c8c 8483      		std Z+4,r24
 1775               	.L143:
 1776 0c8e 0150      		subi r16,lo8(-(-1))
 1777 0c90 1040      		sbci r17,hi8(-(-1))
 1778 0c92 E2EF      		ldi r30,lo8(-14)
 1779 0c94 FFEF      		ldi r31,hi8(-14)
 1780 0c96 EE0E      		add r14,r30
 1781 0c98 FF1E      		adc r15,r31
 1782               	.L142:
 1783 0c9a 17FF      		sbrs r17,7
 1784 0c9c 00C0      		rjmp .L144
 1785 0c9e F0E0      		ldi r31,lo8(dummynode_)
 1786 0ca0 4F16      		cp r4,r31
 1787 0ca2 F0E0      		ldi r31,hi8(dummynode_)
 1788 0ca4 5F06      		cpc r5,r31
 1789 0ca6 01F0      		breq .L146
 1790 0ca8 4EE0      		ldi r20,lo8(14)
 1791 0caa 50E0      		ldi r21,hi8(14)
 1792 0cac 0980      		ldd r0,Y+1
 1793 0cae 00C0      		rjmp 2f
 1794 0cb0 440F      	1:	lsl r20
 1795 0cb2 551F      		rol r21
 1796 0cb4 0A94      	2:	dec r0
 1797 0cb6 02F4      		brpl 1b
 1798 0cb8 C401      		movw r24,r8
 1799 0cba B201      		movw r22,r4
 1800 0cbc 20E0      		ldi r18,lo8(0)
 1801 0cbe 30E0      		ldi r19,hi8(0)
 1802 0cc0 0E94 0000 		call luaM_realloc_
 1803               	.L146:
 1804               	/* epilogue start */
 1805 0cc4 0F90      		pop __tmp_reg__
 1806 0cc6 0F90      		pop __tmp_reg__
 1807 0cc8 0F90      		pop __tmp_reg__
 1808 0cca CF91      		pop r28
 1809 0ccc DF91      		pop r29
 1810 0cce 1F91      		pop r17
 1811 0cd0 0F91      		pop r16
 1812 0cd2 FF90      		pop r15
 1813 0cd4 EF90      		pop r14
 1814 0cd6 DF90      		pop r13
 1815 0cd8 CF90      		pop r12
 1816 0cda BF90      		pop r11
 1817 0cdc AF90      		pop r10
GAS LISTING C:\DOCUME~1\ADMINI~1\LOCALS~1\Temp/ccrk5lDb.s 			page 33


 1818 0cde 9F90      		pop r9
 1819 0ce0 8F90      		pop r8
 1820 0ce2 7F90      		pop r7
 1821 0ce4 6F90      		pop r6
 1822 0ce6 5F90      		pop r5
 1823 0ce8 4F90      		pop r4
 1824 0cea 3F90      		pop r3
 1825 0cec 2F90      		pop r2
 1826 0cee 0895      		ret
 1827               		.size	resize, .-resize
 1828               	.global	luaH_resizearray
 1829               		.type	luaH_resizearray, @function
 1830               	luaH_resizearray:
 1831               	/* prologue: function */
 1832               	/* frame size = 0 */
 1833 0cf0 DC01      		movw r26,r24
 1834 0cf2 FB01      		movw r30,r22
 1835 0cf4 8285      		ldd r24,Z+10
 1836 0cf6 9385      		ldd r25,Z+11
 1837 0cf8 8050      		subi r24,lo8(dummynode_)
 1838 0cfa 9040      		sbci r25,hi8(dummynode_)
 1839 0cfc 01F4      		brne .L149
 1840 0cfe 20E0      		ldi r18,lo8(0)
 1841 0d00 30E0      		ldi r19,hi8(0)
 1842 0d02 00C0      		rjmp .L150
 1843               	.L149:
 1844 0d04 21E0      		ldi r18,lo8(1)
 1845 0d06 30E0      		ldi r19,hi8(1)
 1846 0d08 0580      		ldd r0,Z+5
 1847 0d0a 00C0      		rjmp 2f
 1848 0d0c 220F      	1:	lsl r18
 1849 0d0e 331F      		rol r19
 1850 0d10 0A94      	2:	dec r0
 1851 0d12 02F4      		brpl 1b
 1852               	.L150:
 1853 0d14 CD01      		movw r24,r26
 1854 0d16 BF01      		movw r22,r30
 1855 0d18 0E94 0000 		call resize
 1856               	/* epilogue start */
 1857 0d1c 0895      		ret
 1858               		.size	luaH_resizearray, .-luaH_resizearray
 1859               		.data
 1860               	.LC2:
 1861 0022 696E 7661 		.string	"invalid key to 'next'"
 1861      6C69 6420 
 1861      6B65 7920 
 1861      746F 2027 
 1861      6E65 7874 
 1862               		.text
 1863               	.global	luaH_next
 1864               		.type	luaH_next, @function
 1865               	luaH_next:
 1866 0d1e CF92      		push r12
 1867 0d20 DF92      		push r13
 1868 0d22 EF92      		push r14
 1869 0d24 FF92      		push r15
 1870 0d26 0F93      		push r16
GAS LISTING C:\DOCUME~1\ADMINI~1\LOCALS~1\Temp/ccrk5lDb.s 			page 34


 1871 0d28 1F93      		push r17
 1872 0d2a CF93      		push r28
 1873 0d2c DF93      		push r29
 1874               	/* prologue: function */
 1875               	/* frame size = 0 */
 1876 0d2e 6C01      		movw r12,r24
 1877 0d30 7B01      		movw r14,r22
 1878 0d32 8A01      		movw r16,r20
 1879 0d34 DA01      		movw r26,r20
 1880 0d36 1496      		adiw r26,4
 1881 0d38 8D91      		ld r24,X+
 1882 0d3a 9C91      		ld r25,X
 1883 0d3c 1597      		sbiw r26,4+1
 1884 0d3e 0097      		sbiw r24,0
 1885 0d40 01F4      		brne .L153
 1886 0d42 2FEF      		ldi r18,lo8(-1)
 1887 0d44 3FEF      		ldi r19,hi8(-1)
 1888 0d46 00C0      		rjmp .L154
 1889               	.L153:
 1890 0d48 0597      		sbiw r24,5
 1891 0d4a 01F4      		brne .L155
 1892 0d4c EA01      		movw r28,r20
 1893 0d4e 8881      		ld r24,Y
 1894 0d50 9981      		ldd r25,Y+1
 1895 0d52 AA81      		ldd r26,Y+2
 1896 0d54 BB81      		ldd r27,Y+3
 1897 0d56 BC01      		movw r22,r24
 1898 0d58 9C01      		movw r18,r24
 1899 0d5a 4427      		clr r20
 1900 0d5c 37FD      		sbrc r19,7
 1901 0d5e 4095      		com r20
 1902 0d60 542F      		mov r21,r20
 1903 0d62 2817      		cp r18,r24
 1904 0d64 3907      		cpc r19,r25
 1905 0d66 4A07      		cpc r20,r26
 1906 0d68 5B07      		cpc r21,r27
 1907 0d6a 01F4      		brne .L155
 1908 0d6c 1216      		cp __zero_reg__,r18
 1909 0d6e 1306      		cpc __zero_reg__,r19
 1910 0d70 04F4      		brge .L155
 1911 0d72 F701      		movw r30,r14
 1912 0d74 8089      		ldd r24,Z+16
 1913 0d76 9189      		ldd r25,Z+17
 1914 0d78 8617      		cp r24,r22
 1915 0d7a 9707      		cpc r25,r23
 1916 0d7c 04F0      		brlt .L155
 1917 0d7e 9B01      		movw r18,r22
 1918 0d80 2150      		subi r18,lo8(-(-1))
 1919 0d82 3040      		sbci r19,hi8(-(-1))
 1920 0d84 00C0      		rjmp .L154
 1921               	.L155:
 1922 0d86 C701      		movw r24,r14
 1923 0d88 B801      		movw r22,r16
 1924 0d8a 0E94 0000 		call mainposition
 1925 0d8e EC01      		movw r28,r24
 1926               	.L158:
 1927 0d90 CE01      		movw r24,r28
GAS LISTING C:\DOCUME~1\ADMINI~1\LOCALS~1\Temp/ccrk5lDb.s 			page 35


 1928 0d92 0696      		adiw r24,6
 1929 0d94 B801      		movw r22,r16
 1930 0d96 0E94 0000 		call luaO_rawequalObj
 1931 0d9a 892B      		or r24,r25
 1932 0d9c 01F4      		brne .L156
 1933 0d9e 8A85      		ldd r24,Y+10
 1934 0da0 9B85      		ldd r25,Y+11
 1935 0da2 0D97      		sbiw r24,13
 1936 0da4 01F4      		brne .L157
 1937 0da6 D801      		movw r26,r16
 1938 0da8 1496      		adiw r26,4
 1939 0daa 8D91      		ld r24,X+
 1940 0dac 9C91      		ld r25,X
 1941 0dae 1597      		sbiw r26,4+1
 1942 0db0 0697      		sbiw r24,6
 1943 0db2 04F0      		brlt .L157
 1944 0db4 2E81      		ldd r18,Y+6
 1945 0db6 3F81      		ldd r19,Y+7
 1946 0db8 8D91      		ld r24,X+
 1947 0dba 9C91      		ld r25,X
 1948 0dbc 2817      		cp r18,r24
 1949 0dbe 3907      		cpc r19,r25
 1950 0dc0 01F4      		brne .L157
 1951               	.L156:
 1952 0dc2 F701      		movw r30,r14
 1953 0dc4 8285      		ldd r24,Z+10
 1954 0dc6 9385      		ldd r25,Z+11
 1955 0dc8 C81B      		sub r28,r24
 1956 0dca D90B      		sbc r29,r25
 1957 0dcc D595      		asr r29
 1958 0dce C795      		ror r28
 1959 0dd0 87EB      		ldi r24,lo8(28087)
 1960 0dd2 9DE6      		ldi r25,hi8(28087)
 1961 0dd4 C89F      		mul r28,r24
 1962 0dd6 9001      		movw r18,r0
 1963 0dd8 C99F      		mul r28,r25
 1964 0dda 300D      		add r19,r0
 1965 0ddc D89F      		mul r29,r24
 1966 0dde 300D      		add r19,r0
 1967 0de0 1124      		clr r1
 1968 0de2 8089      		ldd r24,Z+16
 1969 0de4 9189      		ldd r25,Z+17
 1970 0de6 280F      		add r18,r24
 1971 0de8 391F      		adc r19,r25
 1972 0dea 00C0      		rjmp .L154
 1973               	.L157:
 1974 0dec 0C84      		ldd __tmp_reg__,Y+12
 1975 0dee DD85      		ldd r29,Y+13
 1976 0df0 C02D      		mov r28,__tmp_reg__
 1977 0df2 2097      		sbiw r28,0
 1978 0df4 01F4      		brne .L158
 1979 0df6 00D0      		rcall .
 1980 0df8 00D0      		rcall .
 1981 0dfa ADB7      		in r26,__SP_L__
 1982 0dfc BEB7      		in r27,__SP_H__
 1983 0dfe 1296      		adiw r26,1+1
 1984 0e00 DC92      		st X,r13
GAS LISTING C:\DOCUME~1\ADMINI~1\LOCALS~1\Temp/ccrk5lDb.s 			page 36


 1985 0e02 CE92      		st -X,r12
 1986 0e04 1197      		sbiw r26,1
 1987 0e06 80E0      		ldi r24,lo8(.LC2)
 1988 0e08 90E0      		ldi r25,hi8(.LC2)
 1989 0e0a 1496      		adiw r26,3+1
 1990 0e0c 9C93      		st X,r25
 1991 0e0e 8E93      		st -X,r24
 1992 0e10 1397      		sbiw r26,3
 1993 0e12 0E94 0000 		call luaG_runerror
 1994 0e16 20E0      		ldi r18,lo8(0)
 1995 0e18 30E0      		ldi r19,hi8(0)
 1996 0e1a 0F90      		pop __tmp_reg__
 1997 0e1c 0F90      		pop __tmp_reg__
 1998 0e1e 0F90      		pop __tmp_reg__
 1999 0e20 0F90      		pop __tmp_reg__
 2000               	.L154:
 2001 0e22 A901      		movw r20,r18
 2002 0e24 4F5F      		subi r20,lo8(-(1))
 2003 0e26 5F4F      		sbci r21,hi8(-(1))
 2004 0e28 E701      		movw r28,r14
 2005 0e2a A889      		ldd r26,Y+16
 2006 0e2c B989      		ldd r27,Y+17
 2007 0e2e 9A01      		movw r18,r20
 2008 0e30 220F      		lsl r18
 2009 0e32 331F      		rol r19
 2010 0e34 240F      		add r18,r20
 2011 0e36 351F      		adc r19,r21
 2012 0e38 220F      		lsl r18
 2013 0e3a 331F      		rol r19
 2014 0e3c 00C0      		rjmp .L159
 2015               	.L162:
 2016 0e3e B901      		movw r22,r18
 2017 0e40 6A5F      		subi r22,lo8(-(6))
 2018 0e42 7F4F      		sbci r23,hi8(-(6))
 2019 0e44 E701      		movw r28,r14
 2020 0e46 E885      		ldd r30,Y+8
 2021 0e48 F985      		ldd r31,Y+9
 2022 0e4a E20F      		add r30,r18
 2023 0e4c F31F      		adc r31,r19
 2024 0e4e 8481      		ldd r24,Z+4
 2025 0e50 9581      		ldd r25,Z+5
 2026 0e52 4F5F      		subi r20,lo8(-(1))
 2027 0e54 5F4F      		sbci r21,hi8(-(1))
 2028 0e56 892B      		or r24,r25
 2029 0e58 01F0      		breq .L160
 2030 0e5a CA01      		movw r24,r20
 2031 0e5c AA27      		clr r26
 2032 0e5e 97FD      		sbrc r25,7
 2033 0e60 A095      		com r26
 2034 0e62 BA2F      		mov r27,r26
 2035 0e64 F801      		movw r30,r16
 2036 0e66 8083      		st Z,r24
 2037 0e68 9183      		std Z+1,r25
 2038 0e6a A283      		std Z+2,r26
 2039 0e6c B383      		std Z+3,r27
 2040 0e6e 85E0      		ldi r24,lo8(5)
 2041 0e70 90E0      		ldi r25,hi8(5)
GAS LISTING C:\DOCUME~1\ADMINI~1\LOCALS~1\Temp/ccrk5lDb.s 			page 37


 2042 0e72 9583      		std Z+5,r25
 2043 0e74 8483      		std Z+4,r24
 2044 0e76 E885      		ldd r30,Y+8
 2045 0e78 F985      		ldd r31,Y+9
 2046 0e7a E20F      		add r30,r18
 2047 0e7c F31F      		adc r31,r19
 2048 0e7e 8081      		ld r24,Z
 2049 0e80 9181      		ldd r25,Z+1
 2050 0e82 A281      		ldd r26,Z+2
 2051 0e84 B381      		ldd r27,Z+3
 2052 0e86 E801      		movw r28,r16
 2053 0e88 00C0      		rjmp .L168
 2054               	.L160:
 2055 0e8a 9B01      		movw r18,r22
 2056               	.L159:
 2057 0e8c 4A17      		cp r20,r26
 2058 0e8e 5B07      		cpc r21,r27
 2059 0e90 04F0      		brlt .L162
 2060 0e92 4A1B      		sub r20,r26
 2061 0e94 5B0B      		sbc r21,r27
 2062 0e96 61E0      		ldi r22,lo8(1)
 2063 0e98 70E0      		ldi r23,hi8(1)
 2064 0e9a F701      		movw r30,r14
 2065 0e9c 0580      		ldd r0,Z+5
 2066 0e9e 00C0      		rjmp 2f
 2067 0ea0 660F      	1:	lsl r22
 2068 0ea2 771F      		rol r23
 2069 0ea4 0A94      	2:	dec r0
 2070 0ea6 02F4      		brpl 1b
 2071 0ea8 CA01      		movw r24,r20
 2072 0eaa 880F      		lsl r24
 2073 0eac 991F      		rol r25
 2074 0eae 9C01      		movw r18,r24
 2075 0eb0 E3E0      		ldi r30,3
 2076 0eb2 220F      	1:	lsl r18
 2077 0eb4 331F      		rol r19
 2078 0eb6 EA95      		dec r30
 2079 0eb8 01F4      		brne 1b
 2080 0eba 281B      		sub r18,r24
 2081 0ebc 390B      		sbc r19,r25
 2082 0ebe 00C0      		rjmp .L163
 2083               	.L165:
 2084 0ec0 D701      		movw r26,r14
 2085 0ec2 1A96      		adiw r26,10
 2086 0ec4 ED91      		ld r30,X+
 2087 0ec6 FC91      		ld r31,X
 2088 0ec8 1B97      		sbiw r26,10+1
 2089 0eca E20F      		add r30,r18
 2090 0ecc F31F      		adc r31,r19
 2091 0ece 225F      		subi r18,lo8(-(14))
 2092 0ed0 3F4F      		sbci r19,hi8(-(14))
 2093 0ed2 8481      		ldd r24,Z+4
 2094 0ed4 9581      		ldd r25,Z+5
 2095 0ed6 892B      		or r24,r25
 2096 0ed8 01F0      		breq .L164
 2097 0eda 8681      		ldd r24,Z+6
 2098 0edc 9781      		ldd r25,Z+7
GAS LISTING C:\DOCUME~1\ADMINI~1\LOCALS~1\Temp/ccrk5lDb.s 			page 38


 2099 0ede A085      		ldd r26,Z+8
 2100 0ee0 B185      		ldd r27,Z+9
 2101 0ee2 E801      		movw r28,r16
 2102 0ee4 8883      		st Y,r24
 2103 0ee6 9983      		std Y+1,r25
 2104 0ee8 AA83      		std Y+2,r26
 2105 0eea BB83      		std Y+3,r27
 2106 0eec 8285      		ldd r24,Z+10
 2107 0eee 9385      		ldd r25,Z+11
 2108 0ef0 9D83      		std Y+5,r25
 2109 0ef2 8C83      		std Y+4,r24
 2110 0ef4 8081      		ld r24,Z
 2111 0ef6 9181      		ldd r25,Z+1
 2112 0ef8 A281      		ldd r26,Z+2
 2113 0efa B381      		ldd r27,Z+3
 2114               	.L168:
 2115 0efc 8E83      		std Y+6,r24
 2116 0efe 9F83      		std Y+7,r25
 2117 0f00 A887      		std Y+8,r26
 2118 0f02 B987      		std Y+9,r27
 2119 0f04 8481      		ldd r24,Z+4
 2120 0f06 9581      		ldd r25,Z+5
 2121 0f08 9B87      		std Y+11,r25
 2122 0f0a 8A87      		std Y+10,r24
 2123 0f0c 21E0      		ldi r18,lo8(1)
 2124 0f0e 30E0      		ldi r19,hi8(1)
 2125 0f10 00C0      		rjmp .L161
 2126               	.L164:
 2127 0f12 4F5F      		subi r20,lo8(-(1))
 2128 0f14 5F4F      		sbci r21,hi8(-(1))
 2129               	.L163:
 2130 0f16 4617      		cp r20,r22
 2131 0f18 5707      		cpc r21,r23
 2132 0f1a 04F0      		brlt .L165
 2133 0f1c 20E0      		ldi r18,lo8(0)
 2134 0f1e 30E0      		ldi r19,hi8(0)
 2135               	.L161:
 2136 0f20 C901      		movw r24,r18
 2137               	/* epilogue start */
 2138 0f22 DF91      		pop r29
 2139 0f24 CF91      		pop r28
 2140 0f26 1F91      		pop r17
 2141 0f28 0F91      		pop r16
 2142 0f2a FF90      		pop r15
 2143 0f2c EF90      		pop r14
 2144 0f2e DF90      		pop r13
 2145 0f30 CF90      		pop r12
 2146 0f32 0895      		ret
 2147               		.size	luaH_next, .-luaH_next
 2148               	.global	luaH_new
 2149               		.type	luaH_new, @function
 2150               	luaH_new:
 2151 0f34 9F92      		push r9
 2152 0f36 AF92      		push r10
 2153 0f38 BF92      		push r11
 2154 0f3a CF92      		push r12
 2155 0f3c DF92      		push r13
GAS LISTING C:\DOCUME~1\ADMINI~1\LOCALS~1\Temp/ccrk5lDb.s 			page 39


 2156 0f3e EF92      		push r14
 2157 0f40 FF92      		push r15
 2158 0f42 0F93      		push r16
 2159 0f44 1F93      		push r17
 2160               	/* prologue: function */
 2161               	/* frame size = 0 */
 2162 0f46 7C01      		movw r14,r24
 2163 0f48 6B01      		movw r12,r22
 2164 0f4a 5A01      		movw r10,r20
 2165 0f4c 60E0      		ldi r22,lo8(0)
 2166 0f4e 70E0      		ldi r23,hi8(0)
 2167 0f50 40E0      		ldi r20,lo8(0)
 2168 0f52 50E0      		ldi r21,hi8(0)
 2169 0f54 22E1      		ldi r18,lo8(18)
 2170 0f56 30E0      		ldi r19,hi8(18)
 2171 0f58 0E94 0000 		call luaM_realloc_
 2172 0f5c 992E      		mov r9,r25
 2173 0f5e 082F      		mov r16,r24
 2174 0f60 192F      		mov r17,r25
 2175 0f62 C701      		movw r24,r14
 2176 0f64 B801      		movw r22,r16
 2177 0f66 47E0      		ldi r20,lo8(7)
 2178 0f68 0E94 0000 		call luaC_link
 2179 0f6c F801      		movw r30,r16
 2180 0f6e 1782      		std Z+7,__zero_reg__
 2181 0f70 1682      		std Z+6,__zero_reg__
 2182 0f72 8FEF      		ldi r24,lo8(-1)
 2183 0f74 8483      		std Z+4,r24
 2184 0f76 1186      		std Z+9,__zero_reg__
 2185 0f78 1086      		std Z+8,__zero_reg__
 2186 0f7a 118A      		std Z+17,__zero_reg__
 2187 0f7c 108A      		std Z+16,__zero_reg__
 2188 0f7e 1582      		std Z+5,__zero_reg__
 2189 0f80 80E0      		ldi r24,lo8(dummynode_)
 2190 0f82 90E0      		ldi r25,hi8(dummynode_)
 2191 0f84 9387      		std Z+11,r25
 2192 0f86 8287      		std Z+10,r24
 2193 0f88 C701      		movw r24,r14
 2194 0f8a B801      		movw r22,r16
 2195 0f8c A601      		movw r20,r12
 2196 0f8e 0E94 0000 		call setarrayvector
 2197 0f92 C701      		movw r24,r14
 2198 0f94 B801      		movw r22,r16
 2199 0f96 A501      		movw r20,r10
 2200 0f98 0E94 0000 		call setnodevector
 2201 0f9c 802F      		mov r24,r16
 2202 0f9e 992D      		mov r25,r9
 2203               	/* epilogue start */
 2204 0fa0 1F91      		pop r17
 2205 0fa2 0F91      		pop r16
 2206 0fa4 FF90      		pop r15
 2207 0fa6 EF90      		pop r14
 2208 0fa8 DF90      		pop r13
 2209 0faa CF90      		pop r12
 2210 0fac BF90      		pop r11
 2211 0fae AF90      		pop r10
 2212 0fb0 9F90      		pop r9
GAS LISTING C:\DOCUME~1\ADMINI~1\LOCALS~1\Temp/ccrk5lDb.s 			page 40


 2213 0fb2 0895      		ret
 2214               		.size	luaH_new, .-luaH_new
 2215               		.data
 2216               		.type	dummynode_, @object
 2217               		.size	dummynode_, 14
 2218               	dummynode_:
 2219 0038 0000 0000 		.skip 14,0
 2219      0000 0000 
 2219      0000 0000 
 2219      0000 
 2220               	.global __do_copy_data
GAS LISTING C:\DOCUME~1\ADMINI~1\LOCALS~1\Temp/ccrk5lDb.s 			page 41


DEFINED SYMBOLS
                            *ABS*:00000000 ltable.c
C:\DOCUME~1\ADMINI~1\LOCALS~1\Temp/ccrk5lDb.s:2      *ABS*:0000003f __SREG__
C:\DOCUME~1\ADMINI~1\LOCALS~1\Temp/ccrk5lDb.s:3      *ABS*:0000003e __SP_H__
C:\DOCUME~1\ADMINI~1\LOCALS~1\Temp/ccrk5lDb.s:4      *ABS*:0000003d __SP_L__
C:\DOCUME~1\ADMINI~1\LOCALS~1\Temp/ccrk5lDb.s:5      *ABS*:00000034 __CCP__
C:\DOCUME~1\ADMINI~1\LOCALS~1\Temp/ccrk5lDb.s:6      *ABS*:00000000 __tmp_reg__
C:\DOCUME~1\ADMINI~1\LOCALS~1\Temp/ccrk5lDb.s:7      *ABS*:00000001 __zero_reg__
C:\DOCUME~1\ADMINI~1\LOCALS~1\Temp/ccrk5lDb.s:11     .text:00000000 luaH_getstr
C:\DOCUME~1\ADMINI~1\LOCALS~1\Temp/ccrk5lDb.s:72     .text:00000068 countint
C:\DOCUME~1\ADMINI~1\LOCALS~1\Temp/ccrk5lDb.s:135    .text:000000d2 luaH_free
C:\DOCUME~1\ADMINI~1\LOCALS~1\Temp/ccrk5lDb.s:2218   .data:00000038 dummynode_
C:\DOCUME~1\ADMINI~1\LOCALS~1\Temp/ccrk5lDb.s:193    .text:0000013e setarrayvector
C:\DOCUME~1\ADMINI~1\LOCALS~1\Temp/ccrk5lDb.s:273    .text:000001c6 setnodevector
C:\DOCUME~1\ADMINI~1\LOCALS~1\Temp/ccrk5lDb.s:426    .text:000002e6 hashnum
C:\DOCUME~1\ADMINI~1\LOCALS~1\Temp/ccrk5lDb.s:510    .text:00000380 mainposition
C:\DOCUME~1\ADMINI~1\LOCALS~1\Temp/ccrk5lDb.s:628    .text:00000454 luaH_getnum
C:\DOCUME~1\ADMINI~1\LOCALS~1\Temp/ccrk5lDb.s:703    .text:000004d6 luaH_getn
C:\DOCUME~1\ADMINI~1\LOCALS~1\Temp/ccrk5lDb.s:864    .text:000005f6 luaH_get
C:\DOCUME~1\ADMINI~1\LOCALS~1\Temp/ccrk5lDb.s:954    .text:0000068c luaH_set
C:\DOCUME~1\ADMINI~1\LOCALS~1\Temp/ccrk5lDb.s:1011   .text:000006f2 newkey
C:\DOCUME~1\ADMINI~1\LOCALS~1\Temp/ccrk5lDb.s:1573   .text:00000b02 resize
C:\DOCUME~1\ADMINI~1\LOCALS~1\Temp/ccrk5lDb.s:1449   .text:00000a24 luaH_setstr
C:\DOCUME~1\ADMINI~1\LOCALS~1\Temp/ccrk5lDb.s:1508   .text:00000a8c luaH_setnum
C:\DOCUME~1\ADMINI~1\LOCALS~1\Temp/ccrk5lDb.s:1830   .text:00000cf0 luaH_resizearray
C:\DOCUME~1\ADMINI~1\LOCALS~1\Temp/ccrk5lDb.s:1865   .text:00000d1e luaH_next
C:\DOCUME~1\ADMINI~1\LOCALS~1\Temp/ccrk5lDb.s:2150   .text:00000f34 luaH_new

UNDEFINED SYMBOLS
luaO_nilobject_
luaO_log2
luaM_realloc_
luaM_toobig
luaG_runerror
__udivmodhi4
luaO_rawequalObj
luaC_barrierback
luaC_link
__do_copy_data
