GAS LISTING C:\DOCUME~1\ADMINI~1\LOCALS~1\Temp/cc5CFczp.s 			page 1


   1               		.file	"ltm.c"
   2               	__SREG__ = 0x3f
   3               	__SP_H__ = 0x3e
   4               	__SP_L__ = 0x3d
   5               	__CCP__  = 0x34
   6               	__tmp_reg__ = 0
   7               	__zero_reg__ = 1
   8               		.text
   9               	.global	luaT_gettmbyobj
  10               		.type	luaT_gettmbyobj, @function
  11               	luaT_gettmbyobj:
  12               	/* prologue: function */
  13               	/* frame size = 0 */
  14 0000 DC01      		movw r26,r24
  15 0002 FB01      		movw r30,r22
  16 0004 8481      		ldd r24,Z+4
  17 0006 9581      		ldd r25,Z+5
  18 0008 8730      		cpi r24,7
  19 000a 9105      		cpc r25,__zero_reg__
  20 000c 01F0      		breq .L3
  21 000e 8930      		cpi r24,9
  22 0010 9105      		cpc r25,__zero_reg__
  23 0012 01F4      		brne .L9
  24 0014 00C0      		rjmp .L10
  25               	.L3:
  26 0016 0190      		ld __tmp_reg__,Z+
  27 0018 F081      		ld r31,Z
  28 001a E02D      		mov r30,__tmp_reg__
  29 001c 8681      		ldd r24,Z+6
  30 001e 9781      		ldd r25,Z+7
  31 0020 00C0      		rjmp .L5
  32               	.L10:
  33 0022 0190      		ld __tmp_reg__,Z+
  34 0024 F081      		ld r31,Z
  35 0026 E02D      		mov r30,__tmp_reg__
  36 0028 8481      		ldd r24,Z+4
  37 002a 9581      		ldd r25,Z+5
  38 002c 00C0      		rjmp .L5
  39               	.L9:
  40 002e 1996      		adiw r26,9
  41 0030 ED91      		ld r30,X+
  42 0032 FC91      		ld r31,X
  43 0034 1A97      		sbiw r26,9+1
  44 0036 8696      		adiw r24,38
  45 0038 880F      		lsl r24
  46 003a 991F      		rol r25
  47 003c E80F      		add r30,r24
  48 003e F91F      		adc r31,r25
  49 0040 8081      		ld r24,Z
  50 0042 9181      		ldd r25,Z+1
  51               	.L5:
  52 0044 0097      		sbiw r24,0
  53 0046 01F4      		brne .L6
  54 0048 20E0      		ldi r18,lo8(luaO_nilobject_)
  55 004a 30E0      		ldi r19,hi8(luaO_nilobject_)
  56 004c 00C0      		rjmp .L7
  57               	.L6:
GAS LISTING C:\DOCUME~1\ADMINI~1\LOCALS~1\Temp/cc5CFczp.s 			page 2


  58 004e 1996      		adiw r26,9
  59 0050 ED91      		ld r30,X+
  60 0052 FC91      		ld r31,X
  61 0054 1A97      		sbiw r26,9+1
  62 0056 4F5C      		subi r20,lo8(-(49))
  63 0058 5F4F      		sbci r21,hi8(-(49))
  64 005a 440F      		lsl r20
  65 005c 551F      		rol r21
  66 005e E40F      		add r30,r20
  67 0060 F51F      		adc r31,r21
  68 0062 6081      		ld r22,Z
  69 0064 7181      		ldd r23,Z+1
  70 0066 0E94 0000 		call luaH_getstr
  71 006a 9C01      		movw r18,r24
  72               	.L7:
  73 006c C901      		movw r24,r18
  74               	/* epilogue start */
  75 006e 0895      		ret
  76               		.size	luaT_gettmbyobj, .-luaT_gettmbyobj
  77               	.global	luaT_gettm
  78               		.type	luaT_gettm, @function
  79               	luaT_gettm:
  80 0070 1F93      		push r17
  81 0072 CF93      		push r28
  82 0074 DF93      		push r29
  83               	/* prologue: function */
  84               	/* frame size = 0 */
  85 0076 EC01      		movw r28,r24
  86 0078 162F      		mov r17,r22
  87 007a BA01      		movw r22,r20
  88 007c 0E94 0000 		call luaH_getstr
  89 0080 FC01      		movw r30,r24
  90 0082 8481      		ldd r24,Z+4
  91 0084 9581      		ldd r25,Z+5
  92 0086 892B      		or r24,r25
  93 0088 01F4      		brne .L12
  94 008a 81E0      		ldi r24,lo8(1)
  95 008c 90E0      		ldi r25,hi8(1)
  96 008e 00C0      		rjmp 2f
  97 0090 880F      	1:	lsl r24
  98 0092 991F      		rol r25
  99 0094 1A95      	2:	dec r17
 100 0096 02F4      		brpl 1b
 101 0098 2C81      		ldd r18,Y+4
 102 009a 282B      		or r18,r24
 103 009c 2C83      		std Y+4,r18
 104 009e E0E0      		ldi r30,lo8(0)
 105 00a0 F0E0      		ldi r31,hi8(0)
 106               	.L12:
 107 00a2 CF01      		movw r24,r30
 108               	/* epilogue start */
 109 00a4 DF91      		pop r29
 110 00a6 CF91      		pop r28
 111 00a8 1F91      		pop r17
 112 00aa 0895      		ret
 113               		.size	luaT_gettm, .-luaT_gettm
 114               	.global	luaT_init
GAS LISTING C:\DOCUME~1\ADMINI~1\LOCALS~1\Temp/cc5CFczp.s 			page 3


 115               		.type	luaT_init, @function
 116               	luaT_init:
 117 00ac CF92      		push r12
 118 00ae DF92      		push r13
 119 00b0 EF92      		push r14
 120 00b2 FF92      		push r15
 121 00b4 0F93      		push r16
 122 00b6 1F93      		push r17
 123 00b8 CF93      		push r28
 124 00ba DF93      		push r29
 125               	/* prologue: function */
 126               	/* frame size = 0 */
 127 00bc 6C01      		movw r12,r24
 128 00be 50E0      		ldi r21,lo8(luaT_eventname.2449)
 129 00c0 E52E      		mov r14,r21
 130 00c2 50E0      		ldi r21,hi8(luaT_eventname.2449)
 131 00c4 F52E      		mov r15,r21
 132 00c6 C0E0      		ldi r28,lo8(0)
 133 00c8 D0E0      		ldi r29,hi8(0)
 134               	.L15:
 135 00ca D601      		movw r26,r12
 136 00cc 1996      		adiw r26,9
 137 00ce 0D91      		ld r16,X+
 138 00d0 1C91      		ld r17,X
 139 00d2 1A97      		sbiw r26,9+1
 140 00d4 F701      		movw r30,r14
 141 00d6 6081      		ld r22,Z
 142 00d8 7181      		ldd r23,Z+1
 143 00da FB01      		movw r30,r22
 144 00dc DF01      		movw r26,r30
 145 00de 0D90      		ld __tmp_reg__,X+
 146 00e0 0020      		tst __tmp_reg__
 147 00e2 01F4      		brne .-6
 148 00e4 1197      		sbiw r26,1
 149 00e6 AE1B      		sub r26,r30
 150 00e8 BF0B      		sbc r27,r31
 151 00ea C601      		movw r24,r12
 152 00ec AD01      		movw r20,r26
 153 00ee 0E94 0000 		call luaS_newlstr
 154 00f2 E196      		adiw r28,49
 155 00f4 9E01      		movw r18,r28
 156 00f6 220F      		lsl r18
 157 00f8 331F      		rol r19
 158 00fa 020F      		add r16,r18
 159 00fc 131F      		adc r17,r19
 160 00fe D801      		movw r26,r16
 161 0100 8D93      		st X+,r24
 162 0102 9C93      		st X,r25
 163 0104 D601      		movw r26,r12
 164 0106 1996      		adiw r26,9
 165 0108 ED91      		ld r30,X+
 166 010a FC91      		ld r31,X
 167 010c 1A97      		sbiw r26,9+1
 168 010e E20F      		add r30,r18
 169 0110 F31F      		adc r31,r19
 170 0112 0190      		ld __tmp_reg__,Z+
 171 0114 F081      		ld r31,Z
GAS LISTING C:\DOCUME~1\ADMINI~1\LOCALS~1\Temp/cc5CFczp.s 			page 4


 172 0116 E02D      		mov r30,__tmp_reg__
 173 0118 8381      		ldd r24,Z+3
 174 011a 8062      		ori r24,lo8(32)
 175 011c 8383      		std Z+3,r24
 176 011e E097      		sbiw r28,48
 177 0120 E2E0      		ldi r30,lo8(2)
 178 0122 F0E0      		ldi r31,hi8(2)
 179 0124 EE0E      		add r14,r30
 180 0126 FF1E      		adc r15,r31
 181 0128 C131      		cpi r28,17
 182 012a D105      		cpc r29,__zero_reg__
 183 012c 01F4      		brne .L15
 184               	/* epilogue start */
 185 012e DF91      		pop r29
 186 0130 CF91      		pop r28
 187 0132 1F91      		pop r17
 188 0134 0F91      		pop r16
 189 0136 FF90      		pop r15
 190 0138 EF90      		pop r14
 191 013a DF90      		pop r13
 192 013c CF90      		pop r12
 193 013e 0895      		ret
 194               		.size	luaT_init, .-luaT_init
 195               	.global	luaT_typenames
 196               		.data
 197               	.LC0:
 198 0000 6E69 6C00 		.string	"nil"
 199               	.LC1:
 200 0004 626F 6F6C 		.string	"boolean"
 200      6561 6E00 
 201               	.LC2:
 202 000c 726F 7461 		.string	"rotable"
 202      626C 6500 
 203               	.LC3:
 204 0014 6C69 6768 		.string	"lightfunction"
 204      7466 756E 
 204      6374 696F 
 204      6E00 
 205               	.LC4:
 206 0022 7573 6572 		.string	"userdata"
 206      6461 7461 
 206      00
 207               	.LC5:
 208 002b 6E75 6D62 		.string	"number"
 208      6572 00
 209               	.LC6:
 210 0032 7374 7269 		.string	"string"
 210      6E67 00
 211               	.LC7:
 212 0039 7461 626C 		.string	"table"
 212      6500 
 213               	.LC8:
 214 003f 6675 6E63 		.string	"function"
 214      7469 6F6E 
 214      00
 215               	.LC9:
 216 0048 7468 7265 		.string	"thread"
GAS LISTING C:\DOCUME~1\ADMINI~1\LOCALS~1\Temp/cc5CFczp.s 			page 5


 216      6164 00
 217               	.LC10:
 218 004f 7072 6F74 		.string	"proto"
 218      6F00 
 219               	.LC11:
 220 0055 7570 7661 		.string	"upval"
 220      6C00 
 221               		.type	luaT_typenames, @object
 222               		.size	luaT_typenames, 26
 223               	luaT_typenames:
 224 005b 0000      		.word	.LC0
 225 005d 0000      		.word	.LC1
 226 005f 0000      		.word	.LC2
 227 0061 0000      		.word	.LC3
 228 0063 0000      		.word	.LC4
 229 0065 0000      		.word	.LC5
 230 0067 0000      		.word	.LC6
 231 0069 0000      		.word	.LC7
 232 006b 0000      		.word	.LC8
 233 006d 0000      		.word	.LC4
 234 006f 0000      		.word	.LC9
 235 0071 0000      		.word	.LC10
 236 0073 0000      		.word	.LC11
 237               	.LC12:
 238 0075 5F5F 696E 		.string	"__index"
 238      6465 7800 
 239               	.LC13:
 240 007d 5F5F 6E65 		.string	"__newindex"
 240      7769 6E64 
 240      6578 00
 241               	.LC14:
 242 0088 5F5F 6763 		.string	"__gc"
 242      00
 243               	.LC15:
 244 008d 5F5F 6D6F 		.string	"__mode"
 244      6465 00
 245               	.LC16:
 246 0094 5F5F 6571 		.string	"__eq"
 246      00
 247               	.LC17:
 248 0099 5F5F 6164 		.string	"__add"
 248      6400 
 249               	.LC18:
 250 009f 5F5F 7375 		.string	"__sub"
 250      6200 
 251               	.LC19:
 252 00a5 5F5F 6D75 		.string	"__mul"
 252      6C00 
 253               	.LC20:
 254 00ab 5F5F 6469 		.string	"__div"
 254      7600 
 255               	.LC21:
 256 00b1 5F5F 6D6F 		.string	"__mod"
 256      6400 
 257               	.LC22:
 258 00b7 5F5F 706F 		.string	"__pow"
 258      7700 
GAS LISTING C:\DOCUME~1\ADMINI~1\LOCALS~1\Temp/cc5CFczp.s 			page 6


 259               	.LC23:
 260 00bd 5F5F 756E 		.string	"__unm"
 260      6D00 
 261               	.LC24:
 262 00c3 5F5F 6C65 		.string	"__len"
 262      6E00 
 263               	.LC25:
 264 00c9 5F5F 6C74 		.string	"__lt"
 264      00
 265               	.LC26:
 266 00ce 5F5F 6C65 		.string	"__le"
 266      00
 267               	.LC27:
 268 00d3 5F5F 636F 		.string	"__concat"
 268      6E63 6174 
 268      00
 269               	.LC28:
 270 00dc 5F5F 6361 		.string	"__call"
 270      6C6C 00
 271               		.type	luaT_eventname.2449, @object
 272               		.size	luaT_eventname.2449, 34
 273               	luaT_eventname.2449:
 274 00e3 0000      		.word	.LC12
 275 00e5 0000      		.word	.LC13
 276 00e7 0000      		.word	.LC14
 277 00e9 0000      		.word	.LC15
 278 00eb 0000      		.word	.LC16
 279 00ed 0000      		.word	.LC17
 280 00ef 0000      		.word	.LC18
 281 00f1 0000      		.word	.LC19
 282 00f3 0000      		.word	.LC20
 283 00f5 0000      		.word	.LC21
 284 00f7 0000      		.word	.LC22
 285 00f9 0000      		.word	.LC23
 286 00fb 0000      		.word	.LC24
 287 00fd 0000      		.word	.LC25
 288 00ff 0000      		.word	.LC26
 289 0101 0000      		.word	.LC27
 290 0103 0000      		.word	.LC28
 291               	.global __do_copy_data
GAS LISTING C:\DOCUME~1\ADMINI~1\LOCALS~1\Temp/cc5CFczp.s 			page 7


DEFINED SYMBOLS
                            *ABS*:00000000 ltm.c
C:\DOCUME~1\ADMINI~1\LOCALS~1\Temp/cc5CFczp.s:2      *ABS*:0000003f __SREG__
C:\DOCUME~1\ADMINI~1\LOCALS~1\Temp/cc5CFczp.s:3      *ABS*:0000003e __SP_H__
C:\DOCUME~1\ADMINI~1\LOCALS~1\Temp/cc5CFczp.s:4      *ABS*:0000003d __SP_L__
C:\DOCUME~1\ADMINI~1\LOCALS~1\Temp/cc5CFczp.s:5      *ABS*:00000034 __CCP__
C:\DOCUME~1\ADMINI~1\LOCALS~1\Temp/cc5CFczp.s:6      *ABS*:00000000 __tmp_reg__
C:\DOCUME~1\ADMINI~1\LOCALS~1\Temp/cc5CFczp.s:7      *ABS*:00000001 __zero_reg__
C:\DOCUME~1\ADMINI~1\LOCALS~1\Temp/cc5CFczp.s:11     .text:00000000 luaT_gettmbyobj
C:\DOCUME~1\ADMINI~1\LOCALS~1\Temp/cc5CFczp.s:79     .text:00000070 luaT_gettm
C:\DOCUME~1\ADMINI~1\LOCALS~1\Temp/cc5CFczp.s:116    .text:000000ac luaT_init
C:\DOCUME~1\ADMINI~1\LOCALS~1\Temp/cc5CFczp.s:273    .data:000000e3 luaT_eventname.2449
C:\DOCUME~1\ADMINI~1\LOCALS~1\Temp/cc5CFczp.s:223    .data:0000005b luaT_typenames

UNDEFINED SYMBOLS
luaO_nilobject_
luaH_getstr
luaS_newlstr
__do_copy_data
