GAS LISTING C:\DOCUME~1\ADMINI~1\LOCALS~1\Temp/ccbUEWva.s 			page 1


   1               		.file	"lundump.c"
   2               	__SREG__ = 0x3f
   3               	__SP_H__ = 0x3e
   4               	__SP_L__ = 0x3d
   5               	__CCP__  = 0x34
   6               	__tmp_reg__ = 0
   7               	__zero_reg__ = 1
   8               		.text
   9               	.global	luaU_header
  10               		.type	luaU_header, @function
  11               	luaU_header:
  12 0000 DF93      		push r29
  13 0002 CF93      		push r28
  14 0004 00D0      		rcall .
  15 0006 CDB7      		in r28,__SP_L__
  16 0008 DEB7      		in r29,__SP_H__
  17               	/* prologue: function */
  18               	/* frame size = 2 */
  19 000a FC01      		movw r30,r24
  20 000c 8BE1      		ldi r24,lo8(1635077147)
  21 000e 9CE4      		ldi r25,hi8(1635077147)
  22 0010 A5E7      		ldi r26,hlo8(1635077147)
  23 0012 B1E6      		ldi r27,hhi8(1635077147)
  24 0014 8083      		st Z,r24
  25 0016 9183      		std Z+1,r25
  26 0018 A283      		std Z+2,r26
  27 001a B383      		std Z+3,r27
  28 001c 81E5      		ldi r24,lo8(81)
  29 001e 8483      		std Z+4,r24
  30 0020 1582      		std Z+5,__zero_reg__
  31 0022 81E0      		ldi r24,lo8(1)
  32 0024 8683      		std Z+6,r24
  33 0026 82E0      		ldi r24,lo8(2)
  34 0028 8783      		std Z+7,r24
  35 002a 8087      		std Z+8,r24
  36 002c 84E0      		ldi r24,lo8(4)
  37 002e 8187      		std Z+9,r24
  38 0030 8287      		std Z+10,r24
  39 0032 81E0      		ldi r24,lo8(1)
  40 0034 8387      		std Z+11,r24
  41               	/* epilogue start */
  42 0036 0F90      		pop __tmp_reg__
  43 0038 0F90      		pop __tmp_reg__
  44 003a CF91      		pop r28
  45 003c DF91      		pop r29
  46 003e 0895      		ret
  47               		.size	luaU_header, .-luaU_header
  48               		.data
  49               	.LC0:
  50 0000 2573 3A20 		.string	"%s: %s in precompiled chunk"
  50      2573 2069 
  50      6E20 7072 
  50      6563 6F6D 
  50      7069 6C65 
  51               		.text
  52               		.type	error, @function
  53               	error:
GAS LISTING C:\DOCUME~1\ADMINI~1\LOCALS~1\Temp/ccbUEWva.s 			page 2


  54 0040 0F93      		push r16
  55 0042 1F93      		push r17
  56               	/* prologue: function */
  57               	/* frame size = 0 */
  58 0044 8C01      		movw r16,r24
  59 0046 8DB7      		in r24,__SP_L__
  60 0048 9EB7      		in r25,__SP_H__
  61 004a 0897      		sbiw r24,8
  62 004c 0FB6      		in __tmp_reg__,__SREG__
  63 004e F894      		cli
  64 0050 9EBF      		out __SP_H__,r25
  65 0052 0FBE      		out __SREG__,__tmp_reg__
  66 0054 8DBF      		out __SP_L__,r24
  67 0056 EDB7      		in r30,__SP_L__
  68 0058 FEB7      		in r31,__SP_H__
  69 005a 3196      		adiw r30,1
  70 005c D801      		movw r26,r16
  71 005e 8D91      		ld r24,X+
  72 0060 9C91      		ld r25,X
  73 0062 ADB7      		in r26,__SP_L__
  74 0064 BEB7      		in r27,__SP_H__
  75 0066 1296      		adiw r26,1+1
  76 0068 9C93      		st X,r25
  77 006a 8E93      		st -X,r24
  78 006c 1197      		sbiw r26,1
  79 006e 80E0      		ldi r24,lo8(.LC0)
  80 0070 90E0      		ldi r25,hi8(.LC0)
  81 0072 9383      		std Z+3,r25
  82 0074 8283      		std Z+2,r24
  83 0076 D801      		movw r26,r16
  84 0078 1696      		adiw r26,6
  85 007a 8D91      		ld r24,X+
  86 007c 9C91      		ld r25,X
  87 007e 1797      		sbiw r26,6+1
  88 0080 9583      		std Z+5,r25
  89 0082 8483      		std Z+4,r24
  90 0084 7783      		std Z+7,r23
  91 0086 6683      		std Z+6,r22
  92 0088 0E94 0000 		call luaO_pushfstring
  93 008c EDB7      		in r30,__SP_L__
  94 008e FEB7      		in r31,__SP_H__
  95 0090 3896      		adiw r30,8
  96 0092 0FB6      		in __tmp_reg__,__SREG__
  97 0094 F894      		cli
  98 0096 FEBF      		out __SP_H__,r31
  99 0098 0FBE      		out __SREG__,__tmp_reg__
 100 009a EDBF      		out __SP_L__,r30
 101 009c D801      		movw r26,r16
 102 009e 8D91      		ld r24,X+
 103 00a0 9C91      		ld r25,X
 104 00a2 63E0      		ldi r22,lo8(3)
 105 00a4 70E0      		ldi r23,hi8(3)
 106 00a6 0E94 0000 		call luaD_throw
 107               	/* epilogue start */
 108 00aa 1F91      		pop r17
 109 00ac 0F91      		pop r16
 110 00ae 0895      		ret
GAS LISTING C:\DOCUME~1\ADMINI~1\LOCALS~1\Temp/ccbUEWva.s 			page 3


 111               		.size	error, .-error
 112               		.data
 113               	.LC1:
 114 001c 756E 6578 		.string	"unexpected end"
 114      7065 6374 
 114      6564 2065 
 114      6E64 00
 115               		.text
 116               		.type	LoadBlock, @function
 117               	LoadBlock:
 118 00b0 CF93      		push r28
 119 00b2 DF93      		push r29
 120               	/* prologue: function */
 121               	/* frame size = 0 */
 122 00b4 EC01      		movw r28,r24
 123 00b6 8A81      		ldd r24,Y+2
 124 00b8 9B81      		ldd r25,Y+3
 125 00ba 0E94 0000 		call luaZ_read
 126 00be 892B      		or r24,r25
 127 00c0 01F0      		breq .L7
 128 00c2 CE01      		movw r24,r28
 129 00c4 60E0      		ldi r22,lo8(.LC1)
 130 00c6 70E0      		ldi r23,hi8(.LC1)
 131 00c8 0E94 0000 		call error
 132               	.L7:
 133               	/* epilogue start */
 134 00cc DF91      		pop r29
 135 00ce CF91      		pop r28
 136 00d0 0895      		ret
 137               		.size	LoadBlock, .-LoadBlock
 138               		.type	LoadChar, @function
 139               	LoadChar:
 140 00d2 DF93      		push r29
 141 00d4 CF93      		push r28
 142 00d6 0F92      		push __tmp_reg__
 143 00d8 CDB7      		in r28,__SP_L__
 144 00da DEB7      		in r29,__SP_H__
 145               	/* prologue: function */
 146               	/* frame size = 1 */
 147 00dc BE01      		movw r22,r28
 148 00de 6F5F      		subi r22,lo8(-(1))
 149 00e0 7F4F      		sbci r23,hi8(-(1))
 150 00e2 41E0      		ldi r20,lo8(1)
 151 00e4 50E0      		ldi r21,hi8(1)
 152 00e6 0E94 0000 		call LoadBlock
 153 00ea 2981      		ldd r18,Y+1
 154 00ec 3327      		clr r19
 155 00ee 27FD      		sbrc r18,7
 156 00f0 3095      		com r19
 157 00f2 C901      		movw r24,r18
 158               	/* epilogue start */
 159 00f4 0F90      		pop __tmp_reg__
 160 00f6 CF91      		pop r28
 161 00f8 DF91      		pop r29
 162 00fa 0895      		ret
 163               		.size	LoadChar, .-LoadChar
 164               		.data
GAS LISTING C:\DOCUME~1\ADMINI~1\LOCALS~1\Temp/ccbUEWva.s 			page 4


 165               	.LC2:
 166 002b 6261 6420 		.string	"bad integer"
 166      696E 7465 
 166      6765 7200 
 167               		.text
 168               		.type	LoadInt, @function
 169               	LoadInt:
 170 00fc 0F93      		push r16
 171 00fe 1F93      		push r17
 172 0100 DF93      		push r29
 173 0102 CF93      		push r28
 174 0104 00D0      		rcall .
 175 0106 CDB7      		in r28,__SP_L__
 176 0108 DEB7      		in r29,__SP_H__
 177               	/* prologue: function */
 178               	/* frame size = 2 */
 179 010a 8C01      		movw r16,r24
 180 010c BE01      		movw r22,r28
 181 010e 6F5F      		subi r22,lo8(-(1))
 182 0110 7F4F      		sbci r23,hi8(-(1))
 183 0112 42E0      		ldi r20,lo8(2)
 184 0114 50E0      		ldi r21,hi8(2)
 185 0116 0E94 0000 		call LoadBlock
 186 011a 8981      		ldd r24,Y+1
 187 011c 9A81      		ldd r25,Y+2
 188 011e 97FF      		sbrs r25,7
 189 0120 00C0      		rjmp .L11
 190 0122 C801      		movw r24,r16
 191 0124 60E0      		ldi r22,lo8(.LC2)
 192 0126 70E0      		ldi r23,hi8(.LC2)
 193 0128 0E94 0000 		call error
 194               	.L11:
 195 012c 8981      		ldd r24,Y+1
 196 012e 9A81      		ldd r25,Y+2
 197               	/* epilogue start */
 198 0130 0F90      		pop __tmp_reg__
 199 0132 0F90      		pop __tmp_reg__
 200 0134 CF91      		pop r28
 201 0136 DF91      		pop r29
 202 0138 1F91      		pop r17
 203 013a 0F91      		pop r16
 204 013c 0895      		ret
 205               		.size	LoadInt, .-LoadInt
 206               		.type	LoadString, @function
 207               	LoadString:
 208 013e EF92      		push r14
 209 0140 FF92      		push r15
 210 0142 0F93      		push r16
 211 0144 1F93      		push r17
 212 0146 DF93      		push r29
 213 0148 CF93      		push r28
 214 014a 00D0      		rcall .
 215 014c CDB7      		in r28,__SP_L__
 216 014e DEB7      		in r29,__SP_H__
 217               	/* prologue: function */
 218               	/* frame size = 2 */
 219 0150 7C01      		movw r14,r24
GAS LISTING C:\DOCUME~1\ADMINI~1\LOCALS~1\Temp/ccbUEWva.s 			page 5


 220 0152 BE01      		movw r22,r28
 221 0154 6F5F      		subi r22,lo8(-(1))
 222 0156 7F4F      		sbci r23,hi8(-(1))
 223 0158 42E0      		ldi r20,lo8(2)
 224 015a 50E0      		ldi r21,hi8(2)
 225 015c 0E94 0000 		call LoadBlock
 226 0160 4981      		ldd r20,Y+1
 227 0162 5A81      		ldd r21,Y+2
 228 0164 4115      		cp r20,__zero_reg__
 229 0166 5105      		cpc r21,__zero_reg__
 230 0168 01F4      		brne .L14
 231 016a 20E0      		ldi r18,lo8(0)
 232 016c 30E0      		ldi r19,hi8(0)
 233 016e 00C0      		rjmp .L15
 234               	.L14:
 235 0170 F701      		movw r30,r14
 236 0172 6481      		ldd r22,Z+4
 237 0174 7581      		ldd r23,Z+5
 238 0176 8081      		ld r24,Z
 239 0178 9181      		ldd r25,Z+1
 240 017a 0E94 0000 		call luaZ_openspace
 241 017e 8C01      		movw r16,r24
 242 0180 4981      		ldd r20,Y+1
 243 0182 5A81      		ldd r21,Y+2
 244 0184 C701      		movw r24,r14
 245 0186 B801      		movw r22,r16
 246 0188 0E94 0000 		call LoadBlock
 247 018c 4981      		ldd r20,Y+1
 248 018e 5A81      		ldd r21,Y+2
 249 0190 4150      		subi r20,lo8(-(-1))
 250 0192 5040      		sbci r21,hi8(-(-1))
 251 0194 F701      		movw r30,r14
 252 0196 8081      		ld r24,Z
 253 0198 9181      		ldd r25,Z+1
 254 019a B801      		movw r22,r16
 255 019c 0E94 0000 		call luaS_newlstr
 256 01a0 9C01      		movw r18,r24
 257               	.L15:
 258 01a2 C901      		movw r24,r18
 259               	/* epilogue start */
 260 01a4 0F90      		pop __tmp_reg__
 261 01a6 0F90      		pop __tmp_reg__
 262 01a8 CF91      		pop r28
 263 01aa DF91      		pop r29
 264 01ac 1F91      		pop r17
 265 01ae 0F91      		pop r16
 266 01b0 FF90      		pop r15
 267 01b2 EF90      		pop r14
 268 01b4 0895      		ret
 269               		.size	LoadString, .-LoadString
 270               		.data
 271               	.LC3:
 272 0037 636F 6465 		.string	"code too deep"
 272      2074 6F6F 
 272      2064 6565 
 272      7000 
 273               	.LC4:
GAS LISTING C:\DOCUME~1\ADMINI~1\LOCALS~1\Temp/ccbUEWva.s 			page 6


 274 0045 6261 6420 		.string	"bad constant"
 274      636F 6E73 
 274      7461 6E74 
 274      00
 275               	.LC5:
 276 0052 6261 6420 		.string	"bad code"
 276      636F 6465 
 276      00
 277               		.text
 278               		.type	LoadFunction, @function
 279               	LoadFunction:
 280 01b6 2F92      		push r2
 281 01b8 3F92      		push r3
 282 01ba 4F92      		push r4
 283 01bc 5F92      		push r5
 284 01be 6F92      		push r6
 285 01c0 7F92      		push r7
 286 01c2 8F92      		push r8
 287 01c4 9F92      		push r9
 288 01c6 AF92      		push r10
 289 01c8 BF92      		push r11
 290 01ca CF92      		push r12
 291 01cc DF92      		push r13
 292 01ce EF92      		push r14
 293 01d0 FF92      		push r15
 294 01d2 0F93      		push r16
 295 01d4 1F93      		push r17
 296 01d6 DF93      		push r29
 297 01d8 CF93      		push r28
 298 01da 00D0      		rcall .
 299 01dc 00D0      		rcall .
 300 01de CDB7      		in r28,__SP_L__
 301 01e0 DEB7      		in r29,__SP_H__
 302               	/* prologue: function */
 303               	/* frame size = 4 */
 304 01e2 6C01      		movw r12,r24
 305 01e4 8B01      		movw r16,r22
 306 01e6 DC01      		movw r26,r24
 307 01e8 ED91      		ld r30,X+
 308 01ea FC91      		ld r31,X
 309 01ec 838D      		ldd r24,Z+27
 310 01ee 948D      		ldd r25,Z+28
 311 01f0 0196      		adiw r24,1
 312 01f2 948F      		std Z+28,r25
 313 01f4 838F      		std Z+27,r24
 314 01f6 893C      		cpi r24,201
 315 01f8 9105      		cpc r25,__zero_reg__
 316 01fa 00F0      		brlo .L18
 317 01fc C601      		movw r24,r12
 318 01fe 60E0      		ldi r22,lo8(.LC3)
 319 0200 70E0      		ldi r23,hi8(.LC3)
 320 0202 0E94 0000 		call error
 321               	.L18:
 322 0206 F601      		movw r30,r12
 323 0208 8081      		ld r24,Z
 324 020a 9181      		ldd r25,Z+1
 325 020c 0E94 0000 		call luaF_newproto
GAS LISTING C:\DOCUME~1\ADMINI~1\LOCALS~1\Temp/ccbUEWva.s 			page 7


 326 0210 5C01      		movw r10,r24
 327 0212 D601      		movw r26,r12
 328 0214 ED91      		ld r30,X+
 329 0216 FC91      		ld r31,X
 330 0218 1197      		sbiw r26,1
 331 021a 0580      		ldd __tmp_reg__,Z+5
 332 021c F681      		ldd r31,Z+6
 333 021e E02D      		mov r30,__tmp_reg__
 334 0220 9183      		std Z+1,r25
 335 0222 8083      		st Z,r24
 336 0224 8BE0      		ldi r24,lo8(11)
 337 0226 90E0      		ldi r25,hi8(11)
 338 0228 9583      		std Z+5,r25
 339 022a 8483      		std Z+4,r24
 340 022c ED91      		ld r30,X+
 341 022e FC91      		ld r31,X
 342 0230 8785      		ldd r24,Z+15
 343 0232 9089      		ldd r25,Z+16
 344 0234 2581      		ldd r18,Z+5
 345 0236 3681      		ldd r19,Z+6
 346 0238 821B      		sub r24,r18
 347 023a 930B      		sbc r25,r19
 348 023c 0797      		sbiw r24,7
 349 023e 04F4      		brge .L19
 350 0240 CF01      		movw r24,r30
 351 0242 61E0      		ldi r22,lo8(1)
 352 0244 70E0      		ldi r23,hi8(1)
 353 0246 0E94 0000 		call luaD_growstack
 354               	.L19:
 355 024a D601      		movw r26,r12
 356 024c ED91      		ld r30,X+
 357 024e FC91      		ld r31,X
 358 0250 8581      		ldd r24,Z+5
 359 0252 9681      		ldd r25,Z+6
 360 0254 0696      		adiw r24,6
 361 0256 9683      		std Z+6,r25
 362 0258 8583      		std Z+5,r24
 363 025a C601      		movw r24,r12
 364 025c 0E94 0000 		call LoadString
 365 0260 F501      		movw r30,r10
 366 0262 918B      		std Z+17,r25
 367 0264 808B      		std Z+16,r24
 368 0266 892B      		or r24,r25
 369 0268 01F4      		brne .L20
 370 026a 118B      		std Z+17,r17
 371 026c 008B      		std Z+16,r16
 372               	.L20:
 373 026e C601      		movw r24,r12
 374 0270 0E94 0000 		call LoadInt
 375 0274 D501      		movw r26,r10
 376 0276 5F96      		adiw r26,30+1
 377 0278 9C93      		st X,r25
 378 027a 8E93      		st -X,r24
 379 027c 5E97      		sbiw r26,30
 380 027e C601      		movw r24,r12
 381 0280 0E94 0000 		call LoadInt
 382 0284 F501      		movw r30,r10
GAS LISTING C:\DOCUME~1\ADMINI~1\LOCALS~1\Temp/ccbUEWva.s 			page 8


 383 0286 91A3      		std Z+33,r25
 384 0288 80A3      		std Z+32,r24
 385 028a C601      		movw r24,r12
 386 028c 0E94 0000 		call LoadChar
 387 0290 D501      		movw r26,r10
 388 0292 9496      		adiw r26,36
 389 0294 8C93      		st X,r24
 390 0296 C601      		movw r24,r12
 391 0298 0E94 0000 		call LoadChar
 392 029c F501      		movw r30,r10
 393 029e 85A3      		std Z+37,r24
 394 02a0 C601      		movw r24,r12
 395 02a2 0E94 0000 		call LoadChar
 396 02a6 D501      		movw r26,r10
 397 02a8 9696      		adiw r26,38
 398 02aa 8C93      		st X,r24
 399 02ac C601      		movw r24,r12
 400 02ae 0E94 0000 		call LoadChar
 401 02b2 F501      		movw r30,r10
 402 02b4 87A3      		std Z+39,r24
 403 02b6 C601      		movw r24,r12
 404 02b8 0E94 0000 		call LoadInt
 405 02bc 8C01      		movw r16,r24
 406 02be 0196      		adiw r24,1
 407 02c0 D601      		movw r26,r12
 408 02c2 4D91      		ld r20,X+
 409 02c4 5C91      		ld r21,X
 410 02c6 8050      		subi r24,lo8(16384)
 411 02c8 9044      		sbci r25,hi8(16384)
 412 02ca 00F4      		brsh .L21
 413 02cc 9801      		movw r18,r16
 414 02ce 220F      		lsl r18
 415 02d0 331F      		rol r19
 416 02d2 220F      		lsl r18
 417 02d4 331F      		rol r19
 418 02d6 CA01      		movw r24,r20
 419 02d8 60E0      		ldi r22,lo8(0)
 420 02da 70E0      		ldi r23,hi8(0)
 421 02dc 40E0      		ldi r20,lo8(0)
 422 02de 50E0      		ldi r21,hi8(0)
 423 02e0 0E94 0000 		call luaM_realloc_
 424 02e4 00C0      		rjmp .L59
 425               	.L21:
 426 02e6 CA01      		movw r24,r20
 427 02e8 0E94 0000 		call luaM_toobig
 428               	.L59:
 429 02ec BC01      		movw r22,r24
 430 02ee F501      		movw r30,r10
 431 02f0 9783      		std Z+7,r25
 432 02f2 8683      		std Z+6,r24
 433 02f4 178B      		std Z+23,r17
 434 02f6 068B      		std Z+22,r16
 435 02f8 000F      		lsl r16
 436 02fa 111F      		rol r17
 437 02fc 000F      		lsl r16
 438 02fe 111F      		rol r17
 439 0300 C601      		movw r24,r12
GAS LISTING C:\DOCUME~1\ADMINI~1\LOCALS~1\Temp/ccbUEWva.s 			page 9


 440 0302 A801      		movw r20,r16
 441 0304 0E94 0000 		call LoadBlock
 442 0308 C601      		movw r24,r12
 443 030a 0E94 0000 		call LoadInt
 444 030e 4C01      		movw r8,r24
 445 0310 0196      		adiw r24,1
 446 0312 D601      		movw r26,r12
 447 0314 4D91      		ld r20,X+
 448 0316 5C91      		ld r21,X
 449 0318 8B5A      		subi r24,lo8(10923)
 450 031a 9A42      		sbci r25,hi8(10923)
 451 031c 00F4      		brsh .L23
 452 031e 9401      		movw r18,r8
 453 0320 220F      		lsl r18
 454 0322 331F      		rol r19
 455 0324 280D      		add r18,r8
 456 0326 391D      		adc r19,r9
 457 0328 220F      		lsl r18
 458 032a 331F      		rol r19
 459 032c CA01      		movw r24,r20
 460 032e 60E0      		ldi r22,lo8(0)
 461 0330 70E0      		ldi r23,hi8(0)
 462 0332 40E0      		ldi r20,lo8(0)
 463 0334 50E0      		ldi r21,hi8(0)
 464 0336 0E94 0000 		call luaM_realloc_
 465 033a 00C0      		rjmp .L24
 466               	.L23:
 467 033c CA01      		movw r24,r20
 468 033e 0E94 0000 		call luaM_toobig
 469               	.L24:
 470 0342 F501      		movw r30,r10
 471 0344 9583      		std Z+5,r25
 472 0346 8483      		std Z+4,r24
 473 0348 958A      		std Z+21,r9
 474 034a 848A      		std Z+20,r8
 475 034c 20E0      		ldi r18,lo8(0)
 476 034e 30E0      		ldi r19,hi8(0)
 477 0350 80E0      		ldi r24,lo8(0)
 478 0352 90E0      		ldi r25,hi8(0)
 479 0354 00C0      		rjmp .L25
 480               	.L26:
 481 0356 D501      		movw r26,r10
 482 0358 1496      		adiw r26,4
 483 035a ED91      		ld r30,X+
 484 035c FC91      		ld r31,X
 485 035e 1597      		sbiw r26,4+1
 486 0360 E80F      		add r30,r24
 487 0362 F91F      		adc r31,r25
 488 0364 1582      		std Z+5,__zero_reg__
 489 0366 1482      		std Z+4,__zero_reg__
 490 0368 2F5F      		subi r18,lo8(-(1))
 491 036a 3F4F      		sbci r19,hi8(-(1))
 492 036c 0696      		adiw r24,6
 493               	.L25:
 494 036e 2815      		cp r18,r8
 495 0370 3905      		cpc r19,r9
 496 0372 04F0      		brlt .L26
GAS LISTING C:\DOCUME~1\ADMINI~1\LOCALS~1\Temp/ccbUEWva.s 			page 10


 497 0374 4424      		clr r4
 498 0376 5524      		clr r5
 499 0378 6624      		clr r6
 500 037a 7724      		clr r7
 501 037c 1E01      		movw r2,r28
 502 037e 0894      		sec
 503 0380 211C      		adc r2,__zero_reg__
 504 0382 311C      		adc r3,__zero_reg__
 505 0384 00C0      		rjmp .L27
 506               	.L36:
 507 0386 F501      		movw r30,r10
 508 0388 E480      		ldd r14,Z+4
 509 038a F580      		ldd r15,Z+5
 510 038c E60C      		add r14,r6
 511 038e F71C      		adc r15,r7
 512 0390 C601      		movw r24,r12
 513 0392 0E94 0000 		call LoadChar
 514 0396 8C01      		movw r16,r24
 515 0398 8130      		cpi r24,1
 516 039a 9105      		cpc r25,__zero_reg__
 517 039c 01F0      		breq .L30
 518 039e 8230      		cpi r24,2
 519 03a0 9105      		cpc r25,__zero_reg__
 520 03a2 04F4      		brge .L33
 521 03a4 0097      		sbiw r24,0
 522 03a6 01F0      		breq .L29
 523 03a8 00C0      		rjmp .L28
 524               	.L33:
 525 03aa 8530      		cpi r24,5
 526 03ac 9105      		cpc r25,__zero_reg__
 527 03ae 01F0      		breq .L31
 528 03b0 8630      		cpi r24,6
 529 03b2 9105      		cpc r25,__zero_reg__
 530 03b4 01F4      		brne .L28
 531 03b6 00C0      		rjmp .L61
 532               	.L29:
 533 03b8 D701      		movw r26,r14
 534 03ba 1596      		adiw r26,4+1
 535 03bc 1C92      		st X,__zero_reg__
 536 03be 1E92      		st -X,__zero_reg__
 537 03c0 1497      		sbiw r26,4
 538 03c2 00C0      		rjmp .L34
 539               	.L30:
 540 03c4 C601      		movw r24,r12
 541 03c6 0E94 0000 		call LoadChar
 542 03ca F701      		movw r30,r14
 543 03cc 1182      		std Z+1,__zero_reg__
 544 03ce 1082      		st Z,__zero_reg__
 545 03d0 892B      		or r24,r25
 546 03d2 01F0      		breq .L35
 547 03d4 1183      		std Z+1,r17
 548 03d6 0083      		st Z,r16
 549               	.L35:
 550 03d8 E1E0      		ldi r30,lo8(1)
 551 03da F0E0      		ldi r31,hi8(1)
 552 03dc D701      		movw r26,r14
 553 03de 1596      		adiw r26,4+1
GAS LISTING C:\DOCUME~1\ADMINI~1\LOCALS~1\Temp/ccbUEWva.s 			page 11


 554 03e0 FC93      		st X,r31
 555 03e2 EE93      		st -X,r30
 556 03e4 1497      		sbiw r26,4
 557 03e6 00C0      		rjmp .L34
 558               	.L31:
 559 03e8 C601      		movw r24,r12
 560 03ea B101      		movw r22,r2
 561 03ec 44E0      		ldi r20,lo8(4)
 562 03ee 50E0      		ldi r21,hi8(4)
 563 03f0 0E94 0000 		call LoadBlock
 564 03f4 8981      		ldd r24,Y+1
 565 03f6 9A81      		ldd r25,Y+2
 566 03f8 AB81      		ldd r26,Y+3
 567 03fa BC81      		ldd r27,Y+4
 568 03fc F701      		movw r30,r14
 569 03fe 8083      		st Z,r24
 570 0400 9183      		std Z+1,r25
 571 0402 A283      		std Z+2,r26
 572 0404 B383      		std Z+3,r27
 573 0406 1583      		std Z+5,r17
 574 0408 0483      		std Z+4,r16
 575 040a 00C0      		rjmp .L34
 576               	.L61:
 577 040c C601      		movw r24,r12
 578 040e 0E94 0000 		call LoadString
 579 0412 D701      		movw r26,r14
 580 0414 1196      		adiw r26,1
 581 0416 9C93      		st X,r25
 582 0418 8E93      		st -X,r24
 583 041a 1596      		adiw r26,4+1
 584 041c 1C93      		st X,r17
 585 041e 0E93      		st -X,r16
 586 0420 1497      		sbiw r26,4
 587 0422 00C0      		rjmp .L34
 588               	.L28:
 589 0424 C601      		movw r24,r12
 590 0426 60E0      		ldi r22,lo8(.LC4)
 591 0428 70E0      		ldi r23,hi8(.LC4)
 592 042a 0E94 0000 		call error
 593               	.L34:
 594 042e 0894      		sec
 595 0430 411C      		adc r4,__zero_reg__
 596 0432 511C      		adc r5,__zero_reg__
 597 0434 E6E0      		ldi r30,lo8(6)
 598 0436 F0E0      		ldi r31,hi8(6)
 599 0438 6E0E      		add r6,r30
 600 043a 7F1E      		adc r7,r31
 601               	.L27:
 602 043c 4814      		cp r4,r8
 603 043e 5904      		cpc r5,r9
 604 0440 04F4      		brge .+2
 605 0442 00C0      		rjmp .L36
 606 0444 C601      		movw r24,r12
 607 0446 0E94 0000 		call LoadInt
 608 044a 4C01      		movw r8,r24
 609 044c 0196      		adiw r24,1
 610 044e D601      		movw r26,r12
GAS LISTING C:\DOCUME~1\ADMINI~1\LOCALS~1\Temp/ccbUEWva.s 			page 12


 611 0450 4D91      		ld r20,X+
 612 0452 5C91      		ld r21,X
 613 0454 8F5F      		subi r24,lo8(32767)
 614 0456 9F47      		sbci r25,hi8(32767)
 615 0458 00F4      		brsh .L37
 616 045a 9401      		movw r18,r8
 617 045c 220F      		lsl r18
 618 045e 331F      		rol r19
 619 0460 CA01      		movw r24,r20
 620 0462 60E0      		ldi r22,lo8(0)
 621 0464 70E0      		ldi r23,hi8(0)
 622 0466 40E0      		ldi r20,lo8(0)
 623 0468 50E0      		ldi r21,hi8(0)
 624 046a 0E94 0000 		call luaM_realloc_
 625 046e 00C0      		rjmp .L38
 626               	.L37:
 627 0470 CA01      		movw r24,r20
 628 0472 0E94 0000 		call luaM_toobig
 629               	.L38:
 630 0476 F501      		movw r30,r10
 631 0478 9187      		std Z+9,r25
 632 047a 8087      		std Z+8,r24
 633 047c 938E      		std Z+27,r9
 634 047e 828E      		std Z+26,r8
 635 0480 20E0      		ldi r18,lo8(0)
 636 0482 30E0      		ldi r19,hi8(0)
 637 0484 00C0      		rjmp .L39
 638               	.L40:
 639 0486 C901      		movw r24,r18
 640 0488 880F      		lsl r24
 641 048a 991F      		rol r25
 642 048c D501      		movw r26,r10
 643 048e 1896      		adiw r26,8
 644 0490 ED91      		ld r30,X+
 645 0492 FC91      		ld r31,X
 646 0494 1997      		sbiw r26,8+1
 647 0496 E80F      		add r30,r24
 648 0498 F91F      		adc r31,r25
 649 049a 1182      		std Z+1,__zero_reg__
 650 049c 1082      		st Z,__zero_reg__
 651 049e 2F5F      		subi r18,lo8(-(1))
 652 04a0 3F4F      		sbci r19,hi8(-(1))
 653               	.L39:
 654 04a2 2815      		cp r18,r8
 655 04a4 3905      		cpc r19,r9
 656 04a6 04F0      		brlt .L40
 657 04a8 EE24      		clr r14
 658 04aa FF24      		clr r15
 659 04ac 00C0      		rjmp .L41
 660               	.L42:
 661 04ae C701      		movw r24,r14
 662 04b0 880F      		lsl r24
 663 04b2 991F      		rol r25
 664 04b4 F501      		movw r30,r10
 665 04b6 0085      		ldd r16,Z+8
 666 04b8 1185      		ldd r17,Z+9
 667 04ba 080F      		add r16,r24
GAS LISTING C:\DOCUME~1\ADMINI~1\LOCALS~1\Temp/ccbUEWva.s 			page 13


 668 04bc 191F      		adc r17,r25
 669 04be 6089      		ldd r22,Z+16
 670 04c0 7189      		ldd r23,Z+17
 671 04c2 C601      		movw r24,r12
 672 04c4 0E94 0000 		call LoadFunction
 673 04c8 D801      		movw r26,r16
 674 04ca 8D93      		st X+,r24
 675 04cc 9C93      		st X,r25
 676 04ce 0894      		sec
 677 04d0 E11C      		adc r14,__zero_reg__
 678 04d2 F11C      		adc r15,__zero_reg__
 679               	.L41:
 680 04d4 E814      		cp r14,r8
 681 04d6 F904      		cpc r15,r9
 682 04d8 04F0      		brlt .L42
 683 04da C601      		movw r24,r12
 684 04dc 0E94 0000 		call LoadInt
 685 04e0 8C01      		movw r16,r24
 686 04e2 0196      		adiw r24,1
 687 04e4 F601      		movw r30,r12
 688 04e6 4081      		ld r20,Z
 689 04e8 5181      		ldd r21,Z+1
 690 04ea 8F5F      		subi r24,lo8(32767)
 691 04ec 9F47      		sbci r25,hi8(32767)
 692 04ee 00F4      		brsh .L43
 693 04f0 9801      		movw r18,r16
 694 04f2 220F      		lsl r18
 695 04f4 331F      		rol r19
 696 04f6 CA01      		movw r24,r20
 697 04f8 60E0      		ldi r22,lo8(0)
 698 04fa 70E0      		ldi r23,hi8(0)
 699 04fc 40E0      		ldi r20,lo8(0)
 700 04fe 50E0      		ldi r21,hi8(0)
 701 0500 0E94 0000 		call luaM_realloc_
 702 0504 00C0      		rjmp .L60
 703               	.L43:
 704 0506 CA01      		movw r24,r20
 705 0508 0E94 0000 		call luaM_toobig
 706               	.L60:
 707 050c BC01      		movw r22,r24
 708 050e D501      		movw r26,r10
 709 0510 1B96      		adiw r26,10+1
 710 0512 9C93      		st X,r25
 711 0514 8E93      		st -X,r24
 712 0516 1A97      		sbiw r26,10
 713 0518 5996      		adiw r26,24+1
 714 051a 1C93      		st X,r17
 715 051c 0E93      		st -X,r16
 716 051e 5897      		sbiw r26,24
 717 0520 000F      		lsl r16
 718 0522 111F      		rol r17
 719 0524 C601      		movw r24,r12
 720 0526 A801      		movw r20,r16
 721 0528 0E94 0000 		call LoadBlock
 722 052c C601      		movw r24,r12
 723 052e 0E94 0000 		call LoadInt
 724 0532 3C01      		movw r6,r24
GAS LISTING C:\DOCUME~1\ADMINI~1\LOCALS~1\Temp/ccbUEWva.s 			page 14


 725 0534 0196      		adiw r24,1
 726 0536 F601      		movw r30,r12
 727 0538 4081      		ld r20,Z
 728 053a 5181      		ldd r21,Z+1
 729 053c 8B5A      		subi r24,lo8(10923)
 730 053e 9A42      		sbci r25,hi8(10923)
 731 0540 00F4      		brsh .L45
 732 0542 9301      		movw r18,r6
 733 0544 220F      		lsl r18
 734 0546 331F      		rol r19
 735 0548 260D      		add r18,r6
 736 054a 371D      		adc r19,r7
 737 054c 220F      		lsl r18
 738 054e 331F      		rol r19
 739 0550 CA01      		movw r24,r20
 740 0552 60E0      		ldi r22,lo8(0)
 741 0554 70E0      		ldi r23,hi8(0)
 742 0556 40E0      		ldi r20,lo8(0)
 743 0558 50E0      		ldi r21,hi8(0)
 744 055a 0E94 0000 		call luaM_realloc_
 745 055e 00C0      		rjmp .L46
 746               	.L45:
 747 0560 CA01      		movw r24,r20
 748 0562 0E94 0000 		call luaM_toobig
 749               	.L46:
 750 0566 D501      		movw r26,r10
 751 0568 1D96      		adiw r26,12+1
 752 056a 9C93      		st X,r25
 753 056c 8E93      		st -X,r24
 754 056e 1C97      		sbiw r26,12
 755 0570 5D96      		adiw r26,28+1
 756 0572 7C92      		st X,r7
 757 0574 6E92      		st -X,r6
 758 0576 5C97      		sbiw r26,28
 759 0578 20E0      		ldi r18,lo8(0)
 760 057a 30E0      		ldi r19,hi8(0)
 761 057c 80E0      		ldi r24,lo8(0)
 762 057e 90E0      		ldi r25,hi8(0)
 763 0580 00C0      		rjmp .L47
 764               	.L48:
 765 0582 D501      		movw r26,r10
 766 0584 1C96      		adiw r26,12
 767 0586 ED91      		ld r30,X+
 768 0588 FC91      		ld r31,X
 769 058a 1D97      		sbiw r26,12+1
 770 058c E80F      		add r30,r24
 771 058e F91F      		adc r31,r25
 772 0590 1182      		std Z+1,__zero_reg__
 773 0592 1082      		st Z,__zero_reg__
 774 0594 2F5F      		subi r18,lo8(-(1))
 775 0596 3F4F      		sbci r19,hi8(-(1))
 776 0598 0696      		adiw r24,6
 777               	.L47:
 778 059a 2615      		cp r18,r6
 779 059c 3705      		cpc r19,r7
 780 059e 04F0      		brlt .L48
 781 05a0 8824      		clr r8
GAS LISTING C:\DOCUME~1\ADMINI~1\LOCALS~1\Temp/ccbUEWva.s 			page 15


 782 05a2 9924      		clr r9
 783 05a4 EE24      		clr r14
 784 05a6 FF24      		clr r15
 785 05a8 00C0      		rjmp .L49
 786               	.L50:
 787 05aa F501      		movw r30,r10
 788 05ac 0485      		ldd r16,Z+12
 789 05ae 1585      		ldd r17,Z+13
 790 05b0 0E0D      		add r16,r14
 791 05b2 1F1D      		adc r17,r15
 792 05b4 C601      		movw r24,r12
 793 05b6 0E94 0000 		call LoadString
 794 05ba D801      		movw r26,r16
 795 05bc 8D93      		st X+,r24
 796 05be 9C93      		st X,r25
 797 05c0 F501      		movw r30,r10
 798 05c2 0485      		ldd r16,Z+12
 799 05c4 1585      		ldd r17,Z+13
 800 05c6 0E0D      		add r16,r14
 801 05c8 1F1D      		adc r17,r15
 802 05ca C601      		movw r24,r12
 803 05cc 0E94 0000 		call LoadInt
 804 05d0 D801      		movw r26,r16
 805 05d2 1396      		adiw r26,2+1
 806 05d4 9C93      		st X,r25
 807 05d6 8E93      		st -X,r24
 808 05d8 1297      		sbiw r26,2
 809 05da F501      		movw r30,r10
 810 05dc 0485      		ldd r16,Z+12
 811 05de 1585      		ldd r17,Z+13
 812 05e0 0E0D      		add r16,r14
 813 05e2 1F1D      		adc r17,r15
 814 05e4 C601      		movw r24,r12
 815 05e6 0E94 0000 		call LoadInt
 816 05ea D801      		movw r26,r16
 817 05ec 1596      		adiw r26,4+1
 818 05ee 9C93      		st X,r25
 819 05f0 8E93      		st -X,r24
 820 05f2 1497      		sbiw r26,4
 821 05f4 0894      		sec
 822 05f6 811C      		adc r8,__zero_reg__
 823 05f8 911C      		adc r9,__zero_reg__
 824 05fa E6E0      		ldi r30,lo8(6)
 825 05fc F0E0      		ldi r31,hi8(6)
 826 05fe EE0E      		add r14,r30
 827 0600 FF1E      		adc r15,r31
 828               	.L49:
 829 0602 8614      		cp r8,r6
 830 0604 9704      		cpc r9,r7
 831 0606 04F0      		brlt .L50
 832 0608 C601      		movw r24,r12
 833 060a 0E94 0000 		call LoadInt
 834 060e 4C01      		movw r8,r24
 835 0610 0196      		adiw r24,1
 836 0612 D601      		movw r26,r12
 837 0614 4D91      		ld r20,X+
 838 0616 5C91      		ld r21,X
GAS LISTING C:\DOCUME~1\ADMINI~1\LOCALS~1\Temp/ccbUEWva.s 			page 16


 839 0618 8F5F      		subi r24,lo8(32767)
 840 061a 9F47      		sbci r25,hi8(32767)
 841 061c 00F4      		brsh .L51
 842 061e 9401      		movw r18,r8
 843 0620 220F      		lsl r18
 844 0622 331F      		rol r19
 845 0624 CA01      		movw r24,r20
 846 0626 60E0      		ldi r22,lo8(0)
 847 0628 70E0      		ldi r23,hi8(0)
 848 062a 40E0      		ldi r20,lo8(0)
 849 062c 50E0      		ldi r21,hi8(0)
 850 062e 0E94 0000 		call luaM_realloc_
 851 0632 00C0      		rjmp .L52
 852               	.L51:
 853 0634 CA01      		movw r24,r20
 854 0636 0E94 0000 		call luaM_toobig
 855               	.L52:
 856 063a F501      		movw r30,r10
 857 063c 9787      		std Z+15,r25
 858 063e 8687      		std Z+14,r24
 859 0640 938A      		std Z+19,r9
 860 0642 828A      		std Z+18,r8
 861 0644 20E0      		ldi r18,lo8(0)
 862 0646 30E0      		ldi r19,hi8(0)
 863 0648 00C0      		rjmp .L53
 864               	.L54:
 865 064a C901      		movw r24,r18
 866 064c 880F      		lsl r24
 867 064e 991F      		rol r25
 868 0650 D501      		movw r26,r10
 869 0652 1E96      		adiw r26,14
 870 0654 ED91      		ld r30,X+
 871 0656 FC91      		ld r31,X
 872 0658 1F97      		sbiw r26,14+1
 873 065a E80F      		add r30,r24
 874 065c F91F      		adc r31,r25
 875 065e 1182      		std Z+1,__zero_reg__
 876 0660 1082      		st Z,__zero_reg__
 877 0662 2F5F      		subi r18,lo8(-(1))
 878 0664 3F4F      		sbci r19,hi8(-(1))
 879               	.L53:
 880 0666 2815      		cp r18,r8
 881 0668 3905      		cpc r19,r9
 882 066a 04F0      		brlt .L54
 883 066c EE24      		clr r14
 884 066e FF24      		clr r15
 885 0670 00C0      		rjmp .L55
 886               	.L56:
 887 0672 C701      		movw r24,r14
 888 0674 880F      		lsl r24
 889 0676 991F      		rol r25
 890 0678 F501      		movw r30,r10
 891 067a 0685      		ldd r16,Z+14
 892 067c 1785      		ldd r17,Z+15
 893 067e 080F      		add r16,r24
 894 0680 191F      		adc r17,r25
 895 0682 C601      		movw r24,r12
GAS LISTING C:\DOCUME~1\ADMINI~1\LOCALS~1\Temp/ccbUEWva.s 			page 17


 896 0684 0E94 0000 		call LoadString
 897 0688 D801      		movw r26,r16
 898 068a 8D93      		st X+,r24
 899 068c 9C93      		st X,r25
 900 068e 0894      		sec
 901 0690 E11C      		adc r14,__zero_reg__
 902 0692 F11C      		adc r15,__zero_reg__
 903               	.L55:
 904 0694 E814      		cp r14,r8
 905 0696 F904      		cpc r15,r9
 906 0698 04F0      		brlt .L56
 907 069a C501      		movw r24,r10
 908 069c 0E94 0000 		call luaG_checkcode
 909 06a0 892B      		or r24,r25
 910 06a2 01F4      		brne .L57
 911 06a4 C601      		movw r24,r12
 912 06a6 60E0      		ldi r22,lo8(.LC5)
 913 06a8 70E0      		ldi r23,hi8(.LC5)
 914 06aa 0E94 0000 		call error
 915               	.L57:
 916 06ae D601      		movw r26,r12
 917 06b0 ED91      		ld r30,X+
 918 06b2 FC91      		ld r31,X
 919 06b4 8581      		ldd r24,Z+5
 920 06b6 9681      		ldd r25,Z+6
 921 06b8 0697      		sbiw r24,6
 922 06ba 9683      		std Z+6,r25
 923 06bc 8583      		std Z+5,r24
 924 06be 838D      		ldd r24,Z+27
 925 06c0 948D      		ldd r25,Z+28
 926 06c2 0197      		sbiw r24,1
 927 06c4 948F      		std Z+28,r25
 928 06c6 838F      		std Z+27,r24
 929 06c8 C501      		movw r24,r10
 930               	/* epilogue start */
 931 06ca 0F90      		pop __tmp_reg__
 932 06cc 0F90      		pop __tmp_reg__
 933 06ce 0F90      		pop __tmp_reg__
 934 06d0 0F90      		pop __tmp_reg__
 935 06d2 CF91      		pop r28
 936 06d4 DF91      		pop r29
 937 06d6 1F91      		pop r17
 938 06d8 0F91      		pop r16
 939 06da FF90      		pop r15
 940 06dc EF90      		pop r14
 941 06de DF90      		pop r13
 942 06e0 CF90      		pop r12
 943 06e2 BF90      		pop r11
 944 06e4 AF90      		pop r10
 945 06e6 9F90      		pop r9
 946 06e8 8F90      		pop r8
 947 06ea 7F90      		pop r7
 948 06ec 6F90      		pop r6
 949 06ee 5F90      		pop r5
 950 06f0 4F90      		pop r4
 951 06f2 3F90      		pop r3
 952 06f4 2F90      		pop r2
GAS LISTING C:\DOCUME~1\ADMINI~1\LOCALS~1\Temp/ccbUEWva.s 			page 18


 953 06f6 0895      		ret
 954               		.size	LoadFunction, .-LoadFunction
 955               		.data
 956               	.LC6:
 957 005b 6269 6E61 		.string	"binary string"
 957      7279 2073 
 957      7472 696E 
 957      6700 
 958               	.LC7:
 959 0069 6261 6420 		.string	"bad header"
 959      6865 6164 
 959      6572 00
 960               	.LC8:
 961 0074 3D3F 00   		.string	"=?"
 962               		.text
 963               	.global	luaU_undump
 964               		.type	luaU_undump, @function
 965               	luaU_undump:
 966 06f8 AF92      		push r10
 967 06fa BF92      		push r11
 968 06fc CF92      		push r12
 969 06fe DF92      		push r13
 970 0700 EF92      		push r14
 971 0702 FF92      		push r15
 972 0704 0F93      		push r16
 973 0706 1F93      		push r17
 974 0708 DF93      		push r29
 975 070a CF93      		push r28
 976 070c CDB7      		in r28,__SP_L__
 977 070e DEB7      		in r29,__SP_H__
 978 0710 A097      		sbiw r28,32
 979 0712 0FB6      		in __tmp_reg__,__SREG__
 980 0714 F894      		cli
 981 0716 DEBF      		out __SP_H__,r29
 982 0718 0FBE      		out __SREG__,__tmp_reg__
 983 071a CDBF      		out __SP_L__,r28
 984               	/* prologue: function */
 985               	/* frame size = 32 */
 986 071c 5C01      		movw r10,r24
 987 071e F901      		movw r30,r18
 988 0720 8081      		ld r24,Z
 989 0722 8034      		cpi r24,lo8(64)
 990 0724 01F0      		breq .L63
 991 0726 8D33      		cpi r24,lo8(61)
 992 0728 01F4      		brne .L64
 993               	.L63:
 994 072a 3196      		adiw r30,1
 995 072c 00C0      		rjmp .L66
 996               	.L64:
 997 072e 8B31      		cpi r24,lo8(27)
 998 0730 01F4      		brne .L66
 999 0732 80E0      		ldi r24,lo8(.LC6)
 1000 0734 90E0      		ldi r25,hi8(.LC6)
 1001 0736 9887      		std Y+8,r25
 1002 0738 8F83      		std Y+7,r24
 1003 073a 00C0      		rjmp .L65
 1004               	.L66:
GAS LISTING C:\DOCUME~1\ADMINI~1\LOCALS~1\Temp/ccbUEWva.s 			page 19


 1005 073c F887      		std Y+8,r31
 1006 073e EF83      		std Y+7,r30
 1007               	.L65:
 1008 0740 BA82      		std Y+2,r11
 1009 0742 A982      		std Y+1,r10
 1010 0744 7C83      		std Y+4,r23
 1011 0746 6B83      		std Y+3,r22
 1012 0748 5E83      		std Y+6,r21
 1013 074a 4D83      		std Y+5,r20
 1014 074c 79E0      		ldi r23,lo8(9)
 1015 074e E72E      		mov r14,r23
 1016 0750 F12C      		mov r15,__zero_reg__
 1017 0752 EC0E      		add r14,r28
 1018 0754 FD1E      		adc r15,r29
 1019 0756 C701      		movw r24,r14
 1020 0758 0E94 0000 		call luaU_header
 1021 075c 8E01      		movw r16,r28
 1022 075e 0B5E      		subi r16,lo8(-(21))
 1023 0760 1F4F      		sbci r17,hi8(-(21))
 1024 0762 6E01      		movw r12,r28
 1025 0764 0894      		sec
 1026 0766 C11C      		adc r12,__zero_reg__
 1027 0768 D11C      		adc r13,__zero_reg__
 1028 076a C601      		movw r24,r12
 1029 076c B801      		movw r22,r16
 1030 076e 4CE0      		ldi r20,lo8(12)
 1031 0770 50E0      		ldi r21,hi8(12)
 1032 0772 0E94 0000 		call LoadBlock
 1033 0776 C701      		movw r24,r14
 1034 0778 B801      		movw r22,r16
 1035 077a 4CE0      		ldi r20,lo8(12)
 1036 077c 50E0      		ldi r21,hi8(12)
 1037 077e 0E94 0000 		call memcmp
 1038 0782 0097      		sbiw r24,0
 1039 0784 01F0      		breq .L67
 1040 0786 C601      		movw r24,r12
 1041 0788 60E0      		ldi r22,lo8(.LC7)
 1042 078a 70E0      		ldi r23,hi8(.LC7)
 1043 078c 0E94 0000 		call error
 1044               	.L67:
 1045 0790 C501      		movw r24,r10
 1046 0792 60E0      		ldi r22,lo8(.LC8)
 1047 0794 70E0      		ldi r23,hi8(.LC8)
 1048 0796 42E0      		ldi r20,lo8(2)
 1049 0798 50E0      		ldi r21,hi8(2)
 1050 079a 0E94 0000 		call luaS_newlstr
 1051 079e BC01      		movw r22,r24
 1052 07a0 CE01      		movw r24,r28
 1053 07a2 0196      		adiw r24,1
 1054 07a4 0E94 0000 		call LoadFunction
 1055               	/* epilogue start */
 1056 07a8 A096      		adiw r28,32
 1057 07aa 0FB6      		in __tmp_reg__,__SREG__
 1058 07ac F894      		cli
 1059 07ae DEBF      		out __SP_H__,r29
 1060 07b0 0FBE      		out __SREG__,__tmp_reg__
 1061 07b2 CDBF      		out __SP_L__,r28
GAS LISTING C:\DOCUME~1\ADMINI~1\LOCALS~1\Temp/ccbUEWva.s 			page 20


 1062 07b4 CF91      		pop r28
 1063 07b6 DF91      		pop r29
 1064 07b8 1F91      		pop r17
 1065 07ba 0F91      		pop r16
 1066 07bc FF90      		pop r15
 1067 07be EF90      		pop r14
 1068 07c0 DF90      		pop r13
 1069 07c2 CF90      		pop r12
 1070 07c4 BF90      		pop r11
 1071 07c6 AF90      		pop r10
 1072 07c8 0895      		ret
 1073               		.size	luaU_undump, .-luaU_undump
 1074               	.global __do_copy_data
GAS LISTING C:\DOCUME~1\ADMINI~1\LOCALS~1\Temp/ccbUEWva.s 			page 21


DEFINED SYMBOLS
                            *ABS*:00000000 lundump.c
C:\DOCUME~1\ADMINI~1\LOCALS~1\Temp/ccbUEWva.s:2      *ABS*:0000003f __SREG__
C:\DOCUME~1\ADMINI~1\LOCALS~1\Temp/ccbUEWva.s:3      *ABS*:0000003e __SP_H__
C:\DOCUME~1\ADMINI~1\LOCALS~1\Temp/ccbUEWva.s:4      *ABS*:0000003d __SP_L__
C:\DOCUME~1\ADMINI~1\LOCALS~1\Temp/ccbUEWva.s:5      *ABS*:00000034 __CCP__
C:\DOCUME~1\ADMINI~1\LOCALS~1\Temp/ccbUEWva.s:6      *ABS*:00000000 __tmp_reg__
C:\DOCUME~1\ADMINI~1\LOCALS~1\Temp/ccbUEWva.s:7      *ABS*:00000001 __zero_reg__
C:\DOCUME~1\ADMINI~1\LOCALS~1\Temp/ccbUEWva.s:11     .text:00000000 luaU_header
C:\DOCUME~1\ADMINI~1\LOCALS~1\Temp/ccbUEWva.s:53     .text:00000040 error
C:\DOCUME~1\ADMINI~1\LOCALS~1\Temp/ccbUEWva.s:117    .text:000000b0 LoadBlock
C:\DOCUME~1\ADMINI~1\LOCALS~1\Temp/ccbUEWva.s:139    .text:000000d2 LoadChar
C:\DOCUME~1\ADMINI~1\LOCALS~1\Temp/ccbUEWva.s:169    .text:000000fc LoadInt
C:\DOCUME~1\ADMINI~1\LOCALS~1\Temp/ccbUEWva.s:207    .text:0000013e LoadString
C:\DOCUME~1\ADMINI~1\LOCALS~1\Temp/ccbUEWva.s:279    .text:000001b6 LoadFunction
C:\DOCUME~1\ADMINI~1\LOCALS~1\Temp/ccbUEWva.s:965    .text:000006f8 luaU_undump

UNDEFINED SYMBOLS
luaO_pushfstring
luaD_throw
luaZ_read
luaZ_openspace
luaS_newlstr
luaF_newproto
luaD_growstack
luaM_realloc_
luaM_toobig
luaG_checkcode
memcmp
__do_copy_data
