GAS LISTING C:\DOCUME~1\ADMINI~1\LOCALS~1\Temp/ccC9jv6y.s 			page 1


   1               		.file	"lzio.c"
   2               	__SREG__ = 0x3f
   3               	__SP_H__ = 0x3e
   4               	__SP_L__ = 0x3d
   5               	__CCP__  = 0x34
   6               	__tmp_reg__ = 0
   7               	__zero_reg__ = 1
   8               		.text
   9               	.global	luaZ_fill
  10               		.type	luaZ_fill, @function
  11               	luaZ_fill:
  12 0000 0F93      		push r16
  13 0002 1F93      		push r17
  14 0004 DF93      		push r29
  15 0006 CF93      		push r28
  16 0008 00D0      		rcall .
  17 000a CDB7      		in r28,__SP_L__
  18 000c DEB7      		in r29,__SP_H__
  19               	/* prologue: function */
  20               	/* frame size = 2 */
  21 000e 8C01      		movw r16,r24
  22 0010 DC01      		movw r26,r24
  23 0012 1696      		adiw r26,6
  24 0014 6D91      		ld r22,X+
  25 0016 7C91      		ld r23,X
  26 0018 1797      		sbiw r26,6+1
  27 001a 1496      		adiw r26,4
  28 001c ED91      		ld r30,X+
  29 001e FC91      		ld r31,X
  30 0020 1597      		sbiw r26,4+1
  31 0022 1896      		adiw r26,8
  32 0024 8D91      		ld r24,X+
  33 0026 9C91      		ld r25,X
  34 0028 1997      		sbiw r26,8+1
  35 002a AE01      		movw r20,r28
  36 002c 4F5F      		subi r20,lo8(-(1))
  37 002e 5F4F      		sbci r21,hi8(-(1))
  38 0030 0995      		icall
  39 0032 0097      		sbiw r24,0
  40 0034 01F0      		breq .L2
  41 0036 2981      		ldd r18,Y+1
  42 0038 3A81      		ldd r19,Y+2
  43 003a 2115      		cp r18,__zero_reg__
  44 003c 3105      		cpc r19,__zero_reg__
  45 003e 01F0      		breq .L2
  46 0040 2150      		subi r18,lo8(-(-1))
  47 0042 3040      		sbci r19,hi8(-(-1))
  48 0044 F801      		movw r30,r16
  49 0046 3183      		std Z+1,r19
  50 0048 2083      		st Z,r18
  51 004a 9383      		std Z+3,r25
  52 004c 8283      		std Z+2,r24
  53 004e FC01      		movw r30,r24
  54 0050 8191      		ld r24,Z+
  55 0052 282F      		mov r18,r24
  56 0054 30E0      		ldi r19,lo8(0)
  57 0056 D801      		movw r26,r16
GAS LISTING C:\DOCUME~1\ADMINI~1\LOCALS~1\Temp/ccC9jv6y.s 			page 2


  58 0058 1396      		adiw r26,2+1
  59 005a FC93      		st X,r31
  60 005c EE93      		st -X,r30
  61 005e 1297      		sbiw r26,2
  62 0060 00C0      		rjmp .L3
  63               	.L2:
  64 0062 2FEF      		ldi r18,lo8(-1)
  65 0064 3FEF      		ldi r19,hi8(-1)
  66               	.L3:
  67 0066 C901      		movw r24,r18
  68               	/* epilogue start */
  69 0068 0F90      		pop __tmp_reg__
  70 006a 0F90      		pop __tmp_reg__
  71 006c CF91      		pop r28
  72 006e DF91      		pop r29
  73 0070 1F91      		pop r17
  74 0072 0F91      		pop r16
  75 0074 0895      		ret
  76               		.size	luaZ_fill, .-luaZ_fill
  77               	.global	luaZ_lookahead
  78               		.type	luaZ_lookahead, @function
  79               	luaZ_lookahead:
  80 0076 CF93      		push r28
  81 0078 DF93      		push r29
  82               	/* prologue: function */
  83               	/* frame size = 0 */
  84 007a EC01      		movw r28,r24
  85 007c 8881      		ld r24,Y
  86 007e 9981      		ldd r25,Y+1
  87 0080 892B      		or r24,r25
  88 0082 01F4      		brne .L6
  89 0084 CE01      		movw r24,r28
  90 0086 0E94 0000 		call luaZ_fill
  91 008a 8F5F      		subi r24,lo8(-1)
  92 008c 9F4F      		sbci r25,hi8(-1)
  93 008e 01F4      		brne .L7
  94 0090 2FEF      		ldi r18,lo8(-1)
  95 0092 3FEF      		ldi r19,hi8(-1)
  96 0094 00C0      		rjmp .L8
  97               	.L7:
  98 0096 8881      		ld r24,Y
  99 0098 9981      		ldd r25,Y+1
 100 009a 0196      		adiw r24,1
 101 009c 9983      		std Y+1,r25
 102 009e 8883      		st Y,r24
 103 00a0 8A81      		ldd r24,Y+2
 104 00a2 9B81      		ldd r25,Y+3
 105 00a4 0197      		sbiw r24,1
 106 00a6 9B83      		std Y+3,r25
 107 00a8 8A83      		std Y+2,r24
 108               	.L6:
 109 00aa EA81      		ldd r30,Y+2
 110 00ac FB81      		ldd r31,Y+3
 111 00ae 8081      		ld r24,Z
 112 00b0 282F      		mov r18,r24
 113 00b2 30E0      		ldi r19,lo8(0)
 114               	.L8:
GAS LISTING C:\DOCUME~1\ADMINI~1\LOCALS~1\Temp/ccC9jv6y.s 			page 3


 115 00b4 C901      		movw r24,r18
 116               	/* epilogue start */
 117 00b6 DF91      		pop r29
 118 00b8 CF91      		pop r28
 119 00ba 0895      		ret
 120               		.size	luaZ_lookahead, .-luaZ_lookahead
 121               	.global	luaZ_init
 122               		.type	luaZ_init, @function
 123               	luaZ_init:
 124               	/* prologue: function */
 125               	/* frame size = 0 */
 126 00bc FB01      		movw r30,r22
 127 00be 9187      		std Z+9,r25
 128 00c0 8087      		std Z+8,r24
 129 00c2 5583      		std Z+5,r21
 130 00c4 4483      		std Z+4,r20
 131 00c6 3783      		std Z+7,r19
 132 00c8 2683      		std Z+6,r18
 133 00ca 1182      		std Z+1,__zero_reg__
 134 00cc 1082      		st Z,__zero_reg__
 135 00ce 1382      		std Z+3,__zero_reg__
 136 00d0 1282      		std Z+2,__zero_reg__
 137               	/* epilogue start */
 138 00d2 0895      		ret
 139               		.size	luaZ_init, .-luaZ_init
 140               	.global	luaZ_openspace
 141               		.type	luaZ_openspace, @function
 142               	luaZ_openspace:
 143 00d4 0F93      		push r16
 144 00d6 1F93      		push r17
 145 00d8 CF93      		push r28
 146 00da DF93      		push r29
 147               	/* prologue: function */
 148               	/* frame size = 0 */
 149 00dc 9C01      		movw r18,r24
 150 00de 8B01      		movw r16,r22
 151 00e0 EA01      		movw r28,r20
 152 00e2 FB01      		movw r30,r22
 153 00e4 4481      		ldd r20,Z+4
 154 00e6 5581      		ldd r21,Z+5
 155 00e8 4C17      		cp r20,r28
 156 00ea 5D07      		cpc r21,r29
 157 00ec 00F4      		brsh .L13
 158 00ee C032      		cpi r28,32
 159 00f0 D105      		cpc r29,__zero_reg__
 160 00f2 00F4      		brsh .L14
 161 00f4 C0E2      		ldi r28,lo8(32)
 162 00f6 D0E0      		ldi r29,hi8(32)
 163               	.L14:
 164 00f8 CE01      		movw r24,r28
 165 00fa 0196      		adiw r24,1
 166 00fc 8E5F      		subi r24,lo8(-2)
 167 00fe 9F4F      		sbci r25,hi8(-2)
 168 0100 00F4      		brsh .L15
 169 0102 F801      		movw r30,r16
 170 0104 6081      		ld r22,Z
 171 0106 7181      		ldd r23,Z+1
GAS LISTING C:\DOCUME~1\ADMINI~1\LOCALS~1\Temp/ccC9jv6y.s 			page 4


 172 0108 C901      		movw r24,r18
 173 010a 9E01      		movw r18,r28
 174 010c 0E94 0000 		call luaM_realloc_
 175 0110 00C0      		rjmp .L16
 176               	.L15:
 177 0112 C901      		movw r24,r18
 178 0114 0E94 0000 		call luaM_toobig
 179               	.L16:
 180 0118 F801      		movw r30,r16
 181 011a 9183      		std Z+1,r25
 182 011c 8083      		st Z,r24
 183 011e D583      		std Z+5,r29
 184 0120 C483      		std Z+4,r28
 185               	.L13:
 186 0122 F801      		movw r30,r16
 187 0124 8081      		ld r24,Z
 188 0126 9181      		ldd r25,Z+1
 189               	/* epilogue start */
 190 0128 DF91      		pop r29
 191 012a CF91      		pop r28
 192 012c 1F91      		pop r17
 193 012e 0F91      		pop r16
 194 0130 0895      		ret
 195               		.size	luaZ_openspace, .-luaZ_openspace
 196               	.global	luaZ_read
 197               		.type	luaZ_read, @function
 198               	luaZ_read:
 199 0132 CF92      		push r12
 200 0134 DF92      		push r13
 201 0136 EF92      		push r14
 202 0138 FF92      		push r15
 203 013a 0F93      		push r16
 204 013c 1F93      		push r17
 205 013e CF93      		push r28
 206 0140 DF93      		push r29
 207               	/* prologue: function */
 208               	/* frame size = 0 */
 209 0142 8C01      		movw r16,r24
 210 0144 6B01      		movw r12,r22
 211 0146 7A01      		movw r14,r20
 212 0148 00C0      		rjmp .L19
 213               	.L23:
 214 014a C801      		movw r24,r16
 215 014c 0E94 0000 		call luaZ_lookahead
 216 0150 8F5F      		subi r24,lo8(-1)
 217 0152 9F4F      		sbci r25,hi8(-1)
 218 0154 01F0      		breq .L20
 219 0156 F801      		movw r30,r16
 220 0158 8081      		ld r24,Z
 221 015a 9181      		ldd r25,Z+1
 222 015c E701      		movw r28,r14
 223 015e 8E15      		cp r24,r14
 224 0160 9F05      		cpc r25,r15
 225 0162 00F4      		brsh .L21
 226 0164 EC01      		movw r28,r24
 227               	.L21:
 228 0166 F801      		movw r30,r16
GAS LISTING C:\DOCUME~1\ADMINI~1\LOCALS~1\Temp/ccC9jv6y.s 			page 5


 229 0168 6281      		ldd r22,Z+2
 230 016a 7381      		ldd r23,Z+3
 231 016c C601      		movw r24,r12
 232 016e AE01      		movw r20,r28
 233 0170 0E94 0000 		call memcpy
 234 0174 F801      		movw r30,r16
 235 0176 8081      		ld r24,Z
 236 0178 9181      		ldd r25,Z+1
 237 017a 8C1B      		sub r24,r28
 238 017c 9D0B      		sbc r25,r29
 239 017e 9183      		std Z+1,r25
 240 0180 8083      		st Z,r24
 241 0182 8281      		ldd r24,Z+2
 242 0184 9381      		ldd r25,Z+3
 243 0186 8C0F      		add r24,r28
 244 0188 9D1F      		adc r25,r29
 245 018a 9383      		std Z+3,r25
 246 018c 8283      		std Z+2,r24
 247 018e CC0E      		add r12,r28
 248 0190 DD1E      		adc r13,r29
 249 0192 EC1A      		sub r14,r28
 250 0194 FD0A      		sbc r15,r29
 251               	.L19:
 252 0196 E114      		cp r14,__zero_reg__
 253 0198 F104      		cpc r15,__zero_reg__
 254 019a 01F4      		brne .L23
 255               	.L20:
 256 019c C701      		movw r24,r14
 257               	/* epilogue start */
 258 019e DF91      		pop r29
 259 01a0 CF91      		pop r28
 260 01a2 1F91      		pop r17
 261 01a4 0F91      		pop r16
 262 01a6 FF90      		pop r15
 263 01a8 EF90      		pop r14
 264 01aa DF90      		pop r13
 265 01ac CF90      		pop r12
 266 01ae 0895      		ret
 267               		.size	luaZ_read, .-luaZ_read
GAS LISTING C:\DOCUME~1\ADMINI~1\LOCALS~1\Temp/ccC9jv6y.s 			page 6


DEFINED SYMBOLS
                            *ABS*:00000000 lzio.c
C:\DOCUME~1\ADMINI~1\LOCALS~1\Temp/ccC9jv6y.s:2      *ABS*:0000003f __SREG__
C:\DOCUME~1\ADMINI~1\LOCALS~1\Temp/ccC9jv6y.s:3      *ABS*:0000003e __SP_H__
C:\DOCUME~1\ADMINI~1\LOCALS~1\Temp/ccC9jv6y.s:4      *ABS*:0000003d __SP_L__
C:\DOCUME~1\ADMINI~1\LOCALS~1\Temp/ccC9jv6y.s:5      *ABS*:00000034 __CCP__
C:\DOCUME~1\ADMINI~1\LOCALS~1\Temp/ccC9jv6y.s:6      *ABS*:00000000 __tmp_reg__
C:\DOCUME~1\ADMINI~1\LOCALS~1\Temp/ccC9jv6y.s:7      *ABS*:00000001 __zero_reg__
C:\DOCUME~1\ADMINI~1\LOCALS~1\Temp/ccC9jv6y.s:11     .text:00000000 luaZ_fill
C:\DOCUME~1\ADMINI~1\LOCALS~1\Temp/ccC9jv6y.s:79     .text:00000076 luaZ_lookahead
C:\DOCUME~1\ADMINI~1\LOCALS~1\Temp/ccC9jv6y.s:123    .text:000000bc luaZ_init
C:\DOCUME~1\ADMINI~1\LOCALS~1\Temp/ccC9jv6y.s:142    .text:000000d4 luaZ_openspace
C:\DOCUME~1\ADMINI~1\LOCALS~1\Temp/ccC9jv6y.s:198    .text:00000132 luaZ_read

UNDEFINED SYMBOLS
luaM_realloc_
luaM_toobig
memcpy
