GAS LISTING C:\Temp/ccL2eVEd.s 			page 1


   1               		.file	"calloc_dbg.c"
   2               	__SREG__ = 0x3f
   3               	__SP_H__ = 0x3e
   4               	__SP_L__ = 0x3d
   5               	__CCP__  = 0x34
   6               	__tmp_reg__ = 0
   7               	__zero_reg__ = 1
   8               		.global __do_copy_data
   9               		.global __do_clear_bss
  10               		.text
  11               	.global	dbg_calloc
  12               		.type	dbg_calloc, @function
  13               	dbg_calloc:
  14 0000 0F93      		push r16
  15 0002 1F93      		push r17
  16 0004 CF93      		push r28
  17 0006 DF93      		push r29
  18               	/* prologue: function */
  19               	/* frame size = 0 */
  20 0008 FA01      		movw r30,r20
  21 000a 689F      		mul r22,r24
  22 000c 8001      		movw r16,r0
  23 000e 699F      		mul r22,r25
  24 0010 100D      		add r17,r0
  25 0012 789F      		mul r23,r24
  26 0014 100D      		add r17,r0
  27 0016 1124      		clr r1
  28 0018 A901      		movw r20,r18
  29 001a BF01      		movw r22,r30
  30 001c C801      		movw r24,r16
  31 001e 0E94 0000 		call dbg_malloc
  32 0022 EC01      		movw r28,r24
  33 0024 0097      		sbiw r24,0
  34 0026 01F0      		breq .L2
  35 0028 A801      		movw r20,r16
  36 002a 60E0      		ldi r22,lo8(0)
  37 002c 70E0      		ldi r23,hi8(0)
  38 002e 0E94 0000 		call memset
  39               	.L2:
  40 0032 CE01      		movw r24,r28
  41               	/* epilogue start */
  42 0034 DF91      		pop r29
  43 0036 CF91      		pop r28
  44 0038 1F91      		pop r17
  45 003a 0F91      		pop r16
  46 003c 0895      		ret
  47               		.size	dbg_calloc, .-dbg_calloc
GAS LISTING C:\Temp/ccL2eVEd.s 			page 2


DEFINED SYMBOLS
                            *ABS*:00000000 calloc_dbg.c
  C:\Temp/ccL2eVEd.s:2      *ABS*:0000003f __SREG__
  C:\Temp/ccL2eVEd.s:3      *ABS*:0000003e __SP_H__
  C:\Temp/ccL2eVEd.s:4      *ABS*:0000003d __SP_L__
  C:\Temp/ccL2eVEd.s:5      *ABS*:00000034 __CCP__
  C:\Temp/ccL2eVEd.s:6      *ABS*:00000000 __tmp_reg__
  C:\Temp/ccL2eVEd.s:7      *ABS*:00000001 __zero_reg__
  C:\Temp/ccL2eVEd.s:13     .text:00000000 dbg_calloc

UNDEFINED SYMBOLS
__do_copy_data
__do_clear_bss
dbg_malloc
memset
