GAS LISTING C:\Temp/ccnj7x3V.s 			page 1


   1               		.file	"close.c"
   2               	__SREG__ = 0x3f
   3               	__SP_H__ = 0x3e
   4               	__SP_L__ = 0x3d
   5               	__CCP__  = 0x34
   6               	__tmp_reg__ = 0
   7               	__zero_reg__ = 1
   8               		.global __do_copy_data
   9               		.global __do_clear_bss
  10               		.text
  11               	.global	_close
  12               		.type	_close, @function
  13               	_close:
  14               	/* prologue: function */
  15               	/* frame size = 0 */
  16 0000 DC01      		movw r26,r24
  17 0002 1296      		adiw r26,2
  18 0004 ED91      		ld r30,X+
  19 0006 FC91      		ld r31,X
  20 0008 1397      		sbiw r26,2+1
  21 000a 3097      		sbiw r30,0
  22 000c 01F4      		brne .L2
  23 000e 1796      		adiw r26,7
  24 0010 ED91      		ld r30,X+
  25 0012 FC91      		ld r31,X
  26 0014 1897      		sbiw r26,7+1
  27 0016 40E0      		ldi r20,lo8(0)
  28 0018 50E0      		ldi r21,hi8(0)
  29 001a 60E0      		ldi r22,lo8(0)
  30 001c 70E0      		ldi r23,hi8(0)
  31 001e 0995      		icall
  32 0020 0895      		ret
  33               	.L2:
  34 0022 078C      		ldd __tmp_reg__,Z+31
  35 0024 F0A1      		ldd r31,Z+32
  36 0026 E02D      		mov r30,__tmp_reg__
  37 0028 0995      		icall
  38 002a 0895      		ret
  39               		.size	_close, .-_close
GAS LISTING C:\Temp/ccnj7x3V.s 			page 2


DEFINED SYMBOLS
                            *ABS*:00000000 close.c
  C:\Temp/ccnj7x3V.s:2      *ABS*:0000003f __SREG__
  C:\Temp/ccnj7x3V.s:3      *ABS*:0000003e __SP_H__
  C:\Temp/ccnj7x3V.s:4      *ABS*:0000003d __SP_L__
  C:\Temp/ccnj7x3V.s:5      *ABS*:00000034 __CCP__
  C:\Temp/ccnj7x3V.s:6      *ABS*:00000000 __tmp_reg__
  C:\Temp/ccnj7x3V.s:7      *ABS*:00000001 __zero_reg__
  C:\Temp/ccnj7x3V.s:13     .text:00000000 _close

UNDEFINED SYMBOLS
__do_copy_data
__do_clear_bss
