GAS LISTING C:\Temp/cceWf121.s 			page 1


   1               		.file	"fcloseall.c"
   2               	__SREG__ = 0x3f
   3               	__SP_H__ = 0x3e
   4               	__SP_L__ = 0x3d
   5               	__CCP__  = 0x34
   6               	__tmp_reg__ = 0
   7               	__zero_reg__ = 1
   8               		.global __do_copy_data
   9               		.global __do_clear_bss
  10               		.text
  11               	.global	fcloseall
  12               		.type	fcloseall, @function
  13               	fcloseall:
  14 0000 CF93      		push r28
  15 0002 DF93      		push r29
  16               	/* prologue: function */
  17               	/* frame size = 0 */
  18 0004 C0E0      		ldi r28,lo8(__iob+6)
  19 0006 D0E0      		ldi r29,hi8(__iob+6)
  20               	.L3:
  21 0008 8881      		ld r24,Y
  22 000a 9981      		ldd r25,Y+1
  23 000c 0097      		sbiw r24,0
  24 000e 01F0      		breq .L2
  25 0010 0E94 0000 		call fclose
  26               	.L2:
  27 0014 2296      		adiw r28,2
  28 0016 80E0      		ldi r24,hi8(__iob+16)
  29 0018 C030      		cpi r28,lo8(__iob+16)
  30 001a D807      		cpc r29,r24
  31 001c 01F4      		brne .L3
  32               	/* epilogue start */
  33 001e DF91      		pop r29
  34 0020 CF91      		pop r28
  35 0022 0895      		ret
  36               		.size	fcloseall, .-fcloseall
GAS LISTING C:\Temp/cceWf121.s 			page 2


DEFINED SYMBOLS
                            *ABS*:00000000 fcloseall.c
  C:\Temp/cceWf121.s:2      *ABS*:0000003f __SREG__
  C:\Temp/cceWf121.s:3      *ABS*:0000003e __SP_H__
  C:\Temp/cceWf121.s:4      *ABS*:0000003d __SP_L__
  C:\Temp/cceWf121.s:5      *ABS*:00000034 __CCP__
  C:\Temp/cceWf121.s:6      *ABS*:00000000 __tmp_reg__
  C:\Temp/cceWf121.s:7      *ABS*:00000001 __zero_reg__
  C:\Temp/cceWf121.s:13     .text:00000000 fcloseall

UNDEFINED SYMBOLS
__do_copy_data
__do_clear_bss
__iob
fclose
