GAS LISTING C:\Temp/ccoZgEad.s 			page 1


   1               		.file	"feof.c"
   2               	__SREG__ = 0x3f
   3               	__SP_H__ = 0x3e
   4               	__SP_L__ = 0x3d
   5               	__CCP__  = 0x34
   6               	__tmp_reg__ = 0
   7               	__zero_reg__ = 1
   8               		.global __do_copy_data
   9               		.global __do_clear_bss
  10               		.text
  11               	.global	feof
  12               		.type	feof, @function
  13               	feof:
  14               	/* prologue: function */
  15               	/* frame size = 0 */
  16 0000 FC01      		movw r30,r24
  17 0002 2481      		ldd r18,Z+4
  18 0004 30E0      		ldi r19,lo8(0)
  19 0006 2072      		andi r18,lo8(32)
  20 0008 3070      		andi r19,hi8(32)
  21 000a C901      		movw r24,r18
  22               	/* epilogue start */
  23 000c 0895      		ret
  24               		.size	feof, .-feof
GAS LISTING C:\Temp/ccoZgEad.s 			page 2


DEFINED SYMBOLS
                            *ABS*:00000000 feof.c
  C:\Temp/ccoZgEad.s:2      *ABS*:0000003f __SREG__
  C:\Temp/ccoZgEad.s:3      *ABS*:0000003e __SP_H__
  C:\Temp/ccoZgEad.s:4      *ABS*:0000003d __SP_L__
  C:\Temp/ccoZgEad.s:5      *ABS*:00000034 __CCP__
  C:\Temp/ccoZgEad.s:6      *ABS*:00000000 __tmp_reg__
  C:\Temp/ccoZgEad.s:7      *ABS*:00000001 __zero_reg__
  C:\Temp/ccoZgEad.s:13     .text:00000000 feof

UNDEFINED SYMBOLS
__do_copy_data
__do_clear_bss
