GAS LISTING C:\Temp/cccUfXWj.s 			page 1


   1               		.file	"fputs.c"
   2               	__SREG__ = 0x3f
   3               	__SP_H__ = 0x3e
   4               	__SP_L__ = 0x3d
   5               	__CCP__  = 0x34
   6               	__tmp_reg__ = 0
   7               	__zero_reg__ = 1
   8               		.global __do_copy_data
   9               		.global __do_clear_bss
  10               		.text
  11               	.global	fputs
  12               		.type	fputs, @function
  13               	fputs:
  14               	/* prologue: function */
  15               	/* frame size = 0 */
  16 0000 9B01      		movw r18,r22
  17 0002 FC01      		movw r30,r24
  18 0004 0190      		ld __tmp_reg__,Z+
  19 0006 0020      		tst __tmp_reg__
  20 0008 01F4      		brne .-6
  21 000a 3197      		sbiw r30,1
  22 000c E81B      		sub r30,r24
  23 000e F90B      		sbc r31,r25
  24 0010 AF01      		movw r20,r30
  25 0012 BC01      		movw r22,r24
  26 0014 F901      		movw r30,r18
  27 0016 8081      		ld r24,Z
  28 0018 9181      		ldd r25,Z+1
  29 001a 0E94 0000 		call _write
  30               	/* epilogue start */
  31 001e 0895      		ret
  32               		.size	fputs, .-fputs
GAS LISTING C:\Temp/cccUfXWj.s 			page 2


DEFINED SYMBOLS
                            *ABS*:00000000 fputs.c
  C:\Temp/cccUfXWj.s:2      *ABS*:0000003f __SREG__
  C:\Temp/cccUfXWj.s:3      *ABS*:0000003e __SP_H__
  C:\Temp/cccUfXWj.s:4      *ABS*:0000003d __SP_L__
  C:\Temp/cccUfXWj.s:5      *ABS*:00000034 __CCP__
  C:\Temp/cccUfXWj.s:6      *ABS*:00000000 __tmp_reg__
  C:\Temp/cccUfXWj.s:7      *ABS*:00000001 __zero_reg__
  C:\Temp/cccUfXWj.s:13     .text:00000000 fputs

UNDEFINED SYMBOLS
__do_copy_data
__do_clear_bss
_write
