GAS LISTING C:\Temp/cc0hVlPh.s 			page 1


   1               		.file	"fscanf.c"
   2               	__SREG__ = 0x3f
   3               	__SP_H__ = 0x3e
   4               	__SP_L__ = 0x3d
   5               	__CCP__  = 0x34
   6               	__tmp_reg__ = 0
   7               	__zero_reg__ = 1
   8               		.global __do_copy_data
   9               		.global __do_clear_bss
  10               		.text
  11               	.global	fscanf
  12               		.type	fscanf, @function
  13               	fscanf:
  14 0000 DF93      		push r29
  15 0002 CF93      		push r28
  16 0004 CDB7      		in r28,__SP_L__
  17 0006 DEB7      		in r29,__SP_H__
  18               	/* prologue: function */
  19               	/* frame size = 0 */
  20 0008 CE01      		movw r24,r28
  21 000a 0996      		adiw r24,9
  22 000c AC01      		movw r20,r24
  23 000e 6F81      		ldd r22,Y+7
  24 0010 7885      		ldd r23,Y+8
  25 0012 8D81      		ldd r24,Y+5
  26 0014 9E81      		ldd r25,Y+6
  27 0016 0E94 0000 		call vfscanf
  28               	/* epilogue start */
  29 001a CF91      		pop r28
  30 001c DF91      		pop r29
  31 001e 0895      		ret
  32               		.size	fscanf, .-fscanf
GAS LISTING C:\Temp/cc0hVlPh.s 			page 2


DEFINED SYMBOLS
                            *ABS*:00000000 fscanf.c
  C:\Temp/cc0hVlPh.s:2      *ABS*:0000003f __SREG__
  C:\Temp/cc0hVlPh.s:3      *ABS*:0000003e __SP_H__
  C:\Temp/cc0hVlPh.s:4      *ABS*:0000003d __SP_L__
  C:\Temp/cc0hVlPh.s:5      *ABS*:00000034 __CCP__
  C:\Temp/cc0hVlPh.s:6      *ABS*:00000000 __tmp_reg__
  C:\Temp/cc0hVlPh.s:7      *ABS*:00000001 __zero_reg__
  C:\Temp/cc0hVlPh.s:13     .text:00000000 fscanf

UNDEFINED SYMBOLS
__do_copy_data
__do_clear_bss
vfscanf
