GAS LISTING C:\Temp/ccZWtnOe.s 			page 1


   1               		.file	"fwrite.c"
   2               	__SREG__ = 0x3f
   3               	__SP_H__ = 0x3e
   4               	__SP_L__ = 0x3d
   5               	__CCP__  = 0x34
   6               	__tmp_reg__ = 0
   7               	__zero_reg__ = 1
   8               		.global __do_copy_data
   9               		.global __do_clear_bss
  10               		.text
  11               	.global	fwrite
  12               		.type	fwrite, @function
  13               	fwrite:
  14 0000 CF93      		push r28
  15 0002 DF93      		push r29
  16               	/* prologue: function */
  17               	/* frame size = 0 */
  18 0004 EB01      		movw r28,r22
  19 0006 F901      		movw r30,r18
  20 0008 6230      		cpi r22,2
  21 000a 7105      		cpc r23,__zero_reg__
  22 000c 00F0      		brlo .L2
  23 000e 9A01      		movw r18,r20
  24 0010 269F      		mul r18,r22
  25 0012 A001      		movw r20,r0
  26 0014 279F      		mul r18,r23
  27 0016 500D      		add r21,r0
  28 0018 369F      		mul r19,r22
  29 001a 500D      		add r21,r0
  30 001c 1124      		clr r1
  31               	.L2:
  32 001e BC01      		movw r22,r24
  33 0020 8081      		ld r24,Z
  34 0022 9181      		ldd r25,Z+1
  35 0024 0E94 0000 		call _write
  36 0028 1816      		cp __zero_reg__,r24
  37 002a 1906      		cpc __zero_reg__,r25
  38 002c 04F0      		brlt .L3
  39 002e 20E0      		ldi r18,lo8(0)
  40 0030 30E0      		ldi r19,hi8(0)
  41 0032 00C0      		rjmp .L4
  42               	.L3:
  43 0034 9C01      		movw r18,r24
  44 0036 C230      		cpi r28,2
  45 0038 D105      		cpc r29,__zero_reg__
  46 003a 00F0      		brlo .L4
  47 003c BE01      		movw r22,r28
  48 003e 0E94 0000 		call __udivmodhi4
  49 0042 9B01      		movw r18,r22
  50               	.L4:
  51 0044 C901      		movw r24,r18
  52               	/* epilogue start */
  53 0046 DF91      		pop r29
  54 0048 CF91      		pop r28
  55 004a 0895      		ret
  56               		.size	fwrite, .-fwrite
GAS LISTING C:\Temp/ccZWtnOe.s 			page 2


DEFINED SYMBOLS
                            *ABS*:00000000 fwrite.c
  C:\Temp/ccZWtnOe.s:2      *ABS*:0000003f __SREG__
  C:\Temp/ccZWtnOe.s:3      *ABS*:0000003e __SP_H__
  C:\Temp/ccZWtnOe.s:4      *ABS*:0000003d __SP_L__
  C:\Temp/ccZWtnOe.s:5      *ABS*:00000034 __CCP__
  C:\Temp/ccZWtnOe.s:6      *ABS*:00000000 __tmp_reg__
  C:\Temp/ccZWtnOe.s:7      *ABS*:00000001 __zero_reg__
  C:\Temp/ccZWtnOe.s:13     .text:00000000 fwrite

UNDEFINED SYMBOLS
__do_copy_data
__do_clear_bss
_write
__udivmodhi4
