GAS LISTING C:\Temp/cco6eq3q.s 			page 1


   1               		.file	"getchar.c"
   2               	__SREG__ = 0x3f
   3               	__SP_H__ = 0x3e
   4               	__SP_L__ = 0x3d
   5               	__CCP__  = 0x34
   6               	__tmp_reg__ = 0
   7               	__zero_reg__ = 1
   8               		.global __do_copy_data
   9               		.global __do_clear_bss
  10               		.text
  11               	.global	getchar
  12               		.type	getchar, @function
  13               	getchar:
  14               	/* prologue: function */
  15               	/* frame size = 0 */
  16 0000 8091 0000 		lds r24,__iob
  17 0004 9091 0000 		lds r25,(__iob)+1
  18 0008 0E94 0000 		call fgetc
  19               	/* epilogue start */
  20 000c 0895      		ret
  21               		.size	getchar, .-getchar
GAS LISTING C:\Temp/cco6eq3q.s 			page 2


DEFINED SYMBOLS
                            *ABS*:00000000 getchar.c
  C:\Temp/cco6eq3q.s:2      *ABS*:0000003f __SREG__
  C:\Temp/cco6eq3q.s:3      *ABS*:0000003e __SP_H__
  C:\Temp/cco6eq3q.s:4      *ABS*:0000003d __SP_L__
  C:\Temp/cco6eq3q.s:5      *ABS*:00000034 __CCP__
  C:\Temp/cco6eq3q.s:6      *ABS*:00000000 __tmp_reg__
  C:\Temp/cco6eq3q.s:7      *ABS*:00000001 __zero_reg__
  C:\Temp/cco6eq3q.s:13     .text:00000000 getchar

UNDEFINED SYMBOLS
__do_copy_data
__do_clear_bss
__iob
fgetc
