GAS LISTING C:\Temp/cc4frAwv.s 			page 1


   1               		.file	"gets.c"
   2               	__SREG__ = 0x3f
   3               	__SP_H__ = 0x3e
   4               	__SP_L__ = 0x3d
   5               	__CCP__  = 0x34
   6               	__tmp_reg__ = 0
   7               	__zero_reg__ = 1
   8               		.global __do_copy_data
   9               		.global __do_clear_bss
  10               		.text
  11               	.global	gets
  12               		.type	gets, @function
  13               	gets:
  14 0000 0F93      		push r16
  15 0002 1F93      		push r17
  16 0004 CF93      		push r28
  17 0006 DF93      		push r29
  18               	/* prologue: function */
  19               	/* frame size = 0 */
  20 0008 8C01      		movw r16,r24
  21 000a EC01      		movw r28,r24
  22               	.L5:
  23 000c 8091 0000 		lds r24,__iob
  24 0010 9091 0000 		lds r25,(__iob)+1
  25 0014 0E94 0000 		call fgetc
  26 0018 2FEF      		ldi r18,hi8(-1)
  27 001a 8F3F      		cpi r24,lo8(-1)
  28 001c 9207      		cpc r25,r18
  29 001e 01F4      		brne .L2
  30 0020 1882      		st Y,__zero_reg__
  31 0022 00E0      		ldi r16,lo8(0)
  32 0024 10E0      		ldi r17,hi8(0)
  33 0026 00C0      		rjmp .L3
  34               	.L2:
  35 0028 8A30      		cpi r24,10
  36 002a 9105      		cpc r25,__zero_reg__
  37 002c 01F0      		breq .L4
  38 002e 8993      		st Y+,r24
  39 0030 00C0      		rjmp .L5
  40               	.L4:
  41 0032 1882      		st Y,__zero_reg__
  42               	.L3:
  43 0034 C801      		movw r24,r16
  44               	/* epilogue start */
  45 0036 DF91      		pop r29
  46 0038 CF91      		pop r28
  47 003a 1F91      		pop r17
  48 003c 0F91      		pop r16
  49 003e 0895      		ret
  50               		.size	gets, .-gets
GAS LISTING C:\Temp/cc4frAwv.s 			page 2


DEFINED SYMBOLS
                            *ABS*:00000000 gets.c
  C:\Temp/cc4frAwv.s:2      *ABS*:0000003f __SREG__
  C:\Temp/cc4frAwv.s:3      *ABS*:0000003e __SP_H__
  C:\Temp/cc4frAwv.s:4      *ABS*:0000003d __SP_L__
  C:\Temp/cc4frAwv.s:5      *ABS*:00000034 __CCP__
  C:\Temp/cc4frAwv.s:6      *ABS*:00000000 __tmp_reg__
  C:\Temp/cc4frAwv.s:7      *ABS*:00000001 __zero_reg__
  C:\Temp/cc4frAwv.s:13     .text:00000000 gets

UNDEFINED SYMBOLS
__do_copy_data
__do_clear_bss
__iob
fgetc
