GAS LISTING C:\Temp/ccO7Jl2B.s 			page 1


   1               		.file	"kbhit.c"
   2               	__SREG__ = 0x3f
   3               	__SP_H__ = 0x3e
   4               	__SP_L__ = 0x3d
   5               	__CCP__  = 0x34
   6               	__tmp_reg__ = 0
   7               	__zero_reg__ = 1
   8               		.global __do_copy_data
   9               		.global __do_clear_bss
  10               		.text
  11               	.global	kbhit
  12               		.type	kbhit, @function
  13               	kbhit:
  14               	/* prologue: function */
  15               	/* frame size = 0 */
  16 0000 8091 0000 		lds r24,__iob
  17 0004 9091 0000 		lds r25,(__iob)+1
  18 0008 0E94 0000 		call _fileno
  19 000c 0E94 0000 		call _filelength
  20 0010 20E0      		ldi r18,lo8(0)
  21 0012 30E0      		ldi r19,hi8(0)
  22 0014 1616      		cp __zero_reg__,r22
  23 0016 1706      		cpc __zero_reg__,r23
  24 0018 1806      		cpc __zero_reg__,r24
  25 001a 1906      		cpc __zero_reg__,r25
  26 001c 04F4      		brge .L2
  27 001e 21E0      		ldi r18,lo8(1)
  28 0020 30E0      		ldi r19,hi8(1)
  29               	.L2:
  30 0022 C901      		movw r24,r18
  31               	/* epilogue start */
  32 0024 0895      		ret
  33               		.size	kbhit, .-kbhit
GAS LISTING C:\Temp/ccO7Jl2B.s 			page 2


DEFINED SYMBOLS
                            *ABS*:00000000 kbhit.c
  C:\Temp/ccO7Jl2B.s:2      *ABS*:0000003f __SREG__
  C:\Temp/ccO7Jl2B.s:3      *ABS*:0000003e __SP_H__
  C:\Temp/ccO7Jl2B.s:4      *ABS*:0000003d __SP_L__
  C:\Temp/ccO7Jl2B.s:5      *ABS*:00000034 __CCP__
  C:\Temp/ccO7Jl2B.s:6      *ABS*:00000000 __tmp_reg__
  C:\Temp/ccO7Jl2B.s:7      *ABS*:00000001 __zero_reg__
  C:\Temp/ccO7Jl2B.s:13     .text:00000000 kbhit

UNDEFINED SYMBOLS
__do_copy_data
__do_clear_bss
__iob
_fileno
_filelength
