GAS LISTING C:\Temp/cc5Q7vim.s 			page 1


   1               		.file	"malloc_dbg.c"
   2               	__SREG__ = 0x3f
   3               	__SP_H__ = 0x3e
   4               	__SP_L__ = 0x3d
   5               	__CCP__  = 0x34
   6               	__tmp_reg__ = 0
   7               	__zero_reg__ = 1
   8               		.global __do_copy_data
   9               		.global __do_clear_bss
GAS LISTING C:\Temp/cc5Q7vim.s 			page 2


DEFINED SYMBOLS
                            *ABS*:00000000 malloc_dbg.c
  C:\Temp/cc5Q7vim.s:2      *ABS*:0000003f __SREG__
  C:\Temp/cc5Q7vim.s:3      *ABS*:0000003e __SP_H__
  C:\Temp/cc5Q7vim.s:4      *ABS*:0000003d __SP_L__
  C:\Temp/cc5Q7vim.s:5      *ABS*:00000034 __CCP__
  C:\Temp/cc5Q7vim.s:6      *ABS*:00000000 __tmp_reg__
  C:\Temp/cc5Q7vim.s:7      *ABS*:00000001 __zero_reg__

UNDEFINED SYMBOLS
__do_copy_data
__do_clear_bss
