GAS LISTING C:\Temp/ccDYry6A.s 			page 1


   1               		.file	"strdup.c"
   2               	__SREG__ = 0x3f
   3               	__SP_H__ = 0x3e
   4               	__SP_L__ = 0x3d
   5               	__CCP__  = 0x34
   6               	__tmp_reg__ = 0
   7               	__zero_reg__ = 1
   8               		.global __do_copy_data
   9               		.global __do_clear_bss
  10               		.text
  11               	.global	strdup
  12               		.type	strdup, @function
  13               	strdup:
  14 0000 EF92      		push r14
  15 0002 FF92      		push r15
  16 0004 0F93      		push r16
  17 0006 1F93      		push r17
  18 0008 CF93      		push r28
  19 000a DF93      		push r29
  20               	/* prologue: function */
  21               	/* frame size = 0 */
  22 000c F82E      		mov r15,r24
  23 000e E92E      		mov r14,r25
  24 0010 E82F      		mov r30,r24
  25 0012 F92F      		mov r31,r25
  26 0014 DF01      		movw r26,r30
  27 0016 0D90      		ld __tmp_reg__,X+
  28 0018 0020      		tst __tmp_reg__
  29 001a 01F4      		brne .-6
  30 001c 8D01      		movw r16,r26
  31 001e 0E1B      		sub r16,r30
  32 0020 1F0B      		sbc r17,r31
  33 0022 C801      		movw r24,r16
  34 0024 0E94 0000 		call malloc
  35 0028 EC01      		movw r28,r24
  36 002a 0097      		sbiw r24,0
  37 002c 01F0      		breq .L2
  38 002e A801      		movw r20,r16
  39 0030 6F2D      		mov r22,r15
  40 0032 7E2D      		mov r23,r14
  41 0034 0E94 0000 		call memcpy
  42               	.L2:
  43 0038 CE01      		movw r24,r28
  44               	/* epilogue start */
  45 003a DF91      		pop r29
  46 003c CF91      		pop r28
  47 003e 1F91      		pop r17
  48 0040 0F91      		pop r16
  49 0042 FF90      		pop r15
  50 0044 EF90      		pop r14
  51 0046 0895      		ret
  52               		.size	strdup, .-strdup
GAS LISTING C:\Temp/ccDYry6A.s 			page 2


DEFINED SYMBOLS
                            *ABS*:00000000 strdup.c
  C:\Temp/ccDYry6A.s:2      *ABS*:0000003f __SREG__
  C:\Temp/ccDYry6A.s:3      *ABS*:0000003e __SP_H__
  C:\Temp/ccDYry6A.s:4      *ABS*:0000003d __SP_L__
  C:\Temp/ccDYry6A.s:5      *ABS*:00000034 __CCP__
  C:\Temp/ccDYry6A.s:6      *ABS*:00000000 __tmp_reg__
  C:\Temp/ccDYry6A.s:7      *ABS*:00000001 __zero_reg__
  C:\Temp/ccDYry6A.s:13     .text:00000000 strdup

UNDEFINED SYMBOLS
__do_copy_data
__do_clear_bss
malloc
memcpy
