GAS LISTING C:\Temp/ccMrGDF8.s 			page 1


   1               		.file	"tzset.c"
   2               	__SREG__ = 0x3f
   3               	__SP_H__ = 0x3e
   4               	__SP_L__ = 0x3d
   5               	__CCP__  = 0x34
   6               	__tmp_reg__ = 0
   7               	__zero_reg__ = 1
   8               		.global __do_copy_data
   9               		.global __do_clear_bss
  10               		.text
  11               		.type	cvtdate, @function
  12               	cvtdate:
  13 0000 2F92      		push r2
  14 0002 3F92      		push r3
  15 0004 4F92      		push r4
  16 0006 5F92      		push r5
  17 0008 6F92      		push r6
  18 000a 7F92      		push r7
  19 000c 8F92      		push r8
  20 000e 9F92      		push r9
  21 0010 AF92      		push r10
  22 0012 BF92      		push r11
  23 0014 CF92      		push r12
  24 0016 DF92      		push r13
  25 0018 EF92      		push r14
  26 001a FF92      		push r15
  27 001c 0F93      		push r16
  28 001e 1F93      		push r17
  29 0020 DF93      		push r29
  30 0022 CF93      		push r28
  31 0024 CDB7      		in r28,__SP_L__
  32 0026 DEB7      		in r29,__SP_H__
  33 0028 2E97      		sbiw r28,14
  34 002a 0FB6      		in __tmp_reg__,__SREG__
  35 002c F894      		cli
  36 002e DEBF      		out __SP_H__,r29
  37 0030 0FBE      		out __SREG__,__tmp_reg__
  38 0032 CDBF      		out __SP_L__,r28
  39               	/* prologue: function */
  40               	/* frame size = 14 */
  41 0034 9A83      		std Y+2,r25
  42 0036 8983      		std Y+1,r24
  43 0038 5C83      		std Y+4,r21
  44 003a 4B83      		std Y+3,r20
  45 003c 1901      		movw r2,r18
  46 003e 3801      		movw r6,r16
  47 0040 C601      		movw r24,r12
  48 0042 9E82      		std Y+6,r9
  49 0044 8D82      		std Y+5,r8
  50 0046 2A01      		movw r4,r20
  51 0048 23E0      		ldi r18,lo8(3)
  52 004a 4222      		and r4,r18
  53 004c 5524      		clr r5
  54 004e 6130      		cpi r22,1
  55 0050 7105      		cpc r23,__zero_reg__
  56 0052 01F0      		breq .+2
  57 0054 00C0      		rjmp .L2
GAS LISTING C:\Temp/ccMrGDF8.s 			page 2


  58 0056 F101      		movw r30,r2
  59 0058 3197      		sbiw r30,1
  60 005a 4114      		cp r4,__zero_reg__
  61 005c 5104      		cpc r5,__zero_reg__
  62 005e 01F4      		brne .L3
  63 0060 EE0F      		lsl r30
  64 0062 FF1F      		rol r31
  65 0064 E050      		subi r30,lo8(-(_lpdays))
  66 0066 F040      		sbci r31,hi8(-(_lpdays))
  67 0068 00C0      		rjmp .L17
  68               	.L3:
  69 006a EE0F      		lsl r30
  70 006c FF1F      		rol r31
  71 006e E050      		subi r30,lo8(-(_days))
  72 0070 F040      		sbci r31,hi8(-(_days))
  73               	.L17:
  74 0072 0081      		ld r16,Z
  75 0074 1181      		ldd r17,Z+1
  76 0076 0F5F      		subi r16,lo8(-(1))
  77 0078 1F4F      		sbci r17,hi8(-(1))
  78 007a 8DE6      		ldi r24,lo8(365)
  79 007c 91E0      		ldi r25,hi8(365)
  80 007e 4B81      		ldd r20,Y+3
  81 0080 5C81      		ldd r21,Y+4
  82 0082 489F      		mul r20,r24
  83 0084 B001      		movw r22,r0
  84 0086 499F      		mul r20,r25
  85 0088 700D      		add r23,r0
  86 008a 589F      		mul r21,r24
  87 008c 700D      		add r23,r0
  88 008e 1124      		clr r1
  89 0090 6E5C      		subi r22,lo8(-(-25550))
  90 0092 7346      		sbci r23,hi8(-(-25550))
  91 0094 9A01      		movw r18,r20
  92 0096 2150      		subi r18,lo8(-(-1))
  93 0098 3040      		sbci r19,hi8(-(-1))
  94 009a 3595      		asr r19
  95 009c 2795      		ror r18
  96 009e 3595      		asr r19
  97 00a0 2795      		ror r18
  98 00a2 620F      		add r22,r18
  99 00a4 731F      		adc r23,r19
 100 00a6 600F      		add r22,r16
 101 00a8 711F      		adc r23,r17
 102 00aa 8827      		clr r24
 103 00ac 77FD      		sbrc r23,7
 104 00ae 8095      		com r24
 105 00b0 982F      		mov r25,r24
 106 00b2 6D50      		subi r22,lo8(-(-13))
 107 00b4 7040      		sbci r23,hi8(-(-13))
 108 00b6 8040      		sbci r24,hlo8(-(-13))
 109 00b8 9040      		sbci r25,hhi8(-(-13))
 110 00ba 27E0      		ldi r18,lo8(7)
 111 00bc 30E0      		ldi r19,hi8(7)
 112 00be 40E0      		ldi r20,hlo8(7)
 113 00c0 50E0      		ldi r21,hhi8(7)
 114 00c2 0E94 0000 		call __divmodsi4
GAS LISTING C:\Temp/ccMrGDF8.s 			page 3


 115 00c6 C301      		movw r24,r6
 116 00c8 53E0      		ldi r21,3
 117 00ca 880F      	1:	lsl r24
 118 00cc 991F      		rol r25
 119 00ce 5A95      		dec r21
 120 00d0 01F4      		brne 1b
 121 00d2 E616      		cp r14,r22
 122 00d4 F706      		cpc r15,r23
 123 00d6 04F0      		brlt .L5
 124 00d8 6C01      		movw r12,r24
 125 00da C618      		sub r12,r6
 126 00dc D708      		sbc r13,r7
 127 00de CE0C      		add r12,r14
 128 00e0 DF1C      		adc r13,r15
 129 00e2 89EF      		ldi r24,lo8(-7)
 130 00e4 9FEF      		ldi r25,hi8(-7)
 131 00e6 C80E      		add r12,r24
 132 00e8 D91E      		adc r13,r25
 133 00ea 00C0      		rjmp .L18
 134               	.L5:
 135 00ec 6C01      		movw r12,r24
 136 00ee C618      		sub r12,r6
 137 00f0 D708      		sbc r13,r7
 138 00f2 CE0C      		add r12,r14
 139 00f4 DF1C      		adc r13,r15
 140               	.L18:
 141 00f6 C00E      		add r12,r16
 142 00f8 D11E      		adc r13,r17
 143 00fa C61A      		sub r12,r22
 144 00fc D70A      		sbc r13,r23
 145 00fe 95E0      		ldi r25,lo8(5)
 146 0100 6916      		cp r6,r25
 147 0102 7104      		cpc r7,__zero_reg__
 148 0104 01F4      		brne .L7
 149 0106 F101      		movw r30,r2
 150 0108 EE0F      		lsl r30
 151 010a FF1F      		rol r31
 152 010c 4528      		or r4,r5
 153 010e 01F4      		brne .L8
 154 0110 E050      		subi r30,lo8(-(_lpdays))
 155 0112 F040      		sbci r31,hi8(-(_lpdays))
 156 0114 00C0      		rjmp .L19
 157               	.L8:
 158 0116 E050      		subi r30,lo8(-(_days))
 159 0118 F040      		sbci r31,hi8(-(_days))
 160               	.L19:
 161 011a 2081      		ld r18,Z
 162 011c 3181      		ldd r19,Z+1
 163 011e 2C15      		cp r18,r12
 164 0120 3D05      		cpc r19,r13
 165 0122 04F4      		brge .L7
 166 0124 A9EF      		ldi r26,lo8(-7)
 167 0126 BFEF      		ldi r27,hi8(-7)
 168 0128 CA0E      		add r12,r26
 169 012a DB1E      		adc r13,r27
 170 012c 00C0      		rjmp .L7
 171               	.L2:
GAS LISTING C:\Temp/ccMrGDF8.s 			page 4


 172 012e F101      		movw r30,r2
 173 0130 3197      		sbiw r30,1
 174 0132 4528      		or r4,r5
 175 0134 01F4      		brne .L10
 176 0136 EE0F      		lsl r30
 177 0138 FF1F      		rol r31
 178 013a E050      		subi r30,lo8(-(_lpdays))
 179 013c F040      		sbci r31,hi8(-(_lpdays))
 180 013e 00C0      		rjmp .L20
 181               	.L10:
 182 0140 EE0F      		lsl r30
 183 0142 FF1F      		rol r31
 184 0144 E050      		subi r30,lo8(-(_days))
 185 0146 F040      		sbci r31,hi8(-(_days))
 186               	.L20:
 187 0148 C080      		ld r12,Z
 188 014a D180      		ldd r13,Z+1
 189 014c C80E      		add r12,r24
 190 014e D91E      		adc r13,r25
 191               	.L7:
 192 0150 9501      		movw r18,r10
 193 0152 4427      		clr r20
 194 0154 37FD      		sbrc r19,7
 195 0156 4095      		com r20
 196 0158 542F      		mov r21,r20
 197 015a 2F83      		std Y+7,r18
 198 015c 3887      		std Y+8,r19
 199 015e 4987      		std Y+9,r20
 200 0160 5A87      		std Y+10,r21
 201 0162 4D81      		ldd r20,Y+5
 202 0164 5E81      		ldd r21,Y+6
 203 0166 4A01      		movw r8,r20
 204 0168 AA24      		clr r10
 205 016a 97FC      		sbrc r9,7
 206 016c A094      		com r10
 207 016e BA2C      		mov r11,r10
 208 0170 8BA1      		ldd r24,Y+35
 209 0172 9CA1      		ldd r25,Y+36
 210 0174 2C01      		movw r4,r24
 211 0176 6624      		clr r6
 212 0178 57FC      		sbrc r5,7
 213 017a 6094      		com r6
 214 017c 762C      		mov r7,r6
 215 017e 8DA1      		ldd r24,Y+37
 216 0180 9EA1      		ldd r25,Y+38
 217 0182 9C01      		movw r18,r24
 218 0184 4427      		clr r20
 219 0186 37FD      		sbrc r19,7
 220 0188 4095      		com r20
 221 018a 542F      		mov r21,r20
 222 018c 2B87      		std Y+11,r18
 223 018e 3C87      		std Y+12,r19
 224 0190 4D87      		std Y+13,r20
 225 0192 5E87      		std Y+14,r21
 226 0194 4981      		ldd r20,Y+1
 227 0196 5A81      		ldd r21,Y+2
 228 0198 4130      		cpi r20,1
GAS LISTING C:\Temp/ccMrGDF8.s 			page 5


 229 019a 5105      		cpc r21,__zero_reg__
 230 019c 01F4      		brne .L12
 231 019e D092 0000 		sts (dststart+2)+1,r13
 232 01a2 C092 0000 		sts dststart+2,r12
 233 01a6 6F81      		ldd r22,Y+7
 234 01a8 7885      		ldd r23,Y+8
 235 01aa 8985      		ldd r24,Y+9
 236 01ac 9A85      		ldd r25,Y+10
 237 01ae 2CE3      		ldi r18,lo8(60)
 238 01b0 30E0      		ldi r19,hi8(60)
 239 01b2 40E0      		ldi r20,hlo8(60)
 240 01b4 50E0      		ldi r21,hhi8(60)
 241 01b6 0E94 0000 		call __mulsi3
 242 01ba 860E      		add r8,r22
 243 01bc 971E      		adc r9,r23
 244 01be A81E      		adc r10,r24
 245 01c0 B91E      		adc r11,r25
 246 01c2 C501      		movw r24,r10
 247 01c4 B401      		movw r22,r8
 248 01c6 0E94 0000 		call __mulsi3
 249 01ca 460E      		add r4,r22
 250 01cc 571E      		adc r5,r23
 251 01ce 681E      		adc r6,r24
 252 01d0 791E      		adc r7,r25
 253 01d2 C301      		movw r24,r6
 254 01d4 B201      		movw r22,r4
 255 01d6 28EE      		ldi r18,lo8(1000)
 256 01d8 33E0      		ldi r19,hi8(1000)
 257 01da 40E0      		ldi r20,hlo8(1000)
 258 01dc 50E0      		ldi r21,hhi8(1000)
 259 01de 0E94 0000 		call __mulsi3
 260 01e2 2B85      		ldd r18,Y+11
 261 01e4 3C85      		ldd r19,Y+12
 262 01e6 4D85      		ldd r20,Y+13
 263 01e8 5E85      		ldd r21,Y+14
 264 01ea 260F      		add r18,r22
 265 01ec 371F      		adc r19,r23
 266 01ee 481F      		adc r20,r24
 267 01f0 591F      		adc r21,r25
 268 01f2 2093 0000 		sts dststart+4,r18
 269 01f6 3093 0000 		sts (dststart+4)+1,r19
 270 01fa 4093 0000 		sts (dststart+4)+2,r20
 271 01fe 5093 0000 		sts (dststart+4)+3,r21
 272 0202 4B81      		ldd r20,Y+3
 273 0204 5C81      		ldd r21,Y+4
 274 0206 5093 0000 		sts (dststart)+1,r21
 275 020a 4093 0000 		sts dststart,r20
 276 020e 00C0      		rjmp .L16
 277               	.L12:
 278 0210 D092 0000 		sts (dstend+2)+1,r13
 279 0214 C092 0000 		sts dstend+2,r12
 280 0218 6091 0000 		lds r22,_dstbias
 281 021c 7091 0000 		lds r23,(_dstbias)+1
 282 0220 8091 0000 		lds r24,(_dstbias)+2
 283 0224 9091 0000 		lds r25,(_dstbias)+3
 284 0228 28EE      		ldi r18,lo8(1000)
 285 022a 33E0      		ldi r19,hi8(1000)
GAS LISTING C:\Temp/ccMrGDF8.s 			page 6


 286 022c 40E0      		ldi r20,hlo8(1000)
 287 022e 50E0      		ldi r21,hhi8(1000)
 288 0230 0E94 0000 		call __mulsi3
 289 0234 7B01      		movw r14,r22
 290 0236 8C01      		movw r16,r24
 291 0238 8B85      		ldd r24,Y+11
 292 023a 9C85      		ldd r25,Y+12
 293 023c AD85      		ldd r26,Y+13
 294 023e BE85      		ldd r27,Y+14
 295 0240 E80E      		add r14,r24
 296 0242 F91E      		adc r15,r25
 297 0244 0A1F      		adc r16,r26
 298 0246 1B1F      		adc r17,r27
 299 0248 6F81      		ldd r22,Y+7
 300 024a 7885      		ldd r23,Y+8
 301 024c 8985      		ldd r24,Y+9
 302 024e 9A85      		ldd r25,Y+10
 303 0250 2CE3      		ldi r18,lo8(60)
 304 0252 30E0      		ldi r19,hi8(60)
 305 0254 40E0      		ldi r20,hlo8(60)
 306 0256 50E0      		ldi r21,hhi8(60)
 307 0258 0E94 0000 		call __mulsi3
 308 025c 860E      		add r8,r22
 309 025e 971E      		adc r9,r23
 310 0260 A81E      		adc r10,r24
 311 0262 B91E      		adc r11,r25
 312 0264 C501      		movw r24,r10
 313 0266 B401      		movw r22,r8
 314 0268 0E94 0000 		call __mulsi3
 315 026c 460E      		add r4,r22
 316 026e 571E      		adc r5,r23
 317 0270 681E      		adc r6,r24
 318 0272 791E      		adc r7,r25
 319 0274 C301      		movw r24,r6
 320 0276 B201      		movw r22,r4
 321 0278 28EE      		ldi r18,lo8(1000)
 322 027a 33E0      		ldi r19,hi8(1000)
 323 027c 40E0      		ldi r20,hlo8(1000)
 324 027e 50E0      		ldi r21,hhi8(1000)
 325 0280 0E94 0000 		call __mulsi3
 326 0284 E60E      		add r14,r22
 327 0286 F71E      		adc r15,r23
 328 0288 081F      		adc r16,r24
 329 028a 191F      		adc r17,r25
 330 028c E092 0000 		sts dstend+4,r14
 331 0290 F092 0000 		sts (dstend+4)+1,r15
 332 0294 0093 0000 		sts (dstend+4)+2,r16
 333 0298 1093 0000 		sts (dstend+4)+3,r17
 334 029c 17FF      		sbrs r17,7
 335 029e 00C0      		rjmp .L14
 336 02a0 20E0      		ldi r18,lo8(86400000)
 337 02a2 3CE5      		ldi r19,hi8(86400000)
 338 02a4 46E2      		ldi r20,hlo8(86400000)
 339 02a6 55E0      		ldi r21,hhi8(86400000)
 340 02a8 E20E      		add r14,r18
 341 02aa F31E      		adc r15,r19
 342 02ac 041F      		adc r16,r20
GAS LISTING C:\Temp/ccMrGDF8.s 			page 7


 343 02ae 151F      		adc r17,r21
 344 02b0 E092 0000 		sts dstend+4,r14
 345 02b4 F092 0000 		sts (dstend+4)+1,r15
 346 02b8 0093 0000 		sts (dstend+4)+2,r16
 347 02bc 1093 0000 		sts (dstend+4)+3,r17
 348 02c0 0894      		sec
 349 02c2 C108      		sbc r12,__zero_reg__
 350 02c4 D108      		sbc r13,__zero_reg__
 351 02c6 00C0      		rjmp .L21
 352               	.L14:
 353 02c8 30E0      		ldi r19,lo8(86400000)
 354 02ca E316      		cp r14,r19
 355 02cc 3CE5      		ldi r19,hi8(86400000)
 356 02ce F306      		cpc r15,r19
 357 02d0 36E2      		ldi r19,hlo8(86400000)
 358 02d2 0307      		cpc r16,r19
 359 02d4 35E0      		ldi r19,hhi8(86400000)
 360 02d6 1307      		cpc r17,r19
 361 02d8 04F0      		brlt .L15
 362 02da 80E0      		ldi r24,lo8(-86400000)
 363 02dc 94EA      		ldi r25,hi8(-86400000)
 364 02de A9ED      		ldi r26,hlo8(-86400000)
 365 02e0 BAEF      		ldi r27,hhi8(-86400000)
 366 02e2 E80E      		add r14,r24
 367 02e4 F91E      		adc r15,r25
 368 02e6 0A1F      		adc r16,r26
 369 02e8 1B1F      		adc r17,r27
 370 02ea E092 0000 		sts dstend+4,r14
 371 02ee F092 0000 		sts (dstend+4)+1,r15
 372 02f2 0093 0000 		sts (dstend+4)+2,r16
 373 02f6 1093 0000 		sts (dstend+4)+3,r17
 374 02fa 0894      		sec
 375 02fc C11C      		adc r12,__zero_reg__
 376 02fe D11C      		adc r13,__zero_reg__
 377               	.L21:
 378 0300 D092 0000 		sts (dstend+2)+1,r13
 379 0304 C092 0000 		sts dstend+2,r12
 380               	.L15:
 381 0308 AB81      		ldd r26,Y+3
 382 030a BC81      		ldd r27,Y+4
 383 030c B093 0000 		sts (dstend)+1,r27
 384 0310 A093 0000 		sts dstend,r26
 385               	.L16:
 386               	/* epilogue start */
 387 0314 2E96      		adiw r28,14
 388 0316 0FB6      		in __tmp_reg__,__SREG__
 389 0318 F894      		cli
 390 031a DEBF      		out __SP_H__,r29
 391 031c 0FBE      		out __SREG__,__tmp_reg__
 392 031e CDBF      		out __SP_L__,r28
 393 0320 CF91      		pop r28
 394 0322 DF91      		pop r29
 395 0324 1F91      		pop r17
 396 0326 0F91      		pop r16
 397 0328 FF90      		pop r15
 398 032a EF90      		pop r14
 399 032c DF90      		pop r13
GAS LISTING C:\Temp/ccMrGDF8.s 			page 8


 400 032e CF90      		pop r12
 401 0330 BF90      		pop r11
 402 0332 AF90      		pop r10
 403 0334 9F90      		pop r9
 404 0336 8F90      		pop r8
 405 0338 7F90      		pop r7
 406 033a 6F90      		pop r6
 407 033c 5F90      		pop r5
 408 033e 4F90      		pop r4
 409 0340 3F90      		pop r3
 410 0342 2F90      		pop r2
 411 0344 0895      		ret
 412               		.size	cvtdate, .-cvtdate
 413               	.global	_isindst
 414               		.type	_isindst, @function
 415               	_isindst:
 416 0346 8F92      		push r8
 417 0348 9F92      		push r9
 418 034a AF92      		push r10
 419 034c BF92      		push r11
 420 034e CF92      		push r12
 421 0350 DF92      		push r13
 422 0352 EF92      		push r14
 423 0354 FF92      		push r15
 424 0356 0F93      		push r16
 425 0358 1F93      		push r17
 426 035a CF93      		push r28
 427 035c DF93      		push r29
 428               	/* prologue: function */
 429               	/* frame size = 0 */
 430 035e EC01      		movw r28,r24
 431 0360 8091 0000 		lds r24,_daylight
 432 0364 9091 0000 		lds r25,(_daylight)+1
 433 0368 892B      		or r24,r25
 434 036a 01F4      		brne .+2
 435 036c 00C0      		rjmp .L23
 436 036e 4A85      		ldd r20,Y+10
 437 0370 5B85      		ldd r21,Y+11
 438 0372 8091 0000 		lds r24,dststart
 439 0376 9091 0000 		lds r25,(dststart)+1
 440 037a 4817      		cp r20,r24
 441 037c 5907      		cpc r21,r25
 442 037e 01F4      		brne .L24
 443 0380 8091 0000 		lds r24,dstend
 444 0384 9091 0000 		lds r25,(dstend)+1
 445 0388 4817      		cp r20,r24
 446 038a 5907      		cpc r21,r25
 447 038c 01F0      		breq .L25
 448               	.L24:
 449 038e 1F92      		push __zero_reg__
 450 0390 1F92      		push __zero_reg__
 451 0392 1F92      		push __zero_reg__
 452 0394 1F92      		push __zero_reg__
 453 0396 8824      		clr r8
 454 0398 9924      		clr r9
 455 039a 12E0      		ldi r17,lo8(2)
 456 039c A12E      		mov r10,r17
GAS LISTING C:\Temp/ccMrGDF8.s 			page 9


 457 039e B12C      		mov r11,__zero_reg__
 458 03a0 CC24      		clr r12
 459 03a2 DD24      		clr r13
 460 03a4 EE24      		clr r14
 461 03a6 FF24      		clr r15
 462 03a8 05E0      		ldi r16,lo8(5)
 463 03aa 10E0      		ldi r17,hi8(5)
 464 03ac 23E0      		ldi r18,lo8(3)
 465 03ae 30E0      		ldi r19,hi8(3)
 466 03b0 61E0      		ldi r22,lo8(1)
 467 03b2 70E0      		ldi r23,hi8(1)
 468 03b4 81E0      		ldi r24,lo8(1)
 469 03b6 90E0      		ldi r25,hi8(1)
 470 03b8 0E94 0000 		call cvtdate
 471 03bc 4A85      		ldd r20,Y+10
 472 03be 5B85      		ldd r21,Y+11
 473 03c0 1F92      		push __zero_reg__
 474 03c2 1F92      		push __zero_reg__
 475 03c4 1F92      		push __zero_reg__
 476 03c6 1F92      		push __zero_reg__
 477 03c8 2AE0      		ldi r18,lo8(10)
 478 03ca 30E0      		ldi r19,hi8(10)
 479 03cc 61E0      		ldi r22,lo8(1)
 480 03ce 70E0      		ldi r23,hi8(1)
 481 03d0 80E0      		ldi r24,lo8(0)
 482 03d2 90E0      		ldi r25,hi8(0)
 483 03d4 0E94 0000 		call cvtdate
 484 03d8 8DB7      		in r24,__SP_L__
 485 03da 9EB7      		in r25,__SP_H__
 486 03dc 0896      		adiw r24,8
 487 03de 0FB6      		in __tmp_reg__,__SREG__
 488 03e0 F894      		cli
 489 03e2 9EBF      		out __SP_H__,r25
 490 03e4 0FBE      		out __SREG__,__tmp_reg__
 491 03e6 8DBF      		out __SP_L__,r24
 492               	.L25:
 493 03e8 C090 0000 		lds r12,dststart+2
 494 03ec D090 0000 		lds r13,(dststart+2)+1
 495 03f0 2091 0000 		lds r18,dstend+2
 496 03f4 3091 0000 		lds r19,(dstend+2)+1
 497 03f8 8E85      		ldd r24,Y+14
 498 03fa 9F85      		ldd r25,Y+15
 499 03fc C216      		cp r12,r18
 500 03fe D306      		cpc r13,r19
 501 0400 04F4      		brge .L26
 502 0402 8C15      		cp r24,r12
 503 0404 9D05      		cpc r25,r13
 504 0406 04F4      		brge .+2
 505 0408 00C0      		rjmp .L23
 506 040a 2817      		cp r18,r24
 507 040c 3907      		cpc r19,r25
 508 040e 04F4      		brge .+2
 509 0410 00C0      		rjmp .L23
 510 0412 C816      		cp r12,r24
 511 0414 D906      		cpc r13,r25
 512 0416 04F4      		brge .L27
 513 0418 8217      		cp r24,r18
GAS LISTING C:\Temp/ccMrGDF8.s 			page 10


 514 041a 9307      		cpc r25,r19
 515 041c 04F4      		brge .L27
 516 041e 00C0      		rjmp .L28
 517               	.L26:
 518 0420 8217      		cp r24,r18
 519 0422 9307      		cpc r25,r19
 520 0424 04F4      		brge .+2
 521 0426 00C0      		rjmp .L28
 522 0428 C816      		cp r12,r24
 523 042a D906      		cpc r13,r25
 524 042c 04F4      		brge .+2
 525 042e 00C0      		rjmp .L28
 526 0430 2817      		cp r18,r24
 527 0432 3907      		cpc r19,r25
 528 0434 04F4      		brge .L27
 529 0436 8C15      		cp r24,r12
 530 0438 9D05      		cpc r25,r13
 531 043a 04F4      		brge .+2
 532 043c 00C0      		rjmp .L23
 533               	.L27:
 534 043e 6C81      		ldd r22,Y+4
 535 0440 7D81      		ldd r23,Y+5
 536 0442 8827      		clr r24
 537 0444 77FD      		sbrc r23,7
 538 0446 8095      		com r24
 539 0448 982F      		mov r25,r24
 540 044a 20E1      		ldi r18,lo8(3600)
 541 044c 3EE0      		ldi r19,hi8(3600)
 542 044e 40E0      		ldi r20,hlo8(3600)
 543 0450 50E0      		ldi r21,hhi8(3600)
 544 0452 0E94 0000 		call __mulsi3
 545 0456 7B01      		movw r14,r22
 546 0458 8C01      		movw r16,r24
 547 045a 6A81      		ldd r22,Y+2
 548 045c 7B81      		ldd r23,Y+3
 549 045e 8827      		clr r24
 550 0460 77FD      		sbrc r23,7
 551 0462 8095      		com r24
 552 0464 982F      		mov r25,r24
 553 0466 2CE3      		ldi r18,lo8(60)
 554 0468 30E0      		ldi r19,hi8(60)
 555 046a 40E0      		ldi r20,hlo8(60)
 556 046c 50E0      		ldi r21,hhi8(60)
 557 046e 0E94 0000 		call __mulsi3
 558 0472 E60E      		add r14,r22
 559 0474 F71E      		adc r15,r23
 560 0476 081F      		adc r16,r24
 561 0478 191F      		adc r17,r25
 562 047a 6881      		ld r22,Y
 563 047c 7981      		ldd r23,Y+1
 564 047e 8827      		clr r24
 565 0480 77FD      		sbrc r23,7
 566 0482 8095      		com r24
 567 0484 982F      		mov r25,r24
 568 0486 6E0D      		add r22,r14
 569 0488 7F1D      		adc r23,r15
 570 048a 801F      		adc r24,r16
GAS LISTING C:\Temp/ccMrGDF8.s 			page 11


 571 048c 911F      		adc r25,r17
 572 048e 28EE      		ldi r18,lo8(1000)
 573 0490 33E0      		ldi r19,hi8(1000)
 574 0492 40E0      		ldi r20,hlo8(1000)
 575 0494 50E0      		ldi r21,hhi8(1000)
 576 0496 0E94 0000 		call __mulsi3
 577 049a AB01      		movw r20,r22
 578 049c BC01      		movw r22,r24
 579 049e 8E85      		ldd r24,Y+14
 580 04a0 9F85      		ldd r25,Y+15
 581 04a2 8C15      		cp r24,r12
 582 04a4 9D05      		cpc r25,r13
 583 04a6 01F4      		brne .L29
 584 04a8 20E0      		ldi r18,lo8(0)
 585 04aa 30E0      		ldi r19,hi8(0)
 586 04ac 8091 0000 		lds r24,dststart+4
 587 04b0 9091 0000 		lds r25,(dststart+4)+1
 588 04b4 A091 0000 		lds r26,(dststart+4)+2
 589 04b8 B091 0000 		lds r27,(dststart+4)+3
 590 04bc 4817      		cp r20,r24
 591 04be 5907      		cpc r21,r25
 592 04c0 6A07      		cpc r22,r26
 593 04c2 7B07      		cpc r23,r27
 594 04c4 04F0      		brlt .L31
 595 04c6 00C0      		rjmp .L28
 596               	.L29:
 597 04c8 20E0      		ldi r18,lo8(0)
 598 04ca 30E0      		ldi r19,hi8(0)
 599 04cc 8091 0000 		lds r24,dstend+4
 600 04d0 9091 0000 		lds r25,(dstend+4)+1
 601 04d4 A091 0000 		lds r26,(dstend+4)+2
 602 04d8 B091 0000 		lds r27,(dstend+4)+3
 603 04dc 4817      		cp r20,r24
 604 04de 5907      		cpc r21,r25
 605 04e0 6A07      		cpc r22,r26
 606 04e2 7B07      		cpc r23,r27
 607 04e4 04F4      		brge .L31
 608 04e6 00C0      		rjmp .L28
 609               	.L23:
 610 04e8 20E0      		ldi r18,lo8(0)
 611 04ea 30E0      		ldi r19,hi8(0)
 612 04ec 00C0      		rjmp .L31
 613               	.L28:
 614 04ee 21E0      		ldi r18,lo8(1)
 615 04f0 30E0      		ldi r19,hi8(1)
 616               	.L31:
 617 04f2 C901      		movw r24,r18
 618               	/* epilogue start */
 619 04f4 DF91      		pop r29
 620 04f6 CF91      		pop r28
 621 04f8 1F91      		pop r17
 622 04fa 0F91      		pop r16
 623 04fc FF90      		pop r15
 624 04fe EF90      		pop r14
 625 0500 DF90      		pop r13
 626 0502 CF90      		pop r12
 627 0504 BF90      		pop r11
GAS LISTING C:\Temp/ccMrGDF8.s 			page 12


 628 0506 AF90      		pop r10
 629 0508 9F90      		pop r9
 630 050a 8F90      		pop r8
 631 050c 0895      		ret
 632               		.size	_isindst, .-_isindst
 633               	.global	_daylight
 634               		.data
 635               		.type	_daylight, @object
 636               		.size	_daylight, 2
 637               	_daylight:
 638 0000 0100      		.word	1
 639               	.global	_dstbias
 640               		.type	_dstbias, @object
 641               		.size	_dstbias, 4
 642               	_dstbias:
 643 0002 F0        		.byte	-16
 644 0003 F1        		.byte	-15
 645 0004 FF        		.byte	-1
 646 0005 FF        		.byte	-1
 647               	.global	_timezone
 648               		.type	_timezone, @object
 649               		.size	_timezone, 4
 650               	_timezone:
 651 0006 50        		.byte	80
 652 0007 46        		.byte	70
 653 0008 00        		.byte	0
 654 0009 00        		.byte	0
 655               		.type	dststart, @object
 656               		.size	dststart, 8
 657               	dststart:
 658 000a FFFF      		.word	-1
 659 000c 0000      		.word	0
 660 000e 00        		.byte	0
 661 000f 00        		.byte	0
 662 0010 00        		.byte	0
 663 0011 00        		.byte	0
 664               		.type	dstend, @object
 665               		.size	dstend, 8
 666               	dstend:
 667 0012 FFFF      		.word	-1
 668 0014 0000      		.word	0
 669 0016 00        		.byte	0
 670 0017 00        		.byte	0
 671 0018 00        		.byte	0
 672 0019 00        		.byte	0
GAS LISTING C:\Temp/ccMrGDF8.s 			page 13


DEFINED SYMBOLS
                            *ABS*:00000000 tzset.c
  C:\Temp/ccMrGDF8.s:2      *ABS*:0000003f __SREG__
  C:\Temp/ccMrGDF8.s:3      *ABS*:0000003e __SP_H__
  C:\Temp/ccMrGDF8.s:4      *ABS*:0000003d __SP_L__
  C:\Temp/ccMrGDF8.s:5      *ABS*:00000034 __CCP__
  C:\Temp/ccMrGDF8.s:6      *ABS*:00000000 __tmp_reg__
  C:\Temp/ccMrGDF8.s:7      *ABS*:00000001 __zero_reg__
  C:\Temp/ccMrGDF8.s:12     .text:00000000 cvtdate
  C:\Temp/ccMrGDF8.s:657    .data:0000000a dststart
  C:\Temp/ccMrGDF8.s:666    .data:00000012 dstend
  C:\Temp/ccMrGDF8.s:642    .data:00000002 _dstbias
  C:\Temp/ccMrGDF8.s:415    .text:00000346 _isindst
  C:\Temp/ccMrGDF8.s:637    .data:00000000 _daylight
  C:\Temp/ccMrGDF8.s:650    .data:00000006 _timezone

UNDEFINED SYMBOLS
__do_copy_data
__do_clear_bss
_lpdays
_days
__divmodsi4
__mulsi3
