GAS LISTING C:\Temp/ccQywSHJ.s 			page 1


   1               		.file	"ungetc.c"
   2               	__SREG__ = 0x3f
   3               	__SP_H__ = 0x3e
   4               	__SP_L__ = 0x3d
   5               	__CCP__  = 0x34
   6               	__tmp_reg__ = 0
   7               	__zero_reg__ = 1
   8               		.global __do_copy_data
   9               		.global __do_clear_bss
  10               		.text
  11               	.global	ungetc
  12               		.type	ungetc, @function
  13               	ungetc:
  14               	/* prologue: function */
  15               	/* frame size = 0 */
  16 0000 9C01      		movw r18,r24
  17 0002 FB01      		movw r30,r22
  18 0004 8481      		ldd r24,Z+4
  19 0006 83FF      		sbrs r24,3
  20 0008 00C0      		rjmp .L2
  21 000a 2FEF      		ldi r18,lo8(-1)
  22 000c 3FEF      		ldi r19,hi8(-1)
  23 000e 00C0      		rjmp .L3
  24               	.L2:
  25 0010 9FEF      		ldi r25,hi8(-1)
  26 0012 2F3F      		cpi r18,lo8(-1)
  27 0014 3907      		cpc r19,r25
  28 0016 01F0      		breq .L3
  29 0018 3683      		std Z+6,r19
  30 001a 2583      		std Z+5,r18
  31 001c 8860      		ori r24,lo8(8)
  32 001e 8483      		std Z+4,r24
  33               	.L3:
  34 0020 C901      		movw r24,r18
  35               	/* epilogue start */
  36 0022 0895      		ret
  37               		.size	ungetc, .-ungetc
GAS LISTING C:\Temp/ccQywSHJ.s 			page 2


DEFINED SYMBOLS
                            *ABS*:00000000 ungetc.c
  C:\Temp/ccQywSHJ.s:2      *ABS*:0000003f __SREG__
  C:\Temp/ccQywSHJ.s:3      *ABS*:0000003e __SP_H__
  C:\Temp/ccQywSHJ.s:4      *ABS*:0000003d __SP_L__
  C:\Temp/ccQywSHJ.s:5      *ABS*:00000034 __CCP__
  C:\Temp/ccQywSHJ.s:6      *ABS*:00000000 __tmp_reg__
  C:\Temp/ccQywSHJ.s:7      *ABS*:00000001 __zero_reg__
  C:\Temp/ccQywSHJ.s:13     .text:00000000 ungetc

UNDEFINED SYMBOLS
__do_copy_data
__do_clear_bss
