GAS LISTING C:\Temp/ccB4lSU3.s 			page 1


   1               		.file	"vfprintf_p.c"
   2               	__SREG__ = 0x3f
   3               	__SP_H__ = 0x3e
   4               	__SP_L__ = 0x3d
   5               	__CCP__  = 0x34
   6               	__tmp_reg__ = 0
   7               	__zero_reg__ = 1
   8               		.global __do_copy_data
   9               		.global __do_clear_bss
  10               		.text
  11               	.global	vfprintf_P
  12               		.type	vfprintf_P, @function
  13               	vfprintf_P:
  14 0000 AF92      		push r10
  15 0002 BF92      		push r11
  16 0004 CF92      		push r12
  17 0006 DF92      		push r13
  18 0008 EF92      		push r14
  19 000a FF92      		push r15
  20 000c 0F93      		push r16
  21 000e 1F93      		push r17
  22 0010 CF93      		push r28
  23 0012 DF93      		push r29
  24               	/* prologue: function */
  25               	/* frame size = 0 */
  26 0014 5C01      		movw r10,r24
  27 0016 7B01      		movw r14,r22
  28 0018 6A01      		movw r12,r20
  29 001a CB01      		movw r24,r22
  30 001c 0E94 0000 		call strlen_P
  31 0020 8C01      		movw r16,r24
  32 0022 0F5F      		subi r16,lo8(-(1))
  33 0024 1F4F      		sbci r17,hi8(-(1))
  34 0026 B801      		movw r22,r16
  35 0028 80E0      		ldi r24,lo8(heapFreeList)
  36 002a 90E0      		ldi r25,hi8(heapFreeList)
  37 002c 0E94 0000 		call NutHeapRootAlloc
  38 0030 EC01      		movw r28,r24
  39 0032 0097      		sbiw r24,0
  40 0034 01F4      		brne .L2
  41 0036 0FEF      		ldi r16,lo8(-1)
  42 0038 1FEF      		ldi r17,hi8(-1)
  43 003a 00C0      		rjmp .L3
  44               	.L2:
  45 003c A801      		movw r20,r16
  46 003e B701      		movw r22,r14
  47 0040 0E94 0000 		call memcpy_P
  48 0044 F501      		movw r30,r10
  49 0046 6081      		ld r22,Z
  50 0048 7181      		ldd r23,Z+1
  51 004a 9601      		movw r18,r12
  52 004c AE01      		movw r20,r28
  53 004e 80E0      		ldi r24,lo8(gs(_write))
  54 0050 90E0      		ldi r25,hi8(gs(_write))
  55 0052 0E94 0000 		call _putf
  56 0056 8C01      		movw r16,r24
  57 0058 BE01      		movw r22,r28
GAS LISTING C:\Temp/ccB4lSU3.s 			page 2


  58 005a 80E0      		ldi r24,lo8(heapFreeList)
  59 005c 90E0      		ldi r25,hi8(heapFreeList)
  60 005e 0E94 0000 		call NutHeapRootFree
  61               	.L3:
  62 0062 C801      		movw r24,r16
  63               	/* epilogue start */
  64 0064 DF91      		pop r29
  65 0066 CF91      		pop r28
  66 0068 1F91      		pop r17
  67 006a 0F91      		pop r16
  68 006c FF90      		pop r15
  69 006e EF90      		pop r14
  70 0070 DF90      		pop r13
  71 0072 CF90      		pop r12
  72 0074 BF90      		pop r11
  73 0076 AF90      		pop r10
  74 0078 0895      		ret
  75               		.size	vfprintf_P, .-vfprintf_P
GAS LISTING C:\Temp/ccB4lSU3.s 			page 3


DEFINED SYMBOLS
                            *ABS*:00000000 vfprintf_p.c
  C:\Temp/ccB4lSU3.s:2      *ABS*:0000003f __SREG__
  C:\Temp/ccB4lSU3.s:3      *ABS*:0000003e __SP_H__
  C:\Temp/ccB4lSU3.s:4      *ABS*:0000003d __SP_L__
  C:\Temp/ccB4lSU3.s:5      *ABS*:00000034 __CCP__
  C:\Temp/ccB4lSU3.s:6      *ABS*:00000000 __tmp_reg__
  C:\Temp/ccB4lSU3.s:7      *ABS*:00000001 __zero_reg__
  C:\Temp/ccB4lSU3.s:13     .text:00000000 vfprintf_P

UNDEFINED SYMBOLS
__do_copy_data
__do_clear_bss
strlen_P
heapFreeList
NutHeapRootAlloc
memcpy_P
_write
_putf
NutHeapRootFree
