GAS LISTING C:\Temp/ccoUQDsO.s 			page 1


   1               		.file	"vfscanf.c"
   2               	__SREG__ = 0x3f
   3               	__SP_H__ = 0x3e
   4               	__SP_L__ = 0x3d
   5               	__CCP__  = 0x34
   6               	__tmp_reg__ = 0
   7               	__zero_reg__ = 1
   8               		.global __do_copy_data
   9               		.global __do_clear_bss
  10               		.text
  11               	.global	vfscanf
  12               		.type	vfscanf, @function
  13               	vfscanf:
  14 0000 EF92      		push r14
  15 0002 FF92      		push r15
  16 0004 0F93      		push r16
  17 0006 1F93      		push r17
  18               	/* prologue: function */
  19               	/* frame size = 0 */
  20 0008 8B01      		movw r16,r22
  21 000a 7A01      		movw r14,r20
  22 000c 0E94 0000 		call _fileno
  23 0010 9701      		movw r18,r14
  24 0012 A801      		movw r20,r16
  25 0014 BC01      		movw r22,r24
  26 0016 80E0      		ldi r24,lo8(gs(_read))
  27 0018 90E0      		ldi r25,hi8(gs(_read))
  28 001a 0E94 0000 		call _getf
  29               	/* epilogue start */
  30 001e 1F91      		pop r17
  31 0020 0F91      		pop r16
  32 0022 FF90      		pop r15
  33 0024 EF90      		pop r14
  34 0026 0895      		ret
  35               		.size	vfscanf, .-vfscanf
GAS LISTING C:\Temp/ccoUQDsO.s 			page 2


DEFINED SYMBOLS
                            *ABS*:00000000 vfscanf.c
  C:\Temp/ccoUQDsO.s:2      *ABS*:0000003f __SREG__
  C:\Temp/ccoUQDsO.s:3      *ABS*:0000003e __SP_H__
  C:\Temp/ccoUQDsO.s:4      *ABS*:0000003d __SP_L__
  C:\Temp/ccoUQDsO.s:5      *ABS*:00000034 __CCP__
  C:\Temp/ccoUQDsO.s:6      *ABS*:00000000 __tmp_reg__
  C:\Temp/ccoUQDsO.s:7      *ABS*:00000001 __zero_reg__
  C:\Temp/ccoUQDsO.s:13     .text:00000000 vfscanf

UNDEFINED SYMBOLS
__do_copy_data
__do_clear_bss
_fileno
_read
_getf
