GAS LISTING C:\Temp/ccpIi5bg.s 			page 1


   1               		.file	"vsprintf.c"
   2               	__SREG__ = 0x3f
   3               	__SP_H__ = 0x3e
   4               	__SP_L__ = 0x3d
   5               	__CCP__  = 0x34
   6               	__tmp_reg__ = 0
   7               	__zero_reg__ = 1
   8               		.global __do_copy_data
   9               		.global __do_clear_bss
  10               		.text
  11               	.global	vsprintf
  12               		.type	vsprintf, @function
  13               	vsprintf:
  14 0000 DF93      		push r29
  15 0002 CF93      		push r28
  16 0004 00D0      		rcall .
  17 0006 CDB7      		in r28,__SP_L__
  18 0008 DEB7      		in r29,__SP_H__
  19               	/* prologue: function */
  20               	/* frame size = 2 */
  21 000a 9A83      		std Y+2,r25
  22 000c 8983      		std Y+1,r24
  23 000e 9A01      		movw r18,r20
  24 0010 AB01      		movw r20,r22
  25 0012 BE01      		movw r22,r28
  26 0014 6F5F      		subi r22,lo8(-(1))
  27 0016 7F4F      		sbci r23,hi8(-(1))
  28 0018 80E0      		ldi r24,lo8(gs(_sputb))
  29 001a 90E0      		ldi r25,hi8(gs(_sputb))
  30 001c 0E94 0000 		call _putf
  31 0020 E981      		ldd r30,Y+1
  32 0022 FA81      		ldd r31,Y+2
  33 0024 1082      		st Z,__zero_reg__
  34               	/* epilogue start */
  35 0026 0F90      		pop __tmp_reg__
  36 0028 0F90      		pop __tmp_reg__
  37 002a CF91      		pop r28
  38 002c DF91      		pop r29
  39 002e 0895      		ret
  40               		.size	vsprintf, .-vsprintf
  41               		.type	_sputb, @function
  42               	_sputb:
  43 0030 EF92      		push r14
  44 0032 FF92      		push r15
  45 0034 0F93      		push r16
  46 0036 1F93      		push r17
  47               	/* prologue: function */
  48               	/* frame size = 0 */
  49 0038 7A01      		movw r14,r20
  50 003a 8C01      		movw r16,r24
  51 003c FC01      		movw r30,r24
  52 003e 8081      		ld r24,Z
  53 0040 9181      		ldd r25,Z+1
  54 0042 0E94 0000 		call memcpy
  55 0046 F801      		movw r30,r16
  56 0048 8081      		ld r24,Z
  57 004a 9181      		ldd r25,Z+1
GAS LISTING C:\Temp/ccpIi5bg.s 			page 2


  58 004c 8E0D      		add r24,r14
  59 004e 9F1D      		adc r25,r15
  60 0050 9183      		std Z+1,r25
  61 0052 8083      		st Z,r24
  62 0054 C701      		movw r24,r14
  63               	/* epilogue start */
  64 0056 1F91      		pop r17
  65 0058 0F91      		pop r16
  66 005a FF90      		pop r15
  67 005c EF90      		pop r14
  68 005e 0895      		ret
  69               		.size	_sputb, .-_sputb
GAS LISTING C:\Temp/ccpIi5bg.s 			page 3


DEFINED SYMBOLS
                            *ABS*:00000000 vsprintf.c
  C:\Temp/ccpIi5bg.s:2      *ABS*:0000003f __SREG__
  C:\Temp/ccpIi5bg.s:3      *ABS*:0000003e __SP_H__
  C:\Temp/ccpIi5bg.s:4      *ABS*:0000003d __SP_L__
  C:\Temp/ccpIi5bg.s:5      *ABS*:00000034 __CCP__
  C:\Temp/ccpIi5bg.s:6      *ABS*:00000000 __tmp_reg__
  C:\Temp/ccpIi5bg.s:7      *ABS*:00000001 __zero_reg__
  C:\Temp/ccpIi5bg.s:13     .text:00000000 vsprintf
  C:\Temp/ccpIi5bg.s:42     .text:00000030 _sputb

UNDEFINED SYMBOLS
__do_copy_data
__do_clear_bss
_putf
memcpy
