GAS LISTING C:\Temp/ccWuunOe.s 			page 1


   1               		.file	"vsscanf.c"
   2               	__SREG__ = 0x3f
   3               	__SP_H__ = 0x3e
   4               	__SP_L__ = 0x3d
   5               	__CCP__  = 0x34
   6               	__tmp_reg__ = 0
   7               	__zero_reg__ = 1
   8               		.global __do_copy_data
   9               		.global __do_clear_bss
  10               		.text
  11               		.type	_sgetb, @function
  12               	_sgetb:
  13 0000 CF93      		push r28
  14 0002 DF93      		push r29
  15               	/* prologue: function */
  16               	/* frame size = 0 */
  17 0004 EC01      		movw r28,r24
  18 0006 20E0      		ldi r18,lo8(0)
  19 0008 30E0      		ldi r19,hi8(0)
  20 000a 00C0      		rjmp .L2
  21               	.L4:
  22 000c FB01      		movw r30,r22
  23 000e E20F      		add r30,r18
  24 0010 F31F      		adc r31,r19
  25 0012 8083      		st Z,r24
  26 0014 1196      		adiw r26,1
  27 0016 B983      		std Y+1,r27
  28 0018 A883      		st Y,r26
  29 001a 2F5F      		subi r18,lo8(-(1))
  30 001c 3F4F      		sbci r19,hi8(-(1))
  31               	.L2:
  32 001e 4217      		cp r20,r18
  33 0020 5307      		cpc r21,r19
  34 0022 01F0      		breq .L3
  35 0024 A881      		ld r26,Y
  36 0026 B981      		ldd r27,Y+1
  37 0028 8C91      		ld r24,X
  38 002a 8823      		tst r24
  39 002c 01F4      		brne .L4
  40               	.L3:
  41 002e C901      		movw r24,r18
  42               	/* epilogue start */
  43 0030 DF91      		pop r29
  44 0032 CF91      		pop r28
  45 0034 0895      		ret
  46               		.size	_sgetb, .-_sgetb
  47               	.global	vsscanf
  48               		.type	vsscanf, @function
  49               	vsscanf:
  50 0036 DF93      		push r29
  51 0038 CF93      		push r28
  52 003a 00D0      		rcall .
  53 003c CDB7      		in r28,__SP_L__
  54 003e DEB7      		in r29,__SP_H__
  55               	/* prologue: function */
  56               	/* frame size = 2 */
  57 0040 9A01      		movw r18,r20
GAS LISTING C:\Temp/ccWuunOe.s 			page 2


  58 0042 9A83      		std Y+2,r25
  59 0044 8983      		std Y+1,r24
  60 0046 AB01      		movw r20,r22
  61 0048 BE01      		movw r22,r28
  62 004a 6F5F      		subi r22,lo8(-(1))
  63 004c 7F4F      		sbci r23,hi8(-(1))
  64 004e 80E0      		ldi r24,lo8(gs(_sgetb))
  65 0050 90E0      		ldi r25,hi8(gs(_sgetb))
  66 0052 0E94 0000 		call _getf
  67               	/* epilogue start */
  68 0056 0F90      		pop __tmp_reg__
  69 0058 0F90      		pop __tmp_reg__
  70 005a CF91      		pop r28
  71 005c DF91      		pop r29
  72 005e 0895      		ret
  73               		.size	vsscanf, .-vsscanf
GAS LISTING C:\Temp/ccWuunOe.s 			page 3


DEFINED SYMBOLS
                            *ABS*:00000000 vsscanf.c
  C:\Temp/ccWuunOe.s:2      *ABS*:0000003f __SREG__
  C:\Temp/ccWuunOe.s:3      *ABS*:0000003e __SP_H__
  C:\Temp/ccWuunOe.s:4      *ABS*:0000003d __SP_L__
  C:\Temp/ccWuunOe.s:5      *ABS*:00000034 __CCP__
  C:\Temp/ccWuunOe.s:6      *ABS*:00000000 __tmp_reg__
  C:\Temp/ccWuunOe.s:7      *ABS*:00000001 __zero_reg__
  C:\Temp/ccWuunOe.s:12     .text:00000000 _sgetb
  C:\Temp/ccWuunOe.s:49     .text:00000036 vsscanf

UNDEFINED SYMBOLS
__do_copy_data
__do_clear_bss
_getf
