GAS LISTING C:\Temp/cc6v9aDR.s 			page 1


   1               		.file	"write_p.c"
   2               	__SREG__ = 0x3f
   3               	__SP_H__ = 0x3e
   4               	__SP_L__ = 0x3d
   5               	__CCP__  = 0x34
   6               	__tmp_reg__ = 0
   7               	__zero_reg__ = 1
   8               		.global __do_copy_data
   9               		.global __do_clear_bss
  10               		.text
  11               	.global	_write_P
  12               		.type	_write_P, @function
  13               	_write_P:
  14               	/* prologue: function */
  15               	/* frame size = 0 */
  16 0000 DC01      		movw r26,r24
  17 0002 1296      		adiw r26,2
  18 0004 ED91      		ld r30,X+
  19 0006 FC91      		ld r31,X
  20 0008 1397      		sbiw r26,2+1
  21 000a 3097      		sbiw r30,0
  22 000c 01F4      		brne .L2
  23 000e 1996      		adiw r26,9
  24 0010 ED91      		ld r30,X+
  25 0012 FC91      		ld r31,X
  26 0014 1A97      		sbiw r26,9+1
  27 0016 0995      		icall
  28 0018 0895      		ret
  29               	.L2:
  30 001a 038C      		ldd __tmp_reg__,Z+27
  31 001c F48D      		ldd r31,Z+28
  32 001e E02D      		mov r30,__tmp_reg__
  33 0020 0995      		icall
  34 0022 0895      		ret
  35               		.size	_write_P, .-_write_P
GAS LISTING C:\Temp/cc6v9aDR.s 			page 2


DEFINED SYMBOLS
                            *ABS*:00000000 write_p.c
  C:\Temp/cc6v9aDR.s:2      *ABS*:0000003f __SREG__
  C:\Temp/cc6v9aDR.s:3      *ABS*:0000003e __SP_H__
  C:\Temp/cc6v9aDR.s:4      *ABS*:0000003d __SP_L__
  C:\Temp/cc6v9aDR.s:5      *ABS*:00000034 __CCP__
  C:\Temp/cc6v9aDR.s:6      *ABS*:00000000 __tmp_reg__
  C:\Temp/cc6v9aDR.s:7      *ABS*:00000001 __zero_reg__
  C:\Temp/cc6v9aDR.s:13     .text:00000000 _write_P

UNDEFINED SYMBOLS
__do_copy_data
__do_clear_bss
