GAS LISTING C:\DOCUME~1\ADMINI~1\LOCALS~1\Temp/ccXihXoL.s 			page 1


   1               		.file	"lpushpop.c"
   2               	__SREG__ = 0x3f
   3               	__SP_H__ = 0x3e
   4               	__SP_L__ = 0x3d
   5               	__CCP__  = 0x34
   6               	__tmp_reg__ = 0
   7               	__zero_reg__ = 1
   8               		.text
   9               	.global	LiLiLocateItem
  10               		.type	LiLiLocateItem, @function
  11               	LiLiLocateItem:
  12 0000 EF92      		push r14
  13 0002 FF92      		push r15
  14 0004 0F93      		push r16
  15 0006 1F93      		push r17
  16 0008 CF93      		push r28
  17 000a DF93      		push r29
  18               	/* prologue: function */
  19               	/* frame size = 0 */
  20 000c 8C01      		movw r16,r24
  21 000e 7B01      		movw r14,r22
  22 0010 DC01      		movw r26,r24
  23 0012 CD91      		ld r28,X+
  24 0014 DC91      		ld r29,X
  25 0016 00C0      		rjmp .L2
  26               	.L4:
  27 0018 D801      		movw r26,r16
  28 001a 1996      		adiw r26,9
  29 001c ED91      		ld r30,X+
  30 001e FC91      		ld r31,X
  31 0020 1A97      		sbiw r26,9+1
  32 0022 8C81      		ldd r24,Y+4
  33 0024 9D81      		ldd r25,Y+5
  34 0026 B701      		movw r22,r14
  35 0028 0995      		icall
  36 002a 97FF      		sbrs r25,7
  37 002c 00C0      		rjmp .L3
  38 002e 0990      		ld __tmp_reg__,Y+
  39 0030 D881      		ld r29,Y
  40 0032 C02D      		mov r28,__tmp_reg__
  41               	.L2:
  42 0034 2097      		sbiw r28,0
  43 0036 01F4      		brne .L4
  44               	.L3:
  45 0038 CE01      		movw r24,r28
  46               	/* epilogue start */
  47 003a DF91      		pop r29
  48 003c CF91      		pop r28
  49 003e 1F91      		pop r17
  50 0040 0F91      		pop r16
  51 0042 FF90      		pop r15
  52 0044 EF90      		pop r14
  53 0046 0895      		ret
  54               		.size	LiLiLocateItem, .-LiLiLocateItem
  55               	.global	LiLiFindItem
  56               		.type	LiLiFindItem, @function
  57               	LiLiFindItem:
GAS LISTING C:\DOCUME~1\ADMINI~1\LOCALS~1\Temp/ccXihXoL.s 			page 2


  58 0048 EF92      		push r14
  59 004a FF92      		push r15
  60 004c 0F93      		push r16
  61 004e 1F93      		push r17
  62 0050 CF93      		push r28
  63 0052 DF93      		push r29
  64               	/* prologue: function */
  65               	/* frame size = 0 */
  66 0054 8C01      		movw r16,r24
  67 0056 7B01      		movw r14,r22
  68 0058 DC01      		movw r26,r24
  69 005a CD91      		ld r28,X+
  70 005c DC91      		ld r29,X
  71 005e 00C0      		rjmp .L7
  72               	.L10:
  73 0060 D801      		movw r26,r16
  74 0062 1996      		adiw r26,9
  75 0064 ED91      		ld r30,X+
  76 0066 FC91      		ld r31,X
  77 0068 1A97      		sbiw r26,9+1
  78 006a 8C81      		ldd r24,Y+4
  79 006c 9D81      		ldd r25,Y+5
  80 006e B701      		movw r22,r14
  81 0070 0995      		icall
  82 0072 0097      		sbiw r24,0
  83 0074 01F0      		breq .L8
  84 0076 1816      		cp __zero_reg__,r24
  85 0078 1906      		cpc __zero_reg__,r25
  86 007a 04F4      		brge .L9
  87 007c F801      		movw r30,r16
  88 007e 8481      		ldd r24,Z+4
  89 0080 8370      		andi r24,lo8(3)
  90 0082 8230      		cpi r24,lo8(2)
  91 0084 01F4      		brne .L9
  92 0086 C0E0      		ldi r28,lo8(0)
  93 0088 D0E0      		ldi r29,hi8(0)
  94 008a 00C0      		rjmp .L8
  95               	.L9:
  96 008c 0990      		ld __tmp_reg__,Y+
  97 008e D881      		ld r29,Y
  98 0090 C02D      		mov r28,__tmp_reg__
  99               	.L7:
 100 0092 2097      		sbiw r28,0
 101 0094 01F4      		brne .L10
 102               	.L8:
 103 0096 CE01      		movw r24,r28
 104               	/* epilogue start */
 105 0098 DF91      		pop r29
 106 009a CF91      		pop r28
 107 009c 1F91      		pop r17
 108 009e 0F91      		pop r16
 109 00a0 FF90      		pop r15
 110 00a2 EF90      		pop r14
 111 00a4 0895      		ret
 112               		.size	LiLiFindItem, .-LiLiFindItem
 113               	.global	LiLiPopItem
 114               		.type	LiLiPopItem, @function
GAS LISTING C:\DOCUME~1\ADMINI~1\LOCALS~1\Temp/ccXihXoL.s 			page 3


 115               	LiLiPopItem:
 116 00a6 CF93      		push r28
 117 00a8 DF93      		push r29
 118               	/* prologue: function */
 119               	/* frame size = 0 */
 120 00aa FC01      		movw r30,r24
 121 00ac DB01      		movw r26,r22
 122 00ae C081      		ld r28,Z
 123 00b0 D181      		ldd r29,Z+1
 124 00b2 2097      		sbiw r28,0
 125 00b4 01F0      		breq .L13
 126 00b6 8481      		ldd r24,Z+4
 127 00b8 8370      		andi r24,lo8(3)
 128 00ba 8130      		cpi r24,lo8(1)
 129 00bc 01F4      		brne .L14
 130 00be C281      		ldd r28,Z+2
 131 00c0 D381      		ldd r29,Z+3
 132               	.L14:
 133 00c2 8C81      		ldd r24,Y+4
 134 00c4 9D81      		ldd r25,Y+5
 135 00c6 8D93      		st X+,r24
 136 00c8 9C93      		st X,r25
 137 00ca CF01      		movw r24,r30
 138 00cc BE01      		movw r22,r28
 139 00ce 0E94 0000 		call LiLiRemoveNode
 140 00d2 CD2B      		or r28,r29
 141 00d4 01F0      		breq .L13
 142 00d6 20E0      		ldi r18,lo8(0)
 143 00d8 30E0      		ldi r19,hi8(0)
 144 00da 00C0      		rjmp .L15
 145               	.L13:
 146 00dc 2FEF      		ldi r18,lo8(-1)
 147 00de 3FEF      		ldi r19,hi8(-1)
 148               	.L15:
 149 00e0 C901      		movw r24,r18
 150               	/* epilogue start */
 151 00e2 DF91      		pop r29
 152 00e4 CF91      		pop r28
 153 00e6 0895      		ret
 154               		.size	LiLiPopItem, .-LiLiPopItem
 155               	.global	LiLiPushItem
 156               		.type	LiLiPushItem, @function
 157               	LiLiPushItem:
 158 00e8 EF92      		push r14
 159 00ea FF92      		push r15
 160 00ec 0F93      		push r16
 161 00ee 1F93      		push r17
 162 00f0 CF93      		push r28
 163 00f2 DF93      		push r29
 164               	/* prologue: function */
 165               	/* frame size = 0 */
 166 00f4 EC01      		movw r28,r24
 167 00f6 7B01      		movw r14,r22
 168 00f8 0A81      		ldd r16,Y+2
 169 00fa 1B81      		ldd r17,Y+3
 170 00fc 0115      		cp r16,__zero_reg__
 171 00fe 1105      		cpc r17,__zero_reg__
GAS LISTING C:\DOCUME~1\ADMINI~1\LOCALS~1\Temp/ccXihXoL.s 			page 4


 172 0100 01F0      		breq .L18
 173 0102 9C81      		ldd r25,Y+4
 174 0104 892F      		mov r24,r25
 175 0106 8370      		andi r24,lo8(3)
 176 0108 8230      		cpi r24,lo8(2)
 177 010a 01F4      		brne .L19
 178 010c E985      		ldd r30,Y+9
 179 010e FA85      		ldd r31,Y+10
 180 0110 D801      		movw r26,r16
 181 0112 1496      		adiw r26,4
 182 0114 8D91      		ld r24,X+
 183 0116 9C91      		ld r25,X
 184 0118 1597      		sbiw r26,4+1
 185 011a 0995      		icall
 186 011c 9C01      		movw r18,r24
 187 011e 1816      		cp __zero_reg__,r24
 188 0120 1906      		cpc __zero_reg__,r25
 189 0122 04F0      		brlt .L20
 190 0124 0097      		sbiw r24,0
 191 0126 01F4      		brne .L21
 192 0128 8C81      		ldd r24,Y+4
 193 012a 87FD      		sbrc r24,7
 194 012c 00C0      		rjmp .L22
 195               	.L21:
 196 012e CE01      		movw r24,r28
 197 0130 B801      		movw r22,r16
 198 0132 A701      		movw r20,r14
 199 0134 0E94 0000 		call LiLiInsertItemAfterNode
 200 0138 00C0      		rjmp .L28
 201               	.L20:
 202 013a CE01      		movw r24,r28
 203 013c B701      		movw r22,r14
 204 013e 0E94 0000 		call LiLiLocateItem
 205 0142 8C01      		movw r16,r24
 206 0144 8C81      		ldd r24,Y+4
 207 0146 87FF      		sbrs r24,7
 208 0148 00C0      		rjmp .L18
 209 014a E985      		ldd r30,Y+9
 210 014c FA85      		ldd r31,Y+10
 211 014e D801      		movw r26,r16
 212 0150 1496      		adiw r26,4
 213 0152 8D91      		ld r24,X+
 214 0154 9C91      		ld r25,X
 215 0156 1597      		sbiw r26,4+1
 216 0158 B701      		movw r22,r14
 217 015a 0995      		icall
 218 015c 892B      		or r24,r25
 219 015e 01F4      		brne .L18
 220 0160 00C0      		rjmp .L23
 221               	.L19:
 222 0162 97FF      		sbrs r25,7
 223 0164 00C0      		rjmp .L25
 224 0166 CE01      		movw r24,r28
 225 0168 0E94 0000 		call LiLiFindItem
 226 016c 892B      		or r24,r25
 227 016e 01F4      		brne .L23
 228               	.L25:
GAS LISTING C:\DOCUME~1\ADMINI~1\LOCALS~1\Temp/ccXihXoL.s 			page 5


 229 0170 0881      		ld r16,Y
 230 0172 1981      		ldd r17,Y+1
 231               	.L18:
 232 0174 CE01      		movw r24,r28
 233 0176 B801      		movw r22,r16
 234 0178 A701      		movw r20,r14
 235 017a 0E94 0000 		call LiLiInsertItemBeforeNode
 236               	.L28:
 237 017e 892B      		or r24,r25
 238 0180 01F4      		brne .L23
 239 0182 2FEF      		ldi r18,lo8(-1)
 240 0184 3FEF      		ldi r19,hi8(-1)
 241 0186 00C0      		rjmp .L22
 242               	.L23:
 243 0188 20E0      		ldi r18,lo8(0)
 244 018a 30E0      		ldi r19,hi8(0)
 245               	.L22:
 246 018c C901      		movw r24,r18
 247               	/* epilogue start */
 248 018e DF91      		pop r29
 249 0190 CF91      		pop r28
 250 0192 1F91      		pop r17
 251 0194 0F91      		pop r16
 252 0196 FF90      		pop r15
 253 0198 EF90      		pop r14
 254 019a 0895      		ret
 255               		.size	LiLiPushItem, .-LiLiPushItem
GAS LISTING C:\DOCUME~1\ADMINI~1\LOCALS~1\Temp/ccXihXoL.s 			page 6


DEFINED SYMBOLS
                            *ABS*:00000000 lpushpop.c
C:\DOCUME~1\ADMINI~1\LOCALS~1\Temp/ccXihXoL.s:2      *ABS*:0000003f __SREG__
C:\DOCUME~1\ADMINI~1\LOCALS~1\Temp/ccXihXoL.s:3      *ABS*:0000003e __SP_H__
C:\DOCUME~1\ADMINI~1\LOCALS~1\Temp/ccXihXoL.s:4      *ABS*:0000003d __SP_L__
C:\DOCUME~1\ADMINI~1\LOCALS~1\Temp/ccXihXoL.s:5      *ABS*:00000034 __CCP__
C:\DOCUME~1\ADMINI~1\LOCALS~1\Temp/ccXihXoL.s:6      *ABS*:00000000 __tmp_reg__
C:\DOCUME~1\ADMINI~1\LOCALS~1\Temp/ccXihXoL.s:7      *ABS*:00000001 __zero_reg__
C:\DOCUME~1\ADMINI~1\LOCALS~1\Temp/ccXihXoL.s:11     .text:00000000 LiLiLocateItem
C:\DOCUME~1\ADMINI~1\LOCALS~1\Temp/ccXihXoL.s:57     .text:00000048 LiLiFindItem
C:\DOCUME~1\ADMINI~1\LOCALS~1\Temp/ccXihXoL.s:115    .text:000000a6 LiLiPopItem
C:\DOCUME~1\ADMINI~1\LOCALS~1\Temp/ccXihXoL.s:157    .text:000000e8 LiLiPushItem

UNDEFINED SYMBOLS
LiLiRemoveNode
LiLiInsertItemAfterNode
LiLiInsertItemBeforeNode
