GAS LISTING C:\DOCUME~1\ADMINI~1\LOCALS~1\Temp/cclzZj36.s 			page 1


   1               		.file	"lstrcopy.c"
   2               	__SREG__ = 0x3f
   3               	__SP_H__ = 0x3e
   4               	__SP_L__ = 0x3d
   5               	__CCP__  = 0x34
   6               	__tmp_reg__ = 0
   7               	__zero_reg__ = 1
   8               		.text
   9               	.global	LiLiDestroyStringItemCopy
  10               		.type	LiLiDestroyStringItemCopy, @function
  11               	LiLiDestroyStringItemCopy:
  12               	/* prologue: function */
  13               	/* frame size = 0 */
  14 0000 0097      		sbiw r24,0
  15 0002 01F0      		breq .L3
  16 0004 0E94 0000 		call free
  17               	.L3:
  18 0008 0895      		ret
  19               		.size	LiLiDestroyStringItemCopy, .-LiLiDestroyStringItemCopy
  20               	.global	LiLiCreateStringItemCopy
  21               		.type	LiLiCreateStringItemCopy, @function
  22               	LiLiCreateStringItemCopy:
  23               	/* prologue: function */
  24               	/* frame size = 0 */
  25 000a 0097      		sbiw r24,0
  26 000c 01F4      		brne .L5
  27 000e 20E0      		ldi r18,lo8(0)
  28 0010 30E0      		ldi r19,hi8(0)
  29 0012 00C0      		rjmp .L6
  30               	.L5:
  31 0014 0E94 0000 		call strdup
  32 0018 9C01      		movw r18,r24
  33               	.L6:
  34 001a C901      		movw r24,r18
  35               	/* epilogue start */
  36 001c 0895      		ret
  37               		.size	LiLiCreateStringItemCopy, .-LiLiCreateStringItemCopy
GAS LISTING C:\DOCUME~1\ADMINI~1\LOCALS~1\Temp/cclzZj36.s 			page 2


DEFINED SYMBOLS
                            *ABS*:00000000 lstrcopy.c
C:\DOCUME~1\ADMINI~1\LOCALS~1\Temp/cclzZj36.s:2      *ABS*:0000003f __SREG__
C:\DOCUME~1\ADMINI~1\LOCALS~1\Temp/cclzZj36.s:3      *ABS*:0000003e __SP_H__
C:\DOCUME~1\ADMINI~1\LOCALS~1\Temp/cclzZj36.s:4      *ABS*:0000003d __SP_L__
C:\DOCUME~1\ADMINI~1\LOCALS~1\Temp/cclzZj36.s:5      *ABS*:00000034 __CCP__
C:\DOCUME~1\ADMINI~1\LOCALS~1\Temp/cclzZj36.s:6      *ABS*:00000000 __tmp_reg__
C:\DOCUME~1\ADMINI~1\LOCALS~1\Temp/cclzZj36.s:7      *ABS*:00000001 __zero_reg__
C:\DOCUME~1\ADMINI~1\LOCALS~1\Temp/cclzZj36.s:11     .text:00000000 LiLiDestroyStringItemCopy
C:\DOCUME~1\ADMINI~1\LOCALS~1\Temp/cclzZj36.s:22     .text:0000000a LiLiCreateStringItemCopy

UNDEFINED SYMBOLS
free
strdup
