GAS LISTING C:\DOCUME~1\ADMINI~1\LOCALS~1\Temp/cc4wBlAq.s 			page 1


   1               		.file	"vt100.c"
   2               	__SREG__ = 0x3f
   3               	__SP_H__ = 0x3e
   4               	__SP_L__ = 0x3d
   5               	__CCP__  = 0x34
   6               	__tmp_reg__ = 0
   7               	__zero_reg__ = 1
   8               		.text
   9               	.global	EdLineKeyMapVt100
  10               		.type	EdLineKeyMapVt100, @function
  11               	EdLineKeyMapVt100:
  12               	/* prologue: function */
  13               	/* frame size = 0 */
  14 0000 9C01      		movw r18,r24
  15 0002 FB01      		movw r30,r22
  16 0004 8081      		ld r24,Z
  17 0006 9181      		ldd r25,Z+1
  18 0008 1816      		cp __zero_reg__,r24
  19 000a 1906      		cpc __zero_reg__,r25
  20 000c 04F4      		brge .L2
  21 000e 0197      		sbiw r24,1
  22 0010 01F4      		brne .L3
  23 0012 2B35      		cpi r18,91
  24 0014 3105      		cpc r19,__zero_reg__
  25 0016 01F4      		brne .L3
  26 0018 82E0      		ldi r24,lo8(2)
  27 001a 90E0      		ldi r25,hi8(2)
  28 001c 00C0      		rjmp .L11
  29               	.L3:
  30 001e 2334      		cpi r18,67
  31 0020 3105      		cpc r19,__zero_reg__
  32 0022 01F4      		brne .L5
  33 0024 26E0      		ldi r18,lo8(6)
  34 0026 30E0      		ldi r19,hi8(6)
  35 0028 00C0      		rjmp .L6
  36               	.L5:
  37 002a 2434      		cpi r18,68
  38 002c 3105      		cpc r19,__zero_reg__
  39 002e 01F4      		brne .L7
  40 0030 22E0      		ldi r18,lo8(2)
  41 0032 30E0      		ldi r19,hi8(2)
  42 0034 00C0      		rjmp .L6
  43               	.L7:
  44 0036 2134      		cpi r18,65
  45 0038 3105      		cpc r19,__zero_reg__
  46 003a 01F4      		brne .L8
  47 003c 22E1      		ldi r18,lo8(18)
  48 003e 30E0      		ldi r19,hi8(18)
  49 0040 00C0      		rjmp .L6
  50               	.L8:
  51 0042 2234      		cpi r18,66
  52 0044 3105      		cpc r19,__zero_reg__
  53 0046 01F4      		brne .L6
  54 0048 26E1      		ldi r18,lo8(22)
  55 004a 30E0      		ldi r19,hi8(22)
  56               	.L6:
  57 004c 1182      		std Z+1,__zero_reg__
GAS LISTING C:\DOCUME~1\ADMINI~1\LOCALS~1\Temp/cc4wBlAq.s 			page 2


  58 004e 1082      		st Z,__zero_reg__
  59 0050 00C0      		rjmp .L4
  60               	.L2:
  61 0052 2B31      		cpi r18,27
  62 0054 3105      		cpc r19,__zero_reg__
  63 0056 01F4      		brne .L9
  64 0058 81E0      		ldi r24,lo8(1)
  65 005a 90E0      		ldi r25,hi8(1)
  66               	.L11:
  67 005c 9183      		std Z+1,r25
  68 005e 8083      		st Z,r24
  69 0060 20E0      		ldi r18,lo8(0)
  70 0062 30E0      		ldi r19,hi8(0)
  71 0064 00C0      		rjmp .L4
  72               	.L9:
  73 0066 C901      		movw r24,r18
  74 0068 0E94 0000 		call EdLineKeyMap
  75 006c 9C01      		movw r18,r24
  76               	.L4:
  77 006e C901      		movw r24,r18
  78               	/* epilogue start */
  79 0070 0895      		ret
  80               		.size	EdLineKeyMapVt100, .-EdLineKeyMapVt100
GAS LISTING C:\DOCUME~1\ADMINI~1\LOCALS~1\Temp/cc4wBlAq.s 			page 3


DEFINED SYMBOLS
                            *ABS*:00000000 vt100.c
C:\DOCUME~1\ADMINI~1\LOCALS~1\Temp/cc4wBlAq.s:2      *ABS*:0000003f __SREG__
C:\DOCUME~1\ADMINI~1\LOCALS~1\Temp/cc4wBlAq.s:3      *ABS*:0000003e __SP_H__
C:\DOCUME~1\ADMINI~1\LOCALS~1\Temp/cc4wBlAq.s:4      *ABS*:0000003d __SP_L__
C:\DOCUME~1\ADMINI~1\LOCALS~1\Temp/cc4wBlAq.s:5      *ABS*:00000034 __CCP__
C:\DOCUME~1\ADMINI~1\LOCALS~1\Temp/cc4wBlAq.s:6      *ABS*:00000000 __tmp_reg__
C:\DOCUME~1\ADMINI~1\LOCALS~1\Temp/cc4wBlAq.s:7      *ABS*:00000001 __zero_reg__
C:\DOCUME~1\ADMINI~1\LOCALS~1\Temp/cc4wBlAq.s:11     .text:00000000 EdLineKeyMapVt100

UNDEFINED SYMBOLS
EdLineKeyMap
