GAS LISTING C:\Temp/ccAnwSHJ.s 			page 1


   1               		.file	"event.c"
   2               	__SREG__ = 0x3f
   3               	__SP_H__ = 0x3e
   4               	__SP_L__ = 0x3d
   5               	__CCP__  = 0x34
   6               	__tmp_reg__ = 0
   7               	__zero_reg__ = 1
   8               		.global __do_copy_data
   9               		.global __do_clear_bss
  10               		.text
  11               	.global	NutEventPostAsync
  12               		.type	NutEventPostAsync, @function
  13               	NutEventPostAsync:
  14 0000 CF93      		push r28
  15 0002 DF93      		push r29
  16               	/* prologue: function */
  17               	/* frame size = 0 */
  18 0004 DC01      		movw r26,r24
  19               	/* #APP */
  20               	 ;  390 "../../nut/os/event.c" 1
  21 0006 0FB6      		in  __tmp_reg__, __SREG__
  22 0008 F894      		cli
  23 000a 0F92      		push __tmp_reg__
  24               		
  25               	 ;  0 "" 2
  26               	/* #NOAPP */
  27 000c CD91      		ld r28,X+
  28 000e DC91      		ld r29,X
  29 0010 1197      		sbiw r26,1
  30               	/* #APP */
  31               	 ;  392 "../../nut/os/event.c" 1
  32 0012 0F90      		pop __tmp_reg__
  33 0014 0FBE      		out __SREG__, __tmp_reg__
  34               		
  35               	 ;  0 "" 2
  36               	/* #NOAPP */
  37 0016 8FEF      		ldi r24,hi8(-1)
  38 0018 CF3F      		cpi r28,lo8(-1)
  39 001a D807      		cpc r29,r24
  40 001c 01F4      		brne .+2
  41 001e 00C0      		rjmp .L10
  42               	.L2:
  43 0020 2097      		sbiw r28,0
  44 0022 01F0      		breq .L4
  45               	/* #APP */
  46               	 ;  400 "../../nut/os/event.c" 1
  47 0024 0FB6      		in  __tmp_reg__, __SREG__
  48 0026 F894      		cli
  49 0028 0F92      		push __tmp_reg__
  50               		
  51               	 ;  0 "" 2
  52               	/* #NOAPP */
  53 002a EA81      		ldd r30,Y+2
  54 002c FB81      		ldd r31,Y+3
  55 002e 1196      		adiw r26,1
  56 0030 FC93      		st X,r31
  57 0032 EE93      		st -X,r30
GAS LISTING C:\Temp/ccAnwSHJ.s 			page 2


  58 0034 8C81      		ldd r24,Y+4
  59 0036 9D81      		ldd r25,Y+5
  60 0038 892B      		or r24,r25
  61 003a 01F0      		breq .L5
  62 003c 3097      		sbiw r30,0
  63 003e 01F0      		breq .L6
  64 0040 8C81      		ldd r24,Y+4
  65 0042 9D81      		ldd r25,Y+5
  66 0044 9583      		std Z+5,r25
  67 0046 8483      		std Z+4,r24
  68 0048 00C0      		rjmp .L7
  69               	.L6:
  70 004a 8FEF      		ldi r24,lo8(-1)
  71 004c 9FEF      		ldi r25,hi8(-1)
  72 004e 1196      		adiw r26,1
  73 0050 9C93      		st X,r25
  74 0052 8E93      		st -X,r24
  75               	.L7:
  76 0054 1D82      		std Y+5,__zero_reg__
  77 0056 1C82      		std Y+4,__zero_reg__
  78               	.L5:
  79               	/* #APP */
  80               	 ;  411 "../../nut/os/event.c" 1
  81 0058 0F90      		pop __tmp_reg__
  82 005a 0FBE      		out __SREG__, __tmp_reg__
  83               		
  84               	 ;  0 "" 2
  85               	/* #NOAPP */
  86 005c 8D89      		ldd r24,Y+21
  87 005e 9E89      		ldd r25,Y+22
  88 0060 0097      		sbiw r24,0
  89 0062 01F0      		breq .L8
  90 0064 0E94 0000 		call NutTimerStop
  91 0068 1E8A      		std Y+22,__zero_reg__
  92 006a 1D8A      		std Y+21,__zero_reg__
  93               	.L8:
  94 006c 82E0      		ldi r24,lo8(2)
  95 006e 8F87      		std Y+15,r24
  96 0070 60E0      		ldi r22,lo8(runQueue)
  97 0072 70E0      		ldi r23,hi8(runQueue)
  98 0074 CE01      		movw r24,r28
  99 0076 0E94 0000 		call NutThreadAddPriQueue
 100 007a 21E0      		ldi r18,lo8(1)
 101 007c 30E0      		ldi r19,hi8(1)
 102 007e 00C0      		rjmp .L3
 103               	.L4:
 104               	/* #APP */
 105               	 ;  427 "../../nut/os/event.c" 1
 106 0080 0FB6      		in  __tmp_reg__, __SREG__
 107 0082 F894      		cli
 108 0084 0F92      		push __tmp_reg__
 109               		
 110               	 ;  0 "" 2
 111               	/* #NOAPP */
 112 0086 8FEF      		ldi r24,lo8(-1)
 113 0088 9FEF      		ldi r25,hi8(-1)
 114 008a 1196      		adiw r26,1
GAS LISTING C:\Temp/ccAnwSHJ.s 			page 3


 115 008c 9C93      		st X,r25
 116 008e 8E93      		st -X,r24
 117               	/* #APP */
 118               	 ;  429 "../../nut/os/event.c" 1
 119 0090 0F90      		pop __tmp_reg__
 120 0092 0FBE      		out __SREG__, __tmp_reg__
 121               		
 122               	 ;  0 "" 2
 123               	/* #NOAPP */
 124               	.L10:
 125 0094 20E0      		ldi r18,lo8(0)
 126 0096 30E0      		ldi r19,hi8(0)
 127               	.L3:
 128 0098 C901      		movw r24,r18
 129               	/* epilogue start */
 130 009a DF91      		pop r29
 131 009c CF91      		pop r28
 132 009e 0895      		ret
 133               		.size	NutEventPostAsync, .-NutEventPostAsync
 134               	.global	NutEventBroadcastAsync
 135               		.type	NutEventBroadcastAsync, @function
 136               	NutEventBroadcastAsync:
 137 00a0 0F93      		push r16
 138 00a2 1F93      		push r17
 139 00a4 CF93      		push r28
 140 00a6 DF93      		push r29
 141               	/* prologue: function */
 142               	/* frame size = 0 */
 143 00a8 8C01      		movw r16,r24
 144               	/* #APP */
 145               	 ;  494 "../../nut/os/event.c" 1
 146 00aa 0FB6      		in  __tmp_reg__, __SREG__
 147 00ac F894      		cli
 148 00ae 0F92      		push __tmp_reg__
 149               		
 150               	 ;  0 "" 2
 151               	/* #NOAPP */
 152 00b0 FC01      		movw r30,r24
 153 00b2 8081      		ld r24,Z
 154 00b4 9181      		ldd r25,Z+1
 155               	/* #APP */
 156               	 ;  496 "../../nut/os/event.c" 1
 157 00b6 0F90      		pop __tmp_reg__
 158 00b8 0FBE      		out __SREG__, __tmp_reg__
 159               		
 160               	 ;  0 "" 2
 161               	/* #NOAPP */
 162 00ba FFEF      		ldi r31,hi8(-1)
 163 00bc 8F3F      		cpi r24,lo8(-1)
 164 00be 9F07      		cpc r25,r31
 165 00c0 01F4      		brne .L12
 166               	/* #APP */
 167               	 ;  499 "../../nut/os/event.c" 1
 168 00c2 0FB6      		in  __tmp_reg__, __SREG__
 169 00c4 F894      		cli
 170 00c6 0F92      		push __tmp_reg__
 171               		
GAS LISTING C:\Temp/ccAnwSHJ.s 			page 4


 172               	 ;  0 "" 2
 173               	/* #NOAPP */
 174 00c8 F801      		movw r30,r16
 175 00ca 1182      		std Z+1,__zero_reg__
 176 00cc 1082      		st Z,__zero_reg__
 177               	/* #APP */
 178               	 ;  501 "../../nut/os/event.c" 1
 179 00ce 0F90      		pop __tmp_reg__
 180 00d0 0FBE      		out __SREG__, __tmp_reg__
 181               		
 182               	 ;  0 "" 2
 183               	/* #NOAPP */
 184 00d2 00C0      		rjmp .L18
 185               	.L12:
 186 00d4 892B      		or r24,r25
 187 00d6 01F4      		brne .L14
 188               	.L18:
 189 00d8 C0E0      		ldi r28,lo8(0)
 190 00da D0E0      		ldi r29,hi8(0)
 191 00dc 00C0      		rjmp .L13
 192               	.L14:
 193 00de C0E0      		ldi r28,lo8(0)
 194 00e0 D0E0      		ldi r29,hi8(0)
 195               	.L15:
 196 00e2 C801      		movw r24,r16
 197 00e4 0E94 0000 		call NutEventPostAsync
 198 00e8 C80F      		add r28,r24
 199 00ea D91F      		adc r29,r25
 200               	/* #APP */
 201               	 ;  507 "../../nut/os/event.c" 1
 202 00ec 0FB6      		in  __tmp_reg__, __SREG__
 203 00ee F894      		cli
 204 00f0 0F92      		push __tmp_reg__
 205               		
 206               	 ;  0 "" 2
 207               	/* #NOAPP */
 208 00f2 F801      		movw r30,r16
 209 00f4 8081      		ld r24,Z
 210 00f6 9181      		ldd r25,Z+1
 211               	/* #APP */
 212               	 ;  509 "../../nut/os/event.c" 1
 213 00f8 0F90      		pop __tmp_reg__
 214 00fa 0FBE      		out __SREG__, __tmp_reg__
 215               		
 216               	 ;  0 "" 2
 217               	/* #NOAPP */
 218 00fc 0197      		sbiw r24,1
 219 00fe 8E5F      		subi r24,lo8(-2)
 220 0100 9F4F      		sbci r25,hi8(-2)
 221 0102 00F0      		brlo .L15
 222               	.L13:
 223 0104 CE01      		movw r24,r28
 224               	/* epilogue start */
 225 0106 DF91      		pop r29
 226 0108 CF91      		pop r28
 227 010a 1F91      		pop r17
 228 010c 0F91      		pop r16
GAS LISTING C:\Temp/ccAnwSHJ.s 			page 5


 229 010e 0895      		ret
 230               		.size	NutEventBroadcastAsync, .-NutEventBroadcastAsync
 231               	.global	NutEventBroadcast
 232               		.type	NutEventBroadcast, @function
 233               	NutEventBroadcast:
 234 0110 0F93      		push r16
 235 0112 1F93      		push r17
 236               	/* prologue: function */
 237               	/* frame size = 0 */
 238 0114 0E94 0000 		call NutEventBroadcastAsync
 239 0118 182F      		mov r17,r24
 240 011a 092F      		mov r16,r25
 241 011c 0E94 0000 		call NutThreadYield
 242 0120 812F      		mov r24,r17
 243 0122 902F      		mov r25,r16
 244               	/* epilogue start */
 245 0124 1F91      		pop r17
 246 0126 0F91      		pop r16
 247 0128 0895      		ret
 248               		.size	NutEventBroadcast, .-NutEventBroadcast
 249               	.global	NutEventPost
 250               		.type	NutEventPost, @function
 251               	NutEventPost:
 252 012a 0F93      		push r16
 253 012c 1F93      		push r17
 254               	/* prologue: function */
 255               	/* frame size = 0 */
 256 012e 0E94 0000 		call NutEventPostAsync
 257 0132 182F      		mov r17,r24
 258 0134 092F      		mov r16,r25
 259 0136 0E94 0000 		call NutThreadYield
 260 013a 812F      		mov r24,r17
 261 013c 902F      		mov r25,r16
 262               	/* epilogue start */
 263 013e 1F91      		pop r17
 264 0140 0F91      		pop r16
 265 0142 0895      		ret
 266               		.size	NutEventPost, .-NutEventPost
 267               	.global	NutEventTimeout
 268               		.type	NutEventTimeout, @function
 269               	NutEventTimeout:
 270 0144 CF93      		push r28
 271 0146 DF93      		push r29
 272               	/* prologue: function */
 273               	/* frame size = 0 */
 274 0148 AC01      		movw r20,r24
 275 014a DB01      		movw r26,r22
 276               	/* #APP */
 277               	 ;  204 "../../nut/os/event.c" 1
 278 014c 0FB6      		in  __tmp_reg__, __SREG__
 279 014e F894      		cli
 280 0150 0F92      		push __tmp_reg__
 281               		
 282               	 ;  0 "" 2
 283               	/* #NOAPP */
 284 0152 CD91      		ld r28,X+
 285 0154 DC91      		ld r29,X
GAS LISTING C:\Temp/ccAnwSHJ.s 			page 6


 286 0156 1197      		sbiw r26,1
 287               	/* #APP */
 288               	 ;  206 "../../nut/os/event.c" 1
 289 0158 0F90      		pop __tmp_reg__
 290 015a 0FBE      		out __SREG__, __tmp_reg__
 291               		
 292               	 ;  0 "" 2
 293               	/* #NOAPP */
 294 015c 8FEF      		ldi r24,hi8(-1)
 295 015e CF3F      		cpi r28,lo8(-1)
 296 0160 D807      		cpc r29,r24
 297 0162 01F4      		brne .L32
 298 0164 00C0      		rjmp .L31
 299               	.L30:
 300 0166 8D89      		ldd r24,Y+21
 301 0168 9E89      		ldd r25,Y+22
 302 016a 2A81      		ldd r18,Y+2
 303 016c 3B81      		ldd r19,Y+3
 304 016e 8417      		cp r24,r20
 305 0170 9507      		cpc r25,r21
 306 0172 01F4      		brne .L26
 307               	/* #APP */
 308               	 ;  223 "../../nut/os/event.c" 1
 309 0174 0FB6      		in  __tmp_reg__, __SREG__
 310 0176 F894      		cli
 311 0178 0F92      		push __tmp_reg__
 312               		
 313               	 ;  0 "" 2
 314               	/* #NOAPP */
 315 017a 1196      		adiw r26,1
 316 017c 3C93      		st X,r19
 317 017e 2E93      		st -X,r18
 318 0180 8C81      		ldd r24,Y+4
 319 0182 9D81      		ldd r25,Y+5
 320 0184 892B      		or r24,r25
 321 0186 01F0      		breq .L27
 322 0188 EA81      		ldd r30,Y+2
 323 018a FB81      		ldd r31,Y+3
 324 018c 3097      		sbiw r30,0
 325 018e 01F0      		breq .L28
 326 0190 8C81      		ldd r24,Y+4
 327 0192 9D81      		ldd r25,Y+5
 328 0194 9583      		std Z+5,r25
 329 0196 8483      		std Z+4,r24
 330 0198 00C0      		rjmp .L29
 331               	.L28:
 332 019a 8FEF      		ldi r24,lo8(-1)
 333 019c 9FEF      		ldi r25,hi8(-1)
 334 019e 1196      		adiw r26,1
 335 01a0 9C93      		st X,r25
 336 01a2 8E93      		st -X,r24
 337               	.L29:
 338 01a4 1D82      		std Y+5,__zero_reg__
 339 01a6 1C82      		std Y+4,__zero_reg__
 340               	.L27:
 341               	/* #APP */
 342               	 ;  234 "../../nut/os/event.c" 1
GAS LISTING C:\Temp/ccAnwSHJ.s 			page 7


 343 01a8 0F90      		pop __tmp_reg__
 344 01aa 0FBE      		out __SREG__, __tmp_reg__
 345               		
 346               	 ;  0 "" 2
 347               	/* #NOAPP */
 348 01ac 82E0      		ldi r24,lo8(2)
 349 01ae 8F87      		std Y+15,r24
 350 01b0 60E0      		ldi r22,lo8(runQueue)
 351 01b2 70E0      		ldi r23,hi8(runQueue)
 352 01b4 CE01      		movw r24,r28
 353 01b6 0E94 0000 		call NutThreadAddPriQueue
 354 01ba 8FEF      		ldi r24,lo8(-1)
 355 01bc 9FEF      		ldi r25,hi8(-1)
 356 01be 9E8B      		std Y+22,r25
 357 01c0 8D8B      		std Y+21,r24
 358 01c2 00C0      		rjmp .L31
 359               	.L26:
 360 01c4 DE01      		movw r26,r28
 361 01c6 1296      		adiw r26,2
 362 01c8 E901      		movw r28,r18
 363               	.L32:
 364 01ca 2097      		sbiw r28,0
 365 01cc 01F4      		brne .L30
 366               	.L31:
 367               	/* epilogue start */
 368 01ce DF91      		pop r29
 369 01d0 CF91      		pop r28
 370 01d2 0895      		ret
 371               		.size	NutEventTimeout, .-NutEventTimeout
 372               	.global	NutEventWait
 373               		.type	NutEventWait, @function
 374               	NutEventWait:
 375 01d4 AF92      		push r10
 376 01d6 BF92      		push r11
 377 01d8 CF92      		push r12
 378 01da DF92      		push r13
 379 01dc EF92      		push r14
 380 01de FF92      		push r15
 381 01e0 0F93      		push r16
 382 01e2 CF93      		push r28
 383 01e4 DF93      		push r29
 384               	/* prologue: function */
 385               	/* frame size = 0 */
 386 01e6 7C01      		movw r14,r24
 387 01e8 5A01      		movw r10,r20
 388 01ea 6B01      		movw r12,r22
 389               	/* #APP */
 390               	 ;  278 "../../nut/os/event.c" 1
 391 01ec 0FB6      		in  __tmp_reg__, __SREG__
 392 01ee F894      		cli
 393 01f0 0F92      		push __tmp_reg__
 394               		
 395               	 ;  0 "" 2
 396               	/* #NOAPP */
 397 01f2 FC01      		movw r30,r24
 398 01f4 8081      		ld r24,Z
 399 01f6 9181      		ldd r25,Z+1
GAS LISTING C:\Temp/ccAnwSHJ.s 			page 8


 400               	/* #APP */
 401               	 ;  280 "../../nut/os/event.c" 1
 402 01f8 0F90      		pop __tmp_reg__
 403 01fa 0FBE      		out __SREG__, __tmp_reg__
 404               		
 405               	 ;  0 "" 2
 406               	/* #NOAPP */
 407 01fc 8F5F      		subi r24,lo8(-1)
 408 01fe 9F4F      		sbci r25,hi8(-1)
 409 0200 01F4      		brne .L34
 410               	/* #APP */
 411               	 ;  287 "../../nut/os/event.c" 1
 412 0202 0FB6      		in  __tmp_reg__, __SREG__
 413 0204 F894      		cli
 414 0206 0F92      		push __tmp_reg__
 415               		
 416               	 ;  0 "" 2
 417               	/* #NOAPP */
 418 0208 F701      		movw r30,r14
 419 020a 1182      		std Z+1,__zero_reg__
 420 020c 1082      		st Z,__zero_reg__
 421               	/* #APP */
 422               	 ;  289 "../../nut/os/event.c" 1
 423 020e 0F90      		pop __tmp_reg__
 424 0210 0FBE      		out __SREG__, __tmp_reg__
 425               		
 426               	 ;  0 "" 2
 427               	/* #NOAPP */
 428 0212 0E94 0000 		call NutThreadYield
 429 0216 00C0      		rjmp .L40
 430               	.L34:
 431 0218 60E0      		ldi r22,lo8(runQueue)
 432 021a 70E0      		ldi r23,hi8(runQueue)
 433 021c 8091 0000 		lds r24,runningThread
 434 0220 9091 0000 		lds r25,(runningThread)+1
 435 0224 0E94 0000 		call NutThreadRemoveQueue
 436 0228 B701      		movw r22,r14
 437 022a 8091 0000 		lds r24,runningThread
 438 022e 9091 0000 		lds r25,(runningThread)+1
 439 0232 0E94 0000 		call NutThreadAddPriQueue
 440 0236 C091 0000 		lds r28,runningThread
 441 023a D091 0000 		lds r29,(runningThread)+1
 442 023e 83E0      		ldi r24,lo8(3)
 443 0240 8F87      		std Y+15,r24
 444 0242 A114      		cp r10,__zero_reg__
 445 0244 B104      		cpc r11,__zero_reg__
 446 0246 C104      		cpc r12,__zero_reg__
 447 0248 D104      		cpc r13,__zero_reg__
 448 024a 01F0      		breq .L36
 449 024c 01E0      		ldi r16,lo8(1)
 450 024e 9701      		movw r18,r14
 451 0250 40E0      		ldi r20,lo8(gs(NutEventTimeout))
 452 0252 50E0      		ldi r21,hi8(gs(NutEventTimeout))
 453 0254 C601      		movw r24,r12
 454 0256 B501      		movw r22,r10
 455 0258 0E94 0000 		call NutTimerStart
 456 025c 9E8B      		std Y+22,r25
GAS LISTING C:\Temp/ccAnwSHJ.s 			page 9


 457 025e 8D8B      		std Y+21,r24
 458 0260 00C0      		rjmp .L37
 459               	.L36:
 460 0262 1E8A      		std Y+22,__zero_reg__
 461 0264 1D8A      		std Y+21,__zero_reg__
 462               	.L37:
 463 0266 0E94 0000 		call NutThreadResume
 464 026a E091 0000 		lds r30,runningThread
 465 026e F091 0000 		lds r31,(runningThread)+1
 466 0272 8589      		ldd r24,Z+21
 467 0274 9689      		ldd r25,Z+22
 468 0276 8F5F      		subi r24,lo8(-1)
 469 0278 9F4F      		sbci r25,hi8(-1)
 470 027a 01F0      		breq .L38
 471               	.L40:
 472 027c 20E0      		ldi r18,lo8(0)
 473 027e 30E0      		ldi r19,hi8(0)
 474 0280 00C0      		rjmp .L35
 475               	.L38:
 476 0282 168A      		std Z+22,__zero_reg__
 477 0284 158A      		std Z+21,__zero_reg__
 478 0286 2FEF      		ldi r18,lo8(-1)
 479 0288 3FEF      		ldi r19,hi8(-1)
 480               	.L35:
 481 028a C901      		movw r24,r18
 482               	/* epilogue start */
 483 028c DF91      		pop r29
 484 028e CF91      		pop r28
 485 0290 0F91      		pop r16
 486 0292 FF90      		pop r15
 487 0294 EF90      		pop r14
 488 0296 DF90      		pop r13
 489 0298 CF90      		pop r12
 490 029a BF90      		pop r11
 491 029c AF90      		pop r10
 492 029e 0895      		ret
 493               		.size	NutEventWait, .-NutEventWait
 494               	.global	NutEventWaitNext
 495               		.type	NutEventWaitNext, @function
 496               	NutEventWaitNext:
 497               	/* prologue: function */
 498               	/* frame size = 0 */
 499 02a0 FC01      		movw r30,r24
 500               	/* #APP */
 501               	 ;  357 "../../nut/os/event.c" 1
 502 02a2 0FB6      		in  __tmp_reg__, __SREG__
 503 02a4 F894      		cli
 504 02a6 0F92      		push __tmp_reg__
 505               		
 506               	 ;  0 "" 2
 507               	/* #NOAPP */
 508 02a8 8081      		ld r24,Z
 509 02aa 9181      		ldd r25,Z+1
 510 02ac 8F5F      		subi r24,lo8(-1)
 511 02ae 9F4F      		sbci r25,hi8(-1)
 512 02b0 01F4      		brne .L42
 513 02b2 1182      		std Z+1,__zero_reg__
GAS LISTING C:\Temp/ccAnwSHJ.s 			page 10


 514 02b4 1082      		st Z,__zero_reg__
 515               	.L42:
 516               	/* #APP */
 517               	 ;  360 "../../nut/os/event.c" 1
 518 02b6 0F90      		pop __tmp_reg__
 519 02b8 0FBE      		out __SREG__, __tmp_reg__
 520               		
 521               	 ;  0 "" 2
 522               	/* #NOAPP */
 523 02ba CF01      		movw r24,r30
 524 02bc 0E94 0000 		call NutEventWait
 525               	/* epilogue start */
 526 02c0 0895      		ret
 527               		.size	NutEventWaitNext, .-NutEventWaitNext
GAS LISTING C:\Temp/ccAnwSHJ.s 			page 11


DEFINED SYMBOLS
                            *ABS*:00000000 event.c
  C:\Temp/ccAnwSHJ.s:2      *ABS*:0000003f __SREG__
  C:\Temp/ccAnwSHJ.s:3      *ABS*:0000003e __SP_H__
  C:\Temp/ccAnwSHJ.s:4      *ABS*:0000003d __SP_L__
  C:\Temp/ccAnwSHJ.s:5      *ABS*:00000034 __CCP__
  C:\Temp/ccAnwSHJ.s:6      *ABS*:00000000 __tmp_reg__
  C:\Temp/ccAnwSHJ.s:7      *ABS*:00000001 __zero_reg__
  C:\Temp/ccAnwSHJ.s:13     .text:00000000 NutEventPostAsync
  C:\Temp/ccAnwSHJ.s:136    .text:000000a0 NutEventBroadcastAsync
  C:\Temp/ccAnwSHJ.s:233    .text:00000110 NutEventBroadcast
  C:\Temp/ccAnwSHJ.s:251    .text:0000012a NutEventPost
  C:\Temp/ccAnwSHJ.s:269    .text:00000144 NutEventTimeout
  C:\Temp/ccAnwSHJ.s:374    .text:000001d4 NutEventWait
  C:\Temp/ccAnwSHJ.s:496    .text:000002a0 NutEventWaitNext

UNDEFINED SYMBOLS
__do_copy_data
__do_clear_bss
NutTimerStop
runQueue
NutThreadAddPriQueue
NutThreadYield
runningThread
NutThreadRemoveQueue
NutTimerStart
NutThreadResume
