GAS LISTING C:\Temp/ccZvrweV.s 			page 1


   1               		.file	"fatal.c"
   2               	__SREG__ = 0x3f
   3               	__SP_H__ = 0x3e
   4               	__SP_L__ = 0x3d
   5               	__CCP__  = 0x34
   6               	__tmp_reg__ = 0
   7               	__zero_reg__ = 1
   8               		.global __do_copy_data
   9               		.global __do_clear_bss
  10               		.data
  11               	.LC0:
  12 0000 2573 3A25 		.string	"%s:%d: Fatal: Expected %s in %s\n"
  12      643A 2046 
  12      6174 616C 
  12      3A20 4578 
  12      7065 6374 
  13               		.text
  14               	.global	NUTFATAL
  15               		.type	NUTFATAL, @function
  16               	NUTFATAL:
  17               	/* prologue: function */
  18               	/* frame size = 0 */
  19 0000 9F93      		push r25
  20 0002 8F93      		push r24
  21 0004 3F93      		push r19
  22 0006 2F93      		push r18
  23 0008 5F93      		push r21
  24 000a 4F93      		push r20
  25 000c 7F93      		push r23
  26 000e 6F93      		push r22
  27 0010 80E0      		ldi r24,lo8(.LC0)
  28 0012 90E0      		ldi r25,hi8(.LC0)
  29 0014 9F93      		push r25
  30 0016 8F93      		push r24
  31 0018 0E94 0000 		call NUTPANIC
  32 001c 8DB7      		in r24,__SP_L__
  33 001e 9EB7      		in r25,__SP_H__
  34 0020 0A96      		adiw r24,10
  35 0022 0FB6      		in __tmp_reg__,__SREG__
  36 0024 F894      		cli
  37 0026 9EBF      		out __SP_H__,r25
  38 0028 0FBE      		out __SREG__,__tmp_reg__
  39 002a 8DBF      		out __SP_L__,r24
  40               	/* epilogue start */
  41 002c 0895      		ret
  42               		.size	NUTFATAL, .-NUTFATAL
GAS LISTING C:\Temp/ccZvrweV.s 			page 2


DEFINED SYMBOLS
                            *ABS*:00000000 fatal.c
  C:\Temp/ccZvrweV.s:2      *ABS*:0000003f __SREG__
  C:\Temp/ccZvrweV.s:3      *ABS*:0000003e __SP_H__
  C:\Temp/ccZvrweV.s:4      *ABS*:0000003d __SP_L__
  C:\Temp/ccZvrweV.s:5      *ABS*:00000034 __CCP__
  C:\Temp/ccZvrweV.s:6      *ABS*:00000000 __tmp_reg__
  C:\Temp/ccZvrweV.s:7      *ABS*:00000001 __zero_reg__
  C:\Temp/ccZvrweV.s:16     .text:00000000 NUTFATAL

UNDEFINED SYMBOLS
__do_copy_data
__do_clear_bss
NUTPANIC
