GAS LISTING C:\Temp/ccHowSHJ.s 			page 1


   1               		.file	"arpout.c"
   2               	__SREG__ = 0x3f
   3               	__SP_H__ = 0x3e
   4               	__SP_L__ = 0x3d
   5               	__CCP__  = 0x34
   6               	__tmp_reg__ = 0
   7               	__zero_reg__ = 1
   8               		.global __do_copy_data
   9               		.global __do_clear_bss
  10               		.text
  11               	.global	NutArpOutput
  12               		.type	NutArpOutput, @function
  13               	NutArpOutput:
  14 0000 0F93      		push r16
  15 0002 1F93      		push r17
  16 0004 CF93      		push r28
  17 0006 DF93      		push r29
  18               	/* prologue: function */
  19               	/* frame size = 0 */
  20 0008 8C01      		movw r16,r24
  21 000a AB01      		movw r20,r22
  22 000c DB01      		movw r26,r22
  23 000e 1796      		adiw r26,7
  24 0010 CD91      		ld r28,X+
  25 0012 DC91      		ld r29,X
  26 0014 1897      		sbiw r26,7+1
  27 0016 DC01      		movw r26,r24
  28 0018 1F96      		adiw r26,15
  29 001a ED91      		ld r30,X+
  30 001c FC91      		ld r31,X
  31 001e 5097      		sbiw r26,15+1
  32 0020 9E01      		movw r18,r28
  33 0022 285F      		subi r18,lo8(-(8))
  34 0024 3F4F      		sbci r19,hi8(-(8))
  35 0026 BF01      		movw r22,r30
  36 0028 6B5F      		subi r22,lo8(-(5))
  37 002a 7F4F      		sbci r23,hi8(-(5))
  38 002c 86E0      		ldi r24,lo8(6)
  39               	.L2:
  40 002e DB01      		movw r26,r22
  41 0030 0D90      		ld r0,X+
  42 0032 BD01      		movw r22,r26
  43 0034 D901      		movw r26,r18
  44 0036 0D92      		st X+,r0
  45 0038 9D01      		movw r18,r26
  46 003a 8150      		subi r24,lo8(-(-1))
  47 003c 01F4      		brne .L2
  48 003e 8385      		ldd r24,Z+11
  49 0040 9485      		ldd r25,Z+12
  50 0042 A585      		ldd r26,Z+13
  51 0044 B685      		ldd r27,Z+14
  52 0046 8E87      		std Y+14,r24
  53 0048 9F87      		std Y+15,r25
  54 004a A88B      		std Y+16,r26
  55 004c B98B      		std Y+17,r27
  56 004e 6296      		adiw r28,18
  57 0050 03A0      		ldd __tmp_reg__,Z+35
GAS LISTING C:\Temp/ccHowSHJ.s 			page 2


  58 0052 F4A1      		ldd r31,Z+36
  59 0054 E02D      		mov r30,__tmp_reg__
  60 0056 9A01      		movw r18,r20
  61 0058 AE01      		movw r20,r28
  62 005a 66E0      		ldi r22,lo8(2054)
  63 005c 78E0      		ldi r23,hi8(2054)
  64 005e C801      		movw r24,r16
  65 0060 0995      		icall
  66               	/* epilogue start */
  67 0062 DF91      		pop r29
  68 0064 CF91      		pop r28
  69 0066 1F91      		pop r17
  70 0068 0F91      		pop r16
  71 006a 0895      		ret
  72               		.size	NutArpOutput, .-NutArpOutput
  73               	.global	NutArpAllocNetBuf
  74               		.type	NutArpAllocNetBuf, @function
  75               	NutArpAllocNetBuf:
  76 006c 8F92      		push r8
  77 006e 9F92      		push r9
  78 0070 AF92      		push r10
  79 0072 BF92      		push r11
  80 0074 CF92      		push r12
  81 0076 DF92      		push r13
  82 0078 EF92      		push r14
  83 007a FF92      		push r15
  84 007c 0F93      		push r16
  85 007e 1F93      		push r17
  86 0080 CF93      		push r28
  87 0082 DF93      		push r29
  88               	/* prologue: function */
  89               	/* frame size = 0 */
  90 0084 8C01      		movw r16,r24
  91 0086 4A01      		movw r8,r20
  92 0088 5B01      		movw r10,r22
  93 008a 6901      		movw r12,r18
  94 008c 4CE1      		ldi r20,lo8(28)
  95 008e 50E0      		ldi r21,hi8(28)
  96 0090 60E2      		ldi r22,lo8(32)
  97 0092 80E0      		ldi r24,lo8(0)
  98 0094 90E0      		ldi r25,hi8(0)
  99 0096 0E94 0000 		call NutNetBufAlloc
 100 009a 7C01      		movw r14,r24
 101 009c 0097      		sbiw r24,0
 102 009e 01F4      		brne .+2
 103 00a0 00C0      		rjmp .L6
 104 00a2 FC01      		movw r30,r24
 105 00a4 C781      		ldd r28,Z+7
 106 00a6 D085      		ldd r29,Z+8
 107 00a8 81E0      		ldi r24,lo8(1)
 108 00aa 90E0      		ldi r25,hi8(1)
 109               	/* #APP */
 110               	 ;  295 "../../nut/include/sys/types.h" 1
 111 00ac 082E      		mov __tmp_reg__, r24
 112 00ae 892F      		mov r24, r25
 113 00b0 902D      		mov r25, __tmp_reg__
 114               		
GAS LISTING C:\Temp/ccHowSHJ.s 			page 3


 115               	 ;  0 "" 2
 116               	/* #NOAPP */
 117 00b2 9983      		std Y+1,r25
 118 00b4 8883      		st Y,r24
 119 00b6 80E0      		ldi r24,lo8(2048)
 120 00b8 98E0      		ldi r25,hi8(2048)
 121               	/* #APP */
 122               	 ;  295 "../../nut/include/sys/types.h" 1
 123 00ba 082E      		mov __tmp_reg__, r24
 124 00bc 892F      		mov r24, r25
 125 00be 902D      		mov r25, __tmp_reg__
 126               		
 127               	 ;  0 "" 2
 128               	/* #NOAPP */
 129 00c0 9B83      		std Y+3,r25
 130 00c2 8A83      		std Y+2,r24
 131 00c4 86E0      		ldi r24,lo8(6)
 132 00c6 8C83      		std Y+4,r24
 133 00c8 84E0      		ldi r24,lo8(4)
 134 00ca 8D83      		std Y+5,r24
 135               	/* #APP */
 136               	 ;  295 "../../nut/include/sys/types.h" 1
 137 00cc 002E      		mov __tmp_reg__, r16
 138 00ce 012F      		mov r16, r17
 139 00d0 102D      		mov r17, __tmp_reg__
 140               		
 141               	 ;  0 "" 2
 142               	/* #NOAPP */
 143 00d2 1F83      		std Y+7,r17
 144 00d4 0E83      		std Y+6,r16
 145 00d6 9E01      		movw r18,r28
 146 00d8 2E5E      		subi r18,lo8(-(18))
 147 00da 3F4F      		sbci r19,hi8(-(18))
 148 00dc C114      		cp r12,__zero_reg__
 149 00de D104      		cpc r13,__zero_reg__
 150 00e0 01F0      		breq .L7
 151 00e2 D901      		movw r26,r18
 152 00e4 F601      		movw r30,r12
 153 00e6 86E0      		ldi r24,lo8(6)
 154               	.L8:
 155 00e8 0190      		ld r0,Z+
 156 00ea 0D92      		st X+,r0
 157 00ec 8150      		subi r24,lo8(-(-1))
 158 00ee 01F4      		brne .L8
 159 00f0 00C0      		rjmp .L9
 160               	.L7:
 161 00f2 46E0      		ldi r20,lo8(6)
 162 00f4 50E0      		ldi r21,hi8(6)
 163 00f6 6FEF      		ldi r22,lo8(255)
 164 00f8 70E0      		ldi r23,hi8(255)
 165 00fa C901      		movw r24,r18
 166 00fc 0E94 0000 		call memset
 167               	.L9:
 168 0100 888E      		std Y+24,r8
 169 0102 998E      		std Y+25,r9
 170 0104 AA8E      		std Y+26,r10
 171 0106 BB8E      		std Y+27,r11
GAS LISTING C:\Temp/ccHowSHJ.s 			page 4


 172               	.L6:
 173 0108 C701      		movw r24,r14
 174               	/* epilogue start */
 175 010a DF91      		pop r29
 176 010c CF91      		pop r28
 177 010e 1F91      		pop r17
 178 0110 0F91      		pop r16
 179 0112 FF90      		pop r15
 180 0114 EF90      		pop r14
 181 0116 DF90      		pop r13
 182 0118 CF90      		pop r12
 183 011a BF90      		pop r11
 184 011c AF90      		pop r10
 185 011e 9F90      		pop r9
 186 0120 8F90      		pop r8
 187 0122 0895      		ret
 188               		.size	NutArpAllocNetBuf, .-NutArpAllocNetBuf
GAS LISTING C:\Temp/ccHowSHJ.s 			page 5


DEFINED SYMBOLS
                            *ABS*:00000000 arpout.c
  C:\Temp/ccHowSHJ.s:2      *ABS*:0000003f __SREG__
  C:\Temp/ccHowSHJ.s:3      *ABS*:0000003e __SP_H__
  C:\Temp/ccHowSHJ.s:4      *ABS*:0000003d __SP_L__
  C:\Temp/ccHowSHJ.s:5      *ABS*:00000034 __CCP__
  C:\Temp/ccHowSHJ.s:6      *ABS*:00000000 __tmp_reg__
  C:\Temp/ccHowSHJ.s:7      *ABS*:00000001 __zero_reg__
  C:\Temp/ccHowSHJ.s:13     .text:00000000 NutArpOutput
  C:\Temp/ccHowSHJ.s:75     .text:0000006c NutArpAllocNetBuf

UNDEFINED SYMBOLS
__do_copy_data
__do_clear_bss
NutNetBufAlloc
memset
