GAS LISTING C:\Temp/ccpI9eJz.s 			page 1


   1               		.file	"confnet.c"
   2               	__SREG__ = 0x3f
   3               	__SP_H__ = 0x3e
   4               	__SP_L__ = 0x3d
   5               	__CCP__  = 0x34
   6               	__tmp_reg__ = 0
   7               	__zero_reg__ = 1
   8               		.global __do_copy_data
   9               		.global __do_clear_bss
  10               		.text
  11               	.global	NutNetSaveConfig
  12               		.type	NutNetSaveConfig, @function
  13               	NutNetSaveConfig:
  14               	/* prologue: function */
  15               	/* frame size = 0 */
  16 0000 80E2      		ldi r24,lo8(32)
  17 0002 8093 0000 		sts confnet,r24
  18 0006 40E2      		ldi r20,lo8(32)
  19 0008 50E0      		ldi r21,hi8(32)
  20 000a 60E0      		ldi r22,lo8(confnet)
  21 000c 70E0      		ldi r23,hi8(confnet)
  22 000e 80E4      		ldi r24,lo8(64)
  23 0010 90E0      		ldi r25,hi8(64)
  24 0012 0E94 0000 		call NutNvMemSave
  25 0016 892B      		or r24,r25
  26 0018 01F4      		brne .L2
  27 001a 20E0      		ldi r18,lo8(0)
  28 001c 30E0      		ldi r19,hi8(0)
  29 001e 00C0      		rjmp .L3
  30               	.L2:
  31 0020 2FEF      		ldi r18,lo8(-1)
  32 0022 3FEF      		ldi r19,hi8(-1)
  33               	.L3:
  34 0024 C901      		movw r24,r18
  35               	/* epilogue start */
  36 0026 0895      		ret
  37               		.size	NutNetSaveConfig, .-NutNetSaveConfig
  38               	.global	NutNetLoadConfig
  39               		.type	NutNetLoadConfig, @function
  40               	NutNetLoadConfig:
  41 0028 CF93      		push r28
  42 002a DF93      		push r29
  43               	/* prologue: function */
  44               	/* frame size = 0 */
  45 002c EC01      		movw r28,r24
  46 002e 40E2      		ldi r20,lo8(32)
  47 0030 50E0      		ldi r21,hi8(32)
  48 0032 60E0      		ldi r22,lo8(confnet)
  49 0034 70E0      		ldi r23,hi8(confnet)
  50 0036 80E4      		ldi r24,lo8(64)
  51 0038 90E0      		ldi r25,hi8(64)
  52 003a 0E94 0000 		call NutNvMemLoad
  53 003e 892B      		or r24,r25
  54 0040 01F4      		brne .L10
  55               	.L6:
  56 0042 8091 0000 		lds r24,confnet
  57 0046 8032      		cpi r24,lo8(32)
GAS LISTING C:\Temp/ccpI9eJz.s 			page 2


  58 0048 01F4      		brne .L8
  59 004a BE01      		movw r22,r28
  60 004c 80E0      		ldi r24,lo8(confnet+1)
  61 004e 90E0      		ldi r25,hi8(confnet+1)
  62 0050 0E94 0000 		call strcmp
  63 0054 0097      		sbiw r24,0
  64 0056 01F4      		brne .L8
  65 0058 20E0      		ldi r18,lo8(0)
  66 005a 30E0      		ldi r19,hi8(0)
  67 005c 00C0      		rjmp .L7
  68               	.L8:
  69 005e E0E0      		ldi r30,lo8(confnet)
  70 0060 F0E0      		ldi r31,hi8(confnet)
  71 0062 80E2      		ldi r24,lo8(32)
  72 0064 DF01      		movw r26,r30
  73 0066 1D92      		st X+,__zero_reg__
  74 0068 8A95      	        dec r24
  75 006a 01F4      		brne .-6
  76 006c 46E0      		ldi r20,lo8(6)
  77 006e 50E0      		ldi r21,hi8(6)
  78 0070 6FEF      		ldi r22,lo8(255)
  79 0072 70E0      		ldi r23,hi8(255)
  80 0074 CF01      		movw r24,r30
  81 0076 0A96      		adiw r24,10
  82 0078 0E94 0000 		call memset
  83               	.L10:
  84 007c 2FEF      		ldi r18,lo8(-1)
  85 007e 3FEF      		ldi r19,hi8(-1)
  86               	.L7:
  87 0080 C901      		movw r24,r18
  88               	/* epilogue start */
  89 0082 DF91      		pop r29
  90 0084 CF91      		pop r28
  91 0086 0895      		ret
  92               		.size	NutNetLoadConfig, .-NutNetLoadConfig
  93               		.comm confnet,32,1
GAS LISTING C:\Temp/ccpI9eJz.s 			page 3


DEFINED SYMBOLS
                            *ABS*:00000000 confnet.c
  C:\Temp/ccpI9eJz.s:2      *ABS*:0000003f __SREG__
  C:\Temp/ccpI9eJz.s:3      *ABS*:0000003e __SP_H__
  C:\Temp/ccpI9eJz.s:4      *ABS*:0000003d __SP_L__
  C:\Temp/ccpI9eJz.s:5      *ABS*:00000034 __CCP__
  C:\Temp/ccpI9eJz.s:6      *ABS*:00000000 __tmp_reg__
  C:\Temp/ccpI9eJz.s:7      *ABS*:00000001 __zero_reg__
  C:\Temp/ccpI9eJz.s:13     .text:00000000 NutNetSaveConfig
                            *COM*:00000020 confnet
  C:\Temp/ccpI9eJz.s:40     .text:00000028 NutNetLoadConfig

UNDEFINED SYMBOLS
__do_copy_data
__do_clear_bss
NutNvMemSave
NutNvMemLoad
strcmp
memset
