GAS LISTING C:\Temp/cczs8BGa.s 			page 1


   1               		.file	"ether_addr.c"
   2               	__SREG__ = 0x3f
   3               	__SP_H__ = 0x3e
   4               	__SP_L__ = 0x3d
   5               	__CCP__  = 0x34
   6               	__tmp_reg__ = 0
   7               	__zero_reg__ = 1
   8               		.global __do_copy_data
   9               		.global __do_clear_bss
  10               		.text
  11               	.global	ether_ntoa
  12               		.type	ether_ntoa, @function
  13               	ether_ntoa:
  14 0000 CF93      		push r28
  15 0002 DF93      		push r29
  16               	/* prologue: function */
  17               	/* frame size = 0 */
  18 0004 EC01      		movw r28,r24
  19 0006 A0E0      		ldi r26,lo8(str.1884)
  20 0008 B0E0      		ldi r27,hi8(str.1884)
  21 000a 9AE3      		ldi r25,lo8(58)
  22               	.L2:
  23 000c E881      		ld r30,Y
  24 000e E295      		swap r30
  25 0010 EF70      		andi r30,lo8(15)
  26 0012 F0E0      		ldi r31,lo8(0)
  27 0014 E050      		subi r30,lo8(-(hexdigit))
  28 0016 F040      		sbci r31,hi8(-(hexdigit))
  29 0018 8081      		ld r24,Z
  30 001a 8C93      		st X,r24
  31 001c E991      		ld r30,Y+
  32 001e F0E0      		ldi r31,lo8(0)
  33 0020 EF70      		andi r30,lo8(15)
  34 0022 F070      		andi r31,hi8(15)
  35 0024 E050      		subi r30,lo8(-(hexdigit))
  36 0026 F040      		sbci r31,hi8(-(hexdigit))
  37 0028 8081      		ld r24,Z
  38 002a 1196      		adiw r26,1
  39 002c 8C93      		st X,r24
  40 002e 1197      		sbiw r26,1
  41 0030 1296      		adiw r26,2
  42 0032 9C93      		st X,r25
  43 0034 1297      		sbiw r26,2
  44 0036 1396      		adiw r26,3
  45 0038 80E0      		ldi r24,hi8(str.1884+18)
  46 003a A030      		cpi r26,lo8(str.1884+18)
  47 003c B807      		cpc r27,r24
  48 003e 01F4      		brne .L2
  49 0040 1092 0000 		sts str.1884+17,__zero_reg__
  50 0044 CD01      		movw r24,r26
  51 0046 4297      		sbiw r24,18
  52               	/* epilogue start */
  53 0048 DF91      		pop r29
  54 004a CF91      		pop r28
  55 004c 0895      		ret
  56               		.size	ether_ntoa, .-ether_ntoa
  57               	.global	ether_aton
GAS LISTING C:\Temp/cczs8BGa.s 			page 2


  58               		.type	ether_aton, @function
  59               	ether_aton:
  60               	/* prologue: function */
  61               	/* frame size = 0 */
  62 004e E0E0      		ldi r30,lo8(mac.1860)
  63 0050 F0E0      		ldi r31,hi8(mac.1860)
  64 0052 26E0      		ldi r18,lo8(6)
  65 0054 DF01      		movw r26,r30
  66 0056 1D92      		st X+,__zero_reg__
  67 0058 2A95      	        dec r18
  68 005a 01F4      		brne .-6
  69 005c DC01      		movw r26,r24
  70 005e 00C0      		rjmp .L17
  71               	.L12:
  72 0060 9033      		cpi r25,lo8(48)
  73 0062 04F4      		brge .+2
  74 0064 00C0      		rjmp .L7
  75 0066 892F      		mov r24,r25
  76 0068 8A53      		subi r24,lo8(-(-58))
  77 006a 8730      		cpi r24,lo8(7)
  78 006c 00F4      		brsh .+2
  79 006e 00C0      		rjmp .L7
  80 0070 8D50      		subi r24,lo8(-(-13))
  81 0072 8A31      		cpi r24,lo8(26)
  82 0074 00F0      		brlo .L7
  83 0076 9736      		cpi r25,lo8(103)
  84 0078 04F4      		brge .L7
  85 007a 8081      		ld r24,Z
  86 007c 8031      		cpi r24,lo8(16)
  87 007e 00F4      		brsh .L7
  88 0080 282F      		mov r18,r24
  89 0082 2295      		swap r18
  90 0084 207F      		andi r18,lo8(-16)
  91 0086 2083      		st Z,r18
  92 0088 9C91      		ld r25,X
  93 008a 892F      		mov r24,r25
  94 008c 8053      		subi r24,lo8(-(-48))
  95 008e 8A30      		cpi r24,lo8(10)
  96 0090 00F4      		brsh .L8
  97 0092 892F      		mov r24,r25
  98 0094 9927      		clr r25
  99 0096 87FD      		sbrc r24,7
 100 0098 9095      		com r25
 101 009a C097      		sbiw r24,48
 102 009c 00C0      		rjmp .L9
 103               	.L8:
 104 009e 892F      		mov r24,r25
 105 00a0 8156      		subi r24,lo8(-(-97))
 106 00a2 8630      		cpi r24,lo8(6)
 107 00a4 00F4      		brsh .L10
 108 00a6 892F      		mov r24,r25
 109 00a8 9927      		clr r25
 110 00aa 87FD      		sbrc r24,7
 111 00ac 9095      		com r25
 112 00ae 8755      		subi r24,lo8(-(-87))
 113 00b0 9040      		sbci r25,hi8(-(-87))
 114 00b2 00C0      		rjmp .L9
GAS LISTING C:\Temp/cczs8BGa.s 			page 3


 115               	.L10:
 116 00b4 892F      		mov r24,r25
 117 00b6 8154      		subi r24,lo8(-(-65))
 118 00b8 8630      		cpi r24,lo8(6)
 119 00ba 00F0      		brlo .L11
 120 00bc 80E0      		ldi r24,lo8(0)
 121 00be 90E0      		ldi r25,hi8(0)
 122 00c0 00C0      		rjmp .L9
 123               	.L11:
 124 00c2 892F      		mov r24,r25
 125 00c4 9927      		clr r25
 126 00c6 87FD      		sbrc r24,7
 127 00c8 9095      		com r25
 128 00ca C797      		sbiw r24,55
 129               	.L9:
 130 00cc 282B      		or r18,r24
 131 00ce 2083      		st Z,r18
 132 00d0 1196      		adiw r26,1
 133 00d2 8C91      		ld r24,X
 134 00d4 8A33      		cpi r24,lo8(58)
 135 00d6 01F4      		brne .L17
 136 00d8 3196      		adiw r30,1
 137 00da 80E0      		ldi r24,hi8(mac.1860+6)
 138 00dc E030      		cpi r30,lo8(mac.1860+6)
 139 00de F807      		cpc r31,r24
 140 00e0 01F0      		breq .L7
 141 00e2 1196      		adiw r26,1
 142               	.L17:
 143 00e4 9C91      		ld r25,X
 144 00e6 9923      		tst r25
 145 00e8 01F0      		breq .+2
 146 00ea 00C0      		rjmp .L12
 147 00ec 20E0      		ldi r18,lo8(mac.1860)
 148 00ee 30E0      		ldi r19,hi8(mac.1860)
 149 00f0 00C0      		rjmp .L13
 150               	.L7:
 151 00f2 20E0      		ldi r18,lo8(0)
 152 00f4 30E0      		ldi r19,hi8(0)
 153               	.L13:
 154 00f6 C901      		movw r24,r18
 155               	/* epilogue start */
 156 00f8 0895      		ret
 157               		.size	ether_aton, .-ether_aton
 158               		.data
 159               		.type	hexdigit, @object
 160               		.size	hexdigit, 17
 161               	hexdigit:
 162 0000 3031 3233 		.string	"0123456789ABCDEF"
 162      3435 3637 
 162      3839 4142 
 162      4344 4546 
 162      00
 163               		.lcomm str.1884,18
 164               		.lcomm mac.1860,6
GAS LISTING C:\Temp/cczs8BGa.s 			page 4


DEFINED SYMBOLS
                            *ABS*:00000000 ether_addr.c
  C:\Temp/cczs8BGa.s:2      *ABS*:0000003f __SREG__
  C:\Temp/cczs8BGa.s:3      *ABS*:0000003e __SP_H__
  C:\Temp/cczs8BGa.s:4      *ABS*:0000003d __SP_L__
  C:\Temp/cczs8BGa.s:5      *ABS*:00000034 __CCP__
  C:\Temp/cczs8BGa.s:6      *ABS*:00000000 __tmp_reg__
  C:\Temp/cczs8BGa.s:7      *ABS*:00000001 __zero_reg__
  C:\Temp/cczs8BGa.s:13     .text:00000000 ether_ntoa
                             .bss:00000000 str.1884
  C:\Temp/cczs8BGa.s:161    .data:00000000 hexdigit
  C:\Temp/cczs8BGa.s:59     .text:0000004e ether_aton
  C:\Temp/cczs8BGa.s:163    .bss:00000012 mac.1860

UNDEFINED SYMBOLS
__do_copy_data
__do_clear_bss
