GAS LISTING C:\Temp/ccBN9aDR.s 			page 1


   1               		.file	"ethin.c"
   2               	__SREG__ = 0x3f
   3               	__SP_H__ = 0x3e
   4               	__SP_L__ = 0x3d
   5               	__CCP__  = 0x34
   6               	__tmp_reg__ = 0
   7               	__zero_reg__ = 1
   8               		.global __do_copy_data
   9               		.global __do_clear_bss
  10               		.text
  11               	.global	NutEtherInput
  12               		.type	NutEtherInput, @function
  13               	NutEtherInput:
  14 0000 EF92      		push r14
  15 0002 FF92      		push r15
  16 0004 0F93      		push r16
  17 0006 1F93      		push r17
  18 0008 CF93      		push r28
  19 000a DF93      		push r29
  20               	/* prologue: function */
  21               	/* frame size = 0 */
  22 000c 7C01      		movw r14,r24
  23 000e EB01      		movw r28,r22
  24 0010 0B81      		ldd r16,Y+3
  25 0012 1C81      		ldd r17,Y+4
  26 0014 025F      		subi r16,lo8(-(14))
  27 0016 1F4F      		sbci r17,hi8(-(14))
  28 0018 1887      		std Y+8,r17
  29 001a 0F83      		std Y+7,r16
  30 001c 0E50      		subi r16,lo8(-(-14))
  31 001e 1040      		sbci r17,hi8(-(-14))
  32 0020 8D81      		ldd r24,Y+5
  33 0022 9E81      		ldd r25,Y+6
  34 0024 0E97      		sbiw r24,14
  35 0026 9A87      		std Y+10,r25
  36 0028 8987      		std Y+9,r24
  37 002a 8EE0      		ldi r24,lo8(14)
  38 002c 90E0      		ldi r25,hi8(14)
  39 002e 9E83      		std Y+6,r25
  40 0030 8D83      		std Y+5,r24
  41 0032 E091 0000 		lds r30,ether_demux
  42 0036 F091 0000 		lds r31,(ether_demux)+1
  43 003a 3097      		sbiw r30,0
  44 003c 01F0      		breq .L2
  45 003e C701      		movw r24,r14
  46 0040 0995      		icall
  47 0042 892B      		or r24,r25
  48 0044 01F0      		breq .L7
  49               	.L2:
  50 0046 F801      		movw r30,r16
  51 0048 8485      		ldd r24,Z+12
  52 004a 9585      		ldd r25,Z+13
  53               	/* #APP */
  54               	 ;  295 "../../nut/include/sys/types.h" 1
  55 004c 082E      		mov __tmp_reg__, r24
  56 004e 892F      		mov r24, r25
  57 0050 902D      		mov r25, __tmp_reg__
GAS LISTING C:\Temp/ccBN9aDR.s 			page 2


  58               		
  59               	 ;  0 "" 2
  60               	/* #NOAPP */
  61 0052 F8E0      		ldi r31,hi8(2048)
  62 0054 8030      		cpi r24,lo8(2048)
  63 0056 9F07      		cpc r25,r31
  64 0058 01F0      		breq .L5
  65 005a 8650      		subi r24,lo8(2054)
  66 005c 9840      		sbci r25,hi8(2054)
  67 005e 01F4      		brne .L8
  68 0060 00C0      		rjmp .L9
  69               	.L5:
  70 0062 BE01      		movw r22,r28
  71 0064 C701      		movw r24,r14
  72 0066 0E94 0000 		call NutIpInput
  73 006a 00C0      		rjmp .L7
  74               	.L9:
  75 006c BE01      		movw r22,r28
  76 006e C701      		movw r24,r14
  77 0070 0E94 0000 		call NutArpInput
  78 0074 00C0      		rjmp .L7
  79               	.L8:
  80 0076 CE01      		movw r24,r28
  81 0078 0E94 0000 		call NutNetBufFree
  82               	.L7:
  83               	/* epilogue start */
  84 007c DF91      		pop r29
  85 007e CF91      		pop r28
  86 0080 1F91      		pop r17
  87 0082 0F91      		pop r16
  88 0084 FF90      		pop r15
  89 0086 EF90      		pop r14
  90 0088 0895      		ret
  91               		.size	NutEtherInput, .-NutEtherInput
  92               		.comm ether_demux,2,1
GAS LISTING C:\Temp/ccBN9aDR.s 			page 3


DEFINED SYMBOLS
                            *ABS*:00000000 ethin.c
  C:\Temp/ccBN9aDR.s:2      *ABS*:0000003f __SREG__
  C:\Temp/ccBN9aDR.s:3      *ABS*:0000003e __SP_H__
  C:\Temp/ccBN9aDR.s:4      *ABS*:0000003d __SP_L__
  C:\Temp/ccBN9aDR.s:5      *ABS*:00000034 __CCP__
  C:\Temp/ccBN9aDR.s:6      *ABS*:00000000 __tmp_reg__
  C:\Temp/ccBN9aDR.s:7      *ABS*:00000001 __zero_reg__
  C:\Temp/ccBN9aDR.s:13     .text:00000000 NutEtherInput
                            *COM*:00000002 ether_demux

UNDEFINED SYMBOLS
__do_copy_data
__do_clear_bss
NutIpInput
NutArpInput
NutNetBufFree
