GAS LISTING C:\Temp/ccpS3JKo.s 			page 1


   1               		.file	"ifconfig.c"
   2               	__SREG__ = 0x3f
   3               	__SP_H__ = 0x3e
   4               	__SP_L__ = 0x3d
   5               	__CCP__  = 0x34
   6               	__tmp_reg__ = 0
   7               	__zero_reg__ = 1
   8               		.global __do_copy_data
   9               		.global __do_clear_bss
  10               		.data
  11               	.LC0:
  12 0000 3235 352E 		.string	"255.255.255.0"
  12      3235 352E 
  12      3235 352E 
  12      3000 
  13               		.text
  14               	.global	NutNetIfSetup
  15               		.type	NutNetIfSetup, @function
  16               	NutNetIfSetup:
  17 0000 2F92      		push r2
  18 0002 3F92      		push r3
  19 0004 4F92      		push r4
  20 0006 5F92      		push r5
  21 0008 6F92      		push r6
  22 000a 7F92      		push r7
  23 000c 8F92      		push r8
  24 000e 9F92      		push r9
  25 0010 AF92      		push r10
  26 0012 BF92      		push r11
  27 0014 CF92      		push r12
  28 0016 DF92      		push r13
  29 0018 EF92      		push r14
  30 001a FF92      		push r15
  31 001c 0F93      		push r16
  32 001e 1F93      		push r17
  33 0020 DF93      		push r29
  34 0022 CF93      		push r28
  35 0024 00D0      		rcall .
  36 0026 00D0      		rcall .
  37 0028 00D0      		rcall .
  38 002a CDB7      		in r28,__SP_L__
  39 002c DEB7      		in r29,__SP_H__
  40               	/* prologue: function */
  41               	/* frame size = 6 */
  42 002e 1C01      		movw r2,r24
  43 0030 2A01      		movw r4,r20
  44 0032 3B01      		movw r6,r22
  45 0034 4801      		movw r8,r16
  46 0036 5901      		movw r10,r18
  47 0038 C982      		std Y+1,r12
  48 003a DA82      		std Y+2,r13
  49 003c EB82      		std Y+3,r14
  50 003e FC82      		std Y+4,r15
  51 0040 DC01      		movw r26,r24
  52 0042 1F96      		adiw r26,15
  53 0044 8C91      		ld r24,X
  54 0046 1F97      		sbiw r26,15
GAS LISTING C:\Temp/ccpS3JKo.s 			page 2


  55 0048 5096      		adiw r26,16
  56 004a 9C91      		ld r25,X
  57 004c 4115      		cp r20,__zero_reg__
  58 004e 5105      		cpc r21,__zero_reg__
  59 0050 6105      		cpc r22,__zero_reg__
  60 0052 7105      		cpc r23,__zero_reg__
  61 0054 01F4      		brne .L2
  62 0056 4090 0000 		lds r4,confnet+16
  63 005a 5090 0000 		lds r5,(confnet+16)+1
  64 005e 6090 0000 		lds r6,(confnet+16)+2
  65 0062 7090 0000 		lds r7,(confnet+16)+3
  66 0066 4114      		cp r4,__zero_reg__
  67 0068 5104      		cpc r5,__zero_reg__
  68 006a 6104      		cpc r6,__zero_reg__
  69 006c 7104      		cpc r7,__zero_reg__
  70 006e 01F4      		brne .L2
  71 0070 2FEF      		ldi r18,lo8(-1)
  72 0072 3FEF      		ldi r19,hi8(-1)
  73 0074 00C0      		rjmp .L3
  74               	.L2:
  75 0076 8D83      		std Y+5,r24
  76 0078 9E83      		std Y+6,r25
  77 007a ED81      		ldd r30,Y+5
  78 007c FE81      		ldd r31,Y+6
  79 007e 4386      		std Z+11,r4
  80 0080 5486      		std Z+12,r5
  81 0082 6586      		std Z+13,r6
  82 0084 7686      		std Z+14,r7
  83 0086 8114      		cp r8,__zero_reg__
  84 0088 9104      		cpc r9,__zero_reg__
  85 008a A104      		cpc r10,__zero_reg__
  86 008c B104      		cpc r11,__zero_reg__
  87 008e 01F4      		brne .L4
  88 0090 80E0      		ldi r24,lo8(.LC0)
  89 0092 90E0      		ldi r25,hi8(.LC0)
  90 0094 0E94 0000 		call inet_addr
  91 0098 4B01      		movw r8,r22
  92 009a 5C01      		movw r10,r24
  93               	.L4:
  94 009c AD81      		ldd r26,Y+5
  95 009e BE81      		ldd r27,Y+6
  96 00a0 5396      		adiw r26,19
  97 00a2 8D92      		st X+,r8
  98 00a4 9D92      		st X+,r9
  99 00a6 AD92      		st X+,r10
 100 00a8 BC92      		st X,r11
 101 00aa 5697      		sbiw r26,19+3
 102 00ac C501      		movw r24,r10
 103 00ae B401      		movw r22,r8
 104 00b0 6421      		and r22,r4
 105 00b2 7521      		and r23,r5
 106 00b4 8621      		and r24,r6
 107 00b6 9721      		and r25,r7
 108 00b8 6101      		movw r12,r2
 109 00ba EE24      		clr r14
 110 00bc FF24      		clr r15
 111 00be 8701      		movw r16,r14
GAS LISTING C:\Temp/ccpS3JKo.s 			page 3


 112 00c0 A501      		movw r20,r10
 113 00c2 9401      		movw r18,r8
 114 00c4 0E94 0000 		call NutIpRouteAdd
 115 00c8 8981      		ldd r24,Y+1
 116 00ca 9A81      		ldd r25,Y+2
 117 00cc AB81      		ldd r26,Y+3
 118 00ce BC81      		ldd r27,Y+4
 119 00d0 0097      		sbiw r24,0
 120 00d2 A105      		cpc r26,__zero_reg__
 121 00d4 B105      		cpc r27,__zero_reg__
 122 00d6 01F0      		breq .L5
 123 00d8 7C01      		movw r14,r24
 124 00da 8D01      		movw r16,r26
 125 00dc 20E0      		ldi r18,lo8(0)
 126 00de 30E0      		ldi r19,hi8(0)
 127 00e0 40E0      		ldi r20,hlo8(0)
 128 00e2 50E0      		ldi r21,hhi8(0)
 129 00e4 60E0      		ldi r22,lo8(0)
 130 00e6 70E0      		ldi r23,hi8(0)
 131 00e8 80E0      		ldi r24,hlo8(0)
 132 00ea 90E0      		ldi r25,hhi8(0)
 133 00ec 0E94 0000 		call NutIpRouteAdd
 134               	.L5:
 135 00f0 A0E0      		ldi r26,lo8(confnet+1)
 136 00f2 B0E0      		ldi r27,hi8(confnet+1)
 137 00f4 F101      		movw r30,r2
 138 00f6 3296      		adiw r30,2
 139 00f8 89E0      		ldi r24,lo8(9)
 140               	.L6:
 141 00fa 0190      		ld r0,Z+
 142 00fc 0D92      		st X+,r0
 143 00fe 8150      		subi r24,lo8(-(-1))
 144 0100 01F4      		brne .L6
 145 0102 AD81      		ldd r26,Y+5
 146 0104 BE81      		ldd r27,Y+6
 147 0106 1596      		adiw r26,5
 148 0108 2C91      		ld r18,X
 149 010a 1597      		sbiw r26,5
 150 010c 1696      		adiw r26,6
 151 010e 8C91      		ld r24,X
 152 0110 1697      		sbiw r26,6
 153 0112 822B      		or r24,r18
 154 0114 1796      		adiw r26,7
 155 0116 9C91      		ld r25,X
 156 0118 1797      		sbiw r26,7
 157 011a 892B      		or r24,r25
 158 011c 1896      		adiw r26,8
 159 011e 9C91      		ld r25,X
 160 0120 1897      		sbiw r26,8
 161 0122 892B      		or r24,r25
 162 0124 1996      		adiw r26,9
 163 0126 9C91      		ld r25,X
 164 0128 1997      		sbiw r26,9
 165 012a 892B      		or r24,r25
 166 012c 1A96      		adiw r26,10
 167 012e 9C91      		ld r25,X
 168 0130 892B      		or r24,r25
GAS LISTING C:\Temp/ccpS3JKo.s 			page 4


 169 0132 01F0      		breq .L7
 170 0134 20FD      		sbrc r18,0
 171 0136 00C0      		rjmp .L7
 172 0138 A0E0      		ldi r26,lo8(confnet+10)
 173 013a B0E0      		ldi r27,hi8(confnet+10)
 174 013c ED81      		ldd r30,Y+5
 175 013e FE81      		ldd r31,Y+6
 176 0140 3596      		adiw r30,5
 177 0142 86E0      		ldi r24,lo8(6)
 178               	.L8:
 179 0144 0190      		ld r0,Z+
 180 0146 0D92      		st X+,r0
 181 0148 8150      		subi r24,lo8(-(-1))
 182 014a 01F4      		brne .L8
 183               	.L7:
 184 014c 4092 0000 		sts confnet+16,r4
 185 0150 5092 0000 		sts (confnet+16)+1,r5
 186 0154 6092 0000 		sts (confnet+16)+2,r6
 187 0158 7092 0000 		sts (confnet+16)+3,r7
 188 015c 8092 0000 		sts confnet+20,r8
 189 0160 9092 0000 		sts (confnet+20)+1,r9
 190 0164 A092 0000 		sts (confnet+20)+2,r10
 191 0168 B092 0000 		sts (confnet+20)+3,r11
 192 016c 8981      		ldd r24,Y+1
 193 016e 9A81      		ldd r25,Y+2
 194 0170 AB81      		ldd r26,Y+3
 195 0172 BC81      		ldd r27,Y+4
 196 0174 0097      		sbiw r24,0
 197 0176 A105      		cpc r26,__zero_reg__
 198 0178 B105      		cpc r27,__zero_reg__
 199 017a 01F4      		brne .L9
 200 017c 8091 0000 		lds r24,confnet+24
 201 0180 9091 0000 		lds r25,(confnet+24)+1
 202 0184 A091 0000 		lds r26,(confnet+24)+2
 203 0188 B091 0000 		lds r27,(confnet+24)+3
 204 018c 8425      		eor r24,r4
 205 018e 9525      		eor r25,r5
 206 0190 A625      		eor r26,r6
 207 0192 B725      		eor r27,r7
 208 0194 8821      		and r24,r8
 209 0196 9921      		and r25,r9
 210 0198 AA21      		and r26,r10
 211 019a BB21      		and r27,r11
 212 019c 0097      		sbiw r24,0
 213 019e A105      		cpc r26,__zero_reg__
 214 01a0 B105      		cpc r27,__zero_reg__
 215 01a2 01F0      		breq .L10
 216               	.L9:
 217 01a4 8981      		ldd r24,Y+1
 218 01a6 9A81      		ldd r25,Y+2
 219 01a8 AB81      		ldd r26,Y+3
 220 01aa BC81      		ldd r27,Y+4
 221 01ac 8093 0000 		sts confnet+24,r24
 222 01b0 9093 0000 		sts (confnet+24)+1,r25
 223 01b4 A093 0000 		sts (confnet+24)+2,r26
 224 01b8 B093 0000 		sts (confnet+24)+3,r27
 225               	.L10:
GAS LISTING C:\Temp/ccpS3JKo.s 			page 5


 226 01bc 0E94 0000 		call NutNetSaveConfig
 227 01c0 9C01      		movw r18,r24
 228               	.L3:
 229 01c2 C901      		movw r24,r18
 230               	/* epilogue start */
 231 01c4 2696      		adiw r28,6
 232 01c6 0FB6      		in __tmp_reg__,__SREG__
 233 01c8 F894      		cli
 234 01ca DEBF      		out __SP_H__,r29
 235 01cc 0FBE      		out __SREG__,__tmp_reg__
 236 01ce CDBF      		out __SP_L__,r28
 237 01d0 CF91      		pop r28
 238 01d2 DF91      		pop r29
 239 01d4 1F91      		pop r17
 240 01d6 0F91      		pop r16
 241 01d8 FF90      		pop r15
 242 01da EF90      		pop r14
 243 01dc DF90      		pop r13
 244 01de CF90      		pop r12
 245 01e0 BF90      		pop r11
 246 01e2 AF90      		pop r10
 247 01e4 9F90      		pop r9
 248 01e6 8F90      		pop r8
 249 01e8 7F90      		pop r7
 250 01ea 6F90      		pop r6
 251 01ec 5F90      		pop r5
 252 01ee 4F90      		pop r4
 253 01f0 3F90      		pop r3
 254 01f2 2F90      		pop r2
 255 01f4 0895      		ret
 256               		.size	NutNetIfSetup, .-NutNetIfSetup
 257               	.global	NutNetIfConfig2
 258               		.type	NutNetIfConfig2, @function
 259               	NutNetIfConfig2:
 260 01f6 2F92      		push r2
 261 01f8 3F92      		push r3
 262 01fa 4F92      		push r4
 263 01fc 5F92      		push r5
 264 01fe 6F92      		push r6
 265 0200 7F92      		push r7
 266 0202 8F92      		push r8
 267 0204 9F92      		push r9
 268 0206 AF92      		push r10
 269 0208 BF92      		push r11
 270 020a CF92      		push r12
 271 020c DF92      		push r13
 272 020e EF92      		push r14
 273 0210 FF92      		push r15
 274 0212 0F93      		push r16
 275 0214 1F93      		push r17
 276 0216 DF93      		push r29
 277 0218 CF93      		push r28
 278 021a CDB7      		in r28,__SP_L__
 279 021c DEB7      		in r29,__SP_H__
 280 021e 2897      		sbiw r28,8
 281 0220 0FB6      		in __tmp_reg__,__SREG__
 282 0222 F894      		cli
GAS LISTING C:\Temp/ccpS3JKo.s 			page 6


 283 0224 DEBF      		out __SP_H__,r29
 284 0226 0FBE      		out __SREG__,__tmp_reg__
 285 0228 CDBF      		out __SP_L__,r28
 286               	/* prologue: function */
 287               	/* frame size = 8 */
 288 022a 6F83      		std Y+7,r22
 289 022c 7887      		std Y+8,r23
 290 022e 1901      		movw r2,r18
 291 0230 2A01      		movw r4,r20
 292 0232 3701      		movw r6,r14
 293 0234 4801      		movw r8,r16
 294 0236 0E94 0000 		call NutDeviceLookup
 295 023a FC01      		movw r30,r24
 296 023c 0097      		sbiw r24,0
 297 023e 01F4      		brne .+2
 298 0240 00C0      		rjmp .L15
 299 0242 8385      		ldd r24,Z+11
 300 0244 8330      		cpi r24,lo8(3)
 301 0246 01F0      		breq .+2
 302 0248 00C0      		rjmp .L15
 303 024a FA83      		std Y+2,r31
 304 024c E983      		std Y+1,r30
 305 024e A785      		ldd r26,Z+15
 306 0250 B089      		ldd r27,Z+16
 307 0252 8C91      		ld r24,X
 308 0254 8630      		cpi r24,lo8(6)
 309 0256 01F0      		breq .+2
 310 0258 00C0      		rjmp .L16
 311 025a 2589      		ldd r18,Z+21
 312 025c 3689      		ldd r19,Z+22
 313 025e 2115      		cp r18,__zero_reg__
 314 0260 3105      		cpc r19,__zero_reg__
 315 0262 01F0      		breq .L17
 316 0264 8E01      		movw r16,r28
 317 0266 0D5F      		subi r16,lo8(-(3))
 318 0268 1F4F      		sbci r17,hi8(-(3))
 319 026a A801      		movw r20,r16
 320 026c 64E0      		ldi r22,lo8(4100)
 321 026e 70E1      		ldi r23,hi8(4100)
 322 0270 CF01      		movw r24,r30
 323 0272 F901      		movw r30,r18
 324 0274 0995      		icall
 325 0276 E981      		ldd r30,Y+1
 326 0278 FA81      		ldd r31,Y+2
 327 027a 2589      		ldd r18,Z+21
 328 027c 3689      		ldd r19,Z+22
 329 027e 4F81      		ldd r20,Y+7
 330 0280 5885      		ldd r21,Y+8
 331 0282 65E0      		ldi r22,lo8(4101)
 332 0284 70E1      		ldi r23,hi8(4101)
 333 0286 CF01      		movw r24,r30
 334 0288 F901      		movw r30,r18
 335 028a 0995      		icall
 336 028c 8B81      		ldd r24,Y+3
 337 028e 9C81      		ldd r25,Y+4
 338 0290 AD81      		ldd r26,Y+5
 339 0292 BE81      		ldd r27,Y+6
GAS LISTING C:\Temp/ccpS3JKo.s 			page 7


 340 0294 8160      		ori r24,lo8(1)
 341 0296 8B83      		std Y+3,r24
 342 0298 9C83      		std Y+4,r25
 343 029a AD83      		std Y+5,r26
 344 029c BE83      		std Y+6,r27
 345 029e E981      		ldd r30,Y+1
 346 02a0 FA81      		ldd r31,Y+2
 347 02a2 2589      		ldd r18,Z+21
 348 02a4 3689      		ldd r19,Z+22
 349 02a6 A801      		movw r20,r16
 350 02a8 63E0      		ldi r22,lo8(4099)
 351 02aa 70E1      		ldi r23,hi8(4099)
 352 02ac CF01      		movw r24,r30
 353 02ae F901      		movw r30,r18
 354 02b0 0995      		icall
 355 02b2 00C0      		rjmp .L18
 356               	.L17:
 357 02b4 1596      		adiw r26,5
 358 02b6 8F81      		ldd r24,Y+7
 359 02b8 9885      		ldd r25,Y+8
 360 02ba 9C01      		movw r18,r24
 361 02bc F901      		movw r30,r18
 362 02be 86E0      		ldi r24,lo8(6)
 363               	.L19:
 364 02c0 0190      		ld r0,Z+
 365 02c2 0D92      		st X+,r0
 366 02c4 8150      		subi r24,lo8(-(-1))
 367 02c6 01F4      		brne .L19
 368               	.L18:
 369 02c8 7601      		movw r14,r12
 370 02ca 6501      		movw r12,r10
 371 02cc 9401      		movw r18,r8
 372 02ce 8301      		movw r16,r6
 373 02d0 B201      		movw r22,r4
 374 02d2 A101      		movw r20,r2
 375 02d4 00C0      		rjmp .L24
 376               	.L16:
 377 02d6 8731      		cpi r24,lo8(23)
 378 02d8 01F0      		breq .+2
 379 02da 00C0      		rjmp .L15
 380 02dc A188      		ldd r10,Z+17
 381 02de B288      		ldd r11,Z+18
 382 02e0 F501      		movw r30,r10
 383 02e2 21A2      		std Z+33,r2
 384 02e4 32A2      		std Z+34,r3
 385 02e6 43A2      		std Z+35,r4
 386 02e8 54A2      		std Z+36,r5
 387 02ea E114      		cp r14,__zero_reg__
 388 02ec F104      		cpc r15,__zero_reg__
 389 02ee 0105      		cpc r16,__zero_reg__
 390 02f0 1105      		cpc r17,__zero_reg__
 391 02f2 01F4      		brne .L21
 392 02f4 6624      		clr r6
 393 02f6 6A94      		dec r6
 394 02f8 762C      		mov r7,r6
 395 02fa 4301      		movw r8,r6
 396               	.L21:
GAS LISTING C:\Temp/ccpS3JKo.s 			page 8


 397 02fc F501      		movw r30,r10
 398 02fe 61A6      		std Z+41,r6
 399 0300 72A6      		std Z+42,r7
 400 0302 83A6      		std Z+43,r8
 401 0304 94A6      		std Z+44,r9
 402 0306 C501      		movw r24,r10
 403 0308 0E94 0000 		call NutEventBroadcast
 404 030c F501      		movw r30,r10
 405 030e FF96      		adiw r30,63
 406 0310 AE01      		movw r20,r28
 407 0312 4F5F      		subi r20,lo8(-(1))
 408 0314 5F4F      		sbci r21,hi8(-(1))
 409 0316 67E1      		ldi r22,lo8(279)
 410 0318 71E0      		ldi r23,hi8(279)
 411 031a 8081      		ld r24,Z
 412 031c 9181      		ldd r25,Z+1
 413 031e 0E94 0000 		call _ioctl
 414 0322 40E6      		ldi r20,lo8(60000)
 415 0324 5AEE      		ldi r21,hi8(60000)
 416 0326 60E0      		ldi r22,hlo8(60000)
 417 0328 70E0      		ldi r23,hhi8(60000)
 418 032a C501      		movw r24,r10
 419 032c 0E94 0000 		call NutEventWait
 420 0330 892B      		or r24,r25
 421 0332 01F4      		brne .L15
 422 0334 F501      		movw r30,r10
 423 0336 84AD      		ldd r24,Z+60
 424 0338 8930      		cpi r24,lo8(9)
 425 033a 01F4      		brne .L15
 426 033c C5A0      		ldd r12,Z+37
 427 033e D6A0      		ldd r13,Z+38
 428 0340 E7A0      		ldd r14,Z+39
 429 0342 F0A4      		ldd r15,Z+40
 430 0344 01A5      		ldd r16,Z+41
 431 0346 12A5      		ldd r17,Z+42
 432 0348 23A5      		ldd r18,Z+43
 433 034a 34A5      		ldd r19,Z+44
 434 034c 41A1      		ldd r20,Z+33
 435 034e 52A1      		ldd r21,Z+34
 436 0350 63A1      		ldd r22,Z+35
 437 0352 74A1      		ldd r23,Z+36
 438               	.L24:
 439 0354 8981      		ldd r24,Y+1
 440 0356 9A81      		ldd r25,Y+2
 441 0358 0E94 0000 		call NutNetIfSetup
 442 035c 9C01      		movw r18,r24
 443 035e 00C0      		rjmp .L20
 444               	.L15:
 445 0360 2FEF      		ldi r18,lo8(-1)
 446 0362 3FEF      		ldi r19,hi8(-1)
 447               	.L20:
 448 0364 C901      		movw r24,r18
 449               	/* epilogue start */
 450 0366 2896      		adiw r28,8
 451 0368 0FB6      		in __tmp_reg__,__SREG__
 452 036a F894      		cli
 453 036c DEBF      		out __SP_H__,r29
GAS LISTING C:\Temp/ccpS3JKo.s 			page 9


 454 036e 0FBE      		out __SREG__,__tmp_reg__
 455 0370 CDBF      		out __SP_L__,r28
 456 0372 CF91      		pop r28
 457 0374 DF91      		pop r29
 458 0376 1F91      		pop r17
 459 0378 0F91      		pop r16
 460 037a FF90      		pop r15
 461 037c EF90      		pop r14
 462 037e DF90      		pop r13
 463 0380 CF90      		pop r12
 464 0382 BF90      		pop r11
 465 0384 AF90      		pop r10
 466 0386 9F90      		pop r9
 467 0388 8F90      		pop r8
 468 038a 7F90      		pop r7
 469 038c 6F90      		pop r6
 470 038e 5F90      		pop r5
 471 0390 4F90      		pop r4
 472 0392 3F90      		pop r3
 473 0394 2F90      		pop r2
 474 0396 0895      		ret
 475               		.size	NutNetIfConfig2, .-NutNetIfConfig2
 476               	.global	NutNetIfConfig
 477               		.type	NutNetIfConfig, @function
 478               	NutNetIfConfig:
 479 0398 AF92      		push r10
 480 039a BF92      		push r11
 481 039c CF92      		push r12
 482 039e DF92      		push r13
 483 03a0 EF92      		push r14
 484 03a2 FF92      		push r15
 485 03a4 0F93      		push r16
 486 03a6 1F93      		push r17
 487               	/* prologue: function */
 488               	/* frame size = 0 */
 489 03a8 AA24      		clr r10
 490 03aa BB24      		clr r11
 491 03ac 6501      		movw r12,r10
 492 03ae 0E94 0000 		call NutNetIfConfig2
 493               	/* epilogue start */
 494 03b2 1F91      		pop r17
 495 03b4 0F91      		pop r16
 496 03b6 FF90      		pop r15
 497 03b8 EF90      		pop r14
 498 03ba DF90      		pop r13
 499 03bc CF90      		pop r12
 500 03be BF90      		pop r11
 501 03c0 AF90      		pop r10
 502 03c2 0895      		ret
 503               		.size	NutNetIfConfig, .-NutNetIfConfig
GAS LISTING C:\Temp/ccpS3JKo.s 			page 10


DEFINED SYMBOLS
                            *ABS*:00000000 ifconfig.c
  C:\Temp/ccpS3JKo.s:2      *ABS*:0000003f __SREG__
  C:\Temp/ccpS3JKo.s:3      *ABS*:0000003e __SP_H__
  C:\Temp/ccpS3JKo.s:4      *ABS*:0000003d __SP_L__
  C:\Temp/ccpS3JKo.s:5      *ABS*:00000034 __CCP__
  C:\Temp/ccpS3JKo.s:6      *ABS*:00000000 __tmp_reg__
  C:\Temp/ccpS3JKo.s:7      *ABS*:00000001 __zero_reg__
  C:\Temp/ccpS3JKo.s:16     .text:00000000 NutNetIfSetup
  C:\Temp/ccpS3JKo.s:259    .text:000001f6 NutNetIfConfig2
  C:\Temp/ccpS3JKo.s:478    .text:00000398 NutNetIfConfig

UNDEFINED SYMBOLS
__do_copy_data
__do_clear_bss
confnet
inet_addr
NutIpRouteAdd
NutNetSaveConfig
NutDeviceLookup
NutEventBroadcast
_ioctl
NutEventWait
