GAS LISTING C:\Temp/ccbU4t7g.s 			page 1


   1               		.file	"igmpout.c"
   2               	__SREG__ = 0x3f
   3               	__SP_H__ = 0x3e
   4               	__SP_L__ = 0x3d
   5               	__CCP__  = 0x34
   6               	__tmp_reg__ = 0
   7               	__zero_reg__ = 1
   8               		.global __do_copy_data
   9               		.global __do_clear_bss
  10               		.text
  11               	.global	NutIgmpOutput
  12               		.type	NutIgmpOutput, @function
  13               	NutIgmpOutput:
  14 0000 BF92      		push r11
  15 0002 CF92      		push r12
  16 0004 DF92      		push r13
  17 0006 EF92      		push r14
  18 0008 FF92      		push r15
  19 000a 0F93      		push r16
  20 000c 1F93      		push r17
  21 000e CF93      		push r28
  22 0010 DF93      		push r29
  23               	/* prologue: function */
  24               	/* frame size = 0 */
  25 0012 B82E      		mov r11,r24
  26 0014 6A01      		movw r12,r20
  27 0016 7B01      		movw r14,r22
  28 0018 C901      		movw r24,r18
  29 001a 48E0      		ldi r20,lo8(8)
  30 001c 50E0      		ldi r21,hi8(8)
  31 001e 60E4      		ldi r22,lo8(64)
  32 0020 0E94 0000 		call NutNetBufAlloc
  33 0024 EC01      		movw r28,r24
  34 0026 0097      		sbiw r24,0
  35 0028 01F4      		brne .L2
  36 002a 2FEF      		ldi r18,lo8(-1)
  37 002c 3FEF      		ldi r19,hi8(-1)
  38 002e 00C0      		rjmp .L3
  39               	.L2:
  40 0030 0B85      		ldd r16,Y+11
  41 0032 1C85      		ldd r17,Y+12
  42 0034 88E0      		ldi r24,lo8(8)
  43 0036 90E0      		ldi r25,hi8(8)
  44 0038 9E87      		std Y+14,r25
  45 003a 8D87      		std Y+13,r24
  46 003c F801      		movw r30,r16
  47 003e B082      		st Z,r11
  48 0040 1182      		std Z+1,__zero_reg__
  49 0042 C482      		std Z+4,r12
  50 0044 D582      		std Z+5,r13
  51 0046 E682      		std Z+6,r14
  52 0048 F782      		std Z+7,r15
  53 004a 1382      		std Z+3,__zero_reg__
  54 004c 1282      		std Z+2,__zero_reg__
  55 004e 4D85      		ldd r20,Y+13
  56 0050 5E85      		ldd r21,Y+14
  57 0052 6B85      		ldd r22,Y+11
GAS LISTING C:\Temp/ccbU4t7g.s 			page 2


  58 0054 7C85      		ldd r23,Y+12
  59 0056 80E0      		ldi r24,lo8(0)
  60 0058 90E0      		ldi r25,hi8(0)
  61 005a 0E94 0000 		call NutIpChkSum
  62 005e F801      		movw r30,r16
  63 0060 9383      		std Z+3,r25
  64 0062 8283      		std Z+2,r24
  65 0064 9E01      		movw r18,r28
  66 0066 B701      		movw r22,r14
  67 0068 A601      		movw r20,r12
  68 006a 82E0      		ldi r24,lo8(2)
  69 006c 0E94 0000 		call NutIpOutput
  70 0070 9C01      		movw r18,r24
  71               	.L3:
  72 0072 C901      		movw r24,r18
  73               	/* epilogue start */
  74 0074 DF91      		pop r29
  75 0076 CF91      		pop r28
  76 0078 1F91      		pop r17
  77 007a 0F91      		pop r16
  78 007c FF90      		pop r15
  79 007e EF90      		pop r14
  80 0080 DF90      		pop r13
  81 0082 CF90      		pop r12
  82 0084 BF90      		pop r11
  83 0086 0895      		ret
  84               		.size	NutIgmpOutput, .-NutIgmpOutput
GAS LISTING C:\Temp/ccbU4t7g.s 			page 3


DEFINED SYMBOLS
                            *ABS*:00000000 igmpout.c
  C:\Temp/ccbU4t7g.s:2      *ABS*:0000003f __SREG__
  C:\Temp/ccbU4t7g.s:3      *ABS*:0000003e __SP_H__
  C:\Temp/ccbU4t7g.s:4      *ABS*:0000003d __SP_L__
  C:\Temp/ccbU4t7g.s:5      *ABS*:00000034 __CCP__
  C:\Temp/ccbU4t7g.s:6      *ABS*:00000000 __tmp_reg__
  C:\Temp/ccbU4t7g.s:7      *ABS*:00000001 __zero_reg__
  C:\Temp/ccbU4t7g.s:13     .text:00000000 NutIgmpOutput

UNDEFINED SYMBOLS
__do_copy_data
__do_clear_bss
NutNetBufAlloc
NutIpChkSum
NutIpOutput
