GAS LISTING C:\Temp/cc8ZrAwv.s 			page 1


   1               		.file	"ipcpin.c"
   2               	__SREG__ = 0x3f
   3               	__SP_H__ = 0x3e
   4               	__SP_L__ = 0x3d
   5               	__CCP__  = 0x34
   6               	__tmp_reg__ = 0
   7               	__zero_reg__ = 1
   8               		.global __do_copy_data
   9               		.global __do_clear_bss
  10               		.text
  11               		.type	IpcpRxConfNakRej, @function
  12               	IpcpRxConfNakRej:
  13 0000 FF92      		push r15
  14 0002 0F93      		push r16
  15 0004 1F93      		push r17
  16 0006 CF93      		push r28
  17 0008 DF93      		push r29
  18               	/* prologue: function */
  19               	/* frame size = 0 */
  20 000a 8C01      		movw r16,r24
  21 000c F62E      		mov r15,r22
  22 000e DC01      		movw r26,r24
  23 0010 5196      		adiw r26,17
  24 0012 CD91      		ld r28,X+
  25 0014 DC91      		ld r29,X
  26 0016 5297      		sbiw r26,17+1
  27 0018 8B81      		ldd r24,Y+3
  28 001a 6817      		cp r22,r24
  29 001c 01F4      		brne .L5
  30 001e 8D81      		ldd r24,Y+5
  31 0020 8823      		tst r24
  32 0022 01F4      		brne .L5
  33               	.L3:
  34 0024 8CAD      		ldd r24,Y+60
  35 0026 8230      		cpi r24,lo8(2)
  36 0028 00F0      		brlo .L5
  37 002a 8430      		cpi r24,lo8(4)
  38 002c 00F0      		brlo .L6
  39 002e 8650      		subi r24,lo8(-(-6))
  40 0030 8430      		cpi r24,lo8(4)
  41 0032 00F4      		brsh .L5
  42 0034 00C0      		rjmp .L24
  43               	.L6:
  44 0036 CA01      		movw r24,r20
  45 0038 0E94 0000 		call NutNetBufFree
  46 003c 20E0      		ldi r18,lo8(0)
  47 003e 30E0      		ldi r19,hi8(0)
  48 0040 4F2D      		mov r20,r15
  49 0042 66E0      		ldi r22,lo8(6)
  50 0044 C801      		movw r24,r16
  51 0046 0E94 0000 		call NutIpcpOutput
  52 004a 00C0      		rjmp .L20
  53               	.L5:
  54 004c CA01      		movw r24,r20
  55 004e 0E94 0000 		call NutNetBufFree
  56 0052 00C0      		rjmp .L20
  57               	.L24:
GAS LISTING C:\Temp/cc8ZrAwv.s 			page 2


  58 0054 81E0      		ldi r24,lo8(1)
  59 0056 8D83      		std Y+5,r24
  60 0058 DA01      		movw r26,r20
  61 005a 1F96      		adiw r26,15
  62 005c ED91      		ld r30,X+
  63 005e FC91      		ld r31,X
  64 0060 5097      		sbiw r26,15+1
  65 0062 5196      		adiw r26,17
  66 0064 6D91      		ld r22,X+
  67 0066 7C91      		ld r23,X
  68 0068 5297      		sbiw r26,17+1
  69 006a 00C0      		rjmp .L8
  70               	.L15:
  71 006c 8081      		ld r24,Z
  72 006e 8138      		cpi r24,lo8(-127)
  73 0070 01F0      		breq .L11
  74 0072 8338      		cpi r24,lo8(-125)
  75 0074 01F0      		breq .L12
  76 0076 8330      		cpi r24,lo8(3)
  77 0078 01F4      		brne .L9
  78 007a 8281      		ldd r24,Z+2
  79 007c 9381      		ldd r25,Z+3
  80 007e A481      		ldd r26,Z+4
  81 0080 B581      		ldd r27,Z+5
  82 0082 0097      		sbiw r24,0
  83 0084 A105      		cpc r26,__zero_reg__
  84 0086 B105      		cpc r27,__zero_reg__
  85 0088 01F0      		breq .L9
  86 008a 89A3      		std Y+33,r24
  87 008c 9AA3      		std Y+34,r25
  88 008e ABA3      		std Y+35,r26
  89 0090 BCA3      		std Y+36,r27
  90 0092 00C0      		rjmp .L9
  91               	.L11:
  92 0094 2223      		tst r18
  93 0096 01F0      		breq .L13
  94 0098 8DA9      		ldd r24,Y+53
  95 009a 9EA9      		ldd r25,Y+54
  96 009c AFA9      		ldd r26,Y+55
  97 009e B8AD      		ldd r27,Y+56
  98 00a0 9160      		ori r25,hi8(256)
  99 00a2 00C0      		rjmp .L22
 100               	.L13:
 101 00a4 8281      		ldd r24,Z+2
 102 00a6 9381      		ldd r25,Z+3
 103 00a8 A481      		ldd r26,Z+4
 104 00aa B581      		ldd r27,Z+5
 105 00ac 0097      		sbiw r24,0
 106 00ae A105      		cpc r26,__zero_reg__
 107 00b0 B105      		cpc r27,__zero_reg__
 108 00b2 01F0      		breq .L9
 109 00b4 8DA7      		std Y+45,r24
 110 00b6 9EA7      		std Y+46,r25
 111 00b8 AFA7      		std Y+47,r26
 112 00ba B8AB      		std Y+48,r27
 113 00bc 00C0      		rjmp .L9
 114               	.L12:
GAS LISTING C:\Temp/cc8ZrAwv.s 			page 3


 115 00be 2223      		tst r18
 116 00c0 01F0      		breq .L14
 117 00c2 8DA9      		ldd r24,Y+53
 118 00c4 9EA9      		ldd r25,Y+54
 119 00c6 AFA9      		ldd r26,Y+55
 120 00c8 B8AD      		ldd r27,Y+56
 121 00ca 9260      		ori r25,hi8(512)
 122               	.L22:
 123 00cc 8DAB      		std Y+53,r24
 124 00ce 9EAB      		std Y+54,r25
 125 00d0 AFAB      		std Y+55,r26
 126 00d2 B8AF      		std Y+56,r27
 127 00d4 00C0      		rjmp .L9
 128               	.L14:
 129 00d6 8281      		ldd r24,Z+2
 130 00d8 9381      		ldd r25,Z+3
 131 00da A481      		ldd r26,Z+4
 132 00dc B581      		ldd r27,Z+5
 133 00de 0097      		sbiw r24,0
 134 00e0 A105      		cpc r26,__zero_reg__
 135 00e2 B105      		cpc r27,__zero_reg__
 136 00e4 01F0      		breq .L9
 137 00e6 89AB      		std Y+49,r24
 138 00e8 9AAB      		std Y+50,r25
 139 00ea ABAB      		std Y+51,r26
 140 00ec BCAB      		std Y+52,r27
 141               	.L9:
 142 00ee 8181      		ldd r24,Z+1
 143 00f0 90E0      		ldi r25,lo8(0)
 144 00f2 681B      		sub r22,r24
 145 00f4 790B      		sbc r23,r25
 146 00f6 E80F      		add r30,r24
 147 00f8 F91F      		adc r31,r25
 148               	.L8:
 149 00fa 6230      		cpi r22,2
 150 00fc 7105      		cpc r23,__zero_reg__
 151 00fe 00F0      		brlo .+2
 152 0100 00C0      		rjmp .L15
 153 0102 CA01      		movw r24,r20
 154 0104 0E94 0000 		call NutNetBufFree
 155 0108 8CAD      		ldd r24,Y+60
 156 010a 8730      		cpi r24,lo8(7)
 157 010c 01F0      		breq .L23
 158 010e 8830      		cpi r24,lo8(8)
 159 0110 00F4      		brsh .L19
 160 0112 8630      		cpi r24,lo8(6)
 161 0114 01F4      		brne .L20
 162 0116 00C0      		rjmp .L16
 163               	.L19:
 164 0118 8830      		cpi r24,lo8(8)
 165 011a 01F0      		breq .L16
 166 011c 8930      		cpi r24,lo8(9)
 167 011e 01F4      		brne .L20
 168 0120 00C0      		rjmp .L25
 169               	.L16:
 170 0122 6B81      		ldd r22,Y+3
 171 0124 6F5F      		subi r22,lo8(-(1))
GAS LISTING C:\Temp/cc8ZrAwv.s 			page 4


 172 0126 6B83      		std Y+3,r22
 173 0128 C801      		movw r24,r16
 174 012a 0E94 0000 		call IpcpTxConfReq
 175 012e 00C0      		rjmp .L20
 176               	.L25:
 177 0130 C801      		movw r24,r16
 178 0132 0E94 0000 		call IpcpLowerDown
 179               	.L23:
 180 0136 6B81      		ldd r22,Y+3
 181 0138 6F5F      		subi r22,lo8(-(1))
 182 013a 6B83      		std Y+3,r22
 183 013c C801      		movw r24,r16
 184 013e 0E94 0000 		call IpcpTxConfReq
 185 0142 86E0      		ldi r24,lo8(6)
 186 0144 8CAF      		std Y+60,r24
 187               	.L20:
 188               	/* epilogue start */
 189 0146 DF91      		pop r29
 190 0148 CF91      		pop r28
 191 014a 1F91      		pop r17
 192 014c 0F91      		pop r16
 193 014e FF90      		pop r15
 194 0150 0895      		ret
 195               		.size	IpcpRxConfNakRej, .-IpcpRxConfNakRej
 196               	.global	IpcpRxProtRej
 197               		.type	IpcpRxProtRej, @function
 198               	IpcpRxProtRej:
 199 0152 0F93      		push r16
 200 0154 1F93      		push r17
 201 0156 CF93      		push r28
 202 0158 DF93      		push r29
 203               	/* prologue: function */
 204               	/* frame size = 0 */
 205 015a EC01      		movw r28,r24
 206 015c 0989      		ldd r16,Y+17
 207 015e 1A89      		ldd r17,Y+18
 208 0160 F801      		movw r30,r16
 209 0162 84AD      		ldd r24,Z+60
 210 0164 8430      		cpi r24,lo8(4)
 211 0166 01F0      		breq .L28
 212 0168 8530      		cpi r24,lo8(5)
 213 016a 00F4      		brsh .L31
 214 016c 8230      		cpi r24,lo8(2)
 215 016e 01F0      		breq .L28
 216 0170 8330      		cpi r24,lo8(3)
 217 0172 01F4      		brne .L32
 218 0174 00C0      		rjmp .L29
 219               	.L31:
 220 0176 8930      		cpi r24,lo8(9)
 221 0178 00F0      		brlo .L29
 222 017a 8930      		cpi r24,lo8(9)
 223 017c 01F4      		brne .L32
 224 017e 00C0      		rjmp .L34
 225               	.L28:
 226 0180 82E0      		ldi r24,lo8(2)
 227 0182 00C0      		rjmp .L33
 228               	.L29:
GAS LISTING C:\Temp/cc8ZrAwv.s 			page 5


 229 0184 83E0      		ldi r24,lo8(3)
 230 0186 00C0      		rjmp .L33
 231               	.L34:
 232 0188 CE01      		movw r24,r28
 233 018a 0E94 0000 		call IpcpLowerDown
 234 018e 20E0      		ldi r18,lo8(0)
 235 0190 30E0      		ldi r19,hi8(0)
 236 0192 F801      		movw r30,r16
 237 0194 4381      		ldd r20,Z+3
 238 0196 65E0      		ldi r22,lo8(5)
 239 0198 CE01      		movw r24,r28
 240 019a 0E94 0000 		call NutIpcpOutput
 241 019e 85E0      		ldi r24,lo8(5)
 242               	.L33:
 243 01a0 F801      		movw r30,r16
 244 01a2 84AF      		std Z+60,r24
 245               	.L32:
 246               	/* epilogue start */
 247 01a4 DF91      		pop r29
 248 01a6 CF91      		pop r28
 249 01a8 1F91      		pop r17
 250 01aa 0F91      		pop r16
 251 01ac 0895      		ret
 252               		.size	IpcpRxProtRej, .-IpcpRxProtRej
 253               	.global	IpcpRxTermAck
 254               		.type	IpcpRxTermAck, @function
 255               	IpcpRxTermAck:
 256 01ae 0F93      		push r16
 257 01b0 1F93      		push r17
 258 01b2 CF93      		push r28
 259 01b4 DF93      		push r29
 260               	/* prologue: function */
 261               	/* frame size = 0 */
 262 01b6 8C01      		movw r16,r24
 263 01b8 FC01      		movw r30,r24
 264 01ba C189      		ldd r28,Z+17
 265 01bc D289      		ldd r29,Z+18
 266 01be 8CAD      		ldd r24,Y+60
 267 01c0 8530      		cpi r24,lo8(5)
 268 01c2 01F0      		breq .L38
 269 01c4 8630      		cpi r24,lo8(6)
 270 01c6 00F4      		brsh .L41
 271 01c8 8430      		cpi r24,lo8(4)
 272 01ca 01F4      		brne .L42
 273 01cc 00C0      		rjmp .L44
 274               	.L41:
 275 01ce 8730      		cpi r24,lo8(7)
 276 01d0 01F0      		breq .L39
 277 01d2 8930      		cpi r24,lo8(9)
 278 01d4 01F4      		brne .L42
 279 01d6 00C0      		rjmp .L45
 280               	.L44:
 281 01d8 82E0      		ldi r24,lo8(2)
 282 01da 00C0      		rjmp .L43
 283               	.L38:
 284 01dc 83E0      		ldi r24,lo8(3)
 285 01de 00C0      		rjmp .L43
GAS LISTING C:\Temp/cc8ZrAwv.s 			page 6


 286               	.L39:
 287 01e0 86E0      		ldi r24,lo8(6)
 288               	.L43:
 289 01e2 8CAF      		std Y+60,r24
 290 01e4 00C0      		rjmp .L42
 291               	.L45:
 292 01e6 C801      		movw r24,r16
 293 01e8 0E94 0000 		call IpcpLowerDown
 294 01ec 6B81      		ldd r22,Y+3
 295 01ee 6F5F      		subi r22,lo8(-(1))
 296 01f0 6B83      		std Y+3,r22
 297 01f2 C801      		movw r24,r16
 298 01f4 0E94 0000 		call IpcpTxConfReq
 299               	.L42:
 300               	/* epilogue start */
 301 01f8 DF91      		pop r29
 302 01fa CF91      		pop r28
 303 01fc 1F91      		pop r17
 304 01fe 0F91      		pop r16
 305 0200 0895      		ret
 306               		.size	IpcpRxTermAck, .-IpcpRxTermAck
 307               	.global	IpcpRxTermReq
 308               		.type	IpcpRxTermReq, @function
 309               	IpcpRxTermReq:
 310 0202 FF92      		push r15
 311 0204 0F93      		push r16
 312 0206 1F93      		push r17
 313 0208 CF93      		push r28
 314 020a DF93      		push r29
 315               	/* prologue: function */
 316               	/* frame size = 0 */
 317 020c 8C01      		movw r16,r24
 318 020e F62E      		mov r15,r22
 319 0210 CA01      		movw r24,r20
 320 0212 F801      		movw r30,r16
 321 0214 C189      		ldd r28,Z+17
 322 0216 D289      		ldd r29,Z+18
 323 0218 0E94 0000 		call NutNetBufFree
 324 021c 8CAD      		ldd r24,Y+60
 325 021e 8730      		cpi r24,lo8(7)
 326 0220 00F0      		brlo .L47
 327 0222 8930      		cpi r24,lo8(9)
 328 0224 00F0      		brlo .L48
 329 0226 8930      		cpi r24,lo8(9)
 330 0228 01F4      		brne .L47
 331 022a 00C0      		rjmp .L52
 332               	.L48:
 333 022c 86E0      		ldi r24,lo8(6)
 334 022e 00C0      		rjmp .L51
 335               	.L52:
 336 0230 C801      		movw r24,r16
 337 0232 0E94 0000 		call IpcpLowerDown
 338 0236 85E0      		ldi r24,lo8(5)
 339               	.L51:
 340 0238 8CAF      		std Y+60,r24
 341               	.L47:
 342 023a 20E0      		ldi r18,lo8(0)
GAS LISTING C:\Temp/cc8ZrAwv.s 			page 7


 343 023c 30E0      		ldi r19,hi8(0)
 344 023e 4F2D      		mov r20,r15
 345 0240 66E0      		ldi r22,lo8(6)
 346 0242 C801      		movw r24,r16
 347 0244 0E94 0000 		call NutIpcpOutput
 348               	/* epilogue start */
 349 0248 DF91      		pop r29
 350 024a CF91      		pop r28
 351 024c 1F91      		pop r17
 352 024e 0F91      		pop r16
 353 0250 FF90      		pop r15
 354 0252 0895      		ret
 355               		.size	IpcpRxTermReq, .-IpcpRxTermReq
 356               	.global	IpcpRxConfAck
 357               		.type	IpcpRxConfAck, @function
 358               	IpcpRxConfAck:
 359 0254 CF92      		push r12
 360 0256 DF92      		push r13
 361 0258 FF92      		push r15
 362 025a 0F93      		push r16
 363 025c 1F93      		push r17
 364 025e CF93      		push r28
 365 0260 DF93      		push r29
 366               	/* prologue: function */
 367               	/* frame size = 0 */
 368 0262 8C01      		movw r16,r24
 369 0264 F62E      		mov r15,r22
 370 0266 6A01      		movw r12,r20
 371 0268 DC01      		movw r26,r24
 372 026a 5196      		adiw r26,17
 373 026c CD91      		ld r28,X+
 374 026e DC91      		ld r29,X
 375 0270 5297      		sbiw r26,17+1
 376 0272 8B81      		ldd r24,Y+3
 377 0274 6817      		cp r22,r24
 378 0276 01F0      		breq .+2
 379 0278 00C0      		rjmp .L68
 380 027a 8D81      		ldd r24,Y+5
 381 027c 8823      		tst r24
 382 027e 01F0      		breq .+2
 383 0280 00C0      		rjmp .L68
 384 0282 8CAD      		ldd r24,Y+60
 385 0284 8630      		cpi r24,lo8(6)
 386 0286 01F0      		breq .L57
 387 0288 8730      		cpi r24,lo8(7)
 388 028a 00F4      		brsh .L61
 389 028c 8250      		subi r24,lo8(-(-2))
 390 028e 8230      		cpi r24,lo8(2)
 391 0290 00F4      		brsh .L55
 392 0292 00C0      		rjmp .L71
 393               	.L61:
 394 0294 8830      		cpi r24,lo8(8)
 395 0296 01F0      		breq .L59
 396 0298 8830      		cpi r24,lo8(8)
 397 029a 00F0      		brlo .L70
 398 029c 8930      		cpi r24,lo8(9)
 399 029e 01F4      		brne .L55
GAS LISTING C:\Temp/cc8ZrAwv.s 			page 8


 400 02a0 00C0      		rjmp .L72
 401               	.L71:
 402 02a2 CA01      		movw r24,r20
 403 02a4 0E94 0000 		call NutNetBufFree
 404 02a8 20E0      		ldi r18,lo8(0)
 405 02aa 30E0      		ldi r19,hi8(0)
 406 02ac 4F2D      		mov r20,r15
 407 02ae 66E0      		ldi r22,lo8(6)
 408 02b0 C801      		movw r24,r16
 409 02b2 0E94 0000 		call NutIpcpOutput
 410 02b6 00C0      		rjmp .L68
 411               	.L57:
 412 02b8 87E0      		ldi r24,lo8(7)
 413 02ba 8CAF      		std Y+60,r24
 414 02bc 19AE      		std Y+57,__zero_reg__
 415 02be 00C0      		rjmp .L55
 416               	.L59:
 417 02c0 89E0      		ldi r24,lo8(9)
 418 02c2 8CAF      		std Y+60,r24
 419 02c4 19AE      		std Y+57,__zero_reg__
 420 02c6 CE01      		movw r24,r28
 421 02c8 0E94 0000 		call NutEventPost
 422 02cc 00C0      		rjmp .L55
 423               	.L72:
 424 02ce C801      		movw r24,r16
 425 02d0 0E94 0000 		call IpcpLowerDown
 426 02d4 6B81      		ldd r22,Y+3
 427               	.L70:
 428 02d6 6F5F      		subi r22,lo8(-(1))
 429 02d8 6B83      		std Y+3,r22
 430 02da C801      		movw r24,r16
 431 02dc 0E94 0000 		call IpcpTxConfReq
 432 02e0 86E0      		ldi r24,lo8(6)
 433 02e2 8CAF      		std Y+60,r24
 434               	.L55:
 435 02e4 D601      		movw r26,r12
 436 02e6 1F96      		adiw r26,15
 437 02e8 ED91      		ld r30,X+
 438 02ea FC91      		ld r31,X
 439 02ec 5097      		sbiw r26,15+1
 440 02ee 5196      		adiw r26,17
 441 02f0 2D91      		ld r18,X+
 442 02f2 3C91      		ld r19,X
 443 02f4 5297      		sbiw r26,17+1
 444 02f6 00C0      		rjmp .L62
 445               	.L67:
 446 02f8 8081      		ld r24,Z
 447 02fa 8138      		cpi r24,lo8(-127)
 448 02fc 01F0      		breq .L65
 449 02fe 8338      		cpi r24,lo8(-125)
 450 0300 01F0      		breq .L66
 451 0302 8330      		cpi r24,lo8(3)
 452 0304 01F4      		brne .L63
 453 0306 8281      		ldd r24,Z+2
 454 0308 9381      		ldd r25,Z+3
 455 030a A481      		ldd r26,Z+4
 456 030c B581      		ldd r27,Z+5
GAS LISTING C:\Temp/cc8ZrAwv.s 			page 9


 457 030e 0097      		sbiw r24,0
 458 0310 A105      		cpc r26,__zero_reg__
 459 0312 B105      		cpc r27,__zero_reg__
 460 0314 01F0      		breq .L63
 461 0316 89A3      		std Y+33,r24
 462 0318 9AA3      		std Y+34,r25
 463 031a ABA3      		std Y+35,r26
 464 031c BCA3      		std Y+36,r27
 465 031e 00C0      		rjmp .L63
 466               	.L65:
 467 0320 8281      		ldd r24,Z+2
 468 0322 9381      		ldd r25,Z+3
 469 0324 A481      		ldd r26,Z+4
 470 0326 B581      		ldd r27,Z+5
 471 0328 0097      		sbiw r24,0
 472 032a A105      		cpc r26,__zero_reg__
 473 032c B105      		cpc r27,__zero_reg__
 474 032e 01F0      		breq .L63
 475 0330 8DA7      		std Y+45,r24
 476 0332 9EA7      		std Y+46,r25
 477 0334 AFA7      		std Y+47,r26
 478 0336 B8AB      		std Y+48,r27
 479 0338 00C0      		rjmp .L63
 480               	.L66:
 481 033a 8281      		ldd r24,Z+2
 482 033c 9381      		ldd r25,Z+3
 483 033e A481      		ldd r26,Z+4
 484 0340 B581      		ldd r27,Z+5
 485 0342 0097      		sbiw r24,0
 486 0344 A105      		cpc r26,__zero_reg__
 487 0346 B105      		cpc r27,__zero_reg__
 488 0348 01F0      		breq .L63
 489 034a 89AB      		std Y+49,r24
 490 034c 9AAB      		std Y+50,r25
 491 034e ABAB      		std Y+51,r26
 492 0350 BCAB      		std Y+52,r27
 493               	.L63:
 494 0352 8181      		ldd r24,Z+1
 495 0354 90E0      		ldi r25,lo8(0)
 496 0356 281B      		sub r18,r24
 497 0358 390B      		sbc r19,r25
 498 035a E80F      		add r30,r24
 499 035c F91F      		adc r31,r25
 500               	.L62:
 501 035e 2230      		cpi r18,2
 502 0360 3105      		cpc r19,__zero_reg__
 503 0362 00F4      		brsh .L67
 504 0364 81E0      		ldi r24,lo8(1)
 505 0366 8D83      		std Y+5,r24
 506 0368 C601      		movw r24,r12
 507 036a 0E94 0000 		call NutNetBufFree
 508               	.L68:
 509               	/* epilogue start */
 510 036e DF91      		pop r29
 511 0370 CF91      		pop r28
 512 0372 1F91      		pop r17
 513 0374 0F91      		pop r16
GAS LISTING C:\Temp/cc8ZrAwv.s 			page 10


 514 0376 FF90      		pop r15
 515 0378 DF90      		pop r13
 516 037a CF90      		pop r12
 517 037c 0895      		ret
 518               		.size	IpcpRxConfAck, .-IpcpRxConfAck
 519               	.global	IpcpRxConfReq
 520               		.type	IpcpRxConfReq, @function
 521               	IpcpRxConfReq:
 522 037e 2F92      		push r2
 523 0380 3F92      		push r3
 524 0382 4F92      		push r4
 525 0384 5F92      		push r5
 526 0386 7F92      		push r7
 527 0388 8F92      		push r8
 528 038a 9F92      		push r9
 529 038c AF92      		push r10
 530 038e BF92      		push r11
 531 0390 CF92      		push r12
 532 0392 DF92      		push r13
 533 0394 EF92      		push r14
 534 0396 FF92      		push r15
 535 0398 0F93      		push r16
 536 039a 1F93      		push r17
 537 039c CF93      		push r28
 538 039e DF93      		push r29
 539               	/* prologue: function */
 540               	/* frame size = 0 */
 541 03a0 4C01      		movw r8,r24
 542 03a2 762E      		mov r7,r22
 543 03a4 6A01      		movw r12,r20
 544 03a6 DC01      		movw r26,r24
 545 03a8 5196      		adiw r26,17
 546 03aa 0D91      		ld r16,X+
 547 03ac 1C91      		ld r17,X
 548 03ae 5297      		sbiw r26,17+1
 549 03b0 F801      		movw r30,r16
 550 03b2 84AD      		ldd r24,Z+60
 551 03b4 8630      		cpi r24,lo8(6)
 552 03b6 00F4      		brsh .L79
 553 03b8 8430      		cpi r24,lo8(4)
 554 03ba 00F4      		brsh .L77
 555 03bc 8230      		cpi r24,lo8(2)
 556 03be 01F0      		breq .L75
 557 03c0 8330      		cpi r24,lo8(3)
 558 03c2 01F4      		brne .L74
 559 03c4 00C0      		rjmp .L109
 560               	.L79:
 561 03c6 8930      		cpi r24,lo8(9)
 562 03c8 01F4      		brne .L74
 563 03ca 00C0      		rjmp .L110
 564               	.L75:
 565 03cc CA01      		movw r24,r20
 566 03ce 0E94 0000 		call NutNetBufFree
 567 03d2 20E0      		ldi r18,lo8(0)
 568 03d4 30E0      		ldi r19,hi8(0)
 569 03d6 472D      		mov r20,r7
 570 03d8 66E0      		ldi r22,lo8(6)
GAS LISTING C:\Temp/cc8ZrAwv.s 			page 11


 571 03da C401      		movw r24,r8
 572 03dc 0E94 0000 		call NutIpcpOutput
 573 03e0 00C0      		rjmp .L108
 574               	.L77:
 575 03e2 CA01      		movw r24,r20
 576 03e4 0E94 0000 		call NutNetBufFree
 577 03e8 00C0      		rjmp .L108
 578               	.L110:
 579 03ea C401      		movw r24,r8
 580 03ec 0E94 0000 		call IpcpLowerDown
 581 03f0 D801      		movw r26,r16
 582 03f2 1396      		adiw r26,3
 583 03f4 6C91      		ld r22,X
 584 03f6 1397      		sbiw r26,3
 585 03f8 6F5F      		subi r22,lo8(-(1))
 586 03fa 1396      		adiw r26,3
 587 03fc 6C93      		st X,r22
 588 03fe C401      		movw r24,r8
 589 0400 0E94 0000 		call IpcpTxConfReq
 590 0404 00C0      		rjmp .L74
 591               	.L109:
 592 0406 F801      		movw r30,r16
 593 0408 6381      		ldd r22,Z+3
 594 040a 6F5F      		subi r22,lo8(-(1))
 595 040c 6383      		std Z+3,r22
 596 040e C401      		movw r24,r8
 597 0410 0E94 0000 		call IpcpTxConfReq
 598 0414 86E0      		ldi r24,lo8(6)
 599 0416 D801      		movw r26,r16
 600 0418 DC96      		adiw r26,60
 601 041a 8C93      		st X,r24
 602               	.L74:
 603 041c F601      		movw r30,r12
 604 041e C785      		ldd r28,Z+15
 605 0420 D089      		ldd r29,Z+16
 606 0422 6189      		ldd r22,Z+17
 607 0424 7289      		ldd r23,Z+18
 608 0426 AE01      		movw r20,r28
 609 0428 EE24      		clr r14
 610 042a FF24      		clr r15
 611 042c 00C0      		rjmp .L81
 612               	.L90:
 613 042e 9981      		ldd r25,Y+1
 614 0430 292F      		mov r18,r25
 615 0432 30E0      		ldi r19,lo8(0)
 616 0434 6217      		cp r22,r18
 617 0436 7307      		cpc r23,r19
 618 0438 00F4      		brsh .L82
 619 043a 9B01      		movw r18,r22
 620 043c 00C0      		rjmp .L83
 621               	.L82:
 622 043e 8881      		ld r24,Y
 623 0440 8138      		cpi r24,lo8(-127)
 624 0442 01F0      		breq .L85
 625 0444 8338      		cpi r24,lo8(-125)
 626 0446 01F0      		breq .L85
 627 0448 8330      		cpi r24,lo8(3)
GAS LISTING C:\Temp/cc8ZrAwv.s 			page 12


 628 044a 01F4      		brne .L84
 629               	.L85:
 630 044c 9630      		cpi r25,lo8(6)
 631 044e 01F0      		breq .L86
 632               	.L84:
 633 0450 2115      		cp r18,__zero_reg__
 634 0452 3105      		cpc r19,__zero_reg__
 635 0454 01F0      		breq .L86
 636               	.L83:
 637 0456 4C17      		cp r20,r28
 638 0458 5D07      		cpc r21,r29
 639 045a 01F0      		breq .L87
 640 045c 8881      		ld r24,Y
 641 045e DA01      		movw r26,r20
 642 0460 8C93      		st X,r24
 643 0462 1196      		adiw r26,1
 644 0464 2C93      		st X,r18
 645 0466 90E0      		ldi r25,lo8(0)
 646 0468 8EEF      		ldi r24,lo8(-2)
 647 046a A82E      		mov r10,r24
 648 046c 8FEF      		ldi r24,hi8(-2)
 649 046e B82E      		mov r11,r24
 650 0470 A20E      		add r10,r18
 651 0472 B31E      		adc r11,r19
 652 0474 00C0      		rjmp .L88
 653               	.L89:
 654 0476 FA01      		movw r30,r20
 655 0478 EA0F      		add r30,r26
 656 047a FB1F      		adc r31,r27
 657 047c AC0F      		add r26,r28
 658 047e BD1F      		adc r27,r29
 659 0480 1296      		adiw r26,2
 660 0482 8C91      		ld r24,X
 661 0484 8283      		std Z+2,r24
 662 0486 9F5F      		subi r25,lo8(-(1))
 663               	.L88:
 664 0488 A92F      		mov r26,r25
 665 048a B0E0      		ldi r27,lo8(0)
 666 048c AA15      		cp r26,r10
 667 048e BB05      		cpc r27,r11
 668 0490 00F0      		brlo .L89
 669               	.L87:
 670 0492 420F      		add r20,r18
 671 0494 531F      		adc r21,r19
 672 0496 E20E      		add r14,r18
 673 0498 F31E      		adc r15,r19
 674               	.L86:
 675 049a 8981      		ldd r24,Y+1
 676 049c 90E0      		ldi r25,lo8(0)
 677 049e 681B      		sub r22,r24
 678 04a0 790B      		sbc r23,r25
 679 04a2 C80F      		add r28,r24
 680 04a4 D91F      		adc r29,r25
 681               	.L81:
 682 04a6 6230      		cpi r22,2
 683 04a8 7105      		cpc r23,__zero_reg__
 684 04aa 00F4      		brsh .L90
GAS LISTING C:\Temp/cc8ZrAwv.s 			page 13


 685 04ac E114      		cp r14,__zero_reg__
 686 04ae F104      		cpc r15,__zero_reg__
 687 04b0 01F0      		breq .L91
 688 04b2 F601      		movw r30,r12
 689 04b4 F28A      		std Z+18,r15
 690 04b6 E18A      		std Z+17,r14
 691 04b8 C4E0      		ldi r28,lo8(4)
 692 04ba D0E0      		ldi r29,hi8(4)
 693 04bc 00C0      		rjmp .L92
 694               	.L91:
 695 04be D601      		movw r26,r12
 696 04c0 1F96      		adiw r26,15
 697 04c2 ED91      		ld r30,X+
 698 04c4 FC91      		ld r31,X
 699 04c6 5097      		sbiw r26,15+1
 700 04c8 5196      		adiw r26,17
 701 04ca 4D91      		ld r20,X+
 702 04cc 5C91      		ld r21,X
 703 04ce 5297      		sbiw r26,17+1
 704 04d0 EF01      		movw r28,r30
 705 04d2 00C0      		rjmp .L93
 706               	.L103:
 707 04d4 8081      		ld r24,Z
 708 04d6 8330      		cpi r24,lo8(3)
 709 04d8 01F0      		breq .L96
 710 04da 8430      		cpi r24,lo8(4)
 711 04dc 00F4      		brsh .L99
 712 04de 8230      		cpi r24,lo8(2)
 713 04e0 01F0      		breq .+2
 714 04e2 00C0      		rjmp .L94
 715 04e4 00C0      		rjmp .L111
 716               	.L99:
 717 04e6 8138      		cpi r24,lo8(-127)
 718 04e8 01F0      		breq .L97
 719 04ea 8338      		cpi r24,lo8(-125)
 720 04ec 01F0      		breq .+2
 721 04ee 00C0      		rjmp .L94
 722 04f0 00C0      		rjmp .L112
 723               	.L96:
 724 04f2 2280      		ldd r2,Z+2
 725 04f4 3380      		ldd r3,Z+3
 726 04f6 4480      		ldd r4,Z+4
 727 04f8 5580      		ldd r5,Z+5
 728 04fa 2114      		cp r2,__zero_reg__
 729 04fc 3104      		cpc r3,__zero_reg__
 730 04fe 4104      		cpc r4,__zero_reg__
 731 0500 5104      		cpc r5,__zero_reg__
 732 0502 01F0      		breq .L100
 733 0504 D801      		movw r26,r16
 734 0506 9596      		adiw r26,37
 735 0508 2D92      		st X+,r2
 736 050a 3D92      		st X+,r3
 737 050c 4D92      		st X+,r4
 738 050e 5C92      		st X,r5
 739 0510 9897      		sbiw r26,37+3
 740 0512 00C0      		rjmp .L94
 741               	.L100:
GAS LISTING C:\Temp/cc8ZrAwv.s 			page 14


 742 0514 D801      		movw r26,r16
 743 0516 9596      		adiw r26,37
 744 0518 2D90      		ld r2,X+
 745 051a 3D90      		ld r3,X+
 746 051c 4D90      		ld r4,X+
 747 051e 5C90      		ld r5,X
 748 0520 9897      		sbiw r26,37+3
 749 0522 2114      		cp r2,__zero_reg__
 750 0524 3104      		cpc r3,__zero_reg__
 751 0526 4104      		cpc r4,__zero_reg__
 752 0528 5104      		cpc r5,__zero_reg__
 753 052a 01F4      		brne .L94
 754 052c 8181      		ldd r24,Z+1
 755 052e 282F      		mov r18,r24
 756 0530 30E0      		ldi r19,lo8(0)
 757 0532 2115      		cp r18,__zero_reg__
 758 0534 3105      		cpc r19,__zero_reg__
 759 0536 01F4      		brne .L101
 760 0538 00C0      		rjmp .L94
 761               	.L111:
 762 053a 1A82      		std Y+2,__zero_reg__
 763 053c 1B82      		std Y+3,__zero_reg__
 764 053e 1C82      		std Y+4,__zero_reg__
 765 0540 1D82      		std Y+5,__zero_reg__
 766 0542 26E0      		ldi r18,lo8(6)
 767 0544 30E0      		ldi r19,hi8(6)
 768 0546 00C0      		rjmp .L101
 769               	.L97:
 770 0548 2280      		ldd r2,Z+2
 771 054a 3380      		ldd r3,Z+3
 772 054c 4480      		ldd r4,Z+4
 773 054e 5580      		ldd r5,Z+5
 774 0550 2114      		cp r2,__zero_reg__
 775 0552 3104      		cpc r3,__zero_reg__
 776 0554 4104      		cpc r4,__zero_reg__
 777 0556 5104      		cpc r5,__zero_reg__
 778 0558 01F0      		breq .L94
 779 055a D801      		movw r26,r16
 780 055c 9D96      		adiw r26,45
 781 055e 2D92      		st X+,r2
 782 0560 3D92      		st X+,r3
 783 0562 4D92      		st X+,r4
 784 0564 5C92      		st X,r5
 785 0566 D097      		sbiw r26,45+3
 786 0568 00C0      		rjmp .L94
 787               	.L112:
 788 056a 2280      		ldd r2,Z+2
 789 056c 3380      		ldd r3,Z+3
 790 056e 4480      		ldd r4,Z+4
 791 0570 5580      		ldd r5,Z+5
 792 0572 2114      		cp r2,__zero_reg__
 793 0574 3104      		cpc r3,__zero_reg__
 794 0576 4104      		cpc r4,__zero_reg__
 795 0578 5104      		cpc r5,__zero_reg__
 796 057a 01F0      		breq .L94
 797 057c D801      		movw r26,r16
 798 057e D196      		adiw r26,49
GAS LISTING C:\Temp/cc8ZrAwv.s 			page 15


 799 0580 2D92      		st X+,r2
 800 0582 3D92      		st X+,r3
 801 0584 4D92      		st X+,r4
 802 0586 5C92      		st X,r5
 803 0588 D497      		sbiw r26,49+3
 804 058a 00C0      		rjmp .L94
 805               	.L101:
 806 058c CE17      		cp r28,r30
 807 058e DF07      		cpc r29,r31
 808 0590 01F0      		breq .L102
 809 0592 8081      		ld r24,Z
 810 0594 8883      		st Y,r24
 811 0596 2983      		std Y+1,r18
 812               	.L102:
 813 0598 C20F      		add r28,r18
 814 059a D31F      		adc r29,r19
 815 059c E20E      		add r14,r18
 816 059e F31E      		adc r15,r19
 817               	.L94:
 818 05a0 8181      		ldd r24,Z+1
 819 05a2 90E0      		ldi r25,lo8(0)
 820 05a4 481B      		sub r20,r24
 821 05a6 590B      		sbc r21,r25
 822 05a8 E80F      		add r30,r24
 823 05aa F91F      		adc r31,r25
 824               	.L93:
 825 05ac 4230      		cpi r20,2
 826 05ae 5105      		cpc r21,__zero_reg__
 827 05b0 00F0      		brlo .+2
 828 05b2 00C0      		rjmp .L103
 829 05b4 E114      		cp r14,__zero_reg__
 830 05b6 F104      		cpc r15,__zero_reg__
 831 05b8 01F4      		brne .L104
 832 05ba C2E0      		ldi r28,lo8(2)
 833 05bc D0E0      		ldi r29,hi8(2)
 834 05be 00C0      		rjmp .L92
 835               	.L104:
 836 05c0 F601      		movw r30,r12
 837 05c2 F28A      		std Z+18,r15
 838 05c4 E18A      		std Z+17,r14
 839 05c6 C3E0      		ldi r28,lo8(3)
 840 05c8 D0E0      		ldi r29,hi8(3)
 841               	.L92:
 842 05ca 9601      		movw r18,r12
 843 05cc 472D      		mov r20,r7
 844 05ce 6C2F      		mov r22,r28
 845 05d0 C401      		movw r24,r8
 846 05d2 0E94 0000 		call NutIpcpOutput
 847 05d6 D801      		movw r26,r16
 848 05d8 DC96      		adiw r26,60
 849 05da 8C91      		ld r24,X
 850 05dc DC97      		sbiw r26,60
 851 05de 2297      		sbiw r28,2
 852 05e0 01F4      		brne .L105
 853 05e2 8730      		cpi r24,lo8(7)
 854 05e4 01F4      		brne .L106
 855 05e6 89E0      		ldi r24,lo8(9)
GAS LISTING C:\Temp/cc8ZrAwv.s 			page 16


 856 05e8 DC96      		adiw r26,60
 857 05ea 8C93      		st X,r24
 858 05ec C801      		movw r24,r16
 859 05ee 0E94 0000 		call NutEventPost
 860 05f2 00C0      		rjmp .L107
 861               	.L106:
 862 05f4 88E0      		ldi r24,lo8(8)
 863 05f6 F801      		movw r30,r16
 864 05f8 84AF      		std Z+60,r24
 865               	.L107:
 866 05fa D801      		movw r26,r16
 867 05fc DD96      		adiw r26,61
 868 05fe 1C92      		st X,__zero_reg__
 869 0600 00C0      		rjmp .L108
 870               	.L105:
 871 0602 8730      		cpi r24,lo8(7)
 872 0604 01F0      		breq .L108
 873 0606 86E0      		ldi r24,lo8(6)
 874 0608 F801      		movw r30,r16
 875 060a 84AF      		std Z+60,r24
 876               	.L108:
 877               	/* epilogue start */
 878 060c DF91      		pop r29
 879 060e CF91      		pop r28
 880 0610 1F91      		pop r17
 881 0612 0F91      		pop r16
 882 0614 FF90      		pop r15
 883 0616 EF90      		pop r14
 884 0618 DF90      		pop r13
 885 061a CF90      		pop r12
 886 061c BF90      		pop r11
 887 061e AF90      		pop r10
 888 0620 9F90      		pop r9
 889 0622 8F90      		pop r8
 890 0624 7F90      		pop r7
 891 0626 5F90      		pop r5
 892 0628 4F90      		pop r4
 893 062a 3F90      		pop r3
 894 062c 2F90      		pop r2
 895 062e 0895      		ret
 896               		.size	IpcpRxConfReq, .-IpcpRxConfReq
 897               	.global	NutIpcpInput
 898               		.type	NutIpcpInput, @function
 899               	NutIpcpInput:
 900 0630 0F93      		push r16
 901 0632 1F93      		push r17
 902 0634 CF93      		push r28
 903 0636 DF93      		push r29
 904               	/* prologue: function */
 905               	/* frame size = 0 */
 906 0638 8C01      		movw r16,r24
 907 063a FB01      		movw r30,r22
 908 063c DC01      		movw r26,r24
 909 063e 5196      		adiw r26,17
 910 0640 6D91      		ld r22,X+
 911 0642 7C91      		ld r23,X
 912 0644 5297      		sbiw r26,17+1
GAS LISTING C:\Temp/cc8ZrAwv.s 			page 17


 913 0646 4185      		ldd r20,Z+9
 914 0648 5285      		ldd r21,Z+10
 915 064a 4430      		cpi r20,4
 916 064c 5105      		cpc r21,__zero_reg__
 917 064e 00F4      		brsh .+2
 918 0650 00C0      		rjmp .L119
 919               	.L114:
 920 0652 A781      		ldd r26,Z+7
 921 0654 B085      		ldd r27,Z+8
 922 0656 1296      		adiw r26,2
 923 0658 2D91      		ld r18,X+
 924 065a 3C91      		ld r19,X
 925 065c 1397      		sbiw r26,2+1
 926 065e C901      		movw r24,r18
 927               	/* #APP */
 928               	 ;  295 "../../nut/include/sys/types.h" 1
 929 0660 082E      		mov __tmp_reg__, r24
 930 0662 892F      		mov r24, r25
 931 0664 902D      		mov r25, __tmp_reg__
 932               		
 933               	 ;  0 "" 2
 934               	/* #NOAPP */
 935 0666 8430      		cpi r24,4
 936 0668 9105      		cpc r25,__zero_reg__
 937 066a 00F4      		brsh .+2
 938 066c 00C0      		rjmp .L119
 939 066e 4817      		cp r20,r24
 940 0670 5907      		cpc r21,r25
 941 0672 00F4      		brsh .+2
 942 0674 00C0      		rjmp .L119
 943               	.L117:
 944 0676 EB01      		movw r28,r22
 945 0678 8CAD      		ldd r24,Y+60
 946 067a 8230      		cpi r24,lo8(2)
 947 067c 00F4      		brsh .+2
 948 067e 00C0      		rjmp .L119
 949               	.L118:
 950 0680 1496      		adiw r26,4
 951 0682 B08B      		std Z+16,r27
 952 0684 A787      		std Z+15,r26
 953 0686 1497      		sbiw r26,4
 954               	/* #APP */
 955               	 ;  295 "../../nut/include/sys/types.h" 1
 956 0688 022E      		mov __tmp_reg__, r18
 957 068a 232F      		mov r18, r19
 958 068c 302D      		mov r19, __tmp_reg__
 959               		
 960               	 ;  0 "" 2
 961               	/* #NOAPP */
 962 068e 2450      		subi r18,lo8(-(-4))
 963 0690 3040      		sbci r19,hi8(-(-4))
 964 0692 328B      		std Z+18,r19
 965 0694 218B      		std Z+17,r18
 966 0696 8C91      		ld r24,X
 967 0698 8430      		cpi r24,lo8(4)
 968 069a 01F0      		breq .L123
 969 069c 8530      		cpi r24,lo8(5)
GAS LISTING C:\Temp/cc8ZrAwv.s 			page 18


 970 069e 00F4      		brsh .L127
 971 06a0 8230      		cpi r24,lo8(2)
 972 06a2 01F0      		breq .L121
 973 06a4 8330      		cpi r24,lo8(3)
 974 06a6 00F4      		brsh .L122
 975 06a8 8130      		cpi r24,lo8(1)
 976 06aa 01F4      		brne .L119
 977 06ac 00C0      		rjmp .L130
 978               	.L127:
 979 06ae 8630      		cpi r24,lo8(6)
 980 06b0 01F0      		breq .L125
 981 06b2 8630      		cpi r24,lo8(6)
 982 06b4 00F0      		brlo .L124
 983 06b6 8730      		cpi r24,lo8(7)
 984 06b8 01F4      		brne .L119
 985 06ba 00C0      		rjmp .L131
 986               	.L130:
 987 06bc AF01      		movw r20,r30
 988 06be 1196      		adiw r26,1
 989 06c0 6C91      		ld r22,X
 990 06c2 C801      		movw r24,r16
 991 06c4 0E94 0000 		call IpcpRxConfReq
 992 06c8 00C0      		rjmp .L128
 993               	.L121:
 994 06ca AF01      		movw r20,r30
 995 06cc 1196      		adiw r26,1
 996 06ce 6C91      		ld r22,X
 997 06d0 C801      		movw r24,r16
 998 06d2 0E94 0000 		call IpcpRxConfAck
 999 06d6 00C0      		rjmp .L128
 1000               	.L122:
 1001 06d8 20E0      		ldi r18,lo8(0)
 1002 06da 00C0      		rjmp .L129
 1003               	.L123:
 1004 06dc 21E0      		ldi r18,lo8(1)
 1005               	.L129:
 1006 06de AF01      		movw r20,r30
 1007 06e0 1196      		adiw r26,1
 1008 06e2 6C91      		ld r22,X
 1009 06e4 C801      		movw r24,r16
 1010 06e6 0E94 0000 		call IpcpRxConfNakRej
 1011 06ea 00C0      		rjmp .L128
 1012               	.L124:
 1013 06ec AF01      		movw r20,r30
 1014 06ee 1196      		adiw r26,1
 1015 06f0 6C91      		ld r22,X
 1016 06f2 C801      		movw r24,r16
 1017 06f4 0E94 0000 		call IpcpRxTermReq
 1018 06f8 00C0      		rjmp .L128
 1019               	.L125:
 1020 06fa AF01      		movw r20,r30
 1021 06fc 1196      		adiw r26,1
 1022 06fe 6C91      		ld r22,X
 1023 0700 C801      		movw r24,r16
 1024 0702 0E94 0000 		call IpcpRxTermAck
 1025 0706 00C0      		rjmp .L128
 1026               	.L131:
GAS LISTING C:\Temp/cc8ZrAwv.s 			page 19


 1027 0708 D801      		movw r26,r16
 1028 070a 5196      		adiw r26,17
 1029 070c CD91      		ld r28,X+
 1030 070e DC91      		ld r29,X
 1031 0710 5297      		sbiw r26,17+1
 1032 0712 CF01      		movw r24,r30
 1033 0714 0E94 0000 		call NutNetBufFree
 1034 0718 8CAD      		ldd r24,Y+60
 1035 071a 8730      		cpi r24,lo8(7)
 1036 071c 01F4      		brne .L128
 1037 071e 86E0      		ldi r24,lo8(6)
 1038 0720 8CAF      		std Y+60,r24
 1039 0722 00C0      		rjmp .L128
 1040               	.L119:
 1041 0724 CF01      		movw r24,r30
 1042 0726 0E94 0000 		call NutNetBufFree
 1043               	.L128:
 1044               	/* epilogue start */
 1045 072a DF91      		pop r29
 1046 072c CF91      		pop r28
 1047 072e 1F91      		pop r17
 1048 0730 0F91      		pop r16
 1049 0732 0895      		ret
 1050               		.size	NutIpcpInput, .-NutIpcpInput
GAS LISTING C:\Temp/cc8ZrAwv.s 			page 20


DEFINED SYMBOLS
                            *ABS*:00000000 ipcpin.c
  C:\Temp/cc8ZrAwv.s:2      *ABS*:0000003f __SREG__
  C:\Temp/cc8ZrAwv.s:3      *ABS*:0000003e __SP_H__
  C:\Temp/cc8ZrAwv.s:4      *ABS*:0000003d __SP_L__
  C:\Temp/cc8ZrAwv.s:5      *ABS*:00000034 __CCP__
  C:\Temp/cc8ZrAwv.s:6      *ABS*:00000000 __tmp_reg__
  C:\Temp/cc8ZrAwv.s:7      *ABS*:00000001 __zero_reg__
  C:\Temp/cc8ZrAwv.s:12     .text:00000000 IpcpRxConfNakRej
  C:\Temp/cc8ZrAwv.s:198    .text:00000152 IpcpRxProtRej
  C:\Temp/cc8ZrAwv.s:255    .text:000001ae IpcpRxTermAck
  C:\Temp/cc8ZrAwv.s:309    .text:00000202 IpcpRxTermReq
  C:\Temp/cc8ZrAwv.s:358    .text:00000254 IpcpRxConfAck
  C:\Temp/cc8ZrAwv.s:521    .text:0000037e IpcpRxConfReq
  C:\Temp/cc8ZrAwv.s:899    .text:00000630 NutIpcpInput

UNDEFINED SYMBOLS
__do_copy_data
__do_clear_bss
NutNetBufFree
NutIpcpOutput
IpcpTxConfReq
IpcpLowerDown
NutEventPost
