GAS LISTING C:\Temp/ccgRxjVs.s 			page 1


   1               		.file	"ipcsum.c"
   2               	__SREG__ = 0x3f
   3               	__SP_H__ = 0x3e
   4               	__SP_L__ = 0x3d
   5               	__CCP__  = 0x34
   6               	__tmp_reg__ = 0
   7               	__zero_reg__ = 1
   8               		.global __do_copy_data
   9               		.global __do_clear_bss
  10               		.text
  11               	.global	NutIpChkSumPartial
  12               		.type	NutIpChkSumPartial, @function
  13               	NutIpChkSumPartial:
  14 0000 EF92      		push r14
  15 0002 FF92      		push r15
  16 0004 0F93      		push r16
  17 0006 1F93      		push r17
  18               	/* prologue: function */
  19               	/* frame size = 0 */
  20 0008 7C01      		movw r14,r24
  21 000a 00E0      		ldi r16,lo8(0)
  22 000c 10E0      		ldi r17,hi8(0)
  23 000e FB01      		movw r30,r22
  24 0010 00C0      		rjmp .L2
  25               	.L3:
  26 0012 3181      		ldd r19,Z+1
  27 0014 20E0      		ldi r18,lo8(0)
  28 0016 8081      		ld r24,Z
  29 0018 90E0      		ldi r25,lo8(0)
  30 001a 822B      		or r24,r18
  31 001c 932B      		or r25,r19
  32 001e A0E0      		ldi r26,lo8(0)
  33 0020 B0E0      		ldi r27,hi8(0)
  34 0022 E80E      		add r14,r24
  35 0024 F91E      		adc r15,r25
  36 0026 0A1F      		adc r16,r26
  37 0028 1B1F      		adc r17,r27
  38 002a 3296      		adiw r30,2
  39 002c 4250      		subi r20,lo8(-(-2))
  40 002e 5040      		sbci r21,hi8(-(-2))
  41               	.L2:
  42 0030 4230      		cpi r20,2
  43 0032 5105      		cpc r21,__zero_reg__
  44 0034 04F4      		brge .L3
  45 0036 452B      		or r20,r21
  46 0038 01F0      		breq .L7
  47 003a 8081      		ld r24,Z
  48 003c E80E      		add r14,r24
  49 003e F11C      		adc r15,__zero_reg__
  50 0040 011D      		adc r16,__zero_reg__
  51 0042 111D      		adc r17,__zero_reg__
  52 0044 00C0      		rjmp .L7
  53               	.L5:
  54 0046 00E0      		ldi r16,lo8(0)
  55 0048 10E0      		ldi r17,hi8(0)
  56 004a E80E      		add r14,r24
  57 004c F91E      		adc r15,r25
GAS LISTING C:\Temp/ccgRxjVs.s 			page 2


  58 004e 0A1F      		adc r16,r26
  59 0050 1B1F      		adc r17,r27
  60               	.L7:
  61 0052 C801      		movw r24,r16
  62 0054 AA27      		clr r26
  63 0056 BB27      		clr r27
  64 0058 0097      		sbiw r24,0
  65 005a A105      		cpc r26,__zero_reg__
  66 005c B105      		cpc r27,__zero_reg__
  67 005e 01F4      		brne .L5
  68 0060 C701      		movw r24,r14
  69               	/* epilogue start */
  70 0062 1F91      		pop r17
  71 0064 0F91      		pop r16
  72 0066 FF90      		pop r15
  73 0068 EF90      		pop r14
  74 006a 0895      		ret
  75               		.size	NutIpChkSumPartial, .-NutIpChkSumPartial
  76               	.global	NutIpChkSum
  77               		.type	NutIpChkSum, @function
  78               	NutIpChkSum:
  79               	/* prologue: function */
  80               	/* frame size = 0 */
  81 006c 0E94 0000 		call NutIpChkSumPartial
  82 0070 9C01      		movw r18,r24
  83 0072 2095      		com r18
  84 0074 3095      		com r19
  85 0076 C901      		movw r24,r18
  86               	/* epilogue start */
  87 0078 0895      		ret
  88               		.size	NutIpChkSum, .-NutIpChkSum
  89               	.global	NutIpPseudoChkSumPartial
  90               		.type	NutIpPseudoChkSumPartial, @function
  91               	NutIpPseudoChkSumPartial:
  92 007a EF92      		push r14
  93 007c FF92      		push r15
  94 007e 0F93      		push r16
  95 0080 DF93      		push r29
  96 0082 CF93      		push r28
  97 0084 CDB7      		in r28,__SP_L__
  98 0086 DEB7      		in r29,__SP_H__
  99 0088 2C97      		sbiw r28,12
 100 008a 0FB6      		in __tmp_reg__,__SREG__
 101 008c F894      		cli
 102 008e DEBF      		out __SP_H__,r29
 103 0090 0FBE      		out __SREG__,__tmp_reg__
 104 0092 CDBF      		out __SP_L__,r28
 105               	/* prologue: function */
 106               	/* frame size = 12 */
 107 0094 6983      		std Y+1,r22
 108 0096 7A83      		std Y+2,r23
 109 0098 8B83      		std Y+3,r24
 110 009a 9C83      		std Y+4,r25
 111 009c 2D83      		std Y+5,r18
 112 009e 3E83      		std Y+6,r19
 113 00a0 4F83      		std Y+7,r20
 114 00a2 5887      		std Y+8,r21
GAS LISTING C:\Temp/ccgRxjVs.s 			page 3


 115 00a4 1986      		std Y+9,__zero_reg__
 116 00a6 0A87      		std Y+10,r16
 117 00a8 FC86      		std Y+12,r15
 118 00aa EB86      		std Y+11,r14
 119 00ac 4CE0      		ldi r20,lo8(12)
 120 00ae 50E0      		ldi r21,hi8(12)
 121 00b0 BE01      		movw r22,r28
 122 00b2 6F5F      		subi r22,lo8(-(1))
 123 00b4 7F4F      		sbci r23,hi8(-(1))
 124 00b6 80E0      		ldi r24,lo8(0)
 125 00b8 90E0      		ldi r25,hi8(0)
 126 00ba 0E94 0000 		call NutIpChkSumPartial
 127 00be BC01      		movw r22,r24
 128 00c0 80E0      		ldi r24,lo8(0)
 129 00c2 90E0      		ldi r25,lo8(0)
 130               	/* epilogue start */
 131 00c4 2C96      		adiw r28,12
 132 00c6 0FB6      		in __tmp_reg__,__SREG__
 133 00c8 F894      		cli
 134 00ca DEBF      		out __SP_H__,r29
 135 00cc 0FBE      		out __SREG__,__tmp_reg__
 136 00ce CDBF      		out __SP_L__,r28
 137 00d0 CF91      		pop r28
 138 00d2 DF91      		pop r29
 139 00d4 0F91      		pop r16
 140 00d6 FF90      		pop r15
 141 00d8 EF90      		pop r14
 142 00da 0895      		ret
 143               		.size	NutIpPseudoChkSumPartial, .-NutIpPseudoChkSumPartial
GAS LISTING C:\Temp/ccgRxjVs.s 			page 4


DEFINED SYMBOLS
                            *ABS*:00000000 ipcsum.c
  C:\Temp/ccgRxjVs.s:2      *ABS*:0000003f __SREG__
  C:\Temp/ccgRxjVs.s:3      *ABS*:0000003e __SP_H__
  C:\Temp/ccgRxjVs.s:4      *ABS*:0000003d __SP_L__
  C:\Temp/ccgRxjVs.s:5      *ABS*:00000034 __CCP__
  C:\Temp/ccgRxjVs.s:6      *ABS*:00000000 __tmp_reg__
  C:\Temp/ccgRxjVs.s:7      *ABS*:00000001 __zero_reg__
  C:\Temp/ccgRxjVs.s:13     .text:00000000 NutIpChkSumPartial
  C:\Temp/ccgRxjVs.s:78     .text:0000006c NutIpChkSum
  C:\Temp/ccgRxjVs.s:91     .text:0000007a NutIpPseudoChkSumPartial

UNDEFINED SYMBOLS
__do_copy_data
__do_clear_bss
