GAS LISTING C:\Temp/ccVumnZi.s 			page 1


   1               		.file	"papout.c"
   2               	__SREG__ = 0x3f
   3               	__SP_H__ = 0x3e
   4               	__SP_L__ = 0x3d
   5               	__CCP__  = 0x34
   6               	__tmp_reg__ = 0
   7               	__zero_reg__ = 1
   8               		.global __do_copy_data
   9               		.global __do_clear_bss
  10               		.text
  11               	.global	NutPapOutput
  12               		.type	NutPapOutput, @function
  13               	NutPapOutput:
  14 0000 EF92      		push r14
  15 0002 FF92      		push r15
  16 0004 0F93      		push r16
  17 0006 1F93      		push r17
  18 0008 CF93      		push r28
  19 000a DF93      		push r29
  20               	/* prologue: function */
  21               	/* frame size = 0 */
  22 000c 7C01      		movw r14,r24
  23 000e 162F      		mov r17,r22
  24 0010 042F      		mov r16,r20
  25 0012 C901      		movw r24,r18
  26 0014 44E0      		ldi r20,lo8(4)
  27 0016 50E0      		ldi r21,hi8(4)
  28 0018 60E2      		ldi r22,lo8(32)
  29 001a 0E94 0000 		call NutNetBufAlloc
  30 001e EC01      		movw r28,r24
  31 0020 0097      		sbiw r24,0
  32 0022 01F4      		brne .L2
  33 0024 2FEF      		ldi r18,lo8(-1)
  34 0026 3FEF      		ldi r19,hi8(-1)
  35 0028 00C0      		rjmp .L3
  36               	.L2:
  37 002a EF81      		ldd r30,Y+7
  38 002c F885      		ldd r31,Y+8
  39 002e 1083      		st Z,r17
  40 0030 0183      		std Z+1,r16
  41 0032 8D85      		ldd r24,Y+13
  42 0034 9E85      		ldd r25,Y+14
  43 0036 2985      		ldd r18,Y+9
  44 0038 3A85      		ldd r19,Y+10
  45 003a 820F      		add r24,r18
  46 003c 931F      		adc r25,r19
  47 003e 2989      		ldd r18,Y+17
  48 0040 3A89      		ldd r19,Y+18
  49 0042 820F      		add r24,r18
  50 0044 931F      		adc r25,r19
  51               	/* #APP */
  52               	 ;  295 "../../nut/include/sys/types.h" 1
  53 0046 082E      		mov __tmp_reg__, r24
  54 0048 892F      		mov r24, r25
  55 004a 902D      		mov r25, __tmp_reg__
  56               		
  57               	 ;  0 "" 2
GAS LISTING C:\Temp/ccVumnZi.s 			page 2


  58               	/* #NOAPP */
  59 004c 9383      		std Z+3,r25
  60 004e 8283      		std Z+2,r24
  61 0050 9E01      		movw r18,r28
  62 0052 40E0      		ldi r20,lo8(0)
  63 0054 50E0      		ldi r21,hi8(0)
  64 0056 63E2      		ldi r22,lo8(-16349)
  65 0058 70EC      		ldi r23,hi8(-16349)
  66 005a C701      		movw r24,r14
  67 005c 0E94 0000 		call NutPppOutput
  68 0060 892B      		or r24,r25
  69 0062 01F4      		brne .L6
  70               	.L4:
  71 0064 CE01      		movw r24,r28
  72 0066 0E94 0000 		call NutNetBufFree
  73               	.L6:
  74 006a 20E0      		ldi r18,lo8(0)
  75 006c 30E0      		ldi r19,hi8(0)
  76               	.L3:
  77 006e C901      		movw r24,r18
  78               	/* epilogue start */
  79 0070 DF91      		pop r29
  80 0072 CF91      		pop r28
  81 0074 1F91      		pop r17
  82 0076 0F91      		pop r16
  83 0078 FF90      		pop r15
  84 007a EF90      		pop r14
  85 007c 0895      		ret
  86               		.size	NutPapOutput, .-NutPapOutput
  87               	.global	PapTxAuthReq
  88               		.type	PapTxAuthReq, @function
  89               	PapTxAuthReq:
  90 007e AF92      		push r10
  91 0080 BF92      		push r11
  92 0082 CF92      		push r12
  93 0084 DF92      		push r13
  94 0086 EF92      		push r14
  95 0088 FF92      		push r15
  96 008a 0F93      		push r16
  97 008c 1F93      		push r17
  98 008e CF93      		push r28
  99 0090 DF93      		push r29
 100               	/* prologue: function */
 101               	/* frame size = 0 */
 102 0092 5C01      		movw r10,r24
 103 0094 FC01      		movw r30,r24
 104 0096 0189      		ldd r16,Z+17
 105 0098 1289      		ldd r17,Z+18
 106 009a F801      		movw r30,r16
 107 009c 858D      		ldd r24,Z+29
 108 009e 968D      		ldd r25,Z+30
 109 00a0 0097      		sbiw r24,0
 110 00a2 01F4      		brne .L8
 111 00a4 C2E0      		ldi r28,lo8(2)
 112 00a6 D0E0      		ldi r29,hi8(2)
 113 00a8 00C0      		rjmp .L9
 114               	.L8:
GAS LISTING C:\Temp/ccVumnZi.s 			page 3


 115 00aa EC01      		movw r28,r24
 116 00ac 0990      		ld __tmp_reg__,Y+
 117 00ae 0020      		tst __tmp_reg__
 118 00b0 01F4      		brne .-6
 119 00b2 C81B      		sub r28,r24
 120 00b4 D90B      		sbc r29,r25
 121 00b6 2196      		adiw r28,1
 122               	.L9:
 123 00b8 F801      		movw r30,r16
 124 00ba 878D      		ldd r24,Z+31
 125 00bc 90A1      		ldd r25,Z+32
 126 00be 0097      		sbiw r24,0
 127 00c0 01F0      		breq .L10
 128 00c2 FC01      		movw r30,r24
 129 00c4 0190      		ld __tmp_reg__,Z+
 130 00c6 0020      		tst __tmp_reg__
 131 00c8 01F4      		brne .-6
 132 00ca 3197      		sbiw r30,1
 133 00cc E81B      		sub r30,r24
 134 00ce F90B      		sbc r31,r25
 135 00d0 CE0F      		add r28,r30
 136 00d2 DF1F      		adc r29,r31
 137               	.L10:
 138 00d4 AE01      		movw r20,r28
 139 00d6 60E8      		ldi r22,lo8(-128)
 140 00d8 80E0      		ldi r24,lo8(0)
 141 00da 90E0      		ldi r25,hi8(0)
 142 00dc 0E94 0000 		call NutNetBufAlloc
 143 00e0 6C01      		movw r12,r24
 144 00e2 0097      		sbiw r24,0
 145 00e4 01F4      		brne .+2
 146 00e6 00C0      		rjmp .L20
 147 00e8 FC01      		movw r30,r24
 148 00ea E784      		ldd r14,Z+15
 149 00ec F088      		ldd r15,Z+16
 150 00ee F801      		movw r30,r16
 151 00f0 858D      		ldd r24,Z+29
 152 00f2 968D      		ldd r25,Z+30
 153 00f4 0097      		sbiw r24,0
 154 00f6 01F4      		brne .L12
 155 00f8 80E0      		ldi r24,lo8(0)
 156 00fa 00C0      		rjmp .L13
 157               	.L12:
 158 00fc DC01      		movw r26,r24
 159 00fe FC01      		movw r30,r24
 160 0100 0190      		ld __tmp_reg__,Z+
 161 0102 0020      		tst __tmp_reg__
 162 0104 01F4      		brne .-6
 163 0106 3197      		sbiw r30,1
 164 0108 8E2F      		mov r24,r30
 165 010a 8A1B      		sub r24,r26
 166               	.L13:
 167 010c F701      		movw r30,r14
 168 010e 8083      		st Z,r24
 169 0110 8823      		tst r24
 170 0112 01F0      		breq .L14
 171 0114 9701      		movw r18,r14
GAS LISTING C:\Temp/ccVumnZi.s 			page 4


 172 0116 2F5F      		subi r18,lo8(-(1))
 173 0118 3F4F      		sbci r19,hi8(-(1))
 174 011a 9927      		clr r25
 175 011c 87FD      		sbrc r24,7
 176 011e 9095      		com r25
 177 0120 F801      		movw r30,r16
 178 0122 658D      		ldd r22,Z+29
 179 0124 768D      		ldd r23,Z+30
 180 0126 AC01      		movw r20,r24
 181 0128 C901      		movw r24,r18
 182 012a 0E94 0000 		call memcpy
 183               	.L14:
 184 012e F701      		movw r30,r14
 185 0130 8081      		ld r24,Z
 186 0132 C82F      		mov r28,r24
 187 0134 DD27      		clr r29
 188 0136 C7FD      		sbrc r28,7
 189 0138 D095      		com r29
 190 013a 2196      		adiw r28,1
 191 013c CE0D      		add r28,r14
 192 013e DF1D      		adc r29,r15
 193 0140 F801      		movw r30,r16
 194 0142 878D      		ldd r24,Z+31
 195 0144 90A1      		ldd r25,Z+32
 196 0146 0097      		sbiw r24,0
 197 0148 01F4      		brne .L16
 198 014a 80E0      		ldi r24,lo8(0)
 199 014c 00C0      		rjmp .L17
 200               	.L16:
 201 014e DC01      		movw r26,r24
 202 0150 FC01      		movw r30,r24
 203 0152 0190      		ld __tmp_reg__,Z+
 204 0154 0020      		tst __tmp_reg__
 205 0156 01F4      		brne .-6
 206 0158 3197      		sbiw r30,1
 207 015a 8E2F      		mov r24,r30
 208 015c 8A1B      		sub r24,r26
 209               	.L17:
 210 015e 8883      		st Y,r24
 211 0160 8823      		tst r24
 212 0162 01F0      		breq .L18
 213 0164 9E01      		movw r18,r28
 214 0166 2F5F      		subi r18,lo8(-(1))
 215 0168 3F4F      		sbci r19,hi8(-(1))
 216 016a 9927      		clr r25
 217 016c 87FD      		sbrc r24,7
 218 016e 9095      		com r25
 219 0170 F801      		movw r30,r16
 220 0172 678D      		ldd r22,Z+31
 221 0174 70A1      		ldd r23,Z+32
 222 0176 AC01      		movw r20,r24
 223 0178 C901      		movw r24,r18
 224 017a 0E94 0000 		call memcpy
 225               	.L18:
 226 017e 83E0      		ldi r24,lo8(3)
 227 0180 F801      		movw r30,r16
 228 0182 86AF      		std Z+62,r24
GAS LISTING C:\Temp/ccVumnZi.s 			page 5


 229 0184 4381      		ldd r20,Z+3
 230 0186 4F5F      		subi r20,lo8(-(1))
 231 0188 4383      		std Z+3,r20
 232 018a 9601      		movw r18,r12
 233 018c 61E0      		ldi r22,lo8(1)
 234 018e C501      		movw r24,r10
 235 0190 0E94 0000 		call NutPapOutput
 236               	.L20:
 237               	/* epilogue start */
 238 0194 DF91      		pop r29
 239 0196 CF91      		pop r28
 240 0198 1F91      		pop r17
 241 019a 0F91      		pop r16
 242 019c FF90      		pop r15
 243 019e EF90      		pop r14
 244 01a0 DF90      		pop r13
 245 01a2 CF90      		pop r12
 246 01a4 BF90      		pop r11
 247 01a6 AF90      		pop r10
 248 01a8 0895      		ret
 249               		.size	PapTxAuthReq, .-PapTxAuthReq
GAS LISTING C:\Temp/ccVumnZi.s 			page 6


DEFINED SYMBOLS
                            *ABS*:00000000 papout.c
  C:\Temp/ccVumnZi.s:2      *ABS*:0000003f __SREG__
  C:\Temp/ccVumnZi.s:3      *ABS*:0000003e __SP_H__
  C:\Temp/ccVumnZi.s:4      *ABS*:0000003d __SP_L__
  C:\Temp/ccVumnZi.s:5      *ABS*:00000034 __CCP__
  C:\Temp/ccVumnZi.s:6      *ABS*:00000000 __tmp_reg__
  C:\Temp/ccVumnZi.s:7      *ABS*:00000001 __zero_reg__
  C:\Temp/ccVumnZi.s:13     .text:00000000 NutPapOutput
  C:\Temp/ccVumnZi.s:89     .text:0000007e PapTxAuthReq

UNDEFINED SYMBOLS
__do_copy_data
__do_clear_bss
NutNetBufAlloc
NutPppOutput
NutNetBufFree
memcpy
