GAS LISTING C:\Temp/ccR8i10L.s 			page 1


   1               		.file	"pppdebug.c"
   2               	__SREG__ = 0x3f
   3               	__SP_H__ = 0x3e
   4               	__SP_L__ = 0x3d
   5               	__CCP__  = 0x34
   6               	__tmp_reg__ = 0
   7               	__zero_reg__ = 1
   8               		.global __do_copy_data
   9               		.global __do_clear_bss
  10               		.text
  11               	.global	NutTracePPP
  12               		.type	NutTracePPP, @function
  13               	NutTracePPP:
  14               	/* prologue: function */
  15               	/* frame size = 0 */
  16 0000 0097      		sbiw r24,0
  17 0002 01F0      		breq .L2
  18 0004 9093 0000 		sts (__ppp_trs)+1,r25
  19 0008 8093 0000 		sts __ppp_trs,r24
  20               	.L2:
  21 000c 8091 0000 		lds r24,__ppp_trs
  22 0010 9091 0000 		lds r25,(__ppp_trs)+1
  23 0014 892B      		or r24,r25
  24 0016 01F0      		breq .L3
  25 0018 6093 0000 		sts __ppp_trf,r22
  26 001c 0895      		ret
  27               	.L3:
  28 001e 1092 0000 		sts __ppp_trf,__zero_reg__
  29 0022 0895      		ret
  30               		.size	NutTracePPP, .-NutTracePPP
  31               		.data
  32               	.LC0:
  33 0000 5B4F 5054 		.string	"[OPT(%u)]"
  33      2825 7529 
  33      5D00 
  34               	.LC1:
  35 000a 5B4D 5255 		.string	"[MRU=%u]"
  35      3D25 755D 
  35      00
  36               	.LC2:
  37 0013 5B41 4343 		.string	"[ACCM=0x%08lX]"
  37      4D3D 3078 
  37      2530 386C 
  37      585D 00
  38               	.LC3:
  39 0022 5B41 5554 		.string	"[AUTH=0x%04X]"
  39      483D 3078 
  39      2530 3458 
  39      5D00 
  40               	.LC4:
  41 0030 5B4D 4147 		.string	"[MAGIC=0x%08lX]"
  41      4943 3D30 
  41      7825 3038 
  41      6C58 5D00 
  42               	.LC5:
  43 0040 5B50 434F 		.string	"[PCOMP]"
  43      4D50 5D00 
GAS LISTING C:\Temp/ccR8i10L.s 			page 2


  44               	.LC6:
  45 0048 5B41 434F 		.string	"[ACOMP]"
  45      4D50 5D00 
  46               	.LC7:
  47 0050 5B4F 5054 		.string	"[OPT%u?]"
  47      2575 3F5D 
  47      00
  48               	.LC8:
  49 0059 5B4C 454E 		.string	"[LEN?]"
  49      3F5D 00
  50               		.text
  51               	.global	NutDumpLcpOption
  52               		.type	NutDumpLcpOption, @function
  53               	NutDumpLcpOption:
  54 0024 4F92      		push r4
  55 0026 5F92      		push r5
  56 0028 6F92      		push r6
  57 002a 7F92      		push r7
  58 002c 8F92      		push r8
  59 002e 9F92      		push r9
  60 0030 AF92      		push r10
  61 0032 BF92      		push r11
  62 0034 CF92      		push r12
  63 0036 DF92      		push r13
  64 0038 EF92      		push r14
  65 003a FF92      		push r15
  66 003c 0F93      		push r16
  67 003e 1F93      		push r17
  68 0040 CF93      		push r28
  69 0042 DF93      		push r29
  70               	/* prologue: function */
  71               	/* frame size = 0 */
  72 0044 7C01      		movw r14,r24
  73 0046 FB01      		movw r30,r22
  74 0048 0189      		ldd r16,Z+17
  75 004a 1289      		ldd r17,Z+18
  76 004c 0115      		cp r16,__zero_reg__
  77 004e 1105      		cpc r17,__zero_reg__
  78 0050 01F0      		breq .L7
  79 0052 C785      		ldd r28,Z+15
  80 0054 D089      		ldd r29,Z+16
  81 0056 00C0      		rjmp .L8
  82               	.L7:
  83 0058 8091 0000 		lds r24,ppp_header_sz
  84 005c 90E0      		ldi r25,lo8(0)
  85 005e 0581      		ldd r16,Z+5
  86 0060 1681      		ldd r17,Z+6
  87 0062 081B      		sub r16,r24
  88 0064 190B      		sbc r17,r25
  89 0066 0450      		subi r16,lo8(-(-4))
  90 0068 1040      		sbci r17,hi8(-(-4))
  91 006a 0496      		adiw r24,4
  92 006c C381      		ldd r28,Z+3
  93 006e D481      		ldd r29,Z+4
  94 0070 C80F      		add r28,r24
  95 0072 D91F      		adc r29,r25
  96               	.L8:
GAS LISTING C:\Temp/ccR8i10L.s 			page 3


  97 0074 1F93      		push r17
  98 0076 0F93      		push r16
  99 0078 80E0      		ldi r24,lo8(.LC0)
 100 007a 90E0      		ldi r25,hi8(.LC0)
 101 007c 9F93      		push r25
 102 007e 8F93      		push r24
 103 0080 FF92      		push r15
 104 0082 EF92      		push r14
 105 0084 0E94 0000 		call fprintf
 106 0088 8DB7      		in r24,__SP_L__
 107 008a 9EB7      		in r25,__SP_H__
 108 008c 0696      		adiw r24,6
 109 008e 0FB6      		in __tmp_reg__,__SREG__
 110 0090 F894      		cli
 111 0092 9EBF      		out __SP_H__,r25
 112 0094 0FBE      		out __SREG__,__tmp_reg__
 113 0096 8DBF      		out __SP_L__,r24
 114 0098 40E0      		ldi r20,lo8(.LC3)
 115 009a 442E      		mov r4,r20
 116 009c 40E0      		ldi r20,hi8(.LC3)
 117 009e 542E      		mov r5,r20
 118 00a0 30E0      		ldi r19,lo8(.LC7)
 119 00a2 632E      		mov r6,r19
 120 00a4 30E0      		ldi r19,hi8(.LC7)
 121 00a6 732E      		mov r7,r19
 122 00a8 20E0      		ldi r18,lo8(.LC4)
 123 00aa 822E      		mov r8,r18
 124 00ac 20E0      		ldi r18,hi8(.LC4)
 125 00ae 922E      		mov r9,r18
 126 00b0 90E0      		ldi r25,lo8(.LC1)
 127 00b2 A92E      		mov r10,r25
 128 00b4 90E0      		ldi r25,hi8(.LC1)
 129 00b6 B92E      		mov r11,r25
 130 00b8 80E0      		ldi r24,lo8(.LC2)
 131 00ba C82E      		mov r12,r24
 132 00bc 80E0      		ldi r24,hi8(.LC2)
 133 00be D82E      		mov r13,r24
 134 00c0 00C0      		rjmp .L9
 135               	.L21:
 136 00c2 8881      		ld r24,Y
 137 00c4 8330      		cpi r24,lo8(3)
 138 00c6 01F0      		breq .L13
 139 00c8 8430      		cpi r24,lo8(4)
 140 00ca 00F4      		brsh .L17
 141 00cc 8130      		cpi r24,lo8(1)
 142 00ce 01F0      		breq .L11
 143 00d0 8230      		cpi r24,lo8(2)
 144 00d2 01F0      		breq .+2
 145 00d4 00C0      		rjmp .L10
 146 00d6 00C0      		rjmp .L27
 147               	.L17:
 148 00d8 8730      		cpi r24,lo8(7)
 149 00da 01F4      		brne .+2
 150 00dc 00C0      		rjmp .L15
 151 00de 8830      		cpi r24,lo8(8)
 152 00e0 01F4      		brne .+2
 153 00e2 00C0      		rjmp .L16
GAS LISTING C:\Temp/ccR8i10L.s 			page 4


 154 00e4 8530      		cpi r24,lo8(5)
 155 00e6 01F0      		breq .+2
 156 00e8 00C0      		rjmp .L10
 157 00ea 00C0      		rjmp .L28
 158               	.L11:
 159 00ec 8A81      		ldd r24,Y+2
 160 00ee 9B81      		ldd r25,Y+3
 161               	/* #APP */
 162               	 ;  295 "../../nut/include/sys/types.h" 1
 163 00f0 082E      		mov __tmp_reg__, r24
 164 00f2 892F      		mov r24, r25
 165 00f4 902D      		mov r25, __tmp_reg__
 166               		
 167               	 ;  0 "" 2
 168               	/* #NOAPP */
 169 00f6 9F93      		push r25
 170 00f8 8F93      		push r24
 171 00fa BF92      		push r11
 172 00fc AF92      		push r10
 173 00fe 00C0      		rjmp .L23
 174               	.L27:
 175 0100 8A81      		ldd r24,Y+2
 176 0102 9B81      		ldd r25,Y+3
 177 0104 AC81      		ldd r26,Y+4
 178 0106 BD81      		ldd r27,Y+5
 179               	/* #APP */
 180               	 ;  305 "../../nut/include/sys/types.h" 1
 181 0108 082E      		mov __tmp_reg__, r24
 182 010a 8B2F      		mov r24, r27
 183 010c B02D      		mov r27, __tmp_reg__
 184 010e 092E      		mov __tmp_reg__, r25
 185 0110 9A2F      		mov r25, r26
 186 0112 A02D      		mov r26, __tmp_reg__
 187               		
 188               	 ;  0 "" 2
 189               	/* #NOAPP */
 190 0114 BF93      		push r27
 191 0116 AF93      		push r26
 192 0118 9F93      		push r25
 193 011a 8F93      		push r24
 194 011c DF92      		push r13
 195 011e CF92      		push r12
 196 0120 00C0      		rjmp .L26
 197               	.L13:
 198 0122 8A81      		ldd r24,Y+2
 199 0124 9B81      		ldd r25,Y+3
 200               	/* #APP */
 201               	 ;  295 "../../nut/include/sys/types.h" 1
 202 0126 082E      		mov __tmp_reg__, r24
 203 0128 892F      		mov r24, r25
 204 012a 902D      		mov r25, __tmp_reg__
 205               		
 206               	 ;  0 "" 2
 207               	/* #NOAPP */
 208 012c 9F93      		push r25
 209 012e 8F93      		push r24
 210 0130 5F92      		push r5
GAS LISTING C:\Temp/ccR8i10L.s 			page 5


 211 0132 4F92      		push r4
 212 0134 00C0      		rjmp .L23
 213               	.L28:
 214 0136 8A81      		ldd r24,Y+2
 215 0138 9B81      		ldd r25,Y+3
 216 013a AC81      		ldd r26,Y+4
 217 013c BD81      		ldd r27,Y+5
 218               	/* #APP */
 219               	 ;  305 "../../nut/include/sys/types.h" 1
 220 013e 082E      		mov __tmp_reg__, r24
 221 0140 8B2F      		mov r24, r27
 222 0142 B02D      		mov r27, __tmp_reg__
 223 0144 092E      		mov __tmp_reg__, r25
 224 0146 9A2F      		mov r25, r26
 225 0148 A02D      		mov r26, __tmp_reg__
 226               		
 227               	 ;  0 "" 2
 228               	/* #NOAPP */
 229 014a BF93      		push r27
 230 014c AF93      		push r26
 231 014e 9F93      		push r25
 232 0150 8F93      		push r24
 233 0152 9F92      		push r9
 234 0154 8F92      		push r8
 235               	.L26:
 236 0156 FF92      		push r15
 237 0158 EF92      		push r14
 238 015a 0E94 0000 		call fprintf
 239 015e 8DB7      		in r24,__SP_L__
 240 0160 9EB7      		in r25,__SP_H__
 241 0162 0896      		adiw r24,8
 242 0164 00C0      		rjmp .L24
 243               	.L15:
 244 0166 B701      		movw r22,r14
 245 0168 80E0      		ldi r24,lo8(.LC5)
 246 016a 90E0      		ldi r25,hi8(.LC5)
 247 016c 00C0      		rjmp .L25
 248               	.L16:
 249 016e B701      		movw r22,r14
 250 0170 80E0      		ldi r24,lo8(.LC6)
 251 0172 90E0      		ldi r25,hi8(.LC6)
 252               	.L25:
 253 0174 0E94 0000 		call fputs
 254 0178 00C0      		rjmp .L18
 255               	.L10:
 256 017a 90E0      		ldi r25,lo8(0)
 257 017c 9F93      		push r25
 258 017e 8F93      		push r24
 259 0180 7F92      		push r7
 260 0182 6F92      		push r6
 261               	.L23:
 262 0184 FF92      		push r15
 263 0186 EF92      		push r14
 264 0188 0E94 0000 		call fprintf
 265 018c 8DB7      		in r24,__SP_L__
 266 018e 9EB7      		in r25,__SP_H__
 267 0190 0696      		adiw r24,6
GAS LISTING C:\Temp/ccR8i10L.s 			page 6


 268               	.L24:
 269 0192 0FB6      		in __tmp_reg__,__SREG__
 270 0194 F894      		cli
 271 0196 9EBF      		out __SP_H__,r25
 272 0198 0FBE      		out __SREG__,__tmp_reg__
 273 019a 8DBF      		out __SP_L__,r24
 274               	.L18:
 275 019c 8981      		ldd r24,Y+1
 276 019e 90E0      		ldi r25,lo8(0)
 277 01a0 0817      		cp r16,r24
 278 01a2 1907      		cpc r17,r25
 279 01a4 00F4      		brsh .L19
 280 01a6 B701      		movw r22,r14
 281 01a8 80E0      		ldi r24,lo8(.LC8)
 282 01aa 90E0      		ldi r25,hi8(.LC8)
 283 01ac 0E94 0000 		call fputs
 284 01b0 00C0      		rjmp .L22
 285               	.L19:
 286 01b2 081B      		sub r16,r24
 287 01b4 190B      		sbc r17,r25
 288 01b6 C80F      		add r28,r24
 289 01b8 D91F      		adc r29,r25
 290               	.L9:
 291 01ba 0115      		cp r16,__zero_reg__
 292 01bc 1105      		cpc r17,__zero_reg__
 293 01be 01F0      		breq .+2
 294 01c0 00C0      		rjmp .L21
 295               	.L22:
 296               	/* epilogue start */
 297 01c2 DF91      		pop r29
 298 01c4 CF91      		pop r28
 299 01c6 1F91      		pop r17
 300 01c8 0F91      		pop r16
 301 01ca FF90      		pop r15
 302 01cc EF90      		pop r14
 303 01ce DF90      		pop r13
 304 01d0 CF90      		pop r12
 305 01d2 BF90      		pop r11
 306 01d4 AF90      		pop r10
 307 01d6 9F90      		pop r9
 308 01d8 8F90      		pop r8
 309 01da 7F90      		pop r7
 310 01dc 6F90      		pop r6
 311 01de 5F90      		pop r5
 312 01e0 4F90      		pop r4
 313 01e2 0895      		ret
 314               		.size	NutDumpLcpOption, .-NutDumpLcpOption
 315               		.data
 316               	.LC9:
 317 0060 5B4C 4350 		.string	"[LCP-%03u(%u)]"
 317      2D25 3033 
 317      7528 2575 
 317      295D 00
 318               	.LC10:
 319 006f 5B43 4F44 		.string	"[CODE%u?]"
 319      4525 753F 
 319      5D00 
GAS LISTING C:\Temp/ccR8i10L.s 			page 7


 320               		.text
 321               	.global	NutDumpLcp
 322               		.type	NutDumpLcp, @function
 323               	NutDumpLcp:
 324 01e4 CF92      		push r12
 325 01e6 DF92      		push r13
 326 01e8 EF92      		push r14
 327 01ea FF92      		push r15
 328 01ec 0F93      		push r16
 329 01ee 1F93      		push r17
 330 01f0 CF93      		push r28
 331 01f2 DF93      		push r29
 332               	/* prologue: function */
 333               	/* frame size = 0 */
 334 01f4 EC01      		movw r28,r24
 335 01f6 6B01      		movw r12,r22
 336 01f8 FB01      		movw r30,r22
 337 01fa 8185      		ldd r24,Z+9
 338 01fc 9285      		ldd r25,Z+10
 339 01fe 0097      		sbiw r24,0
 340 0200 01F0      		breq .L30
 341 0202 E188      		ldd r14,Z+17
 342 0204 F288      		ldd r15,Z+18
 343 0206 E80E      		add r14,r24
 344 0208 F91E      		adc r15,r25
 345 020a 0781      		ldd r16,Z+7
 346 020c 1085      		ldd r17,Z+8
 347 020e 00C0      		rjmp .L31
 348               	.L30:
 349 0210 8091 0000 		lds r24,ppp_header_sz
 350 0214 90E0      		ldi r25,lo8(0)
 351 0216 FB01      		movw r30,r22
 352 0218 E580      		ldd r14,Z+5
 353 021a F680      		ldd r15,Z+6
 354 021c E81A      		sub r14,r24
 355 021e F90A      		sbc r15,r25
 356 0220 0381      		ldd r16,Z+3
 357 0222 1481      		ldd r17,Z+4
 358 0224 080F      		add r16,r24
 359 0226 191F      		adc r17,r25
 360               	.L31:
 361 0228 F801      		movw r30,r16
 362 022a 8281      		ldd r24,Z+2
 363 022c 9381      		ldd r25,Z+3
 364               	/* #APP */
 365               	 ;  295 "../../nut/include/sys/types.h" 1
 366 022e 082E      		mov __tmp_reg__, r24
 367 0230 892F      		mov r24, r25
 368 0232 902D      		mov r25, __tmp_reg__
 369               		
 370               	 ;  0 "" 2
 371               	/* #NOAPP */
 372 0234 9F93      		push r25
 373 0236 8F93      		push r24
 374 0238 8181      		ldd r24,Z+1
 375 023a 90E0      		ldi r25,lo8(0)
 376 023c 9F93      		push r25
GAS LISTING C:\Temp/ccR8i10L.s 			page 8


 377 023e 8F93      		push r24
 378 0240 80E0      		ldi r24,lo8(.LC9)
 379 0242 90E0      		ldi r25,hi8(.LC9)
 380 0244 9F93      		push r25
 381 0246 8F93      		push r24
 382 0248 DF93      		push r29
 383 024a CF93      		push r28
 384 024c 0E94 0000 		call fprintf
 385 0250 8DB7      		in r24,__SP_L__
 386 0252 9EB7      		in r25,__SP_H__
 387 0254 0896      		adiw r24,8
 388 0256 0FB6      		in __tmp_reg__,__SREG__
 389 0258 F894      		cli
 390 025a 9EBF      		out __SP_H__,r25
 391 025c 0FBE      		out __SREG__,__tmp_reg__
 392 025e 8DBF      		out __SP_L__,r24
 393 0260 94E0      		ldi r25,lo8(4)
 394 0262 E916      		cp r14,r25
 395 0264 F104      		cpc r15,__zero_reg__
 396 0266 00F4      		brsh .L32
 397 0268 BE01      		movw r22,r28
 398 026a 80E0      		ldi r24,lo8(.LC8)
 399 026c 90E0      		ldi r25,hi8(.LC8)
 400 026e 0E94 0000 		call fputs
 401 0272 00C0      		rjmp .L49
 402               	.L32:
 403 0274 F801      		movw r30,r16
 404 0276 8081      		ld r24,Z
 405 0278 8630      		cpi r24,lo8(6)
 406 027a 01F0      		breq .L40
 407 027c 8730      		cpi r24,lo8(7)
 408 027e 00F4      		brsh .L46
 409 0280 8330      		cpi r24,lo8(3)
 410 0282 01F0      		breq .L37
 411 0284 8430      		cpi r24,lo8(4)
 412 0286 00F4      		brsh .L47
 413 0288 8130      		cpi r24,lo8(1)
 414 028a 01F0      		breq .L35
 415 028c 8230      		cpi r24,lo8(2)
 416 028e 01F0      		breq .+2
 417 0290 00C0      		rjmp .L34
 418 0292 00C0      		rjmp .L52
 419               	.L47:
 420 0294 8430      		cpi r24,lo8(4)
 421 0296 01F0      		breq .L38
 422 0298 8530      		cpi r24,lo8(5)
 423 029a 01F0      		breq .+2
 424 029c 00C0      		rjmp .L34
 425 029e 00C0      		rjmp .L53
 426               	.L46:
 427 02a0 8930      		cpi r24,lo8(9)
 428 02a2 01F0      		breq .L43
 429 02a4 8A30      		cpi r24,lo8(10)
 430 02a6 00F4      		brsh .L48
 431 02a8 8730      		cpi r24,lo8(7)
 432 02aa 01F0      		breq .L41
 433 02ac 8830      		cpi r24,lo8(8)
GAS LISTING C:\Temp/ccR8i10L.s 			page 9


 434 02ae 01F4      		brne .L34
 435 02b0 00C0      		rjmp .L54
 436               	.L48:
 437 02b2 8A30      		cpi r24,lo8(10)
 438 02b4 01F0      		breq .L44
 439 02b6 8B30      		cpi r24,lo8(11)
 440 02b8 01F4      		brne .L34
 441 02ba 00C0      		rjmp .L55
 442               	.L35:
 443 02bc BE01      		movw r22,r28
 444 02be 80E0      		ldi r24,lo8(dbg_confreq)
 445 02c0 90E0      		ldi r25,hi8(dbg_confreq)
 446 02c2 00C0      		rjmp .L51
 447               	.L52:
 448 02c4 BE01      		movw r22,r28
 449 02c6 80E0      		ldi r24,lo8(dbg_confack)
 450 02c8 90E0      		ldi r25,hi8(dbg_confack)
 451               	.L51:
 452 02ca 0E94 0000 		call fputs_P
 453 02ce B601      		movw r22,r12
 454 02d0 CE01      		movw r24,r28
 455 02d2 0E94 0000 		call NutDumpLcpOption
 456 02d6 00C0      		rjmp .L49
 457               	.L37:
 458 02d8 BE01      		movw r22,r28
 459 02da 80E0      		ldi r24,lo8(dbg_confnak)
 460 02dc 90E0      		ldi r25,hi8(dbg_confnak)
 461 02de 00C0      		rjmp .L51
 462               	.L38:
 463 02e0 BE01      		movw r22,r28
 464 02e2 80E0      		ldi r24,lo8(dbg_confrej)
 465 02e4 90E0      		ldi r25,hi8(dbg_confrej)
 466 02e6 00C0      		rjmp .L51
 467               	.L53:
 468 02e8 BE01      		movw r22,r28
 469 02ea 80E0      		ldi r24,lo8(dbg_termreq)
 470 02ec 90E0      		ldi r25,hi8(dbg_termreq)
 471 02ee 00C0      		rjmp .L50
 472               	.L40:
 473 02f0 BE01      		movw r22,r28
 474 02f2 80E0      		ldi r24,lo8(dbg_termack)
 475 02f4 90E0      		ldi r25,hi8(dbg_termack)
 476 02f6 00C0      		rjmp .L50
 477               	.L41:
 478 02f8 BE01      		movw r22,r28
 479 02fa 80E0      		ldi r24,lo8(dbg_coderej)
 480 02fc 90E0      		ldi r25,hi8(dbg_coderej)
 481 02fe 00C0      		rjmp .L50
 482               	.L54:
 483 0300 BE01      		movw r22,r28
 484 0302 80E0      		ldi r24,lo8(dbg_protrej)
 485 0304 90E0      		ldi r25,hi8(dbg_protrej)
 486 0306 00C0      		rjmp .L50
 487               	.L43:
 488 0308 BE01      		movw r22,r28
 489 030a 80E0      		ldi r24,lo8(dbg_echoreq)
 490 030c 90E0      		ldi r25,hi8(dbg_echoreq)
GAS LISTING C:\Temp/ccR8i10L.s 			page 10


 491 030e 00C0      		rjmp .L50
 492               	.L44:
 493 0310 BE01      		movw r22,r28
 494 0312 80E0      		ldi r24,lo8(dbg_echorsp)
 495 0314 90E0      		ldi r25,hi8(dbg_echorsp)
 496 0316 00C0      		rjmp .L50
 497               	.L55:
 498 0318 BE01      		movw r22,r28
 499 031a 80E0      		ldi r24,lo8(dbg_discreq)
 500 031c 90E0      		ldi r25,hi8(dbg_discreq)
 501               	.L50:
 502 031e 0E94 0000 		call fputs_P
 503 0322 00C0      		rjmp .L49
 504               	.L34:
 505 0324 90E0      		ldi r25,lo8(0)
 506 0326 9F93      		push r25
 507 0328 8F93      		push r24
 508 032a 80E0      		ldi r24,lo8(.LC10)
 509 032c 90E0      		ldi r25,hi8(.LC10)
 510 032e 9F93      		push r25
 511 0330 8F93      		push r24
 512 0332 DF93      		push r29
 513 0334 CF93      		push r28
 514 0336 0E94 0000 		call fprintf
 515 033a 8DB7      		in r24,__SP_L__
 516 033c 9EB7      		in r25,__SP_H__
 517 033e 0696      		adiw r24,6
 518 0340 0FB6      		in __tmp_reg__,__SREG__
 519 0342 F894      		cli
 520 0344 9EBF      		out __SP_H__,r25
 521 0346 0FBE      		out __SREG__,__tmp_reg__
 522 0348 8DBF      		out __SP_L__,r24
 523               	.L49:
 524               	/* epilogue start */
 525 034a DF91      		pop r29
 526 034c CF91      		pop r28
 527 034e 1F91      		pop r17
 528 0350 0F91      		pop r16
 529 0352 FF90      		pop r15
 530 0354 EF90      		pop r14
 531 0356 DF90      		pop r13
 532 0358 CF90      		pop r12
 533 035a 0895      		ret
 534               		.size	NutDumpLcp, .-NutDumpLcp
 535               		.data
 536               	.LC11:
 537 0079 5B41 4444 		.string	"[ADDR=%s]"
 537      523D 2573 
 537      5D00 
 538               	.LC12:
 539 0083 5B43 4F4D 		.string	"[COMP]"
 539      505D 00
 540               	.LC13:
 541 008a 5B44 4E53 		.string	"[DNS1=%s]"
 541      313D 2573 
 541      5D00 
 542               	.LC14:
GAS LISTING C:\Temp/ccR8i10L.s 			page 11


 543 0094 5B44 4E53 		.string	"[DNS2=%s]"
 543      323D 2573 
 543      5D00 
 544               		.text
 545               	.global	NutDumpIpcpOption
 546               		.type	NutDumpIpcpOption, @function
 547               	NutDumpIpcpOption:
 548 035c 6F92      		push r6
 549 035e 7F92      		push r7
 550 0360 8F92      		push r8
 551 0362 9F92      		push r9
 552 0364 AF92      		push r10
 553 0366 BF92      		push r11
 554 0368 CF92      		push r12
 555 036a DF92      		push r13
 556 036c EF92      		push r14
 557 036e FF92      		push r15
 558 0370 0F93      		push r16
 559 0372 1F93      		push r17
 560 0374 CF93      		push r28
 561 0376 DF93      		push r29
 562               	/* prologue: function */
 563               	/* frame size = 0 */
 564 0378 7C01      		movw r14,r24
 565 037a FB01      		movw r30,r22
 566 037c 0189      		ldd r16,Z+17
 567 037e 1289      		ldd r17,Z+18
 568 0380 0115      		cp r16,__zero_reg__
 569 0382 1105      		cpc r17,__zero_reg__
 570 0384 01F0      		breq .L57
 571 0386 C785      		ldd r28,Z+15
 572 0388 D089      		ldd r29,Z+16
 573 038a 00C0      		rjmp .L58
 574               	.L57:
 575 038c 8091 0000 		lds r24,ppp_header_sz
 576 0390 90E0      		ldi r25,lo8(0)
 577 0392 0581      		ldd r16,Z+5
 578 0394 1681      		ldd r17,Z+6
 579 0396 081B      		sub r16,r24
 580 0398 190B      		sbc r17,r25
 581 039a 0450      		subi r16,lo8(-(-4))
 582 039c 1040      		sbci r17,hi8(-(-4))
 583 039e 0496      		adiw r24,4
 584 03a0 C381      		ldd r28,Z+3
 585 03a2 D481      		ldd r29,Z+4
 586 03a4 C80F      		add r28,r24
 587 03a6 D91F      		adc r29,r25
 588               	.L58:
 589 03a8 1F93      		push r17
 590 03aa 0F93      		push r16
 591 03ac 80E0      		ldi r24,lo8(.LC0)
 592 03ae 90E0      		ldi r25,hi8(.LC0)
 593 03b0 9F93      		push r25
 594 03b2 8F93      		push r24
 595 03b4 FF92      		push r15
 596 03b6 EF92      		push r14
 597 03b8 0E94 0000 		call fprintf
GAS LISTING C:\Temp/ccR8i10L.s 			page 12


 598 03bc 8DB7      		in r24,__SP_L__
 599 03be 9EB7      		in r25,__SP_H__
 600 03c0 0696      		adiw r24,6
 601 03c2 0FB6      		in __tmp_reg__,__SREG__
 602 03c4 F894      		cli
 603 03c6 9EBF      		out __SP_H__,r25
 604 03c8 0FBE      		out __SREG__,__tmp_reg__
 605 03ca 8DBF      		out __SP_L__,r24
 606 03cc E0E0      		ldi r30,lo8(.LC11)
 607 03ce 6E2E      		mov r6,r30
 608 03d0 E0E0      		ldi r30,hi8(.LC11)
 609 03d2 7E2E      		mov r7,r30
 610 03d4 70E0      		ldi r23,lo8(.LC7)
 611 03d6 872E      		mov r8,r23
 612 03d8 70E0      		ldi r23,hi8(.LC7)
 613 03da 972E      		mov r9,r23
 614 03dc 60E0      		ldi r22,lo8(.LC13)
 615 03de A62E      		mov r10,r22
 616 03e0 60E0      		ldi r22,hi8(.LC13)
 617 03e2 B62E      		mov r11,r22
 618 03e4 50E0      		ldi r21,lo8(.LC14)
 619 03e6 C52E      		mov r12,r21
 620 03e8 50E0      		ldi r21,hi8(.LC14)
 621 03ea D52E      		mov r13,r21
 622 03ec 00C0      		rjmp .L59
 623               	.L69:
 624 03ee 8881      		ld r24,Y
 625 03f0 8330      		cpi r24,lo8(3)
 626 03f2 01F0      		breq .L62
 627 03f4 8430      		cpi r24,lo8(4)
 628 03f6 00F4      		brsh .L65
 629 03f8 8230      		cpi r24,lo8(2)
 630 03fa 01F4      		brne .L60
 631 03fc 00C0      		rjmp .L72
 632               	.L65:
 633 03fe 8138      		cpi r24,lo8(-127)
 634 0400 01F0      		breq .L63
 635 0402 8338      		cpi r24,lo8(-125)
 636 0404 01F4      		brne .L60
 637 0406 00C0      		rjmp .L73
 638               	.L62:
 639 0408 6A81      		ldd r22,Y+2
 640 040a 7B81      		ldd r23,Y+3
 641 040c 8C81      		ldd r24,Y+4
 642 040e 9D81      		ldd r25,Y+5
 643 0410 0E94 0000 		call inet_ntoa
 644 0414 9F93      		push r25
 645 0416 8F93      		push r24
 646 0418 7F92      		push r7
 647 041a 6F92      		push r6
 648 041c 00C0      		rjmp .L71
 649               	.L72:
 650 041e B701      		movw r22,r14
 651 0420 80E0      		ldi r24,lo8(.LC12)
 652 0422 90E0      		ldi r25,hi8(.LC12)
 653 0424 0E94 0000 		call fputs
 654 0428 00C0      		rjmp .L66
GAS LISTING C:\Temp/ccR8i10L.s 			page 13


 655               	.L63:
 656 042a 6A81      		ldd r22,Y+2
 657 042c 7B81      		ldd r23,Y+3
 658 042e 8C81      		ldd r24,Y+4
 659 0430 9D81      		ldd r25,Y+5
 660 0432 0E94 0000 		call inet_ntoa
 661 0436 9F93      		push r25
 662 0438 8F93      		push r24
 663 043a BF92      		push r11
 664 043c AF92      		push r10
 665 043e 00C0      		rjmp .L71
 666               	.L73:
 667 0440 6A81      		ldd r22,Y+2
 668 0442 7B81      		ldd r23,Y+3
 669 0444 8C81      		ldd r24,Y+4
 670 0446 9D81      		ldd r25,Y+5
 671 0448 0E94 0000 		call inet_ntoa
 672 044c 9F93      		push r25
 673 044e 8F93      		push r24
 674 0450 DF92      		push r13
 675 0452 CF92      		push r12
 676 0454 00C0      		rjmp .L71
 677               	.L60:
 678 0456 90E0      		ldi r25,lo8(0)
 679 0458 9F93      		push r25
 680 045a 8F93      		push r24
 681 045c 9F92      		push r9
 682 045e 8F92      		push r8
 683               	.L71:
 684 0460 FF92      		push r15
 685 0462 EF92      		push r14
 686 0464 0E94 0000 		call fprintf
 687 0468 8DB7      		in r24,__SP_L__
 688 046a 9EB7      		in r25,__SP_H__
 689 046c 0696      		adiw r24,6
 690 046e 0FB6      		in __tmp_reg__,__SREG__
 691 0470 F894      		cli
 692 0472 9EBF      		out __SP_H__,r25
 693 0474 0FBE      		out __SREG__,__tmp_reg__
 694 0476 8DBF      		out __SP_L__,r24
 695               	.L66:
 696 0478 8981      		ldd r24,Y+1
 697 047a 90E0      		ldi r25,lo8(0)
 698 047c 0817      		cp r16,r24
 699 047e 1907      		cpc r17,r25
 700 0480 00F4      		brsh .L67
 701 0482 B701      		movw r22,r14
 702 0484 80E0      		ldi r24,lo8(.LC8)
 703 0486 90E0      		ldi r25,hi8(.LC8)
 704 0488 0E94 0000 		call fputs
 705 048c 00C0      		rjmp .L70
 706               	.L67:
 707 048e 081B      		sub r16,r24
 708 0490 190B      		sbc r17,r25
 709 0492 C80F      		add r28,r24
 710 0494 D91F      		adc r29,r25
 711               	.L59:
GAS LISTING C:\Temp/ccR8i10L.s 			page 14


 712 0496 0115      		cp r16,__zero_reg__
 713 0498 1105      		cpc r17,__zero_reg__
 714 049a 01F0      		breq .+2
 715 049c 00C0      		rjmp .L69
 716               	.L70:
 717               	/* epilogue start */
 718 049e DF91      		pop r29
 719 04a0 CF91      		pop r28
 720 04a2 1F91      		pop r17
 721 04a4 0F91      		pop r16
 722 04a6 FF90      		pop r15
 723 04a8 EF90      		pop r14
 724 04aa DF90      		pop r13
 725 04ac CF90      		pop r12
 726 04ae BF90      		pop r11
 727 04b0 AF90      		pop r10
 728 04b2 9F90      		pop r9
 729 04b4 8F90      		pop r8
 730 04b6 7F90      		pop r7
 731 04b8 6F90      		pop r6
 732 04ba 0895      		ret
 733               		.size	NutDumpIpcpOption, .-NutDumpIpcpOption
 734               		.data
 735               	.LC15:
 736 009e 5B49 5043 		.string	"[IPCP-%03u(%u)]"
 736      502D 2530 
 736      3375 2825 
 736      7529 5D00 
 737               		.text
 738               	.global	NutDumpIpcp
 739               		.type	NutDumpIpcp, @function
 740               	NutDumpIpcp:
 741 04bc CF92      		push r12
 742 04be DF92      		push r13
 743 04c0 EF92      		push r14
 744 04c2 FF92      		push r15
 745 04c4 0F93      		push r16
 746 04c6 1F93      		push r17
 747 04c8 CF93      		push r28
 748 04ca DF93      		push r29
 749               	/* prologue: function */
 750               	/* frame size = 0 */
 751 04cc 8C01      		movw r16,r24
 752 04ce 6B01      		movw r12,r22
 753 04d0 FB01      		movw r30,r22
 754 04d2 E184      		ldd r14,Z+9
 755 04d4 F284      		ldd r15,Z+10
 756 04d6 E114      		cp r14,__zero_reg__
 757 04d8 F104      		cpc r15,__zero_reg__
 758 04da 01F0      		breq .L75
 759 04dc C781      		ldd r28,Z+7
 760 04de D085      		ldd r29,Z+8
 761 04e0 00C0      		rjmp .L76
 762               	.L75:
 763 04e2 8091 0000 		lds r24,ppp_header_sz
 764 04e6 90E0      		ldi r25,lo8(0)
 765 04e8 FB01      		movw r30,r22
GAS LISTING C:\Temp/ccR8i10L.s 			page 15


 766 04ea E580      		ldd r14,Z+5
 767 04ec F680      		ldd r15,Z+6
 768 04ee E81A      		sub r14,r24
 769 04f0 F90A      		sbc r15,r25
 770 04f2 C381      		ldd r28,Z+3
 771 04f4 D481      		ldd r29,Z+4
 772 04f6 C80F      		add r28,r24
 773 04f8 D91F      		adc r29,r25
 774               	.L76:
 775 04fa 8A81      		ldd r24,Y+2
 776 04fc 9B81      		ldd r25,Y+3
 777               	/* #APP */
 778               	 ;  295 "../../nut/include/sys/types.h" 1
 779 04fe 082E      		mov __tmp_reg__, r24
 780 0500 892F      		mov r24, r25
 781 0502 902D      		mov r25, __tmp_reg__
 782               		
 783               	 ;  0 "" 2
 784               	/* #NOAPP */
 785 0504 9F93      		push r25
 786 0506 8F93      		push r24
 787 0508 8981      		ldd r24,Y+1
 788 050a 90E0      		ldi r25,lo8(0)
 789 050c 9F93      		push r25
 790 050e 8F93      		push r24
 791 0510 80E0      		ldi r24,lo8(.LC15)
 792 0512 90E0      		ldi r25,hi8(.LC15)
 793 0514 9F93      		push r25
 794 0516 8F93      		push r24
 795 0518 1F93      		push r17
 796 051a 0F93      		push r16
 797 051c 0E94 0000 		call fprintf
 798 0520 8DB7      		in r24,__SP_L__
 799 0522 9EB7      		in r25,__SP_H__
 800 0524 0896      		adiw r24,8
 801 0526 0FB6      		in __tmp_reg__,__SREG__
 802 0528 F894      		cli
 803 052a 9EBF      		out __SP_H__,r25
 804 052c 0FBE      		out __SREG__,__tmp_reg__
 805 052e 8DBF      		out __SP_L__,r24
 806 0530 94E0      		ldi r25,lo8(4)
 807 0532 E916      		cp r14,r25
 808 0534 F104      		cpc r15,__zero_reg__
 809 0536 00F4      		brsh .L77
 810 0538 B801      		movw r22,r16
 811 053a 80E0      		ldi r24,lo8(.LC8)
 812 053c 90E0      		ldi r25,hi8(.LC8)
 813 053e 0E94 0000 		call fputs
 814 0542 00C0      		rjmp .L88
 815               	.L77:
 816 0544 8881      		ld r24,Y
 817 0546 8430      		cpi r24,lo8(4)
 818 0548 01F0      		breq .L83
 819 054a 8530      		cpi r24,lo8(5)
 820 054c 00F4      		brsh .L87
 821 054e 8230      		cpi r24,lo8(2)
 822 0550 01F0      		breq .L81
GAS LISTING C:\Temp/ccR8i10L.s 			page 16


 823 0552 8330      		cpi r24,lo8(3)
 824 0554 00F4      		brsh .L82
 825 0556 8130      		cpi r24,lo8(1)
 826 0558 01F4      		brne .L79
 827 055a 00C0      		rjmp .L91
 828               	.L87:
 829 055c 8630      		cpi r24,lo8(6)
 830 055e 01F0      		breq .L85
 831 0560 8630      		cpi r24,lo8(6)
 832 0562 00F0      		brlo .L84
 833 0564 8730      		cpi r24,lo8(7)
 834 0566 01F4      		brne .L79
 835 0568 00C0      		rjmp .L92
 836               	.L91:
 837 056a B801      		movw r22,r16
 838 056c 80E0      		ldi r24,lo8(dbg_confreq)
 839 056e 90E0      		ldi r25,hi8(dbg_confreq)
 840 0570 00C0      		rjmp .L90
 841               	.L81:
 842 0572 B801      		movw r22,r16
 843 0574 80E0      		ldi r24,lo8(dbg_confack)
 844 0576 90E0      		ldi r25,hi8(dbg_confack)
 845               	.L90:
 846 0578 0E94 0000 		call fputs_P
 847 057c B601      		movw r22,r12
 848 057e C801      		movw r24,r16
 849 0580 0E94 0000 		call NutDumpIpcpOption
 850 0584 00C0      		rjmp .L88
 851               	.L82:
 852 0586 B801      		movw r22,r16
 853 0588 80E0      		ldi r24,lo8(dbg_confnak)
 854 058a 90E0      		ldi r25,hi8(dbg_confnak)
 855 058c 00C0      		rjmp .L90
 856               	.L83:
 857 058e B801      		movw r22,r16
 858 0590 80E0      		ldi r24,lo8(dbg_confrej)
 859 0592 90E0      		ldi r25,hi8(dbg_confrej)
 860 0594 00C0      		rjmp .L90
 861               	.L84:
 862 0596 B801      		movw r22,r16
 863 0598 80E0      		ldi r24,lo8(dbg_termreq)
 864 059a 90E0      		ldi r25,hi8(dbg_termreq)
 865 059c 00C0      		rjmp .L89
 866               	.L85:
 867 059e B801      		movw r22,r16
 868 05a0 80E0      		ldi r24,lo8(dbg_termack)
 869 05a2 90E0      		ldi r25,hi8(dbg_termack)
 870 05a4 00C0      		rjmp .L89
 871               	.L92:
 872 05a6 B801      		movw r22,r16
 873 05a8 80E0      		ldi r24,lo8(dbg_coderej)
 874 05aa 90E0      		ldi r25,hi8(dbg_coderej)
 875               	.L89:
 876 05ac 0E94 0000 		call fputs_P
 877 05b0 00C0      		rjmp .L88
 878               	.L79:
 879 05b2 90E0      		ldi r25,lo8(0)
GAS LISTING C:\Temp/ccR8i10L.s 			page 17


 880 05b4 9F93      		push r25
 881 05b6 8F93      		push r24
 882 05b8 80E0      		ldi r24,lo8(.LC10)
 883 05ba 90E0      		ldi r25,hi8(.LC10)
 884 05bc 9F93      		push r25
 885 05be 8F93      		push r24
 886 05c0 1F93      		push r17
 887 05c2 0F93      		push r16
 888 05c4 0E94 0000 		call fprintf
 889 05c8 EDB7      		in r30,__SP_L__
 890 05ca FEB7      		in r31,__SP_H__
 891 05cc 3696      		adiw r30,6
 892 05ce 0FB6      		in __tmp_reg__,__SREG__
 893 05d0 F894      		cli
 894 05d2 FEBF      		out __SP_H__,r31
 895 05d4 0FBE      		out __SREG__,__tmp_reg__
 896 05d6 EDBF      		out __SP_L__,r30
 897               	.L88:
 898               	/* epilogue start */
 899 05d8 DF91      		pop r29
 900 05da CF91      		pop r28
 901 05dc 1F91      		pop r17
 902 05de 0F91      		pop r16
 903 05e0 FF90      		pop r15
 904 05e2 EF90      		pop r14
 905 05e4 DF90      		pop r13
 906 05e6 CF90      		pop r12
 907 05e8 0895      		ret
 908               		.size	NutDumpIpcp, .-NutDumpIpcp
 909               	.global	NutDumpPapOption
 910               		.type	NutDumpPapOption, @function
 911               	NutDumpPapOption:
 912 05ea CF92      		push r12
 913 05ec DF92      		push r13
 914 05ee FF92      		push r15
 915 05f0 0F93      		push r16
 916 05f2 1F93      		push r17
 917 05f4 CF93      		push r28
 918 05f6 DF93      		push r29
 919               	/* prologue: function */
 920               	/* frame size = 0 */
 921 05f8 6C01      		movw r12,r24
 922 05fa FB01      		movw r30,r22
 923 05fc C189      		ldd r28,Z+17
 924 05fe D289      		ldd r29,Z+18
 925 0600 2097      		sbiw r28,0
 926 0602 01F0      		breq .L94
 927 0604 0785      		ldd r16,Z+15
 928 0606 1089      		ldd r17,Z+16
 929 0608 00C0      		rjmp .L95
 930               	.L94:
 931 060a 8091 0000 		lds r24,ppp_header_sz
 932 060e 90E0      		ldi r25,lo8(0)
 933 0610 C581      		ldd r28,Z+5
 934 0612 D681      		ldd r29,Z+6
 935 0614 C81B      		sub r28,r24
 936 0616 D90B      		sbc r29,r25
GAS LISTING C:\Temp/ccR8i10L.s 			page 18


 937 0618 2497      		sbiw r28,4
 938 061a 0496      		adiw r24,4
 939 061c 0381      		ldd r16,Z+3
 940 061e 1481      		ldd r17,Z+4
 941 0620 080F      		add r16,r24
 942 0622 191F      		adc r17,r25
 943               	.L95:
 944 0624 DF93      		push r29
 945 0626 CF93      		push r28
 946 0628 80E0      		ldi r24,lo8(.LC0)
 947 062a 90E0      		ldi r25,hi8(.LC0)
 948 062c 9F93      		push r25
 949 062e 8F93      		push r24
 950 0630 DF92      		push r13
 951 0632 CF92      		push r12
 952 0634 0E94 0000 		call fprintf
 953 0638 8DB7      		in r24,__SP_L__
 954 063a 9EB7      		in r25,__SP_H__
 955 063c 0696      		adiw r24,6
 956 063e 0FB6      		in __tmp_reg__,__SREG__
 957 0640 F894      		cli
 958 0642 9EBF      		out __SP_H__,r25
 959 0644 0FBE      		out __SREG__,__tmp_reg__
 960 0646 8DBF      		out __SP_L__,r24
 961 0648 00C0      		rjmp .L96
 962               	.L102:
 963 064a D801      		movw r26,r16
 964 064c 8C91      		ld r24,X
 965 064e 8823      		tst r24
 966 0650 01F0      		breq .L97
 967 0652 B601      		movw r22,r12
 968 0654 8BE5      		ldi r24,lo8(91)
 969 0656 90E0      		ldi r25,hi8(91)
 970 0658 0E94 0000 		call fputc
 971 065c FF24      		clr r15
 972 065e F394      		inc r15
 973 0660 00C0      		rjmp .L98
 974               	.L99:
 975 0662 E00F      		add r30,r16
 976 0664 F11F      		adc r31,r17
 977 0666 8081      		ld r24,Z
 978 0668 B601      		movw r22,r12
 979 066a 9927      		clr r25
 980 066c 87FD      		sbrc r24,7
 981 066e 9095      		com r25
 982 0670 0E94 0000 		call fputc
 983 0674 F394      		inc r15
 984               	.L98:
 985 0676 EF2D      		mov r30,r15
 986 0678 F0E0      		ldi r31,lo8(0)
 987 067a D801      		movw r26,r16
 988 067c 8C91      		ld r24,X
 989 067e 9927      		clr r25
 990 0680 87FD      		sbrc r24,7
 991 0682 9095      		com r25
 992 0684 8E17      		cp r24,r30
 993 0686 9F07      		cpc r25,r31
GAS LISTING C:\Temp/ccR8i10L.s 			page 19


 994 0688 04F4      		brge .L99
 995 068a B601      		movw r22,r12
 996 068c 8DE5      		ldi r24,lo8(93)
 997 068e 90E0      		ldi r25,hi8(93)
 998 0690 0E94 0000 		call fputc
 999               	.L97:
 1000 0694 F801      		movw r30,r16
 1001 0696 8081      		ld r24,Z
 1002 0698 9927      		clr r25
 1003 069a 87FD      		sbrc r24,7
 1004 069c 9095      		com r25
 1005 069e 9C01      		movw r18,r24
 1006 06a0 2F5F      		subi r18,lo8(-(1))
 1007 06a2 3F4F      		sbci r19,hi8(-(1))
 1008 06a4 C217      		cp r28,r18
 1009 06a6 D307      		cpc r29,r19
 1010 06a8 00F4      		brsh .L100
 1011 06aa B601      		movw r22,r12
 1012 06ac 80E0      		ldi r24,lo8(.LC8)
 1013 06ae 90E0      		ldi r25,hi8(.LC8)
 1014 06b0 0E94 0000 		call fputs
 1015 06b4 00C0      		rjmp .L103
 1016               	.L100:
 1017 06b6 8095      		com r24
 1018 06b8 9095      		com r25
 1019 06ba C80F      		add r28,r24
 1020 06bc D91F      		adc r29,r25
 1021 06be 020F      		add r16,r18
 1022 06c0 131F      		adc r17,r19
 1023               	.L96:
 1024 06c2 2097      		sbiw r28,0
 1025 06c4 01F4      		brne .L102
 1026               	.L103:
 1027               	/* epilogue start */
 1028 06c6 DF91      		pop r29
 1029 06c8 CF91      		pop r28
 1030 06ca 1F91      		pop r17
 1031 06cc 0F91      		pop r16
 1032 06ce FF90      		pop r15
 1033 06d0 DF90      		pop r13
 1034 06d2 CF90      		pop r12
 1035 06d4 0895      		ret
 1036               		.size	NutDumpPapOption, .-NutDumpPapOption
 1037               		.data
 1038               	.LC16:
 1039 00ae 5B50 4150 		.string	"[PAP-%03u(%u)]"
 1039      2D25 3033 
 1039      7528 2575 
 1039      295D 00
 1040               		.text
 1041               	.global	NutDumpPap
 1042               		.type	NutDumpPap, @function
 1043               	NutDumpPap:
 1044 06d6 CF92      		push r12
 1045 06d8 DF92      		push r13
 1046 06da EF92      		push r14
 1047 06dc FF92      		push r15
GAS LISTING C:\Temp/ccR8i10L.s 			page 20


 1048 06de 0F93      		push r16
 1049 06e0 1F93      		push r17
 1050 06e2 CF93      		push r28
 1051 06e4 DF93      		push r29
 1052               	/* prologue: function */
 1053               	/* frame size = 0 */
 1054 06e6 7C01      		movw r14,r24
 1055 06e8 6B01      		movw r12,r22
 1056 06ea FB01      		movw r30,r22
 1057 06ec 0185      		ldd r16,Z+9
 1058 06ee 1285      		ldd r17,Z+10
 1059 06f0 0115      		cp r16,__zero_reg__
 1060 06f2 1105      		cpc r17,__zero_reg__
 1061 06f4 01F0      		breq .L105
 1062 06f6 C781      		ldd r28,Z+7
 1063 06f8 D085      		ldd r29,Z+8
 1064 06fa 00C0      		rjmp .L106
 1065               	.L105:
 1066 06fc 8091 0000 		lds r24,ppp_header_sz
 1067 0700 90E0      		ldi r25,lo8(0)
 1068 0702 FB01      		movw r30,r22
 1069 0704 0581      		ldd r16,Z+5
 1070 0706 1681      		ldd r17,Z+6
 1071 0708 081B      		sub r16,r24
 1072 070a 190B      		sbc r17,r25
 1073 070c C381      		ldd r28,Z+3
 1074 070e D481      		ldd r29,Z+4
 1075 0710 C80F      		add r28,r24
 1076 0712 D91F      		adc r29,r25
 1077               	.L106:
 1078 0714 8A81      		ldd r24,Y+2
 1079 0716 9B81      		ldd r25,Y+3
 1080               	/* #APP */
 1081               	 ;  295 "../../nut/include/sys/types.h" 1
 1082 0718 082E      		mov __tmp_reg__, r24
 1083 071a 892F      		mov r24, r25
 1084 071c 902D      		mov r25, __tmp_reg__
 1085               		
 1086               	 ;  0 "" 2
 1087               	/* #NOAPP */
 1088 071e 9F93      		push r25
 1089 0720 8F93      		push r24
 1090 0722 8981      		ldd r24,Y+1
 1091 0724 90E0      		ldi r25,lo8(0)
 1092 0726 9F93      		push r25
 1093 0728 8F93      		push r24
 1094 072a 80E0      		ldi r24,lo8(.LC16)
 1095 072c 90E0      		ldi r25,hi8(.LC16)
 1096 072e 9F93      		push r25
 1097 0730 8F93      		push r24
 1098 0732 FF92      		push r15
 1099 0734 EF92      		push r14
 1100 0736 0E94 0000 		call fprintf
 1101 073a 8DB7      		in r24,__SP_L__
 1102 073c 9EB7      		in r25,__SP_H__
 1103 073e 0896      		adiw r24,8
 1104 0740 0FB6      		in __tmp_reg__,__SREG__
GAS LISTING C:\Temp/ccR8i10L.s 			page 21


 1105 0742 F894      		cli
 1106 0744 9EBF      		out __SP_H__,r25
 1107 0746 0FBE      		out __SREG__,__tmp_reg__
 1108 0748 8DBF      		out __SP_L__,r24
 1109 074a 0430      		cpi r16,4
 1110 074c 1105      		cpc r17,__zero_reg__
 1111 074e 00F4      		brsh .L107
 1112 0750 B701      		movw r22,r14
 1113 0752 80E0      		ldi r24,lo8(.LC8)
 1114 0754 90E0      		ldi r25,hi8(.LC8)
 1115 0756 0E94 0000 		call fputs
 1116 075a 00C0      		rjmp .L113
 1117               	.L107:
 1118 075c 8881      		ld r24,Y
 1119 075e 8230      		cpi r24,lo8(2)
 1120 0760 01F0      		breq .L111
 1121 0762 8330      		cpi r24,lo8(3)
 1122 0764 01F0      		breq .L112
 1123 0766 8130      		cpi r24,lo8(1)
 1124 0768 01F4      		brne .L114
 1125 076a B701      		movw r22,r14
 1126 076c 80E0      		ldi r24,lo8(dbg_confreq)
 1127 076e 90E0      		ldi r25,hi8(dbg_confreq)
 1128 0770 0E94 0000 		call fputs_P
 1129 0774 B601      		movw r22,r12
 1130 0776 C701      		movw r24,r14
 1131 0778 0E94 0000 		call NutDumpPapOption
 1132 077c 00C0      		rjmp .L113
 1133               	.L111:
 1134 077e B701      		movw r22,r14
 1135 0780 80E0      		ldi r24,lo8(dbg_confack)
 1136 0782 90E0      		ldi r25,hi8(dbg_confack)
 1137 0784 00C0      		rjmp .L115
 1138               	.L112:
 1139 0786 B701      		movw r22,r14
 1140 0788 80E0      		ldi r24,lo8(dbg_confnak)
 1141 078a 90E0      		ldi r25,hi8(dbg_confnak)
 1142               	.L115:
 1143 078c 0E94 0000 		call fputs_P
 1144 0790 00C0      		rjmp .L113
 1145               	.L114:
 1146 0792 90E0      		ldi r25,lo8(0)
 1147 0794 9F93      		push r25
 1148 0796 8F93      		push r24
 1149 0798 80E0      		ldi r24,lo8(.LC10)
 1150 079a 90E0      		ldi r25,hi8(.LC10)
 1151 079c 9F93      		push r25
 1152 079e 8F93      		push r24
 1153 07a0 FF92      		push r15
 1154 07a2 EF92      		push r14
 1155 07a4 0E94 0000 		call fprintf
 1156 07a8 EDB7      		in r30,__SP_L__
 1157 07aa FEB7      		in r31,__SP_H__
 1158 07ac 3696      		adiw r30,6
 1159 07ae 0FB6      		in __tmp_reg__,__SREG__
 1160 07b0 F894      		cli
 1161 07b2 FEBF      		out __SP_H__,r31
GAS LISTING C:\Temp/ccR8i10L.s 			page 22


 1162 07b4 0FBE      		out __SREG__,__tmp_reg__
 1163 07b6 EDBF      		out __SP_L__,r30
 1164               	.L113:
 1165               	/* epilogue start */
 1166 07b8 DF91      		pop r29
 1167 07ba CF91      		pop r28
 1168 07bc 1F91      		pop r17
 1169 07be 0F91      		pop r16
 1170 07c0 FF90      		pop r15
 1171 07c2 EF90      		pop r14
 1172 07c4 DF90      		pop r13
 1173 07c6 CF90      		pop r12
 1174 07c8 0895      		ret
 1175               		.size	NutDumpPap, .-NutDumpPap
 1176               		.data
 1177               	.LC17:
 1178 00bd 2825 7529 		.string	"(%u)"
 1178      00
 1179               	.LC18:
 1180 00c2 5B54 5950 		.string	"[TYPE 0x%04X?]"
 1180      4520 3078 
 1180      2530 3458 
 1180      3F5D 00
 1181               		.text
 1182               	.global	NutDumpPpp
 1183               		.type	NutDumpPpp, @function
 1184               	NutDumpPpp:
 1185 07ca EF92      		push r14
 1186 07cc FF92      		push r15
 1187 07ce 0F93      		push r16
 1188 07d0 1F93      		push r17
 1189 07d2 CF93      		push r28
 1190 07d4 DF93      		push r29
 1191               	/* prologue: function */
 1192               	/* frame size = 0 */
 1193 07d6 8C01      		movw r16,r24
 1194 07d8 EB01      		movw r28,r22
 1195 07da EB80      		ldd r14,Y+3
 1196 07dc FC80      		ldd r15,Y+4
 1197 07de 8985      		ldd r24,Y+9
 1198 07e0 9A85      		ldd r25,Y+10
 1199 07e2 2D81      		ldd r18,Y+5
 1200 07e4 3E81      		ldd r19,Y+6
 1201 07e6 820F      		add r24,r18
 1202 07e8 931F      		adc r25,r19
 1203 07ea 2D85      		ldd r18,Y+13
 1204 07ec 3E85      		ldd r19,Y+14
 1205 07ee 820F      		add r24,r18
 1206 07f0 931F      		adc r25,r19
 1207 07f2 2989      		ldd r18,Y+17
 1208 07f4 3A89      		ldd r19,Y+18
 1209 07f6 820F      		add r24,r18
 1210 07f8 931F      		adc r25,r19
 1211 07fa 9F93      		push r25
 1212 07fc 8F93      		push r24
 1213 07fe 80E0      		ldi r24,lo8(.LC17)
 1214 0800 90E0      		ldi r25,hi8(.LC17)
GAS LISTING C:\Temp/ccR8i10L.s 			page 23


 1215 0802 9F93      		push r25
 1216 0804 8F93      		push r24
 1217 0806 1F93      		push r17
 1218 0808 0F93      		push r16
 1219 080a 0E94 0000 		call fprintf
 1220 080e 8DB7      		in r24,__SP_L__
 1221 0810 9EB7      		in r25,__SP_H__
 1222 0812 0696      		adiw r24,6
 1223 0814 0FB6      		in __tmp_reg__,__SREG__
 1224 0816 F894      		cli
 1225 0818 9EBF      		out __SP_H__,r25
 1226 081a 0FBE      		out __SREG__,__tmp_reg__
 1227 081c 8DBF      		out __SP_L__,r24
 1228 081e F701      		movw r30,r14
 1229 0820 8081      		ld r24,Z
 1230 0822 8F3F      		cpi r24,lo8(-1)
 1231 0824 01F0      		breq .L117
 1232 0826 EB81      		ldd r30,Y+3
 1233 0828 FC81      		ldd r31,Y+4
 1234 082a 8081      		ld r24,Z
 1235 082c 282F      		mov r18,r24
 1236 082e 80FF      		sbrs r24,0
 1237 0830 00C0      		rjmp .L118
 1238 0832 81E0      		ldi r24,lo8(1)
 1239 0834 8093 0000 		sts ppp_header_sz,r24
 1240 0838 822F      		mov r24,r18
 1241 083a 90E0      		ldi r25,lo8(0)
 1242 083c AC01      		movw r20,r24
 1243 083e 00C0      		rjmp .L119
 1244               	.L118:
 1245 0840 82E0      		ldi r24,lo8(2)
 1246 0842 8093 0000 		sts ppp_header_sz,r24
 1247 0846 8181      		ldd r24,Z+1
 1248 0848 482F      		mov r20,r24
 1249 084a 5527      		clr r21
 1250 084c 47FD      		sbrc r20,7
 1251 084e 5095      		com r21
 1252 0850 8081      		ld r24,Z
 1253 0852 9927      		clr r25
 1254 0854 87FD      		sbrc r24,7
 1255 0856 9095      		com r25
 1256 0858 982F      		mov r25,r24
 1257 085a 8827      		clr r24
 1258 085c 482B      		or r20,r24
 1259 085e 592B      		or r21,r25
 1260 0860 00C0      		rjmp .L128
 1261               	.L117:
 1262 0862 84E0      		ldi r24,lo8(4)
 1263 0864 8093 0000 		sts ppp_header_sz,r24
 1264 0868 F701      		movw r30,r14
 1265 086a 4281      		ldd r20,Z+2
 1266 086c 5381      		ldd r21,Z+3
 1267               	.L128:
 1268               	/* #APP */
 1269               	 ;  295 "../../nut/include/sys/types.h" 1
 1270 086e 042E      		mov __tmp_reg__, r20
 1271 0870 452F      		mov r20, r21
GAS LISTING C:\Temp/ccR8i10L.s 			page 24


 1272 0872 502D      		mov r21, __tmp_reg__
 1273               		
 1274               	 ;  0 "" 2
 1275               	/* #NOAPP */
 1276               	.L119:
 1277 0874 8091 0000 		lds r24,ppp_header_sz
 1278 0878 90E0      		ldi r25,lo8(0)
 1279 087a 2D81      		ldd r18,Y+5
 1280 087c 3E81      		ldd r19,Y+6
 1281 087e 2817      		cp r18,r24
 1282 0880 3907      		cpc r19,r25
 1283 0882 04F4      		brge .L120
 1284 0884 B801      		movw r22,r16
 1285 0886 80E0      		ldi r24,lo8(.LC8)
 1286 0888 90E0      		ldi r25,hi8(.LC8)
 1287 088a 0E94 0000 		call fputs
 1288 088e 00C0      		rjmp .L127
 1289               	.L120:
 1290 0890 F0E8      		ldi r31,hi8(-32735)
 1291 0892 4132      		cpi r20,lo8(-32735)
 1292 0894 5F07      		cpc r21,r31
 1293 0896 01F0      		breq .L123
 1294 0898 80E8      		ldi r24,hi8(-32734)
 1295 089a 4232      		cpi r20,lo8(-32734)
 1296 089c 5807      		cpc r21,r24
 1297 089e 00F4      		brsh .L126
 1298 08a0 4132      		cpi r20,33
 1299 08a2 5105      		cpc r21,__zero_reg__
 1300 08a4 01F4      		brne .L122
 1301 08a6 00C0      		rjmp .L127
 1302               	.L126:
 1303 08a8 90EC      		ldi r25,hi8(-16351)
 1304 08aa 4132      		cpi r20,lo8(-16351)
 1305 08ac 5907      		cpc r21,r25
 1306 08ae 01F0      		breq .L124
 1307 08b0 4352      		subi r20,lo8(-16349)
 1308 08b2 504C      		sbci r21,hi8(-16349)
 1309 08b4 01F4      		brne .L122
 1310 08b6 00C0      		rjmp .L129
 1311               	.L124:
 1312 08b8 BE01      		movw r22,r28
 1313 08ba C801      		movw r24,r16
 1314 08bc 0E94 0000 		call NutDumpLcp
 1315 08c0 00C0      		rjmp .L127
 1316               	.L123:
 1317 08c2 BE01      		movw r22,r28
 1318 08c4 C801      		movw r24,r16
 1319 08c6 0E94 0000 		call NutDumpIpcp
 1320 08ca 00C0      		rjmp .L127
 1321               	.L129:
 1322 08cc BE01      		movw r22,r28
 1323 08ce C801      		movw r24,r16
 1324 08d0 0E94 0000 		call NutDumpPap
 1325 08d4 00C0      		rjmp .L127
 1326               	.L122:
 1327 08d6 F701      		movw r30,r14
 1328 08d8 8281      		ldd r24,Z+2
GAS LISTING C:\Temp/ccR8i10L.s 			page 25


 1329 08da 9381      		ldd r25,Z+3
 1330               	/* #APP */
 1331               	 ;  295 "../../nut/include/sys/types.h" 1
 1332 08dc 082E      		mov __tmp_reg__, r24
 1333 08de 892F      		mov r24, r25
 1334 08e0 902D      		mov r25, __tmp_reg__
 1335               		
 1336               	 ;  0 "" 2
 1337               	/* #NOAPP */
 1338 08e2 9F93      		push r25
 1339 08e4 8F93      		push r24
 1340 08e6 80E0      		ldi r24,lo8(.LC18)
 1341 08e8 90E0      		ldi r25,hi8(.LC18)
 1342 08ea 9F93      		push r25
 1343 08ec 8F93      		push r24
 1344 08ee 1F93      		push r17
 1345 08f0 0F93      		push r16
 1346 08f2 0E94 0000 		call fprintf
 1347 08f6 8DB7      		in r24,__SP_L__
 1348 08f8 9EB7      		in r25,__SP_H__
 1349 08fa 0696      		adiw r24,6
 1350 08fc 0FB6      		in __tmp_reg__,__SREG__
 1351 08fe F894      		cli
 1352 0900 9EBF      		out __SP_H__,r25
 1353 0902 0FBE      		out __SREG__,__tmp_reg__
 1354 0904 8DBF      		out __SP_L__,r24
 1355               	.L127:
 1356               	/* epilogue start */
 1357 0906 DF91      		pop r29
 1358 0908 CF91      		pop r28
 1359 090a 1F91      		pop r17
 1360 090c 0F91      		pop r16
 1361 090e FF90      		pop r15
 1362 0910 EF90      		pop r14
 1363 0912 0895      		ret
 1364               		.size	NutDumpPpp, .-NutDumpPpp
 1365               		.section	.progmem.data,"a",@progbits
 1366               		.type	dbg_confreq, @object
 1367               		.size	dbg_confreq, 10
 1368               	dbg_confreq:
 1369 0000 5B43 4F4E 		.string	"[CONFREQ]"
 1369      4652 4551 
 1369      5D00 
 1370               		.type	dbg_confack, @object
 1371               		.size	dbg_confack, 10
 1372               	dbg_confack:
 1373 000a 5B43 4F4E 		.string	"[CONFACK]"
 1373      4641 434B 
 1373      5D00 
 1374               		.type	dbg_confnak, @object
 1375               		.size	dbg_confnak, 10
 1376               	dbg_confnak:
 1377 0014 5B43 4F4E 		.string	"[CONFNAK]"
 1377      464E 414B 
 1377      5D00 
 1378               		.type	dbg_confrej, @object
 1379               		.size	dbg_confrej, 10
GAS LISTING C:\Temp/ccR8i10L.s 			page 26


 1380               	dbg_confrej:
 1381 001e 5B43 4F4E 		.string	"[CONFREJ]"
 1381      4652 454A 
 1381      5D00 
 1382               		.type	dbg_termreq, @object
 1383               		.size	dbg_termreq, 10
 1384               	dbg_termreq:
 1385 0028 5B54 4552 		.string	"[TERMREQ]"
 1385      4D52 4551 
 1385      5D00 
 1386               		.type	dbg_termack, @object
 1387               		.size	dbg_termack, 10
 1388               	dbg_termack:
 1389 0032 5B54 4552 		.string	"[TERMACK]"
 1389      4D41 434B 
 1389      5D00 
 1390               		.type	dbg_coderej, @object
 1391               		.size	dbg_coderej, 10
 1392               	dbg_coderej:
 1393 003c 5B43 4F44 		.string	"[CODEREJ]"
 1393      4552 454A 
 1393      5D00 
 1394               		.type	dbg_protrej, @object
 1395               		.size	dbg_protrej, 10
 1396               	dbg_protrej:
 1397 0046 5B50 524F 		.string	"[PROTREJ]"
 1397      5452 454A 
 1397      5D00 
 1398               		.type	dbg_echoreq, @object
 1399               		.size	dbg_echoreq, 10
 1400               	dbg_echoreq:
 1401 0050 5B45 4348 		.string	"[ECHOREQ]"
 1401      4F52 4551 
 1401      5D00 
 1402               		.type	dbg_echorsp, @object
 1403               		.size	dbg_echorsp, 10
 1404               	dbg_echorsp:
 1405 005a 5B45 4348 		.string	"[ECHORSP]"
 1405      4F52 5350 
 1405      5D00 
 1406               		.type	dbg_discreq, @object
 1407               		.size	dbg_discreq, 10
 1408               	dbg_discreq:
 1409 0064 5B44 4953 		.string	"[DISCREQ]"
 1409      4352 4551 
 1409      5D00 
 1410               		.lcomm ppp_header_sz,1
 1411               		.comm __ppp_trs,2,1
 1412               		.comm __ppp_trf,1,1
GAS LISTING C:\Temp/ccR8i10L.s 			page 27


DEFINED SYMBOLS
                            *ABS*:00000000 pppdebug.c
  C:\Temp/ccR8i10L.s:2      *ABS*:0000003f __SREG__
  C:\Temp/ccR8i10L.s:3      *ABS*:0000003e __SP_H__
  C:\Temp/ccR8i10L.s:4      *ABS*:0000003d __SP_L__
  C:\Temp/ccR8i10L.s:5      *ABS*:00000034 __CCP__
  C:\Temp/ccR8i10L.s:6      *ABS*:00000000 __tmp_reg__
  C:\Temp/ccR8i10L.s:7      *ABS*:00000001 __zero_reg__
  C:\Temp/ccR8i10L.s:13     .text:00000000 NutTracePPP
                            *COM*:00000002 __ppp_trs
                            *COM*:00000001 __ppp_trf
  C:\Temp/ccR8i10L.s:53     .text:00000024 NutDumpLcpOption
                             .bss:00000000 ppp_header_sz
  C:\Temp/ccR8i10L.s:323    .text:000001e4 NutDumpLcp
  C:\Temp/ccR8i10L.s:1368   .progmem.data:00000000 dbg_confreq
  C:\Temp/ccR8i10L.s:1372   .progmem.data:0000000a dbg_confack
  C:\Temp/ccR8i10L.s:1376   .progmem.data:00000014 dbg_confnak
  C:\Temp/ccR8i10L.s:1380   .progmem.data:0000001e dbg_confrej
  C:\Temp/ccR8i10L.s:1384   .progmem.data:00000028 dbg_termreq
  C:\Temp/ccR8i10L.s:1388   .progmem.data:00000032 dbg_termack
  C:\Temp/ccR8i10L.s:1392   .progmem.data:0000003c dbg_coderej
  C:\Temp/ccR8i10L.s:1396   .progmem.data:00000046 dbg_protrej
  C:\Temp/ccR8i10L.s:1400   .progmem.data:00000050 dbg_echoreq
  C:\Temp/ccR8i10L.s:1404   .progmem.data:0000005a dbg_echorsp
  C:\Temp/ccR8i10L.s:1408   .progmem.data:00000064 dbg_discreq
  C:\Temp/ccR8i10L.s:547    .text:0000035c NutDumpIpcpOption
  C:\Temp/ccR8i10L.s:740    .text:000004bc NutDumpIpcp
  C:\Temp/ccR8i10L.s:911    .text:000005ea NutDumpPapOption
  C:\Temp/ccR8i10L.s:1043   .text:000006d6 NutDumpPap
  C:\Temp/ccR8i10L.s:1184   .text:000007ca NutDumpPpp

UNDEFINED SYMBOLS
__do_copy_data
__do_clear_bss
fprintf
fputs
fputs_P
inet_ntoa
fputc
