GAS LISTING C:\Temp/cc25kE3a.s 			page 1


   1               		.file	"udpout.c"
   2               	__SREG__ = 0x3f
   3               	__SP_H__ = 0x3e
   4               	__SP_L__ = 0x3d
   5               	__CCP__  = 0x34
   6               	__tmp_reg__ = 0
   7               	__zero_reg__ = 1
   8               		.global __do_copy_data
   9               		.global __do_clear_bss
  10               		.text
  11               	.global	NutUdpOutput
  12               		.type	NutUdpOutput, @function
  13               	NutUdpOutput:
  14 0000 4F92      		push r4
  15 0002 5F92      		push r5
  16 0004 6F92      		push r6
  17 0006 7F92      		push r7
  18 0008 8F92      		push r8
  19 000a 9F92      		push r9
  20 000c AF92      		push r10
  21 000e BF92      		push r11
  22 0010 CF92      		push r12
  23 0012 DF92      		push r13
  24 0014 EF92      		push r14
  25 0016 FF92      		push r15
  26 0018 0F93      		push r16
  27 001a 1F93      		push r17
  28 001c DF93      		push r29
  29 001e CF93      		push r28
  30 0020 00D0      		rcall .
  31 0022 00D0      		rcall .
  32 0024 CDB7      		in r28,__SP_L__
  33 0026 DEB7      		in r29,__SP_H__
  34               	/* prologue: function */
  35               	/* frame size = 4 */
  36 0028 2C01      		movw r4,r24
  37 002a 3A01      		movw r6,r20
  38 002c 4B01      		movw r8,r22
  39 002e 7901      		movw r14,r18
  40 0030 C801      		movw r24,r16
  41 0032 48E0      		ldi r20,lo8(8)
  42 0034 50E0      		ldi r21,hi8(8)
  43 0036 60E4      		ldi r22,lo8(64)
  44 0038 0E94 0000 		call NutNetBufAlloc
  45 003c 5C01      		movw r10,r24
  46 003e 0097      		sbiw r24,0
  47 0040 01F4      		brne .L2
  48 0042 2FEF      		ldi r18,lo8(-1)
  49 0044 3FEF      		ldi r19,hi8(-1)
  50 0046 00C0      		rjmp .L3
  51               	.L2:
  52 0048 FC01      		movw r30,r24
  53 004a C384      		ldd r12,Z+11
  54 004c D484      		ldd r13,Z+12
  55 004e F201      		movw r30,r4
  56 0050 8281      		ldd r24,Z+2
  57 0052 9381      		ldd r25,Z+3
GAS LISTING C:\Temp/cc25kE3a.s 			page 2


  58 0054 F601      		movw r30,r12
  59 0056 9183      		std Z+1,r25
  60 0058 8083      		st Z,r24
  61               	/* #APP */
  62               	 ;  295 "../../nut/include/sys/types.h" 1
  63 005a 0E2C      		mov __tmp_reg__, r14
  64 005c EF2C      		mov r14, r15
  65 005e F02C      		mov r15, __tmp_reg__
  66               		
  67               	 ;  0 "" 2
  68               	/* #NOAPP */
  69 0060 F382      		std Z+3,r15
  70 0062 E282      		std Z+2,r14
  71 0064 F501      		movw r30,r10
  72 0066 8189      		ldd r24,Z+17
  73 0068 9289      		ldd r25,Z+18
  74 006a 2585      		ldd r18,Z+13
  75 006c 3685      		ldd r19,Z+14
  76 006e 820F      		add r24,r18
  77 0070 931F      		adc r25,r19
  78               	/* #APP */
  79               	 ;  295 "../../nut/include/sys/types.h" 1
  80 0072 082E      		mov __tmp_reg__, r24
  81 0074 892F      		mov r24, r25
  82 0076 902D      		mov r25, __tmp_reg__
  83               		
  84               	 ;  0 "" 2
  85               	/* #NOAPP */
  86 0078 F601      		movw r30,r12
  87 007a 9583      		std Z+5,r25
  88 007c 8483      		std Z+4,r24
  89 007e AE01      		movw r20,r28
  90 0080 4F5F      		subi r20,lo8(-(1))
  91 0082 5F4F      		sbci r21,hi8(-(1))
  92 0084 C401      		movw r24,r8
  93 0086 B301      		movw r22,r6
  94 0088 0E94 0000 		call NutIpRouteQuery
  95 008c FC01      		movw r30,r24
  96 008e 0097      		sbiw r24,0
  97 0090 01F0      		breq .L4
  98 0092 0784      		ldd __tmp_reg__,Z+15
  99 0094 F089      		ldd r31,Z+16
 100 0096 E02D      		mov r30,__tmp_reg__
 101 0098 8385      		ldd r24,Z+11
 102 009a 9485      		ldd r25,Z+12
 103 009c A585      		ldd r26,Z+13
 104 009e B685      		ldd r27,Z+14
 105 00a0 8983      		std Y+1,r24
 106 00a2 9A83      		std Y+2,r25
 107 00a4 AB83      		std Y+3,r26
 108 00a6 BC83      		std Y+4,r27
 109 00a8 00C0      		rjmp .L5
 110               	.L4:
 111 00aa 1982      		std Y+1,__zero_reg__
 112 00ac 1A82      		std Y+2,__zero_reg__
 113 00ae 1B82      		std Y+3,__zero_reg__
 114 00b0 1C82      		std Y+4,__zero_reg__
GAS LISTING C:\Temp/cc25kE3a.s 			page 3


 115               	.L5:
 116 00b2 F601      		movw r30,r12
 117 00b4 1782      		std Z+7,__zero_reg__
 118 00b6 1682      		std Z+6,__zero_reg__
 119 00b8 E480      		ldd r14,Z+4
 120 00ba F580      		ldd r15,Z+5
 121 00bc 6981      		ldd r22,Y+1
 122 00be 7A81      		ldd r23,Y+2
 123 00c0 8B81      		ldd r24,Y+3
 124 00c2 9C81      		ldd r25,Y+4
 125 00c4 01E1      		ldi r16,lo8(17)
 126 00c6 A401      		movw r20,r8
 127 00c8 9301      		movw r18,r6
 128 00ca 0E94 0000 		call NutIpPseudoChkSumPartial
 129 00ce DC01      		movw r26,r24
 130 00d0 CB01      		movw r24,r22
 131 00d2 48E0      		ldi r20,lo8(8)
 132 00d4 50E0      		ldi r21,hi8(8)
 133 00d6 B601      		movw r22,r12
 134 00d8 0E94 0000 		call NutIpChkSumPartial
 135 00dc F501      		movw r30,r10
 136 00de 4189      		ldd r20,Z+17
 137 00e0 5289      		ldd r21,Z+18
 138 00e2 6785      		ldd r22,Z+15
 139 00e4 7089      		ldd r23,Z+16
 140 00e6 0E94 0000 		call NutIpChkSum
 141 00ea F601      		movw r30,r12
 142 00ec 9783      		std Z+7,r25
 143 00ee 8683      		std Z+6,r24
 144 00f0 9501      		movw r18,r10
 145 00f2 B401      		movw r22,r8
 146 00f4 A301      		movw r20,r6
 147 00f6 81E1      		ldi r24,lo8(17)
 148 00f8 0E94 0000 		call NutIpOutput
 149 00fc 9C01      		movw r18,r24
 150               	.L3:
 151 00fe C901      		movw r24,r18
 152               	/* epilogue start */
 153 0100 0F90      		pop __tmp_reg__
 154 0102 0F90      		pop __tmp_reg__
 155 0104 0F90      		pop __tmp_reg__
 156 0106 0F90      		pop __tmp_reg__
 157 0108 CF91      		pop r28
 158 010a DF91      		pop r29
 159 010c 1F91      		pop r17
 160 010e 0F91      		pop r16
 161 0110 FF90      		pop r15
 162 0112 EF90      		pop r14
 163 0114 DF90      		pop r13
 164 0116 CF90      		pop r12
 165 0118 BF90      		pop r11
 166 011a AF90      		pop r10
 167 011c 9F90      		pop r9
 168 011e 8F90      		pop r8
 169 0120 7F90      		pop r7
 170 0122 6F90      		pop r6
 171 0124 5F90      		pop r5
GAS LISTING C:\Temp/cc25kE3a.s 			page 4


 172 0126 4F90      		pop r4
 173 0128 0895      		ret
 174               		.size	NutUdpOutput, .-NutUdpOutput
GAS LISTING C:\Temp/cc25kE3a.s 			page 5


DEFINED SYMBOLS
                            *ABS*:00000000 udpout.c
  C:\Temp/cc25kE3a.s:2      *ABS*:0000003f __SREG__
  C:\Temp/cc25kE3a.s:3      *ABS*:0000003e __SP_H__
  C:\Temp/cc25kE3a.s:4      *ABS*:0000003d __SP_L__
  C:\Temp/cc25kE3a.s:5      *ABS*:00000034 __CCP__
  C:\Temp/cc25kE3a.s:6      *ABS*:00000000 __tmp_reg__
  C:\Temp/cc25kE3a.s:7      *ABS*:00000001 __zero_reg__
  C:\Temp/cc25kE3a.s:13     .text:00000000 NutUdpOutput

UNDEFINED SYMBOLS
__do_copy_data
__do_clear_bss
NutNetBufAlloc
NutIpRouteQuery
NutIpPseudoChkSumPartial
NutIpChkSumPartial
NutIpChkSum
NutIpOutput
