GAS LISTING C:\Temp/ccrSfVEd.s 			page 1


   1               		.file	"rawfs.c"
   2               	__SREG__ = 0x3f
   3               	__SP_H__ = 0x3e
   4               	__SP_L__ = 0x3d
   5               	__CCP__  = 0x34
   6               	__tmp_reg__ = 0
   7               	__zero_reg__ = 1
   8               		.global __do_copy_data
   9               		.global __do_clear_bss
  10               		.text
  11               		.type	RawFsSectorFlush, @function
  12               	RawFsSectorFlush:
  13 0000 AF92      		push r10
  14 0002 BF92      		push r11
  15 0004 CF92      		push r12
  16 0006 DF92      		push r13
  17 0008 EF92      		push r14
  18 000a FF92      		push r15
  19 000c 0F93      		push r16
  20 000e 1F93      		push r17
  21 0010 DF93      		push r29
  22 0012 CF93      		push r28
  23 0014 00D0      		rcall .
  24 0016 00D0      		rcall .
  25 0018 00D0      		rcall .
  26 001a CDB7      		in r28,__SP_L__
  27 001c DEB7      		in r29,__SP_H__
  28               	/* prologue: function */
  29               	/* frame size = 6 */
  30 001e FC01      		movw r30,r24
  31 0020 A188      		ldd r10,Z+17
  32 0022 B288      		ldd r11,Z+18
  33 0024 D501      		movw r26,r10
  34 0026 5496      		adiw r26,20
  35 0028 8D91      		ld r24,X+
  36 002a 9C91      		ld r25,X
  37 002c 5597      		sbiw r26,20+1
  38 002e 892B      		or r24,r25
  39 0030 01F4      		brne .L2
  40 0032 00E0      		ldi r16,lo8(0)
  41 0034 10E0      		ldi r17,hi8(0)
  42 0036 00C0      		rjmp .L3
  43               	.L2:
  44 0038 C784      		ldd r12,Z+15
  45 003a D088      		ldd r13,Z+16
  46 003c F601      		movw r30,r12
  47 003e E280      		ldd r14,Z+2
  48 0040 F380      		ldd r15,Z+3
  49 0042 DA82      		std Y+2,r13
  50 0044 C982      		std Y+1,r12
  51 0046 F501      		movw r30,r10
  52 0048 8089      		ldd r24,Z+16
  53 004a 9189      		ldd r25,Z+17
  54 004c A289      		ldd r26,Z+18
  55 004e B389      		ldd r27,Z+19
  56 0050 8B83      		std Y+3,r24
  57 0052 9C83      		std Y+4,r25
GAS LISTING C:\Temp/ccrSfVEd.s 			page 2


  58 0054 AD83      		std Y+5,r26
  59 0056 BE83      		std Y+6,r27
  60 0058 D701      		movw r26,r14
  61 005a 5596      		adiw r26,21
  62 005c ED91      		ld r30,X+
  63 005e FC91      		ld r31,X
  64 0060 5697      		sbiw r26,21+1
  65 0062 AE01      		movw r20,r28
  66 0064 4F5F      		subi r20,lo8(-(1))
  67 0066 5F4F      		sbci r21,hi8(-(1))
  68 0068 63E0      		ldi r22,lo8(4611)
  69 006a 72E1      		ldi r23,hi8(4611)
  70 006c C701      		movw r24,r14
  71 006e 0995      		icall
  72 0070 8C01      		movw r16,r24
  73 0072 0097      		sbiw r24,0
  74 0074 01F4      		brne .L3
  75 0076 F501      		movw r30,r10
  76 0078 6685      		ldd r22,Z+14
  77 007a 7785      		ldd r23,Z+15
  78 007c D701      		movw r26,r14
  79 007e 5996      		adiw r26,25
  80 0080 ED91      		ld r30,X+
  81 0082 FC91      		ld r31,X
  82 0084 5A97      		sbiw r26,25+1
  83 0086 41E0      		ldi r20,lo8(1)
  84 0088 50E0      		ldi r21,hi8(1)
  85 008a C601      		movw r24,r12
  86 008c 0995      		icall
  87 008e 0197      		sbiw r24,1
  88 0090 01F0      		breq .L4
  89 0092 0FEF      		ldi r16,lo8(-1)
  90 0094 1FEF      		ldi r17,hi8(-1)
  91 0096 00C0      		rjmp .L3
  92               	.L4:
  93 0098 F501      		movw r30,r10
  94 009a 158A      		std Z+21,__zero_reg__
  95 009c 148A      		std Z+20,__zero_reg__
  96               	.L3:
  97 009e C801      		movw r24,r16
  98               	/* epilogue start */
  99 00a0 2696      		adiw r28,6
 100 00a2 0FB6      		in __tmp_reg__,__SREG__
 101 00a4 F894      		cli
 102 00a6 DEBF      		out __SP_H__,r29
 103 00a8 0FBE      		out __SREG__,__tmp_reg__
 104 00aa CDBF      		out __SP_L__,r28
 105 00ac CF91      		pop r28
 106 00ae DF91      		pop r29
 107 00b0 1F91      		pop r17
 108 00b2 0F91      		pop r16
 109 00b4 FF90      		pop r15
 110 00b6 EF90      		pop r14
 111 00b8 DF90      		pop r13
 112 00ba CF90      		pop r12
 113 00bc BF90      		pop r11
 114 00be AF90      		pop r10
GAS LISTING C:\Temp/ccrSfVEd.s 			page 3


 115 00c0 0895      		ret
 116               		.size	RawFsSectorFlush, .-RawFsSectorFlush
 117               	.global	RawFsFileWrite_P
 118               		.type	RawFsFileWrite_P, @function
 119               	RawFsFileWrite_P:
 120               	/* prologue: function */
 121               	/* frame size = 0 */
 122 00c2 8FEF      		ldi r24,lo8(-1)
 123 00c4 9FEF      		ldi r25,hi8(-1)
 124               	/* epilogue start */
 125 00c6 0895      		ret
 126               		.size	RawFsFileWrite_P, .-RawFsFileWrite_P
 127               		.type	RawFsFileSize, @function
 128               	RawFsFileSize:
 129               	/* prologue: function */
 130               	/* frame size = 0 */
 131 00c8 DC01      		movw r26,r24
 132 00ca 1296      		adiw r26,2
 133 00cc ED91      		ld r30,X+
 134 00ce FC91      		ld r31,X
 135 00d0 1397      		sbiw r26,2+1
 136 00d2 0188      		ldd __tmp_reg__,Z+17
 137 00d4 F289      		ldd r31,Z+18
 138 00d6 E02D      		mov r30,__tmp_reg__
 139 00d8 6485      		ldd r22,Z+12
 140 00da 7585      		ldd r23,Z+13
 141 00dc 80E0      		ldi r24,lo8(0)
 142 00de 90E0      		ldi r25,hi8(0)
 143 00e0 2085      		ldd r18,Z+8
 144 00e2 3185      		ldd r19,Z+9
 145 00e4 4285      		ldd r20,Z+10
 146 00e6 5385      		ldd r21,Z+11
 147 00e8 0E94 0000 		call __mulsi3
 148               	/* epilogue start */
 149 00ec 0895      		ret
 150               		.size	RawFsFileSize, .-RawFsFileSize
 151               		.type	RawFsInit, @function
 152               	RawFsInit:
 153               	/* prologue: function */
 154               	/* frame size = 0 */
 155 00ee 80E0      		ldi r24,lo8(0)
 156 00f0 90E0      		ldi r25,hi8(0)
 157               	/* epilogue start */
 158 00f2 0895      		ret
 159               		.size	RawFsInit, .-RawFsInit
 160               		.type	RawFsApiFileWrite_P, @function
 161               	RawFsApiFileWrite_P:
 162 00f4 0F93      		push r16
 163 00f6 1F93      		push r17
 164               	/* prologue: function */
 165               	/* frame size = 0 */
 166 00f8 DC01      		movw r26,r24
 167 00fa 1296      		adiw r26,2
 168 00fc ED91      		ld r30,X+
 169 00fe FC91      		ld r31,X
 170 0100 1397      		sbiw r26,2+1
 171 0102 0189      		ldd r16,Z+17
GAS LISTING C:\Temp/ccrSfVEd.s 			page 4


 172 0104 1289      		ldd r17,Z+18
 173 0106 0C5F      		subi r16,lo8(-(4))
 174 0108 1F4F      		sbci r17,hi8(-(4))
 175 010a 40E0      		ldi r20,lo8(0)
 176 010c 50E0      		ldi r21,hi8(0)
 177 010e 60E0      		ldi r22,hlo8(0)
 178 0110 70E0      		ldi r23,hhi8(0)
 179 0112 C801      		movw r24,r16
 180 0114 0E94 0000 		call NutEventWait
 181 0118 C801      		movw r24,r16
 182 011a 0E94 0000 		call NutEventPost
 183 011e 8FEF      		ldi r24,lo8(-1)
 184 0120 9FEF      		ldi r25,hi8(-1)
 185               	/* epilogue start */
 186 0122 1F91      		pop r17
 187 0124 0F91      		pop r16
 188 0126 0895      		ret
 189               		.size	RawFsApiFileWrite_P, .-RawFsApiFileWrite_P
 190               		.type	RawFsFileFlush, @function
 191               	RawFsFileFlush:
 192 0128 EF92      		push r14
 193 012a FF92      		push r15
 194 012c 0F93      		push r16
 195 012e 1F93      		push r17
 196               	/* prologue: function */
 197               	/* frame size = 0 */
 198 0130 7C01      		movw r14,r24
 199 0132 DC01      		movw r26,r24
 200 0134 1296      		adiw r26,2
 201 0136 ED91      		ld r30,X+
 202 0138 FC91      		ld r31,X
 203 013a 1397      		sbiw r26,2+1
 204 013c 0189      		ldd r16,Z+17
 205 013e 1289      		ldd r17,Z+18
 206 0140 0A5F      		subi r16,lo8(-(6))
 207 0142 1F4F      		sbci r17,hi8(-(6))
 208 0144 40E0      		ldi r20,lo8(0)
 209 0146 50E0      		ldi r21,hi8(0)
 210 0148 60E0      		ldi r22,hlo8(0)
 211 014a 70E0      		ldi r23,hhi8(0)
 212 014c C801      		movw r24,r16
 213 014e 0E94 0000 		call NutEventWait
 214 0152 F701      		movw r30,r14
 215 0154 8281      		ldd r24,Z+2
 216 0156 9381      		ldd r25,Z+3
 217 0158 0E94 0000 		call RawFsSectorFlush
 218 015c F82E      		mov r15,r24
 219 015e E92E      		mov r14,r25
 220 0160 C801      		movw r24,r16
 221 0162 0E94 0000 		call NutEventPost
 222 0166 8F2D      		mov r24,r15
 223 0168 9E2D      		mov r25,r14
 224               	/* epilogue start */
 225 016a 1F91      		pop r17
 226 016c 0F91      		pop r16
 227 016e FF90      		pop r15
 228 0170 EF90      		pop r14
GAS LISTING C:\Temp/ccrSfVEd.s 			page 5


 229 0172 0895      		ret
 230               		.size	RawFsFileFlush, .-RawFsFileFlush
 231               	.global	RawFsMount
 232               		.type	RawFsMount, @function
 233               	RawFsMount:
 234 0174 CF92      		push r12
 235 0176 DF92      		push r13
 236 0178 EF92      		push r14
 237 017a FF92      		push r15
 238 017c 0F93      		push r16
 239 017e 1F93      		push r17
 240 0180 DF93      		push r29
 241 0182 CF93      		push r28
 242 0184 CDB7      		in r28,__SP_L__
 243 0186 DEB7      		in r29,__SP_H__
 244 0188 2C97      		sbiw r28,12
 245 018a 0FB6      		in __tmp_reg__,__SREG__
 246 018c F894      		cli
 247 018e DEBF      		out __SP_H__,r29
 248 0190 0FBE      		out __SREG__,__tmp_reg__
 249 0192 CDBF      		out __SP_L__,r28
 250               	/* prologue: function */
 251               	/* frame size = 12 */
 252 0194 6C01      		movw r12,r24
 253 0196 7B01      		movw r14,r22
 254 0198 86E1      		ldi r24,lo8(22)
 255 019a 90E0      		ldi r25,hi8(22)
 256 019c 0E94 0000 		call malloc
 257 01a0 FC01      		movw r30,r24
 258 01a2 D601      		movw r26,r12
 259 01a4 5296      		adiw r26,17+1
 260 01a6 9C93      		st X,r25
 261 01a8 8E93      		st -X,r24
 262 01aa 5197      		sbiw r26,17
 263 01ac 0097      		sbiw r24,0
 264 01ae 01F0      		breq .L21
 265               	.L17:
 266 01b0 86E1      		ldi r24,lo8(22)
 267 01b2 DF01      		movw r26,r30
 268 01b4 1D92      		st X+,__zero_reg__
 269 01b6 8A95      	        dec r24
 270 01b8 01F4      		brne .-6
 271 01ba 0E2F      		mov r16,r30
 272 01bc 192F      		mov r17,r25
 273 01be FA82      		std Y+2,r15
 274 01c0 E982      		std Y+1,r14
 275 01c2 D701      		movw r26,r14
 276 01c4 1296      		adiw r26,2
 277 01c6 ED91      		ld r30,X+
 278 01c8 FC91      		ld r31,X
 279 01ca 1397      		sbiw r26,2+1
 280 01cc 2589      		ldd r18,Z+21
 281 01ce 3689      		ldd r19,Z+22
 282 01d0 AE01      		movw r20,r28
 283 01d2 4F5F      		subi r20,lo8(-(1))
 284 01d4 5F4F      		sbci r21,hi8(-(1))
 285 01d6 62E0      		ldi r22,lo8(4610)
GAS LISTING C:\Temp/ccrSfVEd.s 			page 6


 286 01d8 72E1      		ldi r23,hi8(4610)
 287 01da CF01      		movw r24,r30
 288 01dc F901      		movw r30,r18
 289 01de 0995      		icall
 290 01e0 892B      		or r24,r25
 291 01e2 01F0      		breq .L19
 292 01e4 C801      		movw r24,r16
 293 01e6 0E94 0000 		call free
 294 01ea 83E1      		ldi r24,lo8(19)
 295 01ec 90E0      		ldi r25,hi8(19)
 296 01ee 9093 0000 		sts (errno)+1,r25
 297 01f2 8093 0000 		sts errno,r24
 298               	.L21:
 299 01f6 2FEF      		ldi r18,lo8(-1)
 300 01f8 3FEF      		ldi r19,hi8(-1)
 301 01fa 00C0      		rjmp .L18
 302               	.L19:
 303 01fc 8B81      		ldd r24,Y+3
 304 01fe 9C81      		ldd r25,Y+4
 305 0200 AD81      		ldd r26,Y+5
 306 0202 BE81      		ldd r27,Y+6
 307 0204 F801      		movw r30,r16
 308 0206 808B      		std Z+16,r24
 309 0208 918B      		std Z+17,r25
 310 020a A28B      		std Z+18,r26
 311 020c B38B      		std Z+19,r27
 312 020e 8087      		std Z+8,r24
 313 0210 9187      		std Z+9,r25
 314 0212 A287      		std Z+10,r26
 315 0214 B387      		std Z+11,r27
 316 0216 8F81      		ldd r24,Y+7
 317 0218 9885      		ldd r25,Y+8
 318 021a 9587      		std Z+13,r25
 319 021c 8487      		std Z+12,r24
 320 021e 8B85      		ldd r24,Y+11
 321 0220 9C85      		ldd r25,Y+12
 322 0222 9787      		std Z+15,r25
 323 0224 8687      		std Z+14,r24
 324 0226 C801      		movw r24,r16
 325 0228 0496      		adiw r24,4
 326 022a 0E94 0000 		call NutEventPost
 327 022e C801      		movw r24,r16
 328 0230 0696      		adiw r24,6
 329 0232 0E94 0000 		call NutEventPost
 330 0236 D601      		movw r26,r12
 331 0238 5096      		adiw r26,15+1
 332 023a FC92      		st X,r15
 333 023c EE92      		st -X,r14
 334 023e 1F97      		sbiw r26,15
 335 0240 20E0      		ldi r18,lo8(0)
 336 0242 30E0      		ldi r19,hi8(0)
 337               	.L18:
 338 0244 C901      		movw r24,r18
 339               	/* epilogue start */
 340 0246 2C96      		adiw r28,12
 341 0248 0FB6      		in __tmp_reg__,__SREG__
 342 024a F894      		cli
GAS LISTING C:\Temp/ccrSfVEd.s 			page 7


 343 024c DEBF      		out __SP_H__,r29
 344 024e 0FBE      		out __SREG__,__tmp_reg__
 345 0250 CDBF      		out __SP_L__,r28
 346 0252 CF91      		pop r28
 347 0254 DF91      		pop r29
 348 0256 1F91      		pop r17
 349 0258 0F91      		pop r16
 350 025a FF90      		pop r15
 351 025c EF90      		pop r14
 352 025e DF90      		pop r13
 353 0260 CF90      		pop r12
 354 0262 0895      		ret
 355               		.size	RawFsMount, .-RawFsMount
 356               	.global	RawFsUnmount
 357               		.type	RawFsUnmount, @function
 358               	RawFsUnmount:
 359 0264 CF93      		push r28
 360 0266 DF93      		push r29
 361               	/* prologue: function */
 362               	/* frame size = 0 */
 363 0268 FC01      		movw r30,r24
 364 026a C189      		ldd r28,Z+17
 365 026c D289      		ldd r29,Z+18
 366 026e 0E94 0000 		call RawFsSectorFlush
 367 0272 2097      		sbiw r28,0
 368 0274 01F0      		breq .L23
 369 0276 CE01      		movw r24,r28
 370 0278 0E94 0000 		call free
 371               	.L23:
 372 027c 80E0      		ldi r24,lo8(0)
 373 027e 90E0      		ldi r25,hi8(0)
 374               	/* epilogue start */
 375 0280 DF91      		pop r29
 376 0282 CF91      		pop r28
 377 0284 0895      		ret
 378               		.size	RawFsUnmount, .-RawFsUnmount
 379               		.type	RawFsApiIOCtl, @function
 380               	RawFsApiIOCtl:
 381 0286 6F92      		push r6
 382 0288 7F92      		push r7
 383 028a 8F92      		push r8
 384 028c 9F92      		push r9
 385 028e AF92      		push r10
 386 0290 BF92      		push r11
 387 0292 CF92      		push r12
 388 0294 DF92      		push r13
 389 0296 EF92      		push r14
 390 0298 FF92      		push r15
 391 029a 0F93      		push r16
 392 029c 1F93      		push r17
 393 029e CF93      		push r28
 394 02a0 DF93      		push r29
 395               	/* prologue: function */
 396               	/* frame size = 0 */
 397 02a2 EC01      		movw r28,r24
 398 02a4 5B01      		movw r10,r22
 399 02a6 142F      		mov r17,r20
GAS LISTING C:\Temp/ccrSfVEd.s 			page 8


 400 02a8 052F      		mov r16,r21
 401 02aa 8988      		ldd r8,Y+17
 402 02ac 9A88      		ldd r9,Y+18
 403 02ae 81E1      		ldi r24,hi8(4400)
 404 02b0 6033      		cpi r22,lo8(4400)
 405 02b2 7807      		cpc r23,r24
 406 02b4 01F4      		brne .+2
 407 02b6 00C0      		rjmp .L26
 408 02b8 8114      		cp r8,__zero_reg__
 409 02ba 9104      		cpc r9,__zero_reg__
 410 02bc 01F0      		breq .L27
 411 02be 40E0      		ldi r20,lo8(0)
 412 02c0 50E0      		ldi r21,hi8(0)
 413 02c2 60E0      		ldi r22,hlo8(0)
 414 02c4 70E0      		ldi r23,hhi8(0)
 415 02c6 C401      		movw r24,r8
 416 02c8 0496      		adiw r24,4
 417 02ca 0E94 0000 		call NutEventWait
 418               	.L27:
 419 02ce 90E3      		ldi r25,lo8(4400)
 420 02d0 A916      		cp r10,r25
 421 02d2 91E1      		ldi r25,hi8(4400)
 422 02d4 B906      		cpc r11,r25
 423 02d6 01F4      		brne .+2
 424 02d8 00C0      		rjmp .L26
 425 02da A1E3      		ldi r26,lo8(4401)
 426 02dc AA16      		cp r10,r26
 427 02de A1E1      		ldi r26,hi8(4401)
 428 02e0 BA06      		cpc r11,r26
 429 02e2 01F4      		brne .+2
 430 02e4 00C0      		rjmp .L30
 431 02e6 B3E2      		ldi r27,lo8(4387)
 432 02e8 AB16      		cp r10,r27
 433 02ea B1E1      		ldi r27,hi8(4387)
 434 02ec BB06      		cpc r11,r27
 435 02ee 01F0      		breq .+2
 436 02f0 00C0      		rjmp .L41
 437               	.L29:
 438 02f2 E12F      		mov r30,r17
 439 02f4 F02F      		mov r31,r16
 440 02f6 6280      		ldd r6,Z+2
 441 02f8 7380      		ldd r7,Z+3
 442 02fa C081      		ld r28,Z
 443 02fc D181      		ldd r29,Z+1
 444 02fe CC80      		ldd r12,Y+4
 445 0300 DD80      		ldd r13,Y+5
 446 0302 D301      		movw r26,r6
 447 0304 ED90      		ld r14,X+
 448 0306 FD90      		ld r15,X+
 449 0308 0D91      		ld r16,X+
 450 030a 1C91      		ld r17,X
 451 030c 8481      		ldd r24,Z+4
 452 030e 9581      		ldd r25,Z+5
 453 0310 8130      		cpi r24,1
 454 0312 9105      		cpc r25,__zero_reg__
 455 0314 01F0      		breq .L33
 456 0316 0297      		sbiw r24,2
GAS LISTING C:\Temp/ccrSfVEd.s 			page 9


 457 0318 01F4      		brne .L32
 458 031a 00C0      		rjmp .L42
 459               	.L33:
 460 031c F601      		movw r30,r12
 461 031e 8481      		ldd r24,Z+4
 462 0320 9581      		ldd r25,Z+5
 463 0322 A681      		ldd r26,Z+6
 464 0324 B781      		ldd r27,Z+7
 465 0326 E80E      		add r14,r24
 466 0328 F91E      		adc r15,r25
 467 032a 0A1F      		adc r16,r26
 468 032c 1B1F      		adc r17,r27
 469 032e 00C0      		rjmp .L32
 470               	.L42:
 471 0330 EA81      		ldd r30,Y+2
 472 0332 FB81      		ldd r31,Y+3
 473 0334 0188      		ldd __tmp_reg__,Z+17
 474 0336 F289      		ldd r31,Z+18
 475 0338 E02D      		mov r30,__tmp_reg__
 476 033a 6485      		ldd r22,Z+12
 477 033c 7585      		ldd r23,Z+13
 478 033e 80E0      		ldi r24,lo8(0)
 479 0340 90E0      		ldi r25,hi8(0)
 480 0342 2085      		ldd r18,Z+8
 481 0344 3185      		ldd r19,Z+9
 482 0346 4285      		ldd r20,Z+10
 483 0348 5385      		ldd r21,Z+11
 484 034a 0E94 0000 		call __mulsi3
 485 034e E60E      		add r14,r22
 486 0350 F71E      		adc r15,r23
 487 0352 081F      		adc r16,r24
 488 0354 191F      		adc r17,r25
 489               	.L32:
 490 0356 17FD      		sbrc r17,7
 491 0358 00C0      		rjmp .L35
 492 035a EA81      		ldd r30,Y+2
 493 035c FB81      		ldd r31,Y+3
 494 035e C189      		ldd r28,Z+17
 495 0360 D289      		ldd r29,Z+18
 496 0362 6C85      		ldd r22,Y+12
 497 0364 7D85      		ldd r23,Y+13
 498 0366 80E0      		ldi r24,lo8(0)
 499 0368 90E0      		ldi r25,hi8(0)
 500 036a 2885      		ldd r18,Y+8
 501 036c 3985      		ldd r19,Y+9
 502 036e 4A85      		ldd r20,Y+10
 503 0370 5B85      		ldd r21,Y+11
 504 0372 0E94 0000 		call __mulsi3
 505 0376 6E15      		cp r22,r14
 506 0378 7F05      		cpc r23,r15
 507 037a 8007      		cpc r24,r16
 508 037c 9107      		cpc r25,r17
 509 037e 04F4      		brge .L36
 510               	.L35:
 511 0380 86E1      		ldi r24,lo8(22)
 512 0382 90E0      		ldi r25,hi8(22)
 513 0384 9093 0000 		sts (errno)+1,r25
GAS LISTING C:\Temp/ccrSfVEd.s 			page 10


 514 0388 8093 0000 		sts errno,r24
 515               	.L41:
 516 038c 0FEF      		ldi r16,lo8(-1)
 517 038e 1FEF      		ldi r17,hi8(-1)
 518 0390 00C0      		rjmp .L31
 519               	.L36:
 520 0392 D301      		movw r26,r6
 521 0394 ED92      		st X+,r14
 522 0396 FD92      		st X+,r15
 523 0398 0D93      		st X+,r16
 524 039a 1C93      		st X,r17
 525 039c 1397      		sbiw r26,3
 526 039e F601      		movw r30,r12
 527 03a0 E482      		std Z+4,r14
 528 03a2 F582      		std Z+5,r15
 529 03a4 0683      		std Z+6,r16
 530 03a6 1783      		std Z+7,r17
 531 03a8 D601      		movw r26,r12
 532 03aa 1896      		adiw r26,8
 533 03ac 1D92      		st X+,__zero_reg__
 534 03ae 1D92      		st X+,__zero_reg__
 535 03b0 1D92      		st X+,__zero_reg__
 536 03b2 1C92      		st X,__zero_reg__
 537 03b4 1B97      		sbiw r26,8+3
 538 03b6 00C0      		rjmp .L37
 539               	.L38:
 540 03b8 F601      		movw r30,r12
 541 03ba 8085      		ldd r24,Z+8
 542 03bc 9185      		ldd r25,Z+9
 543 03be A285      		ldd r26,Z+10
 544 03c0 B385      		ldd r27,Z+11
 545 03c2 0196      		adiw r24,1
 546 03c4 A11D      		adc r26,__zero_reg__
 547 03c6 B11D      		adc r27,__zero_reg__
 548 03c8 8087      		std Z+8,r24
 549 03ca 9187      		std Z+9,r25
 550 03cc A287      		std Z+10,r26
 551 03ce B387      		std Z+11,r27
 552 03d0 E21A      		sub r14,r18
 553 03d2 F30A      		sbc r15,r19
 554 03d4 040B      		sbc r16,r20
 555 03d6 150B      		sbc r17,r21
 556               	.L37:
 557 03d8 8C85      		ldd r24,Y+12
 558 03da 9D85      		ldd r25,Y+13
 559 03dc 9C01      		movw r18,r24
 560 03de 40E0      		ldi r20,lo8(0)
 561 03e0 50E0      		ldi r21,hi8(0)
 562 03e2 E216      		cp r14,r18
 563 03e4 F306      		cpc r15,r19
 564 03e6 0407      		cpc r16,r20
 565 03e8 1507      		cpc r17,r21
 566 03ea 04F4      		brge .L38
 567 03ec D601      		movw r26,r12
 568 03ee 1D96      		adiw r26,12+1
 569 03f0 FC92      		st X,r15
 570 03f2 EE92      		st -X,r14
GAS LISTING C:\Temp/ccrSfVEd.s 			page 11


 571 03f4 1C97      		sbiw r26,12
 572 03f6 00C0      		rjmp .L41
 573               	.L26:
 574 03f8 E12F      		mov r30,r17
 575 03fa F02F      		mov r31,r16
 576 03fc 6081      		ld r22,Z
 577 03fe 7181      		ldd r23,Z+1
 578 0400 4281      		ldd r20,Z+2
 579 0402 CE01      		movw r24,r28
 580 0404 0E94 0000 		call RawFsMount
 581 0408 8C01      		movw r16,r24
 582 040a 0097      		sbiw r24,0
 583 040c 01F0      		breq .L31
 584 040e CE01      		movw r24,r28
 585 0410 0E94 0000 		call RawFsUnmount
 586 0414 00C0      		rjmp .L31
 587               	.L30:
 588 0416 CE01      		movw r24,r28
 589 0418 0E94 0000 		call RawFsUnmount
 590 041c 8C01      		movw r16,r24
 591               	.L31:
 592 041e E0ED      		ldi r30,lo8(-4400)
 593 0420 FEEE      		ldi r31,hi8(-4400)
 594 0422 AE0E      		add r10,r30
 595 0424 BF1E      		adc r11,r31
 596 0426 F2E0      		ldi r31,lo8(2)
 597 0428 AF16      		cp r10,r31
 598 042a B104      		cpc r11,__zero_reg__
 599 042c 00F0      		brlo .L39
 600 042e 8114      		cp r8,__zero_reg__
 601 0430 9104      		cpc r9,__zero_reg__
 602 0432 01F0      		breq .L39
 603 0434 C401      		movw r24,r8
 604 0436 0496      		adiw r24,4
 605 0438 0E94 0000 		call NutEventPost
 606               	.L39:
 607 043c C801      		movw r24,r16
 608               	/* epilogue start */
 609 043e DF91      		pop r29
 610 0440 CF91      		pop r28
 611 0442 1F91      		pop r17
 612 0444 0F91      		pop r16
 613 0446 FF90      		pop r15
 614 0448 EF90      		pop r14
 615 044a DF90      		pop r13
 616 044c CF90      		pop r12
 617 044e BF90      		pop r11
 618 0450 AF90      		pop r10
 619 0452 9F90      		pop r9
 620 0454 8F90      		pop r8
 621 0456 7F90      		pop r7
 622 0458 6F90      		pop r6
 623 045a 0895      		ret
 624               		.size	RawFsApiIOCtl, .-RawFsApiIOCtl
 625               	.global	RawFsFileClose
 626               		.type	RawFsFileClose, @function
 627               	RawFsFileClose:
GAS LISTING C:\Temp/ccrSfVEd.s 			page 12


 628 045c 0F93      		push r16
 629 045e 1F93      		push r17
 630 0460 CF93      		push r28
 631 0462 DF93      		push r29
 632               	/* prologue: function */
 633               	/* frame size = 0 */
 634 0464 EC01      		movw r28,r24
 635 0466 0E94 0000 		call RawFsFileFlush
 636 046a 182F      		mov r17,r24
 637 046c 092F      		mov r16,r25
 638 046e 8C81      		ldd r24,Y+4
 639 0470 9D81      		ldd r25,Y+5
 640 0472 0097      		sbiw r24,0
 641 0474 01F0      		breq .L44
 642 0476 0E94 0000 		call free
 643               	.L44:
 644 047a CE01      		movw r24,r28
 645 047c 0E94 0000 		call free
 646 0480 812F      		mov r24,r17
 647 0482 902F      		mov r25,r16
 648               	/* epilogue start */
 649 0484 DF91      		pop r29
 650 0486 CF91      		pop r28
 651 0488 1F91      		pop r17
 652 048a 0F91      		pop r16
 653 048c 0895      		ret
 654               		.size	RawFsFileClose, .-RawFsFileClose
 655               		.type	RawFsApiFileClose, @function
 656               	RawFsApiFileClose:
 657 048e EF92      		push r14
 658 0490 FF92      		push r15
 659 0492 0F93      		push r16
 660 0494 1F93      		push r17
 661               	/* prologue: function */
 662               	/* frame size = 0 */
 663 0496 7C01      		movw r14,r24
 664 0498 DC01      		movw r26,r24
 665 049a 1296      		adiw r26,2
 666 049c ED91      		ld r30,X+
 667 049e FC91      		ld r31,X
 668 04a0 1397      		sbiw r26,2+1
 669 04a2 0189      		ldd r16,Z+17
 670 04a4 1289      		ldd r17,Z+18
 671 04a6 0C5F      		subi r16,lo8(-(4))
 672 04a8 1F4F      		sbci r17,hi8(-(4))
 673 04aa 40E0      		ldi r20,lo8(0)
 674 04ac 50E0      		ldi r21,hi8(0)
 675 04ae 60E0      		ldi r22,hlo8(0)
 676 04b0 70E0      		ldi r23,hhi8(0)
 677 04b2 C801      		movw r24,r16
 678 04b4 0E94 0000 		call NutEventWait
 679 04b8 C701      		movw r24,r14
 680 04ba 0E94 0000 		call RawFsFileClose
 681 04be F82E      		mov r15,r24
 682 04c0 E92E      		mov r14,r25
 683 04c2 C801      		movw r24,r16
 684 04c4 0E94 0000 		call NutEventPost
GAS LISTING C:\Temp/ccrSfVEd.s 			page 13


 685 04c8 8F2D      		mov r24,r15
 686 04ca 9E2D      		mov r25,r14
 687               	/* epilogue start */
 688 04cc 1F91      		pop r17
 689 04ce 0F91      		pop r16
 690 04d0 FF90      		pop r15
 691 04d2 EF90      		pop r14
 692 04d4 0895      		ret
 693               		.size	RawFsApiFileClose, .-RawFsApiFileClose
 694               	.global	RawFsFileOpen
 695               		.type	RawFsFileOpen, @function
 696               	RawFsFileOpen:
 697 04d6 EF92      		push r14
 698 04d8 FF92      		push r15
 699 04da 0F93      		push r16
 700 04dc 1F93      		push r17
 701 04de CF93      		push r28
 702 04e0 DF93      		push r29
 703               	/* prologue: function */
 704               	/* frame size = 0 */
 705 04e2 7C01      		movw r14,r24
 706 04e4 8A01      		movw r16,r20
 707 04e6 80E1      		ldi r24,lo8(16)
 708 04e8 90E0      		ldi r25,hi8(16)
 709 04ea 0E94 0000 		call malloc
 710 04ee EC01      		movw r28,r24
 711 04f0 0097      		sbiw r24,0
 712 04f2 01F0      		breq .L53
 713               	.L49:
 714 04f4 80E1      		ldi r24,lo8(16)
 715 04f6 FE01      		movw r30,r28
 716 04f8 1192      		st Z+,__zero_reg__
 717 04fa 8A95      	        dec r24
 718 04fc 01F4      		brne .-6
 719 04fe C801      		movw r24,r16
 720 0500 AA27      		clr r26
 721 0502 97FD      		sbrc r25,7
 722 0504 A095      		com r26
 723 0506 BA2F      		mov r27,r26
 724 0508 8883      		st Y,r24
 725 050a 9983      		std Y+1,r25
 726 050c AA83      		std Y+2,r26
 727 050e BB83      		std Y+3,r27
 728 0510 86E0      		ldi r24,lo8(6)
 729 0512 90E0      		ldi r25,hi8(6)
 730 0514 0E94 0000 		call malloc
 731 0518 FC01      		movw r30,r24
 732 051a 9C01      		movw r18,r24
 733 051c 0097      		sbiw r24,0
 734 051e 01F0      		breq .L51
 735 0520 1182      		std Z+1,__zero_reg__
 736 0522 1082      		st Z,__zero_reg__
 737 0524 F382      		std Z+3,r15
 738 0526 E282      		std Z+2,r14
 739 0528 D583      		std Z+5,r29
 740 052a C483      		std Z+4,r28
 741 052c 00C0      		rjmp .L50
GAS LISTING C:\Temp/ccrSfVEd.s 			page 14


 742               	.L51:
 743 052e CE01      		movw r24,r28
 744 0530 0E94 0000 		call free
 745               	.L53:
 746 0534 2FEF      		ldi r18,lo8(-1)
 747 0536 3FEF      		ldi r19,hi8(-1)
 748               	.L50:
 749 0538 C901      		movw r24,r18
 750               	/* epilogue start */
 751 053a DF91      		pop r29
 752 053c CF91      		pop r28
 753 053e 1F91      		pop r17
 754 0540 0F91      		pop r16
 755 0542 FF90      		pop r15
 756 0544 EF90      		pop r14
 757 0546 0895      		ret
 758               		.size	RawFsFileOpen, .-RawFsFileOpen
 759               		.type	RawFsApiFileOpen, @function
 760               	RawFsApiFileOpen:
 761 0548 8F92      		push r8
 762 054a 9F92      		push r9
 763 054c AF92      		push r10
 764 054e BF92      		push r11
 765 0550 CF92      		push r12
 766 0552 DF92      		push r13
 767 0554 EF92      		push r14
 768 0556 FF92      		push r15
 769 0558 0F93      		push r16
 770 055a 1F93      		push r17
 771               	/* prologue: function */
 772               	/* frame size = 0 */
 773 055c 6C01      		movw r12,r24
 774 055e 4B01      		movw r8,r22
 775 0560 5A01      		movw r10,r20
 776 0562 7901      		movw r14,r18
 777 0564 FC01      		movw r30,r24
 778 0566 0189      		ldd r16,Z+17
 779 0568 1289      		ldd r17,Z+18
 780 056a 0C5F      		subi r16,lo8(-(4))
 781 056c 1F4F      		sbci r17,hi8(-(4))
 782 056e 40E0      		ldi r20,lo8(0)
 783 0570 50E0      		ldi r21,hi8(0)
 784 0572 60E0      		ldi r22,hlo8(0)
 785 0574 70E0      		ldi r23,hhi8(0)
 786 0576 C801      		movw r24,r16
 787 0578 0E94 0000 		call NutEventWait
 788 057c 9701      		movw r18,r14
 789 057e A501      		movw r20,r10
 790 0580 B401      		movw r22,r8
 791 0582 C601      		movw r24,r12
 792 0584 0E94 0000 		call RawFsFileOpen
 793 0588 F82E      		mov r15,r24
 794 058a E92E      		mov r14,r25
 795 058c C801      		movw r24,r16
 796 058e 0E94 0000 		call NutEventPost
 797 0592 8F2D      		mov r24,r15
 798 0594 9E2D      		mov r25,r14
GAS LISTING C:\Temp/ccrSfVEd.s 			page 15


 799               	/* epilogue start */
 800 0596 1F91      		pop r17
 801 0598 0F91      		pop r16
 802 059a FF90      		pop r15
 803 059c EF90      		pop r14
 804 059e DF90      		pop r13
 805 05a0 CF90      		pop r12
 806 05a2 BF90      		pop r11
 807 05a4 AF90      		pop r10
 808 05a6 9F90      		pop r9
 809 05a8 8F90      		pop r8
 810 05aa 0895      		ret
 811               		.size	RawFsApiFileOpen, .-RawFsApiFileOpen
 812               		.type	RawFsSectorLoad, @function
 813               	RawFsSectorLoad:
 814 05ac 6F92      		push r6
 815 05ae 7F92      		push r7
 816 05b0 8F92      		push r8
 817 05b2 9F92      		push r9
 818 05b4 AF92      		push r10
 819 05b6 BF92      		push r11
 820 05b8 CF92      		push r12
 821 05ba DF92      		push r13
 822 05bc EF92      		push r14
 823 05be FF92      		push r15
 824 05c0 0F93      		push r16
 825 05c2 1F93      		push r17
 826 05c4 DF93      		push r29
 827 05c6 CF93      		push r28
 828 05c8 00D0      		rcall .
 829 05ca 00D0      		rcall .
 830 05cc 00D0      		rcall .
 831 05ce CDB7      		in r28,__SP_L__
 832 05d0 DEB7      		in r29,__SP_H__
 833               	/* prologue: function */
 834               	/* frame size = 6 */
 835 05d2 8C01      		movw r16,r24
 836 05d4 5A01      		movw r10,r20
 837 05d6 6B01      		movw r12,r22
 838 05d8 DC01      		movw r26,r24
 839 05da 5196      		adiw r26,17
 840 05dc 8D90      		ld r8,X+
 841 05de 9C90      		ld r9,X
 842 05e0 5297      		sbiw r26,17+1
 843 05e2 86E0      		ldi r24,lo8(6)
 844 05e4 682E      		mov r6,r24
 845 05e6 712C      		mov r7,__zero_reg__
 846 05e8 680C      		add r6,r8
 847 05ea 791C      		adc r7,r9
 848 05ec 40E0      		ldi r20,lo8(0)
 849 05ee 50E0      		ldi r21,hi8(0)
 850 05f0 60E0      		ldi r22,hlo8(0)
 851 05f2 70E0      		ldi r23,hhi8(0)
 852 05f4 C301      		movw r24,r6
 853 05f6 0E94 0000 		call NutEventWait
 854 05fa F401      		movw r30,r8
 855 05fc 8089      		ldd r24,Z+16
GAS LISTING C:\Temp/ccrSfVEd.s 			page 16


 856 05fe 9189      		ldd r25,Z+17
 857 0600 A289      		ldd r26,Z+18
 858 0602 B389      		ldd r27,Z+19
 859 0604 8A15      		cp r24,r10
 860 0606 9B05      		cpc r25,r11
 861 0608 AC05      		cpc r26,r12
 862 060a BD05      		cpc r27,r13
 863 060c 01F0      		breq .L61
 864               	.L57:
 865 060e C801      		movw r24,r16
 866 0610 0E94 0000 		call RawFsSectorFlush
 867 0614 892B      		or r24,r25
 868 0616 01F4      		brne .L59
 869 0618 D801      		movw r26,r16
 870 061a 1F96      		adiw r26,15
 871 061c ED90      		ld r14,X+
 872 061e FC90      		ld r15,X
 873 0620 5097      		sbiw r26,15+1
 874 0622 F701      		movw r30,r14
 875 0624 0281      		ldd r16,Z+2
 876 0626 1381      		ldd r17,Z+3
 877 0628 FA82      		std Y+2,r15
 878 062a E982      		std Y+1,r14
 879 062c AB82      		std Y+3,r10
 880 062e BC82      		std Y+4,r11
 881 0630 CD82      		std Y+5,r12
 882 0632 DE82      		std Y+6,r13
 883 0634 D801      		movw r26,r16
 884 0636 5596      		adiw r26,21
 885 0638 ED91      		ld r30,X+
 886 063a FC91      		ld r31,X
 887 063c 5697      		sbiw r26,21+1
 888 063e AE01      		movw r20,r28
 889 0640 4F5F      		subi r20,lo8(-(1))
 890 0642 5F4F      		sbci r21,hi8(-(1))
 891 0644 63E0      		ldi r22,lo8(4611)
 892 0646 72E1      		ldi r23,hi8(4611)
 893 0648 C801      		movw r24,r16
 894 064a 0995      		icall
 895 064c 892B      		or r24,r25
 896 064e 01F4      		brne .L59
 897 0650 F401      		movw r30,r8
 898 0652 6685      		ldd r22,Z+14
 899 0654 7785      		ldd r23,Z+15
 900 0656 D801      		movw r26,r16
 901 0658 5796      		adiw r26,23
 902 065a ED91      		ld r30,X+
 903 065c FC91      		ld r31,X
 904 065e 5897      		sbiw r26,23+1
 905 0660 41E0      		ldi r20,lo8(1)
 906 0662 50E0      		ldi r21,hi8(1)
 907 0664 C701      		movw r24,r14
 908 0666 0995      		icall
 909 0668 0197      		sbiw r24,1
 910 066a 01F4      		brne .L59
 911 066c F401      		movw r30,r8
 912 066e A08A      		std Z+16,r10
GAS LISTING C:\Temp/ccrSfVEd.s 			page 17


 913 0670 B18A      		std Z+17,r11
 914 0672 C28A      		std Z+18,r12
 915 0674 D38A      		std Z+19,r13
 916               	.L61:
 917 0676 00E0      		ldi r16,lo8(0)
 918 0678 10E0      		ldi r17,hi8(0)
 919 067a 00C0      		rjmp .L58
 920               	.L59:
 921 067c 0FEF      		ldi r16,lo8(-1)
 922 067e 1FEF      		ldi r17,hi8(-1)
 923               	.L58:
 924 0680 C301      		movw r24,r6
 925 0682 0E94 0000 		call NutEventPostAsync
 926 0686 C801      		movw r24,r16
 927               	/* epilogue start */
 928 0688 2696      		adiw r28,6
 929 068a 0FB6      		in __tmp_reg__,__SREG__
 930 068c F894      		cli
 931 068e DEBF      		out __SP_H__,r29
 932 0690 0FBE      		out __SREG__,__tmp_reg__
 933 0692 CDBF      		out __SP_L__,r28
 934 0694 CF91      		pop r28
 935 0696 DF91      		pop r29
 936 0698 1F91      		pop r17
 937 069a 0F91      		pop r16
 938 069c FF90      		pop r15
 939 069e EF90      		pop r14
 940 06a0 DF90      		pop r13
 941 06a2 CF90      		pop r12
 942 06a4 BF90      		pop r11
 943 06a6 AF90      		pop r10
 944 06a8 9F90      		pop r9
 945 06aa 8F90      		pop r8
 946 06ac 7F90      		pop r7
 947 06ae 6F90      		pop r6
 948 06b0 0895      		ret
 949               		.size	RawFsSectorLoad, .-RawFsSectorLoad
 950               	.global	RawFsFileRead
 951               		.type	RawFsFileRead, @function
 952               	RawFsFileRead:
 953 06b2 6F92      		push r6
 954 06b4 7F92      		push r7
 955 06b6 8F92      		push r8
 956 06b8 9F92      		push r9
 957 06ba AF92      		push r10
 958 06bc BF92      		push r11
 959 06be CF92      		push r12
 960 06c0 DF92      		push r13
 961 06c2 EF92      		push r14
 962 06c4 FF92      		push r15
 963 06c6 0F93      		push r16
 964 06c8 1F93      		push r17
 965 06ca CF93      		push r28
 966 06cc DF93      		push r29
 967               	/* prologue: function */
 968               	/* frame size = 0 */
 969 06ce 4C01      		movw r8,r24
GAS LISTING C:\Temp/ccrSfVEd.s 			page 18


 970 06d0 3B01      		movw r6,r22
 971 06d2 5A01      		movw r10,r20
 972 06d4 6115      		cp r22,__zero_reg__
 973 06d6 7105      		cpc r23,__zero_reg__
 974 06d8 01F4      		brne .+2
 975 06da 00C0      		rjmp .L63
 976 06dc 4115      		cp r20,__zero_reg__
 977 06de 5105      		cpc r21,__zero_reg__
 978 06e0 01F4      		brne .+2
 979 06e2 00C0      		rjmp .L63
 980 06e4 DC01      		movw r26,r24
 981 06e6 1496      		adiw r26,4
 982 06e8 0D91      		ld r16,X+
 983 06ea 1C91      		ld r17,X
 984 06ec 1597      		sbiw r26,4+1
 985 06ee 1296      		adiw r26,2
 986 06f0 ED91      		ld r30,X+
 987 06f2 FC91      		ld r31,X
 988 06f4 1397      		sbiw r26,2+1
 989 06f6 C188      		ldd r12,Z+17
 990 06f8 D288      		ldd r13,Z+18
 991 06fa EE24      		clr r14
 992 06fc FF24      		clr r15
 993 06fe 00C0      		rjmp .L64
 994               	.L70:
 995 0700 F801      		movw r30,r16
 996 0702 2485      		ldd r18,Z+12
 997 0704 3585      		ldd r19,Z+13
 998 0706 D601      		movw r26,r12
 999 0708 1C96      		adiw r26,12
 1000 070a 4D91      		ld r20,X+
 1001 070c 5C91      		ld r21,X
 1002 070e 1D97      		sbiw r26,12+1
 1003 0710 2417      		cp r18,r20
 1004 0712 3507      		cpc r19,r21
 1005 0714 00F0      		brlo .L65
 1006 0716 8085      		ldd r24,Z+8
 1007 0718 9185      		ldd r25,Z+9
 1008 071a A285      		ldd r26,Z+10
 1009 071c B385      		ldd r27,Z+11
 1010 071e 0196      		adiw r24,1
 1011 0720 A11D      		adc r26,__zero_reg__
 1012 0722 B11D      		adc r27,__zero_reg__
 1013 0724 8087      		std Z+8,r24
 1014 0726 9187      		std Z+9,r25
 1015 0728 A287      		std Z+10,r26
 1016 072a B387      		std Z+11,r27
 1017 072c 241B      		sub r18,r20
 1018 072e 350B      		sbc r19,r21
 1019 0730 3587      		std Z+13,r19
 1020 0732 2487      		std Z+12,r18
 1021               	.L65:
 1022 0734 D801      		movw r26,r16
 1023 0736 1896      		adiw r26,8
 1024 0738 4D91      		ld r20,X+
 1025 073a 5D91      		ld r21,X+
 1026 073c 6D91      		ld r22,X+
GAS LISTING C:\Temp/ccrSfVEd.s 			page 19


 1027 073e 7C91      		ld r23,X
 1028 0740 1B97      		sbiw r26,8+3
 1029 0742 F401      		movw r30,r8
 1030 0744 8281      		ldd r24,Z+2
 1031 0746 9381      		ldd r25,Z+3
 1032 0748 0E94 0000 		call RawFsSectorLoad
 1033 074c 892B      		or r24,r25
 1034 074e 01F0      		breq .L66
 1035 0750 EE24      		clr r14
 1036 0752 EA94      		dec r14
 1037 0754 FE2C      		mov r15,r14
 1038 0756 00C0      		rjmp .L67
 1039               	.L66:
 1040 0758 D801      		movw r26,r16
 1041 075a 1C96      		adiw r26,12
 1042 075c 4D91      		ld r20,X+
 1043 075e 5C91      		ld r21,X
 1044 0760 1D97      		sbiw r26,12+1
 1045 0762 F601      		movw r30,r12
 1046 0764 8485      		ldd r24,Z+12
 1047 0766 9585      		ldd r25,Z+13
 1048 0768 841B      		sub r24,r20
 1049 076a 950B      		sbc r25,r21
 1050 076c E501      		movw r28,r10
 1051 076e CE19      		sub r28,r14
 1052 0770 DF09      		sbc r29,r15
 1053 0772 8C17      		cp r24,r28
 1054 0774 9D07      		cpc r25,r29
 1055 0776 04F4      		brge .L68
 1056 0778 EC01      		movw r28,r24
 1057               	.L68:
 1058 077a 9301      		movw r18,r6
 1059 077c 2E0D      		add r18,r14
 1060 077e 3F1D      		adc r19,r15
 1061 0780 D601      		movw r26,r12
 1062 0782 1E96      		adiw r26,14
 1063 0784 8D91      		ld r24,X+
 1064 0786 9C91      		ld r25,X
 1065 0788 1F97      		sbiw r26,14+1
 1066 078a 840F      		add r24,r20
 1067 078c 951F      		adc r25,r21
 1068 078e AE01      		movw r20,r28
 1069 0790 BC01      		movw r22,r24
 1070 0792 C901      		movw r24,r18
 1071 0794 0E94 0000 		call memcpy
 1072 0798 9E01      		movw r18,r28
 1073 079a 4427      		clr r20
 1074 079c 37FD      		sbrc r19,7
 1075 079e 4095      		com r20
 1076 07a0 542F      		mov r21,r20
 1077 07a2 F801      		movw r30,r16
 1078 07a4 8481      		ldd r24,Z+4
 1079 07a6 9581      		ldd r25,Z+5
 1080 07a8 A681      		ldd r26,Z+6
 1081 07aa B781      		ldd r27,Z+7
 1082 07ac 820F      		add r24,r18
 1083 07ae 931F      		adc r25,r19
GAS LISTING C:\Temp/ccrSfVEd.s 			page 20


 1084 07b0 A41F      		adc r26,r20
 1085 07b2 B51F      		adc r27,r21
 1086 07b4 8483      		std Z+4,r24
 1087 07b6 9583      		std Z+5,r25
 1088 07b8 A683      		std Z+6,r26
 1089 07ba B783      		std Z+7,r27
 1090 07bc 8485      		ldd r24,Z+12
 1091 07be 9585      		ldd r25,Z+13
 1092 07c0 8C0F      		add r24,r28
 1093 07c2 9D1F      		adc r25,r29
 1094 07c4 9587      		std Z+13,r25
 1095 07c6 8487      		std Z+12,r24
 1096 07c8 EC0E      		add r14,r28
 1097 07ca FD1E      		adc r15,r29
 1098               	.L64:
 1099 07cc EA14      		cp r14,r10
 1100 07ce FB04      		cpc r15,r11
 1101 07d0 04F4      		brge .+2
 1102 07d2 00C0      		rjmp .L70
 1103 07d4 00C0      		rjmp .L67
 1104               	.L63:
 1105 07d6 EE24      		clr r14
 1106 07d8 FF24      		clr r15
 1107               	.L67:
 1108 07da C701      		movw r24,r14
 1109               	/* epilogue start */
 1110 07dc DF91      		pop r29
 1111 07de CF91      		pop r28
 1112 07e0 1F91      		pop r17
 1113 07e2 0F91      		pop r16
 1114 07e4 FF90      		pop r15
 1115 07e6 EF90      		pop r14
 1116 07e8 DF90      		pop r13
 1117 07ea CF90      		pop r12
 1118 07ec BF90      		pop r11
 1119 07ee AF90      		pop r10
 1120 07f0 9F90      		pop r9
 1121 07f2 8F90      		pop r8
 1122 07f4 7F90      		pop r7
 1123 07f6 6F90      		pop r6
 1124 07f8 0895      		ret
 1125               		.size	RawFsFileRead, .-RawFsFileRead
 1126               		.type	RawFsApiFileRead, @function
 1127               	RawFsApiFileRead:
 1128 07fa AF92      		push r10
 1129 07fc BF92      		push r11
 1130 07fe CF92      		push r12
 1131 0800 DF92      		push r13
 1132 0802 EF92      		push r14
 1133 0804 FF92      		push r15
 1134 0806 0F93      		push r16
 1135 0808 1F93      		push r17
 1136               	/* prologue: function */
 1137               	/* frame size = 0 */
 1138 080a 6C01      		movw r12,r24
 1139 080c 5B01      		movw r10,r22
 1140 080e 7A01      		movw r14,r20
GAS LISTING C:\Temp/ccrSfVEd.s 			page 21


 1141 0810 DC01      		movw r26,r24
 1142 0812 1296      		adiw r26,2
 1143 0814 ED91      		ld r30,X+
 1144 0816 FC91      		ld r31,X
 1145 0818 1397      		sbiw r26,2+1
 1146 081a 0189      		ldd r16,Z+17
 1147 081c 1289      		ldd r17,Z+18
 1148 081e 0C5F      		subi r16,lo8(-(4))
 1149 0820 1F4F      		sbci r17,hi8(-(4))
 1150 0822 40E0      		ldi r20,lo8(0)
 1151 0824 50E0      		ldi r21,hi8(0)
 1152 0826 60E0      		ldi r22,hlo8(0)
 1153 0828 70E0      		ldi r23,hhi8(0)
 1154 082a C801      		movw r24,r16
 1155 082c 0E94 0000 		call NutEventWait
 1156 0830 A701      		movw r20,r14
 1157 0832 B501      		movw r22,r10
 1158 0834 C601      		movw r24,r12
 1159 0836 0E94 0000 		call RawFsFileRead
 1160 083a F82E      		mov r15,r24
 1161 083c E92E      		mov r14,r25
 1162 083e C801      		movw r24,r16
 1163 0840 0E94 0000 		call NutEventPost
 1164 0844 8F2D      		mov r24,r15
 1165 0846 9E2D      		mov r25,r14
 1166               	/* epilogue start */
 1167 0848 1F91      		pop r17
 1168 084a 0F91      		pop r16
 1169 084c FF90      		pop r15
 1170 084e EF90      		pop r14
 1171 0850 DF90      		pop r13
 1172 0852 CF90      		pop r12
 1173 0854 BF90      		pop r11
 1174 0856 AF90      		pop r10
 1175 0858 0895      		ret
 1176               		.size	RawFsApiFileRead, .-RawFsApiFileRead
 1177               	.global	RawFsFileWrite
 1178               		.type	RawFsFileWrite, @function
 1179               	RawFsFileWrite:
 1180 085a 4F92      		push r4
 1181 085c 5F92      		push r5
 1182 085e 6F92      		push r6
 1183 0860 7F92      		push r7
 1184 0862 8F92      		push r8
 1185 0864 9F92      		push r9
 1186 0866 AF92      		push r10
 1187 0868 BF92      		push r11
 1188 086a CF92      		push r12
 1189 086c DF92      		push r13
 1190 086e EF92      		push r14
 1191 0870 FF92      		push r15
 1192 0872 0F93      		push r16
 1193 0874 1F93      		push r17
 1194 0876 CF93      		push r28
 1195 0878 DF93      		push r29
 1196               	/* prologue: function */
 1197               	/* frame size = 0 */
GAS LISTING C:\Temp/ccrSfVEd.s 			page 22


 1198 087a 5C01      		movw r10,r24
 1199 087c 3B01      		movw r6,r22
 1200 087e 4A01      		movw r8,r20
 1201 0880 6115      		cp r22,__zero_reg__
 1202 0882 7105      		cpc r23,__zero_reg__
 1203 0884 01F0      		breq .L75
 1204 0886 4115      		cp r20,__zero_reg__
 1205 0888 5105      		cpc r21,__zero_reg__
 1206 088a 01F4      		brne .L76
 1207               	.L75:
 1208 088c C501      		movw r24,r10
 1209 088e 0E94 0000 		call RawFsFileFlush
 1210 0892 7C01      		movw r14,r24
 1211 0894 00C0      		rjmp .L77
 1212               	.L76:
 1213 0896 DC01      		movw r26,r24
 1214 0898 1496      		adiw r26,4
 1215 089a 0D91      		ld r16,X+
 1216 089c 1C91      		ld r17,X
 1217 089e 1597      		sbiw r26,4+1
 1218 08a0 1296      		adiw r26,2
 1219 08a2 ED91      		ld r30,X+
 1220 08a4 FC91      		ld r31,X
 1221 08a6 1397      		sbiw r26,2+1
 1222 08a8 C188      		ldd r12,Z+17
 1223 08aa D288      		ldd r13,Z+18
 1224 08ac EE24      		clr r14
 1225 08ae FF24      		clr r15
 1226 08b0 91E0      		ldi r25,lo8(1)
 1227 08b2 492E      		mov r4,r25
 1228 08b4 512C      		mov r5,__zero_reg__
 1229 08b6 00C0      		rjmp .L78
 1230               	.L83:
 1231 08b8 F601      		movw r30,r12
 1232 08ba 4485      		ldd r20,Z+12
 1233 08bc 5585      		ldd r21,Z+13
 1234 08be D801      		movw r26,r16
 1235 08c0 1C96      		adiw r26,12
 1236 08c2 2D91      		ld r18,X+
 1237 08c4 3C91      		ld r19,X
 1238 08c6 1D97      		sbiw r26,12+1
 1239 08c8 2417      		cp r18,r20
 1240 08ca 3507      		cpc r19,r21
 1241 08cc 00F0      		brlo .L79
 1242 08ce 1896      		adiw r26,8
 1243 08d0 8D91      		ld r24,X+
 1244 08d2 9D91      		ld r25,X+
 1245 08d4 0D90      		ld __tmp_reg__,X+
 1246 08d6 BC91      		ld r27,X
 1247 08d8 A02D      		mov r26,__tmp_reg__
 1248 08da 0196      		adiw r24,1
 1249 08dc A11D      		adc r26,__zero_reg__
 1250 08de B11D      		adc r27,__zero_reg__
 1251 08e0 F801      		movw r30,r16
 1252 08e2 8087      		std Z+8,r24
 1253 08e4 9187      		std Z+9,r25
 1254 08e6 A287      		std Z+10,r26
GAS LISTING C:\Temp/ccrSfVEd.s 			page 23


 1255 08e8 B387      		std Z+11,r27
 1256 08ea 241B      		sub r18,r20
 1257 08ec 350B      		sbc r19,r21
 1258 08ee 3587      		std Z+13,r19
 1259 08f0 2487      		std Z+12,r18
 1260               	.L79:
 1261 08f2 D801      		movw r26,r16
 1262 08f4 1896      		adiw r26,8
 1263 08f6 4D91      		ld r20,X+
 1264 08f8 5D91      		ld r21,X+
 1265 08fa 6D91      		ld r22,X+
 1266 08fc 7C91      		ld r23,X
 1267 08fe 1B97      		sbiw r26,8+3
 1268 0900 F501      		movw r30,r10
 1269 0902 8281      		ldd r24,Z+2
 1270 0904 9381      		ldd r25,Z+3
 1271 0906 0E94 0000 		call RawFsSectorLoad
 1272 090a 892B      		or r24,r25
 1273 090c 01F0      		breq .L80
 1274 090e EE24      		clr r14
 1275 0910 EA94      		dec r14
 1276 0912 FE2C      		mov r15,r14
 1277 0914 00C0      		rjmp .L77
 1278               	.L80:
 1279 0916 D801      		movw r26,r16
 1280 0918 1C96      		adiw r26,12
 1281 091a 4D91      		ld r20,X+
 1282 091c 5C91      		ld r21,X
 1283 091e 1D97      		sbiw r26,12+1
 1284 0920 F601      		movw r30,r12
 1285 0922 8485      		ldd r24,Z+12
 1286 0924 9585      		ldd r25,Z+13
 1287 0926 841B      		sub r24,r20
 1288 0928 950B      		sbc r25,r21
 1289 092a E401      		movw r28,r8
 1290 092c CE19      		sub r28,r14
 1291 092e DF09      		sbc r29,r15
 1292 0930 8C17      		cp r24,r28
 1293 0932 9D07      		cpc r25,r29
 1294 0934 04F4      		brge .L81
 1295 0936 EC01      		movw r28,r24
 1296               	.L81:
 1297 0938 D601      		movw r26,r12
 1298 093a 1E96      		adiw r26,14
 1299 093c 2D91      		ld r18,X+
 1300 093e 3C91      		ld r19,X
 1301 0940 1F97      		sbiw r26,14+1
 1302 0942 240F      		add r18,r20
 1303 0944 351F      		adc r19,r21
 1304 0946 C301      		movw r24,r6
 1305 0948 8E0D      		add r24,r14
 1306 094a 9F1D      		adc r25,r15
 1307 094c AE01      		movw r20,r28
 1308 094e BC01      		movw r22,r24
 1309 0950 C901      		movw r24,r18
 1310 0952 0E94 0000 		call memcpy
 1311 0956 F601      		movw r30,r12
GAS LISTING C:\Temp/ccrSfVEd.s 			page 24


 1312 0958 558A      		std Z+21,r5
 1313 095a 448A      		std Z+20,r4
 1314 095c 9E01      		movw r18,r28
 1315 095e 4427      		clr r20
 1316 0960 37FD      		sbrc r19,7
 1317 0962 4095      		com r20
 1318 0964 542F      		mov r21,r20
 1319 0966 F801      		movw r30,r16
 1320 0968 8481      		ldd r24,Z+4
 1321 096a 9581      		ldd r25,Z+5
 1322 096c A681      		ldd r26,Z+6
 1323 096e B781      		ldd r27,Z+7
 1324 0970 820F      		add r24,r18
 1325 0972 931F      		adc r25,r19
 1326 0974 A41F      		adc r26,r20
 1327 0976 B51F      		adc r27,r21
 1328 0978 8483      		std Z+4,r24
 1329 097a 9583      		std Z+5,r25
 1330 097c A683      		std Z+6,r26
 1331 097e B783      		std Z+7,r27
 1332 0980 8485      		ldd r24,Z+12
 1333 0982 9585      		ldd r25,Z+13
 1334 0984 8C0F      		add r24,r28
 1335 0986 9D1F      		adc r25,r29
 1336 0988 9587      		std Z+13,r25
 1337 098a 8487      		std Z+12,r24
 1338 098c EC0E      		add r14,r28
 1339 098e FD1E      		adc r15,r29
 1340               	.L78:
 1341 0990 E814      		cp r14,r8
 1342 0992 F904      		cpc r15,r9
 1343 0994 04F4      		brge .+2
 1344 0996 00C0      		rjmp .L83
 1345               	.L77:
 1346 0998 C701      		movw r24,r14
 1347               	/* epilogue start */
 1348 099a DF91      		pop r29
 1349 099c CF91      		pop r28
 1350 099e 1F91      		pop r17
 1351 09a0 0F91      		pop r16
 1352 09a2 FF90      		pop r15
 1353 09a4 EF90      		pop r14
 1354 09a6 DF90      		pop r13
 1355 09a8 CF90      		pop r12
 1356 09aa BF90      		pop r11
 1357 09ac AF90      		pop r10
 1358 09ae 9F90      		pop r9
 1359 09b0 8F90      		pop r8
 1360 09b2 7F90      		pop r7
 1361 09b4 6F90      		pop r6
 1362 09b6 5F90      		pop r5
 1363 09b8 4F90      		pop r4
 1364 09ba 0895      		ret
 1365               		.size	RawFsFileWrite, .-RawFsFileWrite
 1366               		.type	RawFsApiFileWrite, @function
 1367               	RawFsApiFileWrite:
 1368 09bc AF92      		push r10
GAS LISTING C:\Temp/ccrSfVEd.s 			page 25


 1369 09be BF92      		push r11
 1370 09c0 CF92      		push r12
 1371 09c2 DF92      		push r13
 1372 09c4 EF92      		push r14
 1373 09c6 FF92      		push r15
 1374 09c8 0F93      		push r16
 1375 09ca 1F93      		push r17
 1376               	/* prologue: function */
 1377               	/* frame size = 0 */
 1378 09cc 6C01      		movw r12,r24
 1379 09ce 5B01      		movw r10,r22
 1380 09d0 7A01      		movw r14,r20
 1381 09d2 DC01      		movw r26,r24
 1382 09d4 1296      		adiw r26,2
 1383 09d6 ED91      		ld r30,X+
 1384 09d8 FC91      		ld r31,X
 1385 09da 1397      		sbiw r26,2+1
 1386 09dc 0189      		ldd r16,Z+17
 1387 09de 1289      		ldd r17,Z+18
 1388 09e0 0C5F      		subi r16,lo8(-(4))
 1389 09e2 1F4F      		sbci r17,hi8(-(4))
 1390 09e4 40E0      		ldi r20,lo8(0)
 1391 09e6 50E0      		ldi r21,hi8(0)
 1392 09e8 60E0      		ldi r22,hlo8(0)
 1393 09ea 70E0      		ldi r23,hhi8(0)
 1394 09ec C801      		movw r24,r16
 1395 09ee 0E94 0000 		call NutEventWait
 1396 09f2 A701      		movw r20,r14
 1397 09f4 B501      		movw r22,r10
 1398 09f6 C601      		movw r24,r12
 1399 09f8 0E94 0000 		call RawFsFileWrite
 1400 09fc F82E      		mov r15,r24
 1401 09fe E92E      		mov r14,r25
 1402 0a00 C801      		movw r24,r16
 1403 0a02 0E94 0000 		call NutEventPost
 1404 0a06 8F2D      		mov r24,r15
 1405 0a08 9E2D      		mov r25,r14
 1406               	/* epilogue start */
 1407 0a0a 1F91      		pop r17
 1408 0a0c 0F91      		pop r16
 1409 0a0e FF90      		pop r15
 1410 0a10 EF90      		pop r14
 1411 0a12 DF90      		pop r13
 1412 0a14 CF90      		pop r12
 1413 0a16 BF90      		pop r11
 1414 0a18 AF90      		pop r10
 1415 0a1a 0895      		ret
 1416               		.size	RawFsApiFileWrite, .-RawFsApiFileWrite
 1417               	.global	devRawFs0
 1418               		.data
 1419               		.type	devRawFs0, @object
 1420               		.size	devRawFs0, 35
 1421               	devRawFs0:
 1422 0000 0000      		.word	0
 1423 0002 52        		.byte	82
 1424 0003 41        		.byte	65
 1425 0004 57        		.byte	87
GAS LISTING C:\Temp/ccrSfVEd.s 			page 26


 1426 0005 46        		.byte	70
 1427 0006 53        		.byte	83
 1428 0007 30        		.byte	48
 1429 0008 00        		.byte	0
 1430 0009 00        		.byte	0
 1431 000a 00        		.byte	0
 1432 000b 10        		.byte	16
 1433 000c 0000      		.word	0
 1434 000e 00        		.byte	0
 1435 000f 0000      		.word	0
 1436 0011 0000      		.word	0
 1437 0013 0000      		.word	gs(RawFsInit)
 1438 0015 0000      		.word	gs(RawFsApiIOCtl)
 1439 0017 0000      		.word	gs(RawFsApiFileRead)
 1440 0019 0000      		.word	gs(RawFsApiFileWrite)
 1441 001b 0000      		.word	gs(RawFsApiFileWrite_P)
 1442 001d 0000      		.word	gs(RawFsApiFileOpen)
 1443 001f 0000      		.word	gs(RawFsApiFileClose)
 1444 0021 0000      		.word	gs(RawFsFileSize)
GAS LISTING C:\Temp/ccrSfVEd.s 			page 27


DEFINED SYMBOLS
                            *ABS*:00000000 rawfs.c
  C:\Temp/ccrSfVEd.s:2      *ABS*:0000003f __SREG__
  C:\Temp/ccrSfVEd.s:3      *ABS*:0000003e __SP_H__
  C:\Temp/ccrSfVEd.s:4      *ABS*:0000003d __SP_L__
  C:\Temp/ccrSfVEd.s:5      *ABS*:00000034 __CCP__
  C:\Temp/ccrSfVEd.s:6      *ABS*:00000000 __tmp_reg__
  C:\Temp/ccrSfVEd.s:7      *ABS*:00000001 __zero_reg__
  C:\Temp/ccrSfVEd.s:12     .text:00000000 RawFsSectorFlush
  C:\Temp/ccrSfVEd.s:119    .text:000000c2 RawFsFileWrite_P
  C:\Temp/ccrSfVEd.s:128    .text:000000c8 RawFsFileSize
  C:\Temp/ccrSfVEd.s:152    .text:000000ee RawFsInit
  C:\Temp/ccrSfVEd.s:161    .text:000000f4 RawFsApiFileWrite_P
  C:\Temp/ccrSfVEd.s:191    .text:00000128 RawFsFileFlush
  C:\Temp/ccrSfVEd.s:233    .text:00000174 RawFsMount
  C:\Temp/ccrSfVEd.s:358    .text:00000264 RawFsUnmount
  C:\Temp/ccrSfVEd.s:380    .text:00000286 RawFsApiIOCtl
  C:\Temp/ccrSfVEd.s:627    .text:0000045c RawFsFileClose
  C:\Temp/ccrSfVEd.s:656    .text:0000048e RawFsApiFileClose
  C:\Temp/ccrSfVEd.s:696    .text:000004d6 RawFsFileOpen
  C:\Temp/ccrSfVEd.s:760    .text:00000548 RawFsApiFileOpen
  C:\Temp/ccrSfVEd.s:813    .text:000005ac RawFsSectorLoad
  C:\Temp/ccrSfVEd.s:952    .text:000006b2 RawFsFileRead
  C:\Temp/ccrSfVEd.s:1127   .text:000007fa RawFsApiFileRead
  C:\Temp/ccrSfVEd.s:1179   .text:0000085a RawFsFileWrite
  C:\Temp/ccrSfVEd.s:1367   .text:000009bc RawFsApiFileWrite
  C:\Temp/ccrSfVEd.s:1421   .data:00000000 devRawFs0

UNDEFINED SYMBOLS
__do_copy_data
__do_clear_bss
__mulsi3
NutEventWait
NutEventPost
malloc
free
errno
NutEventPostAsync
memcpy
