GAS LISTING C:\DOCUME~1\ADMINI~1\LOCALS~1\Temp/ccHCi0RQ.s 			page 1


   1               		.file	"calloc.c"
   2               	__SREG__ = 0x3f
   3               	__SP_H__ = 0x3e
   4               	__SP_L__ = 0x3d
   5               	__CCP__  = 0x34
   6               	__tmp_reg__ = 0
   7               	__zero_reg__ = 1
   8               		.text
   9               	.global	calloc
  10               		.type	calloc, @function
  11               	calloc:
  12 0000 0F93      		push r16
  13 0002 1F93      		push r17
  14 0004 CF93      		push r28
  15 0006 DF93      		push r29
  16               	/* prologue: function */
  17               	/* frame size = 0 */
  18 0008 689F      		mul r22,r24
  19 000a 8001      		movw r16,r0
  20 000c 699F      		mul r22,r25
  21 000e 100D      		add r17,r0
  22 0010 789F      		mul r23,r24
  23 0012 100D      		add r17,r0
  24 0014 1124      		clr r1
  25 0016 C801      		movw r24,r16
  26 0018 0E94 0000 		call malloc
  27 001c EC01      		movw r28,r24
  28 001e 0097      		sbiw r24,0
  29 0020 01F0      		breq .L2
  30 0022 60E0      		ldi r22,lo8(0)
  31 0024 70E0      		ldi r23,hi8(0)
  32 0026 A801      		movw r20,r16
  33 0028 0E94 0000 		call memset
  34               	.L2:
  35 002c CE01      		movw r24,r28
  36               	/* epilogue start */
  37 002e DF91      		pop r29
  38 0030 CF91      		pop r28
  39 0032 1F91      		pop r17
  40 0034 0F91      		pop r16
  41 0036 0895      		ret
  42               		.size	calloc, .-calloc
GAS LISTING C:\DOCUME~1\ADMINI~1\LOCALS~1\Temp/ccHCi0RQ.s 			page 2


DEFINED SYMBOLS
                            *ABS*:00000000 calloc.c
C:\DOCUME~1\ADMINI~1\LOCALS~1\Temp/ccHCi0RQ.s:2      *ABS*:0000003f __SREG__
C:\DOCUME~1\ADMINI~1\LOCALS~1\Temp/ccHCi0RQ.s:3      *ABS*:0000003e __SP_H__
C:\DOCUME~1\ADMINI~1\LOCALS~1\Temp/ccHCi0RQ.s:4      *ABS*:0000003d __SP_L__
C:\DOCUME~1\ADMINI~1\LOCALS~1\Temp/ccHCi0RQ.s:5      *ABS*:00000034 __CCP__
C:\DOCUME~1\ADMINI~1\LOCALS~1\Temp/ccHCi0RQ.s:6      *ABS*:00000000 __tmp_reg__
C:\DOCUME~1\ADMINI~1\LOCALS~1\Temp/ccHCi0RQ.s:7      *ABS*:00000001 __zero_reg__
C:\DOCUME~1\ADMINI~1\LOCALS~1\Temp/ccHCi0RQ.s:11     .text:00000000 calloc

UNDEFINED SYMBOLS
malloc
memset
