GAS LISTING C:\DOCUME~1\ADMINI~1\LOCALS~1\Temp/cc1UOf6D.s 			page 1


   1               		.file	"fclose.c"
   2               	__SREG__ = 0x3f
   3               	__SP_H__ = 0x3e
   4               	__SP_L__ = 0x3d
   5               	__CCP__  = 0x34
   6               	__tmp_reg__ = 0
   7               	__zero_reg__ = 1
   8               		.text
   9               	.global	fclose
  10               		.type	fclose, @function
  11               	fclose:
  12 0000 EF92      		push r14
  13 0002 FF92      		push r15
  14 0004 0F93      		push r16
  15 0006 1F93      		push r17
  16 0008 CF93      		push r28
  17 000a DF93      		push r29
  18               	/* prologue: function */
  19               	/* frame size = 0 */
  20 000c 7C01      		movw r14,r24
  21 000e 0097      		sbiw r24,0
  22 0010 01F4      		brne .L2
  23 0012 00C0      		rjmp .L10
  24               	.L5:
  25 0014 2196      		adiw r28,1
  26 0016 3296      		adiw r30,2
  27 0018 C830      		cpi r28,8
  28 001a D105      		cpc r29,__zero_reg__
  29 001c 01F4      		brne .L4
  30               	.L10:
  31 001e 89E0      		ldi r24,lo8(9)
  32 0020 90E0      		ldi r25,hi8(9)
  33 0022 9093 0000 		sts (errno)+1,r25
  34 0026 8093 0000 		sts errno,r24
  35 002a 0FEF      		ldi r16,lo8(-1)
  36 002c 1FEF      		ldi r17,hi8(-1)
  37 002e 00C0      		rjmp .L3
  38               	.L2:
  39 0030 E0E0      		ldi r30,lo8(__iob)
  40 0032 F0E0      		ldi r31,hi8(__iob)
  41 0034 C0E0      		ldi r28,lo8(0)
  42 0036 D0E0      		ldi r29,hi8(0)
  43               	.L4:
  44 0038 8081      		ld r24,Z
  45 003a 9181      		ldd r25,Z+1
  46 003c 8E15      		cp r24,r14
  47 003e 9F05      		cpc r25,r15
  48 0040 01F4      		brne .L5
  49 0042 F701      		movw r30,r14
  50 0044 8081      		ld r24,Z
  51 0046 9181      		ldd r25,Z+1
  52 0048 0E94 0000 		call _close
  53 004c 892B      		or r24,r25
  54 004e 01F4      		brne .L6
  55 0050 00E0      		ldi r16,lo8(0)
  56 0052 10E0      		ldi r17,hi8(0)
  57 0054 00C0      		rjmp .L7
GAS LISTING C:\DOCUME~1\ADMINI~1\LOCALS~1\Temp/cc1UOf6D.s 			page 2


  58               	.L6:
  59 0056 0FEF      		ldi r16,lo8(-1)
  60 0058 1FEF      		ldi r17,hi8(-1)
  61               	.L7:
  62 005a C701      		movw r24,r14
  63 005c 0E94 0000 		call free
  64 0060 CC0F      		lsl r28
  65 0062 DD1F      		rol r29
  66 0064 C050      		subi r28,lo8(-(__iob))
  67 0066 D040      		sbci r29,hi8(-(__iob))
  68 0068 1982      		std Y+1,__zero_reg__
  69 006a 1882      		st Y,__zero_reg__
  70               	.L3:
  71 006c C801      		movw r24,r16
  72               	/* epilogue start */
  73 006e DF91      		pop r29
  74 0070 CF91      		pop r28
  75 0072 1F91      		pop r17
  76 0074 0F91      		pop r16
  77 0076 FF90      		pop r15
  78 0078 EF90      		pop r14
  79 007a 0895      		ret
  80               		.size	fclose, .-fclose
GAS LISTING C:\DOCUME~1\ADMINI~1\LOCALS~1\Temp/cc1UOf6D.s 			page 3


DEFINED SYMBOLS
                            *ABS*:00000000 fclose.c
C:\DOCUME~1\ADMINI~1\LOCALS~1\Temp/cc1UOf6D.s:2      *ABS*:0000003f __SREG__
C:\DOCUME~1\ADMINI~1\LOCALS~1\Temp/cc1UOf6D.s:3      *ABS*:0000003e __SP_H__
C:\DOCUME~1\ADMINI~1\LOCALS~1\Temp/cc1UOf6D.s:4      *ABS*:0000003d __SP_L__
C:\DOCUME~1\ADMINI~1\LOCALS~1\Temp/cc1UOf6D.s:5      *ABS*:00000034 __CCP__
C:\DOCUME~1\ADMINI~1\LOCALS~1\Temp/cc1UOf6D.s:6      *ABS*:00000000 __tmp_reg__
C:\DOCUME~1\ADMINI~1\LOCALS~1\Temp/cc1UOf6D.s:7      *ABS*:00000001 __zero_reg__
C:\DOCUME~1\ADMINI~1\LOCALS~1\Temp/cc1UOf6D.s:11     .text:00000000 fclose

UNDEFINED SYMBOLS
errno
__iob
_close
free
