GAS LISTING C:\DOCUME~1\ADMINI~1\LOCALS~1\Temp/cceJtjac.s 			page 1


   1               		.file	"ferror.c"
   2               	__SREG__ = 0x3f
   3               	__SP_H__ = 0x3e
   4               	__SP_L__ = 0x3d
   5               	__CCP__  = 0x34
   6               	__tmp_reg__ = 0
   7               	__zero_reg__ = 1
   8               		.text
   9               	.global	ferror
  10               		.type	ferror, @function
  11               	ferror:
  12               	/* prologue: function */
  13               	/* frame size = 0 */
  14 0000 FC01      		movw r30,r24
  15 0002 2481      		ldd r18,Z+4
  16 0004 30E0      		ldi r19,lo8(0)
  17 0006 2071      		andi r18,lo8(16)
  18 0008 3070      		andi r19,hi8(16)
  19 000a C901      		movw r24,r18
  20               	/* epilogue start */
  21 000c 0895      		ret
  22               		.size	ferror, .-ferror
GAS LISTING C:\DOCUME~1\ADMINI~1\LOCALS~1\Temp/cceJtjac.s 			page 2


DEFINED SYMBOLS
                            *ABS*:00000000 ferror.c
C:\DOCUME~1\ADMINI~1\LOCALS~1\Temp/cceJtjac.s:2      *ABS*:0000003f __SREG__
C:\DOCUME~1\ADMINI~1\LOCALS~1\Temp/cceJtjac.s:3      *ABS*:0000003e __SP_H__
C:\DOCUME~1\ADMINI~1\LOCALS~1\Temp/cceJtjac.s:4      *ABS*:0000003d __SP_L__
C:\DOCUME~1\ADMINI~1\LOCALS~1\Temp/cceJtjac.s:5      *ABS*:00000034 __CCP__
C:\DOCUME~1\ADMINI~1\LOCALS~1\Temp/cceJtjac.s:6      *ABS*:00000000 __tmp_reg__
C:\DOCUME~1\ADMINI~1\LOCALS~1\Temp/cceJtjac.s:7      *ABS*:00000001 __zero_reg__
C:\DOCUME~1\ADMINI~1\LOCALS~1\Temp/cceJtjac.s:11     .text:00000000 ferror

NO UNDEFINED SYMBOLS
