GAS LISTING C:\DOCUME~1\ADMINI~1\LOCALS~1\Temp/ccB8zl7X.s 			page 1


   1               		.file	"fgetc.c"
   2               	__SREG__ = 0x3f
   3               	__SP_H__ = 0x3e
   4               	__SP_L__ = 0x3d
   5               	__CCP__  = 0x34
   6               	__tmp_reg__ = 0
   7               	__zero_reg__ = 1
   8               		.text
   9               	.global	fgetc
  10               		.type	fgetc, @function
  11               	fgetc:
  12 0000 0F93      		push r16
  13 0002 1F93      		push r17
  14 0004 DF93      		push r29
  15 0006 CF93      		push r28
  16 0008 0F92      		push __tmp_reg__
  17 000a CDB7      		in r28,__SP_L__
  18 000c DEB7      		in r29,__SP_H__
  19               	/* prologue: function */
  20               	/* frame size = 1 */
  21 000e 8C01      		movw r16,r24
  22 0010 FC01      		movw r30,r24
  23 0012 8481      		ldd r24,Z+4
  24 0014 83FF      		sbrs r24,3
  25 0016 00C0      		rjmp .L2
  26 0018 877F      		andi r24,lo8(-9)
  27 001a 8483      		std Z+4,r24
  28 001c 2581      		ldd r18,Z+5
  29 001e 3681      		ldd r19,Z+6
  30 0020 00C0      		rjmp .L3
  31               	.L2:
  32 0022 F801      		movw r30,r16
  33 0024 8081      		ld r24,Z
  34 0026 9181      		ldd r25,Z+1
  35 0028 BE01      		movw r22,r28
  36 002a 6F5F      		subi r22,lo8(-(1))
  37 002c 7F4F      		sbci r23,hi8(-(1))
  38 002e 41E0      		ldi r20,lo8(1)
  39 0030 50E0      		ldi r21,hi8(1)
  40 0032 0E94 0000 		call _read
  41 0036 8130      		cpi r24,1
  42 0038 9105      		cpc r25,__zero_reg__
  43 003a 01F0      		breq .L4
  44 003c F801      		movw r30,r16
  45 003e 2481      		ldd r18,Z+4
  46 0040 892B      		or r24,r25
  47 0042 01F0      		breq .L5
  48 0044 2061      		ori r18,lo8(16)
  49 0046 00C0      		rjmp .L7
  50               	.L5:
  51 0048 2062      		ori r18,lo8(32)
  52 004a F801      		movw r30,r16
  53               	.L7:
  54 004c 2483      		std Z+4,r18
  55 004e 2FEF      		ldi r18,lo8(-1)
  56 0050 3FEF      		ldi r19,hi8(-1)
  57 0052 00C0      		rjmp .L3
GAS LISTING C:\DOCUME~1\ADMINI~1\LOCALS~1\Temp/ccB8zl7X.s 			page 2


  58               	.L4:
  59 0054 8981      		ldd r24,Y+1
  60 0056 282F      		mov r18,r24
  61 0058 30E0      		ldi r19,lo8(0)
  62               	.L3:
  63 005a C901      		movw r24,r18
  64               	/* epilogue start */
  65 005c 0F90      		pop __tmp_reg__
  66 005e CF91      		pop r28
  67 0060 DF91      		pop r29
  68 0062 1F91      		pop r17
  69 0064 0F91      		pop r16
  70 0066 0895      		ret
  71               		.size	fgetc, .-fgetc
GAS LISTING C:\DOCUME~1\ADMINI~1\LOCALS~1\Temp/ccB8zl7X.s 			page 3


DEFINED SYMBOLS
                            *ABS*:00000000 fgetc.c
C:\DOCUME~1\ADMINI~1\LOCALS~1\Temp/ccB8zl7X.s:2      *ABS*:0000003f __SREG__
C:\DOCUME~1\ADMINI~1\LOCALS~1\Temp/ccB8zl7X.s:3      *ABS*:0000003e __SP_H__
C:\DOCUME~1\ADMINI~1\LOCALS~1\Temp/ccB8zl7X.s:4      *ABS*:0000003d __SP_L__
C:\DOCUME~1\ADMINI~1\LOCALS~1\Temp/ccB8zl7X.s:5      *ABS*:00000034 __CCP__
C:\DOCUME~1\ADMINI~1\LOCALS~1\Temp/ccB8zl7X.s:6      *ABS*:00000000 __tmp_reg__
C:\DOCUME~1\ADMINI~1\LOCALS~1\Temp/ccB8zl7X.s:7      *ABS*:00000001 __zero_reg__
C:\DOCUME~1\ADMINI~1\LOCALS~1\Temp/ccB8zl7X.s:11     .text:00000000 fgetc

UNDEFINED SYMBOLS
_read
