GAS LISTING C:\DOCUME~1\ADMINI~1\LOCALS~1\Temp/cc6oBlAq.s 			page 1


   1               		.file	"filelength.c"
   2               	__SREG__ = 0x3f
   3               	__SP_H__ = 0x3e
   4               	__SP_L__ = 0x3d
   5               	__CCP__  = 0x34
   6               	__tmp_reg__ = 0
   7               	__zero_reg__ = 1
   8               		.text
   9               	.global	_filelength
  10               		.type	_filelength, @function
  11               	_filelength:
  12 0000 DF93      		push r29
  13 0002 CF93      		push r28
  14 0004 00D0      		rcall .
  15 0006 00D0      		rcall .
  16 0008 CDB7      		in r28,__SP_L__
  17 000a DEB7      		in r29,__SP_H__
  18               	/* prologue: function */
  19               	/* frame size = 4 */
  20 000c FC01      		movw r30,r24
  21 000e A281      		ldd r26,Z+2
  22 0010 B381      		ldd r27,Z+3
  23 0012 1097      		sbiw r26,0
  24 0014 01F4      		brne .L2
  25 0016 2385      		ldd r18,Z+11
  26 0018 3485      		ldd r19,Z+12
  27 001a 2115      		cp r18,__zero_reg__
  28 001c 3105      		cpc r19,__zero_reg__
  29 001e 01F0      		breq .L7
  30 0020 6AE0      		ldi r22,lo8(10)
  31 0022 70E0      		ldi r23,hi8(10)
  32 0024 AE01      		movw r20,r28
  33 0026 4F5F      		subi r20,lo8(-(1))
  34 0028 5F4F      		sbci r21,hi8(-(1))
  35 002a F901      		movw r30,r18
  36 002c 0995      		icall
  37 002e 892B      		or r24,r25
  38 0030 01F4      		brne .L7
  39 0032 2981      		ldd r18,Y+1
  40 0034 3A81      		ldd r19,Y+2
  41 0036 4B81      		ldd r20,Y+3
  42 0038 5C81      		ldd r21,Y+4
  43 003a 00C0      		rjmp .L4
  44               	.L2:
  45 003c 9196      		adiw r26,33
  46 003e 2D91      		ld r18,X+
  47 0040 3C91      		ld r19,X
  48 0042 9297      		sbiw r26,33+1
  49 0044 2115      		cp r18,__zero_reg__
  50 0046 3105      		cpc r19,__zero_reg__
  51 0048 01F4      		brne .L5
  52               	.L7:
  53 004a 89E0      		ldi r24,lo8(9)
  54 004c 90E0      		ldi r25,hi8(9)
  55 004e 9093 0000 		sts (errno)+1,r25
  56 0052 8093 0000 		sts errno,r24
  57 0056 2FEF      		ldi r18,lo8(-1)
GAS LISTING C:\DOCUME~1\ADMINI~1\LOCALS~1\Temp/cc6oBlAq.s 			page 2


  58 0058 3FEF      		ldi r19,hi8(-1)
  59 005a 4FEF      		ldi r20,hlo8(-1)
  60 005c 5FEF      		ldi r21,hhi8(-1)
  61 005e 00C0      		rjmp .L4
  62               	.L5:
  63 0060 F901      		movw r30,r18
  64 0062 0995      		icall
  65 0064 9B01      		movw r18,r22
  66 0066 AC01      		movw r20,r24
  67               	.L4:
  68 0068 B901      		movw r22,r18
  69 006a CA01      		movw r24,r20
  70               	/* epilogue start */
  71 006c 0F90      		pop __tmp_reg__
  72 006e 0F90      		pop __tmp_reg__
  73 0070 0F90      		pop __tmp_reg__
  74 0072 0F90      		pop __tmp_reg__
  75 0074 CF91      		pop r28
  76 0076 DF91      		pop r29
  77 0078 0895      		ret
  78               		.size	_filelength, .-_filelength
GAS LISTING C:\DOCUME~1\ADMINI~1\LOCALS~1\Temp/cc6oBlAq.s 			page 3


DEFINED SYMBOLS
                            *ABS*:00000000 filelength.c
C:\DOCUME~1\ADMINI~1\LOCALS~1\Temp/cc6oBlAq.s:2      *ABS*:0000003f __SREG__
C:\DOCUME~1\ADMINI~1\LOCALS~1\Temp/cc6oBlAq.s:3      *ABS*:0000003e __SP_H__
C:\DOCUME~1\ADMINI~1\LOCALS~1\Temp/cc6oBlAq.s:4      *ABS*:0000003d __SP_L__
C:\DOCUME~1\ADMINI~1\LOCALS~1\Temp/cc6oBlAq.s:5      *ABS*:00000034 __CCP__
C:\DOCUME~1\ADMINI~1\LOCALS~1\Temp/cc6oBlAq.s:6      *ABS*:00000000 __tmp_reg__
C:\DOCUME~1\ADMINI~1\LOCALS~1\Temp/cc6oBlAq.s:7      *ABS*:00000001 __zero_reg__
C:\DOCUME~1\ADMINI~1\LOCALS~1\Temp/cc6oBlAq.s:11     .text:00000000 _filelength

UNDEFINED SYMBOLS
errno
