GAS LISTING C:\DOCUME~1\ADMINI~1\LOCALS~1\Temp/ccyNOf6D.s 			page 1


   1               		.file	"fileno.c"
   2               	__SREG__ = 0x3f
   3               	__SP_H__ = 0x3e
   4               	__SP_L__ = 0x3d
   5               	__CCP__  = 0x34
   6               	__tmp_reg__ = 0
   7               	__zero_reg__ = 1
   8               		.text
   9               	.global	_fileno
  10               		.type	_fileno, @function
  11               	_fileno:
  12               	/* prologue: function */
  13               	/* frame size = 0 */
  14 0000 FC01      		movw r30,r24
  15 0002 8081      		ld r24,Z
  16 0004 9181      		ldd r25,Z+1
  17               	/* epilogue start */
  18 0006 0895      		ret
  19               		.size	_fileno, .-_fileno
GAS LISTING C:\DOCUME~1\ADMINI~1\LOCALS~1\Temp/ccyNOf6D.s 			page 2


DEFINED SYMBOLS
                            *ABS*:00000000 fileno.c
C:\DOCUME~1\ADMINI~1\LOCALS~1\Temp/ccyNOf6D.s:2      *ABS*:0000003f __SREG__
C:\DOCUME~1\ADMINI~1\LOCALS~1\Temp/ccyNOf6D.s:3      *ABS*:0000003e __SP_H__
C:\DOCUME~1\ADMINI~1\LOCALS~1\Temp/ccyNOf6D.s:4      *ABS*:0000003d __SP_L__
C:\DOCUME~1\ADMINI~1\LOCALS~1\Temp/ccyNOf6D.s:5      *ABS*:00000034 __CCP__
C:\DOCUME~1\ADMINI~1\LOCALS~1\Temp/ccyNOf6D.s:6      *ABS*:00000000 __tmp_reg__
C:\DOCUME~1\ADMINI~1\LOCALS~1\Temp/ccyNOf6D.s:7      *ABS*:00000001 __zero_reg__
C:\DOCUME~1\ADMINI~1\LOCALS~1\Temp/ccyNOf6D.s:11     .text:00000000 _fileno

NO UNDEFINED SYMBOLS
