GAS LISTING C:\DOCUME~1\ADMINI~1\LOCALS~1\Temp/ccIEZj36.s 			page 1


   1               		.file	"fputs_p.c"
   2               	__SREG__ = 0x3f
   3               	__SP_H__ = 0x3e
   4               	__SP_L__ = 0x3d
   5               	__CCP__  = 0x34
   6               	__tmp_reg__ = 0
   7               	__zero_reg__ = 1
   8               		.text
   9               	.global	fputs_P
  10               		.type	fputs_P, @function
  11               	fputs_P:
  12 0000 EF92      		push r14
  13 0002 FF92      		push r15
  14 0004 0F93      		push r16
  15 0006 1F93      		push r17
  16               	/* prologue: function */
  17               	/* frame size = 0 */
  18 0008 8C01      		movw r16,r24
  19 000a 7B01      		movw r14,r22
  20 000c 0E94 0000 		call strlen_P
  21 0010 AC01      		movw r20,r24
  22 0012 F701      		movw r30,r14
  23 0014 8081      		ld r24,Z
  24 0016 9181      		ldd r25,Z+1
  25 0018 B801      		movw r22,r16
  26 001a 0E94 0000 		call _write_P
  27               	/* epilogue start */
  28 001e 1F91      		pop r17
  29 0020 0F91      		pop r16
  30 0022 FF90      		pop r15
  31 0024 EF90      		pop r14
  32 0026 0895      		ret
  33               		.size	fputs_P, .-fputs_P
GAS LISTING C:\DOCUME~1\ADMINI~1\LOCALS~1\Temp/ccIEZj36.s 			page 2


DEFINED SYMBOLS
                            *ABS*:00000000 fputs_p.c
C:\DOCUME~1\ADMINI~1\LOCALS~1\Temp/ccIEZj36.s:2      *ABS*:0000003f __SREG__
C:\DOCUME~1\ADMINI~1\LOCALS~1\Temp/ccIEZj36.s:3      *ABS*:0000003e __SP_H__
C:\DOCUME~1\ADMINI~1\LOCALS~1\Temp/ccIEZj36.s:4      *ABS*:0000003d __SP_L__
C:\DOCUME~1\ADMINI~1\LOCALS~1\Temp/ccIEZj36.s:5      *ABS*:00000034 __CCP__
C:\DOCUME~1\ADMINI~1\LOCALS~1\Temp/ccIEZj36.s:6      *ABS*:00000000 __tmp_reg__
C:\DOCUME~1\ADMINI~1\LOCALS~1\Temp/ccIEZj36.s:7      *ABS*:00000001 __zero_reg__
C:\DOCUME~1\ADMINI~1\LOCALS~1\Temp/ccIEZj36.s:11     .text:00000000 fputs_P

UNDEFINED SYMBOLS
strlen_P
_write_P
