GAS LISTING C:\DOCUME~1\ADMINI~1\LOCALS~1\Temp/ccNl4mlZ.s 			page 1


   1               		.file	"fputc.c"
   2               	__SREG__ = 0x3f
   3               	__SP_H__ = 0x3e
   4               	__SP_L__ = 0x3d
   5               	__CCP__  = 0x34
   6               	__tmp_reg__ = 0
   7               	__zero_reg__ = 1
   8               		.text
   9               	.global	fputc
  10               		.type	fputc, @function
  11               	fputc:
  12 0000 0F93      		push r16
  13 0002 1F93      		push r17
  14 0004 DF93      		push r29
  15 0006 CF93      		push r28
  16 0008 0F92      		push __tmp_reg__
  17 000a CDB7      		in r28,__SP_L__
  18 000c DEB7      		in r29,__SP_H__
  19               	/* prologue: function */
  20               	/* frame size = 1 */
  21 000e 8C01      		movw r16,r24
  22 0010 FB01      		movw r30,r22
  23 0012 8983      		std Y+1,r24
  24 0014 8081      		ld r24,Z
  25 0016 9181      		ldd r25,Z+1
  26 0018 BE01      		movw r22,r28
  27 001a 6F5F      		subi r22,lo8(-(1))
  28 001c 7F4F      		sbci r23,hi8(-(1))
  29 001e 41E0      		ldi r20,lo8(1)
  30 0020 50E0      		ldi r21,hi8(1)
  31 0022 0E94 0000 		call _write
  32 0026 0197      		sbiw r24,1
  33 0028 01F0      		breq .L2
  34 002a 0FEF      		ldi r16,lo8(-1)
  35 002c 1FEF      		ldi r17,hi8(-1)
  36               	.L2:
  37 002e C801      		movw r24,r16
  38               	/* epilogue start */
  39 0030 0F90      		pop __tmp_reg__
  40 0032 CF91      		pop r28
  41 0034 DF91      		pop r29
  42 0036 1F91      		pop r17
  43 0038 0F91      		pop r16
  44 003a 0895      		ret
  45               		.size	fputc, .-fputc
GAS LISTING C:\DOCUME~1\ADMINI~1\LOCALS~1\Temp/ccNl4mlZ.s 			page 2


DEFINED SYMBOLS
                            *ABS*:00000000 fputc.c
C:\DOCUME~1\ADMINI~1\LOCALS~1\Temp/ccNl4mlZ.s:2      *ABS*:0000003f __SREG__
C:\DOCUME~1\ADMINI~1\LOCALS~1\Temp/ccNl4mlZ.s:3      *ABS*:0000003e __SP_H__
C:\DOCUME~1\ADMINI~1\LOCALS~1\Temp/ccNl4mlZ.s:4      *ABS*:0000003d __SP_L__
C:\DOCUME~1\ADMINI~1\LOCALS~1\Temp/ccNl4mlZ.s:5      *ABS*:00000034 __CCP__
C:\DOCUME~1\ADMINI~1\LOCALS~1\Temp/ccNl4mlZ.s:6      *ABS*:00000000 __tmp_reg__
C:\DOCUME~1\ADMINI~1\LOCALS~1\Temp/ccNl4mlZ.s:7      *ABS*:00000001 __zero_reg__
C:\DOCUME~1\ADMINI~1\LOCALS~1\Temp/ccNl4mlZ.s:11     .text:00000000 fputc

UNDEFINED SYMBOLS
_write
