GAS LISTING C:\DOCUME~1\ADMINI~1\LOCALS~1\Temp/ccEV2BDA.s 			page 1


   1               		.file	"getf.c"
   2               	__SREG__ = 0x3f
   3               	__SP_H__ = 0x3e
   4               	__SP_L__ = 0x3d
   5               	__CCP__  = 0x34
   6               	__tmp_reg__ = 0
   7               	__zero_reg__ = 1
   8               		.text
   9               	.global	_getf
  10               		.type	_getf, @function
  11               	_getf:
  12 0000 2F92      		push r2
  13 0002 3F92      		push r3
  14 0004 4F92      		push r4
  15 0006 5F92      		push r5
  16 0008 6F92      		push r6
  17 000a 7F92      		push r7
  18 000c 8F92      		push r8
  19 000e 9F92      		push r9
  20 0010 AF92      		push r10
  21 0012 BF92      		push r11
  22 0014 CF92      		push r12
  23 0016 DF92      		push r13
  24 0018 EF92      		push r14
  25 001a FF92      		push r15
  26 001c 0F93      		push r16
  27 001e 1F93      		push r17
  28 0020 DF93      		push r29
  29 0022 CF93      		push r28
  30 0024 CDB7      		in r28,__SP_L__
  31 0026 DEB7      		in r29,__SP_H__
  32 0028 6497      		sbiw r28,20
  33 002a 0FB6      		in __tmp_reg__,__SREG__
  34 002c F894      		cli
  35 002e DEBF      		out __SP_H__,r29
  36 0030 0FBE      		out __SREG__,__tmp_reg__
  37 0032 CDBF      		out __SP_L__,r28
  38               	/* prologue: function */
  39               	/* frame size = 20 */
  40 0034 2C01      		movw r4,r24
  41 0036 3B01      		movw r6,r22
  42 0038 1A01      		movw r2,r20
  43 003a 5901      		movw r10,r18
  44 003c 1B8A      		std Y+19,__zero_reg__
  45 003e CC24      		clr r12
  46               	.L10:
  47 0040 DD24      		clr r13
  48               	.L82:
  49 0042 D101      		movw r26,r2
  50 0044 1C91      		ld r17,X
  51 0046 1123      		tst r17
  52 0048 01F4      		brne .+2
  53 004a 00C0      		rjmp .L91
  54               	.L3:
  55 004c 0894      		sec
  56 004e 211C      		adc r2,__zero_reg__
  57 0050 311C      		adc r3,__zero_reg__
GAS LISTING C:\DOCUME~1\ADMINI~1\LOCALS~1\Temp/ccEV2BDA.s 			page 2


  58 0052 812F      		mov r24,r17
  59 0054 90E0      		ldi r25,lo8(0)
  60 0056 0E94 0000 		call isspace
  61 005a 892B      		or r24,r25
  62 005c 01F0      		breq .L5
  63               	.L75:
  64 005e C301      		movw r24,r6
  65 0060 BE01      		movw r22,r28
  66 0062 6F5F      		subi r22,lo8(-(1))
  67 0064 7F4F      		sbci r23,hi8(-(1))
  68 0066 41E0      		ldi r20,lo8(1)
  69 0068 50E0      		ldi r21,hi8(1)
  70 006a F201      		movw r30,r4
  71 006c 0995      		icall
  72 006e 0197      		sbiw r24,1
  73 0070 01F4      		brne .L82
  74 0072 8981      		ldd r24,Y+1
  75 0074 90E0      		ldi r25,lo8(0)
  76 0076 0E94 0000 		call isspace
  77 007a 892B      		or r24,r25
  78 007c 01F4      		brne .L75
  79 007e DD24      		clr r13
  80 0080 D394      		inc r13
  81 0082 00C0      		rjmp .L82
  82               	.L5:
  83 0084 1532      		cpi r17,lo8(37)
  84 0086 01F0      		breq .L7
  85 0088 DD20      		tst r13
  86 008a 01F4      		brne .L8
  87 008c C301      		movw r24,r6
  88 008e BE01      		movw r22,r28
  89 0090 6F5F      		subi r22,lo8(-(1))
  90 0092 7F4F      		sbci r23,hi8(-(1))
  91 0094 41E0      		ldi r20,lo8(1)
  92 0096 50E0      		ldi r21,hi8(1)
  93 0098 F201      		movw r30,r4
  94 009a 0995      		icall
  95 009c 0197      		sbiw r24,1
  96 009e 01F0      		breq .L8
  97 00a0 BB89      		ldd r27,Y+19
  98 00a2 BB23      		tst r27
  99 00a4 01F0      		breq .+2
 100 00a6 00C0      		rjmp .L91
 101 00a8 00C0      		rjmp .L9
 102               	.L8:
 103 00aa 8981      		ldd r24,Y+1
 104 00ac 8117      		cp r24,r17
 105 00ae 01F0      		breq .L10
 106 00b0 00C0      		rjmp .L91
 107               	.L7:
 108 00b2 F101      		movw r30,r2
 109 00b4 2191      		ld r18,Z+
 110 00b6 1F01      		movw r2,r30
 111 00b8 2532      		cpi r18,lo8(37)
 112 00ba 01F4      		brne .L11
 113 00bc DD20      		tst r13
 114 00be 01F4      		brne .L12
GAS LISTING C:\DOCUME~1\ADMINI~1\LOCALS~1\Temp/ccEV2BDA.s 			page 3


 115 00c0 C301      		movw r24,r6
 116 00c2 BE01      		movw r22,r28
 117 00c4 6F5F      		subi r22,lo8(-(1))
 118 00c6 7F4F      		sbci r23,hi8(-(1))
 119 00c8 41E0      		ldi r20,lo8(1)
 120 00ca 50E0      		ldi r21,hi8(1)
 121 00cc F201      		movw r30,r4
 122 00ce 0995      		icall
 123 00d0 0197      		sbiw r24,1
 124 00d2 01F0      		breq .+2
 125 00d4 00C0      		rjmp .L35
 126               	.L12:
 127 00d6 8981      		ldd r24,Y+1
 128 00d8 8532      		cpi r24,lo8(37)
 129 00da 01F4      		brne .+2
 130 00dc 00C0      		rjmp .L10
 131 00de 00C0      		rjmp .L91
 132               	.L11:
 133 00e0 00E0      		ldi r16,lo8(0)
 134 00e2 10E0      		ldi r17,hi8(0)
 135 00e4 FF24      		clr r15
 136 00e6 1A8A      		std Y+18,__zero_reg__
 137               	.L18:
 138 00e8 2A32      		cpi r18,lo8(42)
 139 00ea 01F4      		brne .L13
 140 00ec 82E0      		ldi r24,lo8(2)
 141 00ee F82A      		or r15,r24
 142 00f0 00C0      		rjmp .L14
 143               	.L13:
 144 00f2 2C36      		cpi r18,lo8(108)
 145 00f4 01F4      		brne .L15
 146 00f6 91E0      		ldi r25,lo8(1)
 147 00f8 F92A      		or r15,r25
 148 00fa 00C0      		rjmp .L14
 149               	.L15:
 150 00fc 2836      		cpi r18,lo8(104)
 151 00fe 01F4      		brne .L16
 152 0100 AA89      		ldd r26,Y+18
 153 0102 AF5F      		subi r26,lo8(-(1))
 154 0104 AA8B      		std Y+18,r26
 155 0106 00C0      		rjmp .L14
 156               	.L16:
 157 0108 822F      		mov r24,r18
 158 010a 8053      		subi r24,lo8(-(-48))
 159 010c 8A30      		cpi r24,lo8(10)
 160 010e 00F4      		brsh .L17
 161 0110 C801      		movw r24,r16
 162 0112 A3E0      		ldi r26,3
 163 0114 880F      	1:	lsl r24
 164 0116 991F      		rol r25
 165 0118 AA95      		dec r26
 166 011a 01F4      		brne 1b
 167 011c 000F      		lsl r16
 168 011e 111F      		rol r17
 169 0120 080F      		add r16,r24
 170 0122 191F      		adc r17,r25
 171 0124 020F      		add r16,r18
GAS LISTING C:\DOCUME~1\ADMINI~1\LOCALS~1\Temp/ccEV2BDA.s 			page 4


 172 0126 111D      		adc r17,__zero_reg__
 173 0128 0053      		subi r16,lo8(-(-48))
 174 012a 1040      		sbci r17,hi8(-(-48))
 175               	.L14:
 176 012c F101      		movw r30,r2
 177 012e 2191      		ld r18,Z+
 178 0130 1F01      		movw r2,r30
 179 0132 00C0      		rjmp .L18
 180               	.L17:
 181 0134 2936      		cpi r18,lo8(105)
 182 0136 01F0      		breq .L22
 183 0138 2A36      		cpi r18,lo8(106)
 184 013a 00F4      		brsh .L25
 185 013c 2835      		cpi r18,lo8(88)
 186 013e 01F0      		breq .L20
 187 0140 2336      		cpi r18,lo8(99)
 188 0142 01F4      		brne .+2
 189 0144 00C0      		rjmp .L21
 190 0146 2223      		tst r18
 191 0148 01F4      		brne .+2
 192 014a 00C0      		rjmp .L9
 193 014c 00C0      		rjmp .L19
 194               	.L25:
 195 014e 2337      		cpi r18,lo8(115)
 196 0150 01F0      		breq .L24
 197 0152 2837      		cpi r18,lo8(120)
 198 0154 01F0      		breq .L20
 199 0156 2F36      		cpi r18,lo8(111)
 200 0158 01F4      		brne .L19
 201 015a 00C0      		rjmp .L94
 202               	.L24:
 203 015c F2E0      		ldi r31,lo8(2)
 204 015e FC8B      		std Y+20,r31
 205 0160 00C0      		rjmp .L85
 206               	.L19:
 207 0162 83E0      		ldi r24,lo8(3)
 208 0164 8C8B      		std Y+20,r24
 209               	.L85:
 210 0166 EAE0      		ldi r30,lo8(10)
 211 0168 EE2E      		mov r14,r30
 212 016a 00C0      		rjmp .L26
 213               	.L22:
 214 016c 93E0      		ldi r25,lo8(3)
 215 016e 9C8B      		std Y+20,r25
 216 0170 EE24      		clr r14
 217 0172 00C0      		rjmp .L26
 218               	.L94:
 219 0174 A3E0      		ldi r26,lo8(3)
 220 0176 AC8B      		std Y+20,r26
 221 0178 78E0      		ldi r23,lo8(8)
 222 017a E72E      		mov r14,r23
 223 017c 00C0      		rjmp .L26
 224               	.L20:
 225 017e B0E1      		ldi r27,lo8(16)
 226 0180 FB2A      		or r15,r27
 227 0182 E3E0      		ldi r30,lo8(3)
 228 0184 EC8B      		std Y+20,r30
GAS LISTING C:\DOCUME~1\ADMINI~1\LOCALS~1\Temp/ccEV2BDA.s 			page 5


 229 0186 60E1      		ldi r22,lo8(16)
 230 0188 E62E      		mov r14,r22
 231               	.L26:
 232 018a DD20      		tst r13
 233 018c 01F0      		breq .+2
 234 018e 00C0      		rjmp .L76
 235 0190 00C0      		rjmp .L95
 236               	.L72:
 237 0192 F1FC      		sbrc r15,1
 238 0194 00C0      		rjmp .L80
 239 0196 00C0      		rjmp .L96
 240               	.L32:
 241 0198 DD20      		tst r13
 242 019a 01F4      		brne .L31
 243 019c C301      		movw r24,r6
 244 019e BE01      		movw r22,r28
 245 01a0 6E5F      		subi r22,lo8(-(2))
 246 01a2 7F4F      		sbci r23,hi8(-(2))
 247 01a4 40E1      		ldi r20,lo8(16)
 248 01a6 50E0      		ldi r21,hi8(16)
 249 01a8 F201      		movw r30,r4
 250 01aa 0995      		icall
 251 01ac 1816      		cp __zero_reg__,r24
 252 01ae 1906      		cpc __zero_reg__,r25
 253 01b0 04F4      		brge .L35
 254               	.L31:
 255 01b2 0051      		subi r16,lo8(-(-16))
 256 01b4 1040      		sbci r17,hi8(-(-16))
 257               	.L80:
 258 01b6 0131      		cpi r16,17
 259 01b8 1105      		cpc r17,__zero_reg__
 260 01ba 00F4      		brsh .L32
 261 01bc 0115      		cp r16,__zero_reg__
 262 01be 1105      		cpc r17,__zero_reg__
 263 01c0 01F0      		breq .L33
 264 01c2 DD20      		tst r13
 265 01c4 01F4      		brne .L33
 266 01c6 C301      		movw r24,r6
 267 01c8 BE01      		movw r22,r28
 268 01ca 6E5F      		subi r22,lo8(-(2))
 269 01cc 7F4F      		sbci r23,hi8(-(2))
 270 01ce A801      		movw r20,r16
 271 01d0 F201      		movw r30,r4
 272 01d2 0995      		icall
 273 01d4 1816      		cp __zero_reg__,r24
 274 01d6 1906      		cpc __zero_reg__,r25
 275 01d8 04F0      		brlt .L33
 276 01da 8B89      		ldd r24,Y+19
 277 01dc 8823      		tst r24
 278 01de 01F0      		breq .+2
 279 01e0 00C0      		rjmp .L91
 280 01e2 00C0      		rjmp .L9
 281               	.L96:
 282 01e4 DD20      		tst r13
 283 01e6 01F4      		brne .L34
 284 01e8 D501      		movw r26,r10
 285 01ea 6D91      		ld r22,X+
GAS LISTING C:\DOCUME~1\ADMINI~1\LOCALS~1\Temp/ccEV2BDA.s 			page 6


 286 01ec 7C91      		ld r23,X
 287 01ee C301      		movw r24,r6
 288 01f0 A801      		movw r20,r16
 289 01f2 F201      		movw r30,r4
 290 01f4 0995      		icall
 291 01f6 1816      		cp __zero_reg__,r24
 292 01f8 1906      		cpc __zero_reg__,r25
 293 01fa 04F4      		brge .L35
 294 01fc E2E0      		ldi r30,lo8(2)
 295 01fe F0E0      		ldi r31,hi8(2)
 296 0200 AE0E      		add r10,r30
 297 0202 BF1E      		adc r11,r31
 298 0204 00C0      		rjmp .L34
 299               	.L35:
 300 0206 FB89      		ldd r31,Y+19
 301 0208 FF23      		tst r31
 302 020a 01F0      		breq .+2
 303 020c 00C0      		rjmp .L91
 304 020e 00C0      		rjmp .L9
 305               	.L34:
 306 0210 C394      		inc r12
 307               	.L33:
 308 0212 8B89      		ldd r24,Y+19
 309 0214 8F5F      		subi r24,lo8(-(1))
 310 0216 8B8B      		std Y+19,r24
 311 0218 00C0      		rjmp .L10
 312               	.L95:
 313 021a C301      		movw r24,r6
 314 021c BE01      		movw r22,r28
 315 021e 6F5F      		subi r22,lo8(-(1))
 316 0220 7F4F      		sbci r23,hi8(-(1))
 317 0222 41E0      		ldi r20,lo8(1)
 318 0224 50E0      		ldi r21,hi8(1)
 319 0226 F201      		movw r30,r4
 320 0228 0995      		icall
 321 022a 0197      		sbiw r24,1
 322 022c 01F0      		breq .L76
 323 022e 9B89      		ldd r25,Y+19
 324 0230 9923      		tst r25
 325 0232 01F0      		breq .+2
 326 0234 00C0      		rjmp .L91
 327 0236 00C0      		rjmp .L9
 328               	.L36:
 329 0238 C301      		movw r24,r6
 330 023a BE01      		movw r22,r28
 331 023c 6F5F      		subi r22,lo8(-(1))
 332 023e 7F4F      		sbci r23,hi8(-(1))
 333 0240 41E0      		ldi r20,lo8(1)
 334 0242 50E0      		ldi r21,hi8(1)
 335 0244 F201      		movw r30,r4
 336 0246 0995      		icall
 337 0248 0197      		sbiw r24,1
 338 024a 01F0      		breq .L76
 339 024c AB89      		ldd r26,Y+19
 340 024e AA23      		tst r26
 341 0250 01F0      		breq .+2
 342 0252 00C0      		rjmp .L91
GAS LISTING C:\DOCUME~1\ADMINI~1\LOCALS~1\Temp/ccEV2BDA.s 			page 7


 343 0254 00C0      		rjmp .L9
 344               	.L76:
 345 0256 8981      		ldd r24,Y+1
 346 0258 90E0      		ldi r25,lo8(0)
 347 025a 0E94 0000 		call isspace
 348 025e 892B      		or r24,r25
 349 0260 01F4      		brne .L36
 350 0262 BC89      		ldd r27,Y+20
 351 0264 B230      		cpi r27,lo8(2)
 352 0266 01F0      		breq .+2
 353 0268 00C0      		rjmp .L37
 354 026a 0115      		cp r16,__zero_reg__
 355 026c 1105      		cpc r17,__zero_reg__
 356 026e 01F4      		brne .L38
 357 0270 0FEF      		ldi r16,lo8(-1)
 358 0272 1FEF      		ldi r17,hi8(-1)
 359               	.L38:
 360 0274 F1FC      		sbrc r15,1
 361 0276 00C0      		rjmp .L81
 362 0278 00C0      		rjmp .L97
 363               	.L42:
 364 027a 0150      		subi r16,lo8(-(-1))
 365 027c 1040      		sbci r17,hi8(-(-1))
 366 027e 01F0      		breq .L41
 367 0280 C301      		movw r24,r6
 368 0282 BE01      		movw r22,r28
 369 0284 6F5F      		subi r22,lo8(-(1))
 370 0286 7F4F      		sbci r23,hi8(-(1))
 371 0288 41E0      		ldi r20,lo8(1)
 372 028a 50E0      		ldi r21,hi8(1)
 373 028c F201      		movw r30,r4
 374 028e 0995      		icall
 375 0290 0197      		sbiw r24,1
 376 0292 01F4      		brne .L41
 377               	.L81:
 378 0294 8981      		ldd r24,Y+1
 379 0296 90E0      		ldi r25,lo8(0)
 380 0298 0E94 0000 		call isspace
 381 029c 892B      		or r24,r25
 382 029e 01F0      		breq .L42
 383 02a0 00C0      		rjmp .L41
 384               	.L97:
 385 02a2 F501      		movw r30,r10
 386 02a4 E080      		ld r14,Z
 387 02a6 F180      		ldd r15,Z+1
 388 02a8 00C0      		rjmp .L43
 389               	.L45:
 390 02aa D701      		movw r26,r14
 391 02ac DD92      		st X+,r13
 392 02ae 7D01      		movw r14,r26
 393 02b0 0150      		subi r16,lo8(-(-1))
 394 02b2 1040      		sbci r17,hi8(-(-1))
 395 02b4 01F0      		breq .L44
 396 02b6 C301      		movw r24,r6
 397 02b8 BE01      		movw r22,r28
 398 02ba 6F5F      		subi r22,lo8(-(1))
 399 02bc 7F4F      		sbci r23,hi8(-(1))
GAS LISTING C:\DOCUME~1\ADMINI~1\LOCALS~1\Temp/ccEV2BDA.s 			page 8


 400 02be 41E0      		ldi r20,lo8(1)
 401 02c0 50E0      		ldi r21,hi8(1)
 402 02c2 F201      		movw r30,r4
 403 02c4 0995      		icall
 404 02c6 0197      		sbiw r24,1
 405 02c8 01F4      		brne .L44
 406               	.L43:
 407 02ca D980      		ldd r13,Y+1
 408 02cc 8D2D      		mov r24,r13
 409 02ce 90E0      		ldi r25,lo8(0)
 410 02d0 0E94 0000 		call isspace
 411 02d4 892B      		or r24,r25
 412 02d6 01F0      		breq .L45
 413               	.L44:
 414 02d8 E2E0      		ldi r30,lo8(2)
 415 02da F0E0      		ldi r31,hi8(2)
 416 02dc AE0E      		add r10,r30
 417 02de BF1E      		adc r11,r31
 418 02e0 D701      		movw r26,r14
 419 02e2 1C92      		st X,__zero_reg__
 420 02e4 C394      		inc r12
 421               	.L41:
 422 02e6 BB89      		ldd r27,Y+19
 423 02e8 BF5F      		subi r27,lo8(-(1))
 424 02ea BB8B      		std Y+19,r27
 425 02ec 00C0      		rjmp .L10
 426               	.L37:
 427 02ee C801      		movw r24,r16
 428 02f0 0197      		sbiw r24,1
 429 02f2 0F97      		sbiw r24,15
 430 02f4 00F0      		brlo .L46
 431 02f6 0FE0      		ldi r16,lo8(15)
 432 02f8 10E0      		ldi r17,hi8(15)
 433               	.L46:
 434 02fa ECE2      		ldi r30,lo8(44)
 435 02fc FE2A      		or r15,r30
 436 02fe 52E0      		ldi r21,lo8(2)
 437 0300 852E      		mov r8,r21
 438 0302 912C      		mov r9,__zero_reg__
 439 0304 8C0E      		add r8,r28
 440 0306 9D1E      		adc r9,r29
 441 0308 00C0      		rjmp .L47
 442               	.L65:
 443 030a 9981      		ldd r25,Y+1
 444 030c 9033      		cpi r25,lo8(48)
 445 030e 01F4      		brne .L48
 446 0310 EE20      		tst r14
 447 0312 01F4      		brne .L49
 448 0314 F0E1      		ldi r31,lo8(16)
 449 0316 FF2A      		or r15,r31
 450 0318 48E0      		ldi r20,lo8(8)
 451 031a E42E      		mov r14,r20
 452               	.L49:
 453 031c F5FE      		sbrs r15,5
 454 031e 00C0      		rjmp .L86
 455 0320 83ED      		ldi r24,lo8(-45)
 456 0322 F822      		and r15,r24
GAS LISTING C:\DOCUME~1\ADMINI~1\LOCALS~1\Temp/ccEV2BDA.s 			page 9


 457 0324 00C0      		rjmp .L51
 458               	.L48:
 459 0326 892F      		mov r24,r25
 460 0328 8153      		subi r24,lo8(-(-49))
 461 032a 8730      		cpi r24,lo8(7)
 462 032c 00F4      		brsh .L52
 463 032e EE20      		tst r14
 464 0330 01F4      		brne .L53
 465 0332 3AE0      		ldi r19,lo8(10)
 466 0334 E32E      		mov r14,r19
 467               	.L53:
 468 0336 B3EE      		ldi r27,lo8(-29)
 469 0338 00C0      		rjmp .L87
 470               	.L52:
 471 033a 892F      		mov r24,r25
 472 033c 8853      		subi r24,lo8(-(-56))
 473 033e 8230      		cpi r24,lo8(2)
 474 0340 00F4      		brsh .L54
 475 0342 EE20      		tst r14
 476 0344 01F4      		brne .L55
 477 0346 2AE0      		ldi r18,lo8(10)
 478 0348 E22E      		mov r14,r18
 479 034a 00C0      		rjmp .L56
 480               	.L55:
 481 034c E8E0      		ldi r30,lo8(8)
 482 034e EE15      		cp r30,r14
 483 0350 00F4      		brsh .L57
 484               	.L56:
 485 0352 F3EE      		ldi r31,lo8(-29)
 486 0354 FF22      		and r15,r31
 487 0356 00C0      		rjmp .L51
 488               	.L54:
 489 0358 892F      		mov r24,r25
 490 035a 8154      		subi r24,lo8(-(-65))
 491 035c 8630      		cpi r24,lo8(6)
 492 035e 00F0      		brlo .L58
 493 0360 8052      		subi r24,lo8(-(-32))
 494 0362 8630      		cpi r24,lo8(6)
 495 0364 00F4      		brsh .L59
 496               	.L58:
 497 0366 8AE0      		ldi r24,lo8(10)
 498 0368 8E15      		cp r24,r14
 499 036a 00F4      		brsh .L57
 500               	.L86:
 501 036c A3EE      		ldi r26,lo8(-29)
 502 036e FA22      		and r15,r26
 503 0370 00C0      		rjmp .L51
 504               	.L59:
 505 0372 9D32      		cpi r25,lo8(45)
 506 0374 01F0      		breq .L60
 507 0376 9B32      		cpi r25,lo8(43)
 508 0378 01F4      		brne .L61
 509               	.L60:
 510 037a F2FE      		sbrs r15,2
 511 037c 00C0      		rjmp .L57
 512 037e BBEF      		ldi r27,lo8(-5)
 513               	.L87:
GAS LISTING C:\DOCUME~1\ADMINI~1\LOCALS~1\Temp/ccEV2BDA.s 			page 10


 514 0380 FB22      		and r15,r27
 515 0382 00C0      		rjmp .L51
 516               	.L61:
 517 0384 9837      		cpi r25,lo8(120)
 518 0386 01F0      		breq .L62
 519 0388 9835      		cpi r25,lo8(88)
 520 038a 01F0      		breq .L62
 521 038c DD24      		clr r13
 522 038e D394      		inc r13
 523 0390 00C0      		rjmp .L63
 524               	.L62:
 525 0392 F4FE      		sbrs r15,4
 526 0394 00C0      		rjmp .L57
 527 0396 EFEE      		ldi r30,lo8(-17)
 528 0398 FE22      		and r15,r30
 529 039a 80E1      		ldi r24,lo8(16)
 530 039c E82E      		mov r14,r24
 531               	.L51:
 532 039e D401      		movw r26,r8
 533 03a0 9D93      		st X+,r25
 534 03a2 4D01      		movw r8,r26
 535 03a4 0230      		cpi r16,2
 536 03a6 1105      		cpc r17,__zero_reg__
 537 03a8 00F0      		brlo .L64
 538 03aa C301      		movw r24,r6
 539 03ac BE01      		movw r22,r28
 540 03ae 6F5F      		subi r22,lo8(-(1))
 541 03b0 7F4F      		sbci r23,hi8(-(1))
 542 03b2 41E0      		ldi r20,lo8(1)
 543 03b4 50E0      		ldi r21,hi8(1)
 544 03b6 F201      		movw r30,r4
 545 03b8 0995      		icall
 546 03ba 0197      		sbiw r24,1
 547 03bc 01F4      		brne .L57
 548               	.L64:
 549 03be 0150      		subi r16,lo8(-(-1))
 550 03c0 1040      		sbci r17,hi8(-(-1))
 551               	.L47:
 552 03c2 0115      		cp r16,__zero_reg__
 553 03c4 1105      		cpc r17,__zero_reg__
 554 03c6 01F0      		breq .+2
 555 03c8 00C0      		rjmp .L65
 556               	.L57:
 557 03ca DD24      		clr r13
 558               	.L63:
 559 03cc F3FE      		sbrs r15,3
 560 03ce 00C0      		rjmp .L66
 561               	.L91:
 562 03d0 2C2D      		mov r18,r12
 563 03d2 30E0      		ldi r19,lo8(0)
 564 03d4 00C0      		rjmp .L4
 565               	.L66:
 566 03d6 F1FC      		sbrc r15,1
 567 03d8 00C0      		rjmp .L67
 568 03da F401      		movw r30,r8
 569 03dc 1082      		st Z,__zero_reg__
 570 03de CE01      		movw r24,r28
GAS LISTING C:\DOCUME~1\ADMINI~1\LOCALS~1\Temp/ccEV2BDA.s 			page 11


 571 03e0 0296      		adiw r24,2
 572 03e2 60E0      		ldi r22,lo8(0)
 573 03e4 70E0      		ldi r23,hi8(0)
 574 03e6 4E2D      		mov r20,r14
 575 03e8 50E0      		ldi r21,lo8(0)
 576 03ea 0E94 0000 		call strtol
 577 03ee F0FE      		sbrs r15,0
 578 03f0 00C0      		rjmp .L68
 579 03f2 D501      		movw r26,r10
 580 03f4 ED91      		ld r30,X+
 581 03f6 FC91      		ld r31,X
 582 03f8 6083      		st Z,r22
 583 03fa 7183      		std Z+1,r23
 584 03fc 8283      		std Z+2,r24
 585 03fe 9383      		std Z+3,r25
 586 0400 00C0      		rjmp .L88
 587               	.L68:
 588 0402 FA89      		ldd r31,Y+18
 589 0404 F130      		cpi r31,lo8(1)
 590 0406 01F4      		brne .L70
 591 0408 D501      		movw r26,r10
 592 040a ED91      		ld r30,X+
 593 040c FC91      		ld r31,X
 594 040e CB01      		movw r24,r22
 595 0410 6083      		st Z,r22
 596 0412 9183      		std Z+1,r25
 597               	.L88:
 598 0414 E2E0      		ldi r30,lo8(2)
 599 0416 F0E0      		ldi r31,hi8(2)
 600 0418 AE0E      		add r10,r30
 601 041a BF1E      		adc r11,r31
 602 041c 00C0      		rjmp .L69
 603               	.L70:
 604 041e 9501      		movw r18,r10
 605 0420 2E5F      		subi r18,lo8(-(2))
 606 0422 3F4F      		sbci r19,hi8(-(2))
 607 0424 FA89      		ldd r31,Y+18
 608 0426 FF23      		tst r31
 609 0428 01F0      		breq .L71
 610 042a D501      		movw r26,r10
 611 042c ED91      		ld r30,X+
 612 042e FC91      		ld r31,X
 613 0430 6083      		st Z,r22
 614 0432 00C0      		rjmp .L89
 615               	.L71:
 616 0434 D501      		movw r26,r10
 617 0436 ED91      		ld r30,X+
 618 0438 FC91      		ld r31,X
 619 043a CB01      		movw r24,r22
 620 043c 6083      		st Z,r22
 621 043e 9183      		std Z+1,r25
 622               	.L89:
 623 0440 5901      		movw r10,r18
 624               	.L69:
 625 0442 C394      		inc r12
 626               	.L67:
 627 0444 BB89      		ldd r27,Y+19
GAS LISTING C:\DOCUME~1\ADMINI~1\LOCALS~1\Temp/ccEV2BDA.s 			page 12


 628 0446 BF5F      		subi r27,lo8(-(1))
 629 0448 BB8B      		std Y+19,r27
 630 044a 00C0      		rjmp .L82
 631               	.L9:
 632 044c 2FEF      		ldi r18,lo8(-1)
 633 044e 3FEF      		ldi r19,hi8(-1)
 634               	.L4:
 635 0450 C901      		movw r24,r18
 636               	/* epilogue start */
 637 0452 6496      		adiw r28,20
 638 0454 0FB6      		in __tmp_reg__,__SREG__
 639 0456 F894      		cli
 640 0458 DEBF      		out __SP_H__,r29
 641 045a 0FBE      		out __SREG__,__tmp_reg__
 642 045c CDBF      		out __SP_L__,r28
 643 045e CF91      		pop r28
 644 0460 DF91      		pop r29
 645 0462 1F91      		pop r17
 646 0464 0F91      		pop r16
 647 0466 FF90      		pop r15
 648 0468 EF90      		pop r14
 649 046a DF90      		pop r13
 650 046c CF90      		pop r12
 651 046e BF90      		pop r11
 652 0470 AF90      		pop r10
 653 0472 9F90      		pop r9
 654 0474 8F90      		pop r8
 655 0476 7F90      		pop r7
 656 0478 6F90      		pop r6
 657 047a 5F90      		pop r5
 658 047c 4F90      		pop r4
 659 047e 3F90      		pop r3
 660 0480 2F90      		pop r2
 661 0482 0895      		ret
 662               	.L21:
 663 0484 0115      		cp r16,__zero_reg__
 664 0486 1105      		cpc r17,__zero_reg__
 665 0488 01F0      		breq .+2
 666 048a 00C0      		rjmp .L72
 667 048c 01E0      		ldi r16,lo8(1)
 668 048e 10E0      		ldi r17,hi8(1)
 669 0490 00C0      		rjmp .L72
 670               		.size	_getf, .-_getf
GAS LISTING C:\DOCUME~1\ADMINI~1\LOCALS~1\Temp/ccEV2BDA.s 			page 13


DEFINED SYMBOLS
                            *ABS*:00000000 getf.c
C:\DOCUME~1\ADMINI~1\LOCALS~1\Temp/ccEV2BDA.s:2      *ABS*:0000003f __SREG__
C:\DOCUME~1\ADMINI~1\LOCALS~1\Temp/ccEV2BDA.s:3      *ABS*:0000003e __SP_H__
C:\DOCUME~1\ADMINI~1\LOCALS~1\Temp/ccEV2BDA.s:4      *ABS*:0000003d __SP_L__
C:\DOCUME~1\ADMINI~1\LOCALS~1\Temp/ccEV2BDA.s:5      *ABS*:00000034 __CCP__
C:\DOCUME~1\ADMINI~1\LOCALS~1\Temp/ccEV2BDA.s:6      *ABS*:00000000 __tmp_reg__
C:\DOCUME~1\ADMINI~1\LOCALS~1\Temp/ccEV2BDA.s:7      *ABS*:00000001 __zero_reg__
C:\DOCUME~1\ADMINI~1\LOCALS~1\Temp/ccEV2BDA.s:11     .text:00000000 _getf

UNDEFINED SYMBOLS
isspace
strtol
