GAS LISTING C:\DOCUME~1\ADMINI~1\LOCALS~1\Temp/ccAdfd3N.s 			page 1


   1               		.file	"gmtime.c"
   2               	__SREG__ = 0x3f
   3               	__SP_H__ = 0x3e
   4               	__SP_L__ = 0x3d
   5               	__CCP__  = 0x34
   6               	__tmp_reg__ = 0
   7               	__zero_reg__ = 1
   8               		.text
   9               	.global	gmtime_r
  10               		.type	gmtime_r, @function
  11               	gmtime_r:
  12 0000 4F92      		push r4
  13 0002 5F92      		push r5
  14 0004 6F92      		push r6
  15 0006 7F92      		push r7
  16 0008 8F92      		push r8
  17 000a 9F92      		push r9
  18 000c AF92      		push r10
  19 000e BF92      		push r11
  20 0010 CF92      		push r12
  21 0012 DF92      		push r13
  22 0014 EF92      		push r14
  23 0016 FF92      		push r15
  24 0018 0F93      		push r16
  25 001a 1F93      		push r17
  26 001c CF93      		push r28
  27 001e DF93      		push r29
  28               	/* prologue: function */
  29               	/* frame size = 0 */
  30 0020 FC01      		movw r30,r24
  31 0022 2B01      		movw r4,r22
  32 0024 8081      		ld r24,Z
  33 0026 9181      		ldd r25,Z+1
  34 0028 2281      		ldd r18,Z+2
  35 002a 3381      		ldd r19,Z+3
  36 002c 6115      		cp r22,__zero_reg__
  37 002e 7105      		cpc r23,__zero_reg__
  38 0030 01F4      		brne .L2
  39 0032 2FEF      		ldi r18,lo8(-1)
  40 0034 3FEF      		ldi r19,hi8(-1)
  41 0036 00C0      		rjmp .L3
  42               	.L2:
  43 0038 3C01      		movw r6,r24
  44 003a 4901      		movw r8,r18
  45 003c C401      		movw r24,r8
  46 003e B301      		movw r22,r6
  47 0040 20E8      		ldi r18,lo8(126230400)
  48 0042 3FE1      		ldi r19,hi8(126230400)
  49 0044 46E8      		ldi r20,hlo8(126230400)
  50 0046 57E0      		ldi r21,hhi8(126230400)
  51 0048 0E94 0000 		call __udivmodsi4
  52 004c 7901      		movw r14,r18
  53 004e 8A01      		movw r16,r20
  54 0050 C801      		movw r24,r16
  55 0052 B701      		movw r22,r14
  56 0054 20E8      		ldi r18,lo8(126230400)
  57 0056 3FE1      		ldi r19,hi8(126230400)
GAS LISTING C:\DOCUME~1\ADMINI~1\LOCALS~1\Temp/ccAdfd3N.s 			page 2


  58 0058 46E8      		ldi r20,hlo8(126230400)
  59 005a 57E0      		ldi r21,hhi8(126230400)
  60 005c 0E94 0000 		call __mulsi3
  61 0060 6401      		movw r12,r8
  62 0062 5301      		movw r10,r6
  63 0064 A61A      		sub r10,r22
  64 0066 B70A      		sbc r11,r23
  65 0068 C80A      		sbc r12,r24
  66 006a D90A      		sbc r13,r25
  67 006c D801      		movw r26,r16
  68 006e C701      		movw r24,r14
  69 0070 32E0      		ldi r19,2
  70 0072 880F      	1:	lsl r24
  71 0074 991F      		rol r25
  72 0076 AA1F      		rol r26
  73 0078 BB1F      		rol r27
  74 007a 3A95      		dec r19
  75 007c 01F4      		brne 1b
  76 007e 8A5B      		subi r24,lo8(-(70))
  77 0080 9F4F      		sbci r25,hi8(-(70))
  78 0082 AF4F      		sbci r26,hlo8(-(70))
  79 0084 BF4F      		sbci r27,hhi8(-(70))
  80 0086 20E8      		ldi r18,lo8(31536000)
  81 0088 A216      		cp r10,r18
  82 008a 23E3      		ldi r18,hi8(31536000)
  83 008c B206      		cpc r11,r18
  84 008e 21EE      		ldi r18,hlo8(31536000)
  85 0090 C206      		cpc r12,r18
  86 0092 21E0      		ldi r18,hhi8(31536000)
  87 0094 D206      		cpc r13,r18
  88 0096 04F0      		brlt .L4
  89 0098 0196      		adiw r24,1
  90 009a A11D      		adc r26,__zero_reg__
  91 009c B11D      		adc r27,__zero_reg__
  92 009e 20E8      		ldi r18,lo8(-31536000)
  93 00a0 3CEC      		ldi r19,hi8(-31536000)
  94 00a2 4EE1      		ldi r20,hlo8(-31536000)
  95 00a4 5EEF      		ldi r21,hhi8(-31536000)
  96 00a6 A20E      		add r10,r18
  97 00a8 B31E      		adc r11,r19
  98 00aa C41E      		adc r12,r20
  99 00ac D51E      		adc r13,r21
 100 00ae 30E8      		ldi r19,lo8(31536000)
 101 00b0 A316      		cp r10,r19
 102 00b2 33E3      		ldi r19,hi8(31536000)
 103 00b4 B306      		cpc r11,r19
 104 00b6 31EE      		ldi r19,hlo8(31536000)
 105 00b8 C306      		cpc r12,r19
 106 00ba 31E0      		ldi r19,hhi8(31536000)
 107 00bc D306      		cpc r13,r19
 108 00be 04F0      		brlt .L4
 109 00c0 0196      		adiw r24,1
 110 00c2 A11D      		adc r26,__zero_reg__
 111 00c4 B11D      		adc r27,__zero_reg__
 112 00c6 20E8      		ldi r18,lo8(-31536000)
 113 00c8 3CEC      		ldi r19,hi8(-31536000)
 114 00ca 4EE1      		ldi r20,hlo8(-31536000)
GAS LISTING C:\DOCUME~1\ADMINI~1\LOCALS~1\Temp/ccAdfd3N.s 			page 3


 115 00cc 5EEF      		ldi r21,hhi8(-31536000)
 116 00ce A20E      		add r10,r18
 117 00d0 B31E      		adc r11,r19
 118 00d2 C41E      		adc r12,r20
 119 00d4 D51E      		adc r13,r21
 120 00d6 30E0      		ldi r19,lo8(31622400)
 121 00d8 A316      		cp r10,r19
 122 00da 35E8      		ldi r19,hi8(31622400)
 123 00dc B306      		cpc r11,r19
 124 00de 32EE      		ldi r19,hlo8(31622400)
 125 00e0 C306      		cpc r12,r19
 126 00e2 31E0      		ldi r19,hhi8(31622400)
 127 00e4 D306      		cpc r13,r19
 128 00e6 04F4      		brge .L5
 129 00e8 11E0      		ldi r17,lo8(1)
 130 00ea 00C0      		rjmp .L6
 131               	.L5:
 132 00ec 0196      		adiw r24,1
 133 00ee A11D      		adc r26,__zero_reg__
 134 00f0 B11D      		adc r27,__zero_reg__
 135 00f2 20E0      		ldi r18,lo8(-31622400)
 136 00f4 3BE7      		ldi r19,hi8(-31622400)
 137 00f6 4DE1      		ldi r20,hlo8(-31622400)
 138 00f8 5EEF      		ldi r21,hhi8(-31622400)
 139 00fa A20E      		add r10,r18
 140 00fc B31E      		adc r11,r19
 141 00fe C41E      		adc r12,r20
 142 0100 D51E      		adc r13,r21
 143               	.L4:
 144 0102 10E0      		ldi r17,lo8(0)
 145               	.L6:
 146 0104 F201      		movw r30,r4
 147 0106 9387      		std Z+11,r25
 148 0108 8287      		std Z+10,r24
 149 010a C601      		movw r24,r12
 150 010c B501      		movw r22,r10
 151 010e 20E8      		ldi r18,lo8(86400)
 152 0110 31E5      		ldi r19,hi8(86400)
 153 0112 41E0      		ldi r20,hlo8(86400)
 154 0114 50E0      		ldi r21,hhi8(86400)
 155 0116 0E94 0000 		call __udivmodsi4
 156 011a 7901      		movw r14,r18
 157 011c F201      		movw r30,r4
 158 011e 3787      		std Z+15,r19
 159 0120 2687      		std Z+14,r18
 160 0122 B901      		movw r22,r18
 161 0124 8827      		clr r24
 162 0126 77FD      		sbrc r23,7
 163 0128 8095      		com r24
 164 012a 982F      		mov r25,r24
 165 012c 20E8      		ldi r18,lo8(86400)
 166 012e 31E5      		ldi r19,hi8(86400)
 167 0130 41E0      		ldi r20,hlo8(86400)
 168 0132 50E0      		ldi r21,hhi8(86400)
 169 0134 0E94 0000 		call __mulsi3
 170 0138 A61A      		sub r10,r22
 171 013a B70A      		sbc r11,r23
GAS LISTING C:\DOCUME~1\ADMINI~1\LOCALS~1\Temp/ccAdfd3N.s 			page 4


 172 013c C80A      		sbc r12,r24
 173 013e D90A      		sbc r13,r25
 174 0140 1123      		tst r17
 175 0142 01F4      		brne .L7
 176 0144 C0E0      		ldi r28,lo8(_days)
 177 0146 D0E0      		ldi r29,hi8(_days)
 178 0148 00C0      		rjmp .L8
 179               	.L7:
 180 014a C0E0      		ldi r28,lo8(_lpdays)
 181 014c D0E0      		ldi r29,hi8(_lpdays)
 182               	.L8:
 183 014e FE01      		movw r30,r28
 184 0150 21E0      		ldi r18,lo8(1)
 185 0152 30E0      		ldi r19,hi8(1)
 186 0154 40E0      		ldi r20,hlo8(1)
 187 0156 50E0      		ldi r21,hhi8(1)
 188 0158 00C0      		rjmp .L9
 189               	.L10:
 190 015a 2F5F      		subi r18,lo8(-(1))
 191 015c 3F4F      		sbci r19,hi8(-(1))
 192 015e 4F4F      		sbci r20,hlo8(-(1))
 193 0160 5F4F      		sbci r21,hhi8(-(1))
 194               	.L9:
 195 0162 8281      		ldd r24,Z+2
 196 0164 9381      		ldd r25,Z+3
 197 0166 3296      		adiw r30,2
 198 0168 8E15      		cp r24,r14
 199 016a 9F05      		cpc r25,r15
 200 016c 04F0      		brlt .L10
 201 016e DA01      		movw r26,r20
 202 0170 C901      		movw r24,r18
 203 0172 0197      		sbiw r24,1
 204 0174 A109      		sbc r26,__zero_reg__
 205 0176 B109      		sbc r27,__zero_reg__
 206 0178 F201      		movw r30,r4
 207 017a 9187      		std Z+9,r25
 208 017c 8087      		std Z+8,r24
 209 017e 880F      		lsl r24
 210 0180 991F      		rol r25
 211 0182 C80F      		add r28,r24
 212 0184 D91F      		adc r29,r25
 213 0186 8685      		ldd r24,Z+14
 214 0188 9785      		ldd r25,Z+15
 215 018a 2881      		ld r18,Y
 216 018c 3981      		ldd r19,Y+1
 217 018e 821B      		sub r24,r18
 218 0190 930B      		sbc r25,r19
 219 0192 9783      		std Z+7,r25
 220 0194 8683      		std Z+6,r24
 221 0196 C401      		movw r24,r8
 222 0198 B301      		movw r22,r6
 223 019a 20E8      		ldi r18,lo8(86400)
 224 019c 31E5      		ldi r19,hi8(86400)
 225 019e 41E0      		ldi r20,hlo8(86400)
 226 01a0 50E0      		ldi r21,hhi8(86400)
 227 01a2 0E94 0000 		call __udivmodsi4
 228 01a6 DA01      		movw r26,r20
GAS LISTING C:\DOCUME~1\ADMINI~1\LOCALS~1\Temp/ccAdfd3N.s 			page 5


 229 01a8 C901      		movw r24,r18
 230 01aa 0496      		adiw r24,4
 231 01ac 67E0      		ldi r22,lo8(7)
 232 01ae 70E0      		ldi r23,hi8(7)
 233 01b0 0E94 0000 		call __divmodhi4
 234 01b4 F201      		movw r30,r4
 235 01b6 9587      		std Z+13,r25
 236 01b8 8487      		std Z+12,r24
 237 01ba C601      		movw r24,r12
 238 01bc B501      		movw r22,r10
 239 01be 20E1      		ldi r18,lo8(3600)
 240 01c0 3EE0      		ldi r19,hi8(3600)
 241 01c2 40E0      		ldi r20,hlo8(3600)
 242 01c4 50E0      		ldi r21,hhi8(3600)
 243 01c6 0E94 0000 		call __divmodsi4
 244 01ca F201      		movw r30,r4
 245 01cc 3583      		std Z+5,r19
 246 01ce 2483      		std Z+4,r18
 247 01d0 4427      		clr r20
 248 01d2 37FD      		sbrc r19,7
 249 01d4 4095      		com r20
 250 01d6 542F      		mov r21,r20
 251 01d8 CA01      		movw r24,r20
 252 01da B901      		movw r22,r18
 253 01dc 20EF      		ldi r18,lo8(-3600)
 254 01de 31EF      		ldi r19,hi8(-3600)
 255 01e0 4FEF      		ldi r20,hlo8(-3600)
 256 01e2 5FEF      		ldi r21,hhi8(-3600)
 257 01e4 0E94 0000 		call __mulsi3
 258 01e8 7B01      		movw r14,r22
 259 01ea 8C01      		movw r16,r24
 260 01ec EA0C      		add r14,r10
 261 01ee FB1C      		adc r15,r11
 262 01f0 0C1D      		adc r16,r12
 263 01f2 1D1D      		adc r17,r13
 264 01f4 C801      		movw r24,r16
 265 01f6 B701      		movw r22,r14
 266 01f8 2CE3      		ldi r18,lo8(60)
 267 01fa 30E0      		ldi r19,hi8(60)
 268 01fc 40E0      		ldi r20,hlo8(60)
 269 01fe 50E0      		ldi r21,hhi8(60)
 270 0200 0E94 0000 		call __divmodsi4
 271 0204 B901      		movw r22,r18
 272 0206 F201      		movw r30,r4
 273 0208 3383      		std Z+3,r19
 274 020a 2283      		std Z+2,r18
 275 020c 84EC      		ldi r24,lo8(-60)
 276 020e 9FEF      		ldi r25,hi8(-60)
 277 0210 9C01      		movw r18,r24
 278 0212 629F      		mul r22,r18
 279 0214 C001      		movw r24,r0
 280 0216 639F      		mul r22,r19
 281 0218 900D      		add r25,r0
 282 021a 729F      		mul r23,r18
 283 021c 900D      		add r25,r0
 284 021e 1124      		clr r1
 285 0220 8E0D      		add r24,r14
GAS LISTING C:\DOCUME~1\ADMINI~1\LOCALS~1\Temp/ccAdfd3N.s 			page 6


 286 0222 9F1D      		adc r25,r15
 287 0224 9183      		std Z+1,r25
 288 0226 8083      		st Z,r24
 289 0228 118A      		std Z+17,__zero_reg__
 290 022a 108A      		std Z+16,__zero_reg__
 291 022c 20E0      		ldi r18,lo8(0)
 292 022e 30E0      		ldi r19,hi8(0)
 293               	.L3:
 294 0230 C901      		movw r24,r18
 295               	/* epilogue start */
 296 0232 DF91      		pop r29
 297 0234 CF91      		pop r28
 298 0236 1F91      		pop r17
 299 0238 0F91      		pop r16
 300 023a FF90      		pop r15
 301 023c EF90      		pop r14
 302 023e DF90      		pop r13
 303 0240 CF90      		pop r12
 304 0242 BF90      		pop r11
 305 0244 AF90      		pop r10
 306 0246 9F90      		pop r9
 307 0248 8F90      		pop r8
 308 024a 7F90      		pop r7
 309 024c 6F90      		pop r6
 310 024e 5F90      		pop r5
 311 0250 4F90      		pop r4
 312 0252 0895      		ret
 313               		.size	gmtime_r, .-gmtime_r
 314               	.global	gmtime
 315               		.type	gmtime, @function
 316               	gmtime:
 317               	/* prologue: function */
 318               	/* frame size = 0 */
 319 0254 60E0      		ldi r22,lo8(_tb)
 320 0256 70E0      		ldi r23,hi8(_tb)
 321 0258 0E94 0000 		call gmtime_r
 322 025c 892B      		or r24,r25
 323 025e 01F0      		breq .L13
 324 0260 20E0      		ldi r18,lo8(0)
 325 0262 30E0      		ldi r19,hi8(0)
 326 0264 00C0      		rjmp .L14
 327               	.L13:
 328 0266 20E0      		ldi r18,lo8(_tb)
 329 0268 30E0      		ldi r19,hi8(_tb)
 330               	.L14:
 331 026a C901      		movw r24,r18
 332               	/* epilogue start */
 333 026c 0895      		ret
 334               		.size	gmtime, .-gmtime
 335               	.global	_lpdays
 336               		.data
 337               		.type	_lpdays, @object
 338               		.size	_lpdays, 26
 339               	_lpdays:
 340 0000 FFFF      		.word	-1
 341 0002 1E00      		.word	30
 342 0004 3B00      		.word	59
GAS LISTING C:\DOCUME~1\ADMINI~1\LOCALS~1\Temp/ccAdfd3N.s 			page 7


 343 0006 5A00      		.word	90
 344 0008 7800      		.word	120
 345 000a 9700      		.word	151
 346 000c B500      		.word	181
 347 000e D400      		.word	212
 348 0010 F300      		.word	243
 349 0012 1101      		.word	273
 350 0014 3001      		.word	304
 351 0016 4E01      		.word	334
 352 0018 6D01      		.word	365
 353               	.global	_days
 354               		.type	_days, @object
 355               		.size	_days, 26
 356               	_days:
 357 001a FFFF      		.word	-1
 358 001c 1E00      		.word	30
 359 001e 3A00      		.word	58
 360 0020 5900      		.word	89
 361 0022 7700      		.word	119
 362 0024 9600      		.word	150
 363 0026 B400      		.word	180
 364 0028 D300      		.word	211
 365 002a F200      		.word	242
 366 002c 1001      		.word	272
 367 002e 2F01      		.word	303
 368 0030 4D01      		.word	333
 369 0032 6C01      		.word	364
 370               		.comm _tb,18,1
 371               	.global __do_copy_data
 372               	.global __do_clear_bss
GAS LISTING C:\DOCUME~1\ADMINI~1\LOCALS~1\Temp/ccAdfd3N.s 			page 8


DEFINED SYMBOLS
                            *ABS*:00000000 gmtime.c
C:\DOCUME~1\ADMINI~1\LOCALS~1\Temp/ccAdfd3N.s:2      *ABS*:0000003f __SREG__
C:\DOCUME~1\ADMINI~1\LOCALS~1\Temp/ccAdfd3N.s:3      *ABS*:0000003e __SP_H__
C:\DOCUME~1\ADMINI~1\LOCALS~1\Temp/ccAdfd3N.s:4      *ABS*:0000003d __SP_L__
C:\DOCUME~1\ADMINI~1\LOCALS~1\Temp/ccAdfd3N.s:5      *ABS*:00000034 __CCP__
C:\DOCUME~1\ADMINI~1\LOCALS~1\Temp/ccAdfd3N.s:6      *ABS*:00000000 __tmp_reg__
C:\DOCUME~1\ADMINI~1\LOCALS~1\Temp/ccAdfd3N.s:7      *ABS*:00000001 __zero_reg__
C:\DOCUME~1\ADMINI~1\LOCALS~1\Temp/ccAdfd3N.s:11     .text:00000000 gmtime_r
C:\DOCUME~1\ADMINI~1\LOCALS~1\Temp/ccAdfd3N.s:356    .data:0000001a _days
C:\DOCUME~1\ADMINI~1\LOCALS~1\Temp/ccAdfd3N.s:339    .data:00000000 _lpdays
C:\DOCUME~1\ADMINI~1\LOCALS~1\Temp/ccAdfd3N.s:316    .text:00000254 gmtime
                            *COM*:00000012 _tb

UNDEFINED SYMBOLS
__udivmodsi4
__mulsi3
__divmodhi4
__divmodsi4
__do_copy_data
__do_clear_bss
