GAS LISTING C:\DOCUME~1\ADMINI~1\LOCALS~1\Temp/ccIBA5wb.s 			page 1


   1               		.file	"mktime.c"
   2               	__SREG__ = 0x3f
   3               	__SP_H__ = 0x3e
   4               	__SP_L__ = 0x3d
   5               	__CCP__  = 0x34
   6               	__tmp_reg__ = 0
   7               	__zero_reg__ = 1
   8               		.text
   9               		.type	_make_time_t, @function
  10               	_make_time_t:
  11 0000 2F92      		push r2
  12 0002 3F92      		push r3
  13 0004 4F92      		push r4
  14 0006 5F92      		push r5
  15 0008 6F92      		push r6
  16 000a 7F92      		push r7
  17 000c 8F92      		push r8
  18 000e 9F92      		push r9
  19 0010 AF92      		push r10
  20 0012 BF92      		push r11
  21 0014 CF92      		push r12
  22 0016 DF92      		push r13
  23 0018 EF92      		push r14
  24 001a FF92      		push r15
  25 001c 0F93      		push r16
  26 001e 1F93      		push r17
  27 0020 DF93      		push r29
  28 0022 CF93      		push r28
  29 0024 00D0      		rcall .
  30 0026 00D0      		rcall .
  31 0028 CDB7      		in r28,__SP_L__
  32 002a DEB7      		in r29,__SP_H__
  33               	/* prologue: function */
  34               	/* frame size = 4 */
  35 002c 2C01      		movw r4,r24
  36 002e 1B01      		movw r2,r22
  37 0030 DC01      		movw r26,r24
  38 0032 1A96      		adiw r26,10
  39 0034 8D91      		ld r24,X+
  40 0036 9C91      		ld r25,X
  41 0038 1B97      		sbiw r26,10+1
  42 003a 5C01      		movw r10,r24
  43 003c CC24      		clr r12
  44 003e B7FC      		sbrc r11,7
  45 0040 C094      		com r12
  46 0042 DC2C      		mov r13,r12
  47 0044 B5E4      		ldi r27,lo8(69)
  48 0046 AB16      		cp r10,r27
  49 0048 B104      		cpc r11,__zero_reg__
  50 004a C104      		cpc r12,__zero_reg__
  51 004c D104      		cpc r13,__zero_reg__
  52 004e 04F4      		brge .+2
  53 0050 00C0      		rjmp .L2
  54 0052 ECE8      		ldi r30,lo8(140)
  55 0054 AE16      		cp r10,r30
  56 0056 B104      		cpc r11,__zero_reg__
  57 0058 C104      		cpc r12,__zero_reg__
GAS LISTING C:\DOCUME~1\ADMINI~1\LOCALS~1\Temp/ccIBA5wb.s 			page 2


  58 005a D104      		cpc r13,__zero_reg__
  59 005c 04F0      		brlt .+2
  60 005e 00C0      		rjmp .L2
  61 0060 A982      		std Y+1,r10
  62 0062 BA82      		std Y+2,r11
  63 0064 CB82      		std Y+3,r12
  64 0066 DC82      		std Y+4,r13
  65 0068 D201      		movw r26,r4
  66 006a 1896      		adiw r26,8
  67 006c 2D91      		ld r18,X+
  68 006e 3C91      		ld r19,X
  69 0070 1997      		sbiw r26,8+1
  70 0072 2C30      		cpi r18,12
  71 0074 3105      		cpc r19,__zero_reg__
  72 0076 00F0      		brlo .L3
  73 0078 C901      		movw r24,r18
  74 007a 6CE0      		ldi r22,lo8(12)
  75 007c 70E0      		ldi r23,hi8(12)
  76 007e 0E94 0000 		call __divmodhi4
  77 0082 7B01      		movw r14,r22
  78 0084 0027      		clr r16
  79 0086 F7FC      		sbrc r15,7
  80 0088 0095      		com r16
  81 008a 102F      		mov r17,r16
  82 008c EA0C      		add r14,r10
  83 008e FB1C      		adc r15,r11
  84 0090 0C1D      		adc r16,r12
  85 0092 1D1D      		adc r17,r13
  86 0094 E982      		std Y+1,r14
  87 0096 FA82      		std Y+2,r15
  88 0098 0B83      		std Y+3,r16
  89 009a 1C83      		std Y+4,r17
  90 009c C901      		movw r24,r18
  91 009e 6CE0      		ldi r22,lo8(12)
  92 00a0 70E0      		ldi r23,hi8(12)
  93 00a2 0E94 0000 		call __divmodhi4
  94 00a6 9C01      		movw r18,r24
  95 00a8 F201      		movw r30,r4
  96 00aa 9187      		std Z+9,r25
  97 00ac 8087      		std Z+8,r24
  98 00ae 97FF      		sbrs r25,7
  99 00b0 00C0      		rjmp .L4
 100 00b2 245F      		subi r18,lo8(-(12))
 101 00b4 3F4F      		sbci r19,hi8(-(12))
 102 00b6 3187      		std Z+9,r19
 103 00b8 2087      		std Z+8,r18
 104 00ba 0894      		sec
 105 00bc E108      		sbc r14,__zero_reg__
 106 00be F108      		sbc r15,__zero_reg__
 107 00c0 0109      		sbc r16,__zero_reg__
 108 00c2 1109      		sbc r17,__zero_reg__
 109 00c4 E982      		std Y+1,r14
 110 00c6 FA82      		std Y+2,r15
 111 00c8 0B83      		std Y+3,r16
 112 00ca 1C83      		std Y+4,r17
 113               	.L4:
 114 00cc 8981      		ldd r24,Y+1
GAS LISTING C:\DOCUME~1\ADMINI~1\LOCALS~1\Temp/ccIBA5wb.s 			page 3


 115 00ce 9A81      		ldd r25,Y+2
 116 00d0 AB81      		ldd r26,Y+3
 117 00d2 BC81      		ldd r27,Y+4
 118 00d4 8554      		subi r24,lo8(-(-69))
 119 00d6 9040      		sbci r25,hi8(-(-69))
 120 00d8 A040      		sbci r26,hlo8(-(-69))
 121 00da B040      		sbci r27,hhi8(-(-69))
 122 00dc 8734      		cpi r24,lo8(71)
 123 00de 9105      		cpc r25,__zero_reg__
 124 00e0 A105      		cpc r26,__zero_reg__
 125 00e2 B105      		cpc r27,__zero_reg__
 126 00e4 00F0      		brlo .+2
 127 00e6 00C0      		rjmp .L2
 128               	.L3:
 129 00e8 D201      		movw r26,r4
 130 00ea 1896      		adiw r26,8
 131 00ec 2D91      		ld r18,X+
 132 00ee 3C91      		ld r19,X
 133 00f0 1997      		sbiw r26,8+1
 134 00f2 F901      		movw r30,r18
 135 00f4 EE0F      		lsl r30
 136 00f6 FF1F      		rol r31
 137 00f8 E050      		subi r30,lo8(-(_days))
 138 00fa F040      		sbci r31,hi8(-(_days))
 139 00fc 8081      		ld r24,Z
 140 00fe 9181      		ldd r25,Z+1
 141 0100 5C01      		movw r10,r24
 142 0102 CC24      		clr r12
 143 0104 B7FC      		sbrc r11,7
 144 0106 C094      		com r12
 145 0108 DC2C      		mov r13,r12
 146 010a E980      		ldd r14,Y+1
 147 010c FA80      		ldd r15,Y+2
 148 010e 0B81      		ldd r16,Y+3
 149 0110 1C81      		ldd r17,Y+4
 150 0112 D801      		movw r26,r16
 151 0114 C701      		movw r24,r14
 152 0116 8370      		andi r24,lo8(3)
 153 0118 9070      		andi r25,hi8(3)
 154 011a A070      		andi r26,hlo8(3)
 155 011c B070      		andi r27,hhi8(3)
 156 011e 0097      		sbiw r24,0
 157 0120 A105      		cpc r26,__zero_reg__
 158 0122 B105      		cpc r27,__zero_reg__
 159 0124 01F4      		brne .L5
 160 0126 2230      		cpi r18,2
 161 0128 3105      		cpc r19,__zero_reg__
 162 012a 04F0      		brlt .L5
 163 012c 0894      		sec
 164 012e A11C      		adc r10,__zero_reg__
 165 0130 B11C      		adc r11,__zero_reg__
 166 0132 C11C      		adc r12,__zero_reg__
 167 0134 D11C      		adc r13,__zero_reg__
 168               	.L5:
 169 0136 C801      		movw r24,r16
 170 0138 B701      		movw r22,r14
 171 013a 2DE6      		ldi r18,lo8(365)
GAS LISTING C:\DOCUME~1\ADMINI~1\LOCALS~1\Temp/ccIBA5wb.s 			page 4


 172 013c 31E0      		ldi r19,hi8(365)
 173 013e 40E0      		ldi r20,hlo8(365)
 174 0140 50E0      		ldi r21,hhi8(365)
 175 0142 0E94 0000 		call __mulsi3
 176 0146 6F5D      		subi r22,lo8(-(-25567))
 177 0148 7346      		sbci r23,hi8(-(-25567))
 178 014a 8040      		sbci r24,hlo8(-(-25567))
 179 014c 9040      		sbci r25,hhi8(-(-25567))
 180 014e 0894      		sec
 181 0150 E108      		sbc r14,__zero_reg__
 182 0152 F108      		sbc r15,__zero_reg__
 183 0154 0109      		sbc r16,__zero_reg__
 184 0156 1109      		sbc r17,__zero_reg__
 185 0158 22E0      		ldi r18,2
 186 015a 1595      	1:	asr r17
 187 015c 0795      		ror r16
 188 015e F794      		ror r15
 189 0160 E794      		ror r14
 190 0162 2A95      		dec r18
 191 0164 01F4      		brne 1b
 192 0166 6E0D      		add r22,r14
 193 0168 7F1D      		adc r23,r15
 194 016a 801F      		adc r24,r16
 195 016c 911F      		adc r25,r17
 196 016e 6A0D      		add r22,r10
 197 0170 7B1D      		adc r23,r11
 198 0172 8C1D      		adc r24,r12
 199 0174 9D1D      		adc r25,r13
 200 0176 F201      		movw r30,r4
 201 0178 2681      		ldd r18,Z+6
 202 017a 3781      		ldd r19,Z+7
 203 017c 7901      		movw r14,r18
 204 017e 0027      		clr r16
 205 0180 F7FC      		sbrc r15,7
 206 0182 0095      		com r16
 207 0184 102F      		mov r17,r16
 208 0186 5B01      		movw r10,r22
 209 0188 6C01      		movw r12,r24
 210 018a AE0C      		add r10,r14
 211 018c BF1C      		adc r11,r15
 212 018e C01E      		adc r12,r16
 213 0190 D11E      		adc r13,r17
 214 0192 97FD      		sbrc r25,7
 215 0194 00C0      		rjmp .L6
 216 0196 17FD      		sbrc r17,7
 217 0198 00C0      		rjmp .L7
 218 019a DD20      		tst r13
 219 019c 04F4      		brge .L7
 220 019e 00C0      		rjmp .L2
 221               	.L6:
 222 01a0 17FF      		sbrs r17,7
 223 01a2 00C0      		rjmp .L7
 224 01a4 D7FE      		sbrs r13,7
 225 01a6 00C0      		rjmp .L2
 226               	.L7:
 227 01a8 C601      		movw r24,r12
 228 01aa B501      		movw r22,r10
GAS LISTING C:\DOCUME~1\ADMINI~1\LOCALS~1\Temp/ccIBA5wb.s 			page 5


 229 01ac 28E1      		ldi r18,lo8(24)
 230 01ae 30E0      		ldi r19,hi8(24)
 231 01b0 40E0      		ldi r20,hlo8(24)
 232 01b2 50E0      		ldi r21,hhi8(24)
 233 01b4 0E94 0000 		call __mulsi3
 234 01b8 3B01      		movw r6,r22
 235 01ba 4C01      		movw r8,r24
 236 01bc A114      		cp r10,__zero_reg__
 237 01be B104      		cpc r11,__zero_reg__
 238 01c0 C104      		cpc r12,__zero_reg__
 239 01c2 D104      		cpc r13,__zero_reg__
 240 01c4 01F0      		breq .L8
 241 01c6 A601      		movw r20,r12
 242 01c8 9501      		movw r18,r10
 243 01ca 0E94 0000 		call __divmodsi4
 244 01ce 2831      		cpi r18,lo8(24)
 245 01d0 3105      		cpc r19,__zero_reg__
 246 01d2 4105      		cpc r20,__zero_reg__
 247 01d4 5105      		cpc r21,__zero_reg__
 248 01d6 01F0      		breq .+2
 249 01d8 00C0      		rjmp .L2
 250               	.L8:
 251 01da D201      		movw r26,r4
 252 01dc 1496      		adiw r26,4
 253 01de 8D91      		ld r24,X+
 254 01e0 9C91      		ld r25,X
 255 01e2 1597      		sbiw r26,4+1
 256 01e4 9C01      		movw r18,r24
 257 01e6 4427      		clr r20
 258 01e8 37FD      		sbrc r19,7
 259 01ea 4095      		com r20
 260 01ec 542F      		mov r21,r20
 261 01ee 8401      		movw r16,r8
 262 01f0 7301      		movw r14,r6
 263 01f2 E20E      		add r14,r18
 264 01f4 F31E      		adc r15,r19
 265 01f6 041F      		adc r16,r20
 266 01f8 151F      		adc r17,r21
 267 01fa 97FC      		sbrc r9,7
 268 01fc 00C0      		rjmp .L9
 269 01fe 57FD      		sbrc r21,7
 270 0200 00C0      		rjmp .L10
 271 0202 1123      		tst r17
 272 0204 04F4      		brge .L10
 273 0206 00C0      		rjmp .L2
 274               	.L9:
 275 0208 57FF      		sbrs r21,7
 276 020a 00C0      		rjmp .L10
 277 020c 17FF      		sbrs r17,7
 278 020e 00C0      		rjmp .L2
 279               	.L10:
 280 0210 C801      		movw r24,r16
 281 0212 B701      		movw r22,r14
 282 0214 2CE3      		ldi r18,lo8(60)
 283 0216 30E0      		ldi r19,hi8(60)
 284 0218 40E0      		ldi r20,hlo8(60)
 285 021a 50E0      		ldi r21,hhi8(60)
GAS LISTING C:\DOCUME~1\ADMINI~1\LOCALS~1\Temp/ccIBA5wb.s 			page 6


 286 021c 0E94 0000 		call __mulsi3
 287 0220 5B01      		movw r10,r22
 288 0222 6C01      		movw r12,r24
 289 0224 E114      		cp r14,__zero_reg__
 290 0226 F104      		cpc r15,__zero_reg__
 291 0228 0105      		cpc r16,__zero_reg__
 292 022a 1105      		cpc r17,__zero_reg__
 293 022c 01F0      		breq .L11
 294 022e A801      		movw r20,r16
 295 0230 9701      		movw r18,r14
 296 0232 0E94 0000 		call __divmodsi4
 297 0236 2C33      		cpi r18,lo8(60)
 298 0238 3105      		cpc r19,__zero_reg__
 299 023a 4105      		cpc r20,__zero_reg__
 300 023c 5105      		cpc r21,__zero_reg__
 301 023e 01F0      		breq .+2
 302 0240 00C0      		rjmp .L2
 303               	.L11:
 304 0242 F201      		movw r30,r4
 305 0244 8281      		ldd r24,Z+2
 306 0246 9381      		ldd r25,Z+3
 307 0248 9C01      		movw r18,r24
 308 024a 4427      		clr r20
 309 024c 37FD      		sbrc r19,7
 310 024e 4095      		com r20
 311 0250 542F      		mov r21,r20
 312 0252 8601      		movw r16,r12
 313 0254 7501      		movw r14,r10
 314 0256 E20E      		add r14,r18
 315 0258 F31E      		adc r15,r19
 316 025a 041F      		adc r16,r20
 317 025c 151F      		adc r17,r21
 318 025e D7FC      		sbrc r13,7
 319 0260 00C0      		rjmp .L12
 320 0262 57FD      		sbrc r21,7
 321 0264 00C0      		rjmp .L13
 322 0266 1123      		tst r17
 323 0268 04F4      		brge .L13
 324 026a 00C0      		rjmp .L2
 325               	.L12:
 326 026c 57FF      		sbrs r21,7
 327 026e 00C0      		rjmp .L13
 328 0270 17FF      		sbrs r17,7
 329 0272 00C0      		rjmp .L2
 330               	.L13:
 331 0274 C801      		movw r24,r16
 332 0276 B701      		movw r22,r14
 333 0278 2CE3      		ldi r18,lo8(60)
 334 027a 30E0      		ldi r19,hi8(60)
 335 027c 40E0      		ldi r20,hlo8(60)
 336 027e 50E0      		ldi r21,hhi8(60)
 337 0280 0E94 0000 		call __mulsi3
 338 0284 5B01      		movw r10,r22
 339 0286 6C01      		movw r12,r24
 340 0288 E114      		cp r14,__zero_reg__
 341 028a F104      		cpc r15,__zero_reg__
 342 028c 0105      		cpc r16,__zero_reg__
GAS LISTING C:\DOCUME~1\ADMINI~1\LOCALS~1\Temp/ccIBA5wb.s 			page 7


 343 028e 1105      		cpc r17,__zero_reg__
 344 0290 01F0      		breq .L14
 345 0292 A801      		movw r20,r16
 346 0294 9701      		movw r18,r14
 347 0296 0E94 0000 		call __divmodsi4
 348 029a 2C33      		cpi r18,lo8(60)
 349 029c 3105      		cpc r19,__zero_reg__
 350 029e 4105      		cpc r20,__zero_reg__
 351 02a0 5105      		cpc r21,__zero_reg__
 352 02a2 01F0      		breq .+2
 353 02a4 00C0      		rjmp .L2
 354               	.L14:
 355 02a6 D201      		movw r26,r4
 356 02a8 8D91      		ld r24,X+
 357 02aa 9C91      		ld r25,X
 358 02ac 9C01      		movw r18,r24
 359 02ae 4427      		clr r20
 360 02b0 37FD      		sbrc r19,7
 361 02b2 4095      		com r20
 362 02b4 542F      		mov r21,r20
 363 02b6 8601      		movw r16,r12
 364 02b8 7501      		movw r14,r10
 365 02ba E20E      		add r14,r18
 366 02bc F31E      		adc r15,r19
 367 02be 041F      		adc r16,r20
 368 02c0 151F      		adc r17,r21
 369 02c2 D7FC      		sbrc r13,7
 370 02c4 00C0      		rjmp .L15
 371 02c6 57FD      		sbrc r21,7
 372 02c8 00C0      		rjmp .L16
 373 02ca 1123      		tst r17
 374 02cc 04F4      		brge .L16
 375 02ce 00C0      		rjmp .L2
 376               	.L15:
 377 02d0 57FF      		sbrs r21,7
 378 02d2 00C0      		rjmp .L16
 379 02d4 17FF      		sbrs r17,7
 380 02d6 00C0      		rjmp .L2
 381               	.L16:
 382 02d8 E982      		std Y+1,r14
 383 02da FA82      		std Y+2,r15
 384 02dc 0B83      		std Y+3,r16
 385 02de 1C83      		std Y+4,r17
 386 02e0 9E01      		movw r18,r28
 387 02e2 2F5F      		subi r18,lo8(-(1))
 388 02e4 3F4F      		sbci r19,hi8(-(1))
 389 02e6 2328      		or r2,r3
 390 02e8 01F4      		brne .+2
 391 02ea 00C0      		rjmp .L17
 392 02ec 8091 0000 		lds r24,_timezone
 393 02f0 9091 0000 		lds r25,(_timezone)+1
 394 02f4 A091 0000 		lds r26,(_timezone)+2
 395 02f8 B091 0000 		lds r27,(_timezone)+3
 396 02fc E80E      		add r14,r24
 397 02fe F91E      		adc r15,r25
 398 0300 0A1F      		adc r16,r26
 399 0302 1B1F      		adc r17,r27
GAS LISTING C:\DOCUME~1\ADMINI~1\LOCALS~1\Temp/ccIBA5wb.s 			page 8


 400 0304 E982      		std Y+1,r14
 401 0306 FA82      		std Y+2,r15
 402 0308 0B83      		std Y+3,r16
 403 030a 1C83      		std Y+4,r17
 404 030c C901      		movw r24,r18
 405 030e 0E94 0000 		call localtime
 406 0312 FC01      		movw r30,r24
 407 0314 0097      		sbiw r24,0
 408 0316 01F0      		breq .L2
 409 0318 D201      		movw r26,r4
 410 031a 5096      		adiw r26,16
 411 031c 8D91      		ld r24,X+
 412 031e 9C91      		ld r25,X
 413 0320 5197      		sbiw r26,16+1
 414 0322 1816      		cp __zero_reg__,r24
 415 0324 1906      		cpc __zero_reg__,r25
 416 0326 04F0      		brlt .L18
 417 0328 892B      		or r24,r25
 418 032a 01F0      		breq .L19
 419 032c 8089      		ldd r24,Z+16
 420 032e 9189      		ldd r25,Z+17
 421 0330 1816      		cp __zero_reg__,r24
 422 0332 1906      		cpc __zero_reg__,r25
 423 0334 04F4      		brge .L19
 424               	.L18:
 425 0336 8981      		ldd r24,Y+1
 426 0338 9A81      		ldd r25,Y+2
 427 033a AB81      		ldd r26,Y+3
 428 033c BC81      		ldd r27,Y+4
 429 033e 2091 0000 		lds r18,_dstbias
 430 0342 3091 0000 		lds r19,(_dstbias)+1
 431 0346 4091 0000 		lds r20,(_dstbias)+2
 432 034a 5091 0000 		lds r21,(_dstbias)+3
 433 034e 820F      		add r24,r18
 434 0350 931F      		adc r25,r19
 435 0352 A41F      		adc r26,r20
 436 0354 B51F      		adc r27,r21
 437 0356 8983      		std Y+1,r24
 438 0358 9A83      		std Y+2,r25
 439 035a AB83      		std Y+3,r26
 440 035c BC83      		std Y+4,r27
 441 035e CE01      		movw r24,r28
 442 0360 0196      		adiw r24,1
 443 0362 0E94 0000 		call localtime
 444 0366 FC01      		movw r30,r24
 445 0368 00C0      		rjmp .L19
 446               	.L17:
 447 036a C901      		movw r24,r18
 448 036c 0E94 0000 		call gmtime
 449 0370 FC01      		movw r30,r24
 450 0372 0097      		sbiw r24,0
 451 0374 01F0      		breq .L2
 452               	.L19:
 453 0376 D201      		movw r26,r4
 454 0378 82E1      		ldi r24,lo8(18)
 455               	.L20:
 456 037a 0190      		ld r0,Z+
GAS LISTING C:\DOCUME~1\ADMINI~1\LOCALS~1\Temp/ccIBA5wb.s 			page 9


 457 037c 0D92      		st X+,r0
 458 037e 8150      		subi r24,lo8(-(-1))
 459 0380 01F4      		brne .L20
 460 0382 2981      		ldd r18,Y+1
 461 0384 3A81      		ldd r19,Y+2
 462 0386 4B81      		ldd r20,Y+3
 463 0388 5C81      		ldd r21,Y+4
 464 038a 00C0      		rjmp .L21
 465               	.L2:
 466 038c 2FEF      		ldi r18,lo8(-1)
 467 038e 3FEF      		ldi r19,hi8(-1)
 468 0390 4FEF      		ldi r20,hlo8(-1)
 469 0392 5FEF      		ldi r21,hhi8(-1)
 470               	.L21:
 471 0394 B901      		movw r22,r18
 472 0396 CA01      		movw r24,r20
 473               	/* epilogue start */
 474 0398 0F90      		pop __tmp_reg__
 475 039a 0F90      		pop __tmp_reg__
 476 039c 0F90      		pop __tmp_reg__
 477 039e 0F90      		pop __tmp_reg__
 478 03a0 CF91      		pop r28
 479 03a2 DF91      		pop r29
 480 03a4 1F91      		pop r17
 481 03a6 0F91      		pop r16
 482 03a8 FF90      		pop r15
 483 03aa EF90      		pop r14
 484 03ac DF90      		pop r13
 485 03ae CF90      		pop r12
 486 03b0 BF90      		pop r11
 487 03b2 AF90      		pop r10
 488 03b4 9F90      		pop r9
 489 03b6 8F90      		pop r8
 490 03b8 7F90      		pop r7
 491 03ba 6F90      		pop r6
 492 03bc 5F90      		pop r5
 493 03be 4F90      		pop r4
 494 03c0 3F90      		pop r3
 495 03c2 2F90      		pop r2
 496 03c4 0895      		ret
 497               		.size	_make_time_t, .-_make_time_t
 498               	.global	_mkgmtime
 499               		.type	_mkgmtime, @function
 500               	_mkgmtime:
 501               	/* prologue: function */
 502               	/* frame size = 0 */
 503 03c6 60E0      		ldi r22,lo8(0)
 504 03c8 70E0      		ldi r23,hi8(0)
 505 03ca 0E94 0000 		call _make_time_t
 506               	/* epilogue start */
 507 03ce 0895      		ret
 508               		.size	_mkgmtime, .-_mkgmtime
 509               	.global	mktime
 510               		.type	mktime, @function
 511               	mktime:
 512               	/* prologue: function */
 513               	/* frame size = 0 */
GAS LISTING C:\DOCUME~1\ADMINI~1\LOCALS~1\Temp/ccIBA5wb.s 			page 10


 514 03d0 61E0      		ldi r22,lo8(1)
 515 03d2 70E0      		ldi r23,hi8(1)
 516 03d4 0E94 0000 		call _make_time_t
 517               	/* epilogue start */
 518 03d8 0895      		ret
 519               		.size	mktime, .-mktime
GAS LISTING C:\DOCUME~1\ADMINI~1\LOCALS~1\Temp/ccIBA5wb.s 			page 11


DEFINED SYMBOLS
                            *ABS*:00000000 mktime.c
C:\DOCUME~1\ADMINI~1\LOCALS~1\Temp/ccIBA5wb.s:2      *ABS*:0000003f __SREG__
C:\DOCUME~1\ADMINI~1\LOCALS~1\Temp/ccIBA5wb.s:3      *ABS*:0000003e __SP_H__
C:\DOCUME~1\ADMINI~1\LOCALS~1\Temp/ccIBA5wb.s:4      *ABS*:0000003d __SP_L__
C:\DOCUME~1\ADMINI~1\LOCALS~1\Temp/ccIBA5wb.s:5      *ABS*:00000034 __CCP__
C:\DOCUME~1\ADMINI~1\LOCALS~1\Temp/ccIBA5wb.s:6      *ABS*:00000000 __tmp_reg__
C:\DOCUME~1\ADMINI~1\LOCALS~1\Temp/ccIBA5wb.s:7      *ABS*:00000001 __zero_reg__
C:\DOCUME~1\ADMINI~1\LOCALS~1\Temp/ccIBA5wb.s:10     .text:00000000 _make_time_t
C:\DOCUME~1\ADMINI~1\LOCALS~1\Temp/ccIBA5wb.s:500    .text:000003c6 _mkgmtime
C:\DOCUME~1\ADMINI~1\LOCALS~1\Temp/ccIBA5wb.s:511    .text:000003d0 mktime

UNDEFINED SYMBOLS
__divmodhi4
_days
__mulsi3
__divmodsi4
_timezone
localtime
_dstbias
gmtime
