GAS LISTING C:\DOCUME~1\ADMINI~1\LOCALS~1\Temp/ccYWbTSV.s 			page 1


   1               		.file	"putenv.c"
   2               	__SREG__ = 0x3f
   3               	__SP_H__ = 0x3e
   4               	__SP_L__ = 0x3d
   5               	__CCP__  = 0x34
   6               	__tmp_reg__ = 0
   7               	__zero_reg__ = 1
   8               		.text
   9               	.global	putenv
  10               		.type	putenv, @function
  11               	putenv:
  12 0000 0F93      		push r16
  13 0002 1F93      		push r17
  14 0004 CF93      		push r28
  15 0006 DF93      		push r29
  16               	/* prologue: function */
  17               	/* frame size = 0 */
  18 0008 0E94 0000 		call strdup
  19 000c EC01      		movw r28,r24
  20 000e 0097      		sbiw r24,0
  21 0010 01F4      		brne .L2
  22 0012 0FEF      		ldi r16,lo8(-1)
  23 0014 1FEF      		ldi r17,hi8(-1)
  24 0016 00C0      		rjmp .L3
  25               	.L2:
  26 0018 6DE3      		ldi r22,lo8(61)
  27 001a 70E0      		ldi r23,hi8(61)
  28 001c 0E94 0000 		call strchr
  29 0020 FC01      		movw r30,r24
  30 0022 BC01      		movw r22,r24
  31 0024 0097      		sbiw r24,0
  32 0026 01F0      		breq .L4
  33 0028 1082      		st Z,__zero_reg__
  34 002a 6F5F      		subi r22,lo8(-(1))
  35 002c 7F4F      		sbci r23,hi8(-(1))
  36               	.L4:
  37 002e CE01      		movw r24,r28
  38 0030 41E0      		ldi r20,lo8(1)
  39 0032 50E0      		ldi r21,hi8(1)
  40 0034 0E94 0000 		call setenv
  41 0038 8C01      		movw r16,r24
  42 003a CE01      		movw r24,r28
  43 003c 0E94 0000 		call free
  44               	.L3:
  45 0040 C801      		movw r24,r16
  46               	/* epilogue start */
  47 0042 DF91      		pop r29
  48 0044 CF91      		pop r28
  49 0046 1F91      		pop r17
  50 0048 0F91      		pop r16
  51 004a 0895      		ret
  52               		.size	putenv, .-putenv
GAS LISTING C:\DOCUME~1\ADMINI~1\LOCALS~1\Temp/ccYWbTSV.s 			page 2


DEFINED SYMBOLS
                            *ABS*:00000000 putenv.c
C:\DOCUME~1\ADMINI~1\LOCALS~1\Temp/ccYWbTSV.s:2      *ABS*:0000003f __SREG__
C:\DOCUME~1\ADMINI~1\LOCALS~1\Temp/ccYWbTSV.s:3      *ABS*:0000003e __SP_H__
C:\DOCUME~1\ADMINI~1\LOCALS~1\Temp/ccYWbTSV.s:4      *ABS*:0000003d __SP_L__
C:\DOCUME~1\ADMINI~1\LOCALS~1\Temp/ccYWbTSV.s:5      *ABS*:00000034 __CCP__
C:\DOCUME~1\ADMINI~1\LOCALS~1\Temp/ccYWbTSV.s:6      *ABS*:00000000 __tmp_reg__
C:\DOCUME~1\ADMINI~1\LOCALS~1\Temp/ccYWbTSV.s:7      *ABS*:00000001 __zero_reg__
C:\DOCUME~1\ADMINI~1\LOCALS~1\Temp/ccYWbTSV.s:11     .text:00000000 putenv

UNDEFINED SYMBOLS
strdup
strchr
setenv
free
