GAS LISTING C:\DOCUME~1\ADMINI~1\LOCALS~1\Temp/cc8CHUlV.s 			page 1


   1               		.file	"putf.c"
   2               	__SREG__ = 0x3f
   3               	__SP_H__ = 0x3e
   4               	__SP_L__ = 0x3d
   5               	__CCP__  = 0x34
   6               	__tmp_reg__ = 0
   7               	__zero_reg__ = 1
   8               		.text
   9               		.type	_putpad, @function
  10               	_putpad:
  11 0000 CF92      		push r12
  12 0002 DF92      		push r13
  13 0004 EF92      		push r14
  14 0006 FF92      		push r15
  15 0008 0F93      		push r16
  16 000a 1F93      		push r17
  17 000c CF93      		push r28
  18 000e DF93      		push r29
  19               	/* prologue: function */
  20               	/* frame size = 0 */
  21 0010 6C01      		movw r12,r24
  22 0012 8B01      		movw r16,r22
  23 0014 7A01      		movw r14,r20
  24 0016 E901      		movw r28,r18
  25 0018 00C0      		rjmp .L2
  26               	.L3:
  27 001a C801      		movw r24,r16
  28 001c B701      		movw r22,r14
  29 001e 40E1      		ldi r20,lo8(16)
  30 0020 50E0      		ldi r21,hi8(16)
  31 0022 F601      		movw r30,r12
  32 0024 0995      		icall
  33 0026 6097      		sbiw r28,16
  34               	.L2:
  35 0028 C131      		cpi r28,17
  36 002a D105      		cpc r29,__zero_reg__
  37 002c 04F4      		brge .L3
  38 002e 1C16      		cp __zero_reg__,r28
  39 0030 1D06      		cpc __zero_reg__,r29
  40 0032 04F4      		brge .L5
  41 0034 C801      		movw r24,r16
  42 0036 B701      		movw r22,r14
  43 0038 AE01      		movw r20,r28
  44 003a F601      		movw r30,r12
  45 003c 0995      		icall
  46               	.L5:
  47               	/* epilogue start */
  48 003e DF91      		pop r29
  49 0040 CF91      		pop r28
  50 0042 1F91      		pop r17
  51 0044 0F91      		pop r16
  52 0046 FF90      		pop r15
  53 0048 EF90      		pop r14
  54 004a DF90      		pop r13
  55 004c CF90      		pop r12
  56 004e 0895      		ret
  57               		.size	_putpad, .-_putpad
GAS LISTING C:\DOCUME~1\ADMINI~1\LOCALS~1\Temp/cc8CHUlV.s 			page 2


  58               		.data
  59               	.LC0:
  60 0000 286E 756C 		.string	"(null)"
  60      6C29 00
  61               	.LC1:
  62 0007 3031 3233 		.string	"0123456789abcdef"
  62      3435 3637 
  62      3839 6162 
  62      6364 6566 
  62      00
  63               	.LC2:
  64 0018 3031 3233 		.string	"0123456789ABCDEF"
  64      3435 3637 
  64      3839 4142 
  64      4344 4546 
  64      00
  65               		.text
  66               	.global	_putf
  67               		.type	_putf, @function
  68               	_putf:
  69 0050 2F92      		push r2
  70 0052 3F92      		push r3
  71 0054 4F92      		push r4
  72 0056 5F92      		push r5
  73 0058 6F92      		push r6
  74 005a 7F92      		push r7
  75 005c 8F92      		push r8
  76 005e 9F92      		push r9
  77 0060 AF92      		push r10
  78 0062 BF92      		push r11
  79 0064 CF92      		push r12
  80 0066 DF92      		push r13
  81 0068 EF92      		push r14
  82 006a FF92      		push r15
  83 006c 0F93      		push r16
  84 006e 1F93      		push r17
  85 0070 DF93      		push r29
  86 0072 CF93      		push r28
  87 0074 CDB7      		in r28,__SP_L__
  88 0076 DEB7      		in r29,__SP_H__
  89 0078 6D97      		sbiw r28,29
  90 007a 0FB6      		in __tmp_reg__,__SREG__
  91 007c F894      		cli
  92 007e DEBF      		out __SP_H__,r29
  93 0080 0FBE      		out __SREG__,__tmp_reg__
  94 0082 CDBF      		out __SP_L__,r28
  95               	/* prologue: function */
  96               	/* frame size = 29 */
  97 0084 998F      		std Y+25,r25
  98 0086 888F      		std Y+24,r24
  99 0088 7B8F      		std Y+27,r23
 100 008a 6A8F      		std Y+26,r22
 101 008c 1A01      		movw r2,r20
 102 008e 4901      		movw r8,r18
 103 0090 1D8A      		std Y+21,__zero_reg__
 104 0092 1C8A      		std Y+20,__zero_reg__
 105 0094 9E01      		movw r18,r28
GAS LISTING C:\DOCUME~1\ADMINI~1\LOCALS~1\Temp/cc8CHUlV.s 			page 3


 106 0096 2E5E      		subi r18,lo8(-(18))
 107 0098 3F4F      		sbci r19,hi8(-(18))
 108 009a 3D8F      		std Y+29,r19
 109 009c 2C8F      		std Y+28,r18
 110               	.L90:
 111 009e B101      		movw r22,r2
 112 00a0 00C0      		rjmp .L7
 113               	.L9:
 114 00a2 0894      		sec
 115 00a4 211C      		adc r2,__zero_reg__
 116 00a6 311C      		adc r3,__zero_reg__
 117               	.L7:
 118 00a8 D101      		movw r26,r2
 119 00aa FC90      		ld r15,X
 120 00ac FF20      		tst r15
 121 00ae 01F0      		breq .L8
 122 00b0 B5E2      		ldi r27,lo8(37)
 123 00b2 FB16      		cp r15,r27
 124 00b4 01F4      		brne .L9
 125               	.L8:
 126 00b6 8101      		movw r16,r2
 127 00b8 061B      		sub r16,r22
 128 00ba 170B      		sbc r17,r23
 129 00bc 01F0      		breq .L10
 130 00be 8A8D      		ldd r24,Y+26
 131 00c0 9B8D      		ldd r25,Y+27
 132 00c2 A801      		movw r20,r16
 133 00c4 E88D      		ldd r30,Y+24
 134 00c6 F98D      		ldd r31,Y+25
 135 00c8 0995      		icall
 136 00ca 2C89      		ldd r18,Y+20
 137 00cc 3D89      		ldd r19,Y+21
 138 00ce 200F      		add r18,r16
 139 00d0 311F      		adc r19,r17
 140 00d2 3D8B      		std Y+21,r19
 141 00d4 2C8B      		std Y+20,r18
 142               	.L10:
 143 00d6 FF20      		tst r15
 144 00d8 01F4      		brne .+2
 145 00da 00C0      		rjmp .L11
 146 00dc 0894      		sec
 147 00de 211C      		adc r2,__zero_reg__
 148 00e0 311C      		adc r3,__zero_reg__
 149 00e2 1982      		std Y+1,__zero_reg__
 150 00e4 1E8A      		std Y+22,__zero_reg__
 151 00e6 4424      		clr r4
 152 00e8 5524      		clr r5
 153               	.L26:
 154 00ea 6624      		clr r6
 155 00ec 6A94      		dec r6
 156 00ee 762C      		mov r7,r6
 157               	.L89:
 158 00f0 D101      		movw r26,r2
 159 00f2 BD90      		ld r11,X+
 160 00f4 1D01      		movw r2,r26
 161 00f6 B0E2      		ldi r27,lo8(32)
 162 00f8 BB16      		cp r11,r27
GAS LISTING C:\DOCUME~1\ADMINI~1\LOCALS~1\Temp/cc8CHUlV.s 			page 4


 163 00fa 01F4      		brne .L13
 164 00fc 8981      		ldd r24,Y+1
 165 00fe 8823      		tst r24
 166 0100 01F4      		brne .L89
 167 0102 00C0      		rjmp .L91
 168               	.L13:
 169 0104 EBE2      		ldi r30,lo8(43)
 170 0106 BE16      		cp r11,r30
 171 0108 01F4      		brne .L14
 172               	.L91:
 173 010a B982      		std Y+1,r11
 174 010c 00C0      		rjmp .L89
 175               	.L14:
 176 010e FDE2      		ldi r31,lo8(45)
 177 0110 BF16      		cp r11,r31
 178 0112 01F4      		brne .L15
 179 0114 2E89      		ldd r18,Y+22
 180 0116 2460      		ori r18,lo8(4)
 181 0118 2E8B      		std Y+22,r18
 182 011a 00C0      		rjmp .L89
 183               	.L15:
 184 011c 33E2      		ldi r19,lo8(35)
 185 011e B316      		cp r11,r19
 186 0120 01F4      		brne .L16
 187 0122 4E89      		ldd r20,Y+22
 188 0124 4160      		ori r20,lo8(1)
 189 0126 4E8B      		std Y+22,r20
 190 0128 00C0      		rjmp .L89
 191               	.L16:
 192 012a 80E3      		ldi r24,lo8(48)
 193 012c B816      		cp r11,r24
 194 012e 01F4      		brne .L17
 195 0130 9E89      		ldd r25,Y+22
 196 0132 9061      		ori r25,lo8(16)
 197 0134 9E8B      		std Y+22,r25
 198 0136 00C0      		rjmp .L89
 199               	.L17:
 200 0138 ACE6      		ldi r26,lo8(108)
 201 013a BA16      		cp r11,r26
 202 013c 01F4      		brne .L18
 203 013e BE89      		ldd r27,Y+22
 204 0140 B860      		ori r27,lo8(8)
 205 0142 BE8B      		std Y+22,r27
 206 0144 00C0      		rjmp .L89
 207               	.L18:
 208 0146 EAE7      		ldi r30,lo8(122)
 209 0148 BE16      		cp r11,r30
 210 014a 01F0      		breq .L89
 211 014c FAE2      		ldi r31,lo8(42)
 212 014e BF16      		cp r11,r31
 213 0150 01F4      		brne .L19
 214 0152 C401      		movw r24,r8
 215 0154 0296      		adiw r24,2
 216 0156 D401      		movw r26,r8
 217 0158 4D90      		ld r4,X+
 218 015a 5C90      		ld r5,X
 219 015c 57FE      		sbrs r5,7
GAS LISTING C:\DOCUME~1\ADMINI~1\LOCALS~1\Temp/cc8CHUlV.s 			page 5


 220 015e 00C0      		rjmp .L92
 221               	.L20:
 222 0160 BE89      		ldd r27,Y+22
 223 0162 B460      		ori r27,lo8(4)
 224 0164 BE8B      		std Y+22,r27
 225 0166 5094      		com r5
 226 0168 4194      		neg r4
 227 016a 5108      		sbc r5,__zero_reg__
 228 016c 5394      		inc r5
 229               	.L92:
 230 016e 4C01      		movw r8,r24
 231 0170 00C0      		rjmp .L89
 232               	.L19:
 233 0172 EEE2      		ldi r30,lo8(46)
 234 0174 BE16      		cp r11,r30
 235 0176 01F4      		brne .L21
 236 0178 D101      		movw r26,r2
 237 017a 8C91      		ld r24,X
 238 017c 8A32      		cpi r24,lo8(42)
 239 017e 01F0      		breq .L22
 240 0180 6624      		clr r6
 241 0182 7724      		clr r7
 242 0184 00C0      		rjmp .L23
 243               	.L22:
 244 0186 0894      		sec
 245 0188 211C      		adc r2,__zero_reg__
 246 018a 311C      		adc r3,__zero_reg__
 247 018c F401      		movw r30,r8
 248 018e 6080      		ld r6,Z
 249 0190 7180      		ldd r7,Z+1
 250 0192 22E0      		ldi r18,lo8(2)
 251 0194 30E0      		ldi r19,hi8(2)
 252 0196 820E      		add r8,r18
 253 0198 931E      		adc r9,r19
 254 019a 00C0      		rjmp .L24
 255               	.L25:
 256 019c C301      		movw r24,r6
 257 019e E3E0      		ldi r30,3
 258 01a0 880F      	1:	lsl r24
 259 01a2 991F      		rol r25
 260 01a4 EA95      		dec r30
 261 01a6 01F4      		brne 1b
 262 01a8 660C      		lsl r6
 263 01aa 771C      		rol r7
 264 01ac 860D      		add r24,r6
 265 01ae 971D      		adc r25,r7
 266 01b0 622E      		mov r6,r18
 267 01b2 7724      		clr r7
 268 01b4 67FC      		sbrc r6,7
 269 01b6 7094      		com r7
 270 01b8 A0ED      		ldi r26,lo8(-48)
 271 01ba BFEF      		ldi r27,hi8(-48)
 272 01bc 6A0E      		add r6,r26
 273 01be 7B1E      		adc r7,r27
 274 01c0 680E      		add r6,r24
 275 01c2 791E      		adc r7,r25
 276 01c4 0894      		sec
GAS LISTING C:\DOCUME~1\ADMINI~1\LOCALS~1\Temp/cc8CHUlV.s 			page 6


 277 01c6 211C      		adc r2,__zero_reg__
 278 01c8 311C      		adc r3,__zero_reg__
 279               	.L23:
 280 01ca F101      		movw r30,r2
 281 01cc 2081      		ld r18,Z
 282 01ce 822F      		mov r24,r18
 283 01d0 8053      		subi r24,lo8(-(-48))
 284 01d2 8A30      		cpi r24,lo8(10)
 285 01d4 00F0      		brlo .L25
 286               	.L24:
 287 01d6 77FE      		sbrs r7,7
 288 01d8 00C0      		rjmp .L89
 289 01da 00C0      		rjmp .L26
 290               	.L21:
 291 01dc 8B2D      		mov r24,r11
 292 01de 8153      		subi r24,lo8(-(-49))
 293 01e0 8930      		cpi r24,lo8(9)
 294 01e2 00F4      		brsh .L27
 295 01e4 4B2C      		mov r4,r11
 296 01e6 5524      		clr r5
 297 01e8 20ED      		ldi r18,lo8(-48)
 298 01ea 3FEF      		ldi r19,hi8(-48)
 299 01ec 420E      		add r4,r18
 300 01ee 531E      		adc r5,r19
 301 01f0 00C0      		rjmp .L28
 302               	.L29:
 303 01f2 C201      		movw r24,r4
 304 01f4 63E0      		ldi r22,3
 305 01f6 880F      	1:	lsl r24
 306 01f8 991F      		rol r25
 307 01fa 6A95      		dec r22
 308 01fc 01F4      		brne 1b
 309 01fe 440C      		lsl r4
 310 0200 551C      		rol r5
 311 0202 840D      		add r24,r4
 312 0204 951D      		adc r25,r5
 313 0206 422E      		mov r4,r18
 314 0208 5524      		clr r5
 315 020a 47FC      		sbrc r4,7
 316 020c 5094      		com r5
 317 020e A0ED      		ldi r26,lo8(-48)
 318 0210 BFEF      		ldi r27,hi8(-48)
 319 0212 4A0E      		add r4,r26
 320 0214 5B1E      		adc r5,r27
 321 0216 480E      		add r4,r24
 322 0218 591E      		adc r5,r25
 323 021a 0894      		sec
 324 021c 211C      		adc r2,__zero_reg__
 325 021e 311C      		adc r3,__zero_reg__
 326               	.L28:
 327 0220 F101      		movw r30,r2
 328 0222 2081      		ld r18,Z
 329 0224 822F      		mov r24,r18
 330 0226 8053      		subi r24,lo8(-(-48))
 331 0228 8A30      		cpi r24,lo8(10)
 332 022a 00F0      		brlo .L29
 333 022c 00C0      		rjmp .L89
GAS LISTING C:\DOCUME~1\ADMINI~1\LOCALS~1\Temp/cc8CHUlV.s 			page 7


 334               	.L27:
 335 022e F401      		movw r30,r8
 336 0230 BF8A      		std Y+23,r11
 337 0232 27E6      		ldi r18,lo8(103)
 338 0234 2B15      		cp r18,r11
 339 0236 00F0      		brlo .L39
 340 0238 35E6      		ldi r19,lo8(101)
 341 023a B316      		cp r11,r19
 342 023c 00F0      		brlo .+2
 343 023e 00C0      		rjmp .L31
 344 0240 40E5      		ldi r20,lo8(80)
 345 0242 B416      		cp r11,r20
 346 0244 01F0      		breq .L32
 347 0246 4B15      		cp r20,r11
 348 0248 00F0      		brlo .L40
 349 024a 85E4      		ldi r24,lo8(69)
 350 024c B816      		cp r11,r24
 351 024e 01F4      		brne .+2
 352 0250 00C0      		rjmp .L31
 353 0252 97E4      		ldi r25,lo8(71)
 354 0254 B916      		cp r11,r25
 355 0256 01F0      		breq .+2
 356 0258 00C0      		rjmp .L30
 357 025a 00C0      		rjmp .L31
 358               	.L40:
 359 025c A3E6      		ldi r26,lo8(99)
 360 025e BA16      		cp r11,r26
 361 0260 01F0      		breq .L34
 362 0262 AB15      		cp r26,r11
 363 0264 00F4      		brsh .+2
 364 0266 00C0      		rjmp .L35
 365 0268 B8E5      		ldi r27,lo8(88)
 366 026a BB16      		cp r11,r27
 367 026c 01F0      		breq .+2
 368 026e 00C0      		rjmp .L30
 369 0270 00C0      		rjmp .L33
 370               	.L39:
 371 0272 20E7      		ldi r18,lo8(112)
 372 0274 B216      		cp r11,r18
 373 0276 01F4      		brne .+2
 374 0278 00C0      		rjmp .L33
 375 027a 2B15      		cp r18,r11
 376 027c 00F0      		brlo .L41
 377 027e 39E6      		ldi r19,lo8(105)
 378 0280 B316      		cp r11,r19
 379 0282 01F4      		brne .+2
 380 0284 00C0      		rjmp .L35
 381 0286 4FE6      		ldi r20,lo8(111)
 382 0288 B416      		cp r11,r20
 383 028a 01F0      		breq .+2
 384 028c 00C0      		rjmp .L30
 385 028e 00C0      		rjmp .L96
 386               	.L41:
 387 0290 8F89      		ldd r24,Y+23
 388 0292 8537      		cpi r24,lo8(117)
 389 0294 01F4      		brne .+2
 390 0296 00C0      		rjmp .L38
GAS LISTING C:\DOCUME~1\ADMINI~1\LOCALS~1\Temp/cc8CHUlV.s 			page 8


 391 0298 8837      		cpi r24,lo8(120)
 392 029a 01F4      		brne .+2
 393 029c 00C0      		rjmp .L33
 394 029e 8337      		cpi r24,lo8(115)
 395 02a0 01F0      		breq .+2
 396 02a2 00C0      		rjmp .L30
 397 02a4 00C0      		rjmp .L97
 398               	.L34:
 399 02a6 A2E0      		ldi r26,lo8(2)
 400 02a8 B0E0      		ldi r27,hi8(2)
 401 02aa 8A0E      		add r8,r26
 402 02ac 9B1E      		adc r9,r27
 403 02ae 8081      		ld r24,Z
 404 02b0 8A83      		std Y+2,r24
 405 02b2 1982      		std Y+1,__zero_reg__
 406 02b4 00C0      		rjmp .L94
 407               	.L32:
 408 02b6 22E0      		ldi r18,lo8(2)
 409 02b8 30E0      		ldi r19,hi8(2)
 410 02ba 820E      		add r8,r18
 411 02bc 931E      		adc r9,r19
 412 02be E080      		ld r14,Z
 413 02c0 F180      		ldd r15,Z+1
 414 02c2 E114      		cp r14,__zero_reg__
 415 02c4 F104      		cpc r15,__zero_reg__
 416 02c6 01F4      		brne .L43
 417 02c8 40E0      		ldi r20,lo8(.LC0)
 418 02ca C42E      		mov r12,r20
 419 02cc 40E0      		ldi r20,hi8(.LC0)
 420 02ce D42E      		mov r13,r20
 421 02d0 33E7      		ldi r19,lo8(115)
 422 02d2 3F8B      		std Y+23,r19
 423 02d4 00C0      		rjmp .L44
 424               	.L43:
 425 02d6 C701      		movw r24,r14
 426 02d8 0E94 0000 		call strlen_P
 427 02dc 0196      		adiw r24,1
 428 02de 0E94 0000 		call malloc
 429 02e2 182F      		mov r17,r24
 430 02e4 092F      		mov r16,r25
 431 02e6 B701      		movw r22,r14
 432 02e8 0E94 0000 		call strcpy_P
 433 02ec 212F      		mov r18,r17
 434 02ee 302F      		mov r19,r16
 435 02f0 C901      		movw r24,r18
 436 02f2 6C01      		movw r12,r24
 437 02f4 00C0      		rjmp .L45
 438               	.L97:
 439 02f6 82E0      		ldi r24,lo8(2)
 440 02f8 90E0      		ldi r25,hi8(2)
 441 02fa 880E      		add r8,r24
 442 02fc 991E      		adc r9,r25
 443 02fe C080      		ld r12,Z
 444 0300 D180      		ldd r13,Z+1
 445               	.L45:
 446 0302 C114      		cp r12,__zero_reg__
 447 0304 D104      		cpc r13,__zero_reg__
GAS LISTING C:\DOCUME~1\ADMINI~1\LOCALS~1\Temp/cc8CHUlV.s 			page 9


 448 0306 01F4      		brne .L44
 449 0308 30E0      		ldi r19,lo8(.LC0)
 450 030a C32E      		mov r12,r19
 451 030c 30E0      		ldi r19,hi8(.LC0)
 452 030e D32E      		mov r13,r19
 453               	.L44:
 454 0310 77FC      		sbrc r7,7
 455 0312 00C0      		rjmp .L46
 456 0314 C601      		movw r24,r12
 457 0316 60E0      		ldi r22,lo8(0)
 458 0318 70E0      		ldi r23,hi8(0)
 459 031a A301      		movw r20,r6
 460 031c 0E94 0000 		call memchr
 461 0320 0097      		sbiw r24,0
 462 0322 01F0      		breq .L47
 463 0324 8C01      		movw r16,r24
 464 0326 0C19      		sub r16,r12
 465 0328 1D09      		sbc r17,r13
 466 032a 6016      		cp r6,r16
 467 032c 7106      		cpc r7,r17
 468 032e 04F0      		brlt .L47
 469 0330 00C0      		rjmp .L48
 470               	.L46:
 471 0332 D601      		movw r26,r12
 472 0334 0D90      		ld __tmp_reg__,X+
 473 0336 0020      		tst __tmp_reg__
 474 0338 01F4      		brne .-6
 475 033a 8D01      		movw r16,r26
 476 033c 0150      		subi r16,lo8(-(-1))
 477 033e 1040      		sbci r17,hi8(-(-1))
 478 0340 0C19      		sub r16,r12
 479 0342 1D09      		sbc r17,r13
 480 0344 00C0      		rjmp .L48
 481               	.L47:
 482 0346 8301      		movw r16,r6
 483               	.L48:
 484 0348 1982      		std Y+1,__zero_reg__
 485 034a EE24      		clr r14
 486 034c FF24      		clr r15
 487 034e 00C0      		rjmp .L42
 488               	.L38:
 489 0350 1982      		std Y+1,__zero_reg__
 490               	.L35:
 491 0352 BE89      		ldd r27,Y+22
 492 0354 B3FF      		sbrs r27,3
 493 0356 00C0      		rjmp .L49
 494 0358 24E0      		ldi r18,lo8(4)
 495 035a 30E0      		ldi r19,hi8(4)
 496 035c 820E      		add r8,r18
 497 035e 931E      		adc r9,r19
 498 0360 E080      		ld r14,Z
 499 0362 F180      		ldd r15,Z+1
 500 0364 0281      		ldd r16,Z+2
 501 0366 1381      		ldd r17,Z+3
 502 0368 00C0      		rjmp .L50
 503               	.L49:
 504 036a C401      		movw r24,r8
GAS LISTING C:\DOCUME~1\ADMINI~1\LOCALS~1\Temp/cc8CHUlV.s 			page 10


 505 036c 0296      		adiw r24,2
 506 036e D401      		movw r26,r8
 507 0370 2D91      		ld r18,X+
 508 0372 3C91      		ld r19,X
 509 0374 B5E7      		ldi r27,lo8(117)
 510 0376 BB16      		cp r11,r27
 511 0378 01F4      		brne .L51
 512 037a 4C01      		movw r8,r24
 513 037c 7901      		movw r14,r18
 514 037e 00E0      		ldi r16,lo8(0)
 515 0380 10E0      		ldi r17,hi8(0)
 516 0382 00C0      		rjmp .L52
 517               	.L51:
 518 0384 4C01      		movw r8,r24
 519 0386 7901      		movw r14,r18
 520 0388 0027      		clr r16
 521 038a F7FC      		sbrc r15,7
 522 038c 0095      		com r16
 523 038e 102F      		mov r17,r16
 524               	.L50:
 525 0390 E5E7      		ldi r30,lo8(117)
 526 0392 BE16      		cp r11,r30
 527 0394 01F0      		breq .L52
 528 0396 17FF      		sbrs r17,7
 529 0398 00C0      		rjmp .L52
 530 039a 1095      		com r17
 531 039c 0095      		com r16
 532 039e F094      		com r15
 533 03a0 E094      		com r14
 534 03a2 E11C      		adc r14,__zero_reg__
 535 03a4 F11C      		adc r15,__zero_reg__
 536 03a6 011D      		adc r16,__zero_reg__
 537 03a8 111D      		adc r17,__zero_reg__
 538 03aa FDE2      		ldi r31,lo8(45)
 539 03ac F983      		std Y+1,r31
 540               	.L52:
 541 03ae 77FC      		sbrc r7,7
 542 03b0 00C0      		rjmp .L53
 543 03b2 2E89      		ldd r18,Y+22
 544 03b4 2F7E      		andi r18,lo8(-17)
 545 03b6 2E8B      		std Y+22,r18
 546               	.L53:
 547 03b8 E114      		cp r14,__zero_reg__
 548 03ba F104      		cpc r15,__zero_reg__
 549 03bc 0105      		cpc r16,__zero_reg__
 550 03be 1105      		cpc r17,__zero_reg__
 551 03c0 01F4      		brne .L54
 552 03c2 6114      		cp r6,__zero_reg__
 553 03c4 7104      		cpc r7,__zero_reg__
 554 03c6 01F4      		brne .L55
 555 03c8 22E1      		ldi r18,lo8(18)
 556 03ca C22E      		mov r12,r18
 557 03cc D12C      		mov r13,__zero_reg__
 558 03ce CC0E      		add r12,r28
 559 03d0 DD1E      		adc r13,r29
 560 03d2 00C0      		rjmp .L56
 561               	.L54:
GAS LISTING C:\DOCUME~1\ADMINI~1\LOCALS~1\Temp/cc8CHUlV.s 			page 11


 562 03d4 3AE0      		ldi r19,lo8(10)
 563 03d6 E316      		cp r14,r19
 564 03d8 F104      		cpc r15,__zero_reg__
 565 03da 0105      		cpc r16,__zero_reg__
 566 03dc 1105      		cpc r17,__zero_reg__
 567 03de 00F4      		brsh .L57
 568               	.L55:
 569 03e0 91E1      		ldi r25,lo8(17)
 570 03e2 C92E      		mov r12,r25
 571 03e4 D12C      		mov r13,__zero_reg__
 572 03e6 CC0E      		add r12,r28
 573 03e8 DD1E      		adc r13,r29
 574 03ea 8E2D      		mov r24,r14
 575 03ec 805D      		subi r24,lo8(-(48))
 576 03ee 898B      		std Y+17,r24
 577 03f0 00C0      		rjmp .L56
 578               	.L57:
 579 03f2 82E1      		ldi r24,lo8(18)
 580 03f4 C82E      		mov r12,r24
 581 03f6 D12C      		mov r13,__zero_reg__
 582 03f8 CC0E      		add r12,r28
 583 03fa DD1E      		adc r13,r29
 584               	.L58:
 585 03fc C801      		movw r24,r16
 586 03fe B701      		movw r22,r14
 587 0400 2AE0      		ldi r18,lo8(10)
 588 0402 30E0      		ldi r19,hi8(10)
 589 0404 40E0      		ldi r20,hlo8(10)
 590 0406 50E0      		ldi r21,hhi8(10)
 591 0408 0E94 0000 		call __udivmodsi4
 592 040c 605D      		subi r22,lo8(-(48))
 593 040e D601      		movw r26,r12
 594 0410 6E93      		st -X,r22
 595 0412 6D01      		movw r12,r26
 596 0414 C801      		movw r24,r16
 597 0416 B701      		movw r22,r14
 598 0418 2AE0      		ldi r18,lo8(10)
 599 041a 30E0      		ldi r19,hi8(10)
 600 041c 40E0      		ldi r20,hlo8(10)
 601 041e 50E0      		ldi r21,hhi8(10)
 602 0420 0E94 0000 		call __udivmodsi4
 603 0424 C901      		movw r24,r18
 604 0426 DA01      		movw r26,r20
 605 0428 7C01      		movw r14,r24
 606 042a 8D01      		movw r16,r26
 607 042c E114      		cp r14,__zero_reg__
 608 042e F104      		cpc r15,__zero_reg__
 609 0430 0105      		cpc r16,__zero_reg__
 610 0432 1105      		cpc r17,__zero_reg__
 611 0434 01F4      		brne .L58
 612               	.L56:
 613 0436 0C8D      		ldd r16,Y+28
 614 0438 1D8D      		ldd r17,Y+29
 615 043a 0C19      		sub r16,r12
 616 043c 1D09      		sbc r17,r13
 617 043e BF8A      		std Y+23,r11
 618 0440 00C0      		rjmp .L95
GAS LISTING C:\DOCUME~1\ADMINI~1\LOCALS~1\Temp/cc8CHUlV.s 			page 12


 619               	.L96:
 620 0442 BE89      		ldd r27,Y+22
 621 0444 B3FF      		sbrs r27,3
 622 0446 00C0      		rjmp .L59
 623 0448 24E0      		ldi r18,lo8(4)
 624 044a 30E0      		ldi r19,hi8(4)
 625 044c 820E      		add r8,r18
 626 044e 931E      		adc r9,r19
 627 0450 6081      		ld r22,Z
 628 0452 7181      		ldd r23,Z+1
 629 0454 8281      		ldd r24,Z+2
 630 0456 9381      		ldd r25,Z+3
 631 0458 00C0      		rjmp .L60
 632               	.L59:
 633 045a 82E0      		ldi r24,lo8(2)
 634 045c 90E0      		ldi r25,hi8(2)
 635 045e 880E      		add r8,r24
 636 0460 991E      		adc r9,r25
 637 0462 8081      		ld r24,Z
 638 0464 9181      		ldd r25,Z+1
 639 0466 BC01      		movw r22,r24
 640 0468 80E0      		ldi r24,lo8(0)
 641 046a 90E0      		ldi r25,hi8(0)
 642               	.L60:
 643 046c 1982      		std Y+1,__zero_reg__
 644 046e 77FC      		sbrc r7,7
 645 0470 00C0      		rjmp .L61
 646 0472 AE89      		ldd r26,Y+22
 647 0474 AF7E      		andi r26,lo8(-17)
 648 0476 AE8B      		std Y+22,r26
 649               	.L61:
 650 0478 6115      		cp r22,__zero_reg__
 651 047a 7105      		cpc r23,__zero_reg__
 652 047c 8105      		cpc r24,__zero_reg__
 653 047e 9105      		cpc r25,__zero_reg__
 654 0480 01F4      		brne .L62
 655 0482 6114      		cp r6,__zero_reg__
 656 0484 7104      		cpc r7,__zero_reg__
 657 0486 01F4      		brne .L62
 658 0488 B2E1      		ldi r27,lo8(18)
 659 048a CB2E      		mov r12,r27
 660 048c D12C      		mov r13,__zero_reg__
 661 048e CC0E      		add r12,r28
 662 0490 DD1E      		adc r13,r29
 663 0492 00C0      		rjmp .L63
 664               	.L62:
 665 0494 A2E1      		ldi r26,lo8(18)
 666 0496 CA2E      		mov r12,r26
 667 0498 D12C      		mov r13,__zero_reg__
 668 049a CC0E      		add r12,r28
 669 049c DD1E      		adc r13,r29
 670               	.L64:
 671 049e 262F      		mov r18,r22
 672 04a0 2770      		andi r18,lo8(7)
 673 04a2 205D      		subi r18,lo8(-(48))
 674 04a4 F601      		movw r30,r12
 675 04a6 2293      		st -Z,r18
GAS LISTING C:\DOCUME~1\ADMINI~1\LOCALS~1\Temp/cc8CHUlV.s 			page 13


 676 04a8 6F01      		movw r12,r30
 677 04aa F3E0      		ldi r31,3
 678 04ac 9695      	1:	lsr r25
 679 04ae 8795      		ror r24
 680 04b0 7795      		ror r23
 681 04b2 6795      		ror r22
 682 04b4 FA95      		dec r31
 683 04b6 01F4      		brne 1b
 684 04b8 6115      		cp r22,__zero_reg__
 685 04ba 7105      		cpc r23,__zero_reg__
 686 04bc 8105      		cpc r24,__zero_reg__
 687 04be 9105      		cpc r25,__zero_reg__
 688 04c0 01F4      		brne .L64
 689 04c2 FE89      		ldd r31,Y+22
 690 04c4 F0FF      		sbrs r31,0
 691 04c6 00C0      		rjmp .L63
 692 04c8 2033      		cpi r18,lo8(48)
 693 04ca 01F0      		breq .L63
 694 04cc D601      		movw r26,r12
 695 04ce E0E3      		ldi r30,lo8(48)
 696 04d0 EE93      		st -X,r30
 697 04d2 6D01      		movw r12,r26
 698               	.L63:
 699 04d4 0C8D      		ldd r16,Y+28
 700 04d6 1D8D      		ldd r17,Y+29
 701 04d8 0C19      		sub r16,r12
 702 04da 1D09      		sbc r17,r13
 703 04dc FFE6      		ldi r31,lo8(111)
 704 04de FF8B      		std Y+23,r31
 705 04e0 00C0      		rjmp .L95
 706               	.L33:
 707 04e2 20E7      		ldi r18,lo8(112)
 708 04e4 B216      		cp r11,r18
 709 04e6 01F4      		brne .L65
 710 04e8 82E0      		ldi r24,lo8(2)
 711 04ea 90E0      		ldi r25,hi8(2)
 712 04ec 880E      		add r8,r24
 713 04ee 991E      		adc r9,r25
 714 04f0 8081      		ld r24,Z
 715 04f2 9181      		ldd r25,Z+1
 716 04f4 9C01      		movw r18,r24
 717 04f6 40E0      		ldi r20,lo8(0)
 718 04f8 50E0      		ldi r21,hi8(0)
 719 04fa 9E89      		ldd r25,Y+22
 720 04fc 9160      		ori r25,lo8(1)
 721 04fe 9E8B      		std Y+22,r25
 722 0500 A8E7      		ldi r26,lo8(120)
 723 0502 AF8B      		std Y+23,r26
 724 0504 00C0      		rjmp .L66
 725               	.L65:
 726 0506 BE89      		ldd r27,Y+22
 727 0508 B3FF      		sbrs r27,3
 728 050a 00C0      		rjmp .L67
 729 050c 24E0      		ldi r18,lo8(4)
 730 050e 30E0      		ldi r19,hi8(4)
 731 0510 820E      		add r8,r18
 732 0512 931E      		adc r9,r19
GAS LISTING C:\DOCUME~1\ADMINI~1\LOCALS~1\Temp/cc8CHUlV.s 			page 14


 733 0514 2081      		ld r18,Z
 734 0516 3181      		ldd r19,Z+1
 735 0518 4281      		ldd r20,Z+2
 736 051a 5381      		ldd r21,Z+3
 737 051c 00C0      		rjmp .L93
 738               	.L67:
 739 051e 82E0      		ldi r24,lo8(2)
 740 0520 90E0      		ldi r25,hi8(2)
 741 0522 880E      		add r8,r24
 742 0524 991E      		adc r9,r25
 743 0526 8081      		ld r24,Z
 744 0528 9181      		ldd r25,Z+1
 745 052a 9C01      		movw r18,r24
 746 052c 40E0      		ldi r20,lo8(0)
 747 052e 50E0      		ldi r21,hi8(0)
 748               	.L93:
 749 0530 BF8A      		std Y+23,r11
 750               	.L66:
 751 0532 77FC      		sbrc r7,7
 752 0534 00C0      		rjmp .L68
 753 0536 9E89      		ldd r25,Y+22
 754 0538 9F7E      		andi r25,lo8(-17)
 755 053a 9E8B      		std Y+22,r25
 756               	.L68:
 757 053c AF89      		ldd r26,Y+23
 758 053e A835      		cpi r26,lo8(88)
 759 0540 01F0      		breq .L69
 760 0542 60E0      		ldi r22,lo8(.LC1)
 761 0544 70E0      		ldi r23,hi8(.LC1)
 762 0546 00C0      		rjmp .L70
 763               	.L69:
 764 0548 60E0      		ldi r22,lo8(.LC2)
 765 054a 70E0      		ldi r23,hi8(.LC2)
 766               	.L70:
 767 054c 1982      		std Y+1,__zero_reg__
 768 054e E2E1      		ldi r30,lo8(18)
 769 0550 CE2E      		mov r12,r30
 770 0552 D12C      		mov r13,__zero_reg__
 771 0554 CC0E      		add r12,r28
 772 0556 DD1E      		adc r13,r29
 773               	.L71:
 774 0558 F901      		movw r30,r18
 775 055a EF70      		andi r30,lo8(15)
 776 055c F070      		andi r31,hi8(15)
 777 055e E60F      		add r30,r22
 778 0560 F71F      		adc r31,r23
 779 0562 8081      		ld r24,Z
 780 0564 F601      		movw r30,r12
 781 0566 8293      		st -Z,r24
 782 0568 6F01      		movw r12,r30
 783 056a 94E0      		ldi r25,4
 784 056c 5695      	1:	lsr r21
 785 056e 4795      		ror r20
 786 0570 3795      		ror r19
 787 0572 2795      		ror r18
 788 0574 9A95      		dec r25
 789 0576 01F4      		brne 1b
GAS LISTING C:\DOCUME~1\ADMINI~1\LOCALS~1\Temp/cc8CHUlV.s 			page 15


 790 0578 2115      		cp r18,__zero_reg__
 791 057a 3105      		cpc r19,__zero_reg__
 792 057c 4105      		cpc r20,__zero_reg__
 793 057e 5105      		cpc r21,__zero_reg__
 794 0580 01F4      		brne .L71
 795 0582 FE89      		ldd r31,Y+22
 796 0584 F0FF      		sbrs r31,0
 797 0586 00C0      		rjmp .L72
 798 0588 D601      		movw r26,r12
 799 058a EF89      		ldd r30,Y+23
 800 058c EE93      		st -X,r30
 801 058e E0E3      		ldi r30,lo8(48)
 802 0590 EE93      		st -X,r30
 803 0592 6D01      		movw r12,r26
 804               	.L72:
 805 0594 0C8D      		ldd r16,Y+28
 806 0596 1D8D      		ldd r17,Y+29
 807 0598 0C19      		sub r16,r12
 808 059a 1D09      		sbc r17,r13
 809               	.L95:
 810 059c 7301      		movw r14,r6
 811 059e 00C0      		rjmp .L42
 812               	.L31:
 813 05a0 24E0      		ldi r18,lo8(4)
 814 05a2 30E0      		ldi r19,hi8(4)
 815 05a4 820E      		add r8,r18
 816 05a6 931E      		adc r9,r19
 817               	.L30:
 818 05a8 BB20      		tst r11
 819 05aa 01F4      		brne .+2
 820 05ac 00C0      		rjmp .L11
 821 05ae BA82      		std Y+2,r11
 822 05b0 1982      		std Y+1,__zero_reg__
 823 05b2 BF8A      		std Y+23,r11
 824               	.L94:
 825 05b4 82E0      		ldi r24,lo8(2)
 826 05b6 C82E      		mov r12,r24
 827 05b8 D12C      		mov r13,__zero_reg__
 828 05ba CC0E      		add r12,r28
 829 05bc DD1E      		adc r13,r29
 830 05be EE24      		clr r14
 831 05c0 FF24      		clr r15
 832 05c2 01E0      		ldi r16,lo8(1)
 833 05c4 10E0      		ldi r17,hi8(1)
 834               	.L42:
 835 05c6 5801      		movw r10,r16
 836 05c8 0E15      		cp r16,r14
 837 05ca 1F05      		cpc r17,r15
 838 05cc 04F4      		brge .L73
 839 05ce 5701      		movw r10,r14
 840               	.L73:
 841 05d0 8981      		ldd r24,Y+1
 842 05d2 8823      		tst r24
 843 05d4 01F0      		breq .L74
 844 05d6 0894      		sec
 845 05d8 A11C      		adc r10,__zero_reg__
 846 05da B11C      		adc r11,__zero_reg__
GAS LISTING C:\DOCUME~1\ADMINI~1\LOCALS~1\Temp/cc8CHUlV.s 			page 16


 847               	.L74:
 848 05dc 9E89      		ldd r25,Y+22
 849 05de 892F      		mov r24,r25
 850 05e0 90E0      		ldi r25,lo8(0)
 851 05e2 9B8B      		std Y+19,r25
 852 05e4 8A8B      		std Y+18,r24
 853 05e6 3C01      		movw r6,r24
 854 05e8 A4E1      		ldi r26,lo8(20)
 855 05ea 6A22      		and r6,r26
 856 05ec 7724      		clr r7
 857 05ee 6114      		cp r6,__zero_reg__
 858 05f0 7104      		cpc r7,__zero_reg__
 859 05f2 01F4      		brne .L75
 860 05f4 9201      		movw r18,r4
 861 05f6 2A19      		sub r18,r10
 862 05f8 3B09      		sbc r19,r11
 863 05fa 888D      		ldd r24,Y+24
 864 05fc 998D      		ldd r25,Y+25
 865 05fe 6A8D      		ldd r22,Y+26
 866 0600 7B8D      		ldd r23,Y+27
 867 0602 40E0      		ldi r20,lo8(blanks)
 868 0604 50E0      		ldi r21,hi8(blanks)
 869 0606 0E94 0000 		call _putpad
 870               	.L75:
 871 060a 8981      		ldd r24,Y+1
 872 060c 8823      		tst r24
 873 060e 01F0      		breq .L76
 874 0610 8A8D      		ldd r24,Y+26
 875 0612 9B8D      		ldd r25,Y+27
 876 0614 BE01      		movw r22,r28
 877 0616 6F5F      		subi r22,lo8(-(1))
 878 0618 7F4F      		sbci r23,hi8(-(1))
 879 061a 41E0      		ldi r20,lo8(1)
 880 061c 50E0      		ldi r21,hi8(1)
 881 061e E88D      		ldd r30,Y+24
 882 0620 F98D      		ldd r31,Y+25
 883 0622 0995      		icall
 884               	.L76:
 885 0624 F0E1      		ldi r31,lo8(16)
 886 0626 6F16      		cp r6,r31
 887 0628 7104      		cpc r7,__zero_reg__
 888 062a 01F4      		brne .L77
 889 062c 9201      		movw r18,r4
 890 062e 2A19      		sub r18,r10
 891 0630 3B09      		sbc r19,r11
 892 0632 888D      		ldd r24,Y+24
 893 0634 998D      		ldd r25,Y+25
 894 0636 6A8D      		ldd r22,Y+26
 895 0638 7B8D      		ldd r23,Y+27
 896 063a 40E0      		ldi r20,lo8(zeroes)
 897 063c 50E0      		ldi r21,hi8(zeroes)
 898 063e 0E94 0000 		call _putpad
 899               	.L77:
 900 0642 E01A      		sub r14,r16
 901 0644 F10A      		sbc r15,r17
 902 0646 888D      		ldd r24,Y+24
 903 0648 998D      		ldd r25,Y+25
GAS LISTING C:\DOCUME~1\ADMINI~1\LOCALS~1\Temp/cc8CHUlV.s 			page 17


 904 064a 6A8D      		ldd r22,Y+26
 905 064c 7B8D      		ldd r23,Y+27
 906 064e 40E0      		ldi r20,lo8(zeroes)
 907 0650 50E0      		ldi r21,hi8(zeroes)
 908 0652 9701      		movw r18,r14
 909 0654 0E94 0000 		call _putpad
 910 0658 0115      		cp r16,__zero_reg__
 911 065a 1105      		cpc r17,__zero_reg__
 912 065c 01F0      		breq .L78
 913 065e 8A8D      		ldd r24,Y+26
 914 0660 9B8D      		ldd r25,Y+27
 915 0662 B601      		movw r22,r12
 916 0664 A801      		movw r20,r16
 917 0666 288D      		ldd r18,Y+24
 918 0668 398D      		ldd r19,Y+25
 919 066a F901      		movw r30,r18
 920 066c 0995      		icall
 921               	.L78:
 922 066e 3F89      		ldd r19,Y+23
 923 0670 3035      		cpi r19,lo8(80)
 924 0672 01F4      		brne .L79
 925 0674 C601      		movw r24,r12
 926 0676 0E94 0000 		call free
 927               	.L79:
 928 067a 4A89      		ldd r20,Y+18
 929 067c 42FF      		sbrs r20,2
 930 067e 00C0      		rjmp .L80
 931 0680 9201      		movw r18,r4
 932 0682 2A19      		sub r18,r10
 933 0684 3B09      		sbc r19,r11
 934 0686 888D      		ldd r24,Y+24
 935 0688 998D      		ldd r25,Y+25
 936 068a 6A8D      		ldd r22,Y+26
 937 068c 7B8D      		ldd r23,Y+27
 938 068e 40E0      		ldi r20,lo8(blanks)
 939 0690 50E0      		ldi r21,hi8(blanks)
 940 0692 0E94 0000 		call _putpad
 941               	.L80:
 942 0696 4A14      		cp r4,r10
 943 0698 5B04      		cpc r5,r11
 944 069a 04F0      		brlt .L81
 945 069c 8C89      		ldd r24,Y+20
 946 069e 9D89      		ldd r25,Y+21
 947 06a0 840D      		add r24,r4
 948 06a2 951D      		adc r25,r5
 949 06a4 9D8B      		std Y+21,r25
 950 06a6 8C8B      		std Y+20,r24
 951 06a8 00C0      		rjmp .L90
 952               	.L81:
 953 06aa AC89      		ldd r26,Y+20
 954 06ac BD89      		ldd r27,Y+21
 955 06ae AA0D      		add r26,r10
 956 06b0 BB1D      		adc r27,r11
 957 06b2 BD8B      		std Y+21,r27
 958 06b4 AC8B      		std Y+20,r26
 959 06b6 00C0      		rjmp .L90
 960               	.L11:
GAS LISTING C:\DOCUME~1\ADMINI~1\LOCALS~1\Temp/cc8CHUlV.s 			page 18


 961 06b8 8C89      		ldd r24,Y+20
 962 06ba 9D89      		ldd r25,Y+21
 963               	/* epilogue start */
 964 06bc 6D96      		adiw r28,29
 965 06be 0FB6      		in __tmp_reg__,__SREG__
 966 06c0 F894      		cli
 967 06c2 DEBF      		out __SP_H__,r29
 968 06c4 0FBE      		out __SREG__,__tmp_reg__
 969 06c6 CDBF      		out __SP_L__,r28
 970 06c8 CF91      		pop r28
 971 06ca DF91      		pop r29
 972 06cc 1F91      		pop r17
 973 06ce 0F91      		pop r16
 974 06d0 FF90      		pop r15
 975 06d2 EF90      		pop r14
 976 06d4 DF90      		pop r13
 977 06d6 CF90      		pop r12
 978 06d8 BF90      		pop r11
 979 06da AF90      		pop r10
 980 06dc 9F90      		pop r9
 981 06de 8F90      		pop r8
 982 06e0 7F90      		pop r7
 983 06e2 6F90      		pop r6
 984 06e4 5F90      		pop r5
 985 06e6 4F90      		pop r4
 986 06e8 3F90      		pop r3
 987 06ea 2F90      		pop r2
 988 06ec 0895      		ret
 989               		.size	_putf, .-_putf
 990               		.data
 991               		.type	blanks, @object
 992               		.size	blanks, 16
 993               	blanks:
 994 0029 20        		.byte	32
 995 002a 20        		.byte	32
 996 002b 20        		.byte	32
 997 002c 20        		.byte	32
 998 002d 20        		.byte	32
 999 002e 20        		.byte	32
 1000 002f 20        		.byte	32
 1001 0030 20        		.byte	32
 1002 0031 20        		.byte	32
 1003 0032 20        		.byte	32
 1004 0033 20        		.byte	32
 1005 0034 20        		.byte	32
 1006 0035 20        		.byte	32
 1007 0036 20        		.byte	32
 1008 0037 20        		.byte	32
 1009 0038 20        		.byte	32
 1010               		.type	zeroes, @object
 1011               		.size	zeroes, 16
 1012               	zeroes:
 1013 0039 30        		.byte	48
 1014 003a 30        		.byte	48
 1015 003b 30        		.byte	48
 1016 003c 30        		.byte	48
 1017 003d 30        		.byte	48
GAS LISTING C:\DOCUME~1\ADMINI~1\LOCALS~1\Temp/cc8CHUlV.s 			page 19


 1018 003e 30        		.byte	48
 1019 003f 30        		.byte	48
 1020 0040 30        		.byte	48
 1021 0041 30        		.byte	48
 1022 0042 30        		.byte	48
 1023 0043 30        		.byte	48
 1024 0044 30        		.byte	48
 1025 0045 30        		.byte	48
 1026 0046 30        		.byte	48
 1027 0047 30        		.byte	48
 1028 0048 30        		.byte	48
 1029               	.global __do_copy_data
GAS LISTING C:\DOCUME~1\ADMINI~1\LOCALS~1\Temp/cc8CHUlV.s 			page 20


DEFINED SYMBOLS
                            *ABS*:00000000 putf.c
C:\DOCUME~1\ADMINI~1\LOCALS~1\Temp/cc8CHUlV.s:2      *ABS*:0000003f __SREG__
C:\DOCUME~1\ADMINI~1\LOCALS~1\Temp/cc8CHUlV.s:3      *ABS*:0000003e __SP_H__
C:\DOCUME~1\ADMINI~1\LOCALS~1\Temp/cc8CHUlV.s:4      *ABS*:0000003d __SP_L__
C:\DOCUME~1\ADMINI~1\LOCALS~1\Temp/cc8CHUlV.s:5      *ABS*:00000034 __CCP__
C:\DOCUME~1\ADMINI~1\LOCALS~1\Temp/cc8CHUlV.s:6      *ABS*:00000000 __tmp_reg__
C:\DOCUME~1\ADMINI~1\LOCALS~1\Temp/cc8CHUlV.s:7      *ABS*:00000001 __zero_reg__
C:\DOCUME~1\ADMINI~1\LOCALS~1\Temp/cc8CHUlV.s:10     .text:00000000 _putpad
C:\DOCUME~1\ADMINI~1\LOCALS~1\Temp/cc8CHUlV.s:68     .text:00000050 _putf
C:\DOCUME~1\ADMINI~1\LOCALS~1\Temp/cc8CHUlV.s:993    .data:00000029 blanks
C:\DOCUME~1\ADMINI~1\LOCALS~1\Temp/cc8CHUlV.s:1012   .data:00000039 zeroes

UNDEFINED SYMBOLS
strlen_P
malloc
strcpy_P
memchr
__udivmodsi4
free
__do_copy_data
