GAS LISTING C:\DOCUME~1\ADMINI~1\LOCALS~1\Temp/ccwHEWva.s 			page 1


   1               		.file	"scanf.c"
   2               	__SREG__ = 0x3f
   3               	__SP_H__ = 0x3e
   4               	__SP_L__ = 0x3d
   5               	__CCP__  = 0x34
   6               	__tmp_reg__ = 0
   7               	__zero_reg__ = 1
   8               		.text
   9               	.global	scanf
  10               		.type	scanf, @function
  11               	scanf:
  12 0000 DF93      		push r29
  13 0002 CF93      		push r28
  14 0004 CDB7      		in r28,__SP_L__
  15 0006 DEB7      		in r29,__SP_H__
  16               	/* prologue: function */
  17               	/* frame size = 0 */
  18 0008 FE01      		movw r30,r28
  19 000a 3596      		adiw r30,5
  20 000c 6191      		ld r22,Z+
  21 000e 7191      		ld r23,Z+
  22 0010 8091 0000 		lds r24,__iob
  23 0014 9091 0000 		lds r25,(__iob)+1
  24 0018 AF01      		movw r20,r30
  25 001a 0E94 0000 		call vfscanf
  26               	/* epilogue start */
  27 001e CF91      		pop r28
  28 0020 DF91      		pop r29
  29 0022 0895      		ret
  30               		.size	scanf, .-scanf
GAS LISTING C:\DOCUME~1\ADMINI~1\LOCALS~1\Temp/ccwHEWva.s 			page 2


DEFINED SYMBOLS
                            *ABS*:00000000 scanf.c
C:\DOCUME~1\ADMINI~1\LOCALS~1\Temp/ccwHEWva.s:2      *ABS*:0000003f __SREG__
C:\DOCUME~1\ADMINI~1\LOCALS~1\Temp/ccwHEWva.s:3      *ABS*:0000003e __SP_H__
C:\DOCUME~1\ADMINI~1\LOCALS~1\Temp/ccwHEWva.s:4      *ABS*:0000003d __SP_L__
C:\DOCUME~1\ADMINI~1\LOCALS~1\Temp/ccwHEWva.s:5      *ABS*:00000034 __CCP__
C:\DOCUME~1\ADMINI~1\LOCALS~1\Temp/ccwHEWva.s:6      *ABS*:00000000 __tmp_reg__
C:\DOCUME~1\ADMINI~1\LOCALS~1\Temp/ccwHEWva.s:7      *ABS*:00000001 __zero_reg__
C:\DOCUME~1\ADMINI~1\LOCALS~1\Temp/ccwHEWva.s:11     .text:00000000 scanf

UNDEFINED SYMBOLS
__iob
vfscanf
