GAS LISTING C:\DOCUME~1\ADMINI~1\LOCALS~1\Temp/ccRxSvDg.s 			page 1


   1               		.file	"vfscanf.c"
   2               	__SREG__ = 0x3f
   3               	__SP_H__ = 0x3e
   4               	__SP_L__ = 0x3d
   5               	__CCP__  = 0x34
   6               	__tmp_reg__ = 0
   7               	__zero_reg__ = 1
   8               		.text
   9               	.global	vfscanf
  10               		.type	vfscanf, @function
  11               	vfscanf:
  12 0000 EF92      		push r14
  13 0002 FF92      		push r15
  14 0004 0F93      		push r16
  15 0006 1F93      		push r17
  16               	/* prologue: function */
  17               	/* frame size = 0 */
  18 0008 8B01      		movw r16,r22
  19 000a 7A01      		movw r14,r20
  20 000c 0E94 0000 		call _fileno
  21 0010 BC01      		movw r22,r24
  22 0012 80E0      		ldi r24,lo8(gs(_read))
  23 0014 90E0      		ldi r25,hi8(gs(_read))
  24 0016 A801      		movw r20,r16
  25 0018 9701      		movw r18,r14
  26 001a 0E94 0000 		call _getf
  27               	/* epilogue start */
  28 001e 1F91      		pop r17
  29 0020 0F91      		pop r16
  30 0022 FF90      		pop r15
  31 0024 EF90      		pop r14
  32 0026 0895      		ret
  33               		.size	vfscanf, .-vfscanf
GAS LISTING C:\DOCUME~1\ADMINI~1\LOCALS~1\Temp/ccRxSvDg.s 			page 2


DEFINED SYMBOLS
                            *ABS*:00000000 vfscanf.c
C:\DOCUME~1\ADMINI~1\LOCALS~1\Temp/ccRxSvDg.s:2      *ABS*:0000003f __SREG__
C:\DOCUME~1\ADMINI~1\LOCALS~1\Temp/ccRxSvDg.s:3      *ABS*:0000003e __SP_H__
C:\DOCUME~1\ADMINI~1\LOCALS~1\Temp/ccRxSvDg.s:4      *ABS*:0000003d __SP_L__
C:\DOCUME~1\ADMINI~1\LOCALS~1\Temp/ccRxSvDg.s:5      *ABS*:00000034 __CCP__
C:\DOCUME~1\ADMINI~1\LOCALS~1\Temp/ccRxSvDg.s:6      *ABS*:00000000 __tmp_reg__
C:\DOCUME~1\ADMINI~1\LOCALS~1\Temp/ccRxSvDg.s:7      *ABS*:00000001 __zero_reg__
C:\DOCUME~1\ADMINI~1\LOCALS~1\Temp/ccRxSvDg.s:11     .text:00000000 vfscanf

UNDEFINED SYMBOLS
_fileno
_read
_getf
