GAS LISTING C:\DOCUME~1\ADMINI~1\LOCALS~1\Temp/ccP2ESDv.s 			page 1


   1               		.file	"write_p.c"
   2               	__SREG__ = 0x3f
   3               	__SP_H__ = 0x3e
   4               	__SP_L__ = 0x3d
   5               	__CCP__  = 0x34
   6               	__tmp_reg__ = 0
   7               	__zero_reg__ = 1
   8               		.text
   9               	.global	_write_P
  10               		.type	_write_P, @function
  11               	_write_P:
  12               	/* prologue: function */
  13               	/* frame size = 0 */
  14 0000 DC01      		movw r26,r24
  15 0002 1296      		adiw r26,2
  16 0004 ED91      		ld r30,X+
  17 0006 FC91      		ld r31,X
  18 0008 1397      		sbiw r26,2+1
  19 000a 3097      		sbiw r30,0
  20 000c 01F4      		brne .L2
  21 000e 1996      		adiw r26,9
  22 0010 ED91      		ld r30,X+
  23 0012 FC91      		ld r31,X
  24 0014 1A97      		sbiw r26,9+1
  25 0016 0995      		icall
  26 0018 0895      		ret
  27               	.L2:
  28 001a 038C      		ldd __tmp_reg__,Z+27
  29 001c F48D      		ldd r31,Z+28
  30 001e E02D      		mov r30,__tmp_reg__
  31 0020 0995      		icall
  32 0022 0895      		ret
  33               		.size	_write_P, .-_write_P
GAS LISTING C:\DOCUME~1\ADMINI~1\LOCALS~1\Temp/ccP2ESDv.s 			page 2


DEFINED SYMBOLS
                            *ABS*:00000000 write_p.c
C:\DOCUME~1\ADMINI~1\LOCALS~1\Temp/ccP2ESDv.s:2      *ABS*:0000003f __SREG__
C:\DOCUME~1\ADMINI~1\LOCALS~1\Temp/ccP2ESDv.s:3      *ABS*:0000003e __SP_H__
C:\DOCUME~1\ADMINI~1\LOCALS~1\Temp/ccP2ESDv.s:4      *ABS*:0000003d __SP_L__
C:\DOCUME~1\ADMINI~1\LOCALS~1\Temp/ccP2ESDv.s:5      *ABS*:00000034 __CCP__
C:\DOCUME~1\ADMINI~1\LOCALS~1\Temp/ccP2ESDv.s:6      *ABS*:00000000 __tmp_reg__
C:\DOCUME~1\ADMINI~1\LOCALS~1\Temp/ccP2ESDv.s:7      *ABS*:00000001 __zero_reg__
C:\DOCUME~1\ADMINI~1\LOCALS~1\Temp/ccP2ESDv.s:11     .text:00000000 _write_P

NO UNDEFINED SYMBOLS
