GAS LISTING C:\DOCUME~1\ADMINI~1\LOCALS~1\Temp/ccWp4laJ.s 			page 1


   1               		.file	"bankmem.c"
   2               	__SREG__ = 0x3f
   3               	__SP_H__ = 0x3e
   4               	__SP_L__ = 0x3d
   5               	__CCP__  = 0x34
   6               	__tmp_reg__ = 0
   7               	__zero_reg__ = 1
   8               		.text
   9               	.global	NutSegBufReset
  10               		.type	NutSegBufReset, @function
  11               	NutSegBufReset:
  12               	/* prologue: function */
  13               	/* frame size = 0 */
  14 0000 8091 0000 		lds r24,segbuf_start
  15 0004 9091 0000 		lds r25,segbuf_start+1
  16 0008 8093 0000 		sts segbuf_wp,r24
  17 000c 9093 0000 		sts segbuf_wp+1,r25
  18 0010 8093 0000 		sts segbuf_rp,r24
  19 0014 9093 0000 		sts segbuf_rp+1,r25
  20 0018 1092 0000 		sts segbuf_ws,__zero_reg__
  21 001c 1092 0000 		sts segbuf_rs,__zero_reg__
  22 0020 1092 00FF 		sts -256,__zero_reg__
  23 0024 21E0      		ldi r18,lo8(1)
  24 0026 2093 0000 		sts segbuf_empty,r18
  25 002a 1092 0000 		sts segbuf_used,__zero_reg__
  26 002e 1092 0000 		sts (segbuf_used)+1,__zero_reg__
  27 0032 1092 0000 		sts (segbuf_used)+2,__zero_reg__
  28 0036 1092 0000 		sts (segbuf_used)+3,__zero_reg__
  29               	/* epilogue start */
  30 003a 0895      		ret
  31               		.size	NutSegBufReset, .-NutSegBufReset
  32               	.global	NutSegBufInit
  33               		.type	NutSegBufInit, @function
  34               	NutSegBufInit:
  35               	/* prologue: function */
  36               	/* frame size = 0 */
  37 003c 80E0      		ldi r24,lo8(-32768)
  38 003e 90E8      		ldi r25,hi8(-32768)
  39 0040 9093 0000 		sts (segbuf_start)+1,r25
  40 0044 8093 0000 		sts segbuf_start,r24
  41 0048 80E0      		ldi r24,lo8(-16384)
  42 004a 90EC      		ldi r25,hi8(-16384)
  43 004c 9093 0000 		sts (segbuf_end)+1,r25
  44 0050 8093 0000 		sts segbuf_end,r24
  45 0054 80E0      		ldi r24,lo8(491520)
  46 0056 90E8      		ldi r25,hi8(491520)
  47 0058 A7E0      		ldi r26,hlo8(491520)
  48 005a B0E0      		ldi r27,hhi8(491520)
  49 005c 8093 0000 		sts segbuf_total,r24
  50 0060 9093 0000 		sts (segbuf_total)+1,r25
  51 0064 A093 0000 		sts (segbuf_total)+2,r26
  52 0068 B093 0000 		sts (segbuf_total)+3,r27
  53 006c 0E94 0000 		call NutSegBufReset
  54               	/* epilogue start */
  55 0070 0895      		ret
  56               		.size	NutSegBufInit, .-NutSegBufInit
  57               	.global	NutSegBufWriteRequest
GAS LISTING C:\DOCUME~1\ADMINI~1\LOCALS~1\Temp/ccWp4laJ.s 			page 2


  58               		.type	NutSegBufWriteRequest, @function
  59               	NutSegBufWriteRequest:
  60               	/* prologue: function */
  61               	/* frame size = 0 */
  62 0072 FC01      		movw r30,r24
  63 0074 8091 0000 		lds r24,segbuf_empty
  64 0078 8823      		tst r24
  65 007a 01F4      		brne .L6
  66 007c 9091 0000 		lds r25,segbuf_ws
  67 0080 8091 0000 		lds r24,segbuf_rs
  68 0084 9817      		cp r25,r24
  69 0086 01F4      		brne .L6
  70 0088 2091 0000 		lds r18,segbuf_wp
  71 008c 3091 0000 		lds r19,(segbuf_wp)+1
  72 0090 8091 0000 		lds r24,segbuf_rp
  73 0094 9091 0000 		lds r25,(segbuf_rp)+1
  74 0098 8217      		cp r24,r18
  75 009a 9307      		cpc r25,r19
  76 009c 00F4      		brsh .L7
  77               	.L6:
  78 009e 8091 0000 		lds r24,segbuf_end
  79 00a2 9091 0000 		lds r25,(segbuf_end)+1
  80 00a6 2091 0000 		lds r18,segbuf_wp
  81 00aa 3091 0000 		lds r19,(segbuf_wp)+1
  82               	.L7:
  83 00ae 821B      		sub r24,r18
  84 00b0 930B      		sbc r25,r19
  85 00b2 9183      		std Z+1,r25
  86 00b4 8083      		st Z,r24
  87 00b6 8091 0000 		lds r24,segbuf_ws
  88 00ba E82F      		mov r30,r24
  89 00bc FF27      		clr r31
  90 00be E7FD      		sbrc r30,7
  91 00c0 F095      		com r31
  92 00c2 E050      		subi r30,lo8(-(-256))
  93 00c4 F140      		sbci r31,hi8(-(-256))
  94 00c6 8083      		st Z,r24
  95 00c8 8091 0000 		lds r24,segbuf_wp
  96 00cc 9091 0000 		lds r25,segbuf_wp+1
  97               	/* epilogue start */
  98 00d0 0895      		ret
  99               		.size	NutSegBufWriteRequest, .-NutSegBufWriteRequest
 100               	.global	NutSegBufReadRequest
 101               		.type	NutSegBufReadRequest, @function
 102               	NutSegBufReadRequest:
 103               	/* prologue: function */
 104               	/* frame size = 0 */
 105 00d2 FC01      		movw r30,r24
 106 00d4 8091 0000 		lds r24,segbuf_empty
 107 00d8 8823      		tst r24
 108 00da 01F0      		breq .L11
 109 00dc 1182      		std Z+1,__zero_reg__
 110 00de 1082      		st Z,__zero_reg__
 111 00e0 00C0      		rjmp .L12
 112               	.L11:
 113 00e2 9091 0000 		lds r25,segbuf_ws
 114 00e6 8091 0000 		lds r24,segbuf_rs
GAS LISTING C:\DOCUME~1\ADMINI~1\LOCALS~1\Temp/ccWp4laJ.s 			page 3


 115 00ea 9817      		cp r25,r24
 116 00ec 01F4      		brne .L13
 117 00ee 2091 0000 		lds r18,segbuf_rp
 118 00f2 3091 0000 		lds r19,(segbuf_rp)+1
 119 00f6 8091 0000 		lds r24,segbuf_wp
 120 00fa 9091 0000 		lds r25,(segbuf_wp)+1
 121 00fe 2817      		cp r18,r24
 122 0100 3907      		cpc r19,r25
 123 0102 00F0      		brlo .L14
 124               	.L13:
 125 0104 8091 0000 		lds r24,segbuf_end
 126 0108 9091 0000 		lds r25,(segbuf_end)+1
 127 010c 2091 0000 		lds r18,segbuf_rp
 128 0110 3091 0000 		lds r19,(segbuf_rp)+1
 129 0114 821B      		sub r24,r18
 130 0116 930B      		sbc r25,r19
 131 0118 9183      		std Z+1,r25
 132 011a 8083      		st Z,r24
 133 011c 00C0      		rjmp .L12
 134               	.L14:
 135 011e 821B      		sub r24,r18
 136 0120 930B      		sbc r25,r19
 137 0122 9183      		std Z+1,r25
 138 0124 8083      		st Z,r24
 139 0126 892B      		or r24,r25
 140 0128 01F4      		brne .L12
 141 012a 81E0      		ldi r24,lo8(1)
 142 012c 8093 0000 		sts segbuf_empty,r24
 143               	.L12:
 144 0130 8091 0000 		lds r24,segbuf_rs
 145 0134 E82F      		mov r30,r24
 146 0136 FF27      		clr r31
 147 0138 E7FD      		sbrc r30,7
 148 013a F095      		com r31
 149 013c E050      		subi r30,lo8(-(-256))
 150 013e F140      		sbci r31,hi8(-(-256))
 151 0140 8083      		st Z,r24
 152 0142 8091 0000 		lds r24,segbuf_rp
 153 0146 9091 0000 		lds r25,segbuf_rp+1
 154               	/* epilogue start */
 155 014a 0895      		ret
 156               		.size	NutSegBufReadRequest, .-NutSegBufReadRequest
 157               	.global	NutSegBufWriteCommit
 158               		.type	NutSegBufWriteCommit, @function
 159               	NutSegBufWriteCommit:
 160               	/* prologue: function */
 161               	/* frame size = 0 */
 162 014c 0097      		sbiw r24,0
 163 014e 01F4      		brne .+2
 164 0150 00C0      		rjmp .L17
 165 0152 6091 0000 		lds r22,segbuf_wp
 166 0156 7091 0000 		lds r23,(segbuf_wp)+1
 167 015a 680F      		add r22,r24
 168 015c 791F      		adc r23,r25
 169 015e 7093 0000 		sts (segbuf_wp)+1,r23
 170 0162 6093 0000 		sts segbuf_wp,r22
 171 0166 1092 0000 		sts segbuf_empty,__zero_reg__
GAS LISTING C:\DOCUME~1\ADMINI~1\LOCALS~1\Temp/ccWp4laJ.s 			page 4


 172 016a 9C01      		movw r18,r24
 173 016c 40E0      		ldi r20,lo8(0)
 174 016e 50E0      		ldi r21,hi8(0)
 175 0170 8091 0000 		lds r24,segbuf_used
 176 0174 9091 0000 		lds r25,(segbuf_used)+1
 177 0178 A091 0000 		lds r26,(segbuf_used)+2
 178 017c B091 0000 		lds r27,(segbuf_used)+3
 179 0180 820F      		add r24,r18
 180 0182 931F      		adc r25,r19
 181 0184 A41F      		adc r26,r20
 182 0186 B51F      		adc r27,r21
 183 0188 8093 0000 		sts segbuf_used,r24
 184 018c 9093 0000 		sts (segbuf_used)+1,r25
 185 0190 A093 0000 		sts (segbuf_used)+2,r26
 186 0194 B093 0000 		sts (segbuf_used)+3,r27
 187 0198 8091 0000 		lds r24,segbuf_end
 188 019c 9091 0000 		lds r25,(segbuf_end)+1
 189 01a0 6817      		cp r22,r24
 190 01a2 7907      		cpc r23,r25
 191 01a4 01F4      		brne .L17
 192 01a6 8091 0000 		lds r24,segbuf_start
 193 01aa 9091 0000 		lds r25,(segbuf_start)+1
 194 01ae 9093 0000 		sts (segbuf_wp)+1,r25
 195 01b2 8093 0000 		sts segbuf_wp,r24
 196 01b6 8091 0000 		lds r24,segbuf_ws
 197 01ba 8F5F      		subi r24,lo8(-(1))
 198 01bc 8093 0000 		sts segbuf_ws,r24
 199 01c0 8E31      		cpi r24,lo8(30)
 200 01c2 04F0      		brlt .L18
 201 01c4 1092 0000 		sts segbuf_ws,__zero_reg__
 202               	.L18:
 203 01c8 8091 0000 		lds r24,segbuf_ws
 204 01cc E82F      		mov r30,r24
 205 01ce FF27      		clr r31
 206 01d0 E7FD      		sbrc r30,7
 207 01d2 F095      		com r31
 208 01d4 E050      		subi r30,lo8(-(-256))
 209 01d6 F140      		sbci r31,hi8(-(-256))
 210 01d8 8083      		st Z,r24
 211               	.L17:
 212 01da 8091 0000 		lds r24,segbuf_wp
 213 01de 9091 0000 		lds r25,segbuf_wp+1
 214               	/* epilogue start */
 215 01e2 0895      		ret
 216               		.size	NutSegBufWriteCommit, .-NutSegBufWriteCommit
 217               	.global	NutSegBufReadCommit
 218               		.type	NutSegBufReadCommit, @function
 219               	NutSegBufReadCommit:
 220               	/* prologue: function */
 221               	/* frame size = 0 */
 222 01e4 0097      		sbiw r24,0
 223 01e6 01F4      		brne .+2
 224 01e8 00C0      		rjmp .L21
 225 01ea 6091 0000 		lds r22,segbuf_rp
 226 01ee 7091 0000 		lds r23,(segbuf_rp)+1
 227 01f2 680F      		add r22,r24
 228 01f4 791F      		adc r23,r25
GAS LISTING C:\DOCUME~1\ADMINI~1\LOCALS~1\Temp/ccWp4laJ.s 			page 5


 229 01f6 7093 0000 		sts (segbuf_rp)+1,r23
 230 01fa 6093 0000 		sts segbuf_rp,r22
 231 01fe 9C01      		movw r18,r24
 232 0200 40E0      		ldi r20,lo8(0)
 233 0202 50E0      		ldi r21,hi8(0)
 234 0204 8091 0000 		lds r24,segbuf_used
 235 0208 9091 0000 		lds r25,(segbuf_used)+1
 236 020c A091 0000 		lds r26,(segbuf_used)+2
 237 0210 B091 0000 		lds r27,(segbuf_used)+3
 238 0214 821B      		sub r24,r18
 239 0216 930B      		sbc r25,r19
 240 0218 A40B      		sbc r26,r20
 241 021a B50B      		sbc r27,r21
 242 021c 8093 0000 		sts segbuf_used,r24
 243 0220 9093 0000 		sts (segbuf_used)+1,r25
 244 0224 A093 0000 		sts (segbuf_used)+2,r26
 245 0228 B093 0000 		sts (segbuf_used)+3,r27
 246 022c 8091 0000 		lds r24,segbuf_end
 247 0230 9091 0000 		lds r25,(segbuf_end)+1
 248 0234 6817      		cp r22,r24
 249 0236 7907      		cpc r23,r25
 250 0238 01F4      		brne .L22
 251 023a 8091 0000 		lds r24,segbuf_start
 252 023e 9091 0000 		lds r25,(segbuf_start)+1
 253 0242 9093 0000 		sts (segbuf_rp)+1,r25
 254 0246 8093 0000 		sts segbuf_rp,r24
 255 024a 8091 0000 		lds r24,segbuf_rs
 256 024e 8F5F      		subi r24,lo8(-(1))
 257 0250 8093 0000 		sts segbuf_rs,r24
 258 0254 8E31      		cpi r24,lo8(30)
 259 0256 04F0      		brlt .L23
 260 0258 1092 0000 		sts segbuf_rs,__zero_reg__
 261               	.L23:
 262 025c 8091 0000 		lds r24,segbuf_rs
 263 0260 E82F      		mov r30,r24
 264 0262 FF27      		clr r31
 265 0264 E7FD      		sbrc r30,7
 266 0266 F095      		com r31
 267 0268 E050      		subi r30,lo8(-(-256))
 268 026a F140      		sbci r31,hi8(-(-256))
 269 026c 8083      		st Z,r24
 270               	.L22:
 271 026e 2091 0000 		lds r18,segbuf_rp
 272 0272 3091 0000 		lds r19,(segbuf_rp)+1
 273 0276 8091 0000 		lds r24,segbuf_wp
 274 027a 9091 0000 		lds r25,(segbuf_wp)+1
 275 027e 2817      		cp r18,r24
 276 0280 3907      		cpc r19,r25
 277 0282 01F4      		brne .L21
 278 0284 9091 0000 		lds r25,segbuf_rs
 279 0288 8091 0000 		lds r24,segbuf_ws
 280 028c 9817      		cp r25,r24
 281 028e 01F4      		brne .L21
 282 0290 81E0      		ldi r24,lo8(1)
 283 0292 8093 0000 		sts segbuf_empty,r24
 284               	.L21:
 285 0296 8091 0000 		lds r24,segbuf_rp
GAS LISTING C:\DOCUME~1\ADMINI~1\LOCALS~1\Temp/ccWp4laJ.s 			page 6


 286 029a 9091 0000 		lds r25,segbuf_rp+1
 287               	/* epilogue start */
 288 029e 0895      		ret
 289               		.size	NutSegBufReadCommit, .-NutSegBufReadCommit
 290               	.global	NutSegBufWriteLast
 291               		.type	NutSegBufWriteLast, @function
 292               	NutSegBufWriteLast:
 293               	/* prologue: function */
 294               	/* frame size = 0 */
 295 02a0 0097      		sbiw r24,0
 296 02a2 01F0      		breq .L26
 297 02a4 6091 0000 		lds r22,segbuf_wp
 298 02a8 7091 0000 		lds r23,(segbuf_wp)+1
 299 02ac 680F      		add r22,r24
 300 02ae 791F      		adc r23,r25
 301 02b0 7093 0000 		sts (segbuf_wp)+1,r23
 302 02b4 6093 0000 		sts segbuf_wp,r22
 303 02b8 9C01      		movw r18,r24
 304 02ba 40E0      		ldi r20,lo8(0)
 305 02bc 50E0      		ldi r21,hi8(0)
 306 02be 8091 0000 		lds r24,segbuf_used
 307 02c2 9091 0000 		lds r25,(segbuf_used)+1
 308 02c6 A091 0000 		lds r26,(segbuf_used)+2
 309 02ca B091 0000 		lds r27,(segbuf_used)+3
 310 02ce 820F      		add r24,r18
 311 02d0 931F      		adc r25,r19
 312 02d2 A41F      		adc r26,r20
 313 02d4 B51F      		adc r27,r21
 314 02d6 8093 0000 		sts segbuf_used,r24
 315 02da 9093 0000 		sts (segbuf_used)+1,r25
 316 02de A093 0000 		sts (segbuf_used)+2,r26
 317 02e2 B093 0000 		sts (segbuf_used)+3,r27
 318 02e6 1092 0000 		sts segbuf_empty,__zero_reg__
 319 02ea 8091 0000 		lds r24,segbuf_end
 320 02ee 9091 0000 		lds r25,(segbuf_end)+1
 321 02f2 6817      		cp r22,r24
 322 02f4 7907      		cpc r23,r25
 323 02f6 01F4      		brne .L26
 324 02f8 8091 0000 		lds r24,segbuf_start
 325 02fc 9091 0000 		lds r25,(segbuf_start)+1
 326 0300 9093 0000 		sts (segbuf_wp)+1,r25
 327 0304 8093 0000 		sts segbuf_wp,r24
 328 0308 8091 0000 		lds r24,segbuf_ws
 329 030c 8F5F      		subi r24,lo8(-(1))
 330 030e 8093 0000 		sts segbuf_ws,r24
 331 0312 8E31      		cpi r24,lo8(30)
 332 0314 04F0      		brlt .L26
 333 0316 1092 0000 		sts segbuf_ws,__zero_reg__
 334               	.L26:
 335 031a 8091 0000 		lds r24,segbuf_rs
 336 031e E82F      		mov r30,r24
 337 0320 FF27      		clr r31
 338 0322 E7FD      		sbrc r30,7
 339 0324 F095      		com r31
 340 0326 E050      		subi r30,lo8(-(-256))
 341 0328 F140      		sbci r31,hi8(-(-256))
 342 032a 8083      		st Z,r24
GAS LISTING C:\DOCUME~1\ADMINI~1\LOCALS~1\Temp/ccWp4laJ.s 			page 7


 343               	/* epilogue start */
 344 032c 0895      		ret
 345               		.size	NutSegBufWriteLast, .-NutSegBufWriteLast
 346               	.global	NutSegBufReadLast
 347               		.type	NutSegBufReadLast, @function
 348               	NutSegBufReadLast:
 349               	/* prologue: function */
 350               	/* frame size = 0 */
 351 032e 0097      		sbiw r24,0
 352 0330 01F4      		brne .+2
 353 0332 00C0      		rjmp .L29
 354 0334 6091 0000 		lds r22,segbuf_rp
 355 0338 7091 0000 		lds r23,(segbuf_rp)+1
 356 033c 680F      		add r22,r24
 357 033e 791F      		adc r23,r25
 358 0340 7093 0000 		sts (segbuf_rp)+1,r23
 359 0344 6093 0000 		sts segbuf_rp,r22
 360 0348 9C01      		movw r18,r24
 361 034a 40E0      		ldi r20,lo8(0)
 362 034c 50E0      		ldi r21,hi8(0)
 363 034e 8091 0000 		lds r24,segbuf_used
 364 0352 9091 0000 		lds r25,(segbuf_used)+1
 365 0356 A091 0000 		lds r26,(segbuf_used)+2
 366 035a B091 0000 		lds r27,(segbuf_used)+3
 367 035e 821B      		sub r24,r18
 368 0360 930B      		sbc r25,r19
 369 0362 A40B      		sbc r26,r20
 370 0364 B50B      		sbc r27,r21
 371 0366 8093 0000 		sts segbuf_used,r24
 372 036a 9093 0000 		sts (segbuf_used)+1,r25
 373 036e A093 0000 		sts (segbuf_used)+2,r26
 374 0372 B093 0000 		sts (segbuf_used)+3,r27
 375 0376 8091 0000 		lds r24,segbuf_end
 376 037a 9091 0000 		lds r25,(segbuf_end)+1
 377 037e 6817      		cp r22,r24
 378 0380 7907      		cpc r23,r25
 379 0382 01F4      		brne .L30
 380 0384 8091 0000 		lds r24,segbuf_start
 381 0388 9091 0000 		lds r25,(segbuf_start)+1
 382 038c 9093 0000 		sts (segbuf_rp)+1,r25
 383 0390 8093 0000 		sts segbuf_rp,r24
 384 0394 8091 0000 		lds r24,segbuf_rs
 385 0398 8F5F      		subi r24,lo8(-(1))
 386 039a 8093 0000 		sts segbuf_rs,r24
 387 039e 8E31      		cpi r24,lo8(30)
 388 03a0 04F0      		brlt .L30
 389 03a2 1092 0000 		sts segbuf_rs,__zero_reg__
 390               	.L30:
 391 03a6 2091 0000 		lds r18,segbuf_rp
 392 03aa 3091 0000 		lds r19,(segbuf_rp)+1
 393 03ae 8091 0000 		lds r24,segbuf_wp
 394 03b2 9091 0000 		lds r25,(segbuf_wp)+1
 395 03b6 2817      		cp r18,r24
 396 03b8 3907      		cpc r19,r25
 397 03ba 01F4      		brne .L29
 398 03bc 9091 0000 		lds r25,segbuf_rs
 399 03c0 8091 0000 		lds r24,segbuf_ws
GAS LISTING C:\DOCUME~1\ADMINI~1\LOCALS~1\Temp/ccWp4laJ.s 			page 8


 400 03c4 9817      		cp r25,r24
 401 03c6 01F4      		brne .L29
 402 03c8 81E0      		ldi r24,lo8(1)
 403 03ca 8093 0000 		sts segbuf_empty,r24
 404               	.L29:
 405 03ce 8091 0000 		lds r24,segbuf_ws
 406 03d2 E82F      		mov r30,r24
 407 03d4 FF27      		clr r31
 408 03d6 E7FD      		sbrc r30,7
 409 03d8 F095      		com r31
 410 03da E050      		subi r30,lo8(-(-256))
 411 03dc F140      		sbci r31,hi8(-(-256))
 412 03de 8083      		st Z,r24
 413               	/* epilogue start */
 414 03e0 0895      		ret
 415               		.size	NutSegBufReadLast, .-NutSegBufReadLast
 416               	.global	NutSegBufAvailable
 417               		.type	NutSegBufAvailable, @function
 418               	NutSegBufAvailable:
 419               	/* prologue: function */
 420               	/* frame size = 0 */
 421 03e2 2091 0000 		lds r18,segbuf_total
 422 03e6 3091 0000 		lds r19,(segbuf_total)+1
 423 03ea 4091 0000 		lds r20,(segbuf_total)+2
 424 03ee 5091 0000 		lds r21,(segbuf_total)+3
 425 03f2 8091 0000 		lds r24,segbuf_used
 426 03f6 9091 0000 		lds r25,(segbuf_used)+1
 427 03fa A091 0000 		lds r26,(segbuf_used)+2
 428 03fe B091 0000 		lds r27,(segbuf_used)+3
 429 0402 281B      		sub r18,r24
 430 0404 390B      		sbc r19,r25
 431 0406 4A0B      		sbc r20,r26
 432 0408 5B0B      		sbc r21,r27
 433 040a B901      		movw r22,r18
 434 040c CA01      		movw r24,r20
 435               	/* epilogue start */
 436 040e 0895      		ret
 437               		.size	NutSegBufAvailable, .-NutSegBufAvailable
 438               	.global	NutSegBufUsed
 439               		.type	NutSegBufUsed, @function
 440               	NutSegBufUsed:
 441               	/* prologue: function */
 442               	/* frame size = 0 */
 443 0410 6091 0000 		lds r22,segbuf_used
 444 0414 7091 0000 		lds r23,segbuf_used+1
 445 0418 8091 0000 		lds r24,segbuf_used+2
 446 041c 9091 0000 		lds r25,segbuf_used+3
 447               	/* epilogue start */
 448 0420 0895      		ret
 449               		.size	NutSegBufUsed, .-NutSegBufUsed
 450               		.lcomm segbuf_empty,1
 451               		.lcomm segbuf_total,4
 452               		.lcomm segbuf_used,4
 453               		.lcomm segbuf_start,2
 454               		.lcomm segbuf_end,2
 455               		.lcomm segbuf_wp,2
 456               		.lcomm segbuf_ws,1
GAS LISTING C:\DOCUME~1\ADMINI~1\LOCALS~1\Temp/ccWp4laJ.s 			page 9


 457               		.lcomm segbuf_rp,2
 458               		.lcomm segbuf_rs,1
 459               	.global __do_clear_bss
GAS LISTING C:\DOCUME~1\ADMINI~1\LOCALS~1\Temp/ccWp4laJ.s 			page 10


DEFINED SYMBOLS
                            *ABS*:00000000 bankmem.c
C:\DOCUME~1\ADMINI~1\LOCALS~1\Temp/ccWp4laJ.s:2      *ABS*:0000003f __SREG__
C:\DOCUME~1\ADMINI~1\LOCALS~1\Temp/ccWp4laJ.s:3      *ABS*:0000003e __SP_H__
C:\DOCUME~1\ADMINI~1\LOCALS~1\Temp/ccWp4laJ.s:4      *ABS*:0000003d __SP_L__
C:\DOCUME~1\ADMINI~1\LOCALS~1\Temp/ccWp4laJ.s:5      *ABS*:00000034 __CCP__
C:\DOCUME~1\ADMINI~1\LOCALS~1\Temp/ccWp4laJ.s:6      *ABS*:00000000 __tmp_reg__
C:\DOCUME~1\ADMINI~1\LOCALS~1\Temp/ccWp4laJ.s:7      *ABS*:00000001 __zero_reg__
C:\DOCUME~1\ADMINI~1\LOCALS~1\Temp/ccWp4laJ.s:11     .text:00000000 NutSegBufReset
C:\DOCUME~1\ADMINI~1\LOCALS~1\Temp/ccWp4laJ.s:452    .bss:00000009 segbuf_start
C:\DOCUME~1\ADMINI~1\LOCALS~1\Temp/ccWp4laJ.s:454    .bss:0000000d segbuf_wp
C:\DOCUME~1\ADMINI~1\LOCALS~1\Temp/ccWp4laJ.s:456    .bss:00000010 segbuf_rp
C:\DOCUME~1\ADMINI~1\LOCALS~1\Temp/ccWp4laJ.s:455    .bss:0000000f segbuf_ws
C:\DOCUME~1\ADMINI~1\LOCALS~1\Temp/ccWp4laJ.s:457    .bss:00000012 segbuf_rs
                             .bss:00000000 segbuf_empty
C:\DOCUME~1\ADMINI~1\LOCALS~1\Temp/ccWp4laJ.s:451    .bss:00000005 segbuf_used
C:\DOCUME~1\ADMINI~1\LOCALS~1\Temp/ccWp4laJ.s:34     .text:0000003c NutSegBufInit
C:\DOCUME~1\ADMINI~1\LOCALS~1\Temp/ccWp4laJ.s:453    .bss:0000000b segbuf_end
C:\DOCUME~1\ADMINI~1\LOCALS~1\Temp/ccWp4laJ.s:450    .bss:00000001 segbuf_total
C:\DOCUME~1\ADMINI~1\LOCALS~1\Temp/ccWp4laJ.s:59     .text:00000072 NutSegBufWriteRequest
C:\DOCUME~1\ADMINI~1\LOCALS~1\Temp/ccWp4laJ.s:102    .text:000000d2 NutSegBufReadRequest
C:\DOCUME~1\ADMINI~1\LOCALS~1\Temp/ccWp4laJ.s:159    .text:0000014c NutSegBufWriteCommit
C:\DOCUME~1\ADMINI~1\LOCALS~1\Temp/ccWp4laJ.s:219    .text:000001e4 NutSegBufReadCommit
C:\DOCUME~1\ADMINI~1\LOCALS~1\Temp/ccWp4laJ.s:292    .text:000002a0 NutSegBufWriteLast
C:\DOCUME~1\ADMINI~1\LOCALS~1\Temp/ccWp4laJ.s:348    .text:0000032e NutSegBufReadLast
C:\DOCUME~1\ADMINI~1\LOCALS~1\Temp/ccWp4laJ.s:418    .text:000003e2 NutSegBufAvailable
C:\DOCUME~1\ADMINI~1\LOCALS~1\Temp/ccWp4laJ.s:440    .text:00000410 NutSegBufUsed

UNDEFINED SYMBOLS
__do_clear_bss
