GAS LISTING C:\DOCUME~1\ADMINI~1\LOCALS~1\Temp/cc5NgfzW.s 			page 1


   1               		.file	"confos.c"
   2               	__SREG__ = 0x3f
   3               	__SP_H__ = 0x3e
   4               	__SP_L__ = 0x3d
   5               	__CCP__  = 0x34
   6               	__tmp_reg__ = 0
   7               	__zero_reg__ = 1
   8               		.text
   9               	.global	NutSaveConfig
  10               		.type	NutSaveConfig, @function
  11               	NutSaveConfig:
  12               	/* prologue: function */
  13               	/* frame size = 0 */
  14 0000 83E1      		ldi r24,lo8(19)
  15 0002 8093 0000 		sts confos,r24
  16 0006 8FE4      		ldi r24,lo8(21327)
  17 0008 93E5      		ldi r25,hi8(21327)
  18 000a 9093 0000 		sts (confos+1)+1,r25
  19 000e 8093 0000 		sts confos+1,r24
  20 0012 80E0      		ldi r24,lo8(0)
  21 0014 90E0      		ldi r25,hi8(0)
  22 0016 60E0      		ldi r22,lo8(confos)
  23 0018 70E0      		ldi r23,hi8(confos)
  24 001a 43E1      		ldi r20,lo8(19)
  25 001c 50E0      		ldi r21,hi8(19)
  26 001e 0E94 0000 		call NutNvMemSave
  27               	/* epilogue start */
  28 0022 0895      		ret
  29               		.size	NutSaveConfig, .-NutSaveConfig
  30               		.data
  31               	.LC0:
  32 0000 4F53 00   		.string	"OS"
  33               	.LC1:
  34 0003 6574 6865 		.string	"ethernut"
  34      726E 7574 
  34      00
  35               		.text
  36               	.global	NutLoadConfig
  37               		.type	NutLoadConfig, @function
  38               	NutLoadConfig:
  39               	/* prologue: function */
  40               	/* frame size = 0 */
  41 0024 80E0      		ldi r24,lo8(0)
  42 0026 90E0      		ldi r25,hi8(0)
  43 0028 60E0      		ldi r22,lo8(confos)
  44 002a 70E0      		ldi r23,hi8(confos)
  45 002c 43E1      		ldi r20,lo8(19)
  46 002e 50E0      		ldi r21,hi8(19)
  47 0030 0E94 0000 		call NutNvMemLoad
  48 0034 892B      		or r24,r25
  49 0036 01F4      		brne .L4
  50 0038 8091 0000 		lds r24,confos
  51 003c 8331      		cpi r24,lo8(19)
  52 003e 01F4      		brne .L4
  53 0040 80E0      		ldi r24,lo8(confos+1)
  54 0042 90E0      		ldi r25,hi8(confos+1)
  55 0044 60E0      		ldi r22,lo8(.LC0)
GAS LISTING C:\DOCUME~1\ADMINI~1\LOCALS~1\Temp/cc5NgfzW.s 			page 2


  56 0046 70E0      		ldi r23,hi8(.LC0)
  57 0048 42E0      		ldi r20,lo8(2)
  58 004a 50E0      		ldi r21,hi8(2)
  59 004c 0E94 0000 		call memcmp
  60 0050 0097      		sbiw r24,0
  61 0052 01F4      		brne .L4
  62 0054 20E0      		ldi r18,lo8(0)
  63 0056 30E0      		ldi r19,hi8(0)
  64 0058 00C0      		rjmp .L5
  65               	.L4:
  66 005a 80E0      		ldi r24,lo8(confos+3)
  67 005c 90E0      		ldi r25,hi8(confos+3)
  68 005e 60E0      		ldi r22,lo8(.LC1)
  69 0060 70E0      		ldi r23,hi8(.LC1)
  70 0062 0E94 0000 		call strcpy
  71 0066 2FEF      		ldi r18,lo8(-1)
  72 0068 3FEF      		ldi r19,hi8(-1)
  73               	.L5:
  74 006a C901      		movw r24,r18
  75               	/* epilogue start */
  76 006c 0895      		ret
  77               		.size	NutLoadConfig, .-NutLoadConfig
  78               		.comm confos,19,1
  79               	.global __do_copy_data
  80               	.global __do_clear_bss
GAS LISTING C:\DOCUME~1\ADMINI~1\LOCALS~1\Temp/cc5NgfzW.s 			page 3


DEFINED SYMBOLS
                            *ABS*:00000000 confos.c
C:\DOCUME~1\ADMINI~1\LOCALS~1\Temp/cc5NgfzW.s:2      *ABS*:0000003f __SREG__
C:\DOCUME~1\ADMINI~1\LOCALS~1\Temp/cc5NgfzW.s:3      *ABS*:0000003e __SP_H__
C:\DOCUME~1\ADMINI~1\LOCALS~1\Temp/cc5NgfzW.s:4      *ABS*:0000003d __SP_L__
C:\DOCUME~1\ADMINI~1\LOCALS~1\Temp/cc5NgfzW.s:5      *ABS*:00000034 __CCP__
C:\DOCUME~1\ADMINI~1\LOCALS~1\Temp/cc5NgfzW.s:6      *ABS*:00000000 __tmp_reg__
C:\DOCUME~1\ADMINI~1\LOCALS~1\Temp/cc5NgfzW.s:7      *ABS*:00000001 __zero_reg__
C:\DOCUME~1\ADMINI~1\LOCALS~1\Temp/cc5NgfzW.s:11     .text:00000000 NutSaveConfig
                            *COM*:00000013 confos
C:\DOCUME~1\ADMINI~1\LOCALS~1\Temp/cc5NgfzW.s:38     .text:00000024 NutLoadConfig

UNDEFINED SYMBOLS
NutNvMemSave
NutNvMemLoad
memcmp
strcpy
__do_copy_data
__do_clear_bss
