GAS LISTING C:\DOCUME~1\ADMINI~1\LOCALS~1\Temp/ccFGsjsk.s 			page 1


   1               		.file	"event.c"
   2               	__SREG__ = 0x3f
   3               	__SP_H__ = 0x3e
   4               	__SP_L__ = 0x3d
   5               	__CCP__  = 0x34
   6               	__tmp_reg__ = 0
   7               	__zero_reg__ = 1
   8               		.text
   9               	.global	NutEventPostAsync
  10               		.type	NutEventPostAsync, @function
  11               	NutEventPostAsync:
  12 0000 CF93      		push r28
  13 0002 DF93      		push r29
  14               	/* prologue: function */
  15               	/* frame size = 0 */
  16 0004 DC01      		movw r26,r24
  17               	/* #APP */
  18               	 ;  390 "../../nut/os/event.c" 1
  19 0006 0FB6      		in  __tmp_reg__, __SREG__
  20 0008 F894      		cli
  21 000a 0F92      		push __tmp_reg__
  22               		
  23               	 ;  0 "" 2
  24               	/* #NOAPP */
  25 000c CD91      		ld r28,X+
  26 000e DC91      		ld r29,X
  27 0010 1197      		sbiw r26,1
  28               	/* #APP */
  29               	 ;  392 "../../nut/os/event.c" 1
  30 0012 0F90      		pop __tmp_reg__
  31 0014 0FBE      		out __SREG__, __tmp_reg__
  32               		
  33               	 ;  0 "" 2
  34               	/* #NOAPP */
  35 0016 8FEF      		ldi r24,hi8(-1)
  36 0018 CF3F      		cpi r28,lo8(-1)
  37 001a D807      		cpc r29,r24
  38 001c 01F4      		brne .+2
  39 001e 00C0      		rjmp .L10
  40               	.L2:
  41 0020 2097      		sbiw r28,0
  42 0022 01F0      		breq .L4
  43               	/* #APP */
  44               	 ;  400 "../../nut/os/event.c" 1
  45 0024 0FB6      		in  __tmp_reg__, __SREG__
  46 0026 F894      		cli
  47 0028 0F92      		push __tmp_reg__
  48               		
  49               	 ;  0 "" 2
  50               	/* #NOAPP */
  51 002a EA81      		ldd r30,Y+2
  52 002c FB81      		ldd r31,Y+3
  53 002e 1196      		adiw r26,1
  54 0030 FC93      		st X,r31
  55 0032 EE93      		st -X,r30
  56 0034 8C81      		ldd r24,Y+4
  57 0036 9D81      		ldd r25,Y+5
GAS LISTING C:\DOCUME~1\ADMINI~1\LOCALS~1\Temp/ccFGsjsk.s 			page 2


  58 0038 892B      		or r24,r25
  59 003a 01F0      		breq .L5
  60 003c 3097      		sbiw r30,0
  61 003e 01F0      		breq .L6
  62 0040 8C81      		ldd r24,Y+4
  63 0042 9D81      		ldd r25,Y+5
  64 0044 9583      		std Z+5,r25
  65 0046 8483      		std Z+4,r24
  66 0048 00C0      		rjmp .L7
  67               	.L6:
  68 004a 8FEF      		ldi r24,lo8(-1)
  69 004c 9FEF      		ldi r25,hi8(-1)
  70 004e 1196      		adiw r26,1
  71 0050 9C93      		st X,r25
  72 0052 8E93      		st -X,r24
  73               	.L7:
  74 0054 1D82      		std Y+5,__zero_reg__
  75 0056 1C82      		std Y+4,__zero_reg__
  76               	.L5:
  77               	/* #APP */
  78               	 ;  411 "../../nut/os/event.c" 1
  79 0058 0F90      		pop __tmp_reg__
  80 005a 0FBE      		out __SREG__, __tmp_reg__
  81               		
  82               	 ;  0 "" 2
  83               	/* #NOAPP */
  84 005c 8D89      		ldd r24,Y+21
  85 005e 9E89      		ldd r25,Y+22
  86 0060 0097      		sbiw r24,0
  87 0062 01F0      		breq .L8
  88 0064 0E94 0000 		call NutTimerStop
  89 0068 1E8A      		std Y+22,__zero_reg__
  90 006a 1D8A      		std Y+21,__zero_reg__
  91               	.L8:
  92 006c 82E0      		ldi r24,lo8(2)
  93 006e 8F87      		std Y+15,r24
  94 0070 CE01      		movw r24,r28
  95 0072 60E0      		ldi r22,lo8(runQueue)
  96 0074 70E0      		ldi r23,hi8(runQueue)
  97 0076 0E94 0000 		call NutThreadAddPriQueue
  98 007a 21E0      		ldi r18,lo8(1)
  99 007c 30E0      		ldi r19,hi8(1)
 100 007e 00C0      		rjmp .L3
 101               	.L4:
 102               	/* #APP */
 103               	 ;  427 "../../nut/os/event.c" 1
 104 0080 0FB6      		in  __tmp_reg__, __SREG__
 105 0082 F894      		cli
 106 0084 0F92      		push __tmp_reg__
 107               		
 108               	 ;  0 "" 2
 109               	/* #NOAPP */
 110 0086 8FEF      		ldi r24,lo8(-1)
 111 0088 9FEF      		ldi r25,hi8(-1)
 112 008a 1196      		adiw r26,1
 113 008c 9C93      		st X,r25
 114 008e 8E93      		st -X,r24
GAS LISTING C:\DOCUME~1\ADMINI~1\LOCALS~1\Temp/ccFGsjsk.s 			page 3


 115               	/* #APP */
 116               	 ;  429 "../../nut/os/event.c" 1
 117 0090 0F90      		pop __tmp_reg__
 118 0092 0FBE      		out __SREG__, __tmp_reg__
 119               		
 120               	 ;  0 "" 2
 121               	/* #NOAPP */
 122               	.L10:
 123 0094 20E0      		ldi r18,lo8(0)
 124 0096 30E0      		ldi r19,hi8(0)
 125               	.L3:
 126 0098 C901      		movw r24,r18
 127               	/* epilogue start */
 128 009a DF91      		pop r29
 129 009c CF91      		pop r28
 130 009e 0895      		ret
 131               		.size	NutEventPostAsync, .-NutEventPostAsync
 132               	.global	NutEventBroadcastAsync
 133               		.type	NutEventBroadcastAsync, @function
 134               	NutEventBroadcastAsync:
 135 00a0 0F93      		push r16
 136 00a2 1F93      		push r17
 137 00a4 CF93      		push r28
 138 00a6 DF93      		push r29
 139               	/* prologue: function */
 140               	/* frame size = 0 */
 141 00a8 8C01      		movw r16,r24
 142               	/* #APP */
 143               	 ;  494 "../../nut/os/event.c" 1
 144 00aa 0FB6      		in  __tmp_reg__, __SREG__
 145 00ac F894      		cli
 146 00ae 0F92      		push __tmp_reg__
 147               		
 148               	 ;  0 "" 2
 149               	/* #NOAPP */
 150 00b0 FC01      		movw r30,r24
 151 00b2 8081      		ld r24,Z
 152 00b4 9181      		ldd r25,Z+1
 153               	/* #APP */
 154               	 ;  496 "../../nut/os/event.c" 1
 155 00b6 0F90      		pop __tmp_reg__
 156 00b8 0FBE      		out __SREG__, __tmp_reg__
 157               		
 158               	 ;  0 "" 2
 159               	/* #NOAPP */
 160 00ba FFEF      		ldi r31,hi8(-1)
 161 00bc 8F3F      		cpi r24,lo8(-1)
 162 00be 9F07      		cpc r25,r31
 163 00c0 01F4      		brne .L12
 164               	/* #APP */
 165               	 ;  499 "../../nut/os/event.c" 1
 166 00c2 0FB6      		in  __tmp_reg__, __SREG__
 167 00c4 F894      		cli
 168 00c6 0F92      		push __tmp_reg__
 169               		
 170               	 ;  0 "" 2
 171               	/* #NOAPP */
GAS LISTING C:\DOCUME~1\ADMINI~1\LOCALS~1\Temp/ccFGsjsk.s 			page 4


 172 00c8 F801      		movw r30,r16
 173 00ca 1182      		std Z+1,__zero_reg__
 174 00cc 1082      		st Z,__zero_reg__
 175               	/* #APP */
 176               	 ;  501 "../../nut/os/event.c" 1
 177 00ce 0F90      		pop __tmp_reg__
 178 00d0 0FBE      		out __SREG__, __tmp_reg__
 179               		
 180               	 ;  0 "" 2
 181               	/* #NOAPP */
 182 00d2 00C0      		rjmp .L18
 183               	.L12:
 184 00d4 892B      		or r24,r25
 185 00d6 01F4      		brne .L14
 186               	.L18:
 187 00d8 C0E0      		ldi r28,lo8(0)
 188 00da D0E0      		ldi r29,hi8(0)
 189 00dc 00C0      		rjmp .L13
 190               	.L14:
 191 00de C0E0      		ldi r28,lo8(0)
 192 00e0 D0E0      		ldi r29,hi8(0)
 193               	.L15:
 194 00e2 C801      		movw r24,r16
 195 00e4 0E94 0000 		call NutEventPostAsync
 196 00e8 C80F      		add r28,r24
 197 00ea D91F      		adc r29,r25
 198               	/* #APP */
 199               	 ;  507 "../../nut/os/event.c" 1
 200 00ec 0FB6      		in  __tmp_reg__, __SREG__
 201 00ee F894      		cli
 202 00f0 0F92      		push __tmp_reg__
 203               		
 204               	 ;  0 "" 2
 205               	/* #NOAPP */
 206 00f2 F801      		movw r30,r16
 207 00f4 8081      		ld r24,Z
 208 00f6 9181      		ldd r25,Z+1
 209               	/* #APP */
 210               	 ;  509 "../../nut/os/event.c" 1
 211 00f8 0F90      		pop __tmp_reg__
 212 00fa 0FBE      		out __SREG__, __tmp_reg__
 213               		
 214               	 ;  0 "" 2
 215               	/* #NOAPP */
 216 00fc 0197      		sbiw r24,1
 217 00fe 8E5F      		subi r24,lo8(-2)
 218 0100 9F4F      		sbci r25,hi8(-2)
 219 0102 00F0      		brlo .L15
 220               	.L13:
 221 0104 CE01      		movw r24,r28
 222               	/* epilogue start */
 223 0106 DF91      		pop r29
 224 0108 CF91      		pop r28
 225 010a 1F91      		pop r17
 226 010c 0F91      		pop r16
 227 010e 0895      		ret
 228               		.size	NutEventBroadcastAsync, .-NutEventBroadcastAsync
GAS LISTING C:\DOCUME~1\ADMINI~1\LOCALS~1\Temp/ccFGsjsk.s 			page 5


 229               	.global	NutEventBroadcast
 230               		.type	NutEventBroadcast, @function
 231               	NutEventBroadcast:
 232 0110 0F93      		push r16
 233 0112 1F93      		push r17
 234               	/* prologue: function */
 235               	/* frame size = 0 */
 236 0114 0E94 0000 		call NutEventBroadcastAsync
 237 0118 182F      		mov r17,r24
 238 011a 092F      		mov r16,r25
 239 011c 0E94 0000 		call NutThreadYield
 240 0120 812F      		mov r24,r17
 241 0122 902F      		mov r25,r16
 242               	/* epilogue start */
 243 0124 1F91      		pop r17
 244 0126 0F91      		pop r16
 245 0128 0895      		ret
 246               		.size	NutEventBroadcast, .-NutEventBroadcast
 247               	.global	NutEventPost
 248               		.type	NutEventPost, @function
 249               	NutEventPost:
 250 012a 0F93      		push r16
 251 012c 1F93      		push r17
 252               	/* prologue: function */
 253               	/* frame size = 0 */
 254 012e 0E94 0000 		call NutEventPostAsync
 255 0132 182F      		mov r17,r24
 256 0134 092F      		mov r16,r25
 257 0136 0E94 0000 		call NutThreadYield
 258 013a 812F      		mov r24,r17
 259 013c 902F      		mov r25,r16
 260               	/* epilogue start */
 261 013e 1F91      		pop r17
 262 0140 0F91      		pop r16
 263 0142 0895      		ret
 264               		.size	NutEventPost, .-NutEventPost
 265               	.global	NutEventTimeout
 266               		.type	NutEventTimeout, @function
 267               	NutEventTimeout:
 268 0144 CF93      		push r28
 269 0146 DF93      		push r29
 270               	/* prologue: function */
 271               	/* frame size = 0 */
 272 0148 AC01      		movw r20,r24
 273 014a DB01      		movw r26,r22
 274               	/* #APP */
 275               	 ;  204 "../../nut/os/event.c" 1
 276 014c 0FB6      		in  __tmp_reg__, __SREG__
 277 014e F894      		cli
 278 0150 0F92      		push __tmp_reg__
 279               		
 280               	 ;  0 "" 2
 281               	/* #NOAPP */
 282 0152 CD91      		ld r28,X+
 283 0154 DC91      		ld r29,X
 284 0156 1197      		sbiw r26,1
 285               	/* #APP */
GAS LISTING C:\DOCUME~1\ADMINI~1\LOCALS~1\Temp/ccFGsjsk.s 			page 6


 286               	 ;  206 "../../nut/os/event.c" 1
 287 0158 0F90      		pop __tmp_reg__
 288 015a 0FBE      		out __SREG__, __tmp_reg__
 289               		
 290               	 ;  0 "" 2
 291               	/* #NOAPP */
 292 015c 8FEF      		ldi r24,hi8(-1)
 293 015e CF3F      		cpi r28,lo8(-1)
 294 0160 D807      		cpc r29,r24
 295 0162 01F4      		brne .L32
 296 0164 00C0      		rjmp .L31
 297               	.L30:
 298 0166 8D89      		ldd r24,Y+21
 299 0168 9E89      		ldd r25,Y+22
 300 016a 2A81      		ldd r18,Y+2
 301 016c 3B81      		ldd r19,Y+3
 302 016e 8417      		cp r24,r20
 303 0170 9507      		cpc r25,r21
 304 0172 01F4      		brne .L26
 305               	/* #APP */
 306               	 ;  223 "../../nut/os/event.c" 1
 307 0174 0FB6      		in  __tmp_reg__, __SREG__
 308 0176 F894      		cli
 309 0178 0F92      		push __tmp_reg__
 310               		
 311               	 ;  0 "" 2
 312               	/* #NOAPP */
 313 017a 1196      		adiw r26,1
 314 017c 3C93      		st X,r19
 315 017e 2E93      		st -X,r18
 316 0180 8C81      		ldd r24,Y+4
 317 0182 9D81      		ldd r25,Y+5
 318 0184 892B      		or r24,r25
 319 0186 01F0      		breq .L27
 320 0188 EA81      		ldd r30,Y+2
 321 018a FB81      		ldd r31,Y+3
 322 018c 3097      		sbiw r30,0
 323 018e 01F0      		breq .L28
 324 0190 8C81      		ldd r24,Y+4
 325 0192 9D81      		ldd r25,Y+5
 326 0194 9583      		std Z+5,r25
 327 0196 8483      		std Z+4,r24
 328 0198 00C0      		rjmp .L29
 329               	.L28:
 330 019a 8FEF      		ldi r24,lo8(-1)
 331 019c 9FEF      		ldi r25,hi8(-1)
 332 019e 1196      		adiw r26,1
 333 01a0 9C93      		st X,r25
 334 01a2 8E93      		st -X,r24
 335               	.L29:
 336 01a4 1D82      		std Y+5,__zero_reg__
 337 01a6 1C82      		std Y+4,__zero_reg__
 338               	.L27:
 339               	/* #APP */
 340               	 ;  234 "../../nut/os/event.c" 1
 341 01a8 0F90      		pop __tmp_reg__
 342 01aa 0FBE      		out __SREG__, __tmp_reg__
GAS LISTING C:\DOCUME~1\ADMINI~1\LOCALS~1\Temp/ccFGsjsk.s 			page 7


 343               		
 344               	 ;  0 "" 2
 345               	/* #NOAPP */
 346 01ac 82E0      		ldi r24,lo8(2)
 347 01ae 8F87      		std Y+15,r24
 348 01b0 CE01      		movw r24,r28
 349 01b2 60E0      		ldi r22,lo8(runQueue)
 350 01b4 70E0      		ldi r23,hi8(runQueue)
 351 01b6 0E94 0000 		call NutThreadAddPriQueue
 352 01ba 8FEF      		ldi r24,lo8(-1)
 353 01bc 9FEF      		ldi r25,hi8(-1)
 354 01be 9E8B      		std Y+22,r25
 355 01c0 8D8B      		std Y+21,r24
 356 01c2 00C0      		rjmp .L31
 357               	.L26:
 358 01c4 DE01      		movw r26,r28
 359 01c6 1296      		adiw r26,2
 360 01c8 E901      		movw r28,r18
 361               	.L32:
 362 01ca 2097      		sbiw r28,0
 363 01cc 01F4      		brne .L30
 364               	.L31:
 365               	/* epilogue start */
 366 01ce DF91      		pop r29
 367 01d0 CF91      		pop r28
 368 01d2 0895      		ret
 369               		.size	NutEventTimeout, .-NutEventTimeout
 370               	.global	NutEventWait
 371               		.type	NutEventWait, @function
 372               	NutEventWait:
 373 01d4 CF92      		push r12
 374 01d6 DF92      		push r13
 375 01d8 EF92      		push r14
 376 01da FF92      		push r15
 377 01dc 0F93      		push r16
 378 01de 1F93      		push r17
 379 01e0 CF93      		push r28
 380 01e2 DF93      		push r29
 381               	/* prologue: function */
 382               	/* frame size = 0 */
 383 01e4 8C01      		movw r16,r24
 384 01e6 6A01      		movw r12,r20
 385 01e8 7B01      		movw r14,r22
 386               	/* #APP */
 387               	 ;  278 "../../nut/os/event.c" 1
 388 01ea 0FB6      		in  __tmp_reg__, __SREG__
 389 01ec F894      		cli
 390 01ee 0F92      		push __tmp_reg__
 391               		
 392               	 ;  0 "" 2
 393               	/* #NOAPP */
 394 01f0 FC01      		movw r30,r24
 395 01f2 8081      		ld r24,Z
 396 01f4 9181      		ldd r25,Z+1
 397               	/* #APP */
 398               	 ;  280 "../../nut/os/event.c" 1
 399 01f6 0F90      		pop __tmp_reg__
GAS LISTING C:\DOCUME~1\ADMINI~1\LOCALS~1\Temp/ccFGsjsk.s 			page 8


 400 01f8 0FBE      		out __SREG__, __tmp_reg__
 401               		
 402               	 ;  0 "" 2
 403               	/* #NOAPP */
 404 01fa 8F5F      		subi r24,lo8(-1)
 405 01fc 9F4F      		sbci r25,hi8(-1)
 406 01fe 01F4      		brne .L34
 407               	/* #APP */
 408               	 ;  287 "../../nut/os/event.c" 1
 409 0200 0FB6      		in  __tmp_reg__, __SREG__
 410 0202 F894      		cli
 411 0204 0F92      		push __tmp_reg__
 412               		
 413               	 ;  0 "" 2
 414               	/* #NOAPP */
 415 0206 F801      		movw r30,r16
 416 0208 1182      		std Z+1,__zero_reg__
 417 020a 1082      		st Z,__zero_reg__
 418               	/* #APP */
 419               	 ;  289 "../../nut/os/event.c" 1
 420 020c 0F90      		pop __tmp_reg__
 421 020e 0FBE      		out __SREG__, __tmp_reg__
 422               		
 423               	 ;  0 "" 2
 424               	/* #NOAPP */
 425 0210 0E94 0000 		call NutThreadYield
 426 0214 00C0      		rjmp .L40
 427               	.L34:
 428 0216 8091 0000 		lds r24,runningThread
 429 021a 9091 0000 		lds r25,(runningThread)+1
 430 021e 60E0      		ldi r22,lo8(runQueue)
 431 0220 70E0      		ldi r23,hi8(runQueue)
 432 0222 0E94 0000 		call NutThreadRemoveQueue
 433 0226 8091 0000 		lds r24,runningThread
 434 022a 9091 0000 		lds r25,(runningThread)+1
 435 022e B801      		movw r22,r16
 436 0230 0E94 0000 		call NutThreadAddPriQueue
 437 0234 C091 0000 		lds r28,runningThread
 438 0238 D091 0000 		lds r29,(runningThread)+1
 439 023c 83E0      		ldi r24,lo8(3)
 440 023e 8F87      		std Y+15,r24
 441 0240 C114      		cp r12,__zero_reg__
 442 0242 D104      		cpc r13,__zero_reg__
 443 0244 E104      		cpc r14,__zero_reg__
 444 0246 F104      		cpc r15,__zero_reg__
 445 0248 01F0      		breq .L36
 446 024a C701      		movw r24,r14
 447 024c B601      		movw r22,r12
 448 024e 40E0      		ldi r20,lo8(gs(NutEventTimeout))
 449 0250 50E0      		ldi r21,hi8(gs(NutEventTimeout))
 450 0252 9801      		movw r18,r16
 451 0254 01E0      		ldi r16,lo8(1)
 452 0256 0E94 0000 		call NutTimerStart
 453 025a 9E8B      		std Y+22,r25
 454 025c 8D8B      		std Y+21,r24
 455 025e 00C0      		rjmp .L37
 456               	.L36:
GAS LISTING C:\DOCUME~1\ADMINI~1\LOCALS~1\Temp/ccFGsjsk.s 			page 9


 457 0260 1E8A      		std Y+22,__zero_reg__
 458 0262 1D8A      		std Y+21,__zero_reg__
 459               	.L37:
 460 0264 0E94 0000 		call NutThreadResume
 461 0268 E091 0000 		lds r30,runningThread
 462 026c F091 0000 		lds r31,(runningThread)+1
 463 0270 8589      		ldd r24,Z+21
 464 0272 9689      		ldd r25,Z+22
 465 0274 8F5F      		subi r24,lo8(-1)
 466 0276 9F4F      		sbci r25,hi8(-1)
 467 0278 01F0      		breq .L38
 468               	.L40:
 469 027a 20E0      		ldi r18,lo8(0)
 470 027c 30E0      		ldi r19,hi8(0)
 471 027e 00C0      		rjmp .L35
 472               	.L38:
 473 0280 168A      		std Z+22,__zero_reg__
 474 0282 158A      		std Z+21,__zero_reg__
 475 0284 2FEF      		ldi r18,lo8(-1)
 476 0286 3FEF      		ldi r19,hi8(-1)
 477               	.L35:
 478 0288 C901      		movw r24,r18
 479               	/* epilogue start */
 480 028a DF91      		pop r29
 481 028c CF91      		pop r28
 482 028e 1F91      		pop r17
 483 0290 0F91      		pop r16
 484 0292 FF90      		pop r15
 485 0294 EF90      		pop r14
 486 0296 DF90      		pop r13
 487 0298 CF90      		pop r12
 488 029a 0895      		ret
 489               		.size	NutEventWait, .-NutEventWait
 490               	.global	NutEventWaitNext
 491               		.type	NutEventWaitNext, @function
 492               	NutEventWaitNext:
 493               	/* prologue: function */
 494               	/* frame size = 0 */
 495 029c FC01      		movw r30,r24
 496               	/* #APP */
 497               	 ;  357 "../../nut/os/event.c" 1
 498 029e 0FB6      		in  __tmp_reg__, __SREG__
 499 02a0 F894      		cli
 500 02a2 0F92      		push __tmp_reg__
 501               		
 502               	 ;  0 "" 2
 503               	/* #NOAPP */
 504 02a4 8081      		ld r24,Z
 505 02a6 9181      		ldd r25,Z+1
 506 02a8 8F5F      		subi r24,lo8(-1)
 507 02aa 9F4F      		sbci r25,hi8(-1)
 508 02ac 01F4      		brne .L42
 509 02ae 1182      		std Z+1,__zero_reg__
 510 02b0 1082      		st Z,__zero_reg__
 511               	.L42:
 512               	/* #APP */
 513               	 ;  360 "../../nut/os/event.c" 1
GAS LISTING C:\DOCUME~1\ADMINI~1\LOCALS~1\Temp/ccFGsjsk.s 			page 10


 514 02b2 0F90      		pop __tmp_reg__
 515 02b4 0FBE      		out __SREG__, __tmp_reg__
 516               		
 517               	 ;  0 "" 2
 518               	/* #NOAPP */
 519 02b6 CF01      		movw r24,r30
 520 02b8 0E94 0000 		call NutEventWait
 521               	/* epilogue start */
 522 02bc 0895      		ret
 523               		.size	NutEventWaitNext, .-NutEventWaitNext
GAS LISTING C:\DOCUME~1\ADMINI~1\LOCALS~1\Temp/ccFGsjsk.s 			page 11


DEFINED SYMBOLS
                            *ABS*:00000000 event.c
C:\DOCUME~1\ADMINI~1\LOCALS~1\Temp/ccFGsjsk.s:2      *ABS*:0000003f __SREG__
C:\DOCUME~1\ADMINI~1\LOCALS~1\Temp/ccFGsjsk.s:3      *ABS*:0000003e __SP_H__
C:\DOCUME~1\ADMINI~1\LOCALS~1\Temp/ccFGsjsk.s:4      *ABS*:0000003d __SP_L__
C:\DOCUME~1\ADMINI~1\LOCALS~1\Temp/ccFGsjsk.s:5      *ABS*:00000034 __CCP__
C:\DOCUME~1\ADMINI~1\LOCALS~1\Temp/ccFGsjsk.s:6      *ABS*:00000000 __tmp_reg__
C:\DOCUME~1\ADMINI~1\LOCALS~1\Temp/ccFGsjsk.s:7      *ABS*:00000001 __zero_reg__
C:\DOCUME~1\ADMINI~1\LOCALS~1\Temp/ccFGsjsk.s:11     .text:00000000 NutEventPostAsync
C:\DOCUME~1\ADMINI~1\LOCALS~1\Temp/ccFGsjsk.s:134    .text:000000a0 NutEventBroadcastAsync
C:\DOCUME~1\ADMINI~1\LOCALS~1\Temp/ccFGsjsk.s:231    .text:00000110 NutEventBroadcast
C:\DOCUME~1\ADMINI~1\LOCALS~1\Temp/ccFGsjsk.s:249    .text:0000012a NutEventPost
C:\DOCUME~1\ADMINI~1\LOCALS~1\Temp/ccFGsjsk.s:267    .text:00000144 NutEventTimeout
C:\DOCUME~1\ADMINI~1\LOCALS~1\Temp/ccFGsjsk.s:372    .text:000001d4 NutEventWait
C:\DOCUME~1\ADMINI~1\LOCALS~1\Temp/ccFGsjsk.s:492    .text:0000029c NutEventWaitNext

UNDEFINED SYMBOLS
NutTimerStop
runQueue
NutThreadAddPriQueue
NutThreadYield
runningThread
NutThreadRemoveQueue
NutTimerStart
NutThreadResume
