GAS LISTING C:\DOCUME~1\ADMINI~1\LOCALS~1\Temp/ccU3042M.s 			page 1


   1               		.file	"osdebug.c"
   2               	__SREG__ = 0x3f
   3               	__SP_H__ = 0x3e
   4               	__SP_L__ = 0x3d
   5               	__CCP__  = 0x34
   6               	__tmp_reg__ = 0
   7               	__zero_reg__ = 1
   8               		.text
   9               	.global	NutTraceOs
  10               		.type	NutTraceOs, @function
  11               	NutTraceOs:
  12               	/* prologue: function */
  13               	/* frame size = 0 */
  14 0000 0097      		sbiw r24,0
  15 0002 01F0      		breq .L2
  16 0004 9093 0000 		sts (__os_trs)+1,r25
  17 0008 8093 0000 		sts __os_trs,r24
  18               	.L2:
  19 000c 8091 0000 		lds r24,__os_trs
  20 0010 9091 0000 		lds r25,(__os_trs)+1
  21 0014 892B      		or r24,r25
  22 0016 01F0      		breq .L3
  23 0018 6093 0000 		sts __os_trf,r22
  24 001c 0895      		ret
  25               	.L3:
  26 001e 1092 0000 		sts __os_trf,__zero_reg__
  27 0022 0895      		ret
  28               		.size	NutTraceOs, .-NutTraceOs
  29               	.global	NutTraceHeap
  30               		.type	NutTraceHeap, @function
  31               	NutTraceHeap:
  32               	/* prologue: function */
  33               	/* frame size = 0 */
  34 0024 0097      		sbiw r24,0
  35 0026 01F0      		breq .L7
  36 0028 9093 0000 		sts (__heap_trs)+1,r25
  37 002c 8093 0000 		sts __heap_trs,r24
  38               	.L7:
  39 0030 8091 0000 		lds r24,__heap_trs
  40 0034 9091 0000 		lds r25,(__heap_trs)+1
  41 0038 892B      		or r24,r25
  42 003a 01F0      		breq .L8
  43 003c 6093 0000 		sts __heap_trf,r22
  44 0040 0895      		ret
  45               	.L8:
  46 0042 1092 0000 		sts __heap_trf,__zero_reg__
  47 0046 0895      		ret
  48               		.size	NutTraceHeap, .-NutTraceHeap
  49               	.global	NutDumpHeap
  50               		.type	NutDumpHeap, @function
  51               	NutDumpHeap:
  52 0048 CF92      		push r12
  53 004a DF92      		push r13
  54 004c EF92      		push r14
  55 004e FF92      		push r15
  56 0050 0F93      		push r16
  57 0052 1F93      		push r17
GAS LISTING C:\DOCUME~1\ADMINI~1\LOCALS~1\Temp/ccU3042M.s 			page 2


  58 0054 CF93      		push r28
  59 0056 DF93      		push r29
  60               	/* prologue: function */
  61               	/* frame size = 0 */
  62 0058 7C01      		movw r14,r24
  63 005a 8AE0      		ldi r24,lo8(10)
  64 005c 90E0      		ldi r25,hi8(10)
  65 005e B701      		movw r22,r14
  66 0060 0E94 0000 		call fputc
  67 0064 C091 0000 		lds r28,heapFreeList
  68 0068 D091 0000 		lds r29,(heapFreeList)+1
  69 006c 00E0      		ldi r16,lo8(0)
  70 006e 10E0      		ldi r17,hi8(0)
  71 0070 80E0      		ldi r24,lo8(fmt1.1955)
  72 0072 C82E      		mov r12,r24
  73 0074 80E0      		ldi r24,hi8(fmt1.1955)
  74 0076 D82E      		mov r13,r24
  75 0078 00C0      		rjmp .L12
  76               	.L14:
  77 007a 8881      		ld r24,Y
  78 007c 9981      		ldd r25,Y+1
  79 007e 080F      		add r16,r24
  80 0080 191F      		adc r17,r25
  81 0082 2DB7      		in r18,__SP_L__
  82 0084 3EB7      		in r19,__SP_H__
  83 0086 2850      		subi r18,lo8(-(-8))
  84 0088 3040      		sbci r19,hi8(-(-8))
  85 008a 0FB6      		in __tmp_reg__,__SREG__
  86 008c F894      		cli
  87 008e 3EBF      		out __SP_H__,r19
  88 0090 0FBE      		out __SREG__,__tmp_reg__
  89 0092 2DBF      		out __SP_L__,r18
  90 0094 EDB7      		in r30,__SP_L__
  91 0096 FEB7      		in r31,__SP_H__
  92 0098 3196      		adiw r30,1
  93 009a ADB7      		in r26,__SP_L__
  94 009c BEB7      		in r27,__SP_H__
  95 009e 1296      		adiw r26,1+1
  96 00a0 FC92      		st X,r15
  97 00a2 EE92      		st -X,r14
  98 00a4 1197      		sbiw r26,1
  99 00a6 D382      		std Z+3,r13
 100 00a8 C282      		std Z+2,r12
 101 00aa D583      		std Z+5,r29
 102 00ac C483      		std Z+4,r28
 103 00ae 9783      		std Z+7,r25
 104 00b0 8683      		std Z+6,r24
 105 00b2 0E94 0000 		call fprintf_P
 106 00b6 2DB7      		in r18,__SP_L__
 107 00b8 3EB7      		in r19,__SP_H__
 108 00ba 285F      		subi r18,lo8(-(8))
 109 00bc 3F4F      		sbci r19,hi8(-(8))
 110 00be 0FB6      		in __tmp_reg__,__SREG__
 111 00c0 F894      		cli
 112 00c2 3EBF      		out __SP_H__,r19
 113 00c4 0FBE      		out __SREG__,__tmp_reg__
 114 00c6 2DBF      		out __SP_L__,r18
GAS LISTING C:\DOCUME~1\ADMINI~1\LOCALS~1\Temp/ccU3042M.s 			page 3


 115 00c8 C036      		cpi r28,96
 116 00ca D105      		cpc r29,__zero_reg__
 117 00cc 00F0      		brlo .L13
 118 00ce D7FD      		sbrc r29,7
 119 00d0 00C0      		rjmp .L13
 120 00d2 0A80      		ldd __tmp_reg__,Y+2
 121 00d4 DB81      		ldd r29,Y+3
 122 00d6 C02D      		mov r28,__tmp_reg__
 123               	.L12:
 124 00d8 2097      		sbiw r28,0
 125 00da 01F4      		brne .L14
 126               	.L13:
 127 00dc 80E0      		ldi r24,lo8(heapFreeList)
 128 00de 90E0      		ldi r25,hi8(heapFreeList)
 129 00e0 0E94 0000 		call NutHeapRootAvailable
 130 00e4 9C01      		movw r18,r24
 131 00e6 8017      		cp r24,r16
 132 00e8 9107      		cpc r25,r17
 133 00ea 01F0      		breq .L15
 134 00ec 8DB7      		in r24,__SP_L__
 135 00ee 9EB7      		in r25,__SP_H__
 136 00f0 0897      		sbiw r24,8
 137 00f2 0FB6      		in __tmp_reg__,__SREG__
 138 00f4 F894      		cli
 139 00f6 9EBF      		out __SP_H__,r25
 140 00f8 0FBE      		out __SREG__,__tmp_reg__
 141 00fa 8DBF      		out __SP_L__,r24
 142 00fc EDB7      		in r30,__SP_L__
 143 00fe FEB7      		in r31,__SP_H__
 144 0100 3196      		adiw r30,1
 145 0102 ADB7      		in r26,__SP_L__
 146 0104 BEB7      		in r27,__SP_H__
 147 0106 1296      		adiw r26,1+1
 148 0108 FC92      		st X,r15
 149 010a EE92      		st -X,r14
 150 010c 1197      		sbiw r26,1
 151 010e 80E0      		ldi r24,lo8(fmt2.1956)
 152 0110 90E0      		ldi r25,hi8(fmt2.1956)
 153 0112 9383      		std Z+3,r25
 154 0114 8283      		std Z+2,r24
 155 0116 1583      		std Z+5,r17
 156 0118 0483      		std Z+4,r16
 157 011a 3783      		std Z+7,r19
 158 011c 2683      		std Z+6,r18
 159 011e 0E94 0000 		call fprintf_P
 160 0122 2DB7      		in r18,__SP_L__
 161 0124 3EB7      		in r19,__SP_H__
 162 0126 285F      		subi r18,lo8(-(8))
 163 0128 3F4F      		sbci r19,hi8(-(8))
 164 012a 00C0      		rjmp .L18
 165               	.L15:
 166 012c 00D0      		rcall .
 167 012e 00D0      		rcall .
 168 0130 00D0      		rcall .
 169 0132 EDB7      		in r30,__SP_L__
 170 0134 FEB7      		in r31,__SP_H__
 171 0136 3196      		adiw r30,1
GAS LISTING C:\DOCUME~1\ADMINI~1\LOCALS~1\Temp/ccU3042M.s 			page 4


 172 0138 ADB7      		in r26,__SP_L__
 173 013a BEB7      		in r27,__SP_H__
 174 013c 1296      		adiw r26,1+1
 175 013e FC92      		st X,r15
 176 0140 EE92      		st -X,r14
 177 0142 1197      		sbiw r26,1
 178 0144 80E0      		ldi r24,lo8(fmt3.1957)
 179 0146 90E0      		ldi r25,hi8(fmt3.1957)
 180 0148 9383      		std Z+3,r25
 181 014a 8283      		std Z+2,r24
 182 014c 1583      		std Z+5,r17
 183 014e 0483      		std Z+4,r16
 184 0150 0E94 0000 		call fprintf_P
 185 0154 2DB7      		in r18,__SP_L__
 186 0156 3EB7      		in r19,__SP_H__
 187 0158 2A5F      		subi r18,lo8(-(6))
 188 015a 3F4F      		sbci r19,hi8(-(6))
 189               	.L18:
 190 015c 0FB6      		in __tmp_reg__,__SREG__
 191 015e F894      		cli
 192 0160 3EBF      		out __SP_H__,r19
 193 0162 0FBE      		out __SREG__,__tmp_reg__
 194 0164 2DBF      		out __SP_L__,r18
 195               	/* epilogue start */
 196 0166 DF91      		pop r29
 197 0168 CF91      		pop r28
 198 016a 1F91      		pop r17
 199 016c 0F91      		pop r16
 200 016e FF90      		pop r15
 201 0170 EF90      		pop r14
 202 0172 DF90      		pop r13
 203 0174 CF90      		pop r12
 204 0176 0895      		ret
 205               		.size	NutDumpHeap, .-NutDumpHeap
 206               	.global	NutDumpTimerList
 207               		.type	NutDumpTimerList, @function
 208               	NutDumpTimerList:
 209 0178 AF92      		push r10
 210 017a BF92      		push r11
 211 017c CF92      		push r12
 212 017e DF92      		push r13
 213 0180 EF92      		push r14
 214 0182 FF92      		push r15
 215 0184 0F93      		push r16
 216 0186 1F93      		push r17
 217 0188 CF93      		push r28
 218 018a DF93      		push r29
 219               	/* prologue: function */
 220               	/* frame size = 0 */
 221 018c 8C01      		movw r16,r24
 222 018e C091 0000 		lds r28,nutTimerList
 223 0192 D091 0000 		lds r29,(nutTimerList)+1
 224 0196 2097      		sbiw r28,0
 225 0198 01F4      		brne .+2
 226 019a 00C0      		rjmp .L25
 227 019c 80E0      		ldi r24,lo8(theader.1930)
 228 019e 90E0      		ldi r25,hi8(theader.1930)
GAS LISTING C:\DOCUME~1\ADMINI~1\LOCALS~1\Temp/ccU3042M.s 			page 5


 229 01a0 B801      		movw r22,r16
 230 01a2 0E94 0000 		call fputs_P
 231 01a6 50E0      		ldi r21,lo8(fmt1.1931)
 232 01a8 A52E      		mov r10,r21
 233 01aa 50E0      		ldi r21,hi8(fmt1.1931)
 234 01ac B52E      		mov r11,r21
 235 01ae 40E0      		ldi r20,lo8(fmt2.1932)
 236 01b0 C42E      		mov r12,r20
 237 01b2 40E0      		ldi r20,hi8(fmt2.1932)
 238 01b4 D42E      		mov r13,r20
 239 01b6 30E0      		ldi r19,lo8(fmt3.1933)
 240 01b8 E32E      		mov r14,r19
 241 01ba 30E0      		ldi r19,hi8(fmt3.1933)
 242 01bc F32E      		mov r15,r19
 243               	.L24:
 244 01be 2DB7      		in r18,__SP_L__
 245 01c0 3EB7      		in r19,__SP_H__
 246 01c2 2E50      		subi r18,lo8(-(-14))
 247 01c4 3040      		sbci r19,hi8(-(-14))
 248 01c6 0FB6      		in __tmp_reg__,__SREG__
 249 01c8 F894      		cli
 250 01ca 3EBF      		out __SP_H__,r19
 251 01cc 0FBE      		out __SREG__,__tmp_reg__
 252 01ce 2DBF      		out __SP_L__,r18
 253 01d0 EDB7      		in r30,__SP_L__
 254 01d2 FEB7      		in r31,__SP_H__
 255 01d4 3196      		adiw r30,1
 256 01d6 ADB7      		in r26,__SP_L__
 257 01d8 BEB7      		in r27,__SP_H__
 258 01da 1296      		adiw r26,1+1
 259 01dc 1C93      		st X,r17
 260 01de 0E93      		st -X,r16
 261 01e0 1197      		sbiw r26,1
 262 01e2 B382      		std Z+3,r11
 263 01e4 A282      		std Z+2,r10
 264 01e6 D583      		std Z+5,r29
 265 01e8 C483      		std Z+4,r28
 266 01ea 8C81      		ldd r24,Y+4
 267 01ec 9D81      		ldd r25,Y+5
 268 01ee AE81      		ldd r26,Y+6
 269 01f0 BF81      		ldd r27,Y+7
 270 01f2 8683      		std Z+6,r24
 271 01f4 9783      		std Z+7,r25
 272 01f6 A087      		std Z+8,r26
 273 01f8 B187      		std Z+9,r27
 274 01fa 8885      		ldd r24,Y+8
 275 01fc 9985      		ldd r25,Y+9
 276 01fe AA85      		ldd r26,Y+10
 277 0200 BB85      		ldd r27,Y+11
 278 0202 8287      		std Z+10,r24
 279 0204 9387      		std Z+11,r25
 280 0206 A487      		std Z+12,r26
 281 0208 B587      		std Z+13,r27
 282 020a 0E94 0000 		call fprintf_P
 283 020e 8C85      		ldd r24,Y+12
 284 0210 9D85      		ldd r25,Y+13
 285 0212 2DB7      		in r18,__SP_L__
GAS LISTING C:\DOCUME~1\ADMINI~1\LOCALS~1\Temp/ccU3042M.s 			page 6


 286 0214 3EB7      		in r19,__SP_H__
 287 0216 225F      		subi r18,lo8(-(14))
 288 0218 3F4F      		sbci r19,hi8(-(14))
 289 021a 0FB6      		in __tmp_reg__,__SREG__
 290 021c F894      		cli
 291 021e 3EBF      		out __SP_H__,r19
 292 0220 0FBE      		out __SREG__,__tmp_reg__
 293 0222 2DBF      		out __SP_L__,r18
 294 0224 30E0      		ldi r19,hi8(gs(NutThreadWake))
 295 0226 8030      		cpi r24,lo8(gs(NutThreadWake))
 296 0228 9307      		cpc r25,r19
 297 022a 01F4      		brne .L21
 298 022c 80E0      		ldi r24,lo8(wname.1928)
 299 022e 90E0      		ldi r25,hi8(wname.1928)
 300 0230 00C0      		rjmp .L27
 301               	.L21:
 302 0232 A0E0      		ldi r26,hi8(gs(NutEventTimeout))
 303 0234 8030      		cpi r24,lo8(gs(NutEventTimeout))
 304 0236 9A07      		cpc r25,r26
 305 0238 01F4      		brne .L23
 306 023a 80E0      		ldi r24,lo8(tname.1929)
 307 023c 90E0      		ldi r25,hi8(tname.1929)
 308               	.L27:
 309 023e B801      		movw r22,r16
 310 0240 0E94 0000 		call fputs_P
 311 0244 00C0      		rjmp .L22
 312               	.L23:
 313 0246 2DB7      		in r18,__SP_L__
 314 0248 3EB7      		in r19,__SP_H__
 315 024a 2850      		subi r18,lo8(-(-8))
 316 024c 3040      		sbci r19,hi8(-(-8))
 317 024e 0FB6      		in __tmp_reg__,__SREG__
 318 0250 F894      		cli
 319 0252 3EBF      		out __SP_H__,r19
 320 0254 0FBE      		out __SREG__,__tmp_reg__
 321 0256 2DBF      		out __SP_L__,r18
 322 0258 EDB7      		in r30,__SP_L__
 323 025a FEB7      		in r31,__SP_H__
 324 025c 3196      		adiw r30,1
 325 025e ADB7      		in r26,__SP_L__
 326 0260 BEB7      		in r27,__SP_H__
 327 0262 1296      		adiw r26,1+1
 328 0264 1C93      		st X,r17
 329 0266 0E93      		st -X,r16
 330 0268 1197      		sbiw r26,1
 331 026a D382      		std Z+3,r13
 332 026c C282      		std Z+2,r12
 333 026e A0E0      		ldi r26,lo8(0)
 334 0270 B0E0      		ldi r27,hi8(0)
 335 0272 880F      		lsl r24
 336 0274 991F      		rol r25
 337 0276 AA1F      		rol r26
 338 0278 BB1F      		rol r27
 339 027a 8483      		std Z+4,r24
 340 027c 9583      		std Z+5,r25
 341 027e A683      		std Z+6,r26
 342 0280 B783      		std Z+7,r27
GAS LISTING C:\DOCUME~1\ADMINI~1\LOCALS~1\Temp/ccU3042M.s 			page 7


 343 0282 0E94 0000 		call fprintf_P
 344 0286 2DB7      		in r18,__SP_L__
 345 0288 3EB7      		in r19,__SP_H__
 346 028a 285F      		subi r18,lo8(-(8))
 347 028c 3F4F      		sbci r19,hi8(-(8))
 348 028e 0FB6      		in __tmp_reg__,__SREG__
 349 0290 F894      		cli
 350 0292 3EBF      		out __SP_H__,r19
 351 0294 0FBE      		out __SREG__,__tmp_reg__
 352 0296 2DBF      		out __SP_L__,r18
 353               	.L22:
 354 0298 00D0      		rcall .
 355 029a 00D0      		rcall .
 356 029c 00D0      		rcall .
 357 029e EDB7      		in r30,__SP_L__
 358 02a0 FEB7      		in r31,__SP_H__
 359 02a2 3196      		adiw r30,1
 360 02a4 ADB7      		in r26,__SP_L__
 361 02a6 BEB7      		in r27,__SP_H__
 362 02a8 1296      		adiw r26,1+1
 363 02aa 1C93      		st X,r17
 364 02ac 0E93      		st -X,r16
 365 02ae 1197      		sbiw r26,1
 366 02b0 F382      		std Z+3,r15
 367 02b2 E282      		std Z+2,r14
 368 02b4 8E85      		ldd r24,Y+14
 369 02b6 9F85      		ldd r25,Y+15
 370 02b8 9583      		std Z+5,r25
 371 02ba 8483      		std Z+4,r24
 372 02bc 0E94 0000 		call fprintf_P
 373 02c0 0990      		ld __tmp_reg__,Y+
 374 02c2 D881      		ld r29,Y
 375 02c4 C02D      		mov r28,__tmp_reg__
 376 02c6 2DB7      		in r18,__SP_L__
 377 02c8 3EB7      		in r19,__SP_H__
 378 02ca 2A5F      		subi r18,lo8(-(6))
 379 02cc 3F4F      		sbci r19,hi8(-(6))
 380 02ce 0FB6      		in __tmp_reg__,__SREG__
 381 02d0 F894      		cli
 382 02d2 3EBF      		out __SP_H__,r19
 383 02d4 0FBE      		out __SREG__,__tmp_reg__
 384 02d6 2DBF      		out __SP_L__,r18
 385 02d8 2097      		sbiw r28,0
 386 02da 01F0      		breq .+2
 387 02dc 00C0      		rjmp .L24
 388               	.L25:
 389               	/* epilogue start */
 390 02de DF91      		pop r29
 391 02e0 CF91      		pop r28
 392 02e2 1F91      		pop r17
 393 02e4 0F91      		pop r16
 394 02e6 FF90      		pop r15
 395 02e8 EF90      		pop r14
 396 02ea DF90      		pop r13
 397 02ec CF90      		pop r12
 398 02ee BF90      		pop r11
 399 02f0 AF90      		pop r10
GAS LISTING C:\DOCUME~1\ADMINI~1\LOCALS~1\Temp/ccU3042M.s 			page 8


 400 02f2 0895      		ret
 401               		.size	NutDumpTimerList, .-NutDumpTimerList
 402               		.data
 403               	.LC0:
 404 0000 4F4B 00   		.string	"OK"
 405               	.LC1:
 406 0003 4641 494C 		.string	"FAIL"
 406      00
 407               	.LC2:
 408 0008 5349 474E 		.string	"SIGNALED"
 408      414C 4544 
 408      00
 409               		.text
 410               	.global	NutDumpThreadList
 411               		.type	NutDumpThreadList, @function
 412               	NutDumpThreadList:
 413 02f4 3F92      		push r3
 414 02f6 4F92      		push r4
 415 02f8 5F92      		push r5
 416 02fa 6F92      		push r6
 417 02fc 7F92      		push r7
 418 02fe 8F92      		push r8
 419 0300 9F92      		push r9
 420 0302 AF92      		push r10
 421 0304 BF92      		push r11
 422 0306 CF92      		push r12
 423 0308 DF92      		push r13
 424 030a EF92      		push r14
 425 030c FF92      		push r15
 426 030e 0F93      		push r16
 427 0310 1F93      		push r17
 428 0312 CF93      		push r28
 429 0314 DF93      		push r29
 430               	/* prologue: function */
 431               	/* frame size = 0 */
 432 0316 6C01      		movw r12,r24
 433 0318 80E0      		ldi r24,lo8(qheader)
 434 031a 90E0      		ldi r25,hi8(qheader)
 435 031c B601      		movw r22,r12
 436 031e 0E94 0000 		call fputs_P
 437 0322 0091 0000 		lds r16,nutThreadList
 438 0326 1091 0000 		lds r17,(nutThreadList)+1
 439 032a 00C0      		rjmp .L29
 440               	.L35:
 441 032c D801      		movw r26,r16
 442 032e 5296      		adiw r26,18
 443 0330 3C90      		ld r3,X
 444 0332 5297      		sbiw r26,18
 445 0334 1F96      		adiw r26,15
 446 0336 EC91      		ld r30,X
 447 0338 1F97      		sbiw r26,15
 448 033a F0E0      		ldi r31,lo8(0)
 449 033c EE0F      		lsl r30
 450 033e FF1F      		rol r31
 451 0340 E050      		subi r30,lo8(-(states))
 452 0342 F040      		sbci r31,hi8(-(states))
 453 0344 4080      		ld r4,Z
GAS LISTING C:\DOCUME~1\ADMINI~1\LOCALS~1\Temp/ccU3042M.s 			page 9


 454 0346 5180      		ldd r5,Z+1
 455 0348 5796      		adiw r26,23
 456 034a 6D90      		ld r6,X+
 457 034c 7C90      		ld r7,X
 458 034e 5897      		sbiw r26,23+1
 459 0350 5596      		adiw r26,21
 460 0352 8D90      		ld r8,X+
 461 0354 9C90      		ld r9,X
 462 0356 5697      		sbiw r26,21+1
 463 0358 5096      		adiw r26,16
 464 035a CD91      		ld r28,X+
 465 035c DC91      		ld r29,X
 466 035e 5197      		sbiw r26,16+1
 467 0360 5396      		adiw r26,19
 468 0362 AD90      		ld r10,X+
 469 0364 BC90      		ld r11,X
 470 0366 5497      		sbiw r26,19+1
 471 0368 66E0      		ldi r22,lo8(6)
 472 036a E62E      		mov r14,r22
 473 036c F12C      		mov r15,__zero_reg__
 474 036e E00E      		add r14,r16
 475 0370 F11E      		adc r15,r17
 476 0372 C701      		movw r24,r14
 477 0374 0E94 0000 		call NutThreadStackAvailable
 478 0378 9C01      		movw r18,r24
 479 037a D801      		movw r26,r16
 480 037c 5396      		adiw r26,19
 481 037e ED91      		ld r30,X+
 482 0380 FC91      		ld r31,X
 483 0382 5497      		sbiw r26,19+1
 484 0384 8081      		ld r24,Z
 485 0386 9181      		ldd r25,Z+1
 486 0388 A281      		ldd r26,Z+2
 487 038a B381      		ldd r27,Z+3
 488 038c 8F5E      		subi r24,lo8(-559038737)
 489 038e 9E4B      		sbci r25,hi8(-559038737)
 490 0390 AD4A      		sbci r26,hlo8(-559038737)
 491 0392 BE4D      		sbci r27,hhi8(-559038737)
 492 0394 01F4      		brne .L30
 493 0396 80E0      		ldi r24,lo8(.LC0)
 494 0398 90E0      		ldi r25,hi8(.LC0)
 495 039a 00C0      		rjmp .L31
 496               	.L30:
 497 039c 80E0      		ldi r24,lo8(.LC1)
 498 039e 90E0      		ldi r25,hi8(.LC1)
 499               	.L31:
 500 03a0 4DB7      		in r20,__SP_L__
 501 03a2 5EB7      		in r21,__SP_H__
 502 03a4 4851      		subi r20,lo8(-(-24))
 503 03a6 5040      		sbci r21,hi8(-(-24))
 504 03a8 0FB6      		in __tmp_reg__,__SREG__
 505 03aa F894      		cli
 506 03ac 5EBF      		out __SP_H__,r21
 507 03ae 0FBE      		out __SREG__,__tmp_reg__
 508 03b0 4DBF      		out __SP_L__,r20
 509 03b2 EDB7      		in r30,__SP_L__
 510 03b4 FEB7      		in r31,__SP_H__
GAS LISTING C:\DOCUME~1\ADMINI~1\LOCALS~1\Temp/ccU3042M.s 			page 10


 511 03b6 3196      		adiw r30,1
 512 03b8 ADB7      		in r26,__SP_L__
 513 03ba BEB7      		in r27,__SP_H__
 514 03bc 1296      		adiw r26,1+1
 515 03be DC92      		st X,r13
 516 03c0 CE92      		st -X,r12
 517 03c2 1197      		sbiw r26,1
 518 03c4 40E0      		ldi r20,lo8(fmt1.1891)
 519 03c6 50E0      		ldi r21,hi8(fmt1.1891)
 520 03c8 5383      		std Z+3,r21
 521 03ca 4283      		std Z+2,r20
 522 03cc 1583      		std Z+5,r17
 523 03ce 0483      		std Z+4,r16
 524 03d0 F782      		std Z+7,r15
 525 03d2 E682      		std Z+6,r14
 526 03d4 3086      		std Z+8,r3
 527 03d6 1186      		std Z+9,__zero_reg__
 528 03d8 5386      		std Z+11,r5
 529 03da 4286      		std Z+10,r4
 530 03dc 7586      		std Z+13,r7
 531 03de 6486      		std Z+12,r6
 532 03e0 9786      		std Z+15,r9
 533 03e2 8686      		std Z+14,r8
 534 03e4 D18B      		std Z+17,r29
 535 03e6 C08B      		std Z+16,r28
 536 03e8 CA19      		sub r28,r10
 537 03ea DB09      		sbc r29,r11
 538 03ec D38B      		std Z+19,r29
 539 03ee C28B      		std Z+18,r28
 540 03f0 358B      		std Z+21,r19
 541 03f2 248B      		std Z+20,r18
 542 03f4 978B      		std Z+23,r25
 543 03f6 868B      		std Z+22,r24
 544 03f8 0E94 0000 		call fprintf_P
 545 03fc D801      		movw r26,r16
 546 03fe 5796      		adiw r26,23
 547 0400 8D91      		ld r24,X+
 548 0402 9C91      		ld r25,X
 549 0404 5897      		sbiw r26,23+1
 550 0406 EDB7      		in r30,__SP_L__
 551 0408 FEB7      		in r31,__SP_H__
 552 040a 7896      		adiw r30,24
 553 040c 0FB6      		in __tmp_reg__,__SREG__
 554 040e F894      		cli
 555 0410 FEBF      		out __SP_H__,r31
 556 0412 0FBE      		out __SREG__,__tmp_reg__
 557 0414 EDBF      		out __SP_L__,r30
 558 0416 892B      		or r24,r25
 559 0418 01F0      		breq .L32
 560 041a 5796      		adiw r26,23
 561 041c ED91      		ld r30,X+
 562 041e FC91      		ld r31,X
 563 0420 5897      		sbiw r26,23+1
 564 0422 C081      		ld r28,Z
 565 0424 D181      		ldd r29,Z+1
 566 0426 FFEF      		ldi r31,hi8(-1)
 567 0428 CF3F      		cpi r28,lo8(-1)
GAS LISTING C:\DOCUME~1\ADMINI~1\LOCALS~1\Temp/ccU3042M.s 			page 11


 568 042a DF07      		cpc r29,r31
 569 042c 01F4      		brne .L37
 570 042e 80E0      		ldi r24,lo8(.LC2)
 571 0430 90E0      		ldi r25,hi8(.LC2)
 572 0432 B601      		movw r22,r12
 573 0434 0E94 0000 		call fputs
 574 0438 00C0      		rjmp .L32
 575               	.L34:
 576 043a 00D0      		rcall .
 577 043c 00D0      		rcall .
 578 043e 00D0      		rcall .
 579 0440 EDB7      		in r30,__SP_L__
 580 0442 FEB7      		in r31,__SP_H__
 581 0444 3196      		adiw r30,1
 582 0446 ADB7      		in r26,__SP_L__
 583 0448 BEB7      		in r27,__SP_H__
 584 044a 1296      		adiw r26,1+1
 585 044c DC92      		st X,r13
 586 044e CE92      		st -X,r12
 587 0450 1197      		sbiw r26,1
 588 0452 20E0      		ldi r18,lo8(fmt2.1892)
 589 0454 30E0      		ldi r19,hi8(fmt2.1892)
 590 0456 3383      		std Z+3,r19
 591 0458 2283      		std Z+2,r18
 592 045a D583      		std Z+5,r29
 593 045c C483      		std Z+4,r28
 594 045e 0E94 0000 		call fprintf_P
 595 0462 0A80      		ldd __tmp_reg__,Y+2
 596 0464 DB81      		ldd r29,Y+3
 597 0466 C02D      		mov r28,__tmp_reg__
 598 0468 4DB7      		in r20,__SP_L__
 599 046a 5EB7      		in r21,__SP_H__
 600 046c 4A5F      		subi r20,lo8(-(6))
 601 046e 5F4F      		sbci r21,hi8(-(6))
 602 0470 0FB6      		in __tmp_reg__,__SREG__
 603 0472 F894      		cli
 604 0474 5EBF      		out __SP_H__,r21
 605 0476 0FBE      		out __SREG__,__tmp_reg__
 606 0478 4DBF      		out __SP_L__,r20
 607               	.L37:
 608 047a 2097      		sbiw r28,0
 609 047c 01F4      		brne .L34
 610               	.L32:
 611 047e 8AE0      		ldi r24,lo8(10)
 612 0480 90E0      		ldi r25,hi8(10)
 613 0482 B601      		movw r22,r12
 614 0484 0E94 0000 		call fputc
 615 0488 D801      		movw r26,r16
 616 048a 0D91      		ld r16,X+
 617 048c 1C91      		ld r17,X
 618               	.L29:
 619 048e 0115      		cp r16,__zero_reg__
 620 0490 1105      		cpc r17,__zero_reg__
 621 0492 01F0      		breq .+2
 622 0494 00C0      		rjmp .L35
 623               	/* epilogue start */
 624 0496 DF91      		pop r29
GAS LISTING C:\DOCUME~1\ADMINI~1\LOCALS~1\Temp/ccU3042M.s 			page 12


 625 0498 CF91      		pop r28
 626 049a 1F91      		pop r17
 627 049c 0F91      		pop r16
 628 049e FF90      		pop r15
 629 04a0 EF90      		pop r14
 630 04a2 DF90      		pop r13
 631 04a4 CF90      		pop r12
 632 04a6 BF90      		pop r11
 633 04a8 AF90      		pop r10
 634 04aa 9F90      		pop r9
 635 04ac 8F90      		pop r8
 636 04ae 7F90      		pop r7
 637 04b0 6F90      		pop r6
 638 04b2 5F90      		pop r5
 639 04b4 4F90      		pop r4
 640 04b6 3F90      		pop r3
 641 04b8 0895      		ret
 642               		.size	NutDumpThreadList, .-NutDumpThreadList
 643               		.data
 644               	.LC3:
 645 0011 5349 474E 		.string	"SIGNALED\n"
 645      414C 4544 
 645      0A00 
 646               		.text
 647               	.global	NutDumpThreadQueue
 648               		.type	NutDumpThreadQueue, @function
 649               	NutDumpThreadQueue:
 650 04ba 4F92      		push r4
 651 04bc 5F92      		push r5
 652 04be 7F92      		push r7
 653 04c0 8F92      		push r8
 654 04c2 9F92      		push r9
 655 04c4 AF92      		push r10
 656 04c6 BF92      		push r11
 657 04c8 CF92      		push r12
 658 04ca DF92      		push r13
 659 04cc EF92      		push r14
 660 04ce FF92      		push r15
 661 04d0 0F93      		push r16
 662 04d2 1F93      		push r17
 663 04d4 CF93      		push r28
 664 04d6 DF93      		push r29
 665               	/* prologue: function */
 666               	/* frame size = 0 */
 667 04d8 4C01      		movw r8,r24
 668 04da EB01      		movw r28,r22
 669 04dc 8FEF      		ldi r24,hi8(-1)
 670 04de 6F3F      		cpi r22,lo8(-1)
 671 04e0 7807      		cpc r23,r24
 672 04e2 01F0      		breq .+2
 673 04e4 00C0      		rjmp .L39
 674 04e6 80E0      		ldi r24,lo8(.LC3)
 675 04e8 90E0      		ldi r25,hi8(.LC3)
 676 04ea B401      		movw r22,r8
 677 04ec 0E94 0000 		call fputs
 678 04f0 00C0      		rjmp .L44
 679               	.L43:
GAS LISTING C:\DOCUME~1\ADMINI~1\LOCALS~1\Temp/ccU3042M.s 			page 13


 680 04f2 7A88      		ldd r7,Y+18
 681 04f4 EF85      		ldd r30,Y+15
 682 04f6 F0E0      		ldi r31,lo8(0)
 683 04f8 EE0F      		lsl r30
 684 04fa FF1F      		rol r31
 685 04fc E050      		subi r30,lo8(-(states))
 686 04fe F040      		sbci r31,hi8(-(states))
 687 0500 C080      		ld r12,Z
 688 0502 D180      		ldd r13,Z+1
 689 0504 EF88      		ldd r14,Y+23
 690 0506 F88C      		ldd r15,Y+24
 691 0508 AD88      		ldd r10,Y+21
 692 050a BE88      		ldd r11,Y+22
 693 050c 8889      		ldd r24,Y+16
 694 050e 9989      		ldd r25,Y+17
 695 0510 9C01      		movw r18,r24
 696 0512 40E0      		ldi r20,lo8(0)
 697 0514 50E0      		ldi r21,hi8(0)
 698 0516 6B89      		ldd r22,Y+19
 699 0518 7C89      		ldd r23,Y+20
 700 051a FB01      		movw r30,r22
 701 051c 8081      		ld r24,Z
 702 051e 9181      		ldd r25,Z+1
 703 0520 A281      		ldd r26,Z+2
 704 0522 B381      		ldd r27,Z+3
 705 0524 8F5E      		subi r24,lo8(-559038737)
 706 0526 9E4B      		sbci r25,hi8(-559038737)
 707 0528 AD4A      		sbci r26,hlo8(-559038737)
 708 052a BE4D      		sbci r27,hhi8(-559038737)
 709 052c 01F0      		breq .L41
 710 052e FB01      		movw r30,r22
 711 0530 8481      		ldd r24,Z+4
 712 0532 9581      		ldd r25,Z+5
 713 0534 A681      		ldd r26,Z+6
 714 0536 B781      		ldd r27,Z+7
 715 0538 8F5E      		subi r24,lo8(-559038737)
 716 053a 9E4B      		sbci r25,hi8(-559038737)
 717 053c AD4A      		sbci r26,hlo8(-559038737)
 718 053e BE4D      		sbci r27,hhi8(-559038737)
 719 0540 01F0      		breq .L41
 720 0542 FB01      		movw r30,r22
 721 0544 8085      		ldd r24,Z+8
 722 0546 9185      		ldd r25,Z+9
 723 0548 A285      		ldd r26,Z+10
 724 054a B385      		ldd r27,Z+11
 725 054c 8F5E      		subi r24,lo8(-559038737)
 726 054e 9E4B      		sbci r25,hi8(-559038737)
 727 0550 AD4A      		sbci r26,hlo8(-559038737)
 728 0552 BE4D      		sbci r27,hhi8(-559038737)
 729 0554 01F0      		breq .L41
 730 0556 FB01      		movw r30,r22
 731 0558 8485      		ldd r24,Z+12
 732 055a 9585      		ldd r25,Z+13
 733 055c A685      		ldd r26,Z+14
 734 055e B785      		ldd r27,Z+15
 735 0560 8F5E      		subi r24,lo8(-559038737)
 736 0562 9E4B      		sbci r25,hi8(-559038737)
GAS LISTING C:\DOCUME~1\ADMINI~1\LOCALS~1\Temp/ccU3042M.s 			page 14


 737 0564 AD4A      		sbci r26,hlo8(-559038737)
 738 0566 BE4D      		sbci r27,hhi8(-559038737)
 739 0568 01F0      		breq .L41
 740 056a 00E0      		ldi r16,lo8(.LC1)
 741 056c 10E0      		ldi r17,hi8(.LC1)
 742 056e 00C0      		rjmp .L42
 743               	.L41:
 744 0570 00E0      		ldi r16,lo8(.LC0)
 745 0572 10E0      		ldi r17,hi8(.LC0)
 746               	.L42:
 747 0574 8DB7      		in r24,__SP_L__
 748 0576 9EB7      		in r25,__SP_H__
 749 0578 8097      		sbiw r24,32
 750 057a 0FB6      		in __tmp_reg__,__SREG__
 751 057c F894      		cli
 752 057e 9EBF      		out __SP_H__,r25
 753 0580 0FBE      		out __SREG__,__tmp_reg__
 754 0582 8DBF      		out __SP_L__,r24
 755 0584 EDB7      		in r30,__SP_L__
 756 0586 FEB7      		in r31,__SP_H__
 757 0588 3196      		adiw r30,1
 758 058a ADB7      		in r26,__SP_L__
 759 058c BEB7      		in r27,__SP_H__
 760 058e 1296      		adiw r26,1+1
 761 0590 9C92      		st X,r9
 762 0592 8E92      		st -X,r8
 763 0594 1197      		sbiw r26,1
 764 0596 5382      		std Z+3,r5
 765 0598 4282      		std Z+2,r4
 766 059a CE01      		movw r24,r28
 767 059c AA27      		clr r26
 768 059e 97FD      		sbrc r25,7
 769 05a0 A095      		com r26
 770 05a2 BA2F      		mov r27,r26
 771 05a4 8483      		std Z+4,r24
 772 05a6 9583      		std Z+5,r25
 773 05a8 A683      		std Z+6,r26
 774 05aa B783      		std Z+7,r27
 775 05ac 2696      		adiw r28,6
 776 05ae D187      		std Z+9,r29
 777 05b0 C087      		std Z+8,r28
 778 05b2 2697      		sbiw r28,6
 779 05b4 7286      		std Z+10,r7
 780 05b6 1386      		std Z+11,__zero_reg__
 781 05b8 D586      		std Z+13,r13
 782 05ba C486      		std Z+12,r12
 783 05bc C701      		movw r24,r14
 784 05be AA27      		clr r26
 785 05c0 97FD      		sbrc r25,7
 786 05c2 A095      		com r26
 787 05c4 BA2F      		mov r27,r26
 788 05c6 8687      		std Z+14,r24
 789 05c8 9787      		std Z+15,r25
 790 05ca A08B      		std Z+16,r26
 791 05cc B18B      		std Z+17,r27
 792 05ce C501      		movw r24,r10
 793 05d0 AA27      		clr r26
GAS LISTING C:\DOCUME~1\ADMINI~1\LOCALS~1\Temp/ccU3042M.s 			page 15


 794 05d2 97FD      		sbrc r25,7
 795 05d4 A095      		com r26
 796 05d6 BA2F      		mov r27,r26
 797 05d8 828B      		std Z+18,r24
 798 05da 938B      		std Z+19,r25
 799 05dc A48B      		std Z+20,r26
 800 05de B58B      		std Z+21,r27
 801 05e0 268B      		std Z+22,r18
 802 05e2 378B      		std Z+23,r19
 803 05e4 408F      		std Z+24,r20
 804 05e6 518F      		std Z+25,r21
 805 05e8 CB01      		movw r24,r22
 806 05ea AA27      		clr r26
 807 05ec 97FD      		sbrc r25,7
 808 05ee A095      		com r26
 809 05f0 BA2F      		mov r27,r26
 810 05f2 281B      		sub r18,r24
 811 05f4 390B      		sbc r19,r25
 812 05f6 4A0B      		sbc r20,r26
 813 05f8 5B0B      		sbc r21,r27
 814 05fa 228F      		std Z+26,r18
 815 05fc 338F      		std Z+27,r19
 816 05fe 448F      		std Z+28,r20
 817 0600 558F      		std Z+29,r21
 818 0602 178F      		std Z+31,r17
 819 0604 068F      		std Z+30,r16
 820 0606 0E94 0000 		call fprintf_P
 821 060a 0A80      		ldd __tmp_reg__,Y+2
 822 060c DB81      		ldd r29,Y+3
 823 060e C02D      		mov r28,__tmp_reg__
 824 0610 EDB7      		in r30,__SP_L__
 825 0612 FEB7      		in r31,__SP_H__
 826 0614 B096      		adiw r30,32
 827 0616 0FB6      		in __tmp_reg__,__SREG__
 828 0618 F894      		cli
 829 061a FEBF      		out __SP_H__,r31
 830 061c 0FBE      		out __SREG__,__tmp_reg__
 831 061e EDBF      		out __SP_L__,r30
 832 0620 00C0      		rjmp .L45
 833               	.L39:
 834 0622 E0E0      		ldi r30,lo8(fmt.1853)
 835 0624 4E2E      		mov r4,r30
 836 0626 E0E0      		ldi r30,hi8(fmt.1853)
 837 0628 5E2E      		mov r5,r30
 838               	.L45:
 839 062a 2097      		sbiw r28,0
 840 062c 01F0      		breq .+2
 841 062e 00C0      		rjmp .L43
 842               	.L44:
 843               	/* epilogue start */
 844 0630 DF91      		pop r29
 845 0632 CF91      		pop r28
 846 0634 1F91      		pop r17
 847 0636 0F91      		pop r16
 848 0638 FF90      		pop r15
 849 063a EF90      		pop r14
 850 063c DF90      		pop r13
GAS LISTING C:\DOCUME~1\ADMINI~1\LOCALS~1\Temp/ccU3042M.s 			page 16


 851 063e CF90      		pop r12
 852 0640 BF90      		pop r11
 853 0642 AF90      		pop r10
 854 0644 9F90      		pop r9
 855 0646 8F90      		pop r8
 856 0648 7F90      		pop r7
 857 064a 5F90      		pop r5
 858 064c 4F90      		pop r4
 859 064e 0895      		ret
 860               		.size	NutDumpThreadQueue, .-NutDumpThreadQueue
 861               		.section	.progmem.data,"a",@progbits
 862               		.type	fmt3.1957, @object
 863               		.size	fmt3.1957, 15
 864               	fmt3.1957:
 865 0000 2575 2062 		.string	"%u bytes free\n"
 865      7974 6573 
 865      2066 7265 
 865      650A 00
 866               		.type	fmt2.1956, @object
 867               		.size	fmt2.1956, 29
 868               	fmt2.1956:
 869 000f 2575 2063 		.string	"%u counted, but %u reported\n"
 869      6F75 6E74 
 869      6564 2C20 
 869      6275 7420 
 869      2575 2072 
 870               		.type	fmt1.1955, @object
 871               		.size	fmt1.1955, 10
 872               	fmt1.1955:
 873 002c 2530 3478 		.string	"%04x %5d\n"
 873      2025 3564 
 873      0A00 
 874               		.type	fmt3.1933, @object
 875               		.size	fmt3.1933, 8
 876               	fmt3.1933:
 877 0036 2825 3034 		.string	"(%04X)\n"
 877      5829 0A00 
 878               		.type	fmt2.1932, @object
 879               		.size	fmt2.1932, 6
 880               	fmt2.1932:
 881 003e 2530 356C 		.string	"%05lX"
 881      5800 
 882               		.type	fmt1.1931, @object
 883               		.size	fmt1.1931, 14
 884               	fmt1.1931:
 885 0044 2530 3458 		.string	"%04X%6lu%6lu "
 885      2536 6C75 
 885      2536 6C75 
 885      2000 
 886               		.type	theader.1930, @object
 887               		.size	theader.1930, 27
 888               	theader.1930:
 889 0052 4164 6472 		.string	"Addr Ticks  Left Callback\n"
 889      2054 6963 
 889      6B73 2020 
 889      4C65 6674 
 889      2043 616C 
GAS LISTING C:\DOCUME~1\ADMINI~1\LOCALS~1\Temp/ccU3042M.s 			page 17


 890               		.type	tname.1929, @object
 891               		.size	tname.1929, 16
 892               	tname.1929:
 893 006d 4E75 7445 		.string	"NutEventTimeout"
 893      7665 6E74 
 893      5469 6D65 
 893      6F75 7400 
 894               		.type	wname.1928, @object
 895               		.size	wname.1928, 14
 896               	wname.1928:
 897 007d 4E75 7454 		.string	"NutThreadWake"
 897      6872 6561 
 897      6457 616B 
 897      6500 
 898               		.type	qheader, @object
 899               		.size	qheader, 57
 900               	qheader:
 901 008b 0A48 6E64 		.string	"\nHndl Name     Prio Sta QUE  Timr StkP FreeMem MinStack\n"
 901      6C20 4E61 
 901      6D65 2020 
 901      2020 2050 
 901      7269 6F20 
 902               		.data
 903               	.LC4:
 904 001b 5452 4D00 		.string	"TRM"
 905               	.LC5:
 906 001f 5255 4E00 		.string	"RUN"
 907               	.LC6:
 908 0023 5244 5900 		.string	"RDY"
 909               	.LC7:
 910 0027 534C 5000 		.string	"SLP"
 911               		.type	states, @object
 912               		.size	states, 8
 913               	states:
 914 002b 0000      		.word	.LC4
 915 002d 0000      		.word	.LC5
 916 002f 0000      		.word	.LC6
 917 0031 0000      		.word	.LC7
 918               		.section	.progmem.data
 919               		.type	fmt2.1892, @object
 920               		.size	fmt2.1892, 6
 921               	fmt2.1892:
 922 00c4 2025 3034 		.string	" %04X"
 922      5800 
 923               		.type	fmt1.1891, @object
 924               		.size	fmt1.1891, 43
 925               	fmt1.1891:
 926 00ca 2530 3458 		.string	"%04X %-8s %4u %s %04X %04X %04X %7u %8u %s"
 926      2025 2D38 
 926      7320 2534 
 926      7520 2573 
 926      2025 3034 
 927               		.type	fmt.1853, @object
 928               		.size	fmt.1853, 45
 929               	fmt.1853:
 930 00f5 2530 346C 		.string	"%04lX %-8s %4u %s %04lX %04lX %04lX %5lu %s\n"
 930      5820 252D 
GAS LISTING C:\DOCUME~1\ADMINI~1\LOCALS~1\Temp/ccU3042M.s 			page 18


 930      3873 2025 
 930      3475 2025 
 930      7320 2530 
 931               		.comm __os_trs,2,1
 932               		.comm __os_trf,1,1
 933               		.comm __heap_trs,2,1
 934               		.comm __heap_trf,1,1
 935               	.global __do_copy_data
 936               	.global __do_clear_bss
GAS LISTING C:\DOCUME~1\ADMINI~1\LOCALS~1\Temp/ccU3042M.s 			page 19


DEFINED SYMBOLS
                            *ABS*:00000000 osdebug.c
C:\DOCUME~1\ADMINI~1\LOCALS~1\Temp/ccU3042M.s:2      *ABS*:0000003f __SREG__
C:\DOCUME~1\ADMINI~1\LOCALS~1\Temp/ccU3042M.s:3      *ABS*:0000003e __SP_H__
C:\DOCUME~1\ADMINI~1\LOCALS~1\Temp/ccU3042M.s:4      *ABS*:0000003d __SP_L__
C:\DOCUME~1\ADMINI~1\LOCALS~1\Temp/ccU3042M.s:5      *ABS*:00000034 __CCP__
C:\DOCUME~1\ADMINI~1\LOCALS~1\Temp/ccU3042M.s:6      *ABS*:00000000 __tmp_reg__
C:\DOCUME~1\ADMINI~1\LOCALS~1\Temp/ccU3042M.s:7      *ABS*:00000001 __zero_reg__
C:\DOCUME~1\ADMINI~1\LOCALS~1\Temp/ccU3042M.s:11     .text:00000000 NutTraceOs
                            *COM*:00000002 __os_trs
                            *COM*:00000001 __os_trf
C:\DOCUME~1\ADMINI~1\LOCALS~1\Temp/ccU3042M.s:31     .text:00000024 NutTraceHeap
                            *COM*:00000002 __heap_trs
                            *COM*:00000001 __heap_trf
C:\DOCUME~1\ADMINI~1\LOCALS~1\Temp/ccU3042M.s:51     .text:00000048 NutDumpHeap
C:\DOCUME~1\ADMINI~1\LOCALS~1\Temp/ccU3042M.s:872    .progmem.data:0000002c fmt1.1955
C:\DOCUME~1\ADMINI~1\LOCALS~1\Temp/ccU3042M.s:868    .progmem.data:0000000f fmt2.1956
C:\DOCUME~1\ADMINI~1\LOCALS~1\Temp/ccU3042M.s:864    .progmem.data:00000000 fmt3.1957
C:\DOCUME~1\ADMINI~1\LOCALS~1\Temp/ccU3042M.s:208    .text:00000178 NutDumpTimerList
C:\DOCUME~1\ADMINI~1\LOCALS~1\Temp/ccU3042M.s:888    .progmem.data:00000052 theader.1930
C:\DOCUME~1\ADMINI~1\LOCALS~1\Temp/ccU3042M.s:884    .progmem.data:00000044 fmt1.1931
C:\DOCUME~1\ADMINI~1\LOCALS~1\Temp/ccU3042M.s:880    .progmem.data:0000003e fmt2.1932
C:\DOCUME~1\ADMINI~1\LOCALS~1\Temp/ccU3042M.s:876    .progmem.data:00000036 fmt3.1933
C:\DOCUME~1\ADMINI~1\LOCALS~1\Temp/ccU3042M.s:896    .progmem.data:0000007d wname.1928
C:\DOCUME~1\ADMINI~1\LOCALS~1\Temp/ccU3042M.s:892    .progmem.data:0000006d tname.1929
C:\DOCUME~1\ADMINI~1\LOCALS~1\Temp/ccU3042M.s:412    .text:000002f4 NutDumpThreadList
C:\DOCUME~1\ADMINI~1\LOCALS~1\Temp/ccU3042M.s:900    .progmem.data:0000008b qheader
C:\DOCUME~1\ADMINI~1\LOCALS~1\Temp/ccU3042M.s:913    .data:0000002b states
C:\DOCUME~1\ADMINI~1\LOCALS~1\Temp/ccU3042M.s:925    .progmem.data:000000ca fmt1.1891
C:\DOCUME~1\ADMINI~1\LOCALS~1\Temp/ccU3042M.s:921    .progmem.data:000000c4 fmt2.1892
C:\DOCUME~1\ADMINI~1\LOCALS~1\Temp/ccU3042M.s:649    .text:000004ba NutDumpThreadQueue
C:\DOCUME~1\ADMINI~1\LOCALS~1\Temp/ccU3042M.s:929    .progmem.data:000000f5 fmt.1853

UNDEFINED SYMBOLS
fputc
heapFreeList
fprintf_P
NutHeapRootAvailable
nutTimerList
fputs_P
NutThreadWake
NutEventTimeout
nutThreadList
NutThreadStackAvailable
fputs
__do_copy_data
__do_clear_bss
