GAS LISTING C:\DOCUME~1\ADMINI~1\LOCALS~1\Temp/ccxvESDv.s 			page 1


   1               		.file	"panic.c"
   2               	__SREG__ = 0x3f
   3               	__SP_H__ = 0x3e
   4               	__SP_L__ = 0x3d
   5               	__CCP__  = 0x34
   6               	__tmp_reg__ = 0
   7               	__zero_reg__ = 1
   8               		.text
   9               	.global	NUTPANIC
  10               		.type	NUTPANIC, @function
  11               	NUTPANIC:
  12 0000 DF93      		push r29
  13 0002 CF93      		push r28
  14 0004 CDB7      		in r28,__SP_L__
  15 0006 DEB7      		in r29,__SP_H__
  16               	/* prologue: function */
  17               	/* frame size = 0 */
  18 0008 FE01      		movw r30,r28
  19 000a 3596      		adiw r30,5
  20 000c 6191      		ld r22,Z+
  21 000e 7191      		ld r23,Z+
  22               	/* #APP */
  23               	 ;  67 "../../nut/os/panic.c" 1
  24 0010 0FB6      		in  __tmp_reg__, __SREG__
  25 0012 F894      		cli
  26 0014 0F92      		push __tmp_reg__
  27               		
  28               	 ;  0 "" 2
  29               	/* #NOAPP */
  30 0016 8091 0000 		lds r24,__iob+2
  31 001a 9091 0000 		lds r25,(__iob+2)+1
  32 001e AF01      		movw r20,r30
  33 0020 0E94 0000 		call vfprintf
  34               	.L2:
  35 0024 00C0      		rjmp .L2
  36               		.size	NUTPANIC, .-NUTPANIC
GAS LISTING C:\DOCUME~1\ADMINI~1\LOCALS~1\Temp/ccxvESDv.s 			page 2


DEFINED SYMBOLS
                            *ABS*:00000000 panic.c
C:\DOCUME~1\ADMINI~1\LOCALS~1\Temp/ccxvESDv.s:2      *ABS*:0000003f __SREG__
C:\DOCUME~1\ADMINI~1\LOCALS~1\Temp/ccxvESDv.s:3      *ABS*:0000003e __SP_H__
C:\DOCUME~1\ADMINI~1\LOCALS~1\Temp/ccxvESDv.s:4      *ABS*:0000003d __SP_L__
C:\DOCUME~1\ADMINI~1\LOCALS~1\Temp/ccxvESDv.s:5      *ABS*:00000034 __CCP__
C:\DOCUME~1\ADMINI~1\LOCALS~1\Temp/ccxvESDv.s:6      *ABS*:00000000 __tmp_reg__
C:\DOCUME~1\ADMINI~1\LOCALS~1\Temp/ccxvESDv.s:7      *ABS*:00000001 __zero_reg__
C:\DOCUME~1\ADMINI~1\LOCALS~1\Temp/ccxvESDv.s:11     .text:00000000 NUTPANIC

UNDEFINED SYMBOLS
__iob
vfprintf
