GAS LISTING C:\DOCUME~1\ADMINI~1\LOCALS~1\Temp/cckdAl7X.s 			page 1


   1               		.file	"tracer.c"
   2               	__SREG__ = 0x3f
   3               	__SP_H__ = 0x3e
   4               	__SP_L__ = 0x3d
   5               	__CCP__  = 0x34
   6               	__tmp_reg__ = 0
   7               	__zero_reg__ = 1
   8               		.text
   9               		.type	NutTraceTimer1IRQ, @function
  10               	NutTraceTimer1IRQ:
  11               	/* prologue: function */
  12               	/* frame size = 0 */
  13 0000 8091 0000 		lds r24,micros_high
  14 0004 9091 0000 		lds r25,(micros_high)+1
  15 0008 0196      		adiw r24,1
  16 000a 9093 0000 		sts (micros_high)+1,r25
  17 000e 8093 0000 		sts micros_high,r24
  18               	/* epilogue start */
  19 0012 0895      		ret
  20               		.size	NutTraceTimer1IRQ, .-NutTraceTimer1IRQ
  21               	.global	NutTraceClear
  22               		.type	NutTraceClear, @function
  23               	NutTraceClear:
  24               	/* prologue: function */
  25               	/* frame size = 0 */
  26 0014 1092 0000 		sts trace_isfull,__zero_reg__
  27 0018 1092 0000 		sts (trace_head)+1,__zero_reg__
  28 001c 1092 0000 		sts trace_head,__zero_reg__
  29 0020 3091 0000 		lds r19,trace_mode
  30 0024 3323      		tst r19
  31 0026 01F4      		brne .+2
  32 0028 00C0      		rjmp .L6
  33 002a 2091 0000 		lds r18,trace_mask+8
  34 002e 2130      		cpi r18,lo8(1)
  35 0030 01F4      		brne .L6
  36               	/* #APP */
  37               	 ;  173 "../../nut/os/tracer.c" 1
  38 0032 0FB6      		in  __tmp_reg__, __SREG__
  39 0034 0F92      		push __tmp_reg__
  40 0036 F894      		cli
  41               		
  42               	 ;  0 "" 2
  43               	/* #NOAPP */
  44 0038 E091 0000 		lds r30,trace_items
  45 003c F091 0000 		lds r31,(trace_items)+1
  46 0040 F093 0000 		sts (trace_current)+1,r31
  47 0044 E093 0000 		sts trace_current,r30
  48 0048 81E0      		ldi r24,lo8(1)
  49 004a 90E0      		ldi r25,hi8(1)
  50 004c 9093 0000 		sts (trace_head)+1,r25
  51 0050 8093 0000 		sts trace_head,r24
  52 0054 88E0      		ldi r24,lo8(8)
  53 0056 8083      		st Z,r24
  54 0058 1282      		std Z+2,__zero_reg__
  55 005a 1182      		std Z+1,__zero_reg__
  56 005c 8091 0000 		lds r24,micros_high
  57 0060 9091 0000 		lds r25,(micros_high)+1
GAS LISTING C:\DOCUME~1\ADMINI~1\LOCALS~1\Temp/cckdAl7X.s 			page 2


  58 0064 9483      		std Z+4,r25
  59 0066 8383      		std Z+3,r24
  60 0068 8CB5      		in r24,76-32
  61 006a 9DB5      		in r25,(76)+1-32
  62 006c 9683      		std Z+6,r25
  63 006e 8583      		std Z+5,r24
  64 0070 8091 0000 		lds r24,trace_size
  65 0074 9091 0000 		lds r25,(trace_size)+1
  66 0078 0297      		sbiw r24,2
  67 007a 04F4      		brge .L5
  68 007c 2093 0000 		sts trace_isfull,r18
  69 0080 1092 0000 		sts (trace_head)+1,__zero_reg__
  70 0084 1092 0000 		sts trace_head,__zero_reg__
  71 0088 3230      		cpi r19,lo8(2)
  72 008a 01F4      		brne .L5
  73 008c 1092 0000 		sts trace_mode,__zero_reg__
  74               	.L5:
  75               	/* #APP */
  76               	 ;  173 "../../nut/os/tracer.c" 1
  77 0090 0F90      		pop __tmp_reg__
  78 0092 0FBE      		out __SREG__, __tmp_reg__
  79               		
  80               	 ;  0 "" 2
  81               	/* #NOAPP */
  82               	.L6:
  83 0094 0895      		ret
  84               		.size	NutTraceClear, .-NutTraceClear
  85               	.global	NutTraceStop
  86               		.type	NutTraceStop, @function
  87               	NutTraceStop:
  88               	/* prologue: function */
  89               	/* frame size = 0 */
  90 0096 8091 0000 		lds r24,trace_mode
  91 009a 8823      		tst r24
  92 009c 01F4      		brne .+2
  93 009e 00C0      		rjmp .L8
  94 00a0 4091 0000 		lds r20,trace_mask+9
  95 00a4 4130      		cpi r20,lo8(1)
  96 00a6 01F0      		breq .+2
  97 00a8 00C0      		rjmp .L8
  98               	/* #APP */
  99               	 ;  178 "../../nut/os/tracer.c" 1
 100 00aa 0FB6      		in  __tmp_reg__, __SREG__
 101 00ac 0F92      		push __tmp_reg__
 102 00ae F894      		cli
 103               		
 104               	 ;  0 "" 2
 105               	/* #NOAPP */
 106 00b0 2091 0000 		lds r18,trace_head
 107 00b4 3091 0000 		lds r19,(trace_head)+1
 108 00b8 C901      		movw r24,r18
 109 00ba 53E0      		ldi r21,3
 110 00bc 880F      	1:	lsl r24
 111 00be 991F      		rol r25
 112 00c0 5A95      		dec r21
 113 00c2 01F4      		brne 1b
 114 00c4 821B      		sub r24,r18
GAS LISTING C:\DOCUME~1\ADMINI~1\LOCALS~1\Temp/cckdAl7X.s 			page 3


 115 00c6 930B      		sbc r25,r19
 116 00c8 E091 0000 		lds r30,trace_items
 117 00cc F091 0000 		lds r31,(trace_items)+1
 118 00d0 E80F      		add r30,r24
 119 00d2 F91F      		adc r31,r25
 120 00d4 F093 0000 		sts (trace_current)+1,r31
 121 00d8 E093 0000 		sts trace_current,r30
 122 00dc 2F5F      		subi r18,lo8(-(1))
 123 00de 3F4F      		sbci r19,hi8(-(1))
 124 00e0 3093 0000 		sts (trace_head)+1,r19
 125 00e4 2093 0000 		sts trace_head,r18
 126 00e8 89E0      		ldi r24,lo8(9)
 127 00ea 8083      		st Z,r24
 128 00ec 1282      		std Z+2,__zero_reg__
 129 00ee 1182      		std Z+1,__zero_reg__
 130 00f0 8091 0000 		lds r24,micros_high
 131 00f4 9091 0000 		lds r25,(micros_high)+1
 132 00f8 9483      		std Z+4,r25
 133 00fa 8383      		std Z+3,r24
 134 00fc 8CB5      		in r24,76-32
 135 00fe 9DB5      		in r25,(76)+1-32
 136 0100 9683      		std Z+6,r25
 137 0102 8583      		std Z+5,r24
 138 0104 8091 0000 		lds r24,trace_size
 139 0108 9091 0000 		lds r25,(trace_size)+1
 140 010c 2817      		cp r18,r24
 141 010e 3907      		cpc r19,r25
 142 0110 04F0      		brlt .L9
 143 0112 4093 0000 		sts trace_isfull,r20
 144 0116 1092 0000 		sts (trace_head)+1,__zero_reg__
 145 011a 1092 0000 		sts trace_head,__zero_reg__
 146               	.L9:
 147               	/* #APP */
 148               	 ;  178 "../../nut/os/tracer.c" 1
 149 011e 0F90      		pop __tmp_reg__
 150 0120 0FBE      		out __SREG__, __tmp_reg__
 151               		
 152               	 ;  0 "" 2
 153               	/* #NOAPP */
 154               	.L8:
 155 0122 1092 0000 		sts trace_mode,__zero_reg__
 156               	/* epilogue start */
 157 0126 0895      		ret
 158               		.size	NutTraceStop, .-NutTraceStop
 159               	.global	NutTraceGetPC
 160               		.type	NutTraceGetPC, @function
 161               	NutTraceGetPC:
 162               	/* prologue: function */
 163               	/* frame size = 0 */
 164 0128 EDB7      		in r30,93-32
 165 012a FEB7      		in r31,(93)+1-32
 166 012c 8181      		ldd r24,Z+1
 167 012e 9927      		clr r25
 168 0130 87FD      		sbrc r24,7
 169 0132 9095      		com r25
 170 0134 982F      		mov r25,r24
 171 0136 8827      		clr r24
GAS LISTING C:\DOCUME~1\ADMINI~1\LOCALS~1\Temp/cckdAl7X.s 			page 4


 172 0138 EDB7      		in r30,93-32
 173 013a FEB7      		in r31,(93)+1-32
 174 013c 2281      		ldd r18,Z+2
 175 013e 30E0      		ldi r19,lo8(0)
 176 0140 282B      		or r18,r24
 177 0142 392B      		or r19,r25
 178 0144 220F      		lsl r18
 179 0146 331F      		rol r19
 180 0148 C901      		movw r24,r18
 181               	/* epilogue start */
 182 014a 0895      		ret
 183               		.size	NutTraceGetPC, .-NutTraceGetPC
 184               	.global	NutTraceMaskSet
 185               		.type	NutTraceMaskSet, @function
 186               	NutTraceMaskSet:
 187               	/* prologue: function */
 188               	/* frame size = 0 */
 189 014c FC01      		movw r30,r24
 190 014e 8B30      		cpi r24,11
 191 0150 9105      		cpc r25,__zero_reg__
 192 0152 04F4      		brge .L15
 193 0154 E050      		subi r30,lo8(-(trace_mask))
 194 0156 F040      		sbci r31,hi8(-(trace_mask))
 195 0158 81E0      		ldi r24,lo8(1)
 196 015a 8083      		st Z,r24
 197               	.L15:
 198 015c 0895      		ret
 199               		.size	NutTraceMaskSet, .-NutTraceMaskSet
 200               	.global	NutTraceMaskClear
 201               		.type	NutTraceMaskClear, @function
 202               	NutTraceMaskClear:
 203               	/* prologue: function */
 204               	/* frame size = 0 */
 205 015e FC01      		movw r30,r24
 206 0160 8B30      		cpi r24,11
 207 0162 9105      		cpc r25,__zero_reg__
 208 0164 04F4      		brge .L18
 209 0166 E050      		subi r30,lo8(-(trace_mask))
 210 0168 F040      		sbci r31,hi8(-(trace_mask))
 211 016a 1082      		st Z,__zero_reg__
 212               	.L18:
 213 016c 0895      		ret
 214               		.size	NutTraceMaskClear, .-NutTraceMaskClear
 215               	.global	NutTraceRegisterUserTag
 216               		.type	NutTraceRegisterUserTag, @function
 217               	NutTraceRegisterUserTag:
 218               	/* prologue: function */
 219               	/* frame size = 0 */
 220 016e 9C01      		movw r18,r24
 221 0170 8A30      		cpi r24,10
 222 0172 9105      		cpc r25,__zero_reg__
 223 0174 04F0      		brlt .L20
 224 0176 2FEF      		ldi r18,lo8(-1)
 225 0178 3FEF      		ldi r19,hi8(-1)
 226 017a 00C0      		rjmp .L21
 227               	.L20:
 228 017c FC01      		movw r30,r24
GAS LISTING C:\DOCUME~1\ADMINI~1\LOCALS~1\Temp/cckdAl7X.s 			page 5


 229 017e EE0F      		lsl r30
 230 0180 FF1F      		rol r31
 231 0182 E050      		subi r30,lo8(-(user_string))
 232 0184 F040      		sbci r31,hi8(-(user_string))
 233 0186 7183      		std Z+1,r23
 234 0188 6083      		st Z,r22
 235               	.L21:
 236 018a C901      		movw r24,r18
 237               	/* epilogue start */
 238 018c 0895      		ret
 239               		.size	NutTraceRegisterUserTag, .-NutTraceRegisterUserTag
 240               		.data
 241               	.LC0:
 242 0000 5452 4143 		.string	"TRACEMASK"
 242      454D 4153 
 242      4B00 
 243               	.LC1:
 244 000a 2025 6420 		.string	" %d %s "
 244      2573 2000 
 245               	.LC2:
 246 0012 4F4E 00   		.string	"ON"
 247               	.LC3:
 248 0015 4F46 4600 		.string	"OFF"
 249               		.text
 250               	.global	NutTraceMaskPrint
 251               		.type	NutTraceMaskPrint, @function
 252               	NutTraceMaskPrint:
 253 018e EF92      		push r14
 254 0190 FF92      		push r15
 255 0192 0F93      		push r16
 256 0194 1F93      		push r17
 257 0196 CF93      		push r28
 258 0198 DF93      		push r29
 259               	/* prologue: function */
 260               	/* frame size = 0 */
 261 019a 80E0      		ldi r24,lo8(.LC0)
 262 019c 90E0      		ldi r25,hi8(.LC0)
 263 019e 0E94 0000 		call puts
 264 01a2 00E0      		ldi r16,lo8(tag_string)
 265 01a4 10E0      		ldi r17,hi8(tag_string)
 266 01a6 C0E0      		ldi r28,lo8(0)
 267 01a8 D0E0      		ldi r29,hi8(0)
 268 01aa B0E0      		ldi r27,lo8(.LC1)
 269 01ac EB2E      		mov r14,r27
 270 01ae B0E0      		ldi r27,hi8(.LC1)
 271 01b0 FB2E      		mov r15,r27
 272               	.L26:
 273 01b2 00D0      		rcall .
 274 01b4 00D0      		rcall .
 275 01b6 00D0      		rcall .
 276 01b8 EDB7      		in r30,__SP_L__
 277 01ba FEB7      		in r31,__SP_H__
 278 01bc 3196      		adiw r30,1
 279 01be ADB7      		in r26,__SP_L__
 280 01c0 BEB7      		in r27,__SP_H__
 281 01c2 1296      		adiw r26,1+1
 282 01c4 FC92      		st X,r15
GAS LISTING C:\DOCUME~1\ADMINI~1\LOCALS~1\Temp/cckdAl7X.s 			page 6


 283 01c6 EE92      		st -X,r14
 284 01c8 1197      		sbiw r26,1
 285 01ca D383      		std Z+3,r29
 286 01cc C283      		std Z+2,r28
 287 01ce D801      		movw r26,r16
 288 01d0 8D91      		ld r24,X+
 289 01d2 9C91      		ld r25,X
 290 01d4 9583      		std Z+5,r25
 291 01d6 8483      		std Z+4,r24
 292 01d8 0E94 0000 		call printf
 293 01dc FE01      		movw r30,r28
 294 01de E050      		subi r30,lo8(-(trace_mask))
 295 01e0 F040      		sbci r31,hi8(-(trace_mask))
 296 01e2 8DB7      		in r24,__SP_L__
 297 01e4 9EB7      		in r25,__SP_H__
 298 01e6 0696      		adiw r24,6
 299 01e8 0FB6      		in __tmp_reg__,__SREG__
 300 01ea F894      		cli
 301 01ec 9EBF      		out __SP_H__,r25
 302 01ee 0FBE      		out __SREG__,__tmp_reg__
 303 01f0 8DBF      		out __SP_L__,r24
 304 01f2 8081      		ld r24,Z
 305 01f4 8823      		tst r24
 306 01f6 01F0      		breq .L24
 307 01f8 80E0      		ldi r24,lo8(.LC2)
 308 01fa 90E0      		ldi r25,hi8(.LC2)
 309 01fc 00C0      		rjmp .L29
 310               	.L24:
 311 01fe 80E0      		ldi r24,lo8(.LC3)
 312 0200 90E0      		ldi r25,hi8(.LC3)
 313               	.L29:
 314 0202 0E94 0000 		call puts
 315 0206 2196      		adiw r28,1
 316 0208 0E5F      		subi r16,lo8(-(2))
 317 020a 1F4F      		sbci r17,hi8(-(2))
 318 020c CB30      		cpi r28,11
 319 020e D105      		cpc r29,__zero_reg__
 320 0210 01F4      		brne .L26
 321               	/* epilogue start */
 322 0212 DF91      		pop r29
 323 0214 CF91      		pop r28
 324 0216 1F91      		pop r17
 325 0218 0F91      		pop r16
 326 021a FF90      		pop r15
 327 021c EF90      		pop r14
 328 021e 0895      		ret
 329               		.size	NutTraceMaskPrint, .-NutTraceMaskPrint
 330               		.data
 331               	.LC4:
 332 0019 0A54 5241 		.string	"\nTRACE"
 332      4345 00
 333               	.LC5:
 334 0020 206E 6F74 		.string	" not initialized!\n"
 334      2069 6E69 
 334      7469 616C 
 334      697A 6564 
 334      210A 00
GAS LISTING C:\DOCUME~1\ADMINI~1\LOCALS~1\Temp/cckdAl7X.s 			page 7


 335               	.LC6:
 336 0033 2063 6F6E 		.string	" contains %d items, "
 336      7461 696E 
 336      7320 2564 
 336      2069 7465 
 336      6D73 2C20 
 337               	.LC7:
 338 0048 2070 7269 		.string	" printing %d items.\n"
 338      6E74 696E 
 338      6720 2564 
 338      2069 7465 
 338      6D73 2E0A 
 339               	.LC8:
 340 005d 252D 3230 		.string	"%-20s%-12s%-12s\n"
 340      7325 2D31 
 340      3273 252D 
 340      3132 730A 
 340      00
 341               	.LC9:
 342 006e 5441 4700 		.string	"TAG"
 343               	.LC10:
 344 0072 5043 2F49 		.string	"PC/Info"
 344      6E66 6F00 
 345               	.LC11:
 346 007a 5469 6D65 		.string	"Time [s:ms:us]"
 346      205B 733A 
 346      6D73 3A75 
 346      735D 00
 347               	.LC12:
 348 0089 2D2D 2D2D 		.string	"-----------------------------------------------"
 348      2D2D 2D2D 
 348      2D2D 2D2D 
 348      2D2D 2D2D 
 348      2D2D 2D2D 
 349               	.LC13:
 350 00b9 252D 3230 		.string	"%-20s%-15s%7u:%03u:%03u\n"
 350      7325 2D31 
 350      3573 2537 
 350      753A 2530 
 350      3375 3A25 
 351               	.LC14:
 352 00d2 252D 3230 		.string	"%-20s%-#15x%7u:%03u:%03u\n"
 352      7325 2D23 
 352      3135 7825 
 352      3775 3A25 
 352      3033 753A 
 353               		.text
 354               	.global	NutTracePrint
 355               		.type	NutTracePrint, @function
 356               	NutTracePrint:
 357 0220 2F92      		push r2
 358 0222 3F92      		push r3
 359 0224 4F92      		push r4
 360 0226 5F92      		push r5
 361 0228 6F92      		push r6
 362 022a 7F92      		push r7
 363 022c 8F92      		push r8
GAS LISTING C:\DOCUME~1\ADMINI~1\LOCALS~1\Temp/cckdAl7X.s 			page 8


 364 022e 9F92      		push r9
 365 0230 AF92      		push r10
 366 0232 BF92      		push r11
 367 0234 CF92      		push r12
 368 0236 DF92      		push r13
 369 0238 EF92      		push r14
 370 023a FF92      		push r15
 371 023c 0F93      		push r16
 372 023e 1F93      		push r17
 373 0240 DF93      		push r29
 374 0242 CF93      		push r28
 375 0244 00D0      		rcall .
 376 0246 00D0      		rcall .
 377 0248 0F92      		push __tmp_reg__
 378 024a CDB7      		in r28,__SP_L__
 379 024c DEB7      		in r29,__SP_H__
 380               	/* prologue: function */
 381               	/* frame size = 5 */
 382 024e 6C01      		movw r12,r24
 383 0250 2091 0000 		lds r18,trace_mode
 384 0254 2B83      		std Y+3,r18
 385 0256 1092 0000 		sts trace_mode,__zero_reg__
 386 025a 00D0      		rcall .
 387 025c 80E0      		ldi r24,lo8(.LC4)
 388 025e 90E0      		ldi r25,hi8(.LC4)
 389 0260 ADB7      		in r26,__SP_L__
 390 0262 BEB7      		in r27,__SP_H__
 391 0264 1296      		adiw r26,1+1
 392 0266 9C93      		st X,r25
 393 0268 8E93      		st -X,r24
 394 026a 1197      		sbiw r26,1
 395 026c 0E94 0000 		call printf
 396 0270 2091 0000 		lds r18,trace_size
 397 0274 3091 0000 		lds r19,(trace_size)+1
 398 0278 0F90      		pop __tmp_reg__
 399 027a 0F90      		pop __tmp_reg__
 400 027c 2115      		cp r18,__zero_reg__
 401 027e 3105      		cpc r19,__zero_reg__
 402 0280 01F4      		brne .L31
 403 0282 80E0      		ldi r24,lo8(.LC5)
 404 0284 90E0      		ldi r25,hi8(.LC5)
 405 0286 0E94 0000 		call puts
 406 028a 00C0      		rjmp .L48
 407               	.L31:
 408 028c 8091 0000 		lds r24,trace_isfull
 409 0290 8823      		tst r24
 410 0292 01F4      		brne .L33
 411 0294 2091 0000 		lds r18,trace_head
 412 0298 3091 0000 		lds r19,(trace_head)+1
 413               	.L33:
 414 029c 00D0      		rcall .
 415 029e 00D0      		rcall .
 416 02a0 80E0      		ldi r24,lo8(.LC6)
 417 02a2 90E0      		ldi r25,hi8(.LC6)
 418 02a4 EDB7      		in r30,__SP_L__
 419 02a6 FEB7      		in r31,__SP_H__
 420 02a8 9283      		std Z+2,r25
GAS LISTING C:\DOCUME~1\ADMINI~1\LOCALS~1\Temp/cckdAl7X.s 			page 9


 421 02aa 8183      		std Z+1,r24
 422 02ac 3483      		std Z+4,r19
 423 02ae 2383      		std Z+3,r18
 424 02b0 0E94 0000 		call printf
 425 02b4 0F90      		pop __tmp_reg__
 426 02b6 0F90      		pop __tmp_reg__
 427 02b8 0F90      		pop __tmp_reg__
 428 02ba 0F90      		pop __tmp_reg__
 429 02bc C114      		cp r12,__zero_reg__
 430 02be D104      		cpc r13,__zero_reg__
 431 02c0 01F4      		brne .L34
 432 02c2 C090 0000 		lds r12,trace_size
 433 02c6 D090 0000 		lds r13,(trace_size)+1
 434               	.L34:
 435 02ca 8091 0000 		lds r24,trace_isfull
 436 02ce 8823      		tst r24
 437 02d0 01F0      		breq .L35
 438 02d2 8091 0000 		lds r24,trace_size
 439 02d6 9091 0000 		lds r25,(trace_size)+1
 440 02da 00C0      		rjmp .L51
 441               	.L35:
 442 02dc 8091 0000 		lds r24,trace_head
 443 02e0 9091 0000 		lds r25,(trace_head)+1
 444               	.L51:
 445 02e4 8C15      		cp r24,r12
 446 02e6 9D05      		cpc r25,r13
 447 02e8 04F4      		brge .L37
 448 02ea 6C01      		movw r12,r24
 449               	.L37:
 450 02ec 00D0      		rcall .
 451 02ee 00D0      		rcall .
 452 02f0 80E0      		ldi r24,lo8(.LC7)
 453 02f2 90E0      		ldi r25,hi8(.LC7)
 454 02f4 ADB7      		in r26,__SP_L__
 455 02f6 BEB7      		in r27,__SP_H__
 456 02f8 1296      		adiw r26,1+1
 457 02fa 9C93      		st X,r25
 458 02fc 8E93      		st -X,r24
 459 02fe 1197      		sbiw r26,1
 460 0300 1496      		adiw r26,3+1
 461 0302 DC92      		st X,r13
 462 0304 CE92      		st -X,r12
 463 0306 1397      		sbiw r26,3
 464 0308 0E94 0000 		call printf
 465 030c 00D0      		rcall .
 466 030e 00D0      		rcall .
 467 0310 EDB7      		in r30,__SP_L__
 468 0312 FEB7      		in r31,__SP_H__
 469 0314 3196      		adiw r30,1
 470 0316 80E0      		ldi r24,lo8(.LC8)
 471 0318 90E0      		ldi r25,hi8(.LC8)
 472 031a ADB7      		in r26,__SP_L__
 473 031c BEB7      		in r27,__SP_H__
 474 031e 1296      		adiw r26,1+1
 475 0320 9C93      		st X,r25
 476 0322 8E93      		st -X,r24
 477 0324 1197      		sbiw r26,1
GAS LISTING C:\DOCUME~1\ADMINI~1\LOCALS~1\Temp/cckdAl7X.s 			page 10


 478 0326 80E0      		ldi r24,lo8(.LC9)
 479 0328 90E0      		ldi r25,hi8(.LC9)
 480 032a 9383      		std Z+3,r25
 481 032c 8283      		std Z+2,r24
 482 032e 80E0      		ldi r24,lo8(.LC10)
 483 0330 90E0      		ldi r25,hi8(.LC10)
 484 0332 9583      		std Z+5,r25
 485 0334 8483      		std Z+4,r24
 486 0336 80E0      		ldi r24,lo8(.LC11)
 487 0338 90E0      		ldi r25,hi8(.LC11)
 488 033a 9783      		std Z+7,r25
 489 033c 8683      		std Z+6,r24
 490 033e 0E94 0000 		call printf
 491 0342 EDB7      		in r30,__SP_L__
 492 0344 FEB7      		in r31,__SP_H__
 493 0346 3896      		adiw r30,8
 494 0348 0FB6      		in __tmp_reg__,__SREG__
 495 034a F894      		cli
 496 034c FEBF      		out __SP_H__,r31
 497 034e 0FBE      		out __SREG__,__tmp_reg__
 498 0350 EDBF      		out __SP_L__,r30
 499 0352 80E0      		ldi r24,lo8(.LC12)
 500 0354 90E0      		ldi r25,hi8(.LC12)
 501 0356 0E94 0000 		call puts
 502 035a 2601      		movw r4,r12
 503 035c 00C0      		rjmp .L46
 504               	.L47:
 505 035e 2091 0000 		lds r18,trace_head
 506 0362 3091 0000 		lds r19,(trace_head)+1
 507 0366 2150      		subi r18,lo8(-(-1))
 508 0368 3040      		sbci r19,hi8(-(-1))
 509 036a 2419      		sub r18,r4
 510 036c 3509      		sbc r19,r5
 511 036e 37FF      		sbrs r19,7
 512 0370 00C0      		rjmp .L40
 513 0372 8091 0000 		lds r24,trace_size
 514 0376 9091 0000 		lds r25,(trace_size)+1
 515 037a 280F      		add r18,r24
 516 037c 391F      		adc r19,r25
 517               	.L40:
 518 037e C901      		movw r24,r18
 519 0380 63E0      		ldi r22,3
 520 0382 880F      	1:	lsl r24
 521 0384 991F      		rol r25
 522 0386 6A95      		dec r22
 523 0388 01F4      		brne 1b
 524 038a 821B      		sub r24,r18
 525 038c 930B      		sbc r25,r19
 526 038e 2091 0000 		lds r18,trace_items
 527 0392 3091 0000 		lds r19,(trace_items)+1
 528 0396 280F      		add r18,r24
 529 0398 391F      		adc r19,r25
 530 039a 3D83      		std Y+5,r19
 531 039c 2C83      		std Y+4,r18
 532 039e D901      		movw r26,r18
 533 03a0 1396      		adiw r26,3
 534 03a2 ED90      		ld r14,X+
GAS LISTING C:\DOCUME~1\ADMINI~1\LOCALS~1\Temp/cckdAl7X.s 			page 11


 535 03a4 FC90      		ld r15,X
 536 03a6 1497      		sbiw r26,3+1
 537 03a8 00E0      		ldi r16,lo8(0)
 538 03aa 10E0      		ldi r17,hi8(0)
 539 03ac 8701      		movw r16,r14
 540 03ae FF24      		clr r15
 541 03b0 EE24      		clr r14
 542 03b2 1596      		adiw r26,5
 543 03b4 8D91      		ld r24,X+
 544 03b6 9C91      		ld r25,X
 545 03b8 1697      		sbiw r26,5+1
 546 03ba A0E0      		ldi r26,lo8(0)
 547 03bc B0E0      		ldi r27,hi8(0)
 548 03be E82A      		or r14,r24
 549 03c0 F92A      		or r15,r25
 550 03c2 0A2B      		or r16,r26
 551 03c4 1B2B      		or r17,r27
 552 03c6 C801      		movw r24,r16
 553 03c8 B701      		movw r22,r14
 554 03ca 28EE      		ldi r18,lo8(1000)
 555 03cc 33E0      		ldi r19,hi8(1000)
 556 03ce 40E0      		ldi r20,hlo8(1000)
 557 03d0 50E0      		ldi r21,hhi8(1000)
 558 03d2 0E94 0000 		call __udivmodsi4
 559 03d6 3B01      		movw r6,r22
 560 03d8 4C01      		movw r8,r24
 561 03da 7A83      		std Y+2,r23
 562 03dc 6983      		std Y+1,r22
 563 03de C801      		movw r24,r16
 564 03e0 B701      		movw r22,r14
 565 03e2 28EE      		ldi r18,lo8(1000)
 566 03e4 33E0      		ldi r19,hi8(1000)
 567 03e6 40E0      		ldi r20,hlo8(1000)
 568 03e8 50E0      		ldi r21,hhi8(1000)
 569 03ea 0E94 0000 		call __udivmodsi4
 570 03ee CA01      		movw r24,r20
 571 03f0 B901      		movw r22,r18
 572 03f2 28EE      		ldi r18,lo8(1000)
 573 03f4 33E0      		ldi r19,hi8(1000)
 574 03f6 40E0      		ldi r20,hlo8(1000)
 575 03f8 50E0      		ldi r21,hhi8(1000)
 576 03fa 0E94 0000 		call __udivmodsi4
 577 03fe 5B01      		movw r10,r22
 578 0400 6C01      		movw r12,r24
 579 0402 1B01      		movw r2,r22
 580 0404 C801      		movw r24,r16
 581 0406 B701      		movw r22,r14
 582 0408 20E4      		ldi r18,lo8(1000000)
 583 040a 32E4      		ldi r19,hi8(1000000)
 584 040c 4FE0      		ldi r20,hlo8(1000000)
 585 040e 50E0      		ldi r21,hhi8(1000000)
 586 0410 0E94 0000 		call __udivmodsi4
 587 0414 B901      		movw r22,r18
 588 0416 AC81      		ldd r26,Y+4
 589 0418 BD81      		ldd r27,Y+5
 590 041a EC91      		ld r30,X
 591 041c E830      		cpi r30,lo8(8)
GAS LISTING C:\DOCUME~1\ADMINI~1\LOCALS~1\Temp/cckdAl7X.s 			page 12


 592 041e 00F4      		brsh .L45
 593 0420 E630      		cpi r30,lo8(6)
 594 0422 00F4      		brsh .L43
 595 0424 E230      		cpi r30,lo8(2)
 596 0426 00F4      		brsh .+2
 597 0428 00C0      		rjmp .L41
 598 042a 00C0      		rjmp .L54
 599               	.L45:
 600 042c EA30      		cpi r30,lo8(10)
 601 042e 01F0      		breq .+2
 602 0430 00C0      		rjmp .L41
 603 0432 00C0      		rjmp .L55
 604               	.L54:
 605 0434 8DB7      		in r24,__SP_L__
 606 0436 9EB7      		in r25,__SP_H__
 607 0438 0C97      		sbiw r24,12
 608 043a 0FB6      		in __tmp_reg__,__SREG__
 609 043c F894      		cli
 610 043e 9EBF      		out __SP_H__,r25
 611 0440 0FBE      		out __SREG__,__tmp_reg__
 612 0442 8DBF      		out __SP_L__,r24
 613 0444 6DB7      		in r22,__SP_L__
 614 0446 7EB7      		in r23,__SP_H__
 615 0448 6F5F      		subi r22,lo8(-(1))
 616 044a 7F4F      		sbci r23,hi8(-(1))
 617 044c 80E0      		ldi r24,lo8(.LC13)
 618 044e 90E0      		ldi r25,hi8(.LC13)
 619 0450 ADB7      		in r26,__SP_L__
 620 0452 BEB7      		in r27,__SP_H__
 621 0454 1296      		adiw r26,1+1
 622 0456 9C93      		st X,r25
 623 0458 8E93      		st -X,r24
 624 045a 1197      		sbiw r26,1
 625 045c F0E0      		ldi r31,lo8(0)
 626 045e EE0F      		lsl r30
 627 0460 FF1F      		rol r31
 628 0462 E050      		subi r30,lo8(-(tag_string))
 629 0464 F040      		sbci r31,hi8(-(tag_string))
 630 0466 8081      		ld r24,Z
 631 0468 9181      		ldd r25,Z+1
 632 046a DB01      		movw r26,r22
 633 046c 1396      		adiw r26,2+1
 634 046e 9C93      		st X,r25
 635 0470 8E93      		st -X,r24
 636 0472 1297      		sbiw r26,2
 637 0474 EC81      		ldd r30,Y+4
 638 0476 FD81      		ldd r31,Y+5
 639 0478 8181      		ldd r24,Z+1
 640 047a 9281      		ldd r25,Z+2
 641 047c 0696      		adiw r24,6
 642 047e 00C0      		rjmp .L53
 643               	.L43:
 644 0480 8DB7      		in r24,__SP_L__
 645 0482 9EB7      		in r25,__SP_H__
 646 0484 0C97      		sbiw r24,12
 647 0486 0FB6      		in __tmp_reg__,__SREG__
 648 0488 F894      		cli
GAS LISTING C:\DOCUME~1\ADMINI~1\LOCALS~1\Temp/cckdAl7X.s 			page 13


 649 048a 9EBF      		out __SP_H__,r25
 650 048c 0FBE      		out __SREG__,__tmp_reg__
 651 048e 8DBF      		out __SP_L__,r24
 652 0490 6DB7      		in r22,__SP_L__
 653 0492 7EB7      		in r23,__SP_H__
 654 0494 6F5F      		subi r22,lo8(-(1))
 655 0496 7F4F      		sbci r23,hi8(-(1))
 656 0498 80E0      		ldi r24,lo8(.LC13)
 657 049a 90E0      		ldi r25,hi8(.LC13)
 658 049c ADB7      		in r26,__SP_L__
 659 049e BEB7      		in r27,__SP_H__
 660 04a0 1296      		adiw r26,1+1
 661 04a2 9C93      		st X,r25
 662 04a4 8E93      		st -X,r24
 663 04a6 1197      		sbiw r26,1
 664 04a8 F0E0      		ldi r31,lo8(0)
 665 04aa EE0F      		lsl r30
 666 04ac FF1F      		rol r31
 667 04ae E050      		subi r30,lo8(-(tag_string))
 668 04b0 F040      		sbci r31,hi8(-(tag_string))
 669 04b2 8081      		ld r24,Z
 670 04b4 9181      		ldd r25,Z+1
 671 04b6 DB01      		movw r26,r22
 672 04b8 1396      		adiw r26,2+1
 673 04ba 9C93      		st X,r25
 674 04bc 8E93      		st -X,r24
 675 04be 1297      		sbiw r26,2
 676 04c0 AC81      		ldd r26,Y+4
 677 04c2 BD81      		ldd r27,Y+5
 678 04c4 1196      		adiw r26,1
 679 04c6 ED91      		ld r30,X+
 680 04c8 FC91      		ld r31,X
 681 04ca 1297      		sbiw r26,1+1
 682 04cc EE0F      		lsl r30
 683 04ce FF1F      		rol r31
 684 04d0 E050      		subi r30,lo8(-(int_string))
 685 04d2 F040      		sbci r31,hi8(-(int_string))
 686 04d4 8081      		ld r24,Z
 687 04d6 9181      		ldd r25,Z+1
 688 04d8 FB01      		movw r30,r22
 689 04da 9583      		std Z+5,r25
 690 04dc 8483      		std Z+4,r24
 691 04de 3783      		std Z+7,r19
 692 04e0 2683      		std Z+6,r18
 693 04e2 B186      		std Z+9,r11
 694 04e4 A086      		std Z+8,r10
 695 04e6 7386      		std Z+11,r7
 696 04e8 6286      		std Z+10,r6
 697               	.L52:
 698 04ea 0E94 0000 		call printf
 699 04ee 2DB7      		in r18,__SP_L__
 700 04f0 3EB7      		in r19,__SP_H__
 701 04f2 245F      		subi r18,lo8(-(12))
 702 04f4 3F4F      		sbci r19,hi8(-(12))
 703 04f6 0FB6      		in __tmp_reg__,__SREG__
 704 04f8 F894      		cli
 705 04fa 3EBF      		out __SP_H__,r19
GAS LISTING C:\DOCUME~1\ADMINI~1\LOCALS~1\Temp/cckdAl7X.s 			page 14


 706 04fc 0FBE      		out __SREG__,__tmp_reg__
 707 04fe 2DBF      		out __SP_L__,r18
 708 0500 00C0      		rjmp .L46
 709               	.L55:
 710 0502 8DB7      		in r24,__SP_L__
 711 0504 9EB7      		in r25,__SP_H__
 712 0506 0C97      		sbiw r24,12
 713 0508 0FB6      		in __tmp_reg__,__SREG__
 714 050a F894      		cli
 715 050c 9EBF      		out __SP_H__,r25
 716 050e 0FBE      		out __SREG__,__tmp_reg__
 717 0510 8DBF      		out __SP_L__,r24
 718 0512 ADB7      		in r26,__SP_L__
 719 0514 BEB7      		in r27,__SP_H__
 720 0516 1196      		adiw r26,1
 721 0518 80E0      		ldi r24,lo8(.LC13)
 722 051a 90E0      		ldi r25,hi8(.LC13)
 723 051c EDB7      		in r30,__SP_L__
 724 051e FEB7      		in r31,__SP_H__
 725 0520 9283      		std Z+2,r25
 726 0522 8183      		std Z+1,r24
 727 0524 8091 0000 		lds r24,tag_string+20
 728 0528 9091 0000 		lds r25,(tag_string+20)+1
 729 052c 1396      		adiw r26,2+1
 730 052e 9C93      		st X,r25
 731 0530 8E93      		st -X,r24
 732 0532 1297      		sbiw r26,2
 733 0534 EC81      		ldd r30,Y+4
 734 0536 FD81      		ldd r31,Y+5
 735 0538 8181      		ldd r24,Z+1
 736 053a 9281      		ldd r25,Z+2
 737 053c 880F      		lsl r24
 738 053e 991F      		rol r25
 739 0540 8050      		subi r24,lo8(-(user_string))
 740 0542 9040      		sbci r25,hi8(-(user_string))
 741 0544 FC01      		movw r30,r24
 742 0546 8081      		ld r24,Z
 743 0548 9181      		ldd r25,Z+1
 744               	.L53:
 745 054a 1596      		adiw r26,4+1
 746 054c 9C93      		st X,r25
 747 054e 8E93      		st -X,r24
 748 0550 1497      		sbiw r26,4
 749 0552 1796      		adiw r26,6+1
 750 0554 3C93      		st X,r19
 751 0556 2E93      		st -X,r18
 752 0558 1697      		sbiw r26,6
 753 055a 1996      		adiw r26,8+1
 754 055c BC92      		st X,r11
 755 055e AE92      		st -X,r10
 756 0560 1897      		sbiw r26,8
 757 0562 1B96      		adiw r26,10+1
 758 0564 7C92      		st X,r7
 759 0566 6E92      		st -X,r6
 760 0568 1A97      		sbiw r26,10
 761 056a 00C0      		rjmp .L52
 762               	.L41:
GAS LISTING C:\DOCUME~1\ADMINI~1\LOCALS~1\Temp/cckdAl7X.s 			page 15


 763 056c 8DB7      		in r24,__SP_L__
 764 056e 9EB7      		in r25,__SP_H__
 765 0570 0C97      		sbiw r24,12
 766 0572 0FB6      		in __tmp_reg__,__SREG__
 767 0574 F894      		cli
 768 0576 9EBF      		out __SP_H__,r25
 769 0578 0FBE      		out __SREG__,__tmp_reg__
 770 057a 8DBF      		out __SP_L__,r24
 771 057c 2DB7      		in r18,__SP_L__
 772 057e 3EB7      		in r19,__SP_H__
 773 0580 2F5F      		subi r18,lo8(-(1))
 774 0582 3F4F      		sbci r19,hi8(-(1))
 775 0584 80E0      		ldi r24,lo8(.LC14)
 776 0586 90E0      		ldi r25,hi8(.LC14)
 777 0588 ADB7      		in r26,__SP_L__
 778 058a BEB7      		in r27,__SP_H__
 779 058c 1296      		adiw r26,1+1
 780 058e 9C93      		st X,r25
 781 0590 8E93      		st -X,r24
 782 0592 1197      		sbiw r26,1
 783 0594 F0E0      		ldi r31,lo8(0)
 784 0596 EE0F      		lsl r30
 785 0598 FF1F      		rol r31
 786 059a E050      		subi r30,lo8(-(tag_string))
 787 059c F040      		sbci r31,hi8(-(tag_string))
 788 059e 8081      		ld r24,Z
 789 05a0 9181      		ldd r25,Z+1
 790 05a2 D901      		movw r26,r18
 791 05a4 1396      		adiw r26,2+1
 792 05a6 9C93      		st X,r25
 793 05a8 8E93      		st -X,r24
 794 05aa 1297      		sbiw r26,2
 795 05ac EC81      		ldd r30,Y+4
 796 05ae FD81      		ldd r31,Y+5
 797 05b0 8181      		ldd r24,Z+1
 798 05b2 9281      		ldd r25,Z+2
 799 05b4 1596      		adiw r26,4+1
 800 05b6 9C93      		st X,r25
 801 05b8 8E93      		st -X,r24
 802 05ba 1497      		sbiw r26,4
 803 05bc 1796      		adiw r26,6+1
 804 05be 7C93      		st X,r23
 805 05c0 6E93      		st -X,r22
 806 05c2 1697      		sbiw r26,6
 807 05c4 1996      		adiw r26,8+1
 808 05c6 3C92      		st X,r3
 809 05c8 2E92      		st -X,r2
 810 05ca 1897      		sbiw r26,8
 811 05cc 8981      		ldd r24,Y+1
 812 05ce 9A81      		ldd r25,Y+2
 813 05d0 1B96      		adiw r26,10+1
 814 05d2 9C93      		st X,r25
 815 05d4 8E93      		st -X,r24
 816 05d6 1A97      		sbiw r26,10
 817 05d8 0E94 0000 		call printf
 818 05dc ADB7      		in r26,__SP_L__
 819 05de BEB7      		in r27,__SP_H__
GAS LISTING C:\DOCUME~1\ADMINI~1\LOCALS~1\Temp/cckdAl7X.s 			page 16


 820 05e0 1C96      		adiw r26,12
 821 05e2 0FB6      		in __tmp_reg__,__SREG__
 822 05e4 F894      		cli
 823 05e6 BEBF      		out __SP_H__,r27
 824 05e8 0FBE      		out __SREG__,__tmp_reg__
 825 05ea ADBF      		out __SP_L__,r26
 826               	.L46:
 827 05ec 0894      		sec
 828 05ee 4108      		sbc r4,__zero_reg__
 829 05f0 5108      		sbc r5,__zero_reg__
 830 05f2 57FE      		sbrs r5,7
 831 05f4 00C0      		rjmp .L47
 832 05f6 BB81      		ldd r27,Y+3
 833 05f8 B093 0000 		sts trace_mode,r27
 834               	.L48:
 835               	/* epilogue start */
 836 05fc 0F90      		pop __tmp_reg__
 837 05fe 0F90      		pop __tmp_reg__
 838 0600 0F90      		pop __tmp_reg__
 839 0602 0F90      		pop __tmp_reg__
 840 0604 0F90      		pop __tmp_reg__
 841 0606 CF91      		pop r28
 842 0608 DF91      		pop r29
 843 060a 1F91      		pop r17
 844 060c 0F91      		pop r16
 845 060e FF90      		pop r15
 846 0610 EF90      		pop r14
 847 0612 DF90      		pop r13
 848 0614 CF90      		pop r12
 849 0616 BF90      		pop r11
 850 0618 AF90      		pop r10
 851 061a 9F90      		pop r9
 852 061c 8F90      		pop r8
 853 061e 7F90      		pop r7
 854 0620 6F90      		pop r6
 855 0622 5F90      		pop r5
 856 0624 4F90      		pop r4
 857 0626 3F90      		pop r3
 858 0628 2F90      		pop r2
 859 062a 0895      		ret
 860               		.size	NutTracePrint, .-NutTracePrint
 861               		.data
 862               	.LC15:
 863 00ec 5452 4143 		.string	"TRACE STATUS"
 863      4520 5354 
 863      4154 5553 
 863      00
 864               	.LC16:
 865 00f9 204D 6F64 		.string	" Mode is %s\n"
 865      6520 6973 
 865      2025 730A 
 865      00
 866               	.LC17:
 867 0106 2053 697A 		.string	" Size is %d\n"
 867      6520 6973 
 867      2025 640A 
 867      00
GAS LISTING C:\DOCUME~1\ADMINI~1\LOCALS~1\Temp/cckdAl7X.s 			page 17


 868               	.LC18:
 869 0113 2069 7320 		.string	" is full"
 869      6675 6C6C 
 869      00
 870               	.LC19:
 871 011c 2063 6F6E 		.string	" contains %d elements\n"
 871      7461 696E 
 871      7320 2564 
 871      2065 6C65 
 871      6D65 6E74 
 872               		.text
 873               	.global	NutTraceStatusPrint
 874               		.type	NutTraceStatusPrint, @function
 875               	NutTraceStatusPrint:
 876               	/* prologue: function */
 877               	/* frame size = 0 */
 878 062c 80E0      		ldi r24,lo8(.LC15)
 879 062e 90E0      		ldi r25,hi8(.LC15)
 880 0630 0E94 0000 		call puts
 881 0634 00D0      		rcall .
 882 0636 00D0      		rcall .
 883 0638 80E0      		ldi r24,lo8(.LC16)
 884 063a 90E0      		ldi r25,hi8(.LC16)
 885 063c EDB7      		in r30,__SP_L__
 886 063e FEB7      		in r31,__SP_H__
 887 0640 9283      		std Z+2,r25
 888 0642 8183      		std Z+1,r24
 889 0644 E091 0000 		lds r30,trace_mode
 890 0648 FF27      		clr r31
 891 064a E7FD      		sbrc r30,7
 892 064c F095      		com r31
 893 064e EE0F      		lsl r30
 894 0650 FF1F      		rol r31
 895 0652 E050      		subi r30,lo8(-(mode_string))
 896 0654 F040      		sbci r31,hi8(-(mode_string))
 897 0656 8081      		ld r24,Z
 898 0658 9181      		ldd r25,Z+1
 899 065a EDB7      		in r30,__SP_L__
 900 065c FEB7      		in r31,__SP_H__
 901 065e 9483      		std Z+4,r25
 902 0660 8383      		std Z+3,r24
 903 0662 0E94 0000 		call printf
 904 0666 80E0      		ldi r24,lo8(.LC17)
 905 0668 90E0      		ldi r25,hi8(.LC17)
 906 066a EDB7      		in r30,__SP_L__
 907 066c FEB7      		in r31,__SP_H__
 908 066e 9283      		std Z+2,r25
 909 0670 8183      		std Z+1,r24
 910 0672 8091 0000 		lds r24,trace_size
 911 0676 9091 0000 		lds r25,(trace_size)+1
 912 067a 9483      		std Z+4,r25
 913 067c 8383      		std Z+3,r24
 914 067e 0E94 0000 		call printf
 915 0682 0F90      		pop __tmp_reg__
 916 0684 0F90      		pop __tmp_reg__
 917 0686 0F90      		pop __tmp_reg__
 918 0688 0F90      		pop __tmp_reg__
GAS LISTING C:\DOCUME~1\ADMINI~1\LOCALS~1\Temp/cckdAl7X.s 			page 18


 919 068a 8091 0000 		lds r24,trace_isfull
 920 068e 8823      		tst r24
 921 0690 01F0      		breq .L57
 922 0692 80E0      		ldi r24,lo8(.LC18)
 923 0694 90E0      		ldi r25,hi8(.LC18)
 924 0696 0E94 0000 		call puts
 925 069a 0895      		ret
 926               	.L57:
 927 069c 00D0      		rcall .
 928 069e 00D0      		rcall .
 929 06a0 80E0      		ldi r24,lo8(.LC19)
 930 06a2 90E0      		ldi r25,hi8(.LC19)
 931 06a4 EDB7      		in r30,__SP_L__
 932 06a6 FEB7      		in r31,__SP_H__
 933 06a8 9283      		std Z+2,r25
 934 06aa 8183      		std Z+1,r24
 935 06ac 8091 0000 		lds r24,trace_head
 936 06b0 9091 0000 		lds r25,(trace_head)+1
 937 06b4 9483      		std Z+4,r25
 938 06b6 8383      		std Z+3,r24
 939 06b8 0E94 0000 		call printf
 940 06bc 0F90      		pop __tmp_reg__
 941 06be 0F90      		pop __tmp_reg__
 942 06c0 0F90      		pop __tmp_reg__
 943 06c2 0F90      		pop __tmp_reg__
 944 06c4 0895      		ret
 945               		.size	NutTraceStatusPrint, .-NutTraceStatusPrint
 946               	.global	NutTraceInit
 947               		.type	NutTraceInit, @function
 948               	NutTraceInit:
 949 06c6 1F93      		push r17
 950 06c8 CF93      		push r28
 951 06ca DF93      		push r29
 952               	/* prologue: function */
 953               	/* frame size = 0 */
 954 06cc EC01      		movw r28,r24
 955 06ce 162F      		mov r17,r22
 956 06d0 8091 0000 		lds r24,trace_isinit
 957 06d4 8823      		tst r24
 958 06d6 01F4      		brne .L61
 959 06d8 82E0      		ldi r24,lo8(2)
 960 06da 8EBD      		out 78-32,r24
 961 06dc 80E0      		ldi r24,lo8(sig_OVERFLOW1)
 962 06de 90E0      		ldi r25,hi8(sig_OVERFLOW1)
 963 06e0 60E0      		ldi r22,lo8(gs(NutTraceTimer1IRQ))
 964 06e2 70E0      		ldi r23,hi8(gs(NutTraceTimer1IRQ))
 965 06e4 40E0      		ldi r20,lo8(0)
 966 06e6 50E0      		ldi r21,hi8(0)
 967 06e8 0E94 0000 		call NutRegisterIrqHandler
 968 06ec 87B7      		in r24,87-32
 969 06ee 8460      		ori r24,lo8(4)
 970 06f0 87BF      		out 87-32,r24
 971 06f2 81E0      		ldi r24,lo8(1)
 972 06f4 8093 0000 		sts trace_isinit,r24
 973               	.L61:
 974 06f8 2097      		sbiw r28,0
 975 06fa 01F4      		brne .L62
GAS LISTING C:\DOCUME~1\ADMINI~1\LOCALS~1\Temp/cckdAl7X.s 			page 19


 976 06fc C4EF      		ldi r28,lo8(500)
 977 06fe D1E0      		ldi r29,hi8(500)
 978               	.L62:
 979 0700 8091 0000 		lds r24,trace_size
 980 0704 9091 0000 		lds r25,(trace_size)+1
 981 0708 C817      		cp r28,r24
 982 070a D907      		cpc r29,r25
 983 070c 01F0      		breq .L63
 984 070e 6091 0000 		lds r22,trace_items
 985 0712 7091 0000 		lds r23,(trace_items)+1
 986 0716 6115      		cp r22,__zero_reg__
 987 0718 7105      		cpc r23,__zero_reg__
 988 071a 01F0      		breq .L64
 989 071c 80E0      		ldi r24,lo8(heapFreeList)
 990 071e 90E0      		ldi r25,hi8(heapFreeList)
 991 0720 0E94 0000 		call NutHeapRootFree
 992               	.L64:
 993 0724 BE01      		movw r22,r28
 994 0726 E3E0      		ldi r30,3
 995 0728 660F      	1:	lsl r22
 996 072a 771F      		rol r23
 997 072c EA95      		dec r30
 998 072e 01F4      		brne 1b
 999 0730 6C1B      		sub r22,r28
 1000 0732 7D0B      		sbc r23,r29
 1001 0734 80E0      		ldi r24,lo8(heapFreeList)
 1002 0736 90E0      		ldi r25,hi8(heapFreeList)
 1003 0738 0E94 0000 		call NutHeapRootAlloc
 1004 073c 9093 0000 		sts (trace_items)+1,r25
 1005 0740 8093 0000 		sts trace_items,r24
 1006 0744 0097      		sbiw r24,0
 1007 0746 01F4      		brne .L65
 1008 0748 1092 0000 		sts (trace_size)+1,__zero_reg__
 1009 074c 1092 0000 		sts trace_size,__zero_reg__
 1010 0750 20E0      		ldi r18,lo8(0)
 1011 0752 30E0      		ldi r19,hi8(0)
 1012 0754 00C0      		rjmp .L66
 1013               	.L65:
 1014 0756 D093 0000 		sts (trace_size)+1,r29
 1015 075a C093 0000 		sts trace_size,r28
 1016               	.L63:
 1017 075e 1093 0000 		sts trace_mode,r17
 1018 0762 0E94 0000 		call NutTraceClear
 1019 0766 2091 0000 		lds r18,trace_size
 1020 076a 3091 0000 		lds r19,(trace_size)+1
 1021               	.L66:
 1022 076e C901      		movw r24,r18
 1023               	/* epilogue start */
 1024 0770 DF91      		pop r29
 1025 0772 CF91      		pop r28
 1026 0774 1F91      		pop r17
 1027 0776 0895      		ret
 1028               		.size	NutTraceInit, .-NutTraceInit
 1029               		.data
 1030               	.LC20:
 1031 0133 7072 696E 		.string	"print%d"
 1031      7425 6400 
GAS LISTING C:\DOCUME~1\ADMINI~1\LOCALS~1\Temp/cckdAl7X.s 			page 20


 1032               	.LC21:
 1033 013b 7072 696E 		.string	"print"
 1033      7400 
 1034               	.LC22:
 1035 0141 6F6E 6573 		.string	"oneshot"
 1035      686F 7400 
 1036               	.LC23:
 1037 0149 5452 4143 		.string	"TRACE mode %s, restarted\n"
 1037      4520 6D6F 
 1037      6465 2025 
 1037      732C 2072 
 1037      6573 7461 
 1038               	.LC24:
 1039 0163 6369 7263 		.string	"circular"
 1039      756C 6172 
 1039      00
 1040               	.LC25:
 1041 016c 7369 7A65 		.string	"size%d"
 1041      2564 00
 1042               	.LC26:
 1043 0173 5452 4143 		.string	"TRACE new size: %d\n"
 1043      4520 6E65 
 1043      7720 7369 
 1043      7A65 3A20 
 1043      2564 0A00 
 1044               	.LC27:
 1045 0187 7374 6F70 		.string	"stop"
 1045      00
 1046               	.LC28:
 1047 018c 5452 4143 		.string	"TRACE stopped"
 1047      4520 7374 
 1047      6F70 7065 
 1047      6400 
 1048               	.LC29:
 1049 019a 6D61 736B 		.string	"mask%d"
 1049      2564 00
 1050               	.LC30:
 1051 01a1 6D61 736B 		.string	"mask"
 1051      00
 1052               	.LC31:
 1053 01a6 5359 4E54 		.ascii	"SYNTAX: trace"
 1053      4158 3A20 
 1053      7472 6163 
 1053      65
 1054 01b3 205B 7072 		.string	" [print [<size>]|oneshot|circular|size <size>|stop|mask [<tag>]]"
 1054      696E 7420 
 1054      5B3C 7369 
 1054      7A65 3E5D 
 1054      7C6F 6E65 
 1055               		.text
 1056               	.global	NutTraceTerminal
 1057               		.type	NutTraceTerminal, @function
 1058               	NutTraceTerminal:
 1059 0778 EF92      		push r14
 1060 077a FF92      		push r15
 1061 077c 0F93      		push r16
 1062 077e 1F93      		push r17
GAS LISTING C:\DOCUME~1\ADMINI~1\LOCALS~1\Temp/cckdAl7X.s 			page 21


 1063 0780 DF93      		push r29
 1064 0782 CF93      		push r28
 1065 0784 00D0      		rcall .
 1066 0786 CDB7      		in r28,__SP_L__
 1067 0788 DEB7      		in r29,__SP_H__
 1068               	/* prologue: function */
 1069               	/* frame size = 2 */
 1070 078a 8C01      		movw r16,r24
 1071 078c 00D0      		rcall .
 1072 078e 00D0      		rcall .
 1073 0790 00D0      		rcall .
 1074 0792 EDB7      		in r30,__SP_L__
 1075 0794 FEB7      		in r31,__SP_H__
 1076 0796 3196      		adiw r30,1
 1077 0798 ADB7      		in r26,__SP_L__
 1078 079a BEB7      		in r27,__SP_H__
 1079 079c 1296      		adiw r26,1+1
 1080 079e 9C93      		st X,r25
 1081 07a0 8E93      		st -X,r24
 1082 07a2 1197      		sbiw r26,1
 1083 07a4 80E0      		ldi r24,lo8(.LC20)
 1084 07a6 90E0      		ldi r25,hi8(.LC20)
 1085 07a8 9383      		std Z+3,r25
 1086 07aa 8283      		std Z+2,r24
 1087 07ac 7E01      		movw r14,r28
 1088 07ae 0894      		sec
 1089 07b0 E11C      		adc r14,__zero_reg__
 1090 07b2 F11C      		adc r15,__zero_reg__
 1091 07b4 F582      		std Z+5,r15
 1092 07b6 E482      		std Z+4,r14
 1093 07b8 0E94 0000 		call sscanf
 1094 07bc EDB7      		in r30,__SP_L__
 1095 07be FEB7      		in r31,__SP_H__
 1096 07c0 3696      		adiw r30,6
 1097 07c2 0FB6      		in __tmp_reg__,__SREG__
 1098 07c4 F894      		cli
 1099 07c6 FEBF      		out __SP_H__,r31
 1100 07c8 0FBE      		out __SREG__,__tmp_reg__
 1101 07ca EDBF      		out __SP_L__,r30
 1102 07cc 0197      		sbiw r24,1
 1103 07ce 01F4      		brne .L69
 1104 07d0 8981      		ldd r24,Y+1
 1105 07d2 9A81      		ldd r25,Y+2
 1106 07d4 00C0      		rjmp .L82
 1107               	.L69:
 1108 07d6 C801      		movw r24,r16
 1109 07d8 60E0      		ldi r22,lo8(.LC21)
 1110 07da 70E0      		ldi r23,hi8(.LC21)
 1111 07dc 45E0      		ldi r20,lo8(5)
 1112 07de 50E0      		ldi r21,hi8(5)
 1113 07e0 0E94 0000 		call strncmp
 1114 07e4 0097      		sbiw r24,0
 1115 07e6 01F4      		brne .L71
 1116 07e8 80E0      		ldi r24,lo8(0)
 1117 07ea 90E0      		ldi r25,hi8(0)
 1118               	.L82:
 1119 07ec 0E94 0000 		call NutTracePrint
GAS LISTING C:\DOCUME~1\ADMINI~1\LOCALS~1\Temp/cckdAl7X.s 			page 22


 1120 07f0 00C0      		rjmp .L80
 1121               	.L71:
 1122 07f2 C801      		movw r24,r16
 1123 07f4 60E0      		ldi r22,lo8(.LC22)
 1124 07f6 70E0      		ldi r23,hi8(.LC22)
 1125 07f8 47E0      		ldi r20,lo8(7)
 1126 07fa 50E0      		ldi r21,hi8(7)
 1127 07fc 0E94 0000 		call strncmp
 1128 0800 0097      		sbiw r24,0
 1129 0802 01F4      		brne .L72
 1130 0804 8091 0000 		lds r24,trace_size
 1131 0808 9091 0000 		lds r25,(trace_size)+1
 1132 080c 62E0      		ldi r22,lo8(2)
 1133 080e 0E94 0000 		call NutTraceInit
 1134 0812 00D0      		rcall .
 1135 0814 00D0      		rcall .
 1136 0816 80E0      		ldi r24,lo8(.LC23)
 1137 0818 90E0      		ldi r25,hi8(.LC23)
 1138 081a ADB7      		in r26,__SP_L__
 1139 081c BEB7      		in r27,__SP_H__
 1140 081e 1296      		adiw r26,1+1
 1141 0820 9C93      		st X,r25
 1142 0822 8E93      		st -X,r24
 1143 0824 1197      		sbiw r26,1
 1144 0826 E091 0000 		lds r30,trace_mode
 1145 082a FF27      		clr r31
 1146 082c E7FD      		sbrc r30,7
 1147 082e F095      		com r31
 1148 0830 EE0F      		lsl r30
 1149 0832 FF1F      		rol r31
 1150 0834 E050      		subi r30,lo8(-(mode_string))
 1151 0836 F040      		sbci r31,hi8(-(mode_string))
 1152 0838 8081      		ld r24,Z
 1153 083a 9181      		ldd r25,Z+1
 1154 083c 00C0      		rjmp .L84
 1155               	.L72:
 1156 083e C801      		movw r24,r16
 1157 0840 60E0      		ldi r22,lo8(.LC24)
 1158 0842 70E0      		ldi r23,hi8(.LC24)
 1159 0844 48E0      		ldi r20,lo8(8)
 1160 0846 50E0      		ldi r21,hi8(8)
 1161 0848 0E94 0000 		call strncmp
 1162 084c 0097      		sbiw r24,0
 1163 084e 01F4      		brne .L73
 1164 0850 8091 0000 		lds r24,trace_size
 1165 0854 9091 0000 		lds r25,(trace_size)+1
 1166 0858 61E0      		ldi r22,lo8(1)
 1167 085a 0E94 0000 		call NutTraceInit
 1168 085e 00D0      		rcall .
 1169 0860 00D0      		rcall .
 1170 0862 80E0      		ldi r24,lo8(.LC23)
 1171 0864 90E0      		ldi r25,hi8(.LC23)
 1172 0866 EDB7      		in r30,__SP_L__
 1173 0868 FEB7      		in r31,__SP_H__
 1174 086a 9283      		std Z+2,r25
 1175 086c 8183      		std Z+1,r24
 1176 086e E091 0000 		lds r30,trace_mode
GAS LISTING C:\DOCUME~1\ADMINI~1\LOCALS~1\Temp/cckdAl7X.s 			page 23


 1177 0872 FF27      		clr r31
 1178 0874 E7FD      		sbrc r30,7
 1179 0876 F095      		com r31
 1180 0878 EE0F      		lsl r30
 1181 087a FF1F      		rol r31
 1182 087c E050      		subi r30,lo8(-(mode_string))
 1183 087e F040      		sbci r31,hi8(-(mode_string))
 1184 0880 8081      		ld r24,Z
 1185 0882 9181      		ldd r25,Z+1
 1186 0884 ADB7      		in r26,__SP_L__
 1187 0886 BEB7      		in r27,__SP_H__
 1188 0888 00C0      		rjmp .L84
 1189               	.L73:
 1190 088a 00D0      		rcall .
 1191 088c 00D0      		rcall .
 1192 088e 00D0      		rcall .
 1193 0890 EDB7      		in r30,__SP_L__
 1194 0892 FEB7      		in r31,__SP_H__
 1195 0894 3196      		adiw r30,1
 1196 0896 ADB7      		in r26,__SP_L__
 1197 0898 BEB7      		in r27,__SP_H__
 1198 089a 1296      		adiw r26,1+1
 1199 089c 1C93      		st X,r17
 1200 089e 0E93      		st -X,r16
 1201 08a0 1197      		sbiw r26,1
 1202 08a2 80E0      		ldi r24,lo8(.LC25)
 1203 08a4 90E0      		ldi r25,hi8(.LC25)
 1204 08a6 9383      		std Z+3,r25
 1205 08a8 8283      		std Z+2,r24
 1206 08aa F582      		std Z+5,r15
 1207 08ac E482      		std Z+4,r14
 1208 08ae 0E94 0000 		call sscanf
 1209 08b2 EDB7      		in r30,__SP_L__
 1210 08b4 FEB7      		in r31,__SP_H__
 1211 08b6 3696      		adiw r30,6
 1212 08b8 0FB6      		in __tmp_reg__,__SREG__
 1213 08ba F894      		cli
 1214 08bc FEBF      		out __SP_H__,r31
 1215 08be 0FBE      		out __SREG__,__tmp_reg__
 1216 08c0 EDBF      		out __SP_L__,r30
 1217 08c2 0197      		sbiw r24,1
 1218 08c4 01F4      		brne .L74
 1219 08c6 8981      		ldd r24,Y+1
 1220 08c8 9A81      		ldd r25,Y+2
 1221 08ca 6091 0000 		lds r22,trace_mode
 1222 08ce 0E94 0000 		call NutTraceInit
 1223 08d2 00D0      		rcall .
 1224 08d4 00D0      		rcall .
 1225 08d6 20E0      		ldi r18,lo8(.LC26)
 1226 08d8 30E0      		ldi r19,hi8(.LC26)
 1227 08da ADB7      		in r26,__SP_L__
 1228 08dc BEB7      		in r27,__SP_H__
 1229 08de 1296      		adiw r26,1+1
 1230 08e0 3C93      		st X,r19
 1231 08e2 2E93      		st -X,r18
 1232 08e4 1197      		sbiw r26,1
 1233               	.L84:
GAS LISTING C:\DOCUME~1\ADMINI~1\LOCALS~1\Temp/cckdAl7X.s 			page 24


 1234 08e6 1496      		adiw r26,3+1
 1235 08e8 9C93      		st X,r25
 1236 08ea 8E93      		st -X,r24
 1237 08ec 1397      		sbiw r26,3
 1238 08ee 0E94 0000 		call printf
 1239 08f2 0F90      		pop __tmp_reg__
 1240 08f4 0F90      		pop __tmp_reg__
 1241 08f6 0F90      		pop __tmp_reg__
 1242 08f8 0F90      		pop __tmp_reg__
 1243 08fa 00C0      		rjmp .L80
 1244               	.L74:
 1245 08fc C801      		movw r24,r16
 1246 08fe 60E0      		ldi r22,lo8(.LC27)
 1247 0900 70E0      		ldi r23,hi8(.LC27)
 1248 0902 44E0      		ldi r20,lo8(4)
 1249 0904 50E0      		ldi r21,hi8(4)
 1250 0906 0E94 0000 		call strncmp
 1251 090a 0097      		sbiw r24,0
 1252 090c 01F4      		brne .L75
 1253 090e 0E94 0000 		call NutTraceStop
 1254 0912 80E0      		ldi r24,lo8(.LC28)
 1255 0914 90E0      		ldi r25,hi8(.LC28)
 1256 0916 00C0      		rjmp .L83
 1257               	.L75:
 1258 0918 00D0      		rcall .
 1259 091a 00D0      		rcall .
 1260 091c 00D0      		rcall .
 1261 091e EDB7      		in r30,__SP_L__
 1262 0920 FEB7      		in r31,__SP_H__
 1263 0922 3196      		adiw r30,1
 1264 0924 ADB7      		in r26,__SP_L__
 1265 0926 BEB7      		in r27,__SP_H__
 1266 0928 1296      		adiw r26,1+1
 1267 092a 1C93      		st X,r17
 1268 092c 0E93      		st -X,r16
 1269 092e 1197      		sbiw r26,1
 1270 0930 80E0      		ldi r24,lo8(.LC29)
 1271 0932 90E0      		ldi r25,hi8(.LC29)
 1272 0934 9383      		std Z+3,r25
 1273 0936 8283      		std Z+2,r24
 1274 0938 F582      		std Z+5,r15
 1275 093a E482      		std Z+4,r14
 1276 093c 0E94 0000 		call sscanf
 1277 0940 EDB7      		in r30,__SP_L__
 1278 0942 FEB7      		in r31,__SP_H__
 1279 0944 3696      		adiw r30,6
 1280 0946 0FB6      		in __tmp_reg__,__SREG__
 1281 0948 F894      		cli
 1282 094a FEBF      		out __SP_H__,r31
 1283 094c 0FBE      		out __SREG__,__tmp_reg__
 1284 094e EDBF      		out __SP_L__,r30
 1285 0950 0197      		sbiw r24,1
 1286 0952 01F4      		brne .L76
 1287 0954 8981      		ldd r24,Y+1
 1288 0956 9A81      		ldd r25,Y+2
 1289 0958 8B30      		cpi r24,11
 1290 095a 9105      		cpc r25,__zero_reg__
GAS LISTING C:\DOCUME~1\ADMINI~1\LOCALS~1\Temp/cckdAl7X.s 			page 25


 1291 095c 04F4      		brge .L81
 1292 095e FC01      		movw r30,r24
 1293 0960 E050      		subi r30,lo8(-(trace_mask))
 1294 0962 F040      		sbci r31,hi8(-(trace_mask))
 1295 0964 90E0      		ldi r25,lo8(0)
 1296 0966 8081      		ld r24,Z
 1297 0968 8823      		tst r24
 1298 096a 01F4      		brne .L78
 1299 096c 91E0      		ldi r25,lo8(1)
 1300               	.L78:
 1301 096e 9083      		st Z,r25
 1302 0970 0E94 0000 		call NutTraceClear
 1303 0974 00C0      		rjmp .L81
 1304               	.L76:
 1305 0976 C801      		movw r24,r16
 1306 0978 60E0      		ldi r22,lo8(.LC30)
 1307 097a 70E0      		ldi r23,hi8(.LC30)
 1308 097c 44E0      		ldi r20,lo8(4)
 1309 097e 50E0      		ldi r21,hi8(4)
 1310 0980 0E94 0000 		call strncmp
 1311 0984 0097      		sbiw r24,0
 1312 0986 01F4      		brne .L79
 1313               	.L81:
 1314 0988 0E94 0000 		call NutTraceMaskPrint
 1315 098c 00C0      		rjmp .L80
 1316               	.L79:
 1317 098e 0E94 0000 		call NutTraceStatusPrint
 1318 0992 80E0      		ldi r24,lo8(.LC31)
 1319 0994 90E0      		ldi r25,hi8(.LC31)
 1320               	.L83:
 1321 0996 0E94 0000 		call puts
 1322               	.L80:
 1323               	/* epilogue start */
 1324 099a 0F90      		pop __tmp_reg__
 1325 099c 0F90      		pop __tmp_reg__
 1326 099e CF91      		pop r28
 1327 09a0 DF91      		pop r29
 1328 09a2 1F91      		pop r17
 1329 09a4 0F91      		pop r16
 1330 09a6 FF90      		pop r15
 1331 09a8 EF90      		pop r14
 1332 09aa 0895      		ret
 1333               		.size	NutTraceTerminal, .-NutTraceTerminal
 1334               	.global	micros_high
 1335               	.global	micros_high
 1336               		.section .bss
 1337               		.type	micros_high, @object
 1338               		.size	micros_high, 2
 1339               	micros_high:
 1340 0000 0000      		.skip 2,0
 1341               	.global	trace_items
 1342               	.global	trace_items
 1343               		.type	trace_items, @object
 1344               		.size	trace_items, 2
 1345               	trace_items:
 1346 0002 0000      		.skip 2,0
 1347               	.global	trace_current
GAS LISTING C:\DOCUME~1\ADMINI~1\LOCALS~1\Temp/cckdAl7X.s 			page 26


 1348               	.global	trace_current
 1349               		.type	trace_current, @object
 1350               		.size	trace_current, 2
 1351               	trace_current:
 1352 0004 0000      		.skip 2,0
 1353               	.global	trace_head
 1354               	.global	trace_head
 1355               		.type	trace_head, @object
 1356               		.size	trace_head, 2
 1357               	trace_head:
 1358 0006 0000      		.skip 2,0
 1359               	.global	trace_size
 1360               	.global	trace_size
 1361               		.type	trace_size, @object
 1362               		.size	trace_size, 2
 1363               	trace_size:
 1364 0008 0000      		.skip 2,0
 1365               	.global	trace_isfull
 1366               	.global	trace_isfull
 1367               		.type	trace_isfull, @object
 1368               		.size	trace_isfull, 1
 1369               	trace_isfull:
 1370 000a 00        		.skip 1,0
 1371               	.global	trace_isinit
 1372               	.global	trace_isinit
 1373               		.type	trace_isinit, @object
 1374               		.size	trace_isinit, 1
 1375               	trace_isinit:
 1376 000b 00        		.skip 1,0
 1377               	.global	trace_mode
 1378               	.global	trace_mode
 1379               		.type	trace_mode, @object
 1380               		.size	trace_mode, 1
 1381               	trace_mode:
 1382 000c 00        		.skip 1,0
 1383               	.global	trace_mask
 1384               		.data
 1385               		.type	trace_mask, @object
 1386               		.size	trace_mask, 11
 1387               	trace_mask:
 1388 01f4 00        		.byte	0
 1389 01f5 00        		.byte	0
 1390 01f6 01        		.byte	1
 1391 01f7 01        		.byte	1
 1392 01f8 01        		.byte	1
 1393 01f9 01        		.byte	1
 1394 01fa 00        		.byte	0
 1395 01fb 00        		.byte	0
 1396 01fc 01        		.byte	1
 1397 01fd 01        		.byte	1
 1398 01fe 01        		.byte	1
 1399               	.global	tag_string
 1400               	.LC32:
 1401 01ff 4372 6974 		.string	"Critical  Enter"
 1401      6963 616C 
 1401      2020 456E 
 1401      7465 7200 
GAS LISTING C:\DOCUME~1\ADMINI~1\LOCALS~1\Temp/cckdAl7X.s 			page 27


 1402               	.LC33:
 1403 020f 4372 6974 		.string	"Critical  Exit"
 1403      6963 616C 
 1403      2020 4578 
 1403      6974 00
 1404               	.LC34:
 1405 021e 5468 7265 		.string	"Thread    Yield"
 1405      6164 2020 
 1405      2020 5969 
 1405      656C 6400 
 1406               	.LC35:
 1407 022e 5468 7265 		.string	"Thread    SetPrio"
 1407      6164 2020 
 1407      2020 5365 
 1407      7450 7269 
 1407      6F00 
 1408               	.LC36:
 1409 0240 5468 7265 		.string	"Thread    Wait"
 1409      6164 2020 
 1409      2020 5761 
 1409      6974 00
 1410               	.LC37:
 1411 024f 5468 7265 		.string	"Thread    Sleep"
 1411      6164 2020 
 1411      2020 536C 
 1411      6565 7000 
 1412               	.LC38:
 1413 025f 496E 7465 		.string	"Interrupt Enter"
 1413      7272 7570 
 1413      7420 456E 
 1413      7465 7200 
 1414               	.LC39:
 1415 026f 496E 7465 		.string	"Interrupt Exit"
 1415      7272 7570 
 1415      7420 4578 
 1415      6974 00
 1416               	.LC40:
 1417 027e 5472 6163 		.string	"Trace Start"
 1417      6520 5374 
 1417      6172 7400 
 1418               	.LC41:
 1419 028a 5472 6163 		.string	"Trace Stop"
 1419      6520 5374 
 1419      6F70 00
 1420               	.LC42:
 1421 0295 5573 6572 		.string	"User *"
 1421      202A 00
 1422               		.type	tag_string, @object
 1423               		.size	tag_string, 22
 1424               	tag_string:
 1425 029c 0000      		.word	.LC32
 1426 029e 0000      		.word	.LC33
 1427 02a0 0000      		.word	.LC34
 1428 02a2 0000      		.word	.LC35
 1429 02a4 0000      		.word	.LC36
 1430 02a6 0000      		.word	.LC37
 1431 02a8 0000      		.word	.LC38
GAS LISTING C:\DOCUME~1\ADMINI~1\LOCALS~1\Temp/cckdAl7X.s 			page 28


 1432 02aa 0000      		.word	.LC39
 1433 02ac 0000      		.word	.LC40
 1434 02ae 0000      		.word	.LC41
 1435 02b0 0000      		.word	.LC42
 1436               	.global	int_string
 1437               	.LC43:
 1438 02b2 5541 5254 		.string	"UART0_CTS"
 1438      305F 4354 
 1438      5300 
 1439               	.LC44:
 1440 02bc 5541 5254 		.string	"UART0_RXCOMPL"
 1440      305F 5258 
 1440      434F 4D50 
 1440      4C00 
 1441               	.LC45:
 1442 02ca 5541 5254 		.string	"UART0_TXEMPTY"
 1442      305F 5458 
 1442      454D 5054 
 1442      5900 
 1443               	.LC46:
 1444 02d8 5541 5254 		.string	"UART1_CTS"
 1444      315F 4354 
 1444      5300 
 1445               	.LC47:
 1446 02e2 5541 5254 		.string	"UART1_RXCOMPL"
 1446      315F 5258 
 1446      434F 4D50 
 1446      4C00 
 1447               	.LC48:
 1448 02f0 5541 5254 		.string	"UART1_TXEMPTY"
 1448      315F 5458 
 1448      454D 5054 
 1448      5900 
 1449               	.LC49:
 1450 02fe 5449 4D45 		.string	"TIMER0_OVERFL"
 1450      5230 5F4F 
 1450      5645 5246 
 1450      4C00 
 1451               	.LC50:
 1452 030c 5449 4D45 		.string	"TIMER1_OVERFL"
 1452      5231 5F4F 
 1452      5645 5246 
 1452      4C00 
 1453               	.LC51:
 1454 031a 5355 4152 		.string	"SUART_TIMER"
 1454      545F 5449 
 1454      4D45 5200 
 1455               	.LC52:
 1456 0326 5355 4152 		.string	"SUART_RX"
 1456      545F 5258 
 1456      00
 1457               		.type	int_string, @object
 1458               		.size	int_string, 20
 1459               	int_string:
 1460 032f 0000      		.word	.LC43
 1461 0331 0000      		.word	.LC44
 1462 0333 0000      		.word	.LC45
GAS LISTING C:\DOCUME~1\ADMINI~1\LOCALS~1\Temp/cckdAl7X.s 			page 29


 1463 0335 0000      		.word	.LC46
 1464 0337 0000      		.word	.LC47
 1465 0339 0000      		.word	.LC48
 1466 033b 0000      		.word	.LC49
 1467 033d 0000      		.word	.LC50
 1468 033f 0000      		.word	.LC51
 1469 0341 0000      		.word	.LC52
 1470               	.global	mode_string
 1471               	.LC53:
 1472 0343 4349 5243 		.string	"CIRCULAR"
 1472      554C 4152 
 1472      00
 1473               	.LC54:
 1474 034c 4F4E 4553 		.string	"ONESHOT"
 1474      484F 5400 
 1475               		.type	mode_string, @object
 1476               		.size	mode_string, 6
 1477               	mode_string:
 1478 0354 0000      		.word	.LC3
 1479 0356 0000      		.word	.LC53
 1480 0358 0000      		.word	.LC54
 1481               		.comm user_string,20,1
 1482               	.global __do_copy_data
 1483               	.global __do_clear_bss
GAS LISTING C:\DOCUME~1\ADMINI~1\LOCALS~1\Temp/cckdAl7X.s 			page 30


DEFINED SYMBOLS
                            *ABS*:00000000 tracer.c
C:\DOCUME~1\ADMINI~1\LOCALS~1\Temp/cckdAl7X.s:2      *ABS*:0000003f __SREG__
C:\DOCUME~1\ADMINI~1\LOCALS~1\Temp/cckdAl7X.s:3      *ABS*:0000003e __SP_H__
C:\DOCUME~1\ADMINI~1\LOCALS~1\Temp/cckdAl7X.s:4      *ABS*:0000003d __SP_L__
C:\DOCUME~1\ADMINI~1\LOCALS~1\Temp/cckdAl7X.s:5      *ABS*:00000034 __CCP__
C:\DOCUME~1\ADMINI~1\LOCALS~1\Temp/cckdAl7X.s:6      *ABS*:00000000 __tmp_reg__
C:\DOCUME~1\ADMINI~1\LOCALS~1\Temp/cckdAl7X.s:7      *ABS*:00000001 __zero_reg__
C:\DOCUME~1\ADMINI~1\LOCALS~1\Temp/cckdAl7X.s:10     .text:00000000 NutTraceTimer1IRQ
C:\DOCUME~1\ADMINI~1\LOCALS~1\Temp/cckdAl7X.s:1339   .bss:00000000 micros_high
C:\DOCUME~1\ADMINI~1\LOCALS~1\Temp/cckdAl7X.s:23     .text:00000014 NutTraceClear
C:\DOCUME~1\ADMINI~1\LOCALS~1\Temp/cckdAl7X.s:1369   .bss:0000000a trace_isfull
C:\DOCUME~1\ADMINI~1\LOCALS~1\Temp/cckdAl7X.s:1357   .bss:00000006 trace_head
C:\DOCUME~1\ADMINI~1\LOCALS~1\Temp/cckdAl7X.s:1381   .bss:0000000c trace_mode
C:\DOCUME~1\ADMINI~1\LOCALS~1\Temp/cckdAl7X.s:1387   .data:000001f4 trace_mask
C:\DOCUME~1\ADMINI~1\LOCALS~1\Temp/cckdAl7X.s:1345   .bss:00000002 trace_items
C:\DOCUME~1\ADMINI~1\LOCALS~1\Temp/cckdAl7X.s:1351   .bss:00000004 trace_current
C:\DOCUME~1\ADMINI~1\LOCALS~1\Temp/cckdAl7X.s:1363   .bss:00000008 trace_size
C:\DOCUME~1\ADMINI~1\LOCALS~1\Temp/cckdAl7X.s:87     .text:00000096 NutTraceStop
C:\DOCUME~1\ADMINI~1\LOCALS~1\Temp/cckdAl7X.s:161    .text:00000128 NutTraceGetPC
C:\DOCUME~1\ADMINI~1\LOCALS~1\Temp/cckdAl7X.s:186    .text:0000014c NutTraceMaskSet
C:\DOCUME~1\ADMINI~1\LOCALS~1\Temp/cckdAl7X.s:202    .text:0000015e NutTraceMaskClear
C:\DOCUME~1\ADMINI~1\LOCALS~1\Temp/cckdAl7X.s:217    .text:0000016e NutTraceRegisterUserTag
                            *COM*:00000014 user_string
C:\DOCUME~1\ADMINI~1\LOCALS~1\Temp/cckdAl7X.s:252    .text:0000018e NutTraceMaskPrint
C:\DOCUME~1\ADMINI~1\LOCALS~1\Temp/cckdAl7X.s:1424   .data:0000029c tag_string
C:\DOCUME~1\ADMINI~1\LOCALS~1\Temp/cckdAl7X.s:356    .text:00000220 NutTracePrint
C:\DOCUME~1\ADMINI~1\LOCALS~1\Temp/cckdAl7X.s:1459   .data:0000032f int_string
C:\DOCUME~1\ADMINI~1\LOCALS~1\Temp/cckdAl7X.s:875    .text:0000062c NutTraceStatusPrint
C:\DOCUME~1\ADMINI~1\LOCALS~1\Temp/cckdAl7X.s:1477   .data:00000354 mode_string
C:\DOCUME~1\ADMINI~1\LOCALS~1\Temp/cckdAl7X.s:948    .text:000006c6 NutTraceInit
C:\DOCUME~1\ADMINI~1\LOCALS~1\Temp/cckdAl7X.s:1375   .bss:0000000b trace_isinit
C:\DOCUME~1\ADMINI~1\LOCALS~1\Temp/cckdAl7X.s:1058   .text:00000778 NutTraceTerminal

UNDEFINED SYMBOLS
puts
printf
__udivmodsi4
sig_OVERFLOW1
NutRegisterIrqHandler
heapFreeList
NutHeapRootFree
NutHeapRootAlloc
sscanf
strncmp
__do_copy_data
__do_clear_bss
