GAS LISTING C:\DOCUME~1\ADMINI~1\LOCALS~1\Temp/ccClcblo.s 			page 1


   1               		.file	"version.c"
   2               	__SREG__ = 0x3f
   3               	__SP_H__ = 0x3e
   4               	__SP_L__ = 0x3d
   5               	__CCP__  = 0x34
   6               	__tmp_reg__ = 0
   7               	__zero_reg__ = 1
   8               		.text
   9               	.global	NutVersion
  10               		.type	NutVersion, @function
  11               	NutVersion:
  12               	/* prologue: function */
  13               	/* frame size = 0 */
  14 0000 61E0      		ldi r22,lo8(67764993)
  15 0002 73E0      		ldi r23,hi8(67764993)
  16 0004 8AE0      		ldi r24,hlo8(67764993)
  17 0006 94E0      		ldi r25,hhi8(67764993)
  18               	/* epilogue start */
  19 0008 0895      		ret
  20               		.size	NutVersion, .-NutVersion
  21               	.global	NutVersionString
  22               		.type	NutVersionString, @function
  23               	NutVersionString:
  24               	/* prologue: function */
  25               	/* frame size = 0 */
  26 000a 8091 0000 		lds r24,os_version_string
  27 000e 9091 0000 		lds r25,os_version_string+1
  28               	/* epilogue start */
  29 0012 0895      		ret
  30               		.size	NutVersionString, .-NutVersionString
  31               		.data
  32               	.LC0:
  33 0000 342E 3130 		.string	"4.10.3.1"
  33      2E33 2E31 
  33      00
  34               		.type	os_version_string, @object
  35               		.size	os_version_string, 2
  36               	os_version_string:
  37 0009 0000      		.word	.LC0
  38               	.global __do_copy_data
GAS LISTING C:\DOCUME~1\ADMINI~1\LOCALS~1\Temp/ccClcblo.s 			page 2


DEFINED SYMBOLS
                            *ABS*:00000000 version.c
C:\DOCUME~1\ADMINI~1\LOCALS~1\Temp/ccClcblo.s:2      *ABS*:0000003f __SREG__
C:\DOCUME~1\ADMINI~1\LOCALS~1\Temp/ccClcblo.s:3      *ABS*:0000003e __SP_H__
C:\DOCUME~1\ADMINI~1\LOCALS~1\Temp/ccClcblo.s:4      *ABS*:0000003d __SP_L__
C:\DOCUME~1\ADMINI~1\LOCALS~1\Temp/ccClcblo.s:5      *ABS*:00000034 __CCP__
C:\DOCUME~1\ADMINI~1\LOCALS~1\Temp/ccClcblo.s:6      *ABS*:00000000 __tmp_reg__
C:\DOCUME~1\ADMINI~1\LOCALS~1\Temp/ccClcblo.s:7      *ABS*:00000001 __zero_reg__
C:\DOCUME~1\ADMINI~1\LOCALS~1\Temp/ccClcblo.s:11     .text:00000000 NutVersion
C:\DOCUME~1\ADMINI~1\LOCALS~1\Temp/ccClcblo.s:23     .text:0000000a NutVersionString
C:\DOCUME~1\ADMINI~1\LOCALS~1\Temp/ccClcblo.s:36     .data:00000009 os_version_string

UNDEFINED SYMBOLS
__do_copy_data
