GAS LISTING C:\DOCUME~1\ADMINI~1\LOCALS~1\Temp/ccYmv62j.s 			page 1


   1               		.file	"arpin.c"
   2               	__SREG__ = 0x3f
   3               	__SP_H__ = 0x3e
   4               	__SP_L__ = 0x3d
   5               	__CCP__  = 0x34
   6               	__tmp_reg__ = 0
   7               	__zero_reg__ = 1
   8               		.text
   9               	.global	NutArpInput
  10               		.type	NutArpInput, @function
  11               	NutArpInput:
  12 0000 CF92      		push r12
  13 0002 DF92      		push r13
  14 0004 EF92      		push r14
  15 0006 FF92      		push r15
  16 0008 0F93      		push r16
  17 000a 1F93      		push r17
  18 000c CF93      		push r28
  19 000e DF93      		push r29
  20               	/* prologue: function */
  21               	/* frame size = 0 */
  22 0010 6C01      		movw r12,r24
  23 0012 8B01      		movw r16,r22
  24 0014 DB01      		movw r26,r22
  25 0016 1996      		adiw r26,9
  26 0018 8D91      		ld r24,X+
  27 001a 9C91      		ld r25,X
  28 001c 1A97      		sbiw r26,9+1
  29 001e 4C97      		sbiw r24,28
  30 0020 00F4      		brsh .+2
  31 0022 00C0      		rjmp .L7
  32               	.L2:
  33 0024 FB01      		movw r30,r22
  34 0026 C781      		ldd r28,Z+7
  35 0028 D085      		ldd r29,Z+8
  36 002a 8881      		ld r24,Y
  37 002c 9981      		ldd r25,Y+1
  38               	/* #APP */
  39               	 ;  305 "../../nut/include/sys/types.h" 1
  40 002e 082E      		mov __tmp_reg__, r24
  41 0030 892F      		mov r24, r25
  42 0032 902D      		mov r25, __tmp_reg__
  43               		
  44               	 ;  0 "" 2
  45               	/* #NOAPP */
  46 0034 0197      		sbiw r24,1
  47 0036 01F0      		breq .+2
  48 0038 00C0      		rjmp .L7
  49 003a 8A81      		ldd r24,Y+2
  50 003c 9B81      		ldd r25,Y+3
  51               	/* #APP */
  52               	 ;  305 "../../nut/include/sys/types.h" 1
  53 003e 082E      		mov __tmp_reg__, r24
  54 0040 892F      		mov r24, r25
  55 0042 902D      		mov r25, __tmp_reg__
  56               		
  57               	 ;  0 "" 2
GAS LISTING C:\DOCUME~1\ADMINI~1\LOCALS~1\Temp/ccYmv62j.s 			page 2


  58               	/* #NOAPP */
  59 0044 8050      		subi r24,lo8(2048)
  60 0046 9840      		sbci r25,hi8(2048)
  61 0048 01F0      		breq .+2
  62 004a 00C0      		rjmp .L7
  63 004c 8C81      		ldd r24,Y+4
  64 004e 8630      		cpi r24,lo8(6)
  65 0050 01F0      		breq .+2
  66 0052 00C0      		rjmp .L7
  67 0054 8D81      		ldd r24,Y+5
  68 0056 8430      		cpi r24,lo8(4)
  69 0058 01F0      		breq .+2
  70 005a 00C0      		rjmp .L7
  71               	.L5:
  72 005c D601      		movw r26,r12
  73 005e 1F96      		adiw r26,15
  74 0060 ED91      		ld r30,X+
  75 0062 FC91      		ld r31,X
  76 0064 5097      		sbiw r26,15+1
  77 0066 288D      		ldd r18,Y+24
  78 0068 398D      		ldd r19,Y+25
  79 006a 4A8D      		ldd r20,Y+26
  80 006c 5B8D      		ldd r21,Y+27
  81 006e 8385      		ldd r24,Z+11
  82 0070 9485      		ldd r25,Z+12
  83 0072 A585      		ldd r26,Z+13
  84 0074 B685      		ldd r27,Z+14
  85 0076 2817      		cp r18,r24
  86 0078 3907      		cpc r19,r25
  87 007a 4A07      		cpc r20,r26
  88 007c 5B07      		cpc r21,r27
  89 007e 01F4      		brne .L7
  90               	.L6:
  91 0080 88E0      		ldi r24,lo8(8)
  92 0082 E82E      		mov r14,r24
  93 0084 F12C      		mov r15,__zero_reg__
  94 0086 EC0E      		add r14,r28
  95 0088 FD1E      		adc r15,r29
  96 008a 4E85      		ldd r20,Y+14
  97 008c 5F85      		ldd r21,Y+15
  98 008e 6889      		ldd r22,Y+16
  99 0090 7989      		ldd r23,Y+17
 100 0092 C601      		movw r24,r12
 101 0094 9701      		movw r18,r14
 102 0096 0E94 0000 		call NutArpCacheUpdate
 103 009a 8E81      		ldd r24,Y+6
 104 009c 9F81      		ldd r25,Y+7
 105               	/* #APP */
 106               	 ;  305 "../../nut/include/sys/types.h" 1
 107 009e 082E      		mov __tmp_reg__, r24
 108 00a0 892F      		mov r24, r25
 109 00a2 902D      		mov r25, __tmp_reg__
 110               		
 111               	 ;  0 "" 2
 112               	/* #NOAPP */
 113 00a4 0197      		sbiw r24,1
 114 00a6 01F4      		brne .L7
GAS LISTING C:\DOCUME~1\ADMINI~1\LOCALS~1\Temp/ccYmv62j.s 			page 3


 115 00a8 4E85      		ldd r20,Y+14
 116 00aa 5F85      		ldd r21,Y+15
 117 00ac 6889      		ldd r22,Y+16
 118 00ae 7989      		ldd r23,Y+17
 119 00b0 82E0      		ldi r24,lo8(2)
 120 00b2 90E0      		ldi r25,hi8(2)
 121 00b4 9701      		movw r18,r14
 122 00b6 0E94 0000 		call NutArpAllocNetBuf
 123 00ba EC01      		movw r28,r24
 124 00bc 0097      		sbiw r24,0
 125 00be 01F0      		breq .L7
 126 00c0 C601      		movw r24,r12
 127 00c2 BE01      		movw r22,r28
 128 00c4 0E94 0000 		call NutArpOutput
 129 00c8 892B      		or r24,r25
 130 00ca 01F4      		brne .L7
 131 00cc CE01      		movw r24,r28
 132 00ce 0E94 0000 		call NutNetBufFree
 133               	.L7:
 134 00d2 C801      		movw r24,r16
 135 00d4 0E94 0000 		call NutNetBufFree
 136               	/* epilogue start */
 137 00d8 DF91      		pop r29
 138 00da CF91      		pop r28
 139 00dc 1F91      		pop r17
 140 00de 0F91      		pop r16
 141 00e0 FF90      		pop r15
 142 00e2 EF90      		pop r14
 143 00e4 DF90      		pop r13
 144 00e6 CF90      		pop r12
 145 00e8 0895      		ret
 146               		.size	NutArpInput, .-NutArpInput
GAS LISTING C:\DOCUME~1\ADMINI~1\LOCALS~1\Temp/ccYmv62j.s 			page 4


DEFINED SYMBOLS
                            *ABS*:00000000 arpin.c
C:\DOCUME~1\ADMINI~1\LOCALS~1\Temp/ccYmv62j.s:2      *ABS*:0000003f __SREG__
C:\DOCUME~1\ADMINI~1\LOCALS~1\Temp/ccYmv62j.s:3      *ABS*:0000003e __SP_H__
C:\DOCUME~1\ADMINI~1\LOCALS~1\Temp/ccYmv62j.s:4      *ABS*:0000003d __SP_L__
C:\DOCUME~1\ADMINI~1\LOCALS~1\Temp/ccYmv62j.s:5      *ABS*:00000034 __CCP__
C:\DOCUME~1\ADMINI~1\LOCALS~1\Temp/ccYmv62j.s:6      *ABS*:00000000 __tmp_reg__
C:\DOCUME~1\ADMINI~1\LOCALS~1\Temp/ccYmv62j.s:7      *ABS*:00000001 __zero_reg__
C:\DOCUME~1\ADMINI~1\LOCALS~1\Temp/ccYmv62j.s:11     .text:00000000 NutArpInput

UNDEFINED SYMBOLS
NutArpCacheUpdate
NutArpAllocNetBuf
NutArpOutput
NutNetBufFree
