GAS LISTING C:\DOCUME~1\ADMINI~1\LOCALS~1\Temp/ccixuB6S.s 			page 1


   1               		.file	"inet.c"
   2               	__SREG__ = 0x3f
   3               	__SP_H__ = 0x3e
   4               	__SP_L__ = 0x3d
   5               	__CCP__  = 0x34
   6               	__tmp_reg__ = 0
   7               	__zero_reg__ = 1
   8               		.text
   9               	.global	inet_addr
  10               		.type	inet_addr, @function
  11               	inet_addr:
  12 0000 DF93      		push r29
  13 0002 CF93      		push r28
  14 0004 00D0      		rcall .
  15 0006 00D0      		rcall .
  16 0008 CDB7      		in r28,__SP_L__
  17 000a DEB7      		in r29,__SP_H__
  18               	/* prologue: function */
  19               	/* frame size = 4 */
  20 000c FC01      		movw r30,r24
  21 000e 1982      		std Y+1,__zero_reg__
  22 0010 1A82      		std Y+2,__zero_reg__
  23 0012 1B82      		std Y+3,__zero_reg__
  24 0014 1C82      		std Y+4,__zero_reg__
  25 0016 DE01      		movw r26,r28
  26 0018 1196      		adiw r26,1
  27 001a 40E0      		ldi r20,lo8(0)
  28               	.L7:
  29 001c 8081      		ld r24,Z
  30 001e 8053      		subi r24,lo8(-(-48))
  31 0020 8A30      		cpi r24,lo8(10)
  32 0022 00F4      		brsh .L2
  33 0024 20E0      		ldi r18,lo8(0)
  34 0026 30E0      		ldi r19,hi8(0)
  35               	.L4:
  36 0028 C901      		movw r24,r18
  37 002a 63E0      		ldi r22,3
  38 002c 880F      	1:	lsl r24
  39 002e 991F      		rol r25
  40 0030 6A95      		dec r22
  41 0032 01F4      		brne 1b
  42 0034 220F      		lsl r18
  43 0036 331F      		rol r19
  44 0038 820F      		add r24,r18
  45 003a 931F      		adc r25,r19
  46 003c 2191      		ld r18,Z+
  47 003e 3327      		clr r19
  48 0040 27FD      		sbrc r18,7
  49 0042 3095      		com r19
  50 0044 2053      		subi r18,lo8(-(-48))
  51 0046 3040      		sbci r19,hi8(-(-48))
  52 0048 280F      		add r18,r24
  53 004a 391F      		adc r19,r25
  54 004c 8081      		ld r24,Z
  55 004e 8033      		cpi r24,lo8(48)
  56 0050 04F0      		brlt .L3
  57 0052 8A33      		cpi r24,lo8(58)
GAS LISTING C:\DOCUME~1\ADMINI~1\LOCALS~1\Temp/ccixuB6S.s 			page 2


  58 0054 04F4      		brge .L3
  59 0056 2F3F      		cpi r18,255
  60 0058 3105      		cpc r19,__zero_reg__
  61 005a 01F0      		breq .L4
  62 005c 00F0      		brlo .L4
  63 005e 00C0      		rjmp .L2
  64               	.L3:
  65 0060 2F3F      		cpi r18,255
  66 0062 3105      		cpc r19,__zero_reg__
  67 0064 01F0      		breq .+2
  68 0066 00F4      		brsh .L2
  69 0068 4F5F      		subi r20,lo8(-(1))
  70 006a 2C93      		st X,r18
  71 006c 8081      		ld r24,Z
  72 006e 8E32      		cpi r24,lo8(46)
  73 0070 01F0      		breq .L5
  74 0072 4430      		cpi r20,lo8(4)
  75 0074 01F4      		brne .L2
  76 0076 2981      		ldd r18,Y+1
  77 0078 3A81      		ldd r19,Y+2
  78 007a 4B81      		ldd r20,Y+3
  79 007c 5C81      		ldd r21,Y+4
  80 007e 00C0      		rjmp .L6
  81               	.L5:
  82 0080 4430      		cpi r20,lo8(4)
  83 0082 01F0      		breq .L2
  84 0084 1196      		adiw r26,1
  85 0086 3196      		adiw r30,1
  86 0088 00C0      		rjmp .L7
  87               	.L2:
  88 008a 2FEF      		ldi r18,lo8(-1)
  89 008c 3FEF      		ldi r19,hi8(-1)
  90 008e 4FEF      		ldi r20,hlo8(-1)
  91 0090 5FEF      		ldi r21,hhi8(-1)
  92               	.L6:
  93 0092 B901      		movw r22,r18
  94 0094 CA01      		movw r24,r20
  95               	/* epilogue start */
  96 0096 0F90      		pop __tmp_reg__
  97 0098 0F90      		pop __tmp_reg__
  98 009a 0F90      		pop __tmp_reg__
  99 009c 0F90      		pop __tmp_reg__
 100 009e CF91      		pop r28
 101 00a0 DF91      		pop r29
 102 00a2 0895      		ret
 103               		.size	inet_addr, .-inet_addr
 104               	.global	inet_ntoa
 105               		.type	inet_ntoa, @function
 106               	inet_ntoa:
 107 00a4 AF92      		push r10
 108 00a6 BF92      		push r11
 109 00a8 CF92      		push r12
 110 00aa DF92      		push r13
 111 00ac EF92      		push r14
 112 00ae FF92      		push r15
 113 00b0 0F93      		push r16
 114 00b2 1F93      		push r17
GAS LISTING C:\DOCUME~1\ADMINI~1\LOCALS~1\Temp/ccixuB6S.s 			page 3


 115 00b4 DF93      		push r29
 116 00b6 CF93      		push r28
 117 00b8 CDB7      		in r28,__SP_L__
 118 00ba DEB7      		in r29,__SP_H__
 119 00bc 2797      		sbiw r28,7
 120 00be 0FB6      		in __tmp_reg__,__SREG__
 121 00c0 F894      		cli
 122 00c2 DEBF      		out __SP_H__,r29
 123 00c4 0FBE      		out __SREG__,__tmp_reg__
 124 00c6 CDBF      		out __SP_L__,r28
 125               	/* prologue: function */
 126               	/* frame size = 7 */
 127 00c8 6C83      		std Y+4,r22
 128 00ca 7D83      		std Y+5,r23
 129 00cc 8E83      		std Y+6,r24
 130 00ce 9F83      		std Y+7,r25
 131 00d0 E4E0      		ldi r30,lo8(4)
 132 00d2 EE2E      		mov r14,r30
 133 00d4 F12C      		mov r15,__zero_reg__
 134 00d6 EC0E      		add r14,r28
 135 00d8 FD1E      		adc r15,r29
 136 00da 00E0      		ldi r16,lo8(str.1531)
 137 00dc 10E0      		ldi r17,hi8(str.1531)
 138 00de 6E01      		movw r12,r28
 139 00e0 0894      		sec
 140 00e2 C11C      		adc r12,__zero_reg__
 141 00e4 D11C      		adc r13,__zero_reg__
 142 00e6 5EE2      		ldi r21,lo8(46)
 143 00e8 77E0      		ldi r23,lo8(7)
 144 00ea A72E      		mov r10,r23
 145 00ec B12C      		mov r11,__zero_reg__
 146 00ee AC0E      		add r10,r28
 147 00f0 BD1E      		adc r11,r29
 148               	.L15:
 149 00f2 D701      		movw r26,r14
 150 00f4 4C91      		ld r20,X
 151 00f6 30E0      		ldi r19,lo8(0)
 152               	.L11:
 153 00f8 842F      		mov r24,r20
 154 00fa 6AE0      		ldi r22,lo8(10)
 155 00fc 0E94 0000 		call __udivmodqi4
 156 0100 292F      		mov r18,r25
 157 0102 842F      		mov r24,r20
 158 0104 0E94 0000 		call __udivmodqi4
 159 0108 482F      		mov r20,r24
 160 010a F601      		movw r30,r12
 161 010c E30F      		add r30,r19
 162 010e F11D      		adc r31,__zero_reg__
 163 0110 205D      		subi r18,lo8(-(48))
 164 0112 2083      		st Z,r18
 165 0114 3F5F      		subi r19,lo8(-(1))
 166 0116 8823      		tst r24
 167 0118 01F4      		brne .L11
 168 011a 932F      		mov r25,r19
 169 011c F701      		movw r30,r14
 170 011e 1082      		st Z,__zero_reg__
 171 0120 D801      		movw r26,r16
GAS LISTING C:\DOCUME~1\ADMINI~1\LOCALS~1\Temp/ccixuB6S.s 			page 4


 172 0122 00C0      		rjmp .L12
 173               	.L13:
 174 0124 3150      		subi r19,lo8(-(-1))
 175 0126 F601      		movw r30,r12
 176 0128 E30F      		add r30,r19
 177 012a F11D      		adc r31,__zero_reg__
 178 012c 8081      		ld r24,Z
 179 012e 8D93      		st X+,r24
 180               	.L12:
 181 0130 3323      		tst r19
 182 0132 01F4      		brne .L13
 183 0134 F801      		movw r30,r16
 184 0136 E90F      		add r30,r25
 185 0138 F11D      		adc r31,__zero_reg__
 186 013a DF01      		movw r26,r30
 187 013c 5D93      		st X+,r21
 188 013e 8D01      		movw r16,r26
 189 0140 EA14      		cp r14,r10
 190 0142 FB04      		cpc r15,r11
 191 0144 01F0      		breq .L14
 192 0146 0894      		sec
 193 0148 E11C      		adc r14,__zero_reg__
 194 014a F11C      		adc r15,__zero_reg__
 195 014c 00C0      		rjmp .L15
 196               	.L14:
 197 014e 1082      		st Z,__zero_reg__
 198 0150 80E0      		ldi r24,lo8(str.1531)
 199 0152 90E0      		ldi r25,hi8(str.1531)
 200               	/* epilogue start */
 201 0154 2796      		adiw r28,7
 202 0156 0FB6      		in __tmp_reg__,__SREG__
 203 0158 F894      		cli
 204 015a DEBF      		out __SP_H__,r29
 205 015c 0FBE      		out __SREG__,__tmp_reg__
 206 015e CDBF      		out __SP_L__,r28
 207 0160 CF91      		pop r28
 208 0162 DF91      		pop r29
 209 0164 1F91      		pop r17
 210 0166 0F91      		pop r16
 211 0168 FF90      		pop r15
 212 016a EF90      		pop r14
 213 016c DF90      		pop r13
 214 016e CF90      		pop r12
 215 0170 BF90      		pop r11
 216 0172 AF90      		pop r10
 217 0174 0895      		ret
 218               		.size	inet_ntoa, .-inet_ntoa
 219               		.data
 220               	.LC0:
 221 0000 3031 3233 		.string	"0123456789ABCDEF"
 221      3435 3637 
 221      3839 4142 
 221      4344 4546 
 221      00
 222               		.text
 223               	.global	inet_mtoa
 224               		.type	inet_mtoa, @function
GAS LISTING C:\DOCUME~1\ADMINI~1\LOCALS~1\Temp/ccixuB6S.s 			page 5


 225               	inet_mtoa:
 226 0176 DF93      		push r29
 227 0178 CF93      		push r28
 228 017a CDB7      		in r28,__SP_L__
 229 017c DEB7      		in r29,__SP_H__
 230 017e 6097      		sbiw r28,16
 231 0180 0FB6      		in __tmp_reg__,__SREG__
 232 0182 F894      		cli
 233 0184 DEBF      		out __SP_H__,r29
 234 0186 0FBE      		out __SREG__,__tmp_reg__
 235 0188 CDBF      		out __SP_L__,r28
 236               	/* prologue: function */
 237               	/* frame size = 16 */
 238 018a 9C01      		movw r18,r24
 239 018c DE01      		movw r26,r28
 240 018e 1196      		adiw r26,1
 241 0190 E0E0      		ldi r30,lo8(.LC0)
 242 0192 F0E0      		ldi r31,hi8(.LC0)
 243 0194 80E1      		ldi r24,lo8(16)
 244               	.L19:
 245 0196 0190      		ld r0,Z+
 246 0198 0D92      		st X+,r0
 247 019a 8150      		subi r24,lo8(-(-1))
 248 019c 01F4      		brne .L19
 249 019e A901      		movw r20,r18
 250 01a0 A0E0      		ldi r26,lo8(str.1557)
 251 01a2 B0E0      		ldi r27,hi8(str.1557)
 252 01a4 20E0      		ldi r18,lo8(0)
 253 01a6 30E0      		ldi r19,hi8(0)
 254 01a8 BE01      		movw r22,r28
 255 01aa 6F5F      		subi r22,lo8(-(1))
 256 01ac 7F4F      		sbci r23,hi8(-(1))
 257 01ae 9AE3      		ldi r25,lo8(58)
 258               	.L22:
 259 01b0 FA01      		movw r30,r20
 260 01b2 8081      		ld r24,Z
 261 01b4 8295      		swap r24
 262 01b6 8F70      		andi r24,lo8(15)
 263 01b8 FB01      		movw r30,r22
 264 01ba E80F      		add r30,r24
 265 01bc F11D      		adc r31,__zero_reg__
 266 01be 8081      		ld r24,Z
 267 01c0 8C93      		st X,r24
 268 01c2 FA01      		movw r30,r20
 269 01c4 8081      		ld r24,Z
 270 01c6 8F70      		andi r24,lo8(15)
 271 01c8 FB01      		movw r30,r22
 272 01ca E80F      		add r30,r24
 273 01cc F11D      		adc r31,__zero_reg__
 274 01ce 8081      		ld r24,Z
 275 01d0 1196      		adiw r26,1
 276 01d2 8C93      		st X,r24
 277 01d4 1197      		sbiw r26,1
 278 01d6 2530      		cpi r18,5
 279 01d8 3105      		cpc r19,__zero_reg__
 280 01da 01F0      		breq .L20
 281 01dc 1296      		adiw r26,2
GAS LISTING C:\DOCUME~1\ADMINI~1\LOCALS~1\Temp/ccixuB6S.s 			page 6


 282 01de 9C93      		st X,r25
 283 01e0 1297      		sbiw r26,2
 284 01e2 00C0      		rjmp .L21
 285               	.L20:
 286 01e4 1296      		adiw r26,2
 287 01e6 1C92      		st X,__zero_reg__
 288 01e8 1297      		sbiw r26,2
 289               	.L21:
 290 01ea 2F5F      		subi r18,lo8(-(1))
 291 01ec 3F4F      		sbci r19,hi8(-(1))
 292 01ee 4F5F      		subi r20,lo8(-(1))
 293 01f0 5F4F      		sbci r21,hi8(-(1))
 294 01f2 1396      		adiw r26,3
 295 01f4 2630      		cpi r18,6
 296 01f6 3105      		cpc r19,__zero_reg__
 297 01f8 01F4      		brne .L22
 298 01fa 80E0      		ldi r24,lo8(str.1557)
 299 01fc 90E0      		ldi r25,hi8(str.1557)
 300               	/* epilogue start */
 301 01fe 6096      		adiw r28,16
 302 0200 0FB6      		in __tmp_reg__,__SREG__
 303 0202 F894      		cli
 304 0204 DEBF      		out __SP_H__,r29
 305 0206 0FBE      		out __SREG__,__tmp_reg__
 306 0208 CDBF      		out __SP_L__,r28
 307 020a CF91      		pop r28
 308 020c DF91      		pop r29
 309 020e 0895      		ret
 310               		.size	inet_mtoa, .-inet_mtoa
 311               		.lcomm str.1557,18
 312               		.lcomm str.1531,16
 313               	.global __do_copy_data
 314               	.global __do_clear_bss
GAS LISTING C:\DOCUME~1\ADMINI~1\LOCALS~1\Temp/ccixuB6S.s 			page 7


DEFINED SYMBOLS
                            *ABS*:00000000 inet.c
C:\DOCUME~1\ADMINI~1\LOCALS~1\Temp/ccixuB6S.s:2      *ABS*:0000003f __SREG__
C:\DOCUME~1\ADMINI~1\LOCALS~1\Temp/ccixuB6S.s:3      *ABS*:0000003e __SP_H__
C:\DOCUME~1\ADMINI~1\LOCALS~1\Temp/ccixuB6S.s:4      *ABS*:0000003d __SP_L__
C:\DOCUME~1\ADMINI~1\LOCALS~1\Temp/ccixuB6S.s:5      *ABS*:00000034 __CCP__
C:\DOCUME~1\ADMINI~1\LOCALS~1\Temp/ccixuB6S.s:6      *ABS*:00000000 __tmp_reg__
C:\DOCUME~1\ADMINI~1\LOCALS~1\Temp/ccixuB6S.s:7      *ABS*:00000001 __zero_reg__
C:\DOCUME~1\ADMINI~1\LOCALS~1\Temp/ccixuB6S.s:11     .text:00000000 inet_addr
C:\DOCUME~1\ADMINI~1\LOCALS~1\Temp/ccixuB6S.s:106    .text:000000a4 inet_ntoa
C:\DOCUME~1\ADMINI~1\LOCALS~1\Temp/ccixuB6S.s:311    .bss:00000012 str.1531
C:\DOCUME~1\ADMINI~1\LOCALS~1\Temp/ccixuB6S.s:225    .text:00000176 inet_mtoa
                             .bss:00000000 str.1557

UNDEFINED SYMBOLS
__udivmodqi4
__do_copy_data
__do_clear_bss
