GAS LISTING C:\DOCUME~1\ADMINI~1\LOCALS~1\Temp/ccbYesa3.s 			page 1


   1               		.file	"papout.c"
   2               	__SREG__ = 0x3f
   3               	__SP_H__ = 0x3e
   4               	__SP_L__ = 0x3d
   5               	__CCP__  = 0x34
   6               	__tmp_reg__ = 0
   7               	__zero_reg__ = 1
   8               		.text
   9               	.global	NutPapOutput
  10               		.type	NutPapOutput, @function
  11               	NutPapOutput:
  12 0000 EF92      		push r14
  13 0002 FF92      		push r15
  14 0004 0F93      		push r16
  15 0006 1F93      		push r17
  16 0008 CF93      		push r28
  17 000a DF93      		push r29
  18               	/* prologue: function */
  19               	/* frame size = 0 */
  20 000c 8C01      		movw r16,r24
  21 000e F62E      		mov r15,r22
  22 0010 E42E      		mov r14,r20
  23 0012 C901      		movw r24,r18
  24 0014 60E2      		ldi r22,lo8(32)
  25 0016 44E0      		ldi r20,lo8(4)
  26 0018 50E0      		ldi r21,hi8(4)
  27 001a 0E94 0000 		call NutNetBufAlloc
  28 001e EC01      		movw r28,r24
  29 0020 0097      		sbiw r24,0
  30 0022 01F4      		brne .L2
  31 0024 2FEF      		ldi r18,lo8(-1)
  32 0026 3FEF      		ldi r19,hi8(-1)
  33 0028 00C0      		rjmp .L3
  34               	.L2:
  35 002a EF81      		ldd r30,Y+7
  36 002c F885      		ldd r31,Y+8
  37 002e F082      		st Z,r15
  38 0030 E182      		std Z+1,r14
  39 0032 8D85      		ldd r24,Y+13
  40 0034 9E85      		ldd r25,Y+14
  41 0036 2985      		ldd r18,Y+9
  42 0038 3A85      		ldd r19,Y+10
  43 003a 820F      		add r24,r18
  44 003c 931F      		adc r25,r19
  45 003e 2989      		ldd r18,Y+17
  46 0040 3A89      		ldd r19,Y+18
  47 0042 820F      		add r24,r18
  48 0044 931F      		adc r25,r19
  49               	/* #APP */
  50               	 ;  305 "../../nut/include/sys/types.h" 1
  51 0046 082E      		mov __tmp_reg__, r24
  52 0048 892F      		mov r24, r25
  53 004a 902D      		mov r25, __tmp_reg__
  54               		
  55               	 ;  0 "" 2
  56               	/* #NOAPP */
  57 004c 9383      		std Z+3,r25
GAS LISTING C:\DOCUME~1\ADMINI~1\LOCALS~1\Temp/ccbYesa3.s 			page 2


  58 004e 8283      		std Z+2,r24
  59 0050 C801      		movw r24,r16
  60 0052 63E2      		ldi r22,lo8(-16349)
  61 0054 70EC      		ldi r23,hi8(-16349)
  62 0056 40E0      		ldi r20,lo8(0)
  63 0058 50E0      		ldi r21,hi8(0)
  64 005a 9E01      		movw r18,r28
  65 005c 0E94 0000 		call NutPppOutput
  66 0060 892B      		or r24,r25
  67 0062 01F4      		brne .L6
  68               	.L4:
  69 0064 CE01      		movw r24,r28
  70 0066 0E94 0000 		call NutNetBufFree
  71               	.L6:
  72 006a 20E0      		ldi r18,lo8(0)
  73 006c 30E0      		ldi r19,hi8(0)
  74               	.L3:
  75 006e C901      		movw r24,r18
  76               	/* epilogue start */
  77 0070 DF91      		pop r29
  78 0072 CF91      		pop r28
  79 0074 1F91      		pop r17
  80 0076 0F91      		pop r16
  81 0078 FF90      		pop r15
  82 007a EF90      		pop r14
  83 007c 0895      		ret
  84               		.size	NutPapOutput, .-NutPapOutput
  85               	.global	PapTxAuthReq
  86               		.type	PapTxAuthReq, @function
  87               	PapTxAuthReq:
  88 007e AF92      		push r10
  89 0080 BF92      		push r11
  90 0082 CF92      		push r12
  91 0084 DF92      		push r13
  92 0086 EF92      		push r14
  93 0088 FF92      		push r15
  94 008a 0F93      		push r16
  95 008c 1F93      		push r17
  96 008e CF93      		push r28
  97 0090 DF93      		push r29
  98               	/* prologue: function */
  99               	/* frame size = 0 */
 100 0092 5C01      		movw r10,r24
 101 0094 DC01      		movw r26,r24
 102 0096 5196      		adiw r26,17
 103 0098 0D91      		ld r16,X+
 104 009a 1C91      		ld r17,X
 105 009c 5297      		sbiw r26,17+1
 106 009e F801      		movw r30,r16
 107 00a0 858D      		ldd r24,Z+29
 108 00a2 968D      		ldd r25,Z+30
 109 00a4 0097      		sbiw r24,0
 110 00a6 01F4      		brne .L8
 111 00a8 C2E0      		ldi r28,lo8(2)
 112 00aa D0E0      		ldi r29,hi8(2)
 113 00ac 00C0      		rjmp .L9
 114               	.L8:
GAS LISTING C:\DOCUME~1\ADMINI~1\LOCALS~1\Temp/ccbYesa3.s 			page 3


 115 00ae EC01      		movw r28,r24
 116 00b0 0990      		ld __tmp_reg__,Y+
 117 00b2 0020      		tst __tmp_reg__
 118 00b4 01F4      		brne .-6
 119 00b6 C81B      		sub r28,r24
 120 00b8 D90B      		sbc r29,r25
 121 00ba 2196      		adiw r28,1
 122               	.L9:
 123 00bc D801      		movw r26,r16
 124 00be 5F96      		adiw r26,31
 125 00c0 8D91      		ld r24,X+
 126 00c2 9C91      		ld r25,X
 127 00c4 9097      		sbiw r26,31+1
 128 00c6 0097      		sbiw r24,0
 129 00c8 01F0      		breq .L10
 130 00ca FC01      		movw r30,r24
 131 00cc 0190      		ld __tmp_reg__,Z+
 132 00ce 0020      		tst __tmp_reg__
 133 00d0 01F4      		brne .-6
 134 00d2 3197      		sbiw r30,1
 135 00d4 E81B      		sub r30,r24
 136 00d6 F90B      		sbc r31,r25
 137 00d8 CE0F      		add r28,r30
 138 00da DF1F      		adc r29,r31
 139               	.L10:
 140 00dc 80E0      		ldi r24,lo8(0)
 141 00de 90E0      		ldi r25,hi8(0)
 142 00e0 60E8      		ldi r22,lo8(-128)
 143 00e2 AE01      		movw r20,r28
 144 00e4 0E94 0000 		call NutNetBufAlloc
 145 00e8 6C01      		movw r12,r24
 146 00ea 0097      		sbiw r24,0
 147 00ec 01F4      		brne .+2
 148 00ee 00C0      		rjmp .L20
 149 00f0 FC01      		movw r30,r24
 150 00f2 E784      		ldd r14,Z+15
 151 00f4 F088      		ldd r15,Z+16
 152 00f6 D801      		movw r26,r16
 153 00f8 5D96      		adiw r26,29
 154 00fa 8D91      		ld r24,X+
 155 00fc 9C91      		ld r25,X
 156 00fe 5E97      		sbiw r26,29+1
 157 0100 0097      		sbiw r24,0
 158 0102 01F4      		brne .L12
 159 0104 E0E0      		ldi r30,lo8(0)
 160 0106 00C0      		rjmp .L13
 161               	.L12:
 162 0108 FC01      		movw r30,r24
 163 010a 0190      		ld __tmp_reg__,Z+
 164 010c 0020      		tst __tmp_reg__
 165 010e 01F4      		brne .-6
 166 0110 3197      		sbiw r30,1
 167 0112 E81B      		sub r30,r24
 168               	.L13:
 169 0114 D701      		movw r26,r14
 170 0116 EC93      		st X,r30
 171 0118 EE23      		tst r30
GAS LISTING C:\DOCUME~1\ADMINI~1\LOCALS~1\Temp/ccbYesa3.s 			page 4


 172 011a 01F0      		breq .L14
 173 011c 9701      		movw r18,r14
 174 011e 2F5F      		subi r18,lo8(-(1))
 175 0120 3F4F      		sbci r19,hi8(-(1))
 176 0122 FF27      		clr r31
 177 0124 E7FD      		sbrc r30,7
 178 0126 F095      		com r31
 179 0128 D801      		movw r26,r16
 180 012a 5D96      		adiw r26,29
 181 012c 6C91      		ld r22,X
 182 012e 5D97      		sbiw r26,29
 183 0130 5E96      		adiw r26,30
 184 0132 7C91      		ld r23,X
 185 0134 C901      		movw r24,r18
 186 0136 AF01      		movw r20,r30
 187 0138 0E94 0000 		call memcpy
 188               	.L14:
 189 013c F701      		movw r30,r14
 190 013e 8081      		ld r24,Z
 191 0140 C82F      		mov r28,r24
 192 0142 DD27      		clr r29
 193 0144 C7FD      		sbrc r28,7
 194 0146 D095      		com r29
 195 0148 2196      		adiw r28,1
 196 014a CE0D      		add r28,r14
 197 014c DF1D      		adc r29,r15
 198 014e D801      		movw r26,r16
 199 0150 5F96      		adiw r26,31
 200 0152 8D91      		ld r24,X+
 201 0154 9C91      		ld r25,X
 202 0156 9097      		sbiw r26,31+1
 203 0158 0097      		sbiw r24,0
 204 015a 01F4      		brne .L16
 205 015c E0E0      		ldi r30,lo8(0)
 206 015e 00C0      		rjmp .L17
 207               	.L16:
 208 0160 FC01      		movw r30,r24
 209 0162 0190      		ld __tmp_reg__,Z+
 210 0164 0020      		tst __tmp_reg__
 211 0166 01F4      		brne .-6
 212 0168 3197      		sbiw r30,1
 213 016a E81B      		sub r30,r24
 214               	.L17:
 215 016c E883      		st Y,r30
 216 016e EE23      		tst r30
 217 0170 01F0      		breq .L18
 218 0172 9E01      		movw r18,r28
 219 0174 2F5F      		subi r18,lo8(-(1))
 220 0176 3F4F      		sbci r19,hi8(-(1))
 221 0178 FF27      		clr r31
 222 017a E7FD      		sbrc r30,7
 223 017c F095      		com r31
 224 017e D801      		movw r26,r16
 225 0180 5F96      		adiw r26,31
 226 0182 6C91      		ld r22,X
 227 0184 5F97      		sbiw r26,31
 228 0186 9096      		adiw r26,32
GAS LISTING C:\DOCUME~1\ADMINI~1\LOCALS~1\Temp/ccbYesa3.s 			page 5


 229 0188 7C91      		ld r23,X
 230 018a C901      		movw r24,r18
 231 018c AF01      		movw r20,r30
 232 018e 0E94 0000 		call memcpy
 233               	.L18:
 234 0192 83E0      		ldi r24,lo8(3)
 235 0194 F801      		movw r30,r16
 236 0196 86AF      		std Z+62,r24
 237 0198 4381      		ldd r20,Z+3
 238 019a 4F5F      		subi r20,lo8(-(1))
 239 019c 4383      		std Z+3,r20
 240 019e C501      		movw r24,r10
 241 01a0 61E0      		ldi r22,lo8(1)
 242 01a2 9601      		movw r18,r12
 243 01a4 0E94 0000 		call NutPapOutput
 244               	.L20:
 245               	/* epilogue start */
 246 01a8 DF91      		pop r29
 247 01aa CF91      		pop r28
 248 01ac 1F91      		pop r17
 249 01ae 0F91      		pop r16
 250 01b0 FF90      		pop r15
 251 01b2 EF90      		pop r14
 252 01b4 DF90      		pop r13
 253 01b6 CF90      		pop r12
 254 01b8 BF90      		pop r11
 255 01ba AF90      		pop r10
 256 01bc 0895      		ret
 257               		.size	PapTxAuthReq, .-PapTxAuthReq
GAS LISTING C:\DOCUME~1\ADMINI~1\LOCALS~1\Temp/ccbYesa3.s 			page 6


DEFINED SYMBOLS
                            *ABS*:00000000 papout.c
C:\DOCUME~1\ADMINI~1\LOCALS~1\Temp/ccbYesa3.s:2      *ABS*:0000003f __SREG__
C:\DOCUME~1\ADMINI~1\LOCALS~1\Temp/ccbYesa3.s:3      *ABS*:0000003e __SP_H__
C:\DOCUME~1\ADMINI~1\LOCALS~1\Temp/ccbYesa3.s:4      *ABS*:0000003d __SP_L__
C:\DOCUME~1\ADMINI~1\LOCALS~1\Temp/ccbYesa3.s:5      *ABS*:00000034 __CCP__
C:\DOCUME~1\ADMINI~1\LOCALS~1\Temp/ccbYesa3.s:6      *ABS*:00000000 __tmp_reg__
C:\DOCUME~1\ADMINI~1\LOCALS~1\Temp/ccbYesa3.s:7      *ABS*:00000001 __zero_reg__
C:\DOCUME~1\ADMINI~1\LOCALS~1\Temp/ccbYesa3.s:11     .text:00000000 NutPapOutput
C:\DOCUME~1\ADMINI~1\LOCALS~1\Temp/ccbYesa3.s:87     .text:0000007e PapTxAuthReq

UNDEFINED SYMBOLS
NutNetBufAlloc
NutPppOutput
NutNetBufFree
memcpy
