GAS LISTING C:\DOCUME~1\ADMINI~1\LOCALS~1\Temp/ccusc9Va.s 			page 1


   1               		.file	"pppin.c"
   2               	__SREG__ = 0x3f
   3               	__SP_H__ = 0x3e
   4               	__SP_L__ = 0x3d
   5               	__CCP__  = 0x34
   6               	__tmp_reg__ = 0
   7               	__zero_reg__ = 1
   8               		.text
   9               	.global	NutPppInput
  10               		.type	NutPppInput, @function
  11               	NutPppInput:
  12 0000 CF93      		push r28
  13 0002 DF93      		push r29
  14               	/* prologue: function */
  15               	/* frame size = 0 */
  16 0004 EC01      		movw r28,r24
  17 0006 DB01      		movw r26,r22
  18 0008 1396      		adiw r26,3
  19 000a ED91      		ld r30,X+
  20 000c FC91      		ld r31,X
  21 000e 1497      		sbiw r26,3+1
  22 0010 4989      		ldd r20,Y+17
  23 0012 5A89      		ldd r21,Y+18
  24 0014 9081      		ld r25,Z
  25 0016 9F3F      		cpi r25,lo8(-1)
  26 0018 01F0      		breq .L2
  27 001a 90FF      		sbrs r25,0
  28 001c 00C0      		rjmp .L3
  29 001e 892F      		mov r24,r25
  30 0020 90E0      		ldi r25,lo8(0)
  31 0022 BC01      		movw r22,r24
  32 0024 21E0      		ldi r18,lo8(1)
  33 0026 00C0      		rjmp .L4
  34               	.L3:
  35 0028 8181      		ldd r24,Z+1
  36 002a 682F      		mov r22,r24
  37 002c 7727      		clr r23
  38 002e 67FD      		sbrc r22,7
  39 0030 7095      		com r23
  40 0032 892F      		mov r24,r25
  41 0034 9927      		clr r25
  42 0036 87FD      		sbrc r24,7
  43 0038 9095      		com r25
  44 003a 982F      		mov r25,r24
  45 003c 8827      		clr r24
  46 003e 682B      		or r22,r24
  47 0040 792B      		or r23,r25
  48               	/* #APP */
  49               	 ;  305 "../../nut/include/sys/types.h" 1
  50 0042 062E      		mov __tmp_reg__, r22
  51 0044 672F      		mov r22, r23
  52 0046 702D      		mov r23, __tmp_reg__
  53               		
  54               	 ;  0 "" 2
  55               	/* #NOAPP */
  56 0048 22E0      		ldi r18,lo8(2)
  57               	.L4:
GAS LISTING C:\DOCUME~1\ADMINI~1\LOCALS~1\Temp/ccusc9Va.s 			page 2


  58 004a 30E0      		ldi r19,lo8(0)
  59 004c E20F      		add r30,r18
  60 004e F31F      		adc r31,r19
  61 0050 1896      		adiw r26,7+1
  62 0052 FC93      		st X,r31
  63 0054 EE93      		st -X,r30
  64 0056 1797      		sbiw r26,7
  65 0058 1596      		adiw r26,5
  66 005a 8D91      		ld r24,X+
  67 005c 9C91      		ld r25,X
  68 005e 1697      		sbiw r26,5+1
  69 0060 821B      		sub r24,r18
  70 0062 930B      		sbc r25,r19
  71 0064 1A96      		adiw r26,9+1
  72 0066 9C93      		st X,r25
  73 0068 8E93      		st -X,r24
  74 006a 1997      		sbiw r26,9
  75 006c 1696      		adiw r26,5+1
  76 006e 3C93      		st X,r19
  77 0070 2E93      		st -X,r18
  78 0072 1597      		sbiw r26,5
  79 0074 00C0      		rjmp .L5
  80               	.L2:
  81 0076 3496      		adiw r30,4
  82 0078 1896      		adiw r26,7+1
  83 007a FC93      		st X,r31
  84 007c EE93      		st -X,r30
  85 007e 1797      		sbiw r26,7
  86 0080 3497      		sbiw r30,4
  87 0082 1596      		adiw r26,5
  88 0084 8D91      		ld r24,X+
  89 0086 9C91      		ld r25,X
  90 0088 1697      		sbiw r26,5+1
  91 008a 0497      		sbiw r24,4
  92 008c 1A96      		adiw r26,9+1
  93 008e 9C93      		st X,r25
  94 0090 8E93      		st -X,r24
  95 0092 1997      		sbiw r26,9
  96 0094 84E0      		ldi r24,lo8(4)
  97 0096 90E0      		ldi r25,hi8(4)
  98 0098 1696      		adiw r26,5+1
  99 009a 9C93      		st X,r25
 100 009c 8E93      		st -X,r24
 101 009e 1597      		sbiw r26,5
 102 00a0 6281      		ldd r22,Z+2
 103 00a2 7381      		ldd r23,Z+3
 104               	/* #APP */
 105               	 ;  305 "../../nut/include/sys/types.h" 1
 106 00a4 062E      		mov __tmp_reg__, r22
 107 00a6 672F      		mov r22, r23
 108 00a8 702D      		mov r23, __tmp_reg__
 109               		
 110               	 ;  0 "" 2
 111               	/* #NOAPP */
 112               	.L5:
 113 00aa 80EC      		ldi r24,hi8(-16351)
 114 00ac 6132      		cpi r22,lo8(-16351)
GAS LISTING C:\DOCUME~1\ADMINI~1\LOCALS~1\Temp/ccusc9Va.s 			page 3


 115 00ae 7807      		cpc r23,r24
 116 00b0 01F0      		breq .L6
 117 00b2 FA01      		movw r30,r20
 118 00b4 8281      		ldd r24,Z+2
 119 00b6 8930      		cpi r24,lo8(9)
 120 00b8 01F4      		brne .L15
 121               	.L6:
 122 00ba FA01      		movw r30,r20
 123 00bc 86AD      		ldd r24,Z+62
 124 00be 8430      		cpi r24,lo8(4)
 125 00c0 01F0      		breq .L8
 126 00c2 F0EC      		ldi r31,hi8(-16351)
 127 00c4 6132      		cpi r22,lo8(-16351)
 128 00c6 7F07      		cpc r23,r31
 129 00c8 01F0      		breq .L9
 130 00ca 80EC      		ldi r24,hi8(-16347)
 131 00cc 6532      		cpi r22,lo8(-16347)
 132 00ce 7807      		cpc r23,r24
 133 00d0 01F0      		breq .L10
 134 00d2 E0EC      		ldi r30,hi8(-16349)
 135 00d4 6332      		cpi r22,lo8(-16349)
 136 00d6 7E07      		cpc r23,r30
 137 00d8 01F0      		breq .L11
 138 00da F2EC      		ldi r31,hi8(-15837)
 139 00dc 6332      		cpi r22,lo8(-15837)
 140 00de 7F07      		cpc r23,r31
 141 00e0 01F0      		breq .L10
 142 00e2 00C0      		rjmp .L15
 143               	.L8:
 144 00e4 80E8      		ldi r24,hi8(-32735)
 145 00e6 6132      		cpi r22,lo8(-32735)
 146 00e8 7807      		cpc r23,r24
 147 00ea 01F0      		breq .L13
 148 00ec E0E8      		ldi r30,hi8(-32734)
 149 00ee 6232      		cpi r22,lo8(-32734)
 150 00f0 7E07      		cpc r23,r30
 151 00f2 00F4      		brsh .L14
 152 00f4 6132      		cpi r22,33
 153 00f6 7105      		cpc r23,__zero_reg__
 154 00f8 01F4      		brne .L10
 155 00fa 00C0      		rjmp .L18
 156               	.L14:
 157 00fc F0EC      		ldi r31,hi8(-16351)
 158 00fe 6132      		cpi r22,lo8(-16351)
 159 0100 7F07      		cpc r23,r31
 160 0102 01F0      		breq .L9
 161 0104 80EC      		ldi r24,hi8(-16349)
 162 0106 6332      		cpi r22,lo8(-16349)
 163 0108 7807      		cpc r23,r24
 164 010a 01F4      		brne .L10
 165 010c 00C0      		rjmp .L11
 166               	.L18:
 167 010e FA01      		movw r30,r20
 168 0110 84AD      		ldd r24,Z+60
 169 0112 8930      		cpi r24,lo8(9)
 170 0114 01F4      		brne .L15
 171 0116 CE01      		movw r24,r28
GAS LISTING C:\DOCUME~1\ADMINI~1\LOCALS~1\Temp/ccusc9Va.s 			page 4


 172 0118 BD01      		movw r22,r26
 173 011a 0E94 0000 		call NutIpInput
 174 011e 00C0      		rjmp .L16
 175               	.L15:
 176 0120 CD01      		movw r24,r26
 177 0122 0E94 0000 		call NutNetBufFree
 178 0126 00C0      		rjmp .L16
 179               	.L9:
 180 0128 CE01      		movw r24,r28
 181 012a BD01      		movw r22,r26
 182 012c 0E94 0000 		call NutLcpInput
 183 0130 00C0      		rjmp .L16
 184               	.L13:
 185 0132 CE01      		movw r24,r28
 186 0134 BD01      		movw r22,r26
 187 0136 0E94 0000 		call NutIpcpInput
 188 013a 00C0      		rjmp .L16
 189               	.L11:
 190 013c CE01      		movw r24,r28
 191 013e BD01      		movw r22,r26
 192 0140 0E94 0000 		call NutPapInput
 193 0144 00C0      		rjmp .L16
 194               	.L10:
 195 0146 CE01      		movw r24,r28
 196 0148 AD01      		movw r20,r26
 197 014a 0E94 0000 		call LcpTxProtRej
 198               	.L16:
 199               	/* epilogue start */
 200 014e DF91      		pop r29
 201 0150 CF91      		pop r28
 202 0152 0895      		ret
 203               		.size	NutPppInput, .-NutPppInput
GAS LISTING C:\DOCUME~1\ADMINI~1\LOCALS~1\Temp/ccusc9Va.s 			page 5


DEFINED SYMBOLS
                            *ABS*:00000000 pppin.c
C:\DOCUME~1\ADMINI~1\LOCALS~1\Temp/ccusc9Va.s:2      *ABS*:0000003f __SREG__
C:\DOCUME~1\ADMINI~1\LOCALS~1\Temp/ccusc9Va.s:3      *ABS*:0000003e __SP_H__
C:\DOCUME~1\ADMINI~1\LOCALS~1\Temp/ccusc9Va.s:4      *ABS*:0000003d __SP_L__
C:\DOCUME~1\ADMINI~1\LOCALS~1\Temp/ccusc9Va.s:5      *ABS*:00000034 __CCP__
C:\DOCUME~1\ADMINI~1\LOCALS~1\Temp/ccusc9Va.s:6      *ABS*:00000000 __tmp_reg__
C:\DOCUME~1\ADMINI~1\LOCALS~1\Temp/ccusc9Va.s:7      *ABS*:00000001 __zero_reg__
C:\DOCUME~1\ADMINI~1\LOCALS~1\Temp/ccusc9Va.s:11     .text:00000000 NutPppInput

UNDEFINED SYMBOLS
NutIpInput
NutNetBufFree
NutLcpInput
NutIpcpInput
NutPapInput
LcpTxProtRej
